0.8
0.00712997
0.00819581
0.00693548
0.00733653
0.00740924
0.00760468
0.00747853
0.00738682
0.00707357
0.00766091
0.00739505
0.00715425
0.0075678
0.00773187
0.00706583
0.00738884
0.00751825
0.00763923
0.0071625
0.00713505
0.00693173
0.00775726
0.00806199
0.00696632
0.00737585
0.00723202
0.0074524
0.00683877
0.00755831
0.00707831
0.00748192
0.00787014
0.00759075
0.00699824
0.00764021
0.00661964
0.00764356
0.00688301
0.00679825
0.00715369
0.00759099
0.00764921
0.00666543
0.00604901
0.00662572
0.00644151
0.00741566
0.00772968
0.00594387
0.00610141
0.00746612
0.00643099
0.00573018
0.0063815
0.00635516
0.00723376
0.00666103
0.0068089
0.00655499
0.00699732
0.00715274
0.00614231
0.00720919
0.00662267
0.00650704
0.00696617
0.00663076
0.00648906
0.00697477
0.00631035
0.00721281
0.00710142
0.00667017
0.00701736
0.00669156
0.00674682
0.00621417
0.0062568
0.00674854
0.00650017
0.00659045
0.00613151
0.0067064
0.00654352
0.00682855
0.00621448
0.00656212
0.00669102
0.0066994
0.00636091
0.00737104
0.00707683
0.00640972
0.00718076
0.00649337
0.00652716
0.00631558
0.00599778
0.00643891
0.00618259
0.00728308
0.00537543
0.00698412
0.00642342
0.00621787
0.00679197
0.00715434
0.00619476
0.0062743
0.00698129
0.00670209
0.00657557
0.00581322
0.00559739
0.00592393
0.00640745
0.00625722
0.00575906
0.00580354
0.00674576
0.00595092
0.00601938
0.00595081
0.00647015
0.00586542
0.00625143
0.00597143
0.00567821
0.00638503
0.00597675
0.00595093
0.00589262
0.00594347
0.00641632
0.0072399
0.00611573
0.00546018
0.00620362
0.00624864
0.00598192
0.00666956
0.00596568
0.00566804
0.00601012
0.00582129
0.00636718
0.00550934
0.00686901
0.00545122
0.00220786
