0.8
0.0071337
0.00831842
0.00816246
0.00761134
0.00820123
0.00769743
0.00737125
0.00865715
0.00842996
0.00716321
0.00817364
0.0076315
0.00707691
0.0085498
0.00742237
0.00814292
0.00708611
0.00822431
0.00661782
0.00737952
0.00713685
0.00863022
0.00703667
0.00798536
0.00712707
0.00781066
0.00661904
0.00641853
0.00712517
0.00835301
0.00745982
0.00933645
0.00634175
0.0067379
0.00876045
0.0069941
0.006649
0.00696503
0.00709232
0.00642987
0.00585962
0.00811172
0.00827422
0.00628184
0.00666642
0.00676922
0.00673831
0.00578179
0.00714009
0.00624521
0.0082108
0.00628475
0.00756409
0.00750092
0.00774933
0.00692966
0.00693917
0.00692738
0.0062371
0.00623728
0.00718345
0.00616193
0.00720051
0.00568224
0.00513066
0.00578965
0.00719498
0.00612904
0.00546709
0.00734385
0.00556338
0.00633548
0.00673484
0.0077243
0.00723319
0.00500094
0.00575644
0.00674834
0.00487692
0.00704908
0.00623777
0.00531637
0.00726086
0.00656453
0.00616537
0.00886316
0.00649017
0.00616638
0.0054123
0.00616749
0.00641382
0.00665092
0.00626504
0.00591717
0.00559539
0.00540642
0.00621338
0.00642694
0.00587302
0.00678913
0.00563286
0.00682317
0.00524161
0.00427159
0.00483193
0.00774929
0.00578433
0.00557628
0.00524896
0.007171
0.00612642
0.00625035
0.0062543
0.00550929
0.00660673
0.00511178
0.00647148
0.00638467
0.00541336
0.00662285
0.00578587
0.00597242
0.00678525
0.00715665
0.00673212
0.00687357
0.00571034
0.00543238
0.00633161
0.00490534
0.00642558
0.00707292
0.00675159
0.00672565
0.00591501
0.00594498
0.00778679
0.00501328
0.00603428
0.00772554
0.00579405
0.00624119
0.00611191
0.0067199
0.00536381
0.00701758
0.00690365
0.00673631
0.00763267
0.00230435
