0.8
0.00834623
0.00775812
0.00946021
0.00788414
0.00837093
0.00813761
0.00740389
0.00817128
0.0073918
0.00799562
0.00802447
0.007716
0.00764033
0.00691916
0.0070887
0.00670125
0.00747539
0.00719395
0.00768208
0.00766572
0.00754911
0.00709971
0.00612423
0.0072701
0.00860272
0.00763547
0.00724706
0.0062223
0.00752409
0.00722254
0.00654298
0.00731382
0.00660727
0.00628644
0.00675529
0.00666642
0.00663903
0.00803367
0.00729247
0.00753679
0.00716392
0.00780987
0.00719419
0.00702356
0.00716233
0.00668889
0.00662674
0.00770763
0.00712517
0.00732563
0.00614947
0.00644286
0.00716981
0.00633486
0.00664178
0.0068866
0.00599313
0.00642629
0.00716385
0.00668011
0.00645518
0.00663585
0.00689769
0.00723115
0.00710493
0.0066012
0.00661305
0.00694394
0.00643121
0.00643498
0.0066541
0.00697835
0.00593097
0.00658095
0.00696145
0.00620633
0.00586016
0.00660058
0.00654214
0.00630963
0.00675222
0.00630433
0.0063705
0.00656161
0.00650622
0.00608009
0.00613886
0.00674617
0.00601098
0.00606181
0.00598032
0.00660688
0.00651893
0.00646006
0.00587472
0.00778048
0.00597381
0.00653181
0.00627659
0.00719764
0.0058661
0.00700537
0.00641509
0.00625792
0.00649244
0.00701284
0.00657938
0.0065627
0.00623889
0.00618116
0.00660121
0.00636815
0.00600508
0.00555504
0.00681747
0.00637936
0.00551114
0.0059854
0.00571159
0.0066943
0.00614567
0.00648443
0.00614045
0.00581861
0.00658598
0.00648009
0.00592598
0.00574666
0.00707574
0.00636207
0.00545112
0.00613203
0.00553339
0.00551671
0.00584365
0.00615363
0.00605021
0.00511064
0.00620395
0.00554416
0.00566199
0.00612051
0.00570441
0.0062594
0.00671169
0.00601651
0.00598692
0.00767842
0.00537228
0.0023191
