0.8
0.0082415
0.00811912
0.00800862
0.00829811
0.00751796
0.00741388
0.00873084
0.00697691
0.0079788
0.00773307
0.00868852
0.00783306
0.00698339
0.00725371
0.0074906
0.00806025
0.00798265
0.00741147
0.00629983
0.00743256
0.00727003
0.00765531
0.00662372
0.00781274
0.00763484
0.00717957
0.00651776
0.00648288
0.00754131
0.00709532
0.00611038
0.00733554
0.00751051
0.00617504
0.0066035
0.00766485
0.00697756
0.00701657
0.00785014
0.00686361
0.00704977
0.00747956
0.00622379
0.00704931
0.00644104
0.00746809
0.00776064
0.00654002
0.00680166
0.00711833
0.00680619
0.00744893
0.00685449
0.00776872
0.0071738
0.00703282
0.00716173
0.00765295
0.0075182
0.00610122
0.00587916
0.00636958
0.00664278
0.00677793
0.00658197
0.00632817
0.0063284
0.00683243
0.00619769
0.00593339
0.006401
0.00639969
0.00677689
0.00645667
0.00688404
0.00647849
0.00553119
0.00715106
0.0068691
0.00629955
0.00859555
0.00586361
0.00641512
0.00680333
0.00637548
0.00618072
0.00711645
0.00633216
0.00613824
0.00716807
0.00621094
0.0072522
0.00719956
0.00579946
0.00664397
0.00677634
0.00590492
0.00667081
0.00615536
0.00721099
0.0054435
0.00542229
0.00629241
0.006478
0.00596319
0.00505879
0.0065329
0.00625004
0.00620379
0.00631106
0.00686725
0.00636486
0.00605589
0.00546964
0.00645014
0.00651152
0.00590214
0.00642079
0.00582544
0.00607544
0.00638496
0.00601674
0.00619317
0.00612519
0.00542051
0.00766476
0.00575265
0.00755529
0.00525492
0.0062145
0.0064618
0.00532509
0.00538672
0.00565875
0.00526254
0.00635427
0.00535646
0.00624567
0.00594714
0.00569378
0.00596738
0.00615957
0.00761737
0.00630754
0.00663886
0.005818
0.00542852
0.00547901
0.00621811
0.00243192
