0.8
0.00750928
0.00764479
0.00736999
0.00745153
0.00722508
0.00734429
0.00752689
0.00738744
0.0073428
0.0076141
0.00791075
0.00772126
0.0074069
0.00743949
0.00750177
0.00719821
0.00756996
0.00702459
0.00725219
0.00808142
0.00670982
0.00696148
0.00678906
0.00741964
0.00727814
0.00770909
0.00747248
0.00729067
0.00649577
0.00703462
0.0072621
0.00639709
0.00744489
0.00704113
0.00639397
0.0073989
0.00689947
0.00768086
0.00720428
0.00673101
0.00751473
0.00675909
0.00675238
0.00668521
0.00671882
0.00702813
0.0064924
0.00726491
0.00605679
0.0069264
0.00630904
0.00636043
0.00664966
0.00657023
0.00727692
0.00704244
0.00719431
0.00686022
0.00760161
0.0063733
0.00651773
0.00665204
0.00719375
0.0066945
0.00674368
0.0070009
0.00663124
0.00666266
0.00693937
0.00663253
0.00679579
0.006772
0.00713374
0.0069406
0.00689387
0.00615658
0.00673693
0.00651011
0.00721097
0.00570555
0.0065325
0.00616922
0.00714016
0.00624453
0.00567923
0.00567431
0.00653783
0.006017
0.00592866
0.00657615
0.00646105
0.00648649
0.00667075
0.00586281
0.00651882
0.00687328
0.00647739
0.00651091
0.00622664
0.0069825
0.00678674
0.00605024
0.00616629
0.00621032
0.00646391
0.00613651
0.00603596
0.00680056
0.00624081
0.00667477
0.00706805
0.00622465
0.00629881
0.00649696
0.0061278
0.00633687
0.00657603
0.00650015
0.00671273
0.00654583
0.00607142
0.00650381
0.00606917
0.00598013
0.00629494
0.00615386
0.00532961
0.00655009
0.00564028
0.00670023
0.00655006
0.00610578
0.00620398
0.00579299
0.0065733
0.00606837
0.00651598
0.00659531
0.00632407
0.00682059
0.00636413
0.00574192
0.00567257
0.00599183
0.00603269
0.00620939
0.00597643
0.00635957
0.0066058
0.00207874
