0.8
0.0069556
0.00663874
0.00712368
0.00663014
0.00681799
0.00674266
0.00698615
0.00686005
0.00681192
0.00702077
0.00697981
0.00663087
0.00665351
0.00702375
0.00674708
0.0066673
0.00701139
0.00690691
0.00714179
0.00677122
0.00650971
0.00671917
0.00703709
0.00712842
0.00693052
0.00676468
0.00676427
0.00688488
0.00698302
0.00675331
0.00681426
0.0070094
0.00666042
0.00689633
0.00654823
0.00692564
0.00686517
0.0068508
0.00688471
0.0069245
0.00715059
0.00695117
0.00656636
0.00685175
0.00687495
0.00699241
0.00679912
0.00682132
0.00681543
0.00677209
0.00699724
0.00678718
0.00672389
0.00662219
0.00674661
0.00653047
0.00682938
0.00693251
0.00659358
0.00669144
0.00672225
0.00694057
0.007078
0.00654691
0.0069151
0.00676924
0.00629512
0.00641265
0.00689525
0.00698926
0.00660958
0.00669477
0.00676243
0.0067838
0.0071654
0.00680992
0.00689056
0.00685464
0.00633211
0.00666446
0.00658493
0.00662125
0.00649541
0.0067412
0.00630912
0.00648038
0.00655185
0.00660566
0.00669566
0.00698235
0.00657223
0.00664558
0.00673733
0.00665646
0.00628948
0.00680842
0.00664128
0.00665533
0.0066551
0.00655489
0.00659849
0.0065016
0.00662159
0.00628872
0.00681084
0.00628564
0.00625849
0.0068391
0.0065508
0.00678768
0.00651989
0.00619099
0.00622931
0.00634268
0.00641753
0.00674962
0.00673694
0.00636198
0.00630873
0.00701517
0.00654605
0.00696003
0.00632316
0.00665729
0.00692594
0.00647078
0.00663924
0.0067905
0.00691302
0.00631674
0.00673362
0.00686601
0.00633537
0.00668465
0.00654895
0.00634494
0.00673028
0.00653666
0.00643544
0.00643001
0.00671603
0.00623271
0.0065411
0.00620443
0.00662514
0.00687256
0.00654528
0.00608155
0.00656643
0.00156885
