0.8
0.005278
0.00594485
0.00630926
0.00610436
0.00948126
0.00624631
0.00868333
0.00389429
0.00927668
0.00812702
0.00719618
0.00674742
0.00764452
0.00482756
0.0066708
0.00872338
0.00648382
0.00619018
0.00509598
0.0084228
0.00606652
0.00934726
0.00949744
0.00873034
0.0103173
0.00568005
0.00634731
0.00533573
0.00536135
0.00630276
0.00711255
0.00483434
0.00446821
0.00884516
0.00610237
0.00839754
0.00786472
0.00545468
0.00745853
0.00683429
0.00657605
0.00390475
0.00655362
0.00799104
0.00856352
0.00581776
0.0066375
0.00495778
0.00561747
0.00538255
0.00726437
0.00570277
0.00571457
0.0075056
0.00671156
0.00550947
0.00660911
0.00977567
0.00642586
0.00696356
0.0070188
0.00765929
0.00760114
0.0113013
0.00493052
0.0055512
0.00655292
0.00766746
0.00628554
0.00639457
0.00642836
0.00780623
0.00538733
0.00659328
0.00698371
0.00754381
0.00618993
0.00630058
0.00545775
0.00521797
0.00886101
0.00550613
0.00487346
0.00902525
0.00536996
0.00788691
0.00795409
0.00933841
0.00863429
0.00782996
0.00759719
0.00530961
0.00696596
0.00645583
0.00704615
0.00526349
0.00641508
0.00409945
0.00688215
0.00592393
0.00717452
0.00528569
0.00602327
0.00698141
0.00610615
0.00649308
0.00491794
0.00697211
0.00646854
0.00696513
0.00669803
0.00683513
0.00396577
0.0060019
0.00831672
0.00725296
0.00533643
0.0062872
0.0108409
0.00751671
0.00683736
0.00411586
0.00646763
0.00729843
0.00374241
0.00550487
0.00933214
0.0067043
0.00669993
0.00838797
0.00691736
0.00480072
0.00515644
0.0049842
0.00819237
0.00892046
0.00655694
0.0059277
0.00718089
0.00624089
0.00431859
0.00569133
0.00922217
0.00866778
0.00534067
0.00449504
0.0060444
0.0051934
0.00696217
0.00165499
