0.8
0.00738986
0.00679054
0.00723459
0.0069709
0.00721856
0.00690161
0.00695056
0.0069534
0.00725766
0.00736395
0.00658822
0.00694724
0.00737363
0.00732953
0.00717153
0.00680963
0.00745189
0.00702765
0.00690436
0.00706084
0.00694771
0.00707296
0.0067847
0.00693217
0.00700911
0.00676545
0.00707962
0.00713257
0.00676514
0.00745396
0.00716683
0.00683496
0.00681072
0.00666227
0.00694997
0.00685364
0.00709069
0.00684108
0.00701967
0.00671461
0.00656234
0.00678985
0.00695448
0.00712328
0.00648282
0.00673694
0.00681069
0.0068322
0.00686243
0.00734179
0.00679561
0.00669503
0.00727195
0.00702823
0.00693453
0.0071991
0.00690566
0.00708019
0.00689408
0.00652261
0.00663015
0.00669697
0.0068103
0.0073545
0.00704067
0.00643145
0.00669314
0.00670773
0.00664708
0.00701421
0.00662931
0.00635856
0.00715488
0.00684135
0.00705256
0.00681871
0.00652587
0.00658737
0.00690426
0.00692406
0.00647964
0.0067572
0.00706424
0.00631699
0.00693738
0.00654597
0.00617114
0.00651169
0.00670803
0.0068903
0.00677563
0.00645976
0.00655271
0.00657342
0.00662897
0.00675909
0.00620527
0.00684401
0.00625018
0.00702032
0.00693534
0.00645936
0.00614551
0.00591685
0.00661277
0.00675569
0.0064752
0.00648609
0.00604047
0.00625513
0.0065284
0.00652802
0.00649129
0.00674783
0.00631096
0.00611293
0.0059324
0.00671461
0.00612395
0.005947
0.00636989
0.00620511
0.00589375
0.00738708
0.00604861
0.00677302
0.00658277
0.00632772
0.00642667
0.00617339
0.00643955
0.00643116
0.00681803
0.00687944
0.00619038
0.00604977
0.00598784
0.00710298
0.00617008
0.00627647
0.00655941
0.00582422
0.00618296
0.00641698
0.0061107
0.0067131
0.00600174
0.00590314
0.00578886
0.00176251
