0.8
0.00673204
0.00711613
0.00762888
0.00728926
0.00707832
0.00723101
0.00701184
0.00762238
0.00680958
0.00692447
0.00738653
0.00764994
0.00671011
0.00760955
0.00720808
0.00720682
0.00733603
0.0072937
0.00711721
0.00685355
0.00672867
0.00692742
0.00727987
0.00698985
0.00736664
0.00705192
0.007229
0.00691302
0.00724725
0.00703972
0.00702482
0.00701512
0.00723418
0.0071606
0.00774765
0.00719077
0.00700618
0.00699859
0.00694895
0.00733183
0.00682412
0.00675933
0.00670949
0.00727269
0.0070069
0.00680583
0.00711284
0.00665607
0.00665745
0.00639345
0.00681906
0.00732747
0.00655714
0.00740381
0.00673439
0.00696868
0.00656092
0.0064202
0.00681633
0.00687782
0.00647648
0.00693421
0.00699528
0.00695811
0.00656769
0.00672144
0.00716116
0.00638883
0.00725946
0.00698136
0.00648783
0.00701111
0.00646516
0.0060898
0.00663485
0.00623017
0.00669418
0.00642141
0.00664308
0.00697308
0.00630374
0.00685825
0.00663652
0.00729602
0.00647128
0.00607539
0.00674204
0.00651754
0.00678945
0.00641291
0.00694267
0.00691445
0.00653468
0.00654208
0.00673181
0.00649535
0.0063318
0.00642024
0.00573426
0.00667024
0.00665494
0.00594513
0.0069834
0.00621363
0.00600321
0.0068423
0.00575554
0.00613185
0.00643765
0.00612649
0.00626966
0.00673638
0.00651083
0.0065889
0.00620256
0.00677228
0.00628873
0.00635611
0.00604236
0.00641715
0.00685949
0.00620312
0.00647912
0.00647225
0.00580383
0.00610436
0.00633979
0.00597221
0.00648597
0.00585523
0.00595667
0.00611087
0.00628802
0.00652185
0.00607624
0.00676363
0.00709265
0.00616444
0.00569347
0.00618281
0.0060294
0.00593711
0.00667508
0.00671796
0.00648344
0.00620605
0.00618634
0.00625907
0.0064238
0.00192978
