0.8
0.0200548
0.0185381
0.0167481
0.0161185
0.0191712
0.024564
0.021326
0.0183588
0.0221843
0.0169492
0.0229734
0.0208559
0.0164792
0.016356
0.0212824
0.0204913
0.0244108
0.0192727
0.0224388
0.016701
0.0218832
0.0240802
0.0198566
0.0166451
0.0193044
0.0180369
0.0187325
0.0181351
0.0218994
0.0160289
0.019801
0.0212696
0.0201076
0.0231883
0.0181558
0.0235743
0.0181253
0.0189441
0.0238082
0.0243815
0.0228085
0.0178546
0.0211382
0.0212217
0.0222006
0.0233779
0.0219658
0.0226465
0.0212823
0.00427122
