0.8
0.0183333
0.0215106
0.0226661
0.0190697
0.0223103
0.0230043
0.018997
0.0192549
0.0189572
0.0205773
0.0198144
0.0186902
0.0190388
0.0210133
0.0181222
0.021659
0.0226744
0.0197835
0.0217569
0.0177506
0.0239082
0.0220752
0.0196151
0.0162635
0.0194964
0.020712
0.0184895
0.0194426
0.0158537
0.0220377
0.0254533
0.0196131
0.0193065
0.0210668
0.01932
0.0184445
0.0194481
0.0220437
0.0218338
0.0197993
0.0215187
0.0200478
0.0200768
0.0210364
0.0233008
0.0226287
0.0185895
0.0201114
0.0186955
0.00478711
