0.8
0.0198707
0.0219597
0.0228864
0.0225837
0.0202409
0.0193119
0.0194024
0.0230843
0.0193897
0.0207591
0.0193319
0.0201717
0.0230131
0.0213055
0.0156282
0.0229384
0.0201252
0.0201935
0.0206158
0.0217811
0.0203332
0.0222552
0.0217761
0.019673
0.0210228
0.0177719
0.0205038
0.0217404
0.0211838
0.0220283
0.0165949
0.0203535
0.0195702
0.0214599
0.0204112
0.0205017
0.0193998
0.0209797
0.0204164
0.0177248
0.0207568
0.0180232
0.0174372
0.0170825
0.0186456
0.0202693
0.0178747
0.0226994
0.0216906
0.00522694
