0.8
0.0190313
0.0217971
0.0264354
0.0132921
0.0217686
0.0171541
0.0202006
0.0243076
0.0245816
0.0126552
0.011894
0.0230535
0.0126726
0.0148679
0.0414626
0.0155674
0.00871993
0.0201609
0.0165447
0.0181006
0.0114944
0.00739359
0.0132357
0.0143901
0.0152594
0.0350373
0.0152027
0.026175
0.0144738
0.012797
0.0260018
0.03092
0.0201494
0.0134511
0.0173026
0.016418
0.0312789
0.0932737
0.0197085
0.0171432
0.0147597
0.0150017
0.0167183
0.00997503
0.0138155
0.0177137
0.0180849
0.0393602
0.0150486
0.0041484
