0.8
0.0213517
0.0217574
0.0219641
0.0196909
0.0195985
0.023177
0.0186418
0.0224763
0.0213463
0.0209923
0.0203435
0.0209781
0.0210595
0.0235023
0.0225639
0.0211771
0.021706
0.0200533
0.0212016
0.0203339
0.0171846
0.0201105
0.0169296
0.0219498
0.0215833
0.0176653
0.0215043
0.0195199
0.0149928
0.0213394
0.0193663
0.0199075
0.0212802
0.0187575
0.0187437
0.0206717
0.0178468
0.0197212
0.0222125
0.0186923
0.0189168
0.0187188
0.0205502
0.019605
0.0188874
0.0221687
0.0227303
0.0192798
0.0201412
0.00510689
