0.8
0.0215616
0.020357
0.0241781
0.0197367
0.0210098
0.0223344
0.0216608
0.0198485
0.0212243
0.016036
0.0290756
0.0206822
0.0177254
0.0142285
0.0171792
0.0132931
0.0204659
0.0161873
0.0230367
0.0219794
0.0193621
0.0218889
0.0247457
0.0188559
0.0201715
0.0111896
0.0231892
0.0182829
0.0186706
0.0198003
0.0220836
0.0239141
0.0203164
0.0141386
0.0239747
0.02742
0.0214845
0.0204077
0.0153021
0.0170374
0.0265352
0.0244652
0.0213089
0.0156486
0.0242176
0.0220413
0.015314
0.0213347
0.0208254
0.00427303
