0.2
0.0039554
0.00401487
0.00406324
0.00396442
0.00411788
0.00409926
0.00401671
0.00404617
0.00392682
0.00397967
0.00397321
0.0040568
0.00400785
0.00404819
0.00409898
0.00390914
0.00399462
0.00391745
0.00407927
0.00411484
0.00406079
0.00400454
0.00397117
0.00392174
0.00398789
0.00418386
0.00407191
0.0040273
0.00401383
0.00402888
0.00404136
0.00398505
0.0040066
0.00405533
0.00393806
0.00388453
0.00393948
0.00402707
0.003881
0.00407825
0.00402723
0.00394677
0.00404417
0.00397963
0.0039745
0.00401243
0.00396833
0.00404778
0.00410415
0.00405106
0.00402911
0.00398731
0.00407418
0.0039554
0.00407996
0.0038523
0.00402866
0.00410618
0.00418995
0.00396855
0.00396509
0.00411542
0.00400143
0.00399101
0.00407628
0.0040319
0.00396477
0.00404201
0.00395836
0.00400476
0.00393169
0.00396557
0.00387025
0.00390805
0.00394163
0.00397369
0.00402989
0.00406684
0.00396902
0.00399255
0.00400185
0.00401267
0.00384602
0.00402543
0.00396145
0.00406604
0.0040121
0.00388576
0.00403722
0.00398813
0.00408833
0.00398731
0.00405052
0.0040892
0.00403751
0.00394859
0.00401901
0.00393969
0.00400989
0.00402816
0.00403793
0.00397931
0.00405498
0.0039723
0.00402652
0.00400776
0.00403269
0.0039748
0.00394739
0.00396899
0.00389527
0.004101
0.00395002
0.00391917
0.00401681
0.00399791
0.00401857
0.00394982
0.00397732
0.00407743
0.00397434
0.00410786
0.00403154
0.0039024
0.00395024
0.00412467
0.00408407
0.00398187
0.00408164
0.00408891
0.00387373
0.00393391
0.0039899
0.00403479
0.00411904
0.00402559
0.00399553
0.00397875
0.00400073
0.00401311
0.00411934
0.00405995
0.00394757
0.00399361
0.00402922
0.00400964
0.00403946
0.00398008
0.00403012
0.0039609
0.00403204
0.00385336
0.00395583
0.00401662
0.00398374
0.0039657
0.00404698
0.00392979
0.00398638
0.0040946
0.00411706
0.00407792
0.0040295
0.00401371
0.00404092
0.00398714
0.00400165
0.00405052
0.00402577
0.00397201
0.00409349
0.00400645
0.00409947
0.00391721
0.00394532
0.00397054
0.00409687
0.00390554
0.00395494
0.0040135
0.00389659
0.00394674
0.00406432
0.00412799
0.00404874
0.0040289
0.00399414
0.0040061
0.00405301
0.00381904
0.00397125
0.00405814
0.00395869
0.00390739
0.00401603
0.00397226
0.003979
0.0038925
0.00398793
0.00395458
0.00392406
0.00383502
0.00402595
0.00406234
0.00392523
0.00396325
0.00409874
0.00393258
0.00400557
0.00395174
0.00414851
0.00399702
0.0040306
0.00406137
0.00402694
0.00402491
0.00407207
0.00389363
0.00403102
0.00395864
0.00396406
0.00404286
0.00401453
0.0039539
0.00404528
0.00404006
0.00403951
0.00393966
0.00388303
0.00392797
0.00400236
0.00403572
0.00400707
0.00406269
0.00388569
0.00402447
0.00393002
0.00395604
0.00401767
0.00396842
0.00406812
0.00401354
0.00407349
0.00398548
0.00398065
0.0038427
0.00402614
0.00402705
0.0040447
0.00323531
