0.2
0.00412174
0.00403994
0.00406985
0.00404559
0.00395765
0.00396043
0.00402214
0.00399192
0.00397883
0.00400574
0.0039718
0.0039382
0.00399468
0.00393064
0.00398458
0.00414995
0.00399338
0.00401185
0.00405317
0.0040904
0.00401824
0.00408127
0.00401443
0.00393209
0.00411919
0.00394645
0.00402017
0.00400066
0.00415121
0.00411563
0.00403741
0.00408473
0.00404126
0.00395379
0.00411687
0.00394629
0.00403221
0.00393064
0.00394342
0.00417919
0.00400269
0.00403722
0.00400824
0.00408936
0.00397906
0.00422797
0.00405754
0.0040815
0.00401244
0.00407344
0.00397871
0.00390835
0.00402746
0.00398017
0.00407051
0.00397239
0.00403188
0.00402128
0.00401216
0.00398539
0.00392902
0.00408629
0.00406544
0.00418828
0.00406102
0.00397703
0.00401303
0.00403924
0.00395343
0.00402361
0.00404279
0.00406018
0.00399318
0.00411674
0.00408662
0.00400593
0.00394318
0.00413335
0.00402242
0.00402923
0.00398049
0.00403804
0.00389852
0.00410949
0.00396075
0.00400536
0.00402492
0.00404208
0.00393582
0.00401494
0.00397992
0.00395039
0.00395581
0.00395757
0.00401074
0.00407483
0.00380707
0.00409938
0.00400561
0.0040434
0.00417584
0.00401951
0.00407247
0.00401606
0.00395267
0.0040495
0.00393978
0.00401514
0.00393502
0.00411597
0.00404919
0.0039634
0.00396634
0.00401851
0.00399621
0.00391497
0.00394169
0.00403668
0.00394159
0.00398485
0.00394688
0.00399702
0.00397698
0.00395455
0.00394165
0.0039346
0.00407762
0.00394998
0.00403292
0.00401745
0.00404523
0.00392687
0.00396442
0.00397987
0.00397364
0.004106
0.00402405
0.00402503
0.00402204
0.00388123
0.00401118
0.00397948
0.00396531
0.00395112
0.00392743
0.00399062
0.0040963
0.00402148
0.00398314
0.00399522
0.00399216
0.00391936
0.00410101
0.00399967
0.00403994
0.00408901
0.00399431
0.0040977
0.00397249
0.00394669
0.0039248
0.0039332
0.00390797
0.0038893
0.00410545
0.0039299
0.00394158
0.00389935
0.00404581
0.00399092
0.004049
0.00405975
0.00401688
0.00397064
0.00405064
0.00404403
0.00387808
0.00392016
0.00409684
0.00384246
0.00393818
0.00393831
0.00387676
0.00382382
0.00404432
0.00407303
0.00398866
0.00402622
0.0038898
0.0040475
0.00402781
0.00404911
0.00405749
0.00391604
0.00410969
0.00406346
0.00404974
0.00400082
0.00407699
0.00382843
0.00396273
0.00410267
0.00405243
0.00396463
0.00401589
0.00405113
0.00406716
0.00395993
0.00402264
0.00389446
0.00407352
0.00395795
0.00410069
0.00397293
0.00393456
0.00390523
0.00402568
0.0040141
0.00405214
0.00413293
0.00399374
0.00399276
0.00389847
0.00381044
0.00392092
0.00397129
0.00387902
0.00393342
0.00402274
0.00410771
0.00393973
0.00392802
0.00399113
0.00394518
0.00398184
0.00410894
0.00380573
0.00404749
0.00409685
0.0040507
0.00397002
0.00405699
0.00402265
0.00388676
0.00389708
0.00395984
0.00393328
0.00390645
0.00395637
0.0032405
