0.2
0.00399469
0.00394166
0.00409397
0.00397244
0.00402604
0.00396807
0.00401421
0.00402934
0.00412052
0.00412949
0.00402821
0.00401187
0.0040349
0.00405443
0.00408366
0.00396916
0.00397238
0.00404666
0.00402596
0.00409502
0.00395521
0.00406045
0.0040168
0.0040558
0.00413792
0.00404913
0.00396797
0.00410464
0.00396999
0.00397996
0.00404317
0.00400862
0.00400388
0.00393474
0.00405758
0.00401259
0.00401637
0.00407052
0.00397267
0.00411735
0.00404561
0.00397448
0.00401103
0.00405807
0.00397018
0.00398348
0.00392413
0.00401831
0.00398081
0.00399518
0.0039968
0.00406634
0.00403945
0.00399171
0.00402462
0.00406391
0.00402321
0.00404729
0.00406535
0.0039987
0.0040496
0.00403082
0.00402594
0.00395617
0.00404439
0.00399089
0.00408618
0.00396744
0.004086
0.0040081
0.00403915
0.00397656
0.00395186
0.00402186
0.00402976
0.00407239
0.00396165
0.00405977
0.00404484
0.00398207
0.0040033
0.00393145
0.00400797
0.00406603
0.00392542
0.00396936
0.00404661
0.00395937
0.00400706
0.00403372
0.00408249
0.0039503
0.00395244
0.00399003
0.00401622
0.0040715
0.00396646
0.00390602
0.00404689
0.00404068
0.00394334
0.00398064
0.00392183
0.00400016
0.00394178
0.00396252
0.00401569
0.00398912
0.00397138
0.00400992
0.00401603
0.00400363
0.00398812
0.00403383
0.00398027
0.00397083
0.00403466
0.00401972
0.00390322
0.00390334
0.0039712
0.00399015
0.00399525
0.00399624
0.00405229
0.00393645
0.00390093
0.00402892
0.00399249
0.00403967
0.00398729
0.00398826
0.0040244
0.00393931
0.00391499
0.00398073
0.00393642
0.00399557
0.0040656
0.00406485
0.00401291
0.00404406
0.00400196
0.00407065
0.0038344
0.00398229
0.00402904
0.00397732
0.00406431
0.00409078
0.0040263
0.00404446
0.00403671
0.00399654
0.00388287
0.00388462
0.00405282
0.00403672
0.00405519
0.00405067
0.00402445
0.00394469
0.00396985
0.00399513
0.00403213
0.00402983
0.00399641
0.0040693
0.00404958
0.0039578
0.00397854
0.00399517
0.00401422
0.00390582
0.00400946
0.00395982
0.00394342
0.00405568
0.00404697
0.00394506
0.0040061
0.00401848
0.00393146
0.00394871
0.00396345
0.00399645
0.00394444
0.00403903
0.00398154
0.00406071
0.00399542
0.00393782
0.0040359
0.00389087
0.00406383
0.00393836
0.0040775
0.00401959
0.00404083
0.00397851
0.00393945
0.00406532
0.00396151
0.00397366
0.00402454
0.0040207
0.00403765
0.00402031
0.00398794
0.00404942
0.00395758
0.00395037
0.00405889
0.00397931
0.00401255
0.00401837
0.00399802
0.0039385
0.00396591
0.00398638
0.00399204
0.00404034
0.00397052
0.0040441
0.00405047
0.00403208
0.00400942
0.00395987
0.00395064
0.00396247
0.00398116
0.0039028
0.00396377
0.0039466
0.00399194
0.00403244
0.00393434
0.00396052
0.00398899
0.0040608
0.00397986
0.0040034
0.00396925
0.00391812
0.0039699
0.00402027
0.00411584
0.00402602
0.00390195
0.00323028
