0.2
0.00405348
0.00415889
0.00392065
0.00409035
0.00403998
0.00388525
0.00405721
0.0039873
0.00399337
0.00400656
0.00407105
0.003927
0.00408972
0.00394949
0.00408329
0.00399659
0.00416833
0.00392457
0.00397042
0.0040048
0.00387286
0.00404783
0.00388443
0.00397258
0.00410003
0.00403323
0.00387978
0.00408809
0.0041727
0.00417142
0.00394741
0.004048
0.00399589
0.00405871
0.00416061
0.00395098
0.00386259
0.00413303
0.00425061
0.00411365
0.0038959
0.00399446
0.00403873
0.0039307
0.00407365
0.00401374
0.00406514
0.00405525
0.00418761
0.00384715
0.00400541
0.00402634
0.00400582
0.00395545
0.00407013
0.00406082
0.00425271
0.00420649
0.00414431
0.0042094
0.00399992
0.00405536
0.00401514
0.00413574
0.00392086
0.00405807
0.0039893
0.00382158
0.00395142
0.00396188
0.00395231
0.00418377
0.00395478
0.00400319
0.00397653
0.0040135
0.00397323
0.00397624
0.00405933
0.00415681
0.00399208
0.00410176
0.0039139
0.00390815
0.00412081
0.00402563
0.00399129
0.00388729
0.00383906
0.00408256
0.00399793
0.00389526
0.00399368
0.00409891
0.003872
0.00388024
0.00411002
0.00381992
0.00408277
0.00400098
0.00407966
0.00398016
0.0040062
0.0039087
0.00403057
0.00405495
0.00398956
0.00403115
0.00390784
0.00406976
0.00407791
0.00388843
0.00400148
0.0042728
0.00383591
0.00397826
0.00400059
0.00392836
0.00393543
0.00392426
0.00390988
0.00412033
0.00406982
0.00375876
0.0038206
0.0038281
0.00398564
0.00396517
0.0039733
0.00392777
0.00400683
0.00404263
0.0040941
0.00401253
0.00392139
0.00396997
0.0041068
0.0041902
0.0040409
0.00392402
0.00424623
0.00410802
0.00419347
0.00414773
0.00391296
0.00405107
0.00387009
0.00429637
0.00405935
0.00384814
0.00401384
0.00406205
0.00405714
0.00393119
0.00399093
0.00409273
0.00410926
0.00395691
0.0039216
0.00387593
0.00402091
0.00400022
0.00412956
0.00396308
0.00401369
0.00401165
0.00391131
0.00400126
0.00392702
0.00413272
0.00391937
0.00415969
0.00387497
0.00395155
0.00400321
0.00409737
0.0040173
0.00409101
0.00422701
0.00403589
0.00404947
0.00384788
0.00398155
0.0039335
0.00403938
0.00403449
0.00392677
0.00387028
0.00391879
0.00394801
0.00410074
0.00408479
0.00398447
0.00416819
0.00387554
0.00401701
0.00390538
0.00403167
0.0039689
0.00395737
0.00400372
0.00375789
0.00399277
0.0040832
0.00387289
0.00403515
0.00394275
0.00408156
0.00409027
0.00396057
0.00395865
0.00399965
0.00379258
0.0039631
0.00390342
0.00408124
0.0039064
0.00391606
0.00407531
0.00413442
0.00391649
0.00381355
0.00401932
0.00398757
0.00390893
0.00406985
0.00389189
0.00404997
0.00415404
0.00387888
0.00390381
0.00407208
0.00400318
0.00380872
0.00389333
0.00402587
0.0039465
0.0039219
0.00396445
0.00381762
0.00395204
0.00391678
0.00407365
0.00395925
0.003958
0.00390101
0.00402898
0.00394565
0.00403589
0.00324538
