0.2
0.00403068
0.00407292
0.00402721
0.00403028
0.00398216
0.00399642
0.00399031
0.00400952
0.00405269
0.00409264
0.00399425
0.00401605
0.00399227
0.00397804
0.00397886
0.00397861
0.00400714
0.00403791
0.00405779
0.00403881
0.00400133
0.00412407
0.00396726
0.00404551
0.00399282
0.00400981
0.00399985
0.00400158
0.00397285
0.00403987
0.00409066
0.00400935
0.0039702
0.00402798
0.00402408
0.00400886
0.00402185
0.00394137
0.00400483
0.00397264
0.00402561
0.00395766
0.0039634
0.00403709
0.00401596
0.00410283
0.00395208
0.00403862
0.0040477
0.00398343
0.00402679
0.00397525
0.00402687
0.0040217
0.00400198
0.00399271
0.0040265
0.00400678
0.00400674
0.0039908
0.00405251
0.00400853
0.00400204
0.0040141
0.00399456
0.00400878
0.0040245
0.00399695
0.00396122
0.00397614
0.00402774
0.00402368
0.00406038
0.00401646
0.00406151
0.00411015
0.00402773
0.00407308
0.00404736
0.00399583
0.0039848
0.00395615
0.00394862
0.00402451
0.0039615
0.00396917
0.00391649
0.00402806
0.00403419
0.00404515
0.00399433
0.00403016
0.00397966
0.00402729
0.00398362
0.00399602
0.0040656
0.00397973
0.00402437
0.00396346
0.00394484
0.00399254
0.00402784
0.00397609
0.00401456
0.00397029
0.00399429
0.0039404
0.00395536
0.00397339
0.00404925
0.00404048
0.00398378
0.00412285
0.00405191
0.0040154
0.00403767
0.00402816
0.00405473
0.00405631
0.00397659
0.00405573
0.00392599
0.00397612
0.00393214
0.00403012
0.00404272
0.00400073
0.00397283
0.00401039
0.00399705
0.00397398
0.00400088
0.00397312
0.00396993
0.00392626
0.0039585
0.00391969
0.00405134
0.00405512
0.00394646
0.00397469
0.00395097
0.00404666
0.00404875
0.00400681
0.00401387
0.00395496
0.00400485
0.00407446
0.00399569
0.00402993
0.00401522
0.00398213
0.0040164
0.00398285
0.00402819
0.00404131
0.00406082
0.00397179
0.00397461
0.00403024
0.00400022
0.00398957
0.00402451
0.00398495
0.0039619
0.00396135
0.00399683
0.00397939
0.00402908
0.0039759
0.00398974
0.00399996
0.00395232
0.00395867
0.0039601
0.00395642
0.00402854
0.0039925
0.00396544
0.0040315
0.00408502
0.00391908
0.00396589
0.00398422
0.00400864
0.00396835
0.00393322
0.00396485
0.00403169
0.00401231
0.00391386
0.00404675
0.00406465
0.0039924
0.00393213
0.00402257
0.00398153
0.00398781
0.0039297
0.00400422
0.00397777
0.00399943
0.00403846
0.00402819
0.00399037
0.00391894
0.00397499
0.0040082
0.00402567
0.00392995
0.00393492
0.00401417
0.00400372
0.0040165
0.0039634
0.00399268
0.00403517
0.00401283
0.00399032
0.00398593
0.00399584
0.00401916
0.00400388
0.00407895
0.00403038
0.00395949
0.00400276
0.0039756
0.00398422
0.00409714
0.00415178
0.00397722
0.00398201
0.00400966
0.00401656
0.00398852
0.00404975
0.00398793
0.00399034
0.00399382
0.00395369
0.00398117
0.00398939
0.00393253
0.00395948
0.00398154
0.00403383
0.00322497
