0.2
0.00400039
0.0040003
0.00400028
0.00400044
0.00400044
0.00400033
0.00399679
0.00400031
0.00400034
0.00400051
0.00400036
0.00400042
0.00400033
0.00400051
0.00400034
0.00400033
0.00400028
0.00400028
0.00400036
0.00400028
0.00400026
0.00400037
0.00400037
0.00400036
0.00400021
0.00400044
0.00399679
0.00400041
0.00400047
0.00400058
0.00400031
0.00400028
0.00400025
0.00400041
0.00400042
0.00400031
0.00400022
0.00400042
0.00400031
0.00399679
0.00399679
0.00400025
0.00400031
0.00400036
0.00400031
0.00400053
0.0040003
0.00400041
0.00400033
0.00400033
0.00400034
0.00400033
0.00400036
0.00400021
0.00400049
0.00400044
0.00400036
0.00400028
0.00400037
0.00400041
0.00399679
0.00400031
0.00400041
0.00400031
0.00400039
0.00400037
0.00400039
0.00400031
0.00400034
0.00400036
0.00400042
0.00400044
0.00400047
0.00400036
0.00400031
0.00400041
0.00400034
0.00400033
0.00400051
0.00400044
0.00400033
0.00400028
0.00400036
0.00400036
0.00399679
0.00400022
0.00400041
0.00400025
0.00400033
0.00400056
0.00400036
0.00399679
0.00400036
0.00400025
0.00400036
0.00400034
0.00400046
0.00399679
0.00400034
0.00400025
0.00400036
0.00400026
0.00399679
0.0040003
0.00400026
0.00400042
0.00400023
0.00400028
0.00400034
0.00400025
0.0040003
0.0040003
0.00400041
0.00399679
0.00400033
0.00399679
0.00399679
0.00400034
0.00400034
0.0040003
0.00400047
0.00400049
0.00400041
0.00399679
0.00400031
0.00400042
0.00400028
0.00399679
0.0040003
0.00400042
0.00400037
0.00400028
0.00400042
0.00400034
0.00400034
0.00400026
0.00400041
0.00400033
0.00400031
0.00400037
0.00400047
0.00400036
0.00400037
0.0040003
0.00400041
0.00400042
0.00400034
0.00400034
0.00400037
0.00400034
0.0040003
0.00400034
0.00400033
0.00400033
0.00400039
0.00400031
0.00400042
0.00400034
0.0040003
0.00400026
0.00400028
0.00400046
0.00400046
0.00400049
0.00400033
0.00400031
0.00400028
0.00400028
0.00400022
0.00400037
0.00400051
0.0040003
0.00400042
0.00400036
0.00400037
0.00400039
0.00400028
0.00400036
0.00400034
0.0040003
0.00400034
0.00400025
0.00400022
0.00399679
0.00400028
0.00400044
0.00400023
0.00400041
0.00400039
0.00399679
0.0040003
0.00400041
0.00400039
0.00400025
0.00400044
0.00400036
0.00400049
0.00400047
0.00400036
0.00400037
0.00400036
0.00399679
0.00400053
0.00400044
0.00400041
0.00400034
0.00400031
0.00400031
0.00400039
0.00400051
0.00399679
0.00400026
0.00400047
0.00400051
0.00400044
0.00400026
0.00400031
0.00399679
0.00400042
0.00399679
0.00400026
0.00400037
0.00400046
0.00400026
0.00400033
0.00400044
0.00400037
0.00400033
0.00399679
0.00400025
0.0040003
0.00400036
0.00400028
0.00400033
0.00400056
0.00399679
0.00400051
0.00400033
0.00399679
0.00400026
0.00400039
0.00400036
0.00400042
0.00400039
0.00399679
0.00400044
0.00400031
0.00400033
0.00400036
0.00399679
