0.2
0.00399773
0.00404118
0.00396842
0.00435535
0.00410879
0.00401421
0.00428566
0.00407012
0.00394963
0.00438542
0.0041806
0.00412171
0.00397252
0.00419674
0.00402901
0.00415793
0.00404207
0.00386806
0.00378469
0.00392373
0.00423808
0.00391793
0.00405978
0.0037301
0.00409837
0.00411311
0.00405989
0.00411569
0.00421611
0.00424524
0.0037123
0.0038751
0.0038686
0.00375372
0.00400124
0.00414248
0.00414841
0.00411966
0.00406322
0.003775
0.00408223
0.00421756
0.00391065
0.00406339
0.00397263
0.00406529
0.00406139
0.00378609
0.00406844
0.00402433
0.00420957
0.00377443
0.00408921
0.00428203
0.00393833
0.00399635
0.0041426
0.00394807
0.00396667
0.00388074
0.00416681
0.00389105
0.0043979
0.00401684
0.00426688
0.00401569
0.00373729
0.00392393
0.00389488
0.00373554
0.00401317
0.00391909
0.00402293
0.00398368
0.00389965
0.00399484
0.00411313
0.00375635
0.00390517
0.00385177
0.00407404
0.00389573
0.00388974
0.00394191
0.00410029
0.00412028
0.00399098
0.00405803
0.0040404
0.0040908
0.00396877
0.00403662
0.00393798
0.0043625
0.00375807
0.00422043
0.00388038
0.00393979
0.00400769
0.00390419
0.00411655
0.00397715
0.00408912
0.00394168
0.00417722
0.00434697
0.00394015
0.00402936
0.0039365
0.00412695
0.00391436
0.00405508
0.00395104
0.00406584
0.00391048
0.00414761
0.00380423
0.00399192
0.00373499
0.00406319
0.00414964
0.00406486
0.00408693
0.00387864
0.004052
0.00397095
0.00402613
0.00387628
0.00419525
0.00405655
0.00387089
0.00424519
0.00357169
0.00389921
0.00425396
0.00393347
0.00384167
0.00397542
0.0037691
0.0041112
0.00381119
0.00396201
0.00414822
0.00408877
0.00414648
0.00381287
0.00381341
0.00386949
0.00386234
0.00393459
0.00405622
0.00388934
0.00413933
0.00394873
0.00397428
0.00415809
0.00393465
0.00407025
0.00399218
0.00393918
0.00393983
0.00385681
0.00392779
0.00398629
0.00391751
0.00430918
0.00412388
0.00365615
0.00409637
0.0036925
0.00378113
0.0039378
0.00403984
0.00402642
0.00389206
0.00407005
0.00413255
0.00375416
0.00383077
0.0038515
0.00397498
0.0042184
0.00411885
0.00403417
0.0038436
0.00387829
0.00405221
0.00420461
0.00395595
0.00418837
0.00420673
0.0039361
0.0040467
0.00377146
0.00398581
0.00422336
0.00405945
0.00398288
0.00386596
0.00398576
0.00394312
0.00410203
0.00387421
0.00400738
0.00395941
0.00384946
0.00396594
0.00395104
0.00389116
0.00382412
0.00401268
0.00376018
0.00394811
0.0040359
0.00391459
0.00423948
0.00418015
0.00397077
0.00411606
0.00423314
0.00408474
0.0039504
0.00405181
0.00428322
0.00387652
0.00393915
0.00424417
0.00412671
0.00403603
0.00382486
0.00392745
0.00384748
0.00403677
0.00390249
0.00407749
0.0040383
0.00382759
0.00402405
0.00423236
0.00393577
0.00407184
0.00417524
0.00384539
0.00404348
0.00387987
0.00381205
0.00378878
0.00419253
0.00392388
0.00325063
