0.2
0.00405892
0.00399923
0.00401092
0.00409604
0.00400454
0.00400428
0.00400833
0.00402557
0.00400189
0.00404114
0.00403796
0.00399661
0.00406163
0.00406114
0.00403794
0.00400156
0.00404755
0.00404848
0.00407761
0.00398147
0.00404248
0.00405856
0.00402353
0.00402119
0.00403127
0.00394927
0.00405588
0.00400057
0.0039832
0.00402482
0.00402027
0.00396119
0.00396374
0.00398648
0.00401084
0.00399816
0.00399759
0.00400932
0.0040138
0.00398381
0.00396047
0.00393717
0.00402177
0.0039868
0.00400101
0.00389628
0.00403435
0.00398285
0.00399941
0.00404859
0.00400883
0.00399943
0.00403649
0.00400612
0.00401606
0.00397924
0.00404762
0.00405059
0.00403439
0.0039864
0.0039884
0.00399539
0.0040117
0.00401718
0.00399324
0.00400673
0.00401489
0.00401472
0.0039984
0.00404154
0.00406395
0.00399777
0.00399331
0.00394072
0.00402084
0.00399296
0.00401694
0.00398457
0.00403199
0.00398239
0.00399318
0.00398719
0.00404429
0.00399581
0.00404955
0.00408191
0.00398978
0.00396816
0.00404514
0.00404965
0.00396388
0.00397267
0.0039429
0.00406839
0.00396562
0.00403934
0.00394923
0.00402713
0.00396558
0.00405234
0.0040024
0.00399719
0.00400707
0.00396642
0.00396098
0.00403695
0.00403521
0.0040016
0.00401308
0.00394644
0.00406969
0.00400055
0.00401924
0.0040329
0.00401411
0.00396502
0.00401263
0.0039927
0.00400477
0.00397664
0.00402953
0.00401629
0.00399294
0.00404214
0.00397152
0.00399024
0.00407618
0.00402918
0.0039871
0.00394164
0.00396545
0.00403573
0.00404921
0.0039935
0.00399296
0.00401581
0.00399667
0.00391342
0.00396817
0.00397605
0.00400751
0.00393766
0.00404264
0.00402783
0.00405534
0.00393127
0.00397776
0.00400341
0.00393699
0.00393629
0.00389136
0.00408076
0.00399945
0.00398056
0.00401027
0.0040298
0.00403594
0.0039778
0.00396666
0.0040614
0.00397681
0.00400742
0.00395397
0.00398085
0.00397192
0.00397498
0.0040401
0.00402355
0.00403984
0.00402484
0.00395017
0.00396299
0.00403378
0.00396545
0.00396777
0.00402534
0.00396678
0.00401218
0.00398836
0.00403266
0.00400829
0.00406598
0.00401411
0.00397053
0.00397697
0.00397557
0.00403894
0.00396633
0.00398926
0.00401234
0.00402169
0.00395151
0.00402158
0.00398895
0.00396257
0.00397268
0.00397226
0.00403001
0.00403768
0.00403073
0.00402938
0.00398333
0.00400554
0.00400089
0.00398129
0.00398004
0.0039276
0.00401138
0.00403003
0.0040108
0.00401679
0.0040474
0.00396396
0.00400037
0.00403169
0.00397993
0.00396217
0.00394181
0.00399191
0.00403315
0.00391734
0.00399373
0.00398252
0.00404359
0.00400226
0.00396779
0.00399558
0.00404763
0.00395403
0.00395717
0.00402152
0.00405956
0.00402572
0.00401201
0.00398212
0.00398064
0.00398234
0.00401264
0.00399485
0.00399015
0.00407576
0.00400035
0.00401435
0.00405503
0.00399381
0.00398771
0.00400837
0.00397588
0.00394673
0.0032195
