0.2
0.00398098
0.0040138
0.00402243
0.00400111
0.00400962
0.00404249
0.00397794
0.00404218
0.00401766
0.00403471
0.0040388
0.00398506
0.00398919
0.00400948
0.00397728
0.00398102
0.00398065
0.00400118
0.00396404
0.00401752
0.00401296
0.00400848
0.00400935
0.00399255
0.00402179
0.00398852
0.00402126
0.00402502
0.00403273
0.00400083
0.0040291
0.00399263
0.00402929
0.00399197
0.00397945
0.00404925
0.0040129
0.00403292
0.00402924
0.00402394
0.00401636
0.00399545
0.00399104
0.00399623
0.00398777
0.00401991
0.0040161
0.00398329
0.00400002
0.00401998
0.00403706
0.00403265
0.00400754
0.00402039
0.0040003
0.00397032
0.00402464
0.00402049
0.00398627
0.00399091
0.00399541
0.00399054
0.00399041
0.00402395
0.00399509
0.00400786
0.0040192
0.00399435
0.00404079
0.00399485
0.0040207
0.00402418
0.00399471
0.00396942
0.00400187
0.00401068
0.0040398
0.00400706
0.00398941
0.00402345
0.00400212
0.00403009
0.00398625
0.00401132
0.00403653
0.0040282
0.00400626
0.0039705
0.0040319
0.00399429
0.00401206
0.00394427
0.00401487
0.00395191
0.00400209
0.00400227
0.00399334
0.00399445
0.00398494
0.00400611
0.00401884
0.00403467
0.00400997
0.00399766
0.00401033
0.00398947
0.00401748
0.00402278
0.00398423
0.0040263
0.004028
0.00398052
0.00398087
0.00397684
0.00398928
0.00400088
0.00396952
0.00399712
0.00397991
0.00401731
0.00397668
0.00401389
0.00397643
0.00399248
0.00401012
0.00402544
0.00401731
0.00398884
0.00402603
0.00397926
0.00401298
0.00397718
0.00398435
0.0039976
0.0040187
0.0039717
0.00401204
0.00401672
0.00398926
0.00397006
0.00400482
0.00397574
0.00396338
0.00398011
0.00396733
0.00396212
0.00400816
0.00399708
0.00397067
0.00399704
0.0039628
0.00398399
0.00399242
0.00402547
0.00400361
0.00399197
0.00402103
0.00400837
0.00400496
0.00400522
0.00401287
0.00398673
0.00404675
0.00402165
0.00400966
0.00399225
0.00399196
0.00405129
0.00399477
0.00401735
0.00397573
0.00400439
0.00400356
0.0040039
0.00400945
0.00401197
0.00400009
0.00398715
0.00398739
0.00400393
0.00399541
0.00397866
0.00401988
0.0040122
0.0040047
0.00402456
0.00400447
0.00400851
0.00401268
0.00402531
0.00401363
0.004008
0.00399859
0.00397024
0.00399116
0.00400771
0.00400379
0.00400453
0.00403339
0.00400562
0.00399476
0.00399869
0.00398533
0.0039747
0.00402056
0.00401744
0.00396164
0.00400409
0.00399899
0.00400095
0.00400037
0.00398767
0.00398386
0.00398614
0.00396767
0.00396891
0.00400838
0.0040078
0.00402104
0.00399516
0.00401235
0.00400018
0.00399942
0.00393579
0.00398834
0.00403646
0.00399095
0.00398169
0.00402312
0.00402541
0.0039916
0.0040112
0.0040341
0.0039738
0.00394745
0.00399632
0.00397399
0.00401197
0.00401595
0.00398714
0.0039911
0.00403035
0.00394599
0.00401606
0.00400712
0.00398386
0.00396597
0.00402845
0.00399434
0.00353865
