0.8
0.0046224
0.00465598
0.00445911
0.00418709
0.00456514
0.00494138
0.00454882
0.00455471
0.00414177
0.00414467
0.00436147
0.00483166
0.00469115
0.00504489
0.00498398
0.00447018
0.00440253
0.00466157
0.00448531
0.00493269
0.00463626
0.00427593
0.00445151
0.00448466
0.00479741
0.0042331
0.00467431
0.00425466
0.00478288
0.00434131
0.00433528
0.0042276
0.00430184
0.00449887
0.00470496
0.00433031
0.00427522
0.00439295
0.00424784
0.00458072
0.00461127
0.00452935
0.00480243
0.00440203
0.00406791
0.00490983
0.0043977
0.00385277
0.00414949
0.00414888
0.00415773
0.00446166
0.00470729
0.00402315
0.00424563
0.00415518
0.00416575
0.00390972
0.00418822
0.00488474
0.00464928
0.00424941
0.00417106
0.00388668
0.00417341
0.00385249
0.00454138
0.00429294
0.00402673
0.00412926
0.00498303
0.0043827
0.00431798
0.00393719
0.00446
0.00392179
0.00390521
0.00411432
0.00420275
0.00450226
0.00442676
0.00373227
0.00404477
0.00422417
0.00500416
0.00412201
0.00392357
0.00371281
0.0043094
0.00434221
0.00412783
0.0036987
0.00348512
0.00422418
0.00349408
0.00438232
0.00383912
0.00420954
0.00369739
0.00355278
0.00405059
0.00404064
0.00390844
0.00390263
0.00440246
0.0039423
0.00425486
0.00379885
0.00410372
0.00371077
0.00369229
0.00409226
0.00478342
0.00382391
0.00390299
0.00399442
0.0033896
0.00421287
0.00394608
0.00421339
0.00360709
0.00408109
0.00407526
0.00350762
0.0040093
0.0042435
0.0039002
0.0044088
0.0037948
0.00376394
0.00416158
0.00410163
0.00375326
0.00353777
0.00405828
0.00435887
0.00410655
0.00377354
0.0037854
0.00370965
0.00408624
0.00396844
0.00388558
0.00408066
0.00374186
0.00387059
0.00380864
0.00347533
0.00378004
0.00394962
0.00383934
0.0041206
0.00403955
0.00366426
0.00390682
0.00400594
0.00412122
0.00385118
0.00400171
0.00342208
0.0036597
0.00362574
0.00350491
0.00381503
0.00410089
0.00413704
0.00355192
0.00350243
0.00391764
0.00374763
0.00374838
0.00411025
0.00402261
0.00341973
0.00411379
0.00430903
0.00415279
0.00418341
0.00406384
0.00419865
0.00368634
0.00414987
0.00360608
0.00383732
0.00346334
0.00384291
0.003722
0.00396369
0.00332235
0.00382278
0.00364896
0.00385771
0.00381554
0.00405084
0.00393334
0.00380764
0.00347006
0.0039129
0.00352698
0.00358252
0.003849
0.0032245
0.00359489
0.00365668
0.00389134
0.00355324
0.00386994
0.00329973
0.00367032
0.00330765
0.00364287
0.00397113
0.00381116
0.00318824
0.00346287
0.0038168
0.00314192
0.00361522
0.00355047
0.00356114
0.00357196
0.00361208
0.00390843
0.00396223
0.00429122
0.00334676
0.0032619
0.00332397
0.00359519
0.00366608
0.00394871
0.00357516
0.00326589
0.00405801
0.00358986
0.00367753
0.00332283
0.00322054
0.00376895
0.00385568
0.00341303
0.00347591
0.00323765
0.00335073
0.00400823
0.00365125
0.0036719
0.00405043
0.0032144
0.00145352
