0.8
0.00426473
0.00424575
0.00416887
0.00427911
0.00438935
0.00450536
0.00429832
0.00421025
0.00424304
0.00410832
0.00410243
0.00429393
0.00433557
0.00433678
0.00428335
0.00422642
0.00436322
0.00407037
0.00408016
0.00419051
0.00425165
0.00424642
0.00423684
0.00446501
0.004293
0.00430569
0.00403396
0.0042561
0.00420917
0.00399065
0.00428143
0.004227
0.00404433
0.00434882
0.00409256
0.00402642
0.00427038
0.00413385
0.00390358
0.00417351
0.00426476
0.00424653
0.00426327
0.00423268
0.00428249
0.00420684
0.00431876
0.00419439
0.00404462
0.00432858
0.00430519
0.0040679
0.00429506
0.00404837
0.00428094
0.00419147
0.00425029
0.00417418
0.00404277
0.00409002
0.00414515
0.00415514
0.00412462
0.00407772
0.00414564
0.00421179
0.0042806
0.0040175
0.00390289
0.00432815
0.00398491
0.00420996
0.00405337
0.00408561
0.00410838
0.00402636
0.00406929
0.00410235
0.00406735
0.00419725
0.00372187
0.00406912
0.0040589
0.00395868
0.00399588
0.00404781
0.00411588
0.00400478
0.00412501
0.00401854
0.00387392
0.00410144
0.00418432
0.00408572
0.00394699
0.00403991
0.00402542
0.00424547
0.0041628
0.0039138
0.00408236
0.00393271
0.00400136
0.00405433
0.00440077
0.00412563
0.00391376
0.00400654
0.00383036
0.00386681
0.00390375
0.0040394
0.0039629
0.0040304
0.00400439
0.00405752
0.0039783
0.00394738
0.00382805
0.00402504
0.0041954
0.00398477
0.00430513
0.00383425
0.0038835
0.00422707
0.00416365
0.00403327
0.00395715
0.00392876
0.00383755
0.00406731
0.00380445
0.00399575
0.00390063
0.00400589
0.00396635
0.00400332
0.00436024
0.00382507
0.00411131
0.00401507
0.00381177
0.00388554
0.00404893
0.00407398
0.00391969
0.00394145
0.00408211
0.00376785
0.00405392
0.00400389
0.00427102
0.0039393
0.00373446
0.00404157
0.00378159
0.00378965
0.00384641
0.00403443
0.0039598
0.00408117
0.00385752
0.00424236
0.00376885
0.00382469
0.003728
0.00408636
0.00396317
0.0039238
0.00390479
0.0037876
0.00397594
0.00373988
0.0039576
0.00378394
0.00396955
0.00379088
0.00363424
0.00393437
0.00395458
0.00367469
0.00395894
0.00391916
0.00382267
0.00377005
0.00381095
0.00399073
0.00382079
0.00385376
0.00393467
0.0039657
0.00439797
0.00383741
0.00409137
0.00377718
0.00377097
0.00407997
0.00398452
0.00391357
0.00400822
0.00407351
0.00383673
0.00395093
0.00399993
0.00382955
0.00399453
0.00355729
0.00375552
0.00359716
0.00379247
0.00406033
0.00382968
0.00397967
0.00361378
0.00396743
0.00377474
0.00357351
0.00394598
0.00383695
0.00386199
0.00356157
0.00410907
0.00371246
0.00377986
0.00365499
0.0039451
0.00363984
0.00398744
0.00364991
0.00367703
0.00391266
0.00383202
0.00368935
0.00399339
0.0038962
0.00370111
0.00380792
0.00356249
0.00392975
0.00360257
0.00410971
0.00355614
0.0037143
0.00388432
0.00405605
0.00364278
0.00396385
0.00395473
0.00105846
