0.8
0.00495825
0.00433662
0.00455621
0.00502844
0.00481577
0.00472553
0.0048369
0.00454418
0.00561631
0.00552455
0.00396355
0.00433359
0.00388289
0.00403987
0.00523369
0.00447493
0.00487727
0.00443434
0.00471132
0.00481972
0.00469379
0.00436769
0.00460516
0.00471863
0.00385167
0.00429337
0.00396648
0.00420924
0.00468062
0.00450446
0.00432143
0.0052129
0.00444674
0.00394566
0.0043551
0.00497764
0.00430974
0.00443763
0.00452907
0.00492193
0.00352629
0.00506241
0.0046208
0.00437264
0.00407738
0.00377011
0.00454976
0.00441602
0.00437557
0.00478341
0.00398313
0.00503667
0.00473924
0.00417639
0.00449045
0.00421811
0.00392907
0.00417052
0.00418128
0.00412987
0.00420268
0.00407145
0.00438011
0.0041722
0.00368174
0.0039563
0.00389506
0.00416808
0.00382743
0.00434114
0.00400436
0.00467142
0.00405196
0.00474578
0.00455792
0.00429084
0.00401041
0.0043035
0.00431259
0.00417606
0.00354097
0.00448789
0.00372974
0.00407877
0.00384433
0.00356388
0.00353213
0.00419214
0.00456793
0.00403323
0.00435249
0.00408648
0.00401615
0.00431527
0.00397736
0.0043091
0.00369057
0.00377294
0.00440134
0.00429205
0.00424696
0.00435233
0.00379334
0.00398497
0.00384298
0.00425781
0.0037006
0.0042805
0.00419213
0.0043546
0.00419958
0.00429812
0.00396395
0.00464046
0.00412406
0.0042307
0.00442186
0.00347684
0.004057
0.0043427
0.00371302
0.00305369
0.00364341
0.00336346
0.00410946
0.00340432
0.00437913
0.00400394
0.00428118
0.00372432
0.0041301
0.00363434
0.00371281
0.0037323
0.00380088
0.00449216
0.00414282
0.00377825
0.00453094
0.00412923
0.00394608
0.00373058
0.00363643
0.00333299
0.00395416
0.00394434
0.00346217
0.00403666
0.00385579
0.00396604
0.00329934
0.00417359
0.00322363
0.00433417
0.00388116
0.00421013
0.00416863
0.00328779
0.0035512
0.00397819
0.00422157
0.0034898
0.00385525
0.00384283
0.00337373
0.00380474
0.00374079
0.00393611
0.00342338
0.00346473
0.0031445
0.00383587
0.00324798
0.00372826
0.00376513
0.00386329
0.00362902
0.00354546
0.00352869
0.0036269
0.00384472
0.00382908
0.00327379
0.00346179
0.00319736
0.00361742
0.00385451
0.00422366
0.00331708
0.0040129
0.00355353
0.00409717
0.00360812
0.00326381
0.00411578
0.00362681
0.00356143
0.00357461
0.00383462
0.00393674
0.00368722
0.00346163
0.00434784
0.00359784
0.00356855
0.0033504
0.00378373
0.00385001
0.00409642
0.00355988
0.0039106
0.00327385
0.00407533
0.00359127
0.00302299
0.0036169
0.00422529
0.00378947
0.00341915
0.00402801
0.00386714
0.00367709
0.00361864
0.00408946
0.00420934
0.00345932
0.00386146
0.00414434
0.00387888
0.00345819
0.00359671
0.00381789
0.0041826
0.00339327
0.00329813
0.00388483
0.00341433
0.00415298
0.00383577
0.00337319
0.00376481
0.00356757
0.00349635
0.00296426
0.00406507
0.00298663
0.0037301
0.00368659
0.00311263
0.00151096
