0.8
0.00455192
0.00481818
0.00502587
0.0048075
0.00415461
0.00471454
0.00479309
0.00437381
0.00476791
0.00459979
0.00478876
0.00456585
0.00449859
0.00458007
0.00431298
0.00465118
0.00421744
0.00470836
0.00468573
0.00512509
0.00443487
0.00470259
0.00450385
0.00402692
0.00432676
0.00485983
0.00460029
0.0041386
0.00434609
0.00452022
0.00419291
0.00461344
0.00457755
0.00475539
0.00426011
0.00436696
0.00475327
0.00425852
0.00416987
0.00428575
0.0038734
0.00445484
0.00467281
0.00457062
0.00405326
0.00405934
0.00511362
0.00423854
0.00409995
0.00443423
0.00460765
0.00413868
0.00394195
0.0038139
0.00442458
0.00405536
0.00412678
0.00431175
0.00425355
0.00428737
0.00436371
0.00430037
0.00428382
0.00435926
0.00427513
0.00457258
0.00461257
0.00404037
0.00377748
0.00407916
0.00401748
0.00364374
0.00416991
0.00433684
0.00390481
0.00408501
0.00451117
0.00421512
0.00403988
0.00392851
0.00431062
0.00407628
0.00443355
0.00438702
0.00380619
0.00421748
0.0039571
0.00437332
0.00436867
0.0042574
0.00427497
0.00408319
0.0039885
0.00377919
0.00384598
0.0043899
0.00417767
0.00359705
0.00423572
0.00413889
0.00429165
0.0040426
0.00384166
0.00369945
0.00385117
0.00429455
0.00387081
0.00444989
0.00379718
0.00384336
0.00371871
0.00410131
0.00389187
0.00380875
0.0038913
0.00389881
0.00411793
0.00387037
0.00392113
0.00397339
0.00414792
0.00387901
0.00417868
0.00384397
0.00412421
0.0037503
0.00432397
0.00403731
0.00407411
0.00383582
0.0041633
0.00367627
0.00364896
0.00354909
0.00384146
0.00338728
0.00397253
0.00345315
0.003687
0.00379075
0.00343038
0.004006
0.00393588
0.00398904
0.00364098
0.00401013
0.00356538
0.00393707
0.00411017
0.00336633
0.0038025
0.00375045
0.00351932
0.00369127
0.00359262
0.00339458
0.00379722
0.00404169
0.00376
0.00396026
0.00378248
0.00346549
0.00365586
0.00389365
0.00354887
0.00380332
0.00388866
0.0034548
0.00391966
0.00379
0.0037742
0.00377125
0.00368623
0.00376256
0.00398577
0.00381167
0.00351041
0.00414938
0.00350576
0.00378646
0.00417651
0.00353457
0.00388259
0.00367025
0.00364142
0.00417683
0.00395094
0.00370579
0.0042118
0.00384874
0.00388448
0.00386797
0.00385137
0.00399142
0.00403581
0.00349339
0.00323625
0.0037726
0.00342361
0.00374216
0.00354197
0.00371645
0.00394446
0.0037623
0.00465699
0.00392735
0.00358409
0.00403496
0.00360815
0.00346544
0.00350043
0.00345777
0.00367823
0.00341947
0.00342436
0.0035984
0.00415138
0.00345022
0.00399937
0.00382239
0.00338949
0.00377714
0.00363966
0.00376437
0.003872
0.00377677
0.00381456
0.00393663
0.00354051
0.00373606
0.00367384
0.00354463
0.0037233
0.00376094
0.0038081
0.00393693
0.00341045
0.00359851
0.00397918
0.00365148
0.0037067
0.00381093
0.00377671
0.00394193
0.00384573
0.00335263
0.00351872
0.00381026
0.00369635
0.00139126
