0.8
0.00470667
0.00468382
0.00485553
0.00471823
0.0043241
0.00446333
0.00443263
0.00479788
0.00445642
0.00422006
0.0048483
0.00443959
0.00455873
0.00458891
0.00414553
0.00455297
0.00456607
0.00435892
0.00440069
0.00419866
0.00450621
0.00433049
0.00400759
0.00434804
0.00466879
0.00446464
0.00434829
0.00443997
0.00437116
0.00481395
0.00413844
0.00473242
0.00453613
0.00394688
0.00422488
0.00431105
0.00427028
0.00447041
0.00435728
0.00418437
0.00427575
0.00425441
0.00448553
0.00449343
0.00441192
0.00443937
0.00453623
0.00435427
0.00434077
0.00443808
0.00435858
0.00427469
0.00446625
0.00429146
0.00450729
0.0042039
0.00461248
0.00455421
0.00443956
0.00383227
0.00422657
0.00406273
0.00416015
0.00449733
0.00412213
0.0039802
0.0044019
0.00442089
0.00393304
0.004033
0.00425439
0.00435875
0.00448455
0.00404653
0.00432905
0.00386424
0.00421274
0.0044085
0.00390417
0.00414326
0.0043011
0.00422564
0.00389805
0.00370924
0.00415077
0.00377477
0.00453768
0.00403085
0.00431522
0.00405948
0.00432069
0.00438477
0.0040918
0.00407825
0.00398521
0.00387929
0.00388648
0.00431739
0.00418491
0.00394041
0.00409553
0.00410101
0.00405919
0.00394992
0.00392282
0.00412594
0.00398089
0.00394629
0.00396803
0.00404491
0.00363618
0.00382508
0.00388776
0.00369678
0.00368147
0.00414895
0.00394987
0.00424597
0.00412065
0.00416239
0.00410584
0.00382186
0.00399146
0.00382869
0.00401464
0.00459225
0.00405722
0.00344776
0.00384351
0.0037233
0.00379767
0.00366978
0.00372487
0.00384287
0.00386711
0.00413272
0.00394107
0.00419525
0.00362395
0.00379725
0.0039011
0.00389627
0.00429221
0.00393509
0.00372784
0.00361007
0.00388976
0.00371188
0.00367871
0.00405616
0.00389873
0.00401407
0.00405692
0.0041698
0.00385996
0.00317099
0.00366729
0.00358162
0.00374534
0.00367797
0.00376516
0.00406802
0.00448908
0.00355477
0.00354674
0.00400938
0.00384
0.00376712
0.00404427
0.00364458
0.00423451
0.00370594
0.00381042
0.00380346
0.00364085
0.00385185
0.00388288
0.00385251
0.00360148
0.00346933
0.00378113
0.00344742
0.0038059
0.0038826
0.00401555
0.00384311
0.00352771
0.00352754
0.00336506
0.00376015
0.00399875
0.00354625
0.00367764
0.00357319
0.00377297
0.00381743
0.00367875
0.00383513
0.00379783
0.00369348
0.00401884
0.00372557
0.00357071
0.0036087
0.00387851
0.00364898
0.00394702
0.00392374
0.0037272
0.00363692
0.00374524
0.00401384
0.00356617
0.0034895
0.00398503
0.00365129
0.00387868
0.00424611
0.00369463
0.00336338
0.00377337
0.00361636
0.00351703
0.00375015
0.00368586
0.00360172
0.00352669
0.00370024
0.00340319
0.0038716
0.00367255
0.00386213
0.00383278
0.00380545
0.00392454
0.00359285
0.00372081
0.00328779
0.0041246
0.00354723
0.00401653
0.00379378
0.00330847
0.00333268
0.00342463
0.00383245
0.00381398
0.00350578
0.00419593
0.00132347
