0.8
0.00347048
0.00431213
0.00364189
0.00527159
0.00430411
0.00513065
0.00422668
0.00456771
0.00371197
0.00614852
0.00293229
0.00455325
0.00476996
0.00435826
0.00402666
0.00503132
0.00457438
0.00390381
0.00389414
0.00497286
0.00371944
0.00412379
0.00445909
0.00448184
0.00412928
0.00325094
0.00511083
0.00509538
0.00358907
0.00474414
0.00354721
0.00429922
0.00328464
0.00323434
0.00384173
0.0037534
0.00496852
0.00412774
0.00298717
0.00392735
0.00395854
0.00362865
0.00518009
0.00520019
0.00470432
0.00434238
0.00318525
0.0044719
0.00496445
0.00517488
0.00498677
0.00508105
0.00448682
0.00428844
0.00526606
0.00487813
0.00426423
0.00384992
0.00403808
0.00429871
0.00387448
0.00399361
0.00461681
0.00370475
0.00419513
0.0037035
0.00361192
0.00426457
0.00488689
0.0041426
0.00326065
0.00342344
0.00417259
0.00334289
0.00501184
0.00444787
0.00430872
0.00473906
0.00423293
0.00466094
0.00546165
0.00484925
0.0047762
0.00236953
0.005136
0.00371731
0.00448526
0.0050207
0.0032579
0.00467538
0.00457552
0.00424655
0.00369018
0.00401273
0.00485579
0.00441533
0.00527837
0.00294717
0.00448412
0.00477619
0.00410768
0.00344496
0.00508374
0.00424329
0.00381435
0.00364567
0.00296347
0.00518017
0.00416851
0.00411614
0.00375082
0.0045337
0.00287723
0.00359649
0.00366735
0.00279585
0.00359433
0.00392254
0.00345427
0.00428458
0.00404874
0.00413846
0.00415416
0.00401925
0.00480001
0.00400462
0.00390258
0.00330033
0.00362004
0.00443907
0.00312238
0.00470871
0.00350162
0.00327289
0.00534422
0.00427868
0.00341903
0.005527
0.00328505
0.00402315
0.00281135
0.00416201
0.00349253
0.00466477
0.00445671
0.00358228
0.00256904
0.00352612
0.00240935
0.00338255
0.00392385
0.00359393
0.00429613
0.00396107
0.00282924
0.00387112
0.00372383
0.00357837
0.00399747
0.00459542
0.00289969
0.00279056
0.00436565
0.00481934
0.00441645
0.00431505
0.00523825
0.00319783
0.00467727
0.00454853
0.00341808
0.00362129
0.00375482
0.00443889
0.00392801
0.00365126
0.00410908
0.00334385
0.00421602
0.00287044
0.00394922
0.00258332
0.00373273
0.00259101
0.00394924
0.00420685
0.00363713
0.00424628
0.0033125
0.00311122
0.00396218
0.00426276
0.00433235
0.00301286
0.00443538
0.00480242
0.00417188
0.00322278
0.00315388
0.00452645
0.0038573
0.00438588
0.00364811
0.00487224
0.00450264
0.00326435
0.00288833
0.00366745
0.00332664
0.00363099
0.00331212
0.00371296
0.0026497
0.00343706
0.0036938
0.00393303
0.0041777
0.00338581
0.00433252
0.00354466
0.00350327
0.00353579
0.00346916
0.0038133
0.00453529
0.00395067
0.00405201
0.00295432
0.00390461
0.00394042
0.00423295
0.00341842
0.003907
0.00353799
0.00343458
0.00399789
0.00333075
0.00502008
0.00505374
0.00489803
0.00356479
0.00317425
0.0045333
0.00275155
0.00381537
0.00333016
0.0038397
0.00449045
0.00286432
0.00116452
