0.8
0.00446057
0.00443871
0.004435
0.00420773
0.00438149
0.00448463
0.00413265
0.00427319
0.00452405
0.00466823
0.00406511
0.00418973
0.00420809
0.00432935
0.00416067
0.00446543
0.00428162
0.00461377
0.0044824
0.00421364
0.00430016
0.00430693
0.00428393
0.00430945
0.00432995
0.0042907
0.00445442
0.00417719
0.0042228
0.00454248
0.0043508
0.00432244
0.00421095
0.00428764
0.00402374
0.00437758
0.00450941
0.00449018
0.0040925
0.00430039
0.00442126
0.00396534
0.00425997
0.00400017
0.00411069
0.00404322
0.00411566
0.00425663
0.00432994
0.00393969
0.00420154
0.00411011
0.00418203
0.00418907
0.00424363
0.00431421
0.00409588
0.00413208
0.00419862
0.00413122
0.00428167
0.00422253
0.0042249
0.00394545
0.00409007
0.0042021
0.0040081
0.00421394
0.00425409
0.00405486
0.00399625
0.00416776
0.00394153
0.00437766
0.00400414
0.00403857
0.00402569
0.00408437
0.00391243
0.00424935
0.00428547
0.00376925
0.00390174
0.00387731
0.00428578
0.00416335
0.00407407
0.00408685
0.00407585
0.00396806
0.00389539
0.0041814
0.00417982
0.00390264
0.00380797
0.00392449
0.0042066
0.00419556
0.0040244
0.00434091
0.00395036
0.00422886
0.00411965
0.00428067
0.00395081
0.00411943
0.00384278
0.00392078
0.00408047
0.00413285
0.00422086
0.00403853
0.00413076
0.00414525
0.00412363
0.00410545
0.00422147
0.00399257
0.00387998
0.0041057
0.00369646
0.00403382
0.00415175
0.00401641
0.00395132
0.00379831
0.00387718
0.00391797
0.00433168
0.00401543
0.00423601
0.00402173
0.00380106
0.00387756
0.00369428
0.00387126
0.00409985
0.00381113
0.00392039
0.00392855
0.00399252
0.00393348
0.00406721
0.00399946
0.00382377
0.00397263
0.00377664
0.00403428
0.00379779
0.0039899
0.00403771
0.00375604
0.00397404
0.00353673
0.00410198
0.00392216
0.00388234
0.00396926
0.00412156
0.00393874
0.00398308
0.00393946
0.00367737
0.0038219
0.0039674
0.00392171
0.00399147
0.00382177
0.00442076
0.00369189
0.00405067
0.00366769
0.00390364
0.00384569
0.00394352
0.00386174
0.00378366
0.00399081
0.0039588
0.00366437
0.00398504
0.00371041
0.00349018
0.00388671
0.00406131
0.00397022
0.00405119
0.0037331
0.00375203
0.00402746
0.00405606
0.00372598
0.00368907
0.00419776
0.00394087
0.00360974
0.00389379
0.00388543
0.00341824
0.00355924
0.00386991
0.00341603
0.003617
0.00374199
0.0037441
0.00383691
0.00364208
0.0036339
0.00382216
0.0038406
0.00383152
0.00358674
0.00386045
0.00376293
0.00404972
0.00394979
0.00377899
0.00354335
0.00388923
0.00369429
0.00355556
0.00355518
0.00393579
0.00381039
0.00366635
0.00378625
0.0037358
0.00386545
0.00398548
0.00385362
0.00369034
0.00395225
0.0036815
0.00381191
0.0038022
0.00389965
0.00383004
0.00375314
0.00393026
0.00384643
0.00348505
0.00388377
0.00355353
0.00388085
0.00354616
0.00403871
0.00405969
0.00380679
0.00382457
0.00115615
