0.8
0.00406581
0.00420697
0.00427779
0.00401857
0.00407252
0.00415677
0.00419997
0.0040831
0.00412709
0.00418307
0.00426848
0.00421296
0.00422737
0.00419893
0.00424031
0.0042089
0.00417835
0.00422454
0.00422056
0.00411297
0.00405044
0.00420524
0.00416989
0.00405332
0.00411129
0.00405772
0.00412006
0.00404863
0.00392996
0.00413613
0.00403817
0.00414725
0.00424363
0.00424502
0.00411868
0.00404474
0.00407713
0.00422279
0.00426989
0.00406233
0.00400869
0.00410804
0.00405738
0.00408881
0.00404604
0.00405114
0.00398956
0.00403113
0.00420873
0.00411144
0.00394225
0.00404296
0.00398549
0.0041784
0.00418958
0.00411786
0.00401649
0.00402417
0.00414923
0.00408852
0.00415073
0.00416127
0.00406269
0.00418529
0.0041009
0.0040908
0.00412231
0.00404982
0.00409558
0.00413189
0.00412008
0.00423219
0.00401686
0.00402632
0.00402486
0.00399129
0.00399264
0.00406441
0.00405511
0.00414367
0.00412673
0.00404642
0.0039318
0.00393353
0.00406584
0.00414419
0.00411287
0.00405924
0.00415118
0.00410379
0.00393606
0.00404156
0.00391718
0.00401713
0.0041405
0.00399616
0.00401747
0.0039892
0.00404908
0.00408304
0.0040851
0.00411533
0.00398615
0.00409878
0.00402385
0.00396854
0.0040659
0.00406953
0.00401364
0.004007
0.00398266
0.00395849
0.00398986
0.00395718
0.00395395
0.00387145
0.00399123
0.0039757
0.0040618
0.00392247
0.00408544
0.00396085
0.00399572
0.00395391
0.00392198
0.00413417
0.00409315
0.00399128
0.00396429
0.00413556
0.00384365
0.00402078
0.00398075
0.0040312
0.00392444
0.0038646
0.00404077
0.00412623
0.00394219
0.00409928
0.00392233
0.00411959
0.0038404
0.00409295
0.00412677
0.00408528
0.00416731
0.00410748
0.00381484
0.00389585
0.00361947
0.00390032
0.00381927
0.00403771
0.00408402
0.00384838
0.00389574
0.00402926
0.00397167
0.00404644
0.00394342
0.00383698
0.00390263
0.00383215
0.00384868
0.00407562
0.00395141
0.00407017
0.00401959
0.00390079
0.00411098
0.00374668
0.00407187
0.00401479
0.00408124
0.00407166
0.00415392
0.00388916
0.00401079
0.00403927
0.00398478
0.00403887
0.00397078
0.00393714
0.00394026
0.00388858
0.00407127
0.00373557
0.00414608
0.00399196
0.00403145
0.00382415
0.00395263
0.0039067
0.00384218
0.0038648
0.00394256
0.00397352
0.0038909
0.00383282
0.00383829
0.00390167
0.00382158
0.00401876
0.00394473
0.00389795
0.00380683
0.00397623
0.00403063
0.00393441
0.00372351
0.00385879
0.00371291
0.00384948
0.003875
0.00394637
0.00400655
0.00372635
0.00398521
0.00395411
0.00382198
0.00376383
0.00403727
0.00406783
0.00412521
0.00376761
0.00382724
0.0041031
0.00386553
0.00386382
0.00390935
0.00378558
0.00393064
0.00393485
0.00393072
0.00392262
0.00397065
0.00380427
0.00391348
0.00387844
0.00398595
0.00362466
0.00403616
0.0040416
0.00390196
0.00381557
0.00385034
0.00385674
0.00398448
0.000941545
