0.8
0.00440246
0.00443611
0.00433221
0.00455583
0.00451585
0.00482657
0.00441427
0.00462454
0.00469964
0.00424916
0.00460018
0.00429759
0.00451449
0.00479537
0.00450278
0.00454
0.00431898
0.00448602
0.00413953
0.00453504
0.00442274
0.00434381
0.00422095
0.00423106
0.00425951
0.00417718
0.00424772
0.00425868
0.0040032
0.00446323
0.0044653
0.00438348
0.00412672
0.00420415
0.00450097
0.00445571
0.00455032
0.00433976
0.00439126
0.00426862
0.00446302
0.00393706
0.00431432
0.00426671
0.0043876
0.00405262
0.00423098
0.00436326
0.00422802
0.00450123
0.00399474
0.00409001
0.00413762
0.00417435
0.00449593
0.00417067
0.00450177
0.00440019
0.00427084
0.00434319
0.00422955
0.00416653
0.00429401
0.00428404
0.00402998
0.00407993
0.00400011
0.00400418
0.00419705
0.00412708
0.00424461
0.0045703
0.00405985
0.00431592
0.00410519
0.00413085
0.00419728
0.00439421
0.00402862
0.00400467
0.00418661
0.00428885
0.00406077
0.00396448
0.00433464
0.00422028
0.00397384
0.00401592
0.00402295
0.00425232
0.00386603
0.00438513
0.00410519
0.00397952
0.00432946
0.00426631
0.00402346
0.0040712
0.00404388
0.00441614
0.00423103
0.00405463
0.00398748
0.00419671
0.00408072
0.00388642
0.00394058
0.00412638
0.00396897
0.00381467
0.00435322
0.003934
0.00391468
0.0040892
0.00423736
0.00399159
0.0038708
0.00408952
0.00346097
0.00402982
0.00391563
0.00423534
0.00371939
0.00383979
0.00391421
0.00410839
0.00385326
0.00405705
0.00400545
0.00404026
0.00411084
0.00418474
0.00394254
0.00394076
0.00393826
0.00446544
0.00430391
0.00379537
0.00370415
0.00413217
0.00403762
0.0038719
0.00371126
0.00368987
0.00386229
0.00411397
0.00378898
0.00379767
0.00389288
0.00386506
0.00351598
0.003823
0.00387298
0.00405343
0.00410625
0.00369344
0.00361089
0.00356116
0.00369296
0.00376726
0.00380451
0.00375045
0.00385251
0.00373355
0.00360374
0.00387898
0.00377747
0.00404617
0.00385234
0.00409046
0.003501
0.00361935
0.00362645
0.00382803
0.00355487
0.0034148
0.00387434
0.00361098
0.00358813
0.00368691
0.00400064
0.00385286
0.00388943
0.00389681
0.00386542
0.0038275
0.00386495
0.003946
0.00361233
0.00383475
0.00373226
0.0039208
0.00348832
0.00349864
0.00401807
0.00395354
0.00355369
0.00385136
0.00366497
0.00395453
0.00367182
0.0038429
0.00342784
0.00385373
0.00404552
0.00359518
0.00414849
0.00409123
0.00333346
0.00371925
0.00370675
0.00375921
0.00366239
0.0039044
0.00366782
0.00363427
0.00360052
0.00378303
0.00399918
0.0034842
0.00397359
0.00358799
0.00412818
0.00381868
0.00399873
0.00357206
0.00336057
0.00369425
0.00389559
0.00383275
0.00380733
0.00318336
0.00381853
0.00373207
0.00401884
0.00379034
0.00358437
0.00406828
0.00347282
0.00395477
0.00361706
0.00357002
0.00381124
0.00371912
0.00349983
0.00346221
0.00343698
0.00384612
0.00415454
0.00124607
