0.8
0.00952005
0.00888437
0.0110349
0.016718
0.0136409
0.0181728
0.0153847
0.0174918
0.00928397
0.0139988
0.0138015
0.0111507
0.0139626
0.0134185
0.0152679
0.00972541
0.0163197
0.0101525
0.00985172
0.0139849
0.0114451
0.0144629
0.00692842
0.00984491
0.0147449
0.0133115
0.0145889
0.012072
0.0117163
0.0148748
0.0143278
0.0139573
0.0099722
0.0128968
0.0107075
0.0134056
0.00981259
0.0110625
0.0106949
0.0135697
0.0137338
0.0137511
0.0118346
0.0123136
0.0170851
0.0151278
0.00920987
0.0122245
0.011947
0.0126076
0.0088576
0.0122905
0.0168185
0.0108666
0.0122768
0.0104807
0.00675267
0.0128384
0.0150725
0.0158151
0.0154329
0.0142406
0.0104806
0.0150575
0.00954492
0.0106864
0.0125658
0.0126242
0.0112955
0.0186396
0.0137384
0.00912784
0.0118918
0.015877
0.0104512
0.011266
0.0144336
0.0116284
0.0101751
0.00277602
