0.8
0.0197881
0.0216617
0.0187311
0.03353
0.00659232
0.0230171
0.018225
0.0245476
0.0216748
0.0231222
0.0200848
0.0218162
0.0211545
0.019781
0.0174293
0.0264419
0.0267342
0.0189547
0.0112114
0.0219902
0.025803
0.0203451
0.0153856
0.0192773
0.0155802
0.0223362
0.017775
0.0244227
0.0214767
0.0164459
0.0162136
0.0205995
0.0201107
0.0151182
0.0173945
0.0254084
0.0149442
0.0204857
0.0136517
0.0285593
0.0237226
0.0270167
0.0156481
0.0107339
0.0262817
0.0198994
0.0233174
0.0217314
0.0195791
0.00424818
