0.8
0.00513051
0.00490722
0.00388961
0.0051878
0.00447214
0.0045097
0.00497524
0.00444188
0.00461747
0.0040331
0.00466545
0.00434881
0.00451244
0.0040067
0.0042075
0.00423782
0.00453223
0.00398082
0.00398749
0.00427878
0.00453849
0.00380448
0.00429043
0.00387274
0.00451403
0.00443041
0.00415969
0.00398818
0.0045878
0.00422777
0.00419758
0.00387079
0.00452663
0.00423273
0.00428076
0.0043537
0.00399286
0.00409036
0.00364172
0.00393815
0.00392303
0.00415439
0.00407543
0.00389925
0.00327639
0.00374792
0.00395648
0.00419843
0.0042555
0.00431424
0.00421184
0.00436332
0.00430017
0.00414637
0.00399652
0.00351326
0.00359007
0.00436601
0.00342779
0.00411483
0.00380555
0.00430271
0.00452743
0.00354364
0.00414845
0.00337677
0.00370048
0.00361979
0.00376116
0.00366212
0.00337459
0.00414713
0.00411036
0.00364417
0.00401472
0.00358864
0.00391418
0.00362348
0.00333337
0.00383417
0.00403215
0.003568
0.00389949
0.00341787
0.00391234
0.00415915
0.00457694
0.00415291
0.00412868
0.00407875
0.00376508
0.00409452
0.00352446
0.00383682
0.00341884
0.00376867
0.00329294
0.00344142
0.00353421
0.00370631
0.0043603
0.00367251
0.00348642
0.00312313
0.00399731
0.00363614
0.004418
0.00362416
0.0031318
0.00385377
0.003459
0.00385249
0.00378637
0.00352521
0.00371789
0.00328899
0.00453045
0.00339526
0.00438584
0.00333791
0.00390935
0.00388868
0.00413128
0.00379661
0.00348027
0.00373856
0.00389076
0.00349282
0.00344036
0.00380671
0.00427712
0.0034917
0.00411894
0.00344806
0.00324685
0.00342436
0.0036801
0.00388189
0.0037982
0.00343513
0.00425734
0.00351594
0.00376419
0.00335872
0.00346618
0.00366581
0.00311047
0.00368511
0.003333
0.00387197
0.00389452
0.00351793
0.00334998
0.00322609
0.00409553
0.00362729
0.00356678
0.00352454
0.00313933
0.00392955
0.00385868
0.00409358
0.00393127
0.00346679
0.00334928
0.00355983
0.00336739
0.00314641
0.00319025
0.00348422
0.00336116
0.0035403
0.00362649
0.00397752
0.00328019
0.00398037
0.00386482
0.00307823
0.00376259
0.00343506
0.00365475
0.00343868
0.00366414
0.00376906
0.00352909
0.00392932
0.00282315
0.0032249
0.00325937
0.00348057
0.00367617
0.0032158
0.00346759
0.00358114
0.00372184
0.00353404
0.00327769
0.00339387
0.00316707
0.00337245
0.0033684
0.00305456
0.00393431
0.00355148
0.00358389
0.00354516
0.00328125
0.00310981
0.00347164
0.00351178
0.00295452
0.00349328
0.0030769
0.00358138
0.0037026
0.00340254
0.00356543
0.00362296
0.00338129
0.00326375
0.00321908
0.00338709
0.00313923
0.00314046
0.00315532
0.00332708
0.00354122
0.00319685
0.00320488
0.00371132
0.00332531
0.00341401
0.00367573
0.00347059
0.00338856
0.00355286
0.00307346
0.00302212
0.00341221
0.00344628
0.00333306
0.00291576
0.00371714
0.00371173
0.00316264
0.00327037
0.00351245
0.00322329
0.00373418
0.00352555
0.00290666
0.00353251
0.00377001
0.00334185
0.00397237
0.00352403
0.00344802
0.00332239
0.00288574
0.0034228
0.0031082
0.00328543
0.00311904
0.0029769
0.0030803
0.0030377
0.00362173
0.0036124
0.00323115
0.0014022
