0.8
0.0101858
0.0118012
0.00927651
0.0119023
0.0113016
0.00961
0.0113029
0.0119397
0.00818868
0.0135771
0.0127455
0.0114602
0.0105617
0.0132282
0.0111531
0.0140785
0.0124433
0.00994139
0.012956
0.0102328
0.00691868
0.0144592
0.0115002
0.00944404
0.00948504
0.00937418
0.0104158
0.0126806
0.0124602
0.00828694
0.0102128
0.0142318
0.0117386
0.0109249
0.0167179
0.0124216
0.00966747
0.0154505
0.0122153
0.00998444
0.0113664
0.0113374
0.0118349
0.0087033
0.00983611
0.0110335
0.008055
0.0109887
0.0140868
0.00780569
0.0125202
0.0142839
0.00922887
0.00985618
0.0132295
0.0101426
0.0079288
0.0128791
0.0119217
0.00927073
0.0137195
0.0131215
0.00979955
0.0153755
0.0113924
0.0122428
0.00831639
0.0134005
0.00800562
0.0107237
0.0117293
0.00813489
0.00955961
0.00838935
0.00576795
0.0112206
0.0125906
0.0123083
0.0123339
0.0103805
0.0137205
0.0127117
0.0152707
0.010711
0.0116112
0.00917208
0.00993723
0.0105386
0.0125839
0.00244435
