0.8
0.00392875
0.00347342
0.00386937
0.00387137
0.00415556
0.00365781
0.00390445
0.00411441
0.00400492
0.00397134
0.00415734
0.00354991
0.00364079
0.00329707
0.00369745
0.00359969
0.00352656
0.00346862
0.00391972
0.00350377
0.00368359
0.00364993
0.00403922
0.00367165
0.00361464
0.00368794
0.00390594
0.00417527
0.00400777
0.00379559
0.00358402
0.0037776
0.00349163
0.00352483
0.00357085
0.00384296
0.00341081
0.00355962
0.00342988
0.00391258
0.00414165
0.00399592
0.00366113
0.00319691
0.00375419
0.0034456
0.0039674
0.00362433
0.00368389
0.00339735
0.0031566
0.00305547
0.00406727
0.00345913
0.0031444
0.00397479
0.00333503
0.00324879
0.00358983
0.00344039
0.00358506
0.00338243
0.00353028
0.00358756
0.00370367
0.00386288
0.00333794
0.00305852
0.00326336
0.00343264
0.0036712
0.00297993
0.00338187
0.00343891
0.00359734
0.00358194
0.00350488
0.00384997
0.00325547
0.00338113
0.00359241
0.00373685
0.00363686
0.0029515
0.00340515
0.00311104
0.00343373
0.00330112
0.00326942
0.00363501
0.00346432
0.00306297
0.00398024
0.00304399
0.00330394
0.00351809
0.00362693
0.00316494
0.00312668
0.00309911
0.00369852
0.00332007
0.00370785
0.00333725
0.00358963
0.0032602
0.00339441
0.00332414
0.00272574
0.00332063
0.00329442
0.00292784
0.00378484
0.00303432
0.00364372
0.00336701
0.00303503
0.00314779
0.00324859
0.00318699
0.00262107
0.00301036
0.00329265
0.00359873
0.0035357
0.00321536
0.00310168
0.00273132
0.00358817
0.00315262
0.00252247
0.00306899
0.00341944
0.00357573
0.00344036
0.0034632
0.00343377
0.00293569
0.00321476
0.00335284
0.00282005
0.00356576
0.0035315
0.00312921
0.0032488
0.00325114
0.00348114
0.0030281
0.00285732
0.00307853
0.00335295
0.00315207
0.00326812
0.00328238
0.00311704
0.0031172
0.00248974
0.00300926
0.00306919
0.00313579
0.00261297
0.00342077
0.00381012
0.00305981
0.00316915
0.00283787
0.00313401
0.00326304
0.00362536
0.00307317
0.00333447
0.00290098
0.00323918
0.00334584
0.00318202
0.00266191
0.00308657
0.00349465
0.00338401
0.00317087
0.0034788
0.0030179
0.00279174
0.00310487
0.00318064
0.00263832
0.00363762
0.00311809
0.00324861
0.00318301
0.00347694
0.00372386
0.00335707
0.00314837
0.00302469
0.00290207
0.00273171
0.00294223
0.0028808
0.00318298
0.00315657
0.00285436
0.00333073
0.00292995
0.00296787
0.00294818
0.00313817
0.00300619
0.00324886
0.00259269
0.00299831
0.00290781
0.00317695
0.00281284
0.00268305
0.0030834
0.00317973
0.00265185
0.00309089
0.00297541
0.00264718
0.00334433
0.00304435
0.00324123
0.0033522
0.0029461
0.00289295
0.00316042
0.00290629
0.00260554
0.00308343
0.00302544
0.00286748
0.00288521
0.00280803
0.00331689
0.00296187
0.00291718
0.00258046
0.00288955
0.00315405
0.00326411
0.00289138
0.00260014
0.0028088
0.00281935
0.00314162
0.00235028
0.00315391
0.00296092
0.00307771
0.00282703
0.00294266
0.00267631
0.00314241
0.00277681
0.0027925
0.00308442
0.00296218
0.00284711
0.00286383
0.00275564
0.00278469
0.00312975
0.00294486
0.00279772
0.0027234
0.00239995
0.00331751
0.00309363
0.00286302
0.00278998
0.00306232
0.00292235
0.00334968
0.00310771
0.00317811
0.00315965
0.00269728
0.00288557
0.00285431
0.0033282
0.00298467
0.00312943
0.00245982
0.00291053
0.00272805
0.00278149
0.00322034
0.00284644
0.00314102
0.00264662
0.0028765
0.0028698
0.00302382
0.00258026
0.00269956
0.00264655
0.00303817
0.00289004
0.00258578
0.00347083
0.00347169
0.00302099
0.00270468
0.00294543
0.00299159
0.00277969
0.00281348
0.00122372
