0.8
0.00283427
0.00288195
0.0028935
0.00269954
0.00260073
0.00252386
0.00263029
0.00297187
0.00276884
0.00269211
0.00254725
0.00258756
0.00251701
0.00259878
0.00289625
0.002527
0.00249214
0.00304518
0.00243806
0.00288009
0.00263218
0.00267897
0.00256088
0.0025796
0.00275159
0.00259339
0.00259332
0.00227059
0.00283631
0.00266606
0.00289217
0.00248
0.00242497
0.00237295
0.00271182
0.00236762
0.00242531
0.00245171
0.00253438
0.00293135
0.00223474
0.00274734
0.00255933
0.00246634
0.00237874
0.00240988
0.00272067
0.00247073
0.00263304
0.00247414
0.00297599
0.00270018
0.00247226
0.00246769
0.00248098
0.00229952
0.00253961
0.00246612
0.00268673
0.00236311
0.00243386
0.0025963
0.00253764
0.0024356
0.00255905
0.0022787
0.00244429
0.00256307
0.00249432
0.00273022
0.0026395
0.0024886
0.00275251
0.00238822
0.0025068
0.00241316
0.0024619
0.00207371
0.0024298
0.00227777
0.00264535
0.00233984
0.00262083
0.00241557
0.00253836
0.00225634
0.00243523
0.00248522
0.00234923
0.00210523
0.00232493
0.00234975
0.00234525
0.00243338
0.00236128
0.00253077
0.00239532
0.00208505
0.00271987
0.00267301
0.00251118
0.00253728
0.00237437
0.00239488
0.00253524
0.00251659
0.00244358
0.0025733
0.00227094
0.00243185
0.00234422
0.00278292
0.00234635
0.00232736
0.0022947
0.00225483
0.00250773
0.00272725
0.00247071
0.0022943
0.00238762
0.00248634
0.00262007
0.0027018
0.00260515
0.00227086
0.00235991
0.00240141
0.00237209
0.00253296
0.0021419
0.00235041
0.00238005
0.00228433
0.0024327
0.00230421
0.00250775
0.00216437
0.00228467
0.00224685
0.00256001
0.00235297
0.00249079
0.00242044
0.00239164
0.002381
0.002259
0.00246875
0.00224484
0.00263148
0.00212375
0.00212557
0.0023839
0.00234887
0.00237688
0.00242683
0.00240671
0.0024568
0.0023721
0.00239335
0.00238224
0.00220652
0.00222126
0.00235176
0.00243982
0.00199192
0.00219481
0.00207023
0.00233419
0.00216131
0.00246364
0.00234148
0.00243005
0.00202529
0.00236512
0.00218903
0.00221614
0.00211173
0.00233906
0.00258502
0.00230365
0.00252846
0.00237595
0.00201153
0.0020283
0.00253185
0.00236676
0.00234977
0.00208132
0.00212481
0.00225877
0.00227495
0.00219096
0.00226281
0.00238136
0.00214665
0.00240724
0.00236603
0.00203864
0.00225223
0.00240763
0.00240438
0.00210671
0.00248443
0.00218255
0.00212967
0.00230432
0.00215148
0.00204642
0.00223609
0.00225213
0.00218662
0.00221262
0.00225863
0.00213212
0.00229528
0.00230504
0.00213538
0.00225387
0.00228309
0.00220196
0.0020962
0.00203286
0.00209493
0.00208626
0.00244711
0.00225013
0.00216364
0.0021951
0.00198401
0.00216565
0.00244638
0.00193775
0.00249054
0.00241263
0.00200481
0.00218443
0.002162
0.0022582
0.00230877
0.0021197
0.00211976
0.00237913
0.00226764
0.00234272
0.00246511
0.00200941
0.00239294
0.00224628
0.00226138
0.00212759
0.00230348
0.00223633
0.00204033
0.00233648
0.00194337
0.00210989
0.00263817
0.00217146
0.00204607
0.00231674
0.00225375
0.00216134
0.00202936
0.0021006
0.00208239
0.00213637
0.0020408
0.00256786
0.00212222
0.00227699
0.00228214
0.0023041
0.00205202
0.00227652
0.00197276
0.002179
0.00195227
0.00214187
0.00222698
0.00199462
0.00233109
0.00218522
0.00234243
0.0020118
0.00183782
0.00223995
0.00238457
0.00218953
0.00213175
0.00211579
0.00208798
0.00205886
0.00218706
0.00234845
0.00205655
0.00229071
0.00187799
0.0020391
0.00214591
0.00207755
0.00223514
0.00204217
0.00198488
0.00225164
0.00227883
0.00209629
0.00223403
0.00213782
0.00224926
0.0019093
0.00217924
0.00203562
0.00228498
0.00219185
0.00220953
0.00208855
0.0022787
0.00196947
0.00224611
0.00199604
0.00203741
0.00228695
0.00203758
0.00228133
0.00195234
0.00211309
0.0019938
0.00228769
0.00214607
0.00227742
0.00191561
0.00218673
0.0019062
0.00235085
0.00219653
0.00225026
0.00210222
0.00183295
0.00179715
0.00206264
0.00204816
0.00207278
0.0022245
0.00224183
0.00214644
0.00219422
0.00198537
0.00223712
0.00213834
0.00190586
0.00208692
0.00238266
0.0020926
0.00203175
0.00191742
0.00205422
0.00210814
0.00204397
0.00234514
0.00222626
0.00205251
0.00227065
0.00206012
0.00210287
0.00202125
0.00203834
0.00202714
0.00198483
0.0020721
0.002234
0.00201384
0.00200003
0.00178539
0.00211745
0.00212477
0.00211226
0.00214171
0.00200284
0.00215185
0.00197645
0.00201399
0.00194672
0.00210566
0.0022326
0.0018781
0.00185514
0.00199188
0.00193404
0.00198943
0.00213382
0.00218614
0.00194075
0.00197037
0.00198788
0.00207241
0.00219059
0.00209022
0.00215694
0.0019915
0.00213269
0.00193465
0.00215041
0.00216129
0.00206688
0.00192833
0.00196277
0.00184546
0.00198487
0.00204309
0.00210261
0.00224412
0.00219813
0.00202472
0.00203696
0.00195643
0.00192154
0.00232851
0.00202195
0.00196327
0.00217321
0.00193676
0.00224144
0.00219427
0.00200469
0.00194621
0.00210465
0.00216746
0.00232526
0.00220924
0.00220095
0.00227882
0.00182461
0.00207145
0.00193362
0.00203539
0.0021279
0.00204448
0.00195789
0.000859752
