0.8
0.00294652
0.00254488
0.00264876
0.0026648
0.0023361
0.00283981
0.00230797
0.00272227
0.00269927
0.00272229
0.00248423
0.00257855
0.0027732
0.00274893
0.0024009
0.00247864
0.00246272
0.00276471
0.0026621
0.00226703
0.00250226
0.00264285
0.0027214
0.00273184
0.00254851
0.00277733
0.00254793
0.0026282
0.00272668
0.00230447
0.00278087
0.00264102
0.00221551
0.0025146
0.00263029
0.00244673
0.00247375
0.00244876
0.00258883
0.00249206
0.00291933
0.00252027
0.00249339
0.00271315
0.00252299
0.00226718
0.00249598
0.00243581
0.00266654
0.00238871
0.00244356
0.00259488
0.00276223
0.00262769
0.00237604
0.00236048
0.00242419
0.00240236
0.00243994
0.002369
0.00232218
0.00245148
0.00251795
0.00248515
0.0027012
0.00255109
0.00239899
0.00252265
0.00263144
0.00232289
0.00247215
0.0023073
0.0024326
0.00262935
0.0026217
0.00236243
0.00272407
0.00228177
0.00218712
0.00231291
0.00262448
0.00244703
0.00256775
0.0022183
0.00250149
0.00236617
0.00237277
0.00265352
0.00250969
0.00242458
0.00264253
0.00251054
0.00254688
0.00235756
0.00244727
0.00247231
0.00257301
0.00259789
0.00241692
0.00247136
0.0027631
0.00233616
0.00213154
0.00213706
0.00222891
0.00238237
0.00210417
0.00200972
0.0022683
0.0024914
0.00247492
0.00226897
0.00228014
0.00229644
0.00245662
0.00262012
0.00219925
0.00246119
0.00211201
0.00215362
0.00233454
0.00250009
0.00246211
0.00222736
0.00223469
0.00240209
0.00254172
0.00219886
0.00229499
0.00212698
0.0021807
0.0026071
0.00258552
0.00252379
0.00235704
0.00239818
0.00214339
0.00202314
0.00250871
0.00232416
0.00222146
0.0024853
0.00239599
0.00244417
0.00236963
0.002428
0.00235594
0.00233045
0.00226772
0.00244283
0.00239105
0.0023446
0.0019988
0.00243077
0.00200176
0.00231244
0.0022429
0.00251071
0.00225253
0.0024378
0.00232827
0.00247877
0.00235185
0.00222563
0.00226116
0.0023544
0.00230093
0.00239558
0.00235562
0.00230289
0.0021961
0.00228081
0.00232088
0.00238993
0.00206119
0.00220378
0.00201781
0.00233672
0.00228044
0.00240754
0.00220326
0.00220884
0.00207481
0.00231985
0.00218166
0.0021158
0.0023681
0.00203361
0.00217748
0.00209396
0.0019904
0.00221238
0.00214826
0.00214837
0.00211032
0.00216004
0.0023576
0.00230137
0.00216199
0.00221368
0.00219409
0.00208066
0.00232943
0.00198518
0.00223476
0.00221362
0.00215081
0.00220063
0.0020087
0.00229763
0.00225751
0.00222667
0.00229177
0.00227773
0.00228114
0.00223572
0.00212731
0.00212434
0.00218192
0.00202115
0.00220376
0.00214334
0.0023974
0.00234877
0.00223946
0.00217659
0.00206208
0.00196744
0.0022105
0.00215162
0.00199166
0.00211264
0.00205363
0.00220879
0.00207023
0.00195069
0.00198912
0.00222711
0.00221974
0.00209832
0.00201583
0.00236205
0.00215282
0.00233435
0.00212272
0.00211843
0.00202487
0.00209593
0.00192719
0.00191947
0.00212593
0.00193463
0.00203983
0.00217051
0.00210282
0.00212333
0.00216877
0.00223406
0.0020656
0.00217974
0.0022508
0.002189
0.00218533
0.00208984
0.00222978
0.00175962
0.0021794
0.00219442
0.00215104
0.0021608
0.0022446
0.00187411
0.00207836
0.00210436
0.00201154
0.00218976
0.00197685
0.00206443
0.00221949
0.00208841
0.0022183
0.00201468
0.00201143
0.00206382
0.00194812
0.00198359
0.00210444
0.00214575
0.00172091
0.002055
0.00200222
0.0021444
0.0019161
0.00243371
0.00208964
0.00210364
0.00230177
0.00212148
0.00229985
0.00189222
0.00211108
0.00216368
0.00210979
0.00206585
0.00196434
0.00202873
0.00199214
0.00219762
0.00200485
0.00190398
0.00212065
0.00207722
0.00215711
0.00204638
0.00237663
0.00198632
0.00202426
0.00183705
0.00222048
0.00209045
0.00228194
0.00209292
0.00217214
0.00215445
0.00203795
0.00194297
0.00203477
0.002052
0.00187352
0.00203259
0.0020812
0.00191488
0.00181221
0.00213525
0.00208688
0.00203655
0.0021357
0.00224566
0.00210302
0.00209573
0.00219471
0.00191872
0.00216391
0.00206442
0.00222394
0.00202375
0.00213808
0.00196169
0.00184576
0.00208581
0.00193934
0.00191913
0.00196049
0.00200836
0.00185625
0.00185079
0.00197443
0.00208696
0.00189337
0.00220226
0.00195898
0.00216006
0.00226878
0.0018038
0.00203016
0.00205027
0.00199649
0.00208185
0.00205861
0.00206013
0.0020536
0.00197946
0.00208675
0.0020202
0.0020062
0.00211915
0.00209361
0.00211399
0.00218207
0.0023403
0.00197499
0.00225504
0.00172145
0.0020534
0.00175163
0.00195293
0.00188391
0.00189865
0.00187995
0.00226917
0.00224453
0.00205292
0.00207227
0.00202832
0.00212896
0.00186837
0.00200901
0.00193844
0.00217569
0.00188608
0.00200442
0.00198133
0.00197847
0.00203756
0.00221851
0.00199153
0.00206475
0.00200681
0.00174414
0.00227458
0.00199097
0.00189347
0.00229341
0.00212186
0.00221622
0.00210227
0.00204118
0.00202533
0.00223417
0.0020879
0.00193514
0.00189199
0.00205111
0.00210315
0.00206534
0.00190105
0.00189332
0.00205013
0.00225334
0.00199886
0.00210664
0.00223321
0.00191464
0.00192495
0.00197565
0.00213226
0.00215247
0.00212157
0.0020194
0.00192505
0.00182801
0.00201452
0.00197075
0.00203153
0.00203209
0.00194788
0.00220129
0.00195921
0.00216752
0.000842248
