0.8
0.00290482
0.00295908
0.00312977
0.00294261
0.00290622
0.00283411
0.00287305
0.00261694
0.00317063
0.0029115
0.00295596
0.00305563
0.00307554
0.0028661
0.00276673
0.00322086
0.00289116
0.00274806
0.00294512
0.00304475
0.00293804
0.00316806
0.00323646
0.00263016
0.00300655
0.00287067
0.00262318
0.00323611
0.00300334
0.00308964
0.00295768
0.00316053
0.00288708
0.00278212
0.00305693
0.00290675
0.00300751
0.00244831
0.002635
0.00276288
0.00285338
0.00281568
0.00285617
0.00322194
0.00276934
0.00270096
0.00305387
0.00257334
0.00272641
0.00290201
0.0028276
0.00295011
0.00281751
0.00292334
0.00293401
0.00342378
0.00268743
0.00260259
0.00284136
0.00294878
0.0025443
0.00311174
0.00261405
0.00237964
0.00295458
0.00285952
0.00281856
0.00278263
0.00312541
0.00301971
0.0023886
0.00277672
0.003003
0.00237914
0.00311013
0.0025839
0.00289365
0.0026453
0.00283772
0.00273442
0.0029118
0.00273583
0.00302402
0.00266342
0.00297543
0.00311699
0.00296404
0.00280853
0.00257838
0.00283446
0.0027928
0.00291228
0.00262899
0.00264434
0.00266688
0.00274658
0.00283997
0.00262659
0.00301589
0.00258365
0.0026416
0.00259989
0.00289595
0.00231159
0.00256746
0.00252016
0.00258275
0.00262895
0.00256087
0.00270575
0.00281371
0.00276032
0.00274886
0.0026408
0.00264483
0.00246857
0.00257143
0.00290483
0.00258619
0.00262556
0.00281285
0.0029928
0.00252255
0.0031219
0.00261756
0.0026092
0.00258193
0.00275558
0.00261563
0.00281689
0.00257085
0.00275986
0.00263055
0.00262961
0.00262487
0.00266149
0.00262782
0.00257835
0.00253591
0.00236527
0.00236225
0.0026086
0.00266107
0.00265041
0.00312058
0.00224089
0.00278649
0.00243311
0.00241169
0.00204412
0.00270595
0.00234033
0.00275939
0.00231464
0.00266388
0.00261491
0.00271486
0.00247772
0.00273654
0.00237923
0.00275938
0.00275131
0.00262634
0.00268956
0.00243314
0.00262462
0.00259367
0.00235714
0.00230909
0.0027098
0.00253143
0.00234112
0.00241646
0.00235792
0.00272135
0.00269407
0.00244172
0.00242031
0.0027572
0.0024995
0.00237386
0.00226371
0.00249117
0.00248237
0.00262418
0.0026856
0.00264699
0.00256503
0.00235325
0.00234588
0.00255902
0.00265564
0.00261696
0.00248058
0.0022643
0.00238786
0.00287489
0.00252715
0.00257018
0.00270152
0.00249394
0.00238865
0.00252194
0.00268936
0.00269762
0.00272285
0.00254198
0.00231975
0.00254922
0.00253378
0.00257883
0.00232674
0.00254308
0.0024232
0.00228296
0.0024457
0.0023095
0.00243087
0.0023374
0.0022917
0.00225805
0.00249945
0.00236686
0.00249086
0.00217251
0.00228536
0.0024962
0.00235763
0.00286088
0.00237184
0.00234976
0.00259973
0.00231863
0.00247154
0.00251486
0.00218363
0.00249769
0.00215291
0.0023897
0.00244389
0.00243007
0.00255871
0.0025487
0.00252535
0.00243276
0.00247003
0.0025787
0.00234183
0.00264004
0.00246023
0.00246955
0.00257349
0.00224377
0.00231398
0.00236719
0.00246739
0.00235827
0.00237668
0.00220456
0.00226316
0.00259916
0.00235366
0.00219495
0.00298686
0.00268485
0.00252961
0.0026254
0.00233474
0.00224744
0.0023999
0.00207399
0.00241531
0.0026006
0.00237041
0.0021067
0.00268508
0.00242435
0.00255669
0.00231432
0.00258081
0.00228771
0.00227917
0.00246082
0.00231767
0.00243565
0.00234007
0.00240083
0.00256597
0.00233642
0.00293006
0.00243003
0.00217767
0.00245724
0.00231168
0.00255914
0.00275861
0.00231579
0.0024639
0.00228733
0.00250081
0.0022218
0.0024032
0.00221477
0.00231899
0.00237113
0.00214577
0.00212641
0.00253502
0.00248661
0.00236895
0.00230825
0.00225303
0.00230588
0.00254986
0.00236325
0.00230255
0.00232813
0.00230615
0.00240161
0.00257657
0.00240916
0.00225634
0.0022557
0.00235802
0.00251225
0.00238965
0.00215072
0.00245186
0.0027617
0.00233648
0.00223007
0.00279815
0.00259431
0.00243827
0.00215111
0.00237824
0.00247786
0.00235841
0.00273705
0.00225207
0.00252709
0.00235427
0.00224625
0.00215822
0.00256557
0.00226369
0.00249015
0.00230159
0.00232532
0.00258873
0.00238039
0.00222061
0.00239607
0.00222827
0.00220596
0.00205496
0.00233062
0.00251582
0.0023807
0.00261449
0.00251582
0.00231737
0.00228439
0.00224132
0.00233777
0.00243903
0.00217659
0.00231392
0.00203767
0.00247407
0.00219883
0.00248602
0.00233092
0.00256447
0.00245768
0.0024763
0.00230562
0.00242549
0.00183229
0.00205041
0.00225927
0.00223284
0.00242807
0.00248918
0.00264358
0.0025503
0.00245725
0.00225033
0.00225022
0.000969668
