0.8
0.0037573
0.00423186
0.00349125
0.00365195
0.00411761
0.00346138
0.00409195
0.00378844
0.00326792
0.00368675
0.00404644
0.00407237
0.00364301
0.00372898
0.00369214
0.00297047
0.00340969
0.00359601
0.00364704
0.00433212
0.00348976
0.00334731
0.00370029
0.00382985
0.0042995
0.00395567
0.00406652
0.0041248
0.00390538
0.0034599
0.00359411
0.00328389
0.00354268
0.00409724
0.00391092
0.00434401
0.00401696
0.00429398
0.00365907
0.00368914
0.00377204
0.00408271
0.00374864
0.00375698
0.00408209
0.00398493
0.00376857
0.00371864
0.00410588
0.00370237
0.00319972
0.00377053
0.00400263
0.00342369
0.00335818
0.00341079
0.00343487
0.00341094
0.00360471
0.00391618
0.00326351
0.00348115
0.00343747
0.00401283
0.00377427
0.00372147
0.00302441
0.00312446
0.00375484
0.00332803
0.00367767
0.00358516
0.00352117
0.00352943
0.00360845
0.00358938
0.00349787
0.00386509
0.00380959
0.00422436
0.00330569
0.00286551
0.00356129
0.00345874
0.00317172
0.00344967
0.00332495
0.00363025
0.00353224
0.00364795
0.0030882
0.00334087
0.00375955
0.00307178
0.00372729
0.00319744
0.00347784
0.00315124
0.00357973
0.00384052
0.00328083
0.0036932
0.003871
0.00405846
0.00372861
0.00321457
0.0029403
0.00342411
0.00320529
0.00352703
0.00348141
0.00363435
0.00354736
0.00292628
0.00273801
0.00326093
0.00336618
0.00374663
0.00330513
0.00358366
0.00335914
0.00359773
0.00294445
0.00341226
0.00349518
0.00360085
0.00343755
0.00356599
0.00303483
0.00356324
0.00316853
0.00367411
0.00311088
0.00328551
0.00339705
0.00337316
0.00279029
0.00367427
0.00311401
0.00358389
0.00301098
0.00330603
0.00332198
0.00318482
0.00317327
0.00311556
0.00342531
0.00318283
0.00321669
0.00383013
0.00304411
0.00340931
0.00283873
0.00298591
0.00309919
0.00322365
0.00324892
0.00362275
0.00321158
0.0032736
0.00348328
0.00304775
0.00308426
0.0028497
0.00312635
0.00272342
0.00398752
0.00382545
0.00301814
0.00294219
0.00326806
0.00339093
0.00312024
0.00308599
0.00302088
0.00286469
0.00344618
0.00367081
0.00347749
0.00356522
0.00299605
0.00353124
0.00293746
0.00335055
0.00312407
0.00357337
0.00341264
0.00284872
0.00320271
0.0032514
0.0030075
0.00298915
0.00317926
0.00390335
0.00291831
0.00283266
0.00334456
0.00312085
0.00306174
0.00342953
0.0032916
0.00314743
0.00328753
0.00298141
0.00309037
0.00319562
0.0029225
0.00315146
0.00314352
0.0031921
0.00352814
0.00317904
0.00293789
0.00313673
0.00328914
0.00343696
0.00342983
0.00329605
0.00298834
0.00270068
0.00313749
0.00319777
0.00296841
0.00315698
0.00360697
0.00315247
0.00326724
0.00311373
0.00300767
0.00310201
0.00290842
0.00288694
0.00302375
0.00312346
0.00313269
0.00297061
0.00313395
0.00274517
0.00266402
0.00290882
0.00347881
0.00344092
0.00311955
0.00310298
0.00258277
0.00300119
0.0027672
0.00309465
0.00360376
0.00309866
0.00385365
0.00263186
0.00328097
0.00303814
0.00295826
0.00315851
0.0027207
0.00253076
0.00305146
0.00354766
0.00306599
0.00326889
0.00287322
0.00281938
0.00340152
0.00292007
0.00285457
0.00295323
0.00276939
0.00350711
0.00266658
0.00294825
0.00315623
0.00316176
0.00269004
0.00268018
0.00294395
0.00316569
0.00318186
0.00313373
0.00308795
0.00275351
0.00301136
0.00294065
0.00283334
0.00296096
0.00287407
0.0028293
0.00301408
0.00286313
0.00314428
0.00343953
0.00318342
0.00273692
0.00301561
0.00308182
0.00317239
0.00297141
0.00304572
0.00126247
