0.8
0.00516092
0.00654355
0.00598978
0.00459154
0.0050909
0.00597123
0.00588403
0.00469679
0.00536081
0.00583083
0.00529854
0.00499325
0.0055025
0.00560088
0.00540035
0.00485428
0.0061011
0.00442289
0.00641204
0.00621138
0.00583827
0.00562194
0.00538898
0.00466773
0.00491054
0.0049285
0.00507898
0.00596521
0.00542388
0.00464231
0.00575158
0.00471389
0.00591492
0.00478476
0.00596794
0.00525878
0.00578438
0.00553918
0.00440516
0.00413064
0.00401503
0.00496778
0.00475309
0.00510078
0.00500157
0.00498418
0.0042468
0.00490304
0.00465102
0.00494731
0.00576555
0.00548046
0.00497618
0.00461015
0.00540562
0.00549024
0.00486229
0.00488793
0.00475336
0.00559117
0.00466154
0.00372235
0.00523678
0.00554642
0.00470338
0.0045105
0.00502779
0.00511033
0.00488364
0.00536753
0.00512599
0.00469723
0.00417511
0.00495035
0.00421062
0.0044853
0.00528695
0.0042068
0.00398534
0.00362137
0.00527358
0.00447877
0.00440789
0.00518222
0.00458176
0.00514901
0.00499572
0.00465818
0.00484199
0.00459417
0.00568322
0.00472308
0.00457962
0.00438653
0.00497982
0.00415774
0.00472136
0.00505953
0.00472473
0.00434309
0.00449792
0.00489122
0.00521976
0.00496137
0.00488473
0.00477975
0.00432137
0.00560928
0.00427167
0.00450168
0.00434181
0.00504383
0.00440965
0.0043841
0.00533868
0.00473996
0.00485902
0.00471492
0.00488042
0.00375882
0.00494538
0.00511763
0.00485827
0.00482854
0.00409932
0.00479697
0.0048537
0.00455103
0.00377568
0.00376164
0.00364353
0.00510998
0.00531541
0.00477454
0.00496358
0.00514303
0.00488599
0.00427643
0.00525266
0.00401532
0.0043338
0.00491934
0.00481548
0.00437683
0.0037848
0.00519151
0.00416848
0.00359696
0.004891
0.00390923
0.00510574
0.00505101
0.00504793
0.00418068
0.00405914
0.00440108
0.0045238
0.00389333
0.00440946
0.00491135
0.00505662
0.00356113
0.00406831
0.00418465
0.00471824
0.00480241
0.00476186
0.00470116
0.00402551
0.00389277
0.00471899
0.00541315
0.00417458
0.00491462
0.00491252
0.00422809
0.00453714
0.00481388
0.00428419
0.00454394
0.00379268
0.00424747
0.00523243
0.00399102
0.00444045
0.00431831
0.00480945
0.00443253
0.00430199
0.00478351
0.0038831
0.00376168
0.00421865
0.00391852
0.00488291
0.00402271
0.0051148
0.0041912
0.00518256
0.00434038
0.00429492
0.00455004
0.00446897
0.00484658
0.00441504
0.00444846
0.00418448
0.00468736
0.00411088
0.00179757
