0.8
0.00232292
0.00262587
0.00240888
0.0025766
0.00268197
0.00253616
0.0024846
0.00266128
0.00248362
0.00214977
0.00243707
0.00212841
0.00231475
0.00217007
0.00260725
0.00237937
0.00261838
0.00244716
0.00252968
0.00254394
0.00222491
0.00249392
0.00250458
0.00255894
0.00236687
0.00260725
0.00270515
0.00270749
0.00234111
0.00251032
0.00267482
0.00213394
0.00242114
0.0027515
0.00290451
0.00239733
0.00243464
0.00249085
0.00253839
0.00230029
0.00229038
0.00253639
0.00217307
0.00217249
0.00252954
0.00222807
0.00254012
0.00235318
0.00234447
0.00239317
0.00203545
0.00225503
0.00214358
0.00261502
0.0023224
0.00221066
0.00233509
0.00234097
0.00251261
0.00240823
0.00209674
0.00223949
0.00201087
0.00243107
0.00219833
0.00223208
0.00227724
0.0024947
0.0024709
0.00218776
0.00264508
0.0024317
0.00248088
0.00261836
0.00213708
0.00238204
0.00239843
0.00241409
0.00246525
0.0023264
0.00247637
0.00209152
0.00241192
0.00230985
0.00222888
0.00246548
0.00261544
0.0023808
0.00237109
0.00233915
0.00227396
0.00229682
0.00233728
0.00217661
0.00225588
0.0023645
0.00212357
0.00218707
0.00225712
0.0024585
0.00231203
0.00247717
0.00220147
0.0021636
0.00230397
0.00218181
0.0023255
0.00212506
0.00218873
0.00225439
0.00264571
0.002345
0.00221614
0.00227336
0.00215788
0.00243067
0.00243444
0.00241928
0.00223015
0.00238818
0.00227907
0.00214815
0.00206301
0.00222667
0.00226475
0.00225961
0.00252079
0.00225262
0.00197481
0.00229135
0.00240654
0.00215622
0.00235576
0.00218102
0.00227658
0.00237522
0.00231263
0.00243626
0.00227466
0.00237381
0.00231489
0.0021573
0.00223964
0.00220633
0.00221086
0.00233747
0.00223731
0.00214739
0.00206705
0.00211959
0.00223262
0.00235386
0.00211734
0.00200669
0.00232557
0.0022171
0.0022123
0.00215653
0.00204132
0.00216261
0.00224658
0.00226937
0.00245675
0.00234027
0.00212842
0.0024311
0.00187207
0.00214258
0.00229556
0.00205177
0.00209658
0.00205311
0.0019424
0.00206897
0.00185818
0.00203437
0.00215879
0.00227487
0.00221034
0.00203912
0.00220727
0.00210058
0.00217364
0.00214798
0.00216771
0.0022016
0.00207541
0.00235727
0.00206999
0.00217959
0.00233748
0.00224416
0.0022094
0.00204951
0.0022456
0.00192341
0.00222288
0.00224647
0.00222768
0.00191387
0.00201191
0.00206043
0.00226409
0.00207734
0.0020402
0.00203526
0.0019378
0.00217625
0.00226199
0.00207167
0.00203354
0.00220534
0.00238582
0.00214952
0.00190282
0.00202778
0.00197859
0.00219532
0.00189457
0.00237112
0.00213845
0.00215641
0.0020015
0.0022712
0.00205184
0.00200564
0.00216783
0.00187847
0.00222257
0.00186356
0.00211439
0.00209752
0.00229558
0.00185563
0.00192177
0.0024656
0.00197303
0.00209552
0.00182283
0.00202058
0.00197973
0.00199186
0.00198194
0.00215728
0.00223626
0.00213107
0.00214201
0.00195065
0.00207277
0.00196329
0.00192374
0.00196377
0.00191762
0.00193958
0.00227748
0.00226351
0.0018911
0.0019554
0.00212459
0.00192477
0.00197387
0.0019698
0.00209828
0.00224992
0.00190904
0.00209227
0.00208865
0.00187525
0.00212412
0.00204967
0.00215395
0.00206994
0.00197343
0.00195061
0.00191677
0.00219508
0.00210882
0.00194378
0.00181277
0.00215362
0.00206537
0.00185943
0.00210381
0.0021568
0.00216371
0.00199944
0.00206734
0.00197492
0.00196476
0.00185175
0.00205233
0.00208846
0.00216005
0.00206156
0.00193584
0.00211569
0.002082
0.0021333
0.00193639
0.00199056
0.002141
0.00227716
0.00206622
0.00209135
0.00206455
0.00199867
0.00204974
0.00189859
0.00180498
0.00214756
0.00197147
0.00188229
0.00194699
0.00197039
0.00188705
0.00193136
0.00189504
0.0020789
0.0019748
0.00192084
0.00189313
0.00172833
0.00205699
0.00202541
0.00211955
0.00180734
0.00188248
0.00204743
0.00195003
0.00193183
0.00201082
0.00191768
0.00202417
0.00211218
0.00191042
0.00192111
0.00210061
0.00183144
0.00214095
0.00217092
0.00188682
0.00214102
0.00190389
0.00189927
0.00178336
0.00194425
0.00188985
0.00193434
0.00207632
0.00195441
0.00198997
0.00181754
0.00198282
0.00203586
0.0020041
0.00216017
0.00192816
0.00202009
0.00194607
0.00215867
0.00195677
0.00204568
0.00202585
0.00198076
0.00186303
0.00199665
0.0020367
0.00191441
0.00219748
0.00200738
0.00181899
0.00200931
0.00207466
0.00194411
0.00196248
0.00182268
0.00190372
0.00197233
0.00194088
0.00192451
0.00172352
0.00173711
0.00192059
0.00208201
0.00216607
0.00198644
0.00205895
0.00178718
0.00208116
0.00203772
0.00213074
0.00205105
0.00182312
0.00191232
0.00190996
0.00216831
0.00184333
0.00176519
0.00188447
0.00204824
0.00182929
0.00204419
0.0019291
0.00205794
0.00201991
0.00174511
0.00177471
0.00202666
0.00191052
0.00203305
0.00189336
0.00196322
0.00188029
0.00206428
0.0020464
0.00194601
0.00191905
0.00220091
0.00217332
0.0021053
0.0020225
0.00187667
0.0018604
0.00201431
0.00204175
0.00193315
0.00206537
0.00194382
0.0020216
0.00192772
0.00179784
0.00195655
0.00209366
0.0018961
0.00190946
0.00172483
0.00218106
0.00207513
0.00187212
0.00209373
0.00187018
0.00178942
0.00201802
0.00191702
0.00200762
0.00195333
0.00198293
0.00176597
0.0020091
0.00206301
0.00183202
0.00194239
0.00190971
0.00201778
0.00186804
0.00198823
0.0018764
0.00198582
0.00178848
0.00194389
0.00187174
0.00200732
0.00204
0.0018338
0.00231429
0.00192896
0.00189535
0.00181928
0.00185092
0.000804684
