0.8
0.00919316
0.00907124
0.00900063
0.00840655
0.00866433
0.00758584
0.00741509
0.00789675
0.00856148
0.0074183
0.00759669
0.00980642
0.00856334
0.0104814
0.00936852
0.0058621
0.00636008
0.00862829
0.00807718
0.00644717
0.00869431
0.0079992
0.00674159
0.00751072
0.00936172
0.00781687
0.00765465
0.00881173
0.00819086
0.0088647
0.00836866
0.00870409
0.00913839
0.0070232
0.00610647
0.00859702
0.00685172
0.00758007
0.00790591
0.00699597
0.00868228
0.00689911
0.0075377
0.00718783
0.00782412
0.00893454
0.00722726
0.0092529
0.00704046
0.0079417
0.00690514
0.00825705
0.00794276
0.00802969
0.00695
0.00793859
0.00647535
0.0084364
0.00697791
0.00695217
0.00744171
0.00744106
0.0073956
0.0081866
0.00800108
0.00897491
0.00873951
0.00838538
0.00698705
0.00611075
0.00908035
0.00625598
0.00829631
0.00697318
0.00817179
0.0086322
0.00766188
0.00704826
0.00711763
0.00651342
0.00741516
0.00669854
0.0061588
0.006634
0.00614341
0.00809076
0.00774853
0.00695941
0.00601468
0.00857654
0.00877883
0.00812287
0.00660272
0.00792526
0.00786413
0.00805817
0.00687325
0.00578427
0.00736185
0.0078111
0.00811017
0.00941262
0.0085371
0.00853698
0.00696874
0.00699766
0.00600347
0.00933839
0.00779556
0.00841695
0.00708303
0.00702361
0.00939876
0.0094864
0.00772261
0.00797575
0.00766378
0.00729638
0.00802751
0.00612076
0.00795549
0.00819527
0.00760372
0.00693816
0.00512763
0.00669069
0.00662535
0.00669956
0.008486
0.00200958
