0.8
0.00657974
0.00601773
0.00619519
0.00565017
0.00621699
0.00653263
0.00581476
0.00498128
0.00513474
0.00664834
0.00600448
0.006325
0.00659295
0.00588177
0.00558956
0.00677401
0.006441
0.00653067
0.00551342
0.00651304
0.00555563
0.00577689
0.00624944
0.00461049
0.00542013
0.00572926
0.00614419
0.00726777
0.00546434
0.00601969
0.00516293
0.00590283
0.00559909
0.00571113
0.00500333
0.00606256
0.00610504
0.00587317
0.00731629
0.00593265
0.00556503
0.00514197
0.00555232
0.00546276
0.00567384
0.00500994
0.0057555
0.00514994
0.0049499
0.00580371
0.00516113
0.00573531
0.0050632
0.00607117
0.00428468
0.00482559
0.00538076
0.00626694
0.00530459
0.00570615
0.00597127
0.0053553
0.00531687
0.00535986
0.00567446
0.00522095
0.00527894
0.00537326
0.00576876
0.00495709
0.00499529
0.00601505
0.00534992
0.00506328
0.00518903
0.00475937
0.00527497
0.00615492
0.00571085
0.00517327
0.0060946
0.00521613
0.00569963
0.00506345
0.00541922
0.0060894
0.00641668
0.00440993
0.00530263
0.00453711
0.00548432
0.0064069
0.00628697
0.00535207
0.00607659
0.00534817
0.00498321
0.0040395
0.00441657
0.00468438
0.00463174
0.00513481
0.00601792
0.00476899
0.00557579
0.00560127
0.00476089
0.00477698
0.00554549
0.00459974
0.00507399
0.00470575
0.00542734
0.00450846
0.00499027
0.00459788
0.00518115
0.00557848
0.00538367
0.00487645
0.00484394
0.00472429
0.00504698
0.00512588
0.00433637
0.00569373
0.00511151
0.00541954
0.0053973
0.00567623
0.00452997
0.00469495
0.00487351
0.00467088
0.00509604
0.00470217
0.00423625
0.00454709
0.00483919
0.00480615
0.00445732
0.00430131
0.00473722
0.0042357
0.00451068
0.00449983
0.00426049
0.0052797
0.00444846
0.00469653
0.00486642
0.00503487
0.00568865
0.00563919
0.00458732
0.00433555
0.00550132
0.00523767
0.00429783
0.00484043
0.0051996
0.00444155
0.00482212
0.0042171
0.00527509
0.00508155
0.00472325
0.00468998
0.00421997
0.00511743
0.00568336
0.00464478
0.0051924
0.00479759
0.00491628
0.00416766
0.00470111
0.0050049
0.00518096
0.00390007
0.00565146
0.00485342
0.00564207
0.00488002
0.00453429
0.00463899
0.00468458
0.00472122
0.00485741
0.00199542
