0.8
0.003314
0.00291616
0.0036046
0.00332929
0.00351344
0.00310617
0.00295354
0.00311315
0.00314972
0.00381251
0.00337604
0.00324774
0.00350126
0.00335485
0.00286056
0.00355768
0.00314267
0.00383435
0.00313702
0.00330706
0.00361094
0.00332962
0.00331972
0.00302948
0.00335583
0.00334306
0.00318062
0.00305517
0.00343268
0.00326064
0.00347765
0.00321107
0.00334284
0.00302376
0.00320913
0.00366853
0.0033751
0.00291523
0.00327517
0.00298451
0.00292978
0.00308801
0.00345859
0.00329948
0.00349049
0.00320251
0.00322281
0.0033222
0.00294264
0.00367914
0.00303553
0.00312933
0.00308936
0.00303654
0.00282787
0.00313729
0.00271293
0.00291519
0.00296199
0.0033803
0.00333127
0.00347784
0.00271396
0.00354711
0.00279765
0.00328489
0.00330934
0.00353204
0.00312137
0.0029524
0.00307838
0.00363993
0.00281762
0.00301588
0.00347319
0.00315373
0.00321677
0.0028939
0.00309827
0.00289931
0.00308881
0.0033051
0.00319205
0.00301254
0.00284975
0.00337718
0.00329241
0.0027509
0.00344858
0.00284873
0.00283349
0.00289628
0.00304287
0.00312524
0.00330335
0.003176
0.00263688
0.00268132
0.00280023
0.00354931
0.00330837
0.00305329
0.00284091
0.0027535
0.00331687
0.00290974
0.00278336
0.00299559
0.00282847
0.0028212
0.00326225
0.00319089
0.00305303
0.00274138
0.00285503
0.00291182
0.00312886
0.00299805
0.00297112
0.00288596
0.00309201
0.00327496
0.0027122
0.00275696
0.00312901
0.00319845
0.00280288
0.00258431
0.00279202
0.00300292
0.00274795
0.0028429
0.00284155
0.00314837
0.00330613
0.00291074
0.00295886
0.00320737
0.00255969
0.00279538
0.00303961
0.00289339
0.00259641
0.00317995
0.0029459
0.00293405
0.00303264
0.00301962
0.00286496
0.00297733
0.00286167
0.00280948
0.00282467
0.00288488
0.0030213
0.00278407
0.00288858
0.00267807
0.0028528
0.00268833
0.00300888
0.00296379
0.00290452
0.00283355
0.00300805
0.00296521
0.00267976
0.00318997
0.00287502
0.00300198
0.00284977
0.00286124
0.00258665
0.00270568
0.00284041
0.00285882
0.0029071
0.00282718
0.00296419
0.00284136
0.00279748
0.00304247
0.00305017
0.00265319
0.0029917
0.0029269
0.00283306
0.0027013
0.00295146
0.00286085
0.00250848
0.00278891
0.00236497
0.00285427
0.0025791
0.00297554
0.00274188
0.00279399
0.00269028
0.00298043
0.00279402
0.00295102
0.00274123
0.00279117
0.00272838
0.00266759
0.00246589
0.00253318
0.00266419
0.00240876
0.00267736
0.00285716
0.00253258
0.00284794
0.00234506
0.00251201
0.00281227
0.00295849
0.00266795
0.00276797
0.00279781
0.00226208
0.00271832
0.00265968
0.00257129
0.00229625
0.00269187
0.00290623
0.00263613
0.00248694
0.00257716
0.00258532
0.00257986
0.00275588
0.00249754
0.00288586
0.00227208
0.00257358
0.00267244
0.00260793
0.00309739
0.00260222
0.00253269
0.00283976
0.00258924
0.00281789
0.00260102
0.00314504
0.00303322
0.00232926
0.00276375
0.00276213
0.00298395
0.00257211
0.00267579
0.00254228
0.00259236
0.00293625
0.0026076
0.00226695
0.00253735
0.00256743
0.00288198
0.0024121
0.00270166
0.00279058
0.00241686
0.00246191
0.00277967
0.00245429
0.00260686
0.00255071
0.00219741
0.00251605
0.00263066
0.00272796
0.00272151
0.00249169
0.00233751
0.00276093
0.00242143
0.0026703
0.00264483
0.00261828
0.00272076
0.00261919
0.00274613
0.00302338
0.00266703
0.00253227
0.00262986
0.00276764
0.00275864
0.00272986
0.00222515
0.00236854
0.0027928
0.00289241
0.00243986
0.00277429
0.00238955
0.00257245
0.00221332
0.00270288
0.00280959
0.00238282
0.00271204
0.00279799
0.00261689
0.00260514
0.00240747
0.00230054
0.00272203
0.00274289
0.00299057
0.00266483
0.00263578
0.00250929
0.00286566
0.00235568
0.00234188
0.00250338
0.00269289
0.00231682
0.00248592
0.0024183
0.00263695
0.00264793
0.00294135
0.00266361
0.00235523
0.00258575
0.00252615
0.00227121
0.00211705
0.0026544
0.00229815
0.00259313
0.00257931
0.00243429
0.00259661
0.00259626
0.00280682
0.0025498
0.00258483
0.00260137
0.00248477
0.00294293
0.00228464
0.00108169
