0.8
0.00350101
0.00370399
0.00319062
0.00331938
0.00333058
0.00378619
0.00353194
0.00352643
0.00407214
0.00355668
0.00354386
0.00356815
0.00384023
0.00414136
0.00350141
0.00353761
0.00390082
0.00297835
0.00403953
0.00410844
0.0033653
0.00338038
0.00373145
0.00360637
0.00320457
0.00329302
0.00355431
0.00365707
0.00325018
0.00426601
0.00308526
0.00415312
0.00342789
0.00332089
0.00362409
0.00352112
0.00324044
0.00377928
0.0038445
0.00371661
0.00357833
0.00367862
0.00357017
0.00336172
0.00319055
0.00338048
0.00344485
0.00277316
0.0029086
0.00339583
0.00350984
0.00306816
0.00392756
0.00355026
0.00318074
0.00333934
0.00330007
0.00326872
0.00347701
0.00329435
0.00322888
0.00388189
0.00367257
0.00306052
0.00336394
0.00392006
0.00384539
0.0029049
0.00347554
0.00290618
0.00306754
0.00352327
0.00373629
0.00333964
0.00382669
0.00302504
0.00296771
0.00358205
0.00373862
0.00361789
0.00313623
0.0035686
0.00330373
0.00295394
0.00340628
0.003202
0.0031714
0.00327612
0.00362597
0.00322314
0.00329045
0.00358124
0.0038193
0.00344879
0.00305938
0.00296309
0.00352113
0.00327214
0.00287096
0.00315613
0.00292224
0.0028219
0.00306217
0.00340739
0.00346942
0.00317794
0.00282504
0.00329148
0.00264003
0.00344706
0.00349158
0.00367893
0.00324985
0.00303589
0.00311352
0.00340321
0.00297831
0.00403334
0.00321639
0.00333941
0.00314345
0.00302447
0.00365066
0.00308334
0.00314009
0.00325806
0.00298711
0.00331177
0.00331425
0.00319181
0.0031319
0.00303751
0.00371337
0.00335808
0.00275254
0.00290782
0.00303171
0.00311454
0.0033799
0.0027018
0.0031979
0.00343857
0.00330439
0.00335111
0.00326076
0.00326564
0.00270728
0.00334238
0.00312782
0.00331732
0.00299957
0.00313585
0.00318568
0.00339548
0.00300163
0.00294761
0.00326541
0.00347659
0.00320747
0.00290076
0.0031895
0.00331941
0.00342727
0.00270058
0.00267204
0.00356971
0.00272398
0.00291915
0.00296089
0.00271133
0.00298226
0.00340417
0.00315613
0.00266128
0.00259607
0.00299749
0.00328949
0.00302216
0.00282856
0.00290623
0.00319485
0.00303234
0.00288695
0.00299141
0.00324298
0.00300611
0.0030088
0.00319778
0.00315123
0.00289337
0.00278825
0.00334168
0.00280221
0.00279285
0.00285317
0.00305986
0.00312939
0.00276648
0.00283461
0.00274793
0.00284379
0.0033017
0.00299054
0.00296525
0.00278263
0.00267219
0.00311555
0.00308097
0.00317793
0.00293193
0.00279941
0.00252146
0.00273331
0.00279288
0.00274629
0.00264689
0.00298079
0.00289859
0.00283039
0.00312922
0.00333461
0.00264662
0.00321522
0.00341502
0.00285462
0.00299267
0.00323946
0.00290162
0.00321674
0.00259477
0.00276141
0.00294182
0.00282902
0.00306778
0.00268137
0.00274098
0.00261372
0.00302791
0.00300306
0.00293027
0.00278429
0.00266401
0.0027851
0.00271307
0.00280576
0.00298437
0.00302109
0.00252722
0.00244388
0.00321238
0.00271421
0.00297369
0.00306122
0.00294513
0.00296666
0.00280758
0.00287983
0.00288437
0.00277355
0.00280502
0.00327503
0.00298872
0.00253476
0.00251605
0.002938
0.00296156
0.00310555
0.0027793
0.00252602
0.0029508
0.00335412
0.0028162
0.00242665
0.00306142
0.00289448
0.00278507
0.0033984
0.00257014
0.0028623
0.0027851
0.0031444
0.00294634
0.00284212
0.00282278
0.00278421
0.00272045
0.0027974
0.00279976
0.00304666
0.0030149
0.00299576
0.00264664
0.00286953
0.00287856
0.00288369
0.00261806
0.00326292
0.00262394
0.00285354
0.00279412
0.00276836
0.00306003
0.00259075
0.0027
0.00254208
0.00310073
0.00272875
0.00278845
0.00226335
0.00283694
0.00274127
0.00339519
0.00276871
0.00313654
0.00289685
0.00274829
0.00308452
0.00275551
0.00246877
0.00118455
