0.8
0.00319842
0.003256
0.00266352
0.00233783
0.00320038
0.00304336
0.0029515
0.00262786
0.00335249
0.00304789
0.00303856
0.0031358
0.00272135
0.00319817
0.00301314
0.00306173
0.00320679
0.0029725
0.00277802
0.00294146
0.00269091
0.00285603
0.00328151
0.00292281
0.00284462
0.00301881
0.0031525
0.00338578
0.00304856
0.00341589
0.00300973
0.00294806
0.00312537
0.00356251
0.00298054
0.00345706
0.00262158
0.0027322
0.00282789
0.00306887
0.00326277
0.00293159
0.00290826
0.00285998
0.00295028
0.00268105
0.00288217
0.00294232
0.00326677
0.00287807
0.00275499
0.00310599
0.00281614
0.00324886
0.00304205
0.00283469
0.0026493
0.00270559
0.00297912
0.00283639
0.00293437
0.00323886
0.00300693
0.00268809
0.002928
0.00283919
0.00340394
0.0030192
0.00279284
0.00298543
0.00271926
0.00288322
0.00286345
0.00304479
0.00282037
0.00288626
0.00260633
0.00295747
0.00254734
0.00284753
0.00294022
0.00292328
0.00288344
0.00300815
0.00284144
0.00264094
0.00268433
0.00233095
0.00263627
0.00266632
0.00282824
0.00255473
0.00278893
0.0029599
0.00274795
0.00287381
0.00281545
0.00279226
0.0028026
0.00289048
0.00312013
0.00261184
0.00272541
0.00292554
0.00269059
0.00259459
0.00292029
0.00283698
0.00297079
0.00291813
0.00285803
0.00253073
0.00283656
0.00259738
0.00296477
0.00262967
0.00272567
0.0027491
0.00285126
0.00278043
0.00248417
0.00265958
0.00261405
0.00254218
0.00268231
0.00267837
0.00266513
0.00292697
0.00267655
0.0027157
0.00284254
0.00299143
0.00233513
0.00233768
0.00279596
0.00276217
0.00257424
0.00275004
0.00274632
0.00254677
0.00251288
0.00271855
0.00266147
0.00299801
0.00288747
0.00240835
0.0027914
0.00221479
0.00239367
0.00241452
0.00281881
0.00263804
0.00278756
0.00259982
0.00281429
0.00272734
0.00254644
0.00284621
0.00259249
0.00251726
0.00274407
0.00278417
0.00275462
0.00261449
0.00295097
0.0023489
0.00253745
0.00270572
0.00267208
0.00278004
0.00264016
0.00269005
0.00305794
0.00248823
0.00267844
0.00264201
0.0026003
0.002861
0.00250802
0.00280409
0.00259717
0.00266562
0.0025013
0.00277407
0.00251564
0.0025853
0.00232093
0.00234779
0.00242841
0.00242705
0.00266492
0.00284038
0.00238751
0.00282754
0.00304284
0.0024702
0.00230578
0.00252154
0.00272656
0.00254414
0.00207571
0.0025428
0.00245613
0.00281913
0.00265748
0.00231672
0.00249062
0.0024606
0.00242789
0.0028533
0.00251214
0.00281836
0.00252293
0.00256269
0.00213394
0.00237606
0.00244554
0.00274069
0.00246196
0.00280594
0.00232491
0.00229661
0.0027277
0.00271048
0.00257589
0.00253798
0.00250782
0.00218049
0.00258073
0.00246671
0.00251691
0.00261237
0.00237762
0.0026072
0.00242329
0.00293288
0.00236575
0.00241407
0.00257301
0.00256771
0.00268822
0.00255632
0.00259758
0.00260157
0.00282951
0.00224751
0.00267665
0.00251586
0.00261427
0.00247063
0.00250644
0.0024633
0.00241465
0.0020081
0.00253984
0.0025742
0.00267767
0.00265792
0.00241323
0.00226674
0.00249399
0.00221125
0.00274069
0.00257414
0.00245661
0.00215613
0.00221052
0.00270332
0.00250779
0.00208423
0.00236247
0.00245235
0.00231369
0.00271099
0.00263674
0.00249783
0.00234914
0.00234982
0.00268413
0.00263055
0.00225241
0.00227214
0.00229818
0.00220599
0.00277426
0.00248907
0.00241161
0.00255395
0.00255305
0.00248391
0.0022864
0.00235694
0.00261294
0.00208859
0.00245553
0.00241596
0.00260271
0.0024089
0.00217427
0.00253965
0.00249961
0.00244126
0.00227155
0.00271256
0.00240375
0.00221834
0.00218513
0.00239819
0.00228927
0.00224894
0.002394
0.00253147
0.00237046
0.00241131
0.00242583
0.00245748
0.00236984
0.00256045
0.00219417
0.00228841
0.00247293
0.00246888
0.00244882
0.00241301
0.00219561
0.00232029
0.00241625
0.00261501
0.00251585
0.0025944
0.00223878
0.00263297
0.00249505
0.00251791
0.00256089
0.00249998
0.00233074
0.00222542
0.00227929
0.00263533
0.00227647
0.00228503
0.00224542
0.00225233
0.00225859
0.0022381
0.00215321
0.0020722
0.00268747
0.0023593
0.00263387
0.00245563
0.00265214
0.00228923
0.00277069
0.00248295
0.00262706
0.00281057
0.00244562
0.00212297
0.00252352
0.00266807
0.00234158
0.0023809
0.00255688
0.00246329
0.00254191
0.00244078
0.00235554
0.00234983
0.00226845
0.00243665
0.00206447
0.00238253
0.0022367
0.00251563
0.00240819
0.00225074
0.0024186
0.00099472
