0.8
0.00218997
0.00221543
0.00229781
0.00241631
0.00233651
0.00276179
0.00252589
0.00291664
0.0023945
0.00245473
0.00229035
0.00267834
0.00212572
0.00235053
0.00256755
0.00218198
0.00229148
0.00230961
0.00247718
0.00267854
0.00235835
0.00253656
0.00272772
0.002306
0.00264737
0.00256776
0.00234848
0.00233413
0.00251057
0.00252477
0.00229394
0.00234849
0.00244254
0.00247987
0.00236583
0.00228962
0.00256646
0.00214871
0.00261727
0.0023335
0.0024383
0.00252719
0.00222885
0.00231197
0.00211561
0.00221126
0.00229912
0.00218211
0.00228039
0.00234032
0.00254633
0.00253221
0.00239709
0.00233773
0.00231484
0.0025413
0.00237274
0.00245197
0.00246133
0.00248491
0.00220222
0.00227612
0.00237834
0.00225898
0.0025067
0.0024647
0.002348
0.00234458
0.00249648
0.00229648
0.00218871
0.00209319
0.00245557
0.00194141
0.00231084
0.00221026
0.00235798
0.00205235
0.00237346
0.00210295
0.00264704
0.00230938
0.00206652
0.00216057
0.00235184
0.00238943
0.00241986
0.00219035
0.00218606
0.00242155
0.00198485
0.00190364
0.00223255
0.00212248
0.00262934
0.00215251
0.00246831
0.0021132
0.00229571
0.00241995
0.00245793
0.0022026
0.00233911
0.0024355
0.00201838
0.00222536
0.00202211
0.00222177
0.00206557
0.00266096
0.00220088
0.00231812
0.00216849
0.00218258
0.00219437
0.00211888
0.00230588
0.00211125
0.00227898
0.00217221
0.0021739
0.00235587
0.00207242
0.00224109
0.00223798
0.00212096
0.00242964
0.00211921
0.00225491
0.00211576
0.00223779
0.00227325
0.0024114
0.00219061
0.00207179
0.00256864
0.00218077
0.00210657
0.00224402
0.0021013
0.0022562
0.00224055
0.00193081
0.00226327
0.00207066
0.00217219
0.00225721
0.00225553
0.00220323
0.00222267
0.00247525
0.00208827
0.00210117
0.0025111
0.00194641
0.00236902
0.00242751
0.0022133
0.00218111
0.00213483
0.00218861
0.00224881
0.00206884
0.00191853
0.00208136
0.0020763
0.0020758
0.00213168
0.0020234
0.00203086
0.00209181
0.0021642
0.00207054
0.00227564
0.00212444
0.00190511
0.00210754
0.00203018
0.0021612
0.00224053
0.00242052
0.00223232
0.00245975
0.00205497
0.00201365
0.00193662
0.0021345
0.00209622
0.00204495
0.00206442
0.00205261
0.00224881
0.00218259
0.00228298
0.00193308
0.00215059
0.00218959
0.00225149
0.00213821
0.00211176
0.00189003
0.00202664
0.00212979
0.00218661
0.00198401
0.00220536
0.00208437
0.00223839
0.00206296
0.00204796
0.00213464
0.00196372
0.00201606
0.00206814
0.0020783
0.00229703
0.00200118
0.00207996
0.00216903
0.00187198
0.0021819
0.00206795
0.00207404
0.00227322
0.00187621
0.00195734
0.00208932
0.0024695
0.00199757
0.00194732
0.00206379
0.00182345
0.00187971
0.00218915
0.00231464
0.00183615
0.002132
0.00201682
0.00207887
0.00178511
0.00212415
0.00211279
0.00193356
0.00200093
0.00226751
0.00219216
0.00192189
0.0019819
0.0019213
0.00207142
0.00196866
0.00187423
0.00187821
0.00215393
0.0019876
0.00196884
0.00220187
0.00210073
0.00195931
0.00235499
0.00195418
0.00200785
0.00220065
0.00210168
0.00201978
0.00192726
0.0019115
0.00203188
0.00215767
0.00212441
0.00203285
0.00189429
0.0018322
0.00213009
0.001885
0.00176775
0.00195875
0.0020376
0.00204293
0.00214319
0.00172749
0.00228676
0.00216307
0.00205024
0.00193135
0.0018951
0.00197533
0.00197697
0.00219595
0.00174744
0.00214072
0.00199466
0.00184432
0.00194782
0.00200227
0.00204164
0.00205979
0.00187327
0.00222294
0.00200091
0.00178994
0.00193283
0.0018737
0.00198036
0.00212591
0.00192315
0.0019705
0.0020235
0.00191779
0.00185633
0.00160832
0.00199325
0.00198719
0.00177952
0.0019455
0.00199433
0.00207496
0.00213395
0.00211177
0.001897
0.00171903
0.00217709
0.0018265
0.00204555
0.00186329
0.00202305
0.00191078
0.00179888
0.00222181
0.00198044
0.00192991
0.00178929
0.00203805
0.00209657
0.00177725
0.00182339
0.0019236
0.00207596
0.00186695
0.00190608
0.0016129
0.00186532
0.00185718
0.00185273
0.00190252
0.00199927
0.00175078
0.00183924
0.00200114
0.00197372
0.00206408
0.00181738
0.00196956
0.0017978
0.00187885
0.00203673
0.00195023
0.00180827
0.00191261
0.00192113
0.00186281
0.0020028
0.00178684
0.00195881
0.0016867
0.00217907
0.00186508
0.00192775
0.00167196
0.00195649
0.00204371
0.00183031
0.00204379
0.00190073
0.00201263
0.00195193
0.00178539
0.00182381
0.00173501
0.00185282
0.00177475
0.00190501
0.00201205
0.00181948
0.00194498
0.00191681
0.00181235
0.0018657
0.00217853
0.00181744
0.00205911
0.00186387
0.00174039
0.00211985
0.0017067
0.00192347
0.00179456
0.00207189
0.00174505
0.00193791
0.00182896
0.00197699
0.00175166
0.00204003
0.001694
0.00207017
0.00188662
0.00187148
0.00192567
0.002006
0.00183406
0.00193127
0.00189231
0.00181566
0.00181197
0.0020863
0.00184168
0.00187159
0.00188986
0.00204362
0.00190402
0.0019577
0.00175729
0.00183793
0.00191045
0.00193833
0.00203978
0.00202952
0.00209637
0.00201788
0.00197783
0.00169202
0.00195616
0.00184337
0.00188253
0.00197586
0.0019067
0.00180075
0.00188079
0.0018236
0.00169273
0.0020443
0.00172855
0.00189757
0.00196293
0.00184038
0.00199187
0.00180676
0.00204222
0.00177902
0.00194527
0.00185765
0.00184886
0.00190922
0.00193503
0.00187244
0.00189973
0.00173578
0.00169966
0.00213865
0.00172993
0.00200166
0.00193191
0.00194083
0.0017882
0.00190851
0.00197138
0.00181594
0.00161474
0.00184989
0.00192142
0.0019991
0.00202074
0.00187415
0.00187568
0.00186676
0.00187025
0.00184831
0.00198164
0.000789854
