0.8
0.00414402
0.00402875
0.00425256
0.00417479
0.00411732
0.00408682
0.00353781
0.00385604
0.0041944
0.00380035
0.0042164
0.00406821
0.0039101
0.00428874
0.00446158
0.00404089
0.00365483
0.00436485
0.0040371
0.00394423
0.00369867
0.00356235
0.00423389
0.00460067
0.0037759
0.00382595
0.00386715
0.00408804
0.0043203
0.00473036
0.00392262
0.00420154
0.00401641
0.00344296
0.00381736
0.00335736
0.00424727
0.0040368
0.00357573
0.00371846
0.0038302
0.00370536
0.00343611
0.00373534
0.00368773
0.00382145
0.00396686
0.00412123
0.00421575
0.00407847
0.00349235
0.00369262
0.00332978
0.00370526
0.00350231
0.00383329
0.0039261
0.00387666
0.00338622
0.0038442
0.00378523
0.00315746
0.00311589
0.00424984
0.00378445
0.00378313
0.00320911
0.003647
0.00383773
0.00368476
0.00398385
0.00392697
0.0038648
0.0033763
0.00367262
0.00420428
0.00354548
0.00325322
0.00367126
0.00342361
0.00394452
0.0042273
0.0036711
0.00435851
0.0040701
0.00369162
0.00379368
0.00364983
0.00321926
0.00372113
0.00385092
0.00329239
0.00387297
0.00384202
0.00375232
0.00357689
0.00362752
0.00372187
0.00322755
0.00386686
0.00349384
0.00347019
0.00376403
0.00400954
0.00338384
0.00377971
0.00343193
0.00342239
0.00337872
0.00358878
0.00411684
0.00407484
0.0035213
0.00373786
0.00324405
0.00348829
0.00384103
0.00353743
0.00314815
0.00335055
0.00353868
0.00286714
0.00322299
0.00299794
0.00348323
0.00351626
0.00369877
0.00330833
0.00355732
0.00341877
0.00335901
0.00336502
0.0034059
0.00335695
0.00306981
0.0032021
0.0040668
0.00337663
0.0034679
0.00320657
0.00313514
0.00340624
0.0037293
0.00345845
0.00342917
0.00328523
0.00352965
0.00275866
0.00312683
0.00349968
0.00338463
0.00332547
0.00406319
0.00336388
0.00353076
0.00321901
0.00319032
0.00312291
0.0033181
0.00369305
0.00359196
0.00269486
0.00333478
0.00311994
0.00356324
0.00307918
0.00296992
0.00315835
0.00362397
0.00373585
0.00319937
0.00307396
0.0037744
0.00312557
0.00359354
0.00323106
0.00307559
0.0027042
0.00344765
0.00305249
0.00327375
0.00308762
0.00309813
0.00359796
0.00315123
0.00286477
0.00269251
0.00321631
0.00297206
0.00334766
0.00313585
0.00321591
0.00302834
0.00353994
0.00399526
0.00324269
0.00323804
0.00296806
0.00311487
0.00295655
0.00313137
0.00306577
0.00328172
0.00321514
0.00348201
0.00308873
0.00280608
0.00337768
0.00278777
0.00313981
0.00316595
0.00279663
0.0033444
0.00339319
0.00345226
0.00333049
0.003208
0.00315162
0.00335596
0.00289453
0.00332189
0.00272195
0.00330435
0.00268255
0.00279824
0.00317996
0.00343486
0.00320485
0.00263523
0.00346409
0.00291236
0.00299815
0.00321243
0.00298611
0.00294647
0.00277214
0.00294968
0.00352262
0.003276
0.00297
0.00326067
0.00301229
0.00277574
0.0032611
0.00320517
0.00295919
0.00271172
0.00313299
0.00302712
0.00281257
0.00263042
0.00372378
0.00296899
0.00293865
0.00338253
0.003078
0.00282306
0.00331376
0.00310568
0.00327419
0.00315244
0.00308947
0.00367721
0.00346911
0.00294546
0.0034242
0.00379307
0.003493
0.00327569
0.00340815
0.0030123
0.00320627
0.0035461
0.00298106
0.00287073
0.00336776
0.00271715
0.00293899
0.00298016
0.00314478
0.0033089
0.00310448
0.00332416
0.00373502
0.0030851
0.00280972
0.00323964
0.0029321
0.00321049
0.00130793
