0.8
0.00653408
0.00609009
0.0104057
0.00900229
0.00900994
0.00870047
0.00957346
0.00738179
0.00827442
0.00902972
0.00999118
0.00902257
0.00824617
0.00830811
0.00594832
0.00937715
0.00977623
0.00857558
0.00913904
0.00786135
0.00812251
0.00795076
0.00717358
0.00789963
0.0083128
0.00679148
0.00818677
0.0061855
0.00824051
0.00903183
0.00925749
0.0104799
0.00642768
0.00898619
0.0103716
0.00748673
0.00839012
0.00857223
0.00840319
0.00840871
0.00802431
0.0087616
0.00678883
0.0074134
0.00985011
0.00582499
0.00869501
0.00756741
0.00953332
0.00844927
0.00680037
0.00835055
0.00863573
0.00936996
0.00711209
0.0109375
0.00823665
0.00768497
0.0079613
0.00660976
0.00899945
0.00805604
0.00903216
0.00849982
0.0112458
0.00888272
0.0105329
0.00912594
0.00820632
0.00880003
0.00810625
0.00782829
0.00943568
0.00755591
0.00671645
0.00930212
0.0101197
0.00536677
0.00722457
0.00862106
0.0093667
0.00825664
0.00853552
0.00966241
0.0103522
0.0058239
0.00648822
0.0090541
0.0089569
0.0095804
0.00853963
0.00792373
0.00964693
0.00527484
0.00854799
0.00915967
0.010905
0.00664389
0.00693627
0.00690693
0.00932236
0.00701913
0.0077427
0.00791582
0.0108458
0.00817821
0.00831696
0.0101416
0.00889439
0.00844291
0.00639854
0.00919963
0.0102631
0.00765544
0.0088816
0.0080425
0.00822217
0.00722357
0.00958456
0.00195516
