0.8
0.00343649
0.0033031
0.0036278
0.00325186
0.00282337
0.00314428
0.00337266
0.00276702
0.0030812
0.0032114
0.0031683
0.00324831
0.00336126
0.00330246
0.00302413
0.00296204
0.00294729
0.0032044
0.0030546
0.0030968
0.00307604
0.00323799
0.00315205
0.00286092
0.003032
0.00291708
0.00310186
0.00323052
0.00273186
0.00298358
0.00300486
0.00327169
0.00349547
0.00313364
0.00324322
0.003048
0.0029956
0.00304128
0.00295387
0.0032085
0.00347899
0.00314147
0.00330084
0.00292278
0.00317657
0.00298894
0.00316042
0.00311374
0.00331979
0.00315486
0.00298463
0.00307533
0.00314736
0.00312086
0.00290002
0.00288283
0.00353524
0.00310502
0.00312793
0.00257084
0.00297297
0.00267811
0.00327774
0.0025866
0.0029027
0.00303035
0.0029107
0.00290296
0.00306581
0.00295173
0.00279036
0.00270188
0.00289757
0.00329153
0.00317328
0.00290049
0.0030185
0.00295392
0.00302501
0.00282957
0.00276953
0.00261271
0.00285487
0.00323513
0.00274798
0.00315329
0.00259015
0.00304571
0.00287893
0.0029338
0.00254859
0.00260755
0.00274591
0.0025721
0.00306308
0.0027678
0.00281836
0.00268478
0.00284577
0.00258614
0.00277541
0.00302451
0.00309021
0.00257735
0.00276525
0.00284697
0.0024867
0.00291098
0.00282709
0.00312525
0.00266445
0.00301967
0.00299589
0.00271095
0.00271386
0.0029311
0.00306099
0.00278198
0.00286304
0.00254936
0.00275795
0.00285396
0.00289012
0.00300504
0.00281084
0.00246291
0.0027615
0.0029624
0.00251919
0.00274529
0.00272852
0.00289205
0.0027342
0.0027534
0.00285796
0.00297943
0.00303663
0.00260984
0.00270336
0.00284258
0.0028717
0.00268585
0.00297444
0.00266283
0.00293134
0.00263277
0.00278798
0.00249573
0.00285338
0.00262568
0.00258625
0.00271806
0.00289233
0.00280757
0.00288466
0.00257005
0.00277008
0.00247976
0.00273416
0.0025562
0.00277406
0.00236792
0.00256472
0.00243898
0.00275882
0.00237605
0.00284573
0.00285762
0.00298428
0.00245307
0.00258298
0.00245037
0.00223258
0.00281078
0.0026982
0.00283592
0.00271907
0.00298555
0.00268799
0.00224877
0.00272091
0.00275737
0.00254261
0.00275387
0.00246725
0.00258868
0.00250259
0.00272932
0.00273303
0.00284027
0.00283019
0.00255061
0.00260671
0.0027831
0.00239585
0.00240147
0.00268215
0.00249472
0.00270398
0.00265321
0.00272301
0.00266775
0.00261946
0.00238341
0.00238906
0.00241842
0.00286909
0.00259493
0.00246468
0.00239328
0.00276763
0.00254823
0.00229007
0.00284203
0.00273615
0.00268079
0.00280227
0.00250886
0.00274327
0.00275866
0.00255244
0.00287154
0.00269855
0.00250919
0.00280021
0.00266769
0.00260328
0.00272446
0.00263148
0.00266984
0.00235847
0.00252994
0.00263924
0.00237024
0.00229053
0.0028083
0.00257005
0.00258748
0.00252744
0.00256681
0.00250043
0.00242654
0.00241168
0.00241692
0.00252607
0.00265989
0.00252855
0.00236695
0.00252591
0.0023796
0.00266737
0.00260682
0.00284917
0.00276419
0.00270133
0.00284726
0.00271342
0.00228668
0.00260967
0.00271424
0.00251793
0.00265957
0.00279722
0.00228751
0.00287237
0.0027934
0.00299174
0.00231937
0.00275849
0.00241254
0.00235825
0.00264585
0.00240525
0.00307853
0.00234015
0.0023846
0.00283239
0.00229404
0.00253408
0.00245893
0.00238314
0.00256622
0.00242118
0.00240058
0.00236718
0.00267932
0.00225945
0.00286429
0.00232423
0.00240579
0.00276008
0.00236957
0.00274722
0.00232186
0.00260505
0.00262852
0.00266005
0.00242382
0.00225276
0.00206027
0.00246328
0.00227582
0.00217189
0.00223592
0.00247763
0.00257424
0.00244821
0.00217705
0.00225186
0.00245772
0.00235826
0.00232218
0.00278136
0.00250437
0.00206136
0.00250394
0.0022897
0.00239695
0.00258642
0.00264274
0.00257355
0.00259535
0.00230529
0.0023307
0.00233643
0.00237002
0.00274525
0.00221302
0.00275088
0.00223586
0.00260113
0.00226392
0.00225665
0.00258748
0.00222842
0.0023101
0.00266625
0.00260661
0.00239133
0.0024204
0.00231613
0.00260815
0.00239391
0.00235343
0.0022316
0.00226309
0.00265998
0.00254716
0.00252508
0.00231273
0.00219096
0.00223041
0.00260805
0.00237023
0.00243393
0.0024801
0.00250303
0.00249687
0.00219054
0.00261684
0.00230803
0.00261586
0.00243597
0.00256916
0.00237049
0.00246704
0.00253993
0.00248046
0.00236273
0.00102332
