0.8
0.00296013
0.0027334
0.00273744
0.00273934
0.00299805
0.00255907
0.00282655
0.00291316
0.00275325
0.00293173
0.00238892
0.00278675
0.00293799
0.00279153
0.00280726
0.0027246
0.00258713
0.00265724
0.00277147
0.00276882
0.00253227
0.00254564
0.0026707
0.00291948
0.00268925
0.00291151
0.00264567
0.0026938
0.00257749
0.00273219
0.00266993
0.00270393
0.00259205
0.00251762
0.00265331
0.00285854
0.00255672
0.00278698
0.00259922
0.00241737
0.00285579
0.00281861
0.00293994
0.00304892
0.00282871
0.00272614
0.00263544
0.00270023
0.00250775
0.00272857
0.00278052
0.00280543
0.00259798
0.00231669
0.00264827
0.00261153
0.00270756
0.00281197
0.00256847
0.00264921
0.00240984
0.00230785
0.00243062
0.00248518
0.00250716
0.00236776
0.00261742
0.00275408
0.00251908
0.00251325
0.00233001
0.00226884
0.00238717
0.00246496
0.0024447
0.00254924
0.00274552
0.00235934
0.00282202
0.00249147
0.00248946
0.00230891
0.00268635
0.00274816
0.00255122
0.0022684
0.00240824
0.0027336
0.00270511
0.00247861
0.00240322
0.00252252
0.00245081
0.00257881
0.00250502
0.00239635
0.00279828
0.00279729
0.00254049
0.00228794
0.0030857
0.00276404
0.0024654
0.00255504
0.00214195
0.00247295
0.00267067
0.0026318
0.00235576
0.00230815
0.00242182
0.00225456
0.00282178
0.00242545
0.00258863
0.00245369
0.00230424
0.00247095
0.00240678
0.00256478
0.00246209
0.00252668
0.00229699
0.00248743
0.00234974
0.00247259
0.00252231
0.00250127
0.0025908
0.00249177
0.00234871
0.00261756
0.00253681
0.00238764
0.0025176
0.0025092
0.00253433
0.00243657
0.00195099
0.00261293
0.00233468
0.00268143
0.00263072
0.00241724
0.00243026
0.00226045
0.00236453
0.00245961
0.00268326
0.00216205
0.00212881
0.00201335
0.00233355
0.00238706
0.00232228
0.00201925
0.00233416
0.00229576
0.00200781
0.00240695
0.00240441
0.0027733
0.00262941
0.00243381
0.00231815
0.00260733
0.00267676
0.00223826
0.0023603
0.00231417
0.00269268
0.00241815
0.00256581
0.0025144
0.00248476
0.00222582
0.00237009
0.0022433
0.00234717
0.00237276
0.00216142
0.00233257
0.00222956
0.00200274
0.00223659
0.00250367
0.00218517
0.00215835
0.00227506
0.00234415
0.00227084
0.00225483
0.00212209
0.00252491
0.00232958
0.00228889
0.00221828
0.00254494
0.00222646
0.00242584
0.00242191
0.00212486
0.00205162
0.0025705
0.0024315
0.00217983
0.00250131
0.00235417
0.00260947
0.00217339
0.00224623
0.00249498
0.0024659
0.00214408
0.0023047
0.00230287
0.00205409
0.00243102
0.00254094
0.00237001
0.00210871
0.00221293
0.00219162
0.00232586
0.00223393
0.00217707
0.00215286
0.0021488
0.00211929
0.00195686
0.00216451
0.00215517
0.00191222
0.0021811
0.00225917
0.00215971
0.00213957
0.00215707
0.00240978
0.00199403
0.00225769
0.00213571
0.00206016
0.00220626
0.00244832
0.00222257
0.00217
0.00205187
0.0022
0.00233492
0.00220866
0.00236225
0.0023042
0.00197299
0.0022145
0.00243831
0.002175
0.00213177
0.00233676
0.00227693
0.0022684
0.00204434
0.00238678
0.00235218
0.00222824
0.00212933
0.00253596
0.00232706
0.0020274
0.00216734
0.00225303
0.00243662
0.00215366
0.00221438
0.00194646
0.00223315
0.00202479
0.00211393
0.00250288
0.00208137
0.00212101
0.00211193
0.00227365
0.00199099
0.00222911
0.00220633
0.00212359
0.00184878
0.0019166
0.00201455
0.00206768
0.00205654
0.0021835
0.0022649
0.00221011
0.00219742
0.0024097
0.00211039
0.00228115
0.00221694
0.00218697
0.00215827
0.00208784
0.00215169
0.00202113
0.00189744
0.00198395
0.00183859
0.00231417
0.00242126
0.00228715
0.00214424
0.00196679
0.00216859
0.00243424
0.00195056
0.00221494
0.00224713
0.00198033
0.00235244
0.00216335
0.00199451
0.00228092
0.00253957
0.00205921
0.00211018
0.00219951
0.00217404
0.00227756
0.00219773
0.00195949
0.00226966
0.00225712
0.00210109
0.00189749
0.00214342
0.00213049
0.00210698
0.00194616
0.00201005
0.00208481
0.00194733
0.00219965
0.00198951
0.00226241
0.00203209
0.0023171
0.00235105
0.00192979
0.00221529
0.00206423
0.00207059
0.00212456
0.00213967
0.00222749
0.00196967
0.00213292
0.00211435
0.00188094
0.00214075
0.00223919
0.00197524
0.00220849
0.0022037
0.00204839
0.00210837
0.00200917
0.0020249
0.0020222
0.00192054
0.00209372
0.00219956
0.00247059
0.00218698
0.00216243
0.00218598
0.00203338
0.00207961
0.0019005
0.00224834
0.00213673
0.0021592
0.00215713
0.00215363
0.00210095
0.00241383
0.00224608
0.00224369
0.00206222
0.0022076
0.00195843
0.00196617
0.00214757
0.00230702
0.00222634
0.00212138
0.00207713
0.00212119
0.00204486
0.0021969
0.0021006
0.00219387
0.00204712
0.00229923
0.00200037
0.00198365
0.00224085
0.00198873
0.00220297
0.00198285
0.00184956
0.00228096
0.0019936
0.00203066
0.00206141
0.00209921
0.00181578
0.00222234
0.00203443
0.00217271
0.00218825
0.00209051
0.00193306
0.00206921
0.00189634
0.00221266
0.00207564
0.00213138
0.00203844
0.000881447
