0.8
0.00230749
0.00262242
0.00235341
0.002351
0.00230924
0.00229067
0.00213714
0.00243985
0.0022993
0.00218383
0.00206096
0.00242772
0.00239145
0.00218871
0.00227177
0.00228393
0.00242154
0.00228018
0.00233904
0.00247475
0.00255106
0.00257532
0.00246448
0.00210308
0.00241823
0.00240642
0.00239424
0.00256854
0.00223983
0.00244725
0.00233982
0.00233864
0.00214798
0.0021862
0.00211007
0.00231167
0.00238713
0.00269406
0.00229833
0.0023219
0.00256113
0.00217381
0.00234631
0.00243565
0.00223785
0.00208694
0.00239453
0.00205814
0.00237263
0.00235153
0.00234776
0.00205729
0.00249521
0.00242634
0.00212109
0.00223962
0.00224831
0.00256533
0.00227752
0.0024487
0.0021772
0.00233817
0.00210261
0.00235545
0.00212399
0.00230281
0.00190086
0.0022586
0.00231064
0.00225728
0.00238272
0.00240805
0.00219878
0.00206122
0.00237675
0.00236518
0.00208226
0.00207393
0.00208749
0.0022604
0.00222985
0.00213127
0.00213412
0.00237127
0.00190639
0.00223429
0.00203874
0.00222587
0.00207562
0.00246611
0.00234288
0.00215599
0.00216591
0.00232459
0.0021765
0.00222706
0.00222088
0.00225453
0.00219657
0.00229643
0.00221502
0.00199692
0.00235645
0.00229265
0.00215426
0.00204418
0.00218179
0.00217751
0.00217605
0.00214339
0.00199965
0.00197517
0.00216647
0.0022924
0.00217425
0.00210825
0.00221346
0.00200479
0.00229953
0.00213539
0.00230955
0.00204703
0.00232331
0.00205967
0.00230487
0.00226255
0.00227498
0.00195325
0.00212637
0.00191923
0.00210383
0.00249569
0.00210702
0.00216758
0.00223963
0.00202042
0.00201357
0.0022
0.00216254
0.00215151
0.00207474
0.00202314
0.00222953
0.00225049
0.00228448
0.00241579
0.00222653
0.00198713
0.00225741
0.00241548
0.00241045
0.00220834
0.00174801
0.00220123
0.00223671
0.00218825
0.0020325
0.00221673
0.00208799
0.00196304
0.00207926
0.00191515
0.00221584
0.00203881
0.00221898
0.0021333
0.00239402
0.00205634
0.00196177
0.00187275
0.00221409
0.00223299
0.00207679
0.0020673
0.00217156
0.00209737
0.00213857
0.00200367
0.00205118
0.00212458
0.00224648
0.0019105
0.00221686
0.00234212
0.00217536
0.00207619
0.00197225
0.00211537
0.00209772
0.00191913
0.00233399
0.00206781
0.00212569
0.00208678
0.00201959
0.00205262
0.00189429
0.00228676
0.00214452
0.00194348
0.00209556
0.00193861
0.00192934
0.00212268
0.00218753
0.00201189
0.00189123
0.00202787
0.00224513
0.00196628
0.00212594
0.00212306
0.00208028
0.00199714
0.00191953
0.00222019
0.0020418
0.0019504
0.00197925
0.00211175
0.00183316
0.00197753
0.00211897
0.0020613
0.00195048
0.00182829
0.00184669
0.00198031
0.00218135
0.00197118
0.00223562
0.00210132
0.00203706
0.00193175
0.00209624
0.00201152
0.00221664
0.00218824
0.00214937
0.00210614
0.00187272
0.00189636
0.00210996
0.00172953
0.00183602
0.00204209
0.0020484
0.00201274
0.00211452
0.00183721
0.00182145
0.00189184
0.00201566
0.00192118
0.00225936
0.00206557
0.00192259
0.00189445
0.00188227
0.0018915
0.00185235
0.00192795
0.00178098
0.00212658
0.00184272
0.00208662
0.0019164
0.00201659
0.00203851
0.00206833
0.00195629
0.00190223
0.00212355
0.00191636
0.00175969
0.0022037
0.00186238
0.0021691
0.00197897
0.00191886
0.00183387
0.00185984
0.00189299
0.00164486
0.00191559
0.00188831
0.00212267
0.00196806
0.00184711
0.00197131
0.00205268
0.00192072
0.00199877
0.00207996
0.00193246
0.00194915
0.00204017
0.00176453
0.0017434
0.00167891
0.00195955
0.00185338
0.00226095
0.00197916
0.00197085
0.00204633
0.00202878
0.00181149
0.0018513
0.00188328
0.00204024
0.00187048
0.00191662
0.001943
0.00176774
0.00180752
0.00195074
0.00187978
0.00200967
0.00180858
0.00177685
0.00204487
0.00168328
0.00191069
0.00193444
0.00198205
0.00179147
0.00176235
0.00196182
0.00192689
0.00216895
0.00176502
0.00191731
0.00196164
0.00214126
0.00177477
0.00195336
0.00171148
0.00229565
0.00181553
0.00202502
0.00188875
0.0016354
0.00182595
0.00195747
0.00178638
0.00205094
0.00199202
0.00196121
0.00185606
0.00212281
0.00203623
0.0018229
0.00195767
0.00189612
0.0020484
0.00172196
0.00193784
0.00177969
0.00199027
0.00193556
0.00195282
0.00191634
0.00204625
0.00192989
0.00214021
0.00190407
0.00198428
0.00192357
0.0018801
0.00213137
0.00208717
0.00173335
0.0021638
0.00186107
0.00190071
0.00202224
0.00196287
0.00216163
0.0018932
0.00204134
0.00182507
0.00203774
0.00185322
0.00185944
0.00199425
0.00181613
0.00199012
0.00170623
0.00207574
0.00195571
0.00202465
0.00186666
0.00190124
0.00191429
0.00188035
0.00173801
0.00184728
0.00203324
0.0018009
0.00185269
0.00198803
0.00197063
0.001919
0.00210607
0.00171214
0.00177893
0.00182845
0.00191491
0.00167284
0.0019306
0.0018794
0.00191321
0.00186002
0.00190784
0.00182978
0.00165925
0.00182711
0.00172792
0.0017961
0.00178529
0.00175349
0.00193477
0.00170115
0.00188165
0.00191551
0.00182693
0.00188723
0.00170093
0.00175532
0.00191512
0.00166991
0.00176013
0.00166226
0.00197189
0.00187445
0.00202745
0.00183501
0.00178049
0.00183801
0.00199976
0.00167687
0.0015923
0.00190462
0.00208797
0.00173402
0.00189803
0.00195613
0.00179099
0.00177607
0.00183372
0.00199372
0.00200892
0.00175829
0.00182091
0.00204994
0.00163218
0.00169343
0.00182557
0.00185242
0.00190591
0.00203225
0.00190836
0.00194377
0.00181673
0.00170398
0.00182662
0.00196977
0.00220816
0.00200344
0.00189953
0.00187767
0.00182724
0.00196793
0.00183076
0.00199837
0.001724
0.00205166
0.00163362
0.0018865
0.00199342
0.00185353
0.00197352
0.00188757
0.00183151
0.00197658
0.00183129
0.00178515
0.0018455
0.000772395
