0.8
0.00766174
0.00783141
0.00735048
0.00783624
0.00822787
0.00788451
0.00879234
0.00967333
0.00787487
0.00701708
0.00762955
0.00909318
0.00745646
0.00810615
0.00909602
0.00767962
0.00692315
0.00986055
0.00851097
0.00836769
0.00704521
0.00915837
0.00786004
0.00862228
0.00642746
0.00582483
0.00604237
0.00787229
0.00670799
0.00653202
0.00796161
0.00891321
0.00837708
0.00713782
0.00634966
0.00752054
0.00781801
0.00704098
0.00853244
0.00669455
0.00744632
0.00587323
0.00634112
0.00694988
0.00658583
0.00564223
0.00817625
0.00655482
0.0075178
0.00786683
0.00813245
0.00711663
0.00752101
0.00713487
0.00774028
0.00671467
0.00866643
0.00780126
0.00811414
0.00662567
0.00750717
0.00642414
0.00819628
0.00687678
0.0059476
0.00622563
0.00738841
0.00702406
0.0073932
0.00803668
0.00708116
0.00727514
0.0062222
0.00713326
0.00774995
0.00687387
0.00554056
0.00651283
0.00631126
0.00768767
0.0065168
0.0072448
0.00558733
0.00651535
0.00781393
0.00665261
0.00678284
0.00830157
0.00573845
0.00665319
0.00749296
0.00651042
0.00721312
0.0065608
0.00577185
0.00681792
0.00762263
0.00718884
0.00653619
0.00692422
0.00720951
0.00659346
0.00652741
0.00786485
0.00618375
0.00493362
0.00720185
0.00657506
0.00751049
0.00634088
0.00810723
0.00637852
0.0063307
0.00799069
0.0071491
0.00629435
0.00790575
0.00595734
0.00598339
0.00806867
0.00618672
0.00759041
0.00611716
0.00765012
0.00481178
0.00501078
0.00687816
0.00849436
0.00574044
0.00720972
0.00767465
0.00776201
0.00633449
0.00707052
0.00648478
0.00764203
0.00722915
0.00640984
0.00674579
0.00216312
