0.8
0.0043634
0.00463572
0.0048136
0.00501023
0.0043041
0.00453726
0.00481698
0.00514199
0.00445424
0.00488929
0.00492202
0.00366493
0.00443562
0.00442274
0.00508106
0.00482633
0.00440429
0.00459479
0.00446375
0.00447775
0.00442257
0.00515403
0.0049638
0.00465796
0.00359958
0.00458626
0.00449186
0.00367776
0.00419739
0.00423467
0.00429976
0.00437442
0.00400904
0.00374451
0.00470114
0.00462215
0.00426208
0.00461512
0.00353511
0.00384043
0.00422751
0.00397282
0.00407125
0.00465059
0.00414994
0.00372162
0.00412846
0.00506935
0.00410056
0.0042388
0.0039622
0.00370028
0.00366603
0.00385862
0.00415522
0.00354371
0.00392989
0.00399407
0.0046247
0.00443696
0.00433113
0.00412274
0.00383316
0.00367891
0.00433621
0.00389131
0.00369461
0.00413335
0.00427058
0.00400579
0.00401938
0.00413981
0.00399522
0.00369228
0.00375996
0.00387982
0.00421826
0.00366631
0.00429683
0.00399115
0.0040224
0.00406869
0.00388833
0.00433649
0.00399949
0.00452247
0.00462448
0.00370224
0.00343351
0.00346119
0.00343679
0.00370212
0.00394474
0.00402704
0.00393337
0.00466343
0.00345526
0.0038512
0.00364036
0.00426343
0.00349562
0.00414735
0.00347941
0.00387834
0.00391341
0.0041048
0.00426806
0.00423814
0.00353403
0.00403565
0.00402994
0.00371884
0.00406141
0.003699
0.00406441
0.00414542
0.00401742
0.00397638
0.00343793
0.00451289
0.00368047
0.00362809
0.00434163
0.00431604
0.00393927
0.00379905
0.00330659
0.00404087
0.00410184
0.00357696
0.00387569
0.00395132
0.00400271
0.00384925
0.00352973
0.0034808
0.0040405
0.00366533
0.00382058
0.00379042
0.0039352
0.00366745
0.00375899
0.00387921
0.00360221
0.00332158
0.00376222
0.00364759
0.00342806
0.0040902
0.00360574
0.00397089
0.00360454
0.00375447
0.00352066
0.00347276
0.0033773
0.00273857
0.00362103
0.00370454
0.00366142
0.00312972
0.00363524
0.00330301
0.00420471
0.00387749
0.00342933
0.00310623
0.00313707
0.00369057
0.00325278
0.00373076
0.00350963
0.00345575
0.00399913
0.00382766
0.00372581
0.0040862
0.00309286
0.00381093
0.00340371
0.00334619
0.00383232
0.0034998
0.00412927
0.00351564
0.00342005
0.00362053
0.00351476
0.00374458
0.00342108
0.00332507
0.0032806
0.00371125
0.00376764
0.00339796
0.00327466
0.00380825
0.00380001
0.00310745
0.00371312
0.00339312
0.00387708
0.00335333
0.0034961
0.00356399
0.00395498
0.0038772
0.00348373
0.00345765
0.00440414
0.00352884
0.00384806
0.00341867
0.00351267
0.00301071
0.00350466
0.00349541
0.00346093
0.00314295
0.0037494
0.00342963
0.00365927
0.00385125
0.00348505
0.00372697
0.0031067
0.00360074
0.00322605
0.00369479
0.00362767
0.00397632
0.00279699
0.00312212
0.00335404
0.00395733
0.00352323
0.00376916
0.0033881
0.00367914
0.00379265
0.00372974
0.00351638
0.00353638
0.00322812
0.0033282
0.00366141
0.0035388
0.00376914
0.00377212
0.00336641
0.0036449
0.00339136
0.00360813
0.00358591
0.00327485
0.00350716
0.00282893
0.00330885
0.0014572
