0.8
0.00972788
0.0169739
0.0157544
0.0116038
0.0146279
0.0158919
0.0183077
0.0157412
0.0139134
0.0191281
0.026114
0.021746
0.0165387
0.0179848
0.0132702
0.0170766
0.0162828
0.0148226
0.0168194
0.0163131
0.01601
0.0155721
0.0171072
0.0150315
0.0191712
0.0188739
0.0188628
0.0253691
0.0196664
0.016355
0.0116647
0.0149667
0.0131162
0.0147218
0.0118687
0.0163259
0.0297776
0.0173632
0.018354
0.016164
0.0240924
0.025081
0.0141571
0.0157261
0.0118171
0.0201164
0.0252118
0.0148189
0.0164352
0.0178233
0.0170614
0.0124506
0.0119134
0.0134994
0.0187513
0.0143973
0.0139599
0.0175398
0.0165227
0.00364438
