0.8
0.00308522
0.00296516
0.00310906
0.00326528
0.00332623
0.00313573
0.00346688
0.00322692
0.00318601
0.00310089
0.00288482
0.00304413
0.00320044
0.00327414
0.00339367
0.00326602
0.00325022
0.00296791
0.00279299
0.00317893
0.00278933
0.00260138
0.00303947
0.00334778
0.00324349
0.0030895
0.00325182
0.00321667
0.00323299
0.00298289
0.00319565
0.00332833
0.0026501
0.00330592
0.00334971
0.00292671
0.00310821
0.00335206
0.00340468
0.00325308
0.0030906
0.00300607
0.00310652
0.00326259
0.00324381
0.00326606
0.00333431
0.00270196
0.00312152
0.00282765
0.00318432
0.0026302
0.00329419
0.00321781
0.00319025
0.00308896
0.00309052
0.00298668
0.00318961
0.00292149
0.00292839
0.00314319
0.00325721
0.00304022
0.00324962
0.00286123
0.00357536
0.00274875
0.00312256
0.00339259
0.00298306
0.00337014
0.00332504
0.00282648
0.00317219
0.00330111
0.00286294
0.00280958
0.00261167
0.00303635
0.00289558
0.00303514
0.00266869
0.0029375
0.00311145
0.00322641
0.0027747
0.00275657
0.00264326
0.00294912
0.00285353
0.00272143
0.00334612
0.00317047
0.00285392
0.00273923
0.00276334
0.0030579
0.00276436
0.00341296
0.00297217
0.00299293
0.00303504
0.00277357
0.00331428
0.00309178
0.00309713
0.00309603
0.00255088
0.00272825
0.00335068
0.00278435
0.00293947
0.00297312
0.00287974
0.00294934
0.00297888
0.00315556
0.0024355
0.00266013
0.00290928
0.00302559
0.00300869
0.00278396
0.00319215
0.00291463
0.00303957
0.00279426
0.00277071
0.00264681
0.00336644
0.00270526
0.00301904
0.00297515
0.00266133
0.0026821
0.00280587
0.00285171
0.00257117
0.00291437
0.00281336
0.00284311
0.00260231
0.00271875
0.002988
0.00317217
0.00283106
0.00264624
0.00283068
0.00298419
0.00252908
0.00253299
0.00275179
0.00262319
0.00278935
0.002636
0.00285835
0.00249898
0.00262902
0.00305845
0.00273124
0.00310446
0.00277907
0.00262371
0.00268975
0.00289273
0.00252309
0.00249587
0.0027513
0.0024496
0.00247125
0.00275594
0.00282463
0.00264396
0.0028836
0.00276212
0.00259535
0.00273454
0.00258111
0.00302812
0.0026425
0.00275968
0.00307398
0.00276321
0.00299121
0.00287345
0.00268259
0.00288425
0.00277135
0.00277483
0.00285696
0.00251708
0.00267728
0.0027867
0.00276317
0.00281126
0.00273939
0.00250358
0.00278041
0.00277547
0.00266502
0.0026845
0.00287601
0.0026271
0.00253935
0.00250471
0.00277487
0.00239016
0.00282664
0.00280105
0.00271527
0.00227274
0.0029354
0.00282165
0.00264147
0.00272806
0.00278591
0.00243436
0.00246762
0.0026818
0.00270333
0.00273228
0.00276045
0.00245146
0.00254257
0.00251211
0.00284604
0.0025275
0.00231931
0.00289368
0.00270639
0.00229248
0.00271367
0.00248846
0.00276107
0.00247465
0.00249998
0.00247752
0.00269692
0.00285488
0.00266696
0.00231959
0.00278344
0.00262545
0.00271792
0.00241402
0.00257851
0.00249052
0.0028839
0.00272695
0.00285289
0.0028163
0.00250406
0.00286649
0.00243358
0.00265126
0.00230659
0.00260211
0.00249035
0.0024984
0.00247057
0.00283776
0.00246153
0.00240368
0.00246792
0.00276502
0.0025058
0.00234713
0.00245773
0.00246741
0.00240066
0.00220375
0.00295989
0.00235842
0.00242958
0.00251524
0.00259613
0.00223102
0.0024147
0.00250406
0.00238471
0.00268624
0.00235673
0.00264356
0.00246615
0.0025963
0.00239035
0.00261522
0.00223147
0.00266759
0.0025758
0.00247724
0.00280211
0.00239508
0.00292879
0.002846
0.00216635
0.00256592
0.00276627
0.00240073
0.00247452
0.00276438
0.00234202
0.0027411
0.00250255
0.00253094
0.0028911
0.0027653
0.00259187
0.00227443
0.00211304
0.00248516
0.00253884
0.00258774
0.00259437
0.00246341
0.00229973
0.00288191
0.00247726
0.00247667
0.00270292
0.00257955
0.00250806
0.00285912
0.00255362
0.00241626
0.00260843
0.00272405
0.00280698
0.00243491
0.00275981
0.00278164
0.00269908
0.00230999
0.00278203
0.00244287
0.00229726
0.00274104
0.00266066
0.00249675
0.00283848
0.00248321
0.00245788
0.00239028
0.00261711
0.00268204
0.00263998
0.00256045
0.0026642
0.00260515
0.00219228
0.00248066
0.00236626
0.00256596
0.00240004
0.00247466
0.0024348
0.00258324
0.0028048
0.00105019
