0.8
0.00259729
0.00269491
0.00294963
0.00305723
0.00270095
0.0028229
0.00283443
0.00284936
0.00272812
0.00274253
0.00270859
0.00276319
0.00293753
0.00287909
0.00284051
0.00298143
0.00289307
0.0026776
0.00261654
0.00247976
0.00275863
0.00229878
0.00291057
0.00239952
0.0029123
0.00271183
0.00273847
0.00265552
0.00264861
0.00277519
0.00267124
0.00258636
0.00295672
0.00298769
0.00247674
0.00296069
0.00271671
0.00234365
0.0025123
0.00246814
0.00260614
0.00286771
0.00296802
0.00254458
0.00254626
0.00268913
0.00273353
0.00257582
0.00249421
0.00280824
0.00264099
0.00243878
0.00285255
0.00267287
0.00258602
0.00266724
0.00294026
0.00271279
0.002308
0.00302715
0.00273622
0.00271988
0.00262288
0.00237539
0.0031443
0.00253823
0.00286126
0.00253404
0.0028246
0.00274946
0.00261747
0.00254504
0.00264639
0.00247682
0.00259222
0.00265465
0.00275577
0.00287984
0.00249975
0.00283901
0.00215243
0.0022667
0.00277079
0.0025906
0.00291727
0.00279116
0.00271965
0.00278766
0.00259249
0.00254816
0.00253435
0.00253921
0.00275102
0.00285601
0.00255128
0.00267628
0.00247512
0.00263125
0.00284494
0.00270241
0.00280794
0.00258157
0.0026297
0.00254117
0.00246844
0.00287982
0.00256599
0.00252231
0.00233069
0.0025295
0.00275774
0.00244741
0.00256695
0.00264514
0.00277309
0.00274952
0.00265963
0.00249445
0.00231272
0.00231451
0.00249511
0.00223718
0.00249577
0.00228459
0.00255817
0.00239651
0.0025568
0.00238905
0.00256272
0.00229325
0.00258184
0.00258533
0.00225892
0.00261884
0.00226109
0.00263936
0.00220223
0.00243555
0.00270745
0.00231413
0.00244326
0.00256688
0.00246577
0.00244736
0.00262026
0.00277854
0.00253055
0.00226839
0.00250819
0.0025559
0.00249417
0.00252678
0.00248049
0.00219793
0.00259014
0.00240919
0.00242918
0.00232043
0.00227079
0.00236673
0.00243029
0.00214758
0.00254694
0.00230059
0.00214217
0.00233202
0.00238397
0.0023321
0.00216809
0.00250118
0.00220771
0.00250578
0.00261067
0.00255907
0.00247043
0.0023505
0.00257482
0.00240455
0.00238032
0.00216448
0.00243223
0.00240943
0.00214383
0.00258206
0.00247271
0.002452
0.00242211
0.00265729
0.00228645
0.00217421
0.00258967
0.00248019
0.0026256
0.00217328
0.00243169
0.00233281
0.00220551
0.00231435
0.00255373
0.00221166
0.00258989
0.00268186
0.00210059
0.00232548
0.00211566
0.00242393
0.00230037
0.00262882
0.00219622
0.00239925
0.00221369
0.00215255
0.00225604
0.00213354
0.00206531
0.00244916
0.00235698
0.00229007
0.0022029
0.00235143
0.00202899
0.00228297
0.00211873
0.00235766
0.00221008
0.00256921
0.00252471
0.00227226
0.00220312
0.00201146
0.00248638
0.00242554
0.00239686
0.00238977
0.00221405
0.00227721
0.00217023
0.00214745
0.00233249
0.00221238
0.00230607
0.002118
0.00222757
0.00218538
0.00197427
0.00232048
0.00271281
0.00235678
0.00225344
0.00246351
0.00246248
0.00217931
0.00219881
0.00218696
0.00208967
0.0022588
0.00221653
0.00257771
0.002202
0.00261532
0.00211901
0.00245185
0.0021493
0.00206131
0.00212818
0.00215274
0.00230728
0.0022105
0.00236982
0.00229125
0.00228213
0.0023629
0.00229235
0.00232537
0.00225363
0.00231914
0.00239182
0.00197238
0.00225227
0.00233281
0.00208927
0.0019668
0.00247386
0.00207738
0.00197105
0.00199552
0.00224434
0.00228965
0.00248181
0.00235271
0.00232988
0.00235619
0.00196951
0.00212866
0.0022251
0.00221892
0.00221407
0.00217462
0.00244343
0.00234731
0.00226161
0.00239111
0.00207341
0.00213827
0.00227323
0.00215778
0.00229668
0.00220888
0.00243914
0.00218727
0.00230758
0.00213516
0.00225389
0.0022418
0.00221559
0.00213047
0.00230784
0.0022205
0.00219466
0.00229991
0.00196925
0.00220586
0.0023203
0.00249247
0.0022152
0.00197399
0.00228241
0.00204244
0.00209176
0.00242134
0.00219591
0.00210011
0.00215769
0.0022438
0.00210321
0.00212625
0.00235663
0.00217341
0.00223809
0.00213428
0.00218449
0.00228978
0.00218738
0.00191788
0.00205088
0.00224183
0.00222605
0.00224942
0.00211836
0.00223353
0.0021099
0.00218611
0.00214608
0.00241067
0.00218498
0.00224381
0.00236772
0.00206872
0.00224861
0.001936
0.00218639
0.00208627
0.00199798
0.00225531
0.00210818
0.00205642
0.00225715
0.00201825
0.00185851
0.00213238
0.00192574
0.00213679
0.00189068
0.00233039
0.00198924
0.00224308
0.00219203
0.00208791
0.00215707
0.0025281
0.00209048
0.00215601
0.00203842
0.00208068
0.00199829
0.00229988
0.00204749
0.00216652
0.00219455
0.00247913
0.00212374
0.00171886
0.00225249
0.00198161
0.00195315
0.00218949
0.00229308
0.00193822
0.00231854
0.00217155
0.00199445
0.00220423
0.00227899
0.00240106
0.00200875
0.00220158
0.00194931
0.00206155
0.00216072
0.00198991
0.00195552
0.00212467
0.00222427
0.00212647
0.00193382
0.00229658
0.00218577
0.00204977
0.00226836
0.000901751
