0.8
0.0184757
0.0138503
0.0199159
0.00885002
0.0164612
0.0163745
0.020506
0.0103456
0.016633
0.0163429
0.0120434
0.0137889
0.0132682
0.0168239
0.0137353
0.0141567
0.0165655
0.0143533
0.012569
0.0196098
0.0136921
0.0147116
0.0099693
0.0144762
0.0200991
0.0105194
0.0110415
0.0121372
0.0124001
0.0239414
0.0168546
0.0101229
0.00838303
0.0121996
0.0132861
0.0193894
0.020337
0.0107339
0.0151601
0.00949504
0.0143885
0.0110401
0.0168146
0.0153649
0.0170547
0.0104784
0.00997015
0.0216042
0.00904612
0.0124618
0.0201586
0.0122974
0.0139085
0.00760488
0.0139836
0.0187626
0.0168568
0.0166061
0.0111133
0.0131754
0.0105288
0.00950949
0.0170026
0.0189549
0.0192458
0.0114152
0.0190477
0.0114575
0.0133548
0.00317406
