0.8
0.00397308
0.00534867
0.00549348
0.00532797
0.00415329
0.00419537
0.00554795
0.00534475
0.00443553
0.0049985
0.00425451
0.00541454
0.00541732
0.00445139
0.00496877
0.00497786
0.00517262
0.00538063
0.00448807
0.00430861
0.0044167
0.00445502
0.00486146
0.00522963
0.00504372
0.00454641
0.00467282
0.00490204
0.00485986
0.00447017
0.00492466
0.00494627
0.00421934
0.00423658
0.00495439
0.00455873
0.00488227
0.00424932
0.00381487
0.00448065
0.00506864
0.00430968
0.00430965
0.00401839
0.00374741
0.00446146
0.00439341
0.00398593
0.00472913
0.00433933
0.0044393
0.00460791
0.00502758
0.00466203
0.00461265
0.00488706
0.00413277
0.00449789
0.00402373
0.00367838
0.00382687
0.00409405
0.00449216
0.00391987
0.00408529
0.00470979
0.00475569
0.00387811
0.00460855
0.00486142
0.00419718
0.0049243
0.00438329
0.00535734
0.00471764
0.00458776
0.00407331
0.00365376
0.00411995
0.00402138
0.0039524
0.00471914
0.003885
0.00394406
0.00504577
0.00368421
0.00474681
0.0042523
0.00420473
0.00471162
0.00404683
0.00428863
0.00456063
0.00439909
0.00382883
0.00421154
0.00381762
0.00432596
0.00404882
0.00393489
0.00487882
0.00496143
0.00377558
0.00406558
0.00428667
0.00365483
0.00434712
0.0045953
0.00410042
0.00409566
0.00443808
0.00428909
0.00365158
0.00454513
0.00454252
0.00365047
0.00379467
0.00442772
0.00388508
0.00385177
0.0040907
0.00412272
0.00350772
0.00425861
0.00446825
0.0038165
0.00421923
0.00424769
0.00405578
0.00433486
0.00406246
0.00402161
0.00413688
0.00399491
0.00389127
0.00338028
0.00390018
0.00464519
0.00459385
0.00417496
0.00413579
0.00391601
0.00392229
0.00363422
0.00406303
0.00397663
0.00418347
0.00413307
0.00406124
0.00394998
0.0040686
0.00366661
0.0043198
0.00379405
0.00404645
0.00454462
0.00403462
0.00406479
0.0038392
0.00357809
0.00407076
0.00394684
0.00413182
0.00383908
0.00396404
0.00383445
0.00442812
0.00352684
0.00343069
0.00338277
0.00361295
0.00331944
0.00353186
0.00433821
0.00394963
0.00408033
0.00385432
0.00395299
0.00366164
0.00342118
0.00343275
0.00367194
0.00356607
0.00378171
0.00356516
0.00468736
0.00355702
0.00411127
0.00388623
0.00353269
0.00379515
0.0038664
0.00410264
0.00404456
0.00393802
0.00350324
0.00406009
0.00371075
0.00374896
0.00383131
0.0040424
0.00367263
0.00407818
0.0035957
0.0045798
0.00380582
0.00368419
0.00398655
0.00373544
0.00412137
0.00342359
0.00403062
0.00393631
0.00405561
0.00423013
0.00319558
0.00406413
0.00376781
0.00351411
0.00386546
0.00353758
0.00344664
0.00410574
0.00363677
0.00344366
0.00435666
0.00369595
0.00379963
0.00360108
0.00393831
0.00399634
0.00358029
0.00390903
0.00368467
0.00452372
0.0038046
0.00386349
0.0032651
0.00429648
0.00157713
