0.8
0.00516061
0.00422492
0.00540639
0.00548509
0.00491094
0.00499231
0.00547008
0.00501473
0.00486065
0.00486029
0.00455018
0.00494706
0.00485451
0.00465453
0.00497422
0.00380987
0.00504825
0.00552058
0.00522241
0.00512925
0.00425764
0.00506177
0.00455853
0.00457486
0.00452013
0.00516235
0.005487
0.00434686
0.00496045
0.00516337
0.00521729
0.00561048
0.00555466
0.00504115
0.0046974
0.00548909
0.00375515
0.0043675
0.00532126
0.00504934
0.00446198
0.00446135
0.00524358
0.0047809
0.00404889
0.00496473
0.00405556
0.0041056
0.00484772
0.0053528
0.00477659
0.00461514
0.00497691
0.00504061
0.00410738
0.00342241
0.00434971
0.00449397
0.00433646
0.00425837
0.00485083
0.00405519
0.00440898
0.00452902
0.00466946
0.00443864
0.00470756
0.00458743
0.00491727
0.00459445
0.00437146
0.00468922
0.00500733
0.00523264
0.00479132
0.00408843
0.00428326
0.00494387
0.00484691
0.00426696
0.00468417
0.00519444
0.00440208
0.00360649
0.00381738
0.00457773
0.00404686
0.00562255
0.00497837
0.00379778
0.00427564
0.00419572
0.00377009
0.00437012
0.00419748
0.00459728
0.00423762
0.00466125
0.00396933
0.00384344
0.00462771
0.003542
0.00434981
0.00439078
0.00417773
0.00454159
0.00454942
0.00463214
0.00419133
0.00533403
0.00451776
0.00391757
0.00310701
0.00461069
0.00462074
0.00387458
0.0042226
0.00524571
0.00417955
0.00421504
0.00371182
0.00437387
0.00402938
0.00411796
0.00490885
0.00400823
0.00404874
0.00435658
0.00418358
0.00450111
0.00407985
0.00389328
0.00406242
0.00415768
0.00473258
0.00411521
0.00436411
0.0037937
0.00505644
0.00401664
0.00380278
0.00392885
0.0041478
0.00452876
0.00383393
0.00387451
0.00354126
0.00429281
0.00459476
0.00430927
0.00407964
0.00426268
0.00453969
0.00378966
0.00388105
0.00401295
0.0049716
0.00453769
0.00427383
0.00361357
0.00380242
0.00391367
0.00358132
0.00384411
0.00389687
0.00407915
0.00395283
0.00470792
0.0044411
0.00436761
0.00471354
0.00407484
0.00416484
0.00385199
0.00452077
0.00400039
0.00401142
0.00428767
0.00425048
0.0038464
0.0035977
0.00434373
0.00356266
0.00395463
0.00365929
0.00375626
0.00385603
0.00429625
0.00407137
0.00396497
0.00430187
0.00390259
0.00451157
0.00404713
0.00469218
0.00393166
0.00293355
0.00441507
0.00374178
0.0035209
0.0040951
0.0040153
0.00393795
0.00457088
0.00344596
0.00385649
0.00380078
0.00393065
0.00332035
0.00423526
0.00436165
0.00405052
0.00395318
0.0042621
0.00383344
0.00378132
0.00363946
0.00486839
0.00434715
0.00381907
0.00431273
0.0034588
0.00332836
0.00434714
0.00410034
0.00357887
0.0039791
0.00453881
0.00392074
0.00164286
