0.8
0.00448287
0.00435677
0.00412121
0.00478673
0.00430998
0.00373362
0.00430066
0.00447755
0.0044631
0.00412664
0.00416902
0.00396728
0.004729
0.00430788
0.00450365
0.00350177
0.00405728
0.00418895
0.00374946
0.00430524
0.00444752
0.00409345
0.00448093
0.00419433
0.00434659
0.00496184
0.00449113
0.00322889
0.00398629
0.00484013
0.00337206
0.00364487
0.00370711
0.00401827
0.00416917
0.00403594
0.00411224
0.00346733
0.00422991
0.00391037
0.00405049
0.00384039
0.00399254
0.0039793
0.00419188
0.00401659
0.00392042
0.00410489
0.00401175
0.00414125
0.00394768
0.00412235
0.00410161
0.003355
0.0037221
0.00373761
0.00425207
0.0032115
0.00383853
0.00398614
0.00339902
0.0035164
0.00372065
0.00413544
0.00360779
0.00365354
0.00428575
0.00394835
0.00399748
0.00374902
0.00328151
0.00402331
0.00334458
0.0032218
0.00422284
0.00406423
0.00386715
0.00441092
0.00381029
0.00375954
0.00334261
0.00389021
0.00406549
0.0039754
0.00365126
0.00387857
0.00372705
0.00324608
0.00364506
0.00359612
0.00344037
0.00328094
0.00360243
0.00392615
0.00346256
0.00382698
0.00369403
0.00369383
0.00390726
0.00394884
0.00365104
0.00342658
0.00426684
0.00365781
0.00336079
0.00326187
0.00334236
0.00392906
0.00378939
0.00362509
0.00363107
0.00374555
0.00387294
0.00348952
0.00363781
0.00353322
0.00334325
0.00320203
0.00345874
0.00377878
0.00330579
0.0029715
0.00332912
0.00381087
0.00286471
0.00399771
0.00348843
0.00378439
0.00315597
0.00345476
0.00338525
0.00297589
0.003792
0.00335809
0.00361192
0.00400288
0.00363552
0.00366431
0.0045561
0.003474
0.00337388
0.00349142
0.00343736
0.00312793
0.00344312
0.00328781
0.00338637
0.00355975
0.00330346
0.0037336
0.00330048
0.00353708
0.00346839
0.00338317
0.00400663
0.00332296
0.00304667
0.00330748
0.00333893
0.00404806
0.00334126
0.00299055
0.00350853
0.00343895
0.0032437
0.00293001
0.00309744
0.00328249
0.00357906
0.00360423
0.00356721
0.00284224
0.00368785
0.00351353
0.00341463
0.00347928
0.00307534
0.0030544
0.00366774
0.00386979
0.00336378
0.0030604
0.0037439
0.0032956
0.00316763
0.00345094
0.00341251
0.00334996
0.00317454
0.00363347
0.00316329
0.00304767
0.00335828
0.00307885
0.00305648
0.00318848
0.00325414
0.00289889
0.00344952
0.00316404
0.0033629
0.00346588
0.0039478
0.00336258
0.00395788
0.00289863
0.00374482
0.00266985
0.00326391
0.00327546
0.00367973
0.00302894
0.00316766
0.00370337
0.00330752
0.00387787
0.0031976
0.00320302
0.00325591
0.00314667
0.00322046
0.00330898
0.00349838
0.00328528
0.00356755
0.00311388
0.00327974
0.00323503
0.00331984
0.00366985
0.00365704
0.00296672
0.00293695
0.00317566
0.00334778
0.00333146
0.00372913
0.00343953
0.00320219
0.00353024
0.00311498
0.00333235
0.00304677
0.00302151
0.00325438
0.00303189
0.00303903
0.00281324
0.00310168
0.00342671
0.0037714
0.0032897
0.00302995
0.00316603
0.00312833
0.00290539
0.00295981
0.00326002
0.00341246
0.00328515
0.00321017
0.00348377
0.00324372
0.00301273
0.00372525
0.00278686
0.0030094
0.00327929
0.00341137
0.00296324
0.0032556
0.00331976
0.00340189
0.00362668
0.00357544
0.00304301
0.00347249
0.0032656
0.00308658
0.00135263
