0.8
0.0120069
0.012283
0.0124785
0.0115822
0.00921204
0.00893986
0.00864061
0.00915037
0.00739763
0.00854231
0.00931587
0.00754643
0.00918766
0.00908727
0.00972961
0.00844507
0.00986801
0.0127524
0.0126387
0.0100917
0.0122087
0.0104724
0.0113278
0.00814255
0.0068833
0.00896456
0.00953907
0.0101893
0.00846361
0.0135521
0.00919572
0.00966454
0.00975708
0.0133801
0.012657
0.0122552
0.0129903
0.00792916
0.00792596
0.0116201
0.0123403
0.00973422
0.012008
0.0119439
0.00809171
0.00965963
0.0109281
0.0120097
0.0130933
0.0103351
0.0106197
0.0112522
0.00824416
0.00942984
0.00808179
0.0118782
0.00808638
0.00925711
0.0100159
0.00724001
0.0102884
0.0100434
0.00969263
0.00796978
0.00849457
0.00959748
0.00926013
0.00865487
0.0109501
0.00694348
0.00858535
0.0103133
0.00829676
0.0105354
0.0107121
0.00785876
0.00858955
0.0100931
0.00999331
0.00822642
0.00843693
0.00970649
0.00928755
0.00939546
0.0135114
0.0119885
0.00922383
0.0108348
0.0116608
0.0107862
0.0104319
0.0113851
0.0100979
0.0121108
0.013096
0.00827725
0.0118521
0.0091952
0.011151
0.00220796
