0.8
0.00315142
0.00337957
0.00347365
0.00338955
0.00362452
0.00336561
0.00387137
0.00328379
0.00320423
0.00345962
0.00344879
0.00360752
0.00294259
0.00296627
0.00334734
0.00333099
0.00345633
0.00328049
0.0030515
0.00390548
0.00324418
0.00353497
0.00340978
0.00319877
0.00351146
0.00320425
0.00359677
0.0034673
0.00320155
0.00353369
0.00392745
0.00345135
0.00322014
0.00326826
0.00338882
0.00359381
0.00313481
0.00314875
0.00322938
0.00379103
0.00318126
0.00297648
0.00320452
0.00290865
0.00293618
0.00329547
0.00328285
0.00353517
0.00306062
0.00300393
0.00363027
0.00304698
0.00328344
0.0030249
0.00298495
0.00344695
0.00295464
0.00354722
0.00320828
0.0030918
0.00303809
0.00326078
0.00315206
0.00348939
0.00308907
0.00322712
0.00331948
0.00323547
0.00304433
0.00321376
0.0032756
0.00317794
0.00309149
0.00333528
0.00313973
0.00376959
0.00319459
0.00324586
0.00293876
0.00316591
0.00336127
0.00340819
0.0034402
0.00305263
0.00300994
0.00269002
0.00324636
0.00300859
0.00313765
0.00334829
0.00296415
0.00276335
0.00320207
0.00282683
0.00326933
0.00287644
0.00323532
0.00313107
0.00323841
0.0035034
0.00306724
0.00328553
0.00327713
0.00328625
0.00266569
0.0026002
0.00314809
0.00303352
0.00314653
0.00331007
0.00325093
0.00305495
0.00314105
0.00322665
0.00310766
0.00276272
0.00310409
0.00279737
0.00270736
0.00263732
0.00284926
0.00292031
0.00303673
0.00255429
0.00288742
0.00331372
0.00264259
0.00321408
0.00306264
0.00317285
0.00288869
0.00306681
0.00268062
0.00310485
0.00318659
0.00283729
0.00300264
0.00308449
0.00280265
0.00289533
0.0030552
0.00317467
0.0031248
0.0030931
0.00364084
0.00324789
0.00276546
0.00305367
0.00311079
0.00313948
0.00270469
0.00269442
0.00297308
0.00263796
0.00290963
0.00266804
0.00328691
0.00340785
0.00249628
0.00294359
0.00256005
0.00284581
0.0028572
0.00288271
0.00261166
0.00290104
0.0028289
0.00295797
0.00279568
0.00332306
0.00262816
0.00296785
0.00321009
0.00304189
0.00281276
0.00296497
0.0025748
0.00304169
0.00289043
0.00288534
0.0028778
0.00337313
0.00301981
0.00290397
0.00283562
0.00300363
0.00286013
0.00269492
0.00251093
0.00305488
0.00278117
0.002536
0.00280129
0.00285444
0.00355588
0.00282473
0.0023035
0.00274106
0.00283311
0.00277447
0.0031094
0.0028833
0.00283947
0.00289745
0.00292414
0.00281433
0.00243576
0.00264948
0.00277318
0.00292298
0.00276469
0.00285572
0.00292506
0.00260588
0.00267097
0.00282849
0.00254944
0.0026274
0.00288832
0.00252619
0.00298838
0.00262611
0.00287627
0.00276204
0.00281993
0.00289355
0.00255784
0.00283333
0.00239354
0.00250387
0.00265843
0.00284337
0.00273113
0.00272994
0.00259006
0.00279124
0.00285534
0.00262934
0.00269991
0.0026751
0.00298694
0.00275819
0.00294364
0.00269676
0.0024011
0.00300595
0.00312019
0.00265328
0.00294691
0.00290248
0.00243961
0.00285551
0.00266058
0.0028333
0.00288191
0.00256811
0.00301056
0.00299602
0.00292468
0.00271826
0.0024968
0.00257189
0.00294373
0.00268885
0.00249499
0.00231032
0.00277507
0.00281945
0.00294768
0.00253172
0.00259489
0.00278279
0.0024502
0.00258865
0.00251858
0.00288164
0.00273666
0.00289068
0.00285684
0.00289143
0.00254129
0.00283513
0.00299358
0.00272478
0.00309705
0.00247602
0.00242983
0.00272873
0.00290876
0.00255062
0.00289425
0.00256725
0.00277513
0.00272534
0.00278463
0.00261042
0.00280281
0.00273592
0.00220076
0.00299437
0.00267702
0.00304247
0.00235108
0.00280707
0.00283702
0.00275164
0.00272554
0.00276952
0.00271968
0.00236053
0.00258396
0.00261568
0.00282417
0.00280363
0.00266498
0.0025096
0.00242335
0.00256329
0.00256983
0.00271753
0.00270972
0.00267839
0.00231563
0.00235466
0.00252827
0.00285752
0.00272697
0.00269007
0.00250657
0.00257109
0.00278489
0.0025123
0.00245149
0.00288693
0.00232065
0.00287695
0.00258904
0.00277629
0.00304505
0.00111144
