0.8
0.00600526
0.00665825
0.00556844
0.00565103
0.00631598
0.00506702
0.00586945
0.00542102
0.00502604
0.0045749
0.00503673
0.00540273
0.00521639
0.00462093
0.00511412
0.00544325
0.00519683
0.00532726
0.00491907
0.00505982
0.00655738
0.0050356
0.00520935
0.00478287
0.00613505
0.00548271
0.00527551
0.00474074
0.00551108
0.00492873
0.00520153
0.00514097
0.00510146
0.00506353
0.00502579
0.00514968
0.00476929
0.00591969
0.00521883
0.00530554
0.00496821
0.00507311
0.0044075
0.0049178
0.0050499
0.00530115
0.00376011
0.00434103
0.00503705
0.00500862
0.00503973
0.00486691
0.00459768
0.00425659
0.00391488
0.00419026
0.00483533
0.00542452
0.00495363
0.00466584
0.00474704
0.00475349
0.00420767
0.00443032
0.00510561
0.00516035
0.00552854
0.00529194
0.00524055
0.00456225
0.00479304
0.00432301
0.00413449
0.00484806
0.00474505
0.00480477
0.00434685
0.00464343
0.00401308
0.00433425
0.00408361
0.00511568
0.00461559
0.00394698
0.00416878
0.00466007
0.00491195
0.00400945
0.0043727
0.00508849
0.00464519
0.00438284
0.00406687
0.0048302
0.00485421
0.00467573
0.00451202
0.00437193
0.0043943
0.00389514
0.00434535
0.00521501
0.0043511
0.00458356
0.00412297
0.00415926
0.00440828
0.00510641
0.00386751
0.00423916
0.00374893
0.00419836
0.00447695
0.00542382
0.00407936
0.00434937
0.00376424
0.00485099
0.0052222
0.00401111
0.00457749
0.00413634
0.00432788
0.00444451
0.00505857
0.00446788
0.0040877
0.00499692
0.0046314
0.00384386
0.00444633
0.00470924
0.00392714
0.00429681
0.0040134
0.00404487
0.00459024
0.00473754
0.00366767
0.00417949
0.00378655
0.00420909
0.00402262
0.00413966
0.00549611
0.00447923
0.00480952
0.00438013
0.00404383
0.00410726
0.004179
0.00384584
0.00344307
0.00436547
0.00472299
0.00449905
0.00452788
0.00418981
0.00431618
0.00433833
0.00379728
0.0042538
0.00426392
0.00379211
0.00407125
0.00404234
0.00463904
0.00472049
0.00407782
0.00433371
0.00448835
0.00393953
0.00427267
0.00440317
0.0041856
0.00392798
0.00472238
0.00415793
0.00442465
0.00426594
0.00434871
0.0044171
0.00351724
0.00357296
0.00443781
0.00422099
0.00405437
0.00475645
0.00442757
0.00420198
0.00422054
0.00395451
0.00346111
0.00409538
0.00396106
0.00386902
0.00381053
0.00388829
0.00452868
0.00434018
0.00412232
0.0038784
0.00451641
0.00429253
0.00411957
0.00328226
0.00400115
0.00374447
0.00425695
0.00423946
0.00450602
0.00445446
0.00452009
0.00421648
0.00429863
0.00385115
0.00430609
0.00383342
0.0040904
0.00171917
