0.8
0.00487881
0.00449905
0.00480674
0.00464441
0.00505514
0.00497127
0.00421344
0.00496066
0.0042539
0.0047862
0.00437369
0.00481394
0.00433796
0.00459702
0.00482573
0.00454464
0.00470185
0.00469656
0.00393401
0.00414013
0.00464149
0.00411094
0.00506331
0.00425897
0.00470263
0.00443416
0.00418147
0.00438852
0.00467107
0.00439596
0.00430457
0.00463848
0.00421007
0.00452537
0.00460096
0.00474009
0.00440925
0.00421799
0.00496052
0.00474527
0.0046039
0.00423466
0.00403038
0.0045091
0.00426569
0.00504803
0.00463855
0.00451991
0.00476603
0.00418229
0.00398778
0.00420096
0.00412404
0.00426858
0.00435018
0.00425555
0.00488807
0.00440443
0.00480275
0.00428907
0.0039248
0.00426539
0.00399369
0.00379631
0.00476346
0.0043032
0.0044921
0.00381259
0.00419944
0.00411998
0.00425533
0.00394338
0.00440923
0.00466285
0.00409992
0.00452297
0.00471078
0.00440612
0.00398508
0.00414118
0.00440345
0.00423949
0.00475862
0.00385988
0.00426134
0.00397067
0.00417493
0.00420934
0.00444693
0.00391064
0.00441062
0.00385229
0.00424416
0.00408132
0.00405329
0.00511122
0.00385322
0.00369986
0.00431069
0.00420222
0.00348244
0.00407023
0.00422374
0.00419707
0.00421471
0.00373075
0.0040946
0.00450765
0.00420735
0.00393931
0.00350485
0.00337118
0.00398869
0.00395383
0.00412098
0.00387816
0.00329666
0.0040979
0.00420792
0.00378937
0.00391052
0.00393506
0.00392095
0.00365772
0.00455871
0.00397057
0.00457015
0.00364903
0.00410286
0.00405573
0.00442286
0.00392902
0.00375803
0.00338471
0.00386509
0.00471012
0.00434549
0.00452303
0.00411411
0.00351155
0.00375365
0.00394932
0.00414471
0.00395018
0.00347205
0.00376125
0.00364332
0.0041287
0.00362853
0.00387605
0.0036624
0.00389756
0.00460794
0.0038795
0.00398584
0.00396252
0.00394687
0.00323949
0.00383845
0.00380123
0.00333863
0.00440719
0.00340466
0.00280536
0.00393883
0.00334111
0.00443619
0.00402449
0.00367687
0.00356192
0.00380823
0.00394544
0.00395601
0.00366466
0.00389285
0.00423361
0.00374566
0.00346538
0.00367551
0.00404999
0.00337951
0.00373302
0.00360036
0.00365313
0.0033476
0.0030197
0.00342948
0.00358518
0.00365449
0.00370214
0.00351172
0.00354213
0.00396936
0.00371808
0.00389289
0.0034806
0.00331614
0.00329609
0.00325412
0.00368655
0.00404451
0.00391832
0.00399913
0.00383832
0.00388127
0.00348852
0.00399173
0.00415505
0.00285637
0.00331448
0.00362931
0.00310262
0.00387631
0.00370208
0.00334644
0.00463195
0.00328141
0.00387261
0.00383426
0.00329139
0.00323237
0.0033908
0.00385088
0.0036793
0.00360873
0.00336371
0.00410326
0.00388805
0.00348198
0.00318246
0.00356565
0.00331297
0.00288389
0.00362899
0.00333691
0.00331542
0.00387774
0.00385326
0.00325324
0.00370576
0.00332982
0.00359037
0.00323523
0.00368034
0.00373513
0.00337355
0.00349566
0.00322533
0.00373311
0.00151471
