0.8
0.00815933
0.00627062
0.00717596
0.00647025
0.00634892
0.00750088
0.00721214
0.00737125
0.00736081
0.00533731
0.00689307
0.00657193
0.00681001
0.00716318
0.00636684
0.0060834
0.00597135
0.00602451
0.00693116
0.00835328
0.00736721
0.00654593
0.00567789
0.0055384
0.00584665
0.0052424
0.00586835
0.00685611
0.00647037
0.00595695
0.00681627
0.0063013
0.00561537
0.00595903
0.00632813
0.00800064
0.00684086
0.00781771
0.00522232
0.00732671
0.00636319
0.0061212
0.00567058
0.0061867
0.00666674
0.00636645
0.00498957
0.00583871
0.00655013
0.00640174
0.00607857
0.00641183
0.00633445
0.0060167
0.00699872
0.00500266
0.00711989
0.00569575
0.00590824
0.00497227
0.00599129
0.00616042
0.00595052
0.00502226
0.00622199
0.00538586
0.00458372
0.00651646
0.00637356
0.00546772
0.00618244
0.00508566
0.0060208
0.00545898
0.00500452
0.00559461
0.00490232
0.00763021
0.00571848
0.00618184
0.00551187
0.00539119
0.00521869
0.00564872
0.00567246
0.00610096
0.00600854
0.00696759
0.00661131
0.006379
0.00523674
0.00548362
0.00551031
0.00638053
0.00593605
0.00523847
0.00503264
0.00560233
0.00563608
0.00528276
0.00522464
0.00649266
0.00584984
0.00521176
0.00608755
0.00589331
0.00634447
0.00531809
0.00663461
0.00663069
0.00662252
0.00653066
0.00652686
0.00495631
0.00504543
0.0046575
0.00566712
0.00591219
0.00580384
0.00604896
0.00483184
0.00540545
0.00567386
0.00475213
0.00545463
0.00616766
0.00641803
0.00416084
0.00609357
0.00487682
0.00537079
0.00480375
0.00525573
0.00677584
0.00523847
0.00493578
0.00479879
0.00599495
0.00579512
0.00549446
0.004747
0.00460235
0.00612234
0.00545304
0.00622004
0.0058604
0.00448779
0.00623089
0.00573984
0.00560499
0.00650929
0.00550452
0.00492358
0.00419782
0.00454942
0.00526166
0.00591672
0.00567279
0.00523737
0.00450601
0.00626295
0.00610225
0.00508472
0.00576828
0.00447328
0.00540265
0.00504927
0.0049319
0.00564482
0.00220211
