0.8
0.00775357
0.00981553
0.0113647
0.00777073
0.010252
0.0102216
0.00994781
0.0100914
0.00995766
0.00850441
0.0103191
0.00758591
0.0112887
0.0101089
0.0102323
0.00951859
0.00981692
0.00869703
0.00808961
0.00928089
0.00707865
0.0116896
0.00763713
0.00859215
0.0113785
0.0079839
0.00944418
0.00902494
0.0059209
0.00739662
0.00886525
0.00959766
0.0105473
0.00651156
0.00943873
0.00993299
0.00844336
0.00760288
0.00919533
0.0117064
0.00658081
0.00819684
0.00644126
0.0086901
0.00832027
0.0093615
0.00808032
0.00841927
0.0100574
0.00924866
0.00913089
0.00869024
0.00940211
0.0113581
0.0100102
0.00735557
0.00972117
0.00759057
0.0115355
0.00793933
0.00987019
0.0104383
0.00768743
0.0068462
0.00851386
0.00884069
0.0110509
0.0101661
0.00718757
0.00726578
0.0098328
0.00911692
0.00702605
0.00863968
0.0103528
0.009605
0.0093264
0.010674
0.00837825
0.00896571
0.0101982
0.00940864
0.00928082
0.00733883
0.0110252
0.00832567
0.010734
0.00843093
0.00765274
0.0097465
0.00642963
0.00754534
0.00885538
0.0103815
0.0101933
0.0096619
0.0091299
0.0121075
0.00924937
0.0102074
0.00807259
0.00986035
0.0107073
0.0110338
0.00857483
0.00932235
0.0121826
0.00710639
0.0106561
0.00206098
