0.8
0.00298081
0.00334696
0.00307892
0.00258485
0.00298185
0.00282566
0.00312485
0.00285707
0.00303067
0.00281374
0.00256042
0.00297364
0.00288304
0.00306341
0.00301635
0.00324335
0.00268074
0.00262243
0.00251064
0.00292527
0.00322477
0.00322607
0.00280161
0.00289664
0.00253066
0.00337137
0.00314668
0.00321793
0.00260549
0.00308989
0.00316341
0.00260757
0.00319358
0.00293418
0.0026342
0.00244614
0.00292875
0.00332842
0.00296561
0.00293468
0.00284664
0.00261161
0.00273414
0.00296925
0.0030009
0.00293259
0.00309254
0.00275172
0.0029546
0.00267215
0.00256992
0.00293742
0.00292061
0.00270033
0.00296013
0.00280956
0.00272467
0.00277588
0.00259807
0.0027211
0.00348242
0.00295022
0.00286506
0.00311355
0.00304944
0.0026984
0.00288701
0.00280911
0.00253853
0.00306397
0.00294812
0.00240436
0.00259889
0.00280983
0.00254676
0.00288657
0.00282414
0.0026109
0.00268161
0.002773
0.00265759
0.00264422
0.00256561
0.00275329
0.00276376
0.00254237
0.00255982
0.00290201
0.00266129
0.00265366
0.00260395
0.00296824
0.0027487
0.00249826
0.00283056
0.00286031
0.00292212
0.00273591
0.00222369
0.00250967
0.00257506
0.00274322
0.00255563
0.00250707
0.00254618
0.00246267
0.0023297
0.00260315
0.00248735
0.00277074
0.00295829
0.00265859
0.00250011
0.00248795
0.00272298
0.00231944
0.00243777
0.00230599
0.0024189
0.00273925
0.00264336
0.00251555
0.00254778
0.00269102
0.00242665
0.0027773
0.0026174
0.00235828
0.00261672
0.00248174
0.00260756
0.00252873
0.00260421
0.00251464
0.00240704
0.00248871
0.00246828
0.00271338
0.00258585
0.00224027
0.00277423
0.00258588
0.002588
0.00244031
0.00257098
0.002733
0.00262971
0.00299729
0.00265246
0.00280137
0.00222976
0.00233151
0.00222559
0.00264318
0.00239077
0.00242853
0.00257229
0.00249918
0.00243102
0.00268889
0.00265933
0.00247139
0.00271972
0.00256207
0.00249087
0.00257036
0.00253672
0.00262778
0.0021455
0.00260862
0.00261864
0.00281983
0.00251499
0.00280263
0.00230219
0.00233833
0.00266703
0.00244806
0.00272668
0.0024674
0.00233193
0.0024457
0.00254976
0.0023277
0.00231098
0.00238448
0.0023093
0.00258082
0.00260216
0.00261781
0.0022842
0.00202414
0.00224544
0.00231507
0.00246768
0.0023668
0.00219194
0.00243775
0.00258367
0.0024163
0.0026758
0.0024269
0.00264605
0.00245041
0.00218257
0.00225213
0.00239157
0.00257124
0.00234246
0.00287396
0.00228955
0.00222381
0.00228942
0.0022903
0.0024893
0.00257415
0.00242983
0.00256895
0.00218778
0.00244045
0.0019714
0.00251991
0.0026415
0.002264
0.00268419
0.00244125
0.00225253
0.00215231
0.00211091
0.00226728
0.00234632
0.00249304
0.00248191
0.00237143
0.00224198
0.00251666
0.00258321
0.0023544
0.00237675
0.00249897
0.00254068
0.00262564
0.00209246
0.00254917
0.00231041
0.00238104
0.00228325
0.00209955
0.0025242
0.00225111
0.00244978
0.00222218
0.00216818
0.00237268
0.00235377
0.00228011
0.00245834
0.0025524
0.00261404
0.00235139
0.00281206
0.00265074
0.00243684
0.00219779
0.00219521
0.00220978
0.00248701
0.00227581
0.00217702
0.00224576
0.00258884
0.00235931
0.0023239
0.00238911
0.00240853
0.0020631
0.00247778
0.00255444
0.00206481
0.00224885
0.00223281
0.00207482
0.00237786
0.00231248
0.00254162
0.00270479
0.00208342
0.00246811
0.00270743
0.0021292
0.00239127
0.00214366
0.00245424
0.00213582
0.00195419
0.00250925
0.0022611
0.00225333
0.00215809
0.00230538
0.00225068
0.00229841
0.00264567
0.00242551
0.00233421
0.0022152
0.00225125
0.00241898
0.00208108
0.00216693
0.00243682
0.00233188
0.00231162
0.00212942
0.00248024
0.00227697
0.00243781
0.00234988
0.00223648
0.00241003
0.00233878
0.00243393
0.00254699
0.00235284
0.0022336
0.0023722
0.00223446
0.00256928
0.00226513
0.00229334
0.00223553
0.00220559
0.00241148
0.00219174
0.00227342
0.0023371
0.0023244
0.0024611
0.00225206
0.00216006
0.00255153
0.0023719
0.00201185
0.00211804
0.0023636
0.00237088
0.00233468
0.00215428
0.00206207
0.00242166
0.00227312
0.00213229
0.00235562
0.00219818
0.00222022
0.0020451
0.00247879
0.00218209
0.00187778
0.00253658
0.00221519
0.00212945
0.0024685
0.00217329
0.00244473
0.00242638
0.00269447
0.00224436
0.00179746
0.00200946
0.002216
0.00217556
0.00241434
0.00242751
0.00256521
0.00231127
0.00230649
0.00223814
0.0022587
0.00202339
0.00218603
0.00223195
0.00223287
0.00247792
0.00229186
0.00216684
0.00214399
0.00200589
0.0022244
0.00239568
0.0022237
0.00232649
0.00217475
0.00205884
0.00230643
0.00236148
0.00217028
0.00234858
0.00227613
0.000947763
