0.8
0.00255836
0.00255034
0.00270622
0.00261316
0.00246895
0.00251649
0.00271135
0.00226356
0.00260233
0.00271364
0.0025882
0.00266097
0.00239056
0.00282384
0.00270398
0.00255654
0.00253547
0.00268014
0.00247489
0.00249234
0.00251402
0.00254119
0.00260109
0.00229249
0.00287405
0.00278803
0.00229808
0.00258628
0.00235143
0.00233059
0.0024345
0.00244903
0.00233719
0.00235982
0.00236329
0.00217867
0.00247765
0.00267234
0.00237951
0.00230432
0.00266358
0.00221439
0.00215742
0.00258786
0.00244963
0.00266832
0.00221554
0.00250436
0.00239276
0.00234821
0.00253077
0.00255046
0.00251811
0.00260185
0.00221177
0.00225237
0.00277576
0.00238708
0.0023074
0.00224238
0.00228981
0.00264456
0.00248964
0.00260758
0.00233599
0.00204869
0.00242349
0.00212316
0.00219288
0.00256824
0.00259502
0.00251588
0.00273208
0.00259296
0.00248892
0.00214499
0.00245214
0.00256888
0.00219026
0.00222079
0.00230162
0.00209026
0.00236211
0.00234527
0.00220497
0.00212426
0.00221027
0.00208808
0.00235747
0.00236994
0.00242319
0.00229848
0.00246127
0.00235912
0.00217985
0.00252319
0.00227774
0.00226395
0.0023827
0.00217938
0.00261606
0.00223571
0.00240041
0.00233149
0.00218717
0.0026055
0.00221499
0.00254856
0.00247465
0.00218998
0.00224706
0.00237304
0.002565
0.00244743
0.00240291
0.00228955
0.00226302
0.00212859
0.002374
0.00254021
0.00226005
0.00221229
0.00237358
0.00259341
0.00228965
0.00197445
0.00221231
0.00237151
0.0021397
0.00226231
0.00217923
0.00229711
0.00220142
0.00232328
0.00226834
0.00214579
0.00237306
0.00230236
0.00217238
0.0021319
0.00234383
0.00231742
0.00253263
0.00221909
0.00228083
0.002219
0.00213747
0.0021009
0.00243027
0.00227863
0.00197456
0.00229137
0.00226252
0.00249971
0.00209285
0.00227176
0.00240343
0.00195067
0.0022731
0.00227809
0.00210138
0.00204487
0.00214866
0.00211667
0.00236576
0.00225533
0.00255277
0.00233356
0.00215226
0.00236535
0.00214819
0.00211485
0.00242256
0.00212191
0.00225787
0.0023166
0.00240182
0.00228957
0.00229976
0.00218049
0.0020616
0.00208785
0.00228518
0.00213265
0.00203989
0.00213718
0.002149
0.00225404
0.00210088
0.0022516
0.00220185
0.00267656
0.00201537
0.00206659
0.00226855
0.00228395
0.00223409
0.00223726
0.00213381
0.00198845
0.00202152
0.00217367
0.00240517
0.00213567
0.00207115
0.00211781
0.00220543
0.00222851
0.00215595
0.00206848
0.0020882
0.00194415
0.00225278
0.00227977
0.00219864
0.00208506
0.00221065
0.00202688
0.00229656
0.00207186
0.00213414
0.00207346
0.00221451
0.00201865
0.00192304
0.00211285
0.00202949
0.0022615
0.00197243
0.00218763
0.00202493
0.00205823
0.00206097
0.0017869
0.00213484
0.00206469
0.0021807
0.00190747
0.00217638
0.00221557
0.00209978
0.00214113
0.00203319
0.00220603
0.00229658
0.00205686
0.00210556
0.0020163
0.00204988
0.00198964
0.00200359
0.00218105
0.00212174
0.00216602
0.00203134
0.00214875
0.00223842
0.0019863
0.00220906
0.00194211
0.00218713
0.00200811
0.00227181
0.00207597
0.00208573
0.00208494
0.00217968
0.00211413
0.00194425
0.00205943
0.00200321
0.00224736
0.00189788
0.00218714
0.00199611
0.00194421
0.00197883
0.00198985
0.00213203
0.00183903
0.00199703
0.00224376
0.00200739
0.00211918
0.00198644
0.00205866
0.0019846
0.00190079
0.00198328
0.00196539
0.00212536
0.00196276
0.00203859
0.00191257
0.00225096
0.00207295
0.00219406
0.00192155
0.00194615
0.00220659
0.00197718
0.00199036
0.00211791
0.00206812
0.00201023
0.00211998
0.00205568
0.00204702
0.00207266
0.00214962
0.00207125
0.00185751
0.00232634
0.00198176
0.00211586
0.00206085
0.00202105
0.00201431
0.00196038
0.0020024
0.00197981
0.00205844
0.00195727
0.00199659
0.00214366
0.00206057
0.00217644
0.00206791
0.00195112
0.00200075
0.00240215
0.00185997
0.00212999
0.0018957
0.00217131
0.00193686
0.00194623
0.00226127
0.00190588
0.00214378
0.00196021
0.00215101
0.00199254
0.00185484
0.00196668
0.00203177
0.00186583
0.00212331
0.00212171
0.00197406
0.00200711
0.00201906
0.00200132
0.00204815
0.00202918
0.00178917
0.00220473
0.00214566
0.00203944
0.00201335
0.00195282
0.00222905
0.00200901
0.00193475
0.00195499
0.00208239
0.00193462
0.00196611
0.00200492
0.00189432
0.00213358
0.00229454
0.00188807
0.0020149
0.00210038
0.00202792
0.00209003
0.00202324
0.00176679
0.00194704
0.00193788
0.00192361
0.00195971
0.00221047
0.00206687
0.00207509
0.00198042
0.00193212
0.00203104
0.00200435
0.0020823
0.00210477
0.00216585
0.00222002
0.00201844
0.00211474
0.00216039
0.00177335
0.00189092
0.00204801
0.00188359
0.00191185
0.00199183
0.00195673
0.00195281
0.00205575
0.00200993
0.00188878
0.00197486
0.00190192
0.00186547
0.00205274
0.0021389
0.00198094
0.00207115
0.00197756
0.00190283
0.00195228
0.00196772
0.00216983
0.00193739
0.00206226
0.0020443
0.00211747
0.00197285
0.00177649
0.00199565
0.00180758
0.00194991
0.00220578
0.00174449
0.00213554
0.00191322
0.00189386
0.0020542
0.00182359
0.00200542
0.00198878
0.00203076
0.00205078
0.0019768
0.00193836
0.00190032
0.0018419
0.00214796
0.00208488
0.00192922
0.00244562
0.00200932
0.00188622
0.0018793
0.00188909
0.00212151
0.00215302
0.00196118
0.0019736
0.00187424
0.00209634
0.00226247
0.000823067
