0.8
0.00521864
0.0060982
0.00570798
0.00573061
0.0055708
0.00495977
0.00604903
0.00570972
0.00591619
0.00622516
0.00580555
0.00633714
0.0046649
0.00601464
0.00475442
0.00531866
0.00494234
0.00518359
0.00550546
0.00622864
0.00523568
0.00562567
0.00536314
0.0055621
0.00522744
0.00662228
0.00628487
0.00570932
0.00603538
0.00549318
0.00549293
0.00493006
0.00614054
0.00560196
0.0058812
0.00548821
0.00547458
0.00552498
0.00489937
0.00504165
0.00518806
0.00482212
0.00536389
0.00548819
0.0052377
0.00444518
0.00652178
0.00524757
0.00517283
0.00568112
0.00529396
0.00547178
0.00570122
0.00464208
0.00488603
0.00534935
0.00545532
0.00498495
0.005383
0.00548894
0.00553816
0.00523361
0.00413219
0.00583723
0.00507671
0.00507669
0.00614251
0.00607064
0.00506734
0.00600211
0.00485968
0.00561359
0.00497322
0.00587256
0.00525647
0.00461461
0.00442452
0.00563728
0.00500693
0.00444578
0.00450568
0.00634203
0.00458864
0.005855
0.00467661
0.00564806
0.00512881
0.00467464
0.0041608
0.00545381
0.00534589
0.00543039
0.00480052
0.00539496
0.00551215
0.00473536
0.00482118
0.00473445
0.00545424
0.0050394
0.00493698
0.00580803
0.00499159
0.00423126
0.00476757
0.00527364
0.00535006
0.00499085
0.00519847
0.00453542
0.00538469
0.00524201
0.00493175
0.00473197
0.00458828
0.00492262
0.0052053
0.00543141
0.00453927
0.00457415
0.00601324
0.00533185
0.00498397
0.0061027
0.00517437
0.00460405
0.00489352
0.00587116
0.00467159
0.00450748
0.00423153
0.00440458
0.00452222
0.00406332
0.00479171
0.00389857
0.00472956
0.0045765
0.00452282
0.00386514
0.0043092
0.00461944
0.00450766
0.00473118
0.00421958
0.00389415
0.00443135
0.00430277
0.00413757
0.0049993
0.00441606
0.00458953
0.00366734
0.00454942
0.00400046
0.00517183
0.00535748
0.00416272
0.00444585
0.00466286
0.00437421
0.00379468
0.00408431
0.00504257
0.0046182
0.00467245
0.00387873
0.00441205
0.00445209
0.00497118
0.00473713
0.00477607
0.00419999
0.00475796
0.00504262
0.00463557
0.00426357
0.00481344
0.00473024
0.00357816
0.00427877
0.00508899
0.00486648
0.00432163
0.00440513
0.00439643
0.00516242
0.00487764
0.00364346
0.00451008
0.00469333
0.00436713
0.00403044
0.00434753
0.00507621
0.00482355
0.00467573
0.00448148
0.00506532
0.00189649
