0.8
0.00351334
0.00330671
0.00385064
0.00356949
0.00345486
0.00346825
0.00345874
0.00344117
0.00377899
0.0029984
0.00317729
0.00342152
0.00322846
0.00349979
0.00394129
0.00337865
0.00330938
0.00343924
0.00363717
0.00334962
0.003548
0.00322136
0.00327204
0.00339795
0.00349848
0.0029419
0.00370572
0.00331981
0.00361291
0.00281922
0.003342
0.00346716
0.00357171
0.00294702
0.00304023
0.00315978
0.00302592
0.00375535
0.00324433
0.00332393
0.0036967
0.00339097
0.00319171
0.00305484
0.00358599
0.0038801
0.0028337
0.00339286
0.00387928
0.00403808
0.00385116
0.00334992
0.0036646
0.00347959
0.00357088
0.00318322
0.00348414
0.0035544
0.00382137
0.0037943
0.00353493
0.00355812
0.00338107
0.00329942
0.00328859
0.00321001
0.00301233
0.00348705
0.00364655
0.00283639
0.00327948
0.00333777
0.00299136
0.00298709
0.00358106
0.00322932
0.00357551
0.00338089
0.00345257
0.00343455
0.00308366
0.00332388
0.00351968
0.00295036
0.00336233
0.0029241
0.00372376
0.00303137
0.00340698
0.00356323
0.00311742
0.0035085
0.00323813
0.00340654
0.00321416
0.00274266
0.00284825
0.0030333
0.00302572
0.00303236
0.00313612
0.00301095
0.00345457
0.00316538
0.00318692
0.00295229
0.00311539
0.00336643
0.00284323
0.00400964
0.00338751
0.00310617
0.00293478
0.00311014
0.00353532
0.00305077
0.00282796
0.00319648
0.00312395
0.00300612
0.00299265
0.00330733
0.00316575
0.00300845
0.00305752
0.00314745
0.00331669
0.0028631
0.0031423
0.00262261
0.0030706
0.002929
0.00320619
0.0032884
0.00280458
0.00319033
0.00310865
0.00262839
0.0028912
0.00272379
0.00315766
0.00268879
0.00276721
0.00328704
0.00332307
0.00311685
0.00327357
0.00299635
0.00302313
0.00279365
0.00277401
0.00262187
0.00278077
0.0030488
0.00285781
0.00278139
0.00339828
0.00288379
0.00336276
0.00290104
0.0027193
0.00308148
0.00264737
0.00296074
0.00295241
0.0027948
0.0031047
0.00285293
0.00294698
0.00292776
0.00288015
0.00287058
0.00300172
0.00308703
0.00271178
0.00274776
0.00314251
0.00282483
0.00297325
0.00292852
0.00303171
0.0029387
0.00296977
0.00281197
0.00237539
0.00275335
0.00258002
0.00287133
0.00272875
0.00238368
0.00306148
0.00297509
0.00289018
0.00277031
0.00306669
0.00283193
0.00280518
0.00267777
0.00292695
0.00304719
0.00286819
0.00330287
0.00286455
0.0030667
0.00285423
0.00306906
0.00258301
0.00285356
0.0023596
0.00261912
0.00269434
0.00269048
0.00303091
0.00289785
0.00288068
0.00298036
0.00287646
0.00300316
0.00296081
0.00271377
0.00293626
0.00298577
0.00273279
0.00261393
0.00276919
0.0025387
0.00307942
0.00289317
0.002957
0.00309366
0.00290011
0.00285064
0.00298194
0.00332736
0.00287572
0.00295113
0.00304377
0.00316673
0.00289623
0.00259824
0.00257308
0.00263645
0.00297509
0.00264455
0.00304543
0.00297371
0.00287116
0.00262127
0.00266485
0.00318116
0.00302758
0.00277395
0.00268794
0.00265446
0.00285935
0.0026229
0.00291098
0.00319843
0.0024575
0.00263613
0.00286409
0.00309924
0.00249207
0.0029311
0.00277519
0.00283063
0.00277106
0.00263961
0.0030257
0.00286311
0.00254481
0.00267155
0.00264956
0.00303065
0.00287681
0.00266381
0.0029093
0.0027267
0.00305995
0.00272235
0.00298318
0.00252062
0.00271361
0.00256678
0.00269541
0.00281113
0.00309313
0.00285333
0.00272237
0.00261137
0.00287633
0.00286252
0.00252705
0.00261579
0.00316939
0.00257231
0.00288159
0.00318796
0.00298269
0.00283073
0.00252968
0.00283575
0.00249435
0.00275786
0.00272416
0.00314352
0.00273685
0.00263781
0.00317143
0.00254788
0.00296748
0.00282202
0.00320434
0.00244153
0.00276975
0.00287109
0.00300323
0.00250168
0.00278319
0.00254305
0.00289958
0.0025704
0.00316453
0.00264037
0.00267698
0.00266364
0.00278294
0.002491
0.00270348
0.00114534
