0.8
0.00772061
0.00690356
0.00775074
0.00708359
0.00718692
0.00738737
0.00787633
0.00645897
0.00772789
0.00704192
0.00834635
0.0065716
0.00686823
0.00676141
0.00754529
0.00780378
0.0059174
0.00821898
0.00592708
0.00568871
0.00655724
0.00846018
0.00626528
0.00600054
0.00624311
0.00618728
0.00749736
0.00659394
0.00668996
0.00636604
0.00817862
0.00644542
0.00693383
0.00710589
0.00674069
0.0068069
0.00769802
0.00593268
0.00633322
0.00652723
0.00660161
0.0070067
0.00500745
0.00565603
0.00542956
0.00537215
0.00663426
0.00733819
0.00571957
0.00532351
0.00554321
0.0069088
0.00667337
0.00553229
0.005722
0.00581059
0.0058946
0.00639552
0.00572921
0.00643379
0.00634495
0.00679192
0.00627341
0.00595547
0.00682948
0.00655754
0.00630176
0.00594781
0.00647472
0.00529509
0.00596197
0.00571165
0.00688856
0.00578218
0.00623247
0.00728907
0.00578398
0.00692372
0.00605936
0.0049582
0.0068273
0.00614662
0.00613508
0.00708382
0.00493437
0.00629435
0.00401618
0.00598097
0.00717956
0.005613
0.00669143
0.00606789
0.0059016
0.00557786
0.00558098
0.00525621
0.00597666
0.00646302
0.00748641
0.00587485
0.00637202
0.00587965
0.00567885
0.00620131
0.00523769
0.00535952
0.00630071
0.00626036
0.00572017
0.00621645
0.0058707
0.00588249
0.00622599
0.00568971
0.00644198
0.00752739
0.00632307
0.00625747
0.00631158
0.00513044
0.00498897
0.00642356
0.00609523
0.00487037
0.00572832
0.00492144
0.00504541
0.00659281
0.00598224
0.00649511
0.00581375
0.0049331
0.00609002
0.00592915
0.00626332
0.00589943
0.00627299
0.00654295
0.00568941
0.00499593
0.00578986
0.00650613
0.00651436
0.00603115
0.00627245
0.00533168
0.00589642
0.0055752
0.00647849
0.00612449
0.0055277
0.00693154
0.00594167
0.00745159
0.00623357
0.00537514
0.00620113
0.00595817
0.00657765
0.00228654
