0.8
0.00698757
0.00570929
0.00615539
0.00682684
0.00587154
0.00712737
0.00683057
0.00691102
0.00687472
0.00650265
0.00568226
0.00602869
0.00685482
0.00635342
0.00592282
0.00486932
0.0065693
0.00580765
0.00522682
0.00712204
0.00699339
0.00661649
0.00611401
0.00657659
0.00657797
0.00558541
0.00591606
0.00548048
0.00567801
0.00532799
0.00522666
0.006
0.00554597
0.00551827
0.00622165
0.00644616
0.00550989
0.00569679
0.00531481
0.00667679
0.00629642
0.00612932
0.00593785
0.00561091
0.00704862
0.00735372
0.00527117
0.00687996
0.00629657
0.00600955
0.0058879
0.0057449
0.00550424
0.00639051
0.00535795
0.00626797
0.00657718
0.00586731
0.00529456
0.00638103
0.00579931
0.00594055
0.0053805
0.00530779
0.00590536
0.00551232
0.00687195
0.00604825
0.00602317
0.00557359
0.00534819
0.00498649
0.00643803
0.00637283
0.0066818
0.00519406
0.00571906
0.0059059
0.00481688
0.00537683
0.00604
0.0054096
0.00528155
0.00526507
0.00535469
0.0062673
0.00547121
0.00505118
0.00537156
0.00579235
0.00545056
0.00440419
0.00488297
0.00601709
0.00592871
0.00535605
0.00573972
0.0046566
0.00652261
0.00534267
0.00554579
0.00529874
0.00526015
0.0054066
0.00439186
0.00589947
0.00565101
0.00435162
0.00498285
0.00426597
0.00540559
0.00479421
0.00451851
0.00599393
0.00566693
0.00502797
0.00501612
0.00539954
0.0065161
0.00442181
0.00523885
0.00627657
0.00442369
0.00481792
0.00481074
0.00517445
0.0051692
0.00493294
0.00563712
0.00479005
0.00421449
0.00434748
0.00509278
0.00451604
0.0058288
0.0065442
0.00452013
0.00471457
0.00557168
0.00532981
0.00564105
0.00524666
0.00543149
0.00484434
0.00521198
0.00527567
0.00488856
0.00563751
0.00404557
0.00538929
0.00610694
0.0050261
0.00529698
0.00542568
0.00568243
0.00522841
0.00525846
0.00522206
0.0046354
0.00577092
0.00497112
0.0048487
0.00424432
0.00610208
0.0053195
0.00473414
0.0060513
0.00428349
0.00458336
0.00452216
0.00473013
0.0051589
0.00562107
0.00491935
0.0049895
0.00488765
0.00591157
0.00423591
0.00458245
0.00209789
