0.8
0.00868769
0.00639197
0.0083852
0.00615699
0.00881299
0.00792908
0.00821686
0.00709882
0.00649593
0.00648201
0.00787131
0.00635369
0.00732897
0.00714179
0.00732361
0.00627929
0.00670448
0.0071287
0.00657443
0.00635357
0.0061981
0.00686639
0.00708014
0.00690276
0.00747173
0.00734238
0.00884895
0.00744424
0.00769511
0.00815864
0.00635306
0.00701837
0.0068273
0.00796503
0.00618072
0.00768771
0.00721184
0.00737269
0.00569804
0.00759878
0.00538847
0.00712577
0.00614727
0.00873758
0.0078562
0.00786399
0.00723145
0.00824444
0.00714133
0.00762008
0.00781443
0.0072553
0.00715168
0.00792404
0.00762477
0.00676949
0.00683166
0.00607179
0.00467692
0.00600418
0.0066864
0.00598584
0.0086516
0.00592177
0.00656038
0.00673392
0.00635205
0.00654873
0.00607591
0.00838497
0.00550429
0.00735117
0.00621584
0.00709517
0.00608009
0.0060453
0.00511284
0.00786997
0.00699788
0.00684116
0.00520339
0.00569016
0.00731846
0.00600033
0.00657037
0.00735499
0.00648121
0.00594577
0.00730872
0.00646126
0.00674329
0.00476254
0.00634668
0.00522399
0.0067745
0.0066401
0.00725632
0.0054507
0.00631233
0.00680223
0.00350155
0.00626812
0.00771442
0.0055312
0.00591222
0.00615841
0.00730652
0.00621724
0.00725964
0.00533562
0.00518135
0.00667758
0.00617194
0.00711361
0.00587122
0.00740709
0.00518612
0.00762596
0.00716939
0.00611815
0.00654861
0.00533215
0.00506394
0.00606586
0.00841079
0.00620788
0.00529834
0.00776024
0.0079432
0.00665075
0.00683924
0.00571671
0.00619287
0.00725061
0.00781369
0.00751215
0.00623153
0.0057416
0.00516041
0.00692842
0.00559376
0.00573393
0.00553836
0.00597292
0.00574588
0.00640464
0.00568516
0.00555148
0.00638061
0.0022141
