0.8
0.00277913
0.00278933
0.00278307
0.00289591
0.00281429
0.0027093
0.00292948
0.00289263
0.00312892
0.00279042
0.00290966
0.00269282
0.00289702
0.00308977
0.00297789
0.00278124
0.00284027
0.00260892
0.00298322
0.00297604
0.00271367
0.00300916
0.00296687
0.00311244
0.00273882
0.00320496
0.00251126
0.00281495
0.00284303
0.00301185
0.00267786
0.00285624
0.00299865
0.00274615
0.00297435
0.00269974
0.00270949
0.00246568
0.00296793
0.00282918
0.00277196
0.00265704
0.0027946
0.00299955
0.00253421
0.00255984
0.00263924
0.00256549
0.0024275
0.00273259
0.00273765
0.00275582
0.00279404
0.00290514
0.00265216
0.00280549
0.00279403
0.00210955
0.00264889
0.00270613
0.00266572
0.00237057
0.00266633
0.00260865
0.0026052
0.00252831
0.0029637
0.00292404
0.00259958
0.0026049
0.00276624
0.00262487
0.0026006
0.0027225
0.002623
0.00236393
0.00260289
0.00224317
0.00253175
0.00255147
0.00320065
0.00264018
0.00280799
0.00270568
0.0028034
0.00254614
0.00275153
0.0026527
0.00287301
0.0026116
0.0025694
0.00283645
0.00259427
0.002448
0.00249978
0.00259038
0.0028795
0.00240221
0.00287124
0.00251986
0.00226993
0.00298402
0.00284438
0.0027114
0.00258158
0.00255403
0.00265222
0.00255723
0.00268331
0.00241534
0.00210238
0.00260732
0.00270141
0.0024945
0.00265941
0.00259943
0.00251595
0.00248329
0.00266091
0.00227668
0.00233132
0.00252986
0.00244708
0.00243761
0.00249754
0.00268629
0.00233105
0.00248499
0.00256578
0.00267876
0.00277205
0.00257844
0.00247285
0.00239442
0.00252328
0.00224932
0.00270889
0.00247188
0.00228992
0.00255312
0.00247216
0.00256749
0.00236837
0.00288126
0.00232763
0.00270927
0.00235965
0.00264159
0.0022593
0.00257265
0.00251544
0.00261968
0.00250328
0.00222165
0.00246932
0.00247004
0.00266961
0.00237841
0.00258323
0.00264398
0.00261353
0.00255885
0.00231269
0.0024735
0.00243363
0.00225422
0.00224448
0.00258314
0.00239937
0.00245205
0.00256805
0.00221724
0.00236811
0.00256032
0.00259149
0.00231683
0.00252119
0.002358
0.00234465
0.00263807
0.00258098
0.00252417
0.00256606
0.00248784
0.00245473
0.00232914
0.00238078
0.00234404
0.00260376
0.00275982
0.00253858
0.00262106
0.00225105
0.00247252
0.00258224
0.00259232
0.00243167
0.00242997
0.00213473
0.0026715
0.00239276
0.00233662
0.00260404
0.00233953
0.00262072
0.00239432
0.00246175
0.00244416
0.00281658
0.00238816
0.00246894
0.00215266
0.00242945
0.00232291
0.00239122
0.00219508
0.00244847
0.00230772
0.00238044
0.0021556
0.00236729
0.00231227
0.0023544
0.00243754
0.00226347
0.00221766
0.00243045
0.00208436
0.00215077
0.00217262
0.00247624
0.00237812
0.00247541
0.00255714
0.00245919
0.00234899
0.00211615
0.0021807
0.00210074
0.00225149
0.00224238
0.0025441
0.00238044
0.00242949
0.00237513
0.00211929
0.00238382
0.00234473
0.0020178
0.00227221
0.00247155
0.00232443
0.00210317
0.00238345
0.00262108
0.00227211
0.00246318
0.00215611
0.00222293
0.00232607
0.00234752
0.00218101
0.00241922
0.00237338
0.00253876
0.00222598
0.00270953
0.0025634
0.00240321
0.00258649
0.00198362
0.00230249
0.00232041
0.0022058
0.00240764
0.00233183
0.00218242
0.00259149
0.00203505
0.00177616
0.00243724
0.00238054
0.00227029
0.00216379
0.00221078
0.00229809
0.00224619
0.00229764
0.00218746
0.00254946
0.00218544
0.00239089
0.00236536
0.00214923
0.00237762
0.00222754
0.0021765
0.00222488
0.00210227
0.00214682
0.00214792
0.00224076
0.00211561
0.00234292
0.00223341
0.00258019
0.00205028
0.00200423
0.00214232
0.00217006
0.00213812
0.00219768
0.00248846
0.0020363
0.00225012
0.00225136
0.00213034
0.00215196
0.00224713
0.00213577
0.00225374
0.00241191
0.00215144
0.00222894
0.00220859
0.00233878
0.00225637
0.00224578
0.00225133
0.00252997
0.00221482
0.00224649
0.00250399
0.00242695
0.00218622
0.00218791
0.00226477
0.00207004
0.00229333
0.00214164
0.00205515
0.00232184
0.00218064
0.00197572
0.00224154
0.00223548
0.00218094
0.00218324
0.00221951
0.00247137
0.00242037
0.00217234
0.00234989
0.00231251
0.0020998
0.00222391
0.00220086
0.00242967
0.00222183
0.0021477
0.00249908
0.00197485
0.00224827
0.00241689
0.00223538
0.00206601
0.00231547
0.00241065
0.00195789
0.00200194
0.00215849
0.00233395
0.00212037
0.00215952
0.00225773
0.00239049
0.00213438
0.00194991
0.00189803
0.00243106
0.00247606
0.00209525
0.00248454
0.002242
0.00228931
0.00216002
0.00211851
0.00242471
0.00205056
0.00228628
0.00272574
0.00224062
0.00220834
0.00228268
0.00233724
0.00202426
0.00211456
0.00249127
0.00214341
0.00219744
0.00217828
0.00191975
0.0022223
0.00189395
0.00223597
0.00212521
0.00213625
0.00207688
0.00246599
0.000923609
