1
0.000201979
0.000403959
0.000605938
0.000807918
0.0010099
0.00121188
0.00141386
0.00161584
0.00181781
0.00201979
0.00222177
0.00242375
0.00262573
0.00282771
0.00302969
0.00323167
0.00343365
0.00363563
0.00383761
0.00403959
0.00424157
0.00444355
0.00464553
0.00484751
0.00504948
0.00525146
0.00545344
0.00565542
0.0058574
0.00605938
0.00626136
0.00646334
0.00666532
0.0068673
0.00706928
0.00727126
0.00747324
0.00767522
0.0078772
0.00807918
0.00828116
0.00848313
0.00868511
0.00888709
0.00908907
0.00929105
0.00949303
0.00969501
0.00989699
0.010099
0.0103009
0.0105029
0.0107049
0.0109069
0.0111089
0.0113108
0.0115128
0.0117148
0.0119168
0.0121188
0.0123207
0.0125227
0.0127247
0.0129267
0.0131287
0.0133306
0.0135326
0.0137346
0.0139366
0.0141386
0.0143405
0.0145425
0.0147445
0.0149465
0.0151485
0.0153504
0.0155524
0.0157544
0.0159564
0.0161584
0.0163603
0.0165623
0.0167643
0.0169663
0.0171682
0.0173702
0.0175722
0.0177742
0.0179762
0.0181781
0.0183801
0.0185821
0.0187841
0.0189861
0.019188
0.01939
0.019592
0.019794
0.019996
0.000201979
