0.2
0.00400902
0.00481082
0.00497119
0.00500326
0.00500967
0.00501095
0.00501121
0.00501126
0.00501127
0.00501127
0.00501128
0.00501128
0.00501128
0.00501128
0.00501128
0.00501128
0.00501128
0.00501128
0.00501128
0.00501128
0.00501128
0.00501128
0.00501128
0.00501128
0.00501128
0.00501128
0.00501128
0.00501128
0.00501128
0.00501128
0.00501128
0.00501128
0.00501128
0.00501128
0.00501128
0.00501128
0.00501128
0.00501128
0.00501128
0.00501128
0.00501128
0.00501128
0.00501128
0.00501128
0.00501128
0.00501128
0.00501128
0.00501128
0.00501128
0.00501128
0.00501128
0.00501128
0.00501128
0.00501128
0.00501128
0.00501128
0.00501128
0.00501128
0.00501128
0.00501128
0.00501128
0.00501128
0.00501128
0.00501128
0.00501128
0.00501128
0.00501128
0.00501128
0.00501128
0.00501128
0.00501128
0.00501128
0.00501128
0.00501128
0.00501128
0.00501128
0.00501128
0.00501128
0.00501128
0.00501128
0.00501128
0.00501128
0.00501128
0.00501128
0.00501128
0.00501128
0.00501128
0.00501128
0.00501128
0.00501128
0.00501128
0.00501128
0.00501128
0.00501128
0.00501128
0.00501128
0.00501128
0.00501128
0.00501128
0.00501128
0.00501128
0.00501128
0.00501128
0.00501128
0.00501128
0.00501128
0.00501128
0.00501128
0.00501128
0.00501128
0.00501128
0.00501128
0.00501128
0.00501128
0.00501128
0.00501128
0.00501128
0.00501128
0.00501128
0.00501128
0.00501128
0.00501128
0.00501128
0.00501128
0.00501128
0.00501128
0.00501128
0.00501128
0.00501128
0.00501128
0.00501128
0.00501128
0.00501128
0.00501128
0.00501128
0.00501128
0.00501128
0.00501128
0.00501128
0.00501128
0.00501128
0.00501128
0.00501128
0.00501128
0.00501128
0.00501128
0.00501128
0.00501128
0.00501128
0.00501128
0.00501128
0.00501128
0.00501128
0.00501128
0.00501128
0.00501128
0.00501128
0.00501128
0.00501128
0.00501128
0.00501128
0.00501128
0.00501128
0.00501128
0.00501128
0.00501128
0.00501128
0.00501128
0.00501128
0.00501128
0.00501128
0.00501128
0.00501128
0.00501128
0.00501128
0.00501128
0.00501128
0.00501128
0.00501128
0.00501128
0.00501128
0.00501128
0.00501128
0.00501128
0.00501128
0.00501128
0.00501128
0.00501128
0.00501128
0.00501128
0.00501128
0.00501128
0.00501128
0.00501128
0.00501128
0.00501128
0.00501128
0.00501128
0.00501128
0.00400902
