0.7
0.000603662
0.00102623
0.00132202
0.00152908
0.00167402
0.00177547
0.00184649
0.00189621
0.00193101
0.00195537
0.00197242
0.00198436
0.00199271
0.00199856
0.00200265
0.00200552
0.00200753
0.00200893
0.00200991
0.0020106
0.00201108
0.00201142
0.00201166
0.00201182
0.00201194
0.00201202
0.00201208
0.00201211
0.00201214
0.00201216
0.00201218
0.00201219
0.00201219
0.0020122
0.0020122
0.0020122
0.0020122
0.0020122
0.00201221
0.00201221
0.00201221
0.00201221
0.00201221
0.00201221
0.00201221
0.00201221
0.00201221
0.00201221
0.00201221
0.00201221
0.00201221
0.00201221
0.00201221
0.00201221
0.00201221
0.00201221
0.00201221
0.00201221
0.00201221
0.00201221
0.00201221
0.00201221
0.00201221
0.00201221
0.00201221
0.00201221
0.00201221
0.00201221
0.00201221
0.00201221
0.00201221
0.00201221
0.00201221
0.00201221
0.00201221
0.00201221
0.00201221
0.00201221
0.00201221
0.00201221
0.00201221
0.00201221
0.00201221
0.00201221
0.00201221
0.00201221
0.00201221
0.00201221
0.00201221
0.00201221
0.00201221
0.00201221
0.00201221
0.00201221
0.00201221
0.00201221
0.00201221
0.00201221
0.00201221
0.00201221
0.00201221
0.00201221
0.00201221
0.00201221
0.00201221
0.00201221
0.00201221
0.00201221
0.00201221
0.00201221
0.00201221
0.00201221
0.00201221
0.00201221
0.00201221
0.00201221
0.00201221
0.00201221
0.00201221
0.00201221
0.00201221
0.00201221
0.00201221
0.00201221
0.00201221
0.00201221
0.00201221
0.00201221
0.00201221
0.00201221
0.00201221
0.00201221
0.00201221
0.00201221
0.00201221
0.00201221
0.00201221
0.00201221
0.00201221
0.00201221
0.00201221
0.00201221
0.00201221
0.00201221
0.00201221
0.00201221
0.00201221
0.00201221
0.00201221
0.00201221
0.00201221
0.00201221
0.00201221
0.00201221
0.00201221
0.00201221
0.00201221
0.00201221
0.00201221
0.00201221
0.00201221
0.00201221
0.00201221
0.00201221
0.00201221
0.00201221
0.00201221
0.00201221
0.00201221
0.00201221
0.00201221
0.00201221
0.00201221
0.00201221
0.00201221
0.00201221
0.00201221
0.00201221
0.00201221
0.00201221
0.00201221
0.00201221
0.00201221
0.00201221
0.00201221
0.00201221
0.00201221
0.00201221
0.00201221
0.00201221
0.00201221
0.00201221
0.00201221
0.00201221
0.00201221
0.00201221
0.00201221
0.00201221
0.00201221
0.00201221
0.00201221
0.00201221
0.00201221
0.00201221
0.00201221
0.00201221
0.00201221
0.00201221
0.00201221
0.00201221
0.00201221
0.00201221
0.00201221
0.00201221
0.00201221
0.00201221
0.00201221
0.00201221
0.00201221
0.00201221
0.00201221
0.00201221
0.00201221
0.00201221
0.00201221
0.00201221
0.00201221
0.00201221
0.00201221
0.00201221
0.00201221
0.00201221
0.00201221
0.00201221
0.00201221
0.00201221
0.00201221
0.00201221
0.00201221
0.00201221
0.00201221
0.00201221
0.00201221
0.00201221
0.00201221
0.00201221
0.00201221
0.00201221
0.00201221
0.00201221
0.00201221
0.00201221
0.00201221
0.00201221
0.00201221
0.00201221
0.00201221
0.00201221
0.00201221
0.00201221
0.00201221
0.00201221
0.00201221
0.00201221
0.00201221
0.00201221
0.00201221
0.00201221
0.00201221
0.00201221
0.00201221
0.00201221
0.00201221
0.00201221
0.00201221
0.00201221
0.00201221
0.00201221
0.00201221
0.00201221
0.00201221
0.00201221
0.00201221
0.00201221
0.00201221
0.00201221
0.00201221
0.00201221
0.00201221
0.00201221
0.00201221
0.00201221
0.00201221
0.00201221
0.00201221
0.00201221
0.00201221
0.00201221
0.00201221
0.00201221
0.00201221
0.00201221
0.00201221
0.00201221
0.00201221
0.00201221
0.00201221
0.00201221
0.00201221
0.00201221
0.00201221
0.00201221
0.00201221
0.00201221
0.00201221
0.00201221
0.00201221
0.00201221
0.00201221
0.00201221
0.00201221
0.00201221
0.00201221
0.00201221
0.00201221
0.00201221
0.00201221
0.00201221
0.00201221
0.00201221
0.00201221
0.00201221
0.00201221
0.00201221
0.00201221
0.00201221
0.00201221
0.00201221
0.00201221
0.00201221
0.00201221
0.00201221
0.00201221
0.00201221
0.00201221
0.00201221
0.00201221
0.00201221
0.00201221
0.00201221
0.00201221
0.00201221
0.00201221
0.00201221
0.00201221
0.00201221
0.00201221
0.00201221
0.00201221
0.00201221
0.00201221
0.00201221
0.00201221
0.00201221
0.00201221
0.00201221
0.00201221
0.00201221
0.00201221
0.00201221
0.00201221
0.00201221
0.00201221
0.00201221
0.00201221
0.00201221
0.00201221
0.00201221
0.00201221
0.00201221
0.00201221
0.00201221
0.00201221
0.00201221
0.00201221
0.00201221
0.00201221
0.00201221
0.00201221
0.00201221
0.00201221
0.00201221
0.00201221
0.00201221
0.00201221
0.00201221
0.00201221
0.00201221
0.00201221
0.00201221
0.00201221
0.00201221
0.00201221
0.00201221
0.00201221
0.00201221
0.00201221
0.00201221
0.00201221
0.00201221
0.00201221
0.00201221
0.00201221
0.00201221
0.00201221
0.00201221
0.00201221
0.00201221
0.00201221
0.00201221
0.00201221
0.00201221
0.00201221
0.00201221
0.00201221
0.00201221
0.00201221
0.00201221
0.00201221
0.00201221
0.00201221
0.00201221
0.00201221
0.00201221
0.00201221
0.00201221
0.00201221
0.00201221
0.00201221
0.00201221
0.00201221
0.00201221
0.00201221
0.00201221
0.00201221
0.00201221
0.00201221
0.00201221
0.00201221
0.00201221
0.00201221
0.00201221
0.00201221
0.00201221
0.00201221
0.00201221
0.00201221
0.00201221
0.00201221
0.00201221
0.00201221
0.00201221
0.00201221
0.00201221
0.00201221
0.00201221
0.00201221
0.00201221
0.00201221
0.00201221
0.00201221
0.00201221
0.00201221
0.00201221
0.00201221
0.00201221
0.00201221
0.00201221
0.00201221
0.00201221
0.00201221
0.00201221
0.00201221
0.00201221
0.00201221
0.00201221
0.00201221
0.00201221
0.00201221
0.00201221
0.00201221
0.00201221
0.00201221
0.00201221
0.00201221
0.00201221
0.00201221
0.00201221
0.00201221
0.000603662
