0.6
0.000803374
0.0012854
0.00157461
0.00174814
0.00185226
0.00191473
0.00195221
0.0019747
0.0019882
0.00199629
0.00200115
0.00200406
0.00200581
0.00200686
0.00200749
0.00200787
0.0020081
0.00200823
0.00200831
0.00200836
0.00200839
0.00200841
0.00200842
0.00200843
0.00200843
0.00200843
0.00200843
0.00200843
0.00200843
0.00200843
0.00200844
0.00200844
0.00200844
0.00200844
0.00200844
0.00200844
0.00200844
0.00200844
0.00200844
0.00200844
0.00200844
0.00200844
0.00200844
0.00200844
0.00200844
0.00200844
0.00200844
0.00200844
0.00200844
0.00200844
0.00200844
0.00200844
0.00200844
0.00200844
0.00200844
0.00200844
0.00200844
0.00200844
0.00200844
0.00200844
0.00200844
0.00200844
0.00200844
0.00200844
0.00200844
0.00200844
0.00200844
0.00200844
0.00200844
0.00200844
0.00200844
0.00200844
0.00200844
0.00200844
0.00200844
0.00200844
0.00200844
0.00200844
0.00200844
0.00200844
0.00200844
0.00200844
0.00200844
0.00200844
0.00200844
0.00200844
0.00200844
0.00200844
0.00200844
0.00200844
0.00200844
0.00200844
0.00200844
0.00200844
0.00200844
0.00200844
0.00200844
0.00200844
0.00200844
0.00200844
0.00200844
0.00200844
0.00200844
0.00200844
0.00200844
0.00200844
0.00200844
0.00200844
0.00200844
0.00200844
0.00200844
0.00200844
0.00200844
0.00200844
0.00200844
0.00200844
0.00200844
0.00200844
0.00200844
0.00200844
0.00200844
0.00200844
0.00200844
0.00200844
0.00200844
0.00200844
0.00200844
0.00200844
0.00200844
0.00200844
0.00200844
0.00200844
0.00200844
0.00200844
0.00200844
0.00200844
0.00200844
0.00200844
0.00200844
0.00200844
0.00200844
0.00200844
0.00200844
0.00200844
0.00200844
0.00200844
0.00200844
0.00200844
0.00200844
0.00200844
0.00200844
0.00200844
0.00200844
0.00200844
0.00200844
0.00200844
0.00200844
0.00200844
0.00200844
0.00200844
0.00200844
0.00200844
0.00200844
0.00200844
0.00200844
0.00200844
0.00200844
0.00200844
0.00200844
0.00200844
0.00200844
0.00200844
0.00200844
0.00200844
0.00200844
0.00200844
0.00200844
0.00200844
0.00200844
0.00200844
0.00200844
0.00200844
0.00200844
0.00200844
0.00200844
0.00200844
0.00200844
0.00200844
0.00200844
0.00200844
0.00200844
0.00200844
0.00200844
0.00200844
0.00200844
0.00200844
0.00200844
0.00200844
0.00200844
0.00200844
0.00200844
0.00200844
0.00200844
0.00200844
0.00200844
0.00200844
0.00200844
0.00200844
0.00200844
0.00200844
0.00200844
0.00200844
0.00200844
0.00200844
0.00200844
0.00200844
0.00200844
0.00200844
0.00200844
0.00200844
0.00200844
0.00200844
0.00200844
0.00200844
0.00200844
0.00200844
0.00200844
0.00200844
0.00200844
0.00200844
0.00200844
0.00200844
0.00200844
0.00200844
0.00200844
0.00200844
0.00200844
0.00200844
0.00200844
0.00200844
0.00200844
0.00200844
0.00200844
0.00200844
0.00200844
0.00200844
0.00200844
0.00200844
0.00200844
0.00200844
0.00200844
0.00200844
0.00200844
0.00200844
0.00200844
0.00200844
0.00200844
0.00200844
0.00200844
0.00200844
0.00200844
0.00200844
0.00200844
0.00200844
0.00200844
0.00200844
0.00200844
0.00200844
0.00200844
0.00200844
0.00200844
0.00200844
0.00200844
0.00200844
0.00200844
0.00200844
0.00200844
0.00200844
0.00200844
0.00200844
0.00200844
0.00200844
0.00200844
0.00200844
0.00200844
0.00200844
0.00200844
0.00200844
0.00200844
0.00200844
0.00200844
0.00200844
0.00200844
0.00200844
0.00200844
0.00200844
0.00200844
0.00200844
0.00200844
0.00200844
0.00200844
0.00200844
0.00200844
0.00200844
0.00200844
0.00200844
0.00200844
0.00200844
0.00200844
0.00200844
0.00200844
0.00200844
0.00200844
0.00200844
0.00200844
0.00200844
0.00200844
0.00200844
0.00200844
0.00200844
0.00200844
0.00200844
0.00200844
0.00200844
0.00200844
0.00200844
0.00200844
0.00200844
0.00200844
0.00200844
0.00200844
0.00200844
0.00200844
0.00200844
0.00200844
0.00200844
0.00200844
0.00200844
0.00200844
0.00200844
0.00200844
0.00200844
0.00200844
0.00200844
0.00200844
0.00200844
0.00200844
0.00200844
0.00200844
0.00200844
0.00200844
0.00200844
0.00200844
0.00200844
0.00200844
0.00200844
0.00200844
0.00200844
0.00200844
0.00200844
0.00200844
0.00200844
0.00200844
0.00200844
0.00200844
0.00200844
0.00200844
0.00200844
0.00200844
0.00200844
0.00200844
0.00200844
0.00200844
0.00200844
0.00200844
0.00200844
0.00200844
0.00200844
0.00200844
0.00200844
0.00200844
0.00200844
0.00200844
0.00200844
0.00200844
0.00200844
0.00200844
0.00200844
0.00200844
0.00200844
0.00200844
0.00200844
0.00200844
0.00200844
0.00200844
0.00200844
0.00200844
0.00200844
0.00200844
0.00200844
0.00200844
0.00200844
0.00200844
0.00200844
0.00200844
0.00200844
0.00200844
0.00200844
0.00200844
0.00200844
0.00200844
0.00200844
0.00200844
0.00200844
0.00200844
0.00200844
0.00200844
0.00200844
0.00200844
0.00200844
0.00200844
0.00200844
0.00200844
0.00200844
0.00200844
0.00200844
0.00200844
0.00200844
0.00200844
0.00200844
0.00200844
0.00200844
0.00200844
0.00200844
0.00200844
0.00200844
0.00200844
0.00200844
0.00200844
0.00200844
0.00200844
0.00200844
0.00200844
0.00200844
0.00200844
0.00200844
0.00200844
0.00200844
0.00200844
0.00200844
0.00200844
0.00200844
0.00200844
0.00200844
0.00200844
0.00200844
0.00200844
0.00200844
0.00200844
0.00200844
0.00200844
0.00200844
0.00200844
0.00200844
0.00200844
0.00200844
0.00200844
0.00200844
0.00200844
0.00200844
0.00200844
0.00200844
0.00200844
0.00200844
0.00200844
0.00200844
0.00200844
0.00200844
0.00200844
0.00200844
0.00200844
0.00200844
0.00200844
0.00200844
0.00200844
0.00200844
0.00200844
0.00200844
0.00200844
0.00200844
0.00200844
0.00200844
0.00200844
0.00200844
0.00200844
0.00200844
0.00200844
0.00200844
0.00200844
0.000803374
