0.6
0.00100528
0.00160844
0.00197034
0.00218748
0.00231777
0.00239594
0.00244284
0.00247098
0.00248787
0.002498
0.00250408
0.00250772
0.00250991
0.00251122
0.00251201
0.00251249
0.00251277
0.00251294
0.00251304
0.0025131
0.00251314
0.00251316
0.00251317
0.00251318
0.00251319
0.00251319
0.00251319
0.00251319
0.00251319
0.00251319
0.00251319
0.00251319
0.00251319
0.00251319
0.00251319
0.00251319
0.00251319
0.00251319
0.00251319
0.00251319
0.00251319
0.00251319
0.00251319
0.00251319
0.00251319
0.00251319
0.00251319
0.00251319
0.00251319
0.00251319
0.00251319
0.00251319
0.00251319
0.00251319
0.00251319
0.00251319
0.00251319
0.00251319
0.00251319
0.00251319
0.00251319
0.00251319
0.00251319
0.00251319
0.00251319
0.00251319
0.00251319
0.00251319
0.00251319
0.00251319
0.00251319
0.00251319
0.00251319
0.00251319
0.00251319
0.00251319
0.00251319
0.00251319
0.00251319
0.00251319
0.00251319
0.00251319
0.00251319
0.00251319
0.00251319
0.00251319
0.00251319
0.00251319
0.00251319
0.00251319
0.00251319
0.00251319
0.00251319
0.00251319
0.00251319
0.00251319
0.00251319
0.00251319
0.00251319
0.00251319
0.00251319
0.00251319
0.00251319
0.00251319
0.00251319
0.00251319
0.00251319
0.00251319
0.00251319
0.00251319
0.00251319
0.00251319
0.00251319
0.00251319
0.00251319
0.00251319
0.00251319
0.00251319
0.00251319
0.00251319
0.00251319
0.00251319
0.00251319
0.00251319
0.00251319
0.00251319
0.00251319
0.00251319
0.00251319
0.00251319
0.00251319
0.00251319
0.00251319
0.00251319
0.00251319
0.00251319
0.00251319
0.00251319
0.00251319
0.00251319
0.00251319
0.00251319
0.00251319
0.00251319
0.00251319
0.00251319
0.00251319
0.00251319
0.00251319
0.00251319
0.00251319
0.00251319
0.00251319
0.00251319
0.00251319
0.00251319
0.00251319
0.00251319
0.00251319
0.00251319
0.00251319
0.00251319
0.00251319
0.00251319
0.00251319
0.00251319
0.00251319
0.00251319
0.00251319
0.00251319
0.00251319
0.00251319
0.00251319
0.00251319
0.00251319
0.00251319
0.00251319
0.00251319
0.00251319
0.00251319
0.00251319
0.00251319
0.00251319
0.00251319
0.00251319
0.00251319
0.00251319
0.00251319
0.00251319
0.00251319
0.00251319
0.00251319
0.00251319
0.00251319
0.00251319
0.00251319
0.00251319
0.00251319
0.00251319
0.00251319
0.00251319
0.00251319
0.00251319
0.00251319
0.00251319
0.00251319
0.00251319
0.00251319
0.00251319
0.00251319
0.00251319
0.00251319
0.00251319
0.00251319
0.00251319
0.00251319
0.00251319
0.00251319
0.00251319
0.00251319
0.00251319
0.00251319
0.00251319
0.00251319
0.00251319
0.00251319
0.00251319
0.00251319
0.00251319
0.00251319
0.00251319
0.00251319
0.00251319
0.00251319
0.00251319
0.00251319
0.00251319
0.00251319
0.00251319
0.00251319
0.00251319
0.00251319
0.00251319
0.00251319
0.00251319
0.00251319
0.00251319
0.00251319
0.00251319
0.00251319
0.00251319
0.00251319
0.00251319
0.00251319
0.00251319
0.00251319
0.00251319
0.00251319
0.00251319
0.00251319
0.00251319
0.00251319
0.00251319
0.00251319
0.00251319
0.00251319
0.00251319
0.00251319
0.00251319
0.00251319
0.00251319
0.00251319
0.00251319
0.00251319
0.00251319
0.00251319
0.00251319
0.00251319
0.00251319
0.00251319
0.00251319
0.00251319
0.00251319
0.00251319
0.00251319
0.00251319
0.00251319
0.00251319
0.00251319
0.00251319
0.00251319
0.00251319
0.00251319
0.00251319
0.00251319
0.00251319
0.00251319
0.00251319
0.00251319
0.00251319
0.00251319
0.00251319
0.00251319
0.00251319
0.00251319
0.00251319
0.00251319
0.00251319
0.00251319
0.00251319
0.00251319
0.00251319
0.00251319
0.00251319
0.00251319
0.00251319
0.00251319
0.00251319
0.00251319
0.00251319
0.00251319
0.00251319
0.00251319
0.00251319
0.00251319
0.00251319
0.00251319
0.00251319
0.00251319
0.00251319
0.00251319
0.00251319
0.00251319
0.00251319
0.00251319
0.00251319
0.00251319
0.00251319
0.00251319
0.00251319
0.00251319
0.00251319
0.00251319
0.00251319
0.00251319
0.00251319
0.00251319
0.00251319
0.00251319
0.00251319
0.00251319
0.00251319
0.00251319
0.00251319
0.00251319
0.00251319
0.00251319
0.00251319
0.00251319
0.00251319
0.00251319
0.00251319
0.00251319
0.00251319
0.00251319
0.00251319
0.00251319
0.00251319
0.00251319
0.00251319
0.00251319
0.00251319
0.00251319
0.00251319
0.00251319
0.00251319
0.00251319
0.00251319
0.00251319
0.00251319
0.00251319
0.00251319
0.00251319
0.00251319
0.00251319
0.00251319
0.00251319
0.00251319
0.00251319
0.00251319
0.00251319
0.00251319
0.00251319
0.00251319
0.00251319
0.00251319
0.00251319
0.00251319
0.00251319
0.00100528
