0.9
0.000526039
0.000999474
0.00142557
0.00180905
0.00215418
0.0024648
0.00274436
0.00299596
0.00322241
0.0034262
0.00360962
0.0037747
0.00392327
0.00405698
0.00417732
0.00428563
0.0043831
0.00447083
0.00454979
0.00462085
0.0046848
0.00474236
0.00479416
0.00484079
0.00488275
0.00492051
0.0049545
0.00498509
0.00501262
0.0050374
0.00505969
0.00507976
0.00509783
0.00511408
0.00512871
0.00514188
0.00515373
0.0051644
0.005174
0.00518264
0.00519041
0.00519741
0.00520371
0.00520938
0.00521448
0.00521907
0.0052232
0.00522692
0.00523027
0.00523328
0.00523599
0.00523843
0.00524063
0.0052426
0.00524438
0.00524598
0.00524742
0.00524872
0.00524989
0.00525094
0.00525188
0.00525273
0.0052535
0.00525419
0.00525481
0.00525537
0.00525587
0.00525632
0.00525673
0.00525709
0.00525742
0.00525772
0.00525799
0.00525823
0.00525844
0.00525864
0.00525881
0.00525897
0.00525911
0.00525924
0.00525935
0.00525946
0.00525955
0.00525964
0.00525971
0.00525978
0.00525984
0.00525989
0.00525994
0.00525999
0.00526003
0.00526006
0.0052601
0.00526013
0.00526015
0.00526018
0.0052602
0.00526022
0.00526023
0.00526025
0.00526026
0.00526028
0.00526029
0.0052603
0.00526031
0.00526032
0.00526032
0.00526033
0.00526034
0.00526034
0.00526035
0.00526035
0.00526035
0.00526036
0.00526036
0.00526036
0.00526037
0.00526037
0.00526037
0.00526037
0.00526037
0.00526038
0.00526038
0.00526038
0.00526038
0.00526038
0.00526038
0.00526038
0.00526038
0.00526038
0.00526038
0.00526038
0.00526038
0.00526039
0.00526039
0.00526039
0.00526039
0.00526039
0.00526039
0.00526039
0.00526039
0.00526039
0.00526039
0.00526039
0.00526039
0.00526039
0.00526039
0.00526039
0.00526039
0.00526039
0.00526039
0.00526039
0.00526039
0.00526039
0.00526039
0.00526039
0.00526039
0.00526039
0.00526039
0.00526039
0.00526039
0.00526039
0.00526039
0.00526039
0.00526039
0.00526039
0.00526039
0.00526039
0.00526039
0.00526039
0.00526039
0.00526039
0.00526039
0.00526039
0.00526039
0.00526039
0.00526039
0.00526039
0.00526039
0.00526039
0.00526039
0.00526039
0.00526039
0.00526039
0.00526039
0.00526039
0.00526039
0.00526039
0.00526039
0.00526039
0.00526039
0.00526039
0.00526039
0.00526039
0.00526039
0.00526039
0.00526039
0.00526039
0.00526039
0.000526039
