0.4
0.00150401
0.00210561
0.00234626
0.00244251
0.00248102
0.00249642
0.00250258
0.00250504
0.00250603
0.00250642
0.00250658
0.00250664
0.00250667
0.00250668
0.00250668
0.00250668
0.00250668
0.00250668
0.00250668
0.00250668
0.00250668
0.00250668
0.00250668
0.00250668
0.00250668
0.00250668
0.00250668
0.00250668
0.00250668
0.00250668
0.00250668
0.00250668
0.00250668
0.00250668
0.00250668
0.00250668
0.00250668
0.00250668
0.00250668
0.00250668
0.00250668
0.00250668
0.00250668
0.00250668
0.00250668
0.00250668
0.00250668
0.00250668
0.00250668
0.00250668
0.00250668
0.00250668
0.00250668
0.00250668
0.00250668
0.00250668
0.00250668
0.00250668
0.00250668
0.00250668
0.00250668
0.00250668
0.00250668
0.00250668
0.00250668
0.00250668
0.00250668
0.00250668
0.00250668
0.00250668
0.00250668
0.00250668
0.00250668
0.00250668
0.00250668
0.00250668
0.00250668
0.00250668
0.00250668
0.00250668
0.00250668
0.00250668
0.00250668
0.00250668
0.00250668
0.00250668
0.00250668
0.00250668
0.00250668
0.00250668
0.00250668
0.00250668
0.00250668
0.00250668
0.00250668
0.00250668
0.00250668
0.00250668
0.00250668
0.00250668
0.00250668
0.00250668
0.00250668
0.00250668
0.00250668
0.00250668
0.00250668
0.00250668
0.00250668
0.00250668
0.00250668
0.00250668
0.00250668
0.00250668
0.00250668
0.00250668
0.00250668
0.00250668
0.00250668
0.00250668
0.00250668
0.00250668
0.00250668
0.00250668
0.00250668
0.00250668
0.00250668
0.00250668
0.00250668
0.00250668
0.00250668
0.00250668
0.00250668
0.00250668
0.00250668
0.00250668
0.00250668
0.00250668
0.00250668
0.00250668
0.00250668
0.00250668
0.00250668
0.00250668
0.00250668
0.00250668
0.00250668
0.00250668
0.00250668
0.00250668
0.00250668
0.00250668
0.00250668
0.00250668
0.00250668
0.00250668
0.00250668
0.00250668
0.00250668
0.00250668
0.00250668
0.00250668
0.00250668
0.00250668
0.00250668
0.00250668
0.00250668
0.00250668
0.00250668
0.00250668
0.00250668
0.00250668
0.00250668
0.00250668
0.00250668
0.00250668
0.00250668
0.00250668
0.00250668
0.00250668
0.00250668
0.00250668
0.00250668
0.00250668
0.00250668
0.00250668
0.00250668
0.00250668
0.00250668
0.00250668
0.00250668
0.00250668
0.00250668
0.00250668
0.00250668
0.00250668
0.00250668
0.00250668
0.00250668
0.00250668
0.00250668
0.00250668
0.00250668
0.00250668
0.00250668
0.00250668
0.00250668
0.00250668
0.00250668
0.00250668
0.00250668
0.00250668
0.00250668
0.00250668
0.00250668
0.00250668
0.00250668
0.00250668
0.00250668
0.00250668
0.00250668
0.00250668
0.00250668
0.00250668
0.00250668
0.00250668
0.00250668
0.00250668
0.00250668
0.00250668
0.00250668
0.00250668
0.00250668
0.00250668
0.00250668
0.00250668
0.00250668
0.00250668
0.00250668
0.00250668
0.00250668
0.00250668
0.00250668
0.00250668
0.00250668
0.00250668
0.00250668
0.00250668
0.00250668
0.00250668
0.00250668
0.00250668
0.00250668
0.00250668
0.00250668
0.00250668
0.00250668
0.00250668
0.00250668
0.00250668
0.00250668
0.00250668
0.00250668
0.00250668
0.00250668
0.00250668
0.00250668
0.00250668
0.00250668
0.00250668
0.00250668
0.00250668
0.00250668
0.00250668
0.00250668
0.00250668
0.00250668
0.00250668
0.00250668
0.00250668
0.00250668
0.00250668
0.00250668
0.00250668
0.00250668
0.00250668
0.00250668
0.00250668
0.00250668
0.00250668
0.00250668
0.00250668
0.00250668
0.00250668
0.00250668
0.00250668
0.00250668
0.00250668
0.00250668
0.00250668
0.00250668
0.00250668
0.00250668
0.00250668
0.00250668
0.00250668
0.00250668
0.00250668
0.00250668
0.00250668
0.00250668
0.00250668
0.00250668
0.00250668
0.00250668
0.00250668
0.00250668
0.00250668
0.00250668
0.00250668
0.00250668
0.00250668
0.00250668
0.00250668
0.00250668
0.00250668
0.00250668
0.00250668
0.00250668
0.00250668
0.00250668
0.00250668
0.00250668
0.00250668
0.00250668
0.00250668
0.00250668
0.00250668
0.00250668
0.00250668
0.00250668
0.00250668
0.00250668
0.00250668
0.00250668
0.00250668
0.00250668
0.00250668
0.00250668
0.00250668
0.00250668
0.00250668
0.00250668
0.00250668
0.00250668
0.00250668
0.00250668
0.00250668
0.00250668
0.00250668
0.00250668
0.00250668
0.00250668
0.00250668
0.00250668
0.00250668
0.00250668
0.00250668
0.00250668
0.00250668
0.00250668
0.00250668
0.00250668
0.00250668
0.00250668
0.00250668
0.00250668
0.00250668
0.00250668
0.00250668
0.00250668
0.00250668
0.00250668
0.00250668
0.00250668
0.00250668
0.00250668
0.00250668
0.00250668
0.00250668
0.00250668
0.00250668
0.00250668
0.00250668
0.00250668
0.00250668
0.00250668
0.00250668
0.00250668
0.00150401
