0.9
0.00020404
0.000387676
0.000552948
0.000701694
0.000835564
0.000956048
0.00106448
0.00116207
0.00124991
0.00132896
0.0014001
0.00146413
0.00152176
0.00157362
0.0016203
0.00166231
0.00170012
0.00173415
0.00176477
0.00179233
0.00181714
0.00183947
0.00185956
0.00187764
0.00189392
0.00190857
0.00192175
0.00193362
0.00194429
0.00195391
0.00196255
0.00197034
0.00197735
0.00198365
0.00198933
0.00199443
0.00199903
0.00200317
0.00200689
0.00201024
0.00201326
0.00201597
0.00201841
0.00202061
0.00202259
0.00202437
0.00202598
0.00202742
0.00202872
0.00202988
0.00203094
0.00203188
0.00203273
0.0020335
0.00203419
0.00203481
0.00203537
0.00203587
0.00203633
0.00203673
0.0020371
0.00203743
0.00203773
0.00203799
0.00203823
0.00203845
0.00203865
0.00203882
0.00203898
0.00203912
0.00203925
0.00203936
0.00203947
0.00203956
0.00203964
0.00203972
0.00203979
0.00203985
0.0020399
0.00203995
0.00204
0.00204004
0.00204007
0.00204011
0.00204014
0.00204016
0.00204019
0.00204021
0.00204023
0.00204024
0.00204026
0.00204027
0.00204029
0.0020403
0.00204031
0.00204032
0.00204033
0.00204033
0.00204034
0.00204035
0.00204035
0.00204036
0.00204036
0.00204036
0.00204037
0.00204037
0.00204037
0.00204038
0.00204038
0.00204038
0.00204038
0.00204038
0.00204039
0.00204039
0.00204039
0.00204039
0.00204039
0.00204039
0.00204039
0.00204039
0.00204039
0.00204039
0.0020404
0.0020404
0.0020404
0.0020404
0.0020404
0.0020404
0.0020404
0.0020404
0.0020404
0.0020404
0.0020404
0.0020404
0.0020404
0.0020404
0.0020404
0.0020404
0.0020404
0.0020404
0.0020404
0.0020404
0.0020404
0.0020404
0.0020404
0.0020404
0.0020404
0.0020404
0.0020404
0.0020404
0.0020404
0.0020404
0.0020404
0.0020404
0.0020404
0.0020404
0.0020404
0.0020404
0.0020404
0.0020404
0.0020404
0.0020404
0.0020404
0.0020404
0.0020404
0.0020404
0.0020404
0.0020404
0.0020404
0.0020404
0.0020404
0.0020404
0.0020404
0.0020404
0.0020404
0.0020404
0.0020404
0.0020404
0.0020404
0.0020404
0.0020404
0.0020404
0.0020404
0.0020404
0.0020404
0.0020404
0.0020404
0.0020404
0.0020404
0.0020404
0.0020404
0.0020404
0.0020404
0.0020404
0.0020404
0.0020404
0.0020404
0.0020404
0.0020404
0.0020404
0.0020404
0.0020404
0.0020404
0.0020404
0.0020404
0.0020404
0.0020404
0.0020404
0.0020404
0.0020404
0.0020404
0.0020404
0.0020404
0.0020404
0.0020404
0.0020404
0.0020404
0.0020404
0.0020404
0.0020404
0.0020404
0.0020404
0.0020404
0.0020404
0.0020404
0.0020404
0.0020404
0.0020404
0.0020404
0.0020404
0.0020404
0.0020404
0.0020404
0.0020404
0.0020404
0.0020404
0.0020404
0.0020404
0.0020404
0.0020404
0.0020404
0.0020404
0.0020404
0.0020404
0.0020404
0.0020404
0.0020404
0.0020404
0.0020404
0.0020404
0.0020404
0.0020404
0.0020404
0.0020404
0.0020404
0.0020404
0.0020404
0.0020404
0.0020404
0.0020404
0.0020404
0.0020404
0.0020404
0.0020404
0.0020404
0.0020404
0.0020404
0.0020404
0.0020404
0.0020404
0.0020404
0.0020404
0.0020404
0.0020404
0.0020404
0.0020404
0.0020404
0.0020404
0.0020404
0.0020404
0.0020404
0.0020404
0.0020404
0.0020404
0.0020404
0.0020404
0.0020404
0.0020404
0.0020404
0.0020404
0.0020404
0.0020404
0.0020404
0.0020404
0.0020404
0.0020404
0.0020404
0.0020404
0.0020404
0.0020404
0.0020404
0.0020404
0.0020404
0.0020404
0.0020404
0.0020404
0.0020404
0.0020404
0.0020404
0.0020404
0.0020404
0.0020404
0.0020404
0.0020404
0.0020404
0.0020404
0.0020404
0.0020404
0.0020404
0.0020404
0.0020404
0.0020404
0.0020404
0.0020404
0.0020404
0.0020404
0.0020404
0.0020404
0.0020404
0.0020404
0.0020404
0.0020404
0.0020404
0.0020404
0.0020404
0.0020404
0.0020404
0.0020404
0.0020404
0.0020404
0.0020404
0.0020404
0.0020404
0.0020404
0.0020404
0.0020404
0.0020404
0.0020404
0.0020404
0.0020404
0.0020404
0.0020404
0.0020404
0.0020404
0.0020404
0.0020404
0.0020404
0.0020404
0.0020404
0.0020404
0.0020404
0.0020404
0.0020404
0.0020404
0.0020404
0.0020404
0.0020404
0.0020404
0.0020404
0.0020404
0.0020404
0.0020404
0.0020404
0.0020404
0.0020404
0.0020404
0.0020404
0.0020404
0.0020404
0.0020404
0.0020404
0.0020404
0.0020404
0.0020404
0.0020404
0.0020404
0.0020404
0.0020404
0.0020404
0.0020404
0.0020404
0.0020404
0.0020404
0.0020404
0.0020404
0.0020404
0.0020404
0.0020404
0.0020404
0.0020404
0.0020404
0.0020404
0.0020404
0.0020404
0.0020404
0.0020404
0.0020404
0.0020404
0.0020404
0.0020404
0.0020404
0.0020404
0.0020404
0.0020404
0.0020404
0.0020404
0.0020404
0.0020404
0.0020404
0.0020404
0.0020404
0.0020404
0.0020404
0.0020404
0.0020404
0.0020404
0.0020404
0.0020404
0.0020404
0.0020404
0.0020404
0.0020404
0.0020404
0.0020404
0.0020404
0.0020404
0.0020404
0.0020404
0.0020404
0.0020404
0.0020404
0.0020404
0.0020404
0.0020404
0.0020404
0.0020404
0.0020404
0.0020404
0.0020404
0.0020404
0.0020404
0.0020404
0.0020404
0.0020404
0.0020404
0.0020404
0.0020404
0.0020404
0.0020404
0.0020404
0.0020404
0.0020404
0.0020404
0.0020404
0.0020404
0.0020404
0.0020404
0.0020404
0.0020404
0.0020404
0.0020404
0.0020404
0.0020404
0.0020404
0.0020404
0.0020404
0.0020404
0.0020404
0.0020404
0.0020404
0.0020404
0.0020404
0.0020404
0.0020404
0.0020404
0.0020404
0.0020404
0.0020404
0.0020404
0.0020404
0.0020404
0.0020404
0.0020404
0.0020404
0.0020404
0.0020404
0.0020404
0.0020404
0.0020404
0.00020404
