0.2
0.00200225
0.0024027
0.00248279
0.00249881
0.00250201
0.00250266
0.00250278
0.00250281
0.00250281
0.00250282
0.00250282
0.00250282
0.00250282
0.00250282
0.00250282
0.00250282
0.00250282
0.00250282
0.00250282
0.00250282
0.00250282
0.00250282
0.00250282
0.00250282
0.00250282
0.00250282
0.00250282
0.00250282
0.00250282
0.00250282
0.00250282
0.00250282
0.00250282
0.00250282
0.00250282
0.00250282
0.00250282
0.00250282
0.00250282
0.00250282
0.00250282
0.00250282
0.00250282
0.00250282
0.00250282
0.00250282
0.00250282
0.00250282
0.00250282
0.00250282
0.00250282
0.00250282
0.00250282
0.00250282
0.00250282
0.00250282
0.00250282
0.00250282
0.00250282
0.00250282
0.00250282
0.00250282
0.00250282
0.00250282
0.00250282
0.00250282
0.00250282
0.00250282
0.00250282
0.00250282
0.00250282
0.00250282
0.00250282
0.00250282
0.00250282
0.00250282
0.00250282
0.00250282
0.00250282
0.00250282
0.00250282
0.00250282
0.00250282
0.00250282
0.00250282
0.00250282
0.00250282
0.00250282
0.00250282
0.00250282
0.00250282
0.00250282
0.00250282
0.00250282
0.00250282
0.00250282
0.00250282
0.00250282
0.00250282
0.00250282
0.00250282
0.00250282
0.00250282
0.00250282
0.00250282
0.00250282
0.00250282
0.00250282
0.00250282
0.00250282
0.00250282
0.00250282
0.00250282
0.00250282
0.00250282
0.00250282
0.00250282
0.00250282
0.00250282
0.00250282
0.00250282
0.00250282
0.00250282
0.00250282
0.00250282
0.00250282
0.00250282
0.00250282
0.00250282
0.00250282
0.00250282
0.00250282
0.00250282
0.00250282
0.00250282
0.00250282
0.00250282
0.00250282
0.00250282
0.00250282
0.00250282
0.00250282
0.00250282
0.00250282
0.00250282
0.00250282
0.00250282
0.00250282
0.00250282
0.00250282
0.00250282
0.00250282
0.00250282
0.00250282
0.00250282
0.00250282
0.00250282
0.00250282
0.00250282
0.00250282
0.00250282
0.00250282
0.00250282
0.00250282
0.00250282
0.00250282
0.00250282
0.00250282
0.00250282
0.00250282
0.00250282
0.00250282
0.00250282
0.00250282
0.00250282
0.00250282
0.00250282
0.00250282
0.00250282
0.00250282
0.00250282
0.00250282
0.00250282
0.00250282
0.00250282
0.00250282
0.00250282
0.00250282
0.00250282
0.00250282
0.00250282
0.00250282
0.00250282
0.00250282
0.00250282
0.00250282
0.00250282
0.00250282
0.00250282
0.00250282
0.00250282
0.00250282
0.00250282
0.00250282
0.00250282
0.00250282
0.00250282
0.00250282
0.00250282
0.00250282
0.00250282
0.00250282
0.00250282
0.00250282
0.00250282
0.00250282
0.00250282
0.00250282
0.00250282
0.00250282
0.00250282
0.00250282
0.00250282
0.00250282
0.00250282
0.00250282
0.00250282
0.00250282
0.00250282
0.00250282
0.00250282
0.00250282
0.00250282
0.00250282
0.00250282
0.00250282
0.00250282
0.00250282
0.00250282
0.00250282
0.00250282
0.00250282
0.00250282
0.00250282
0.00250282
0.00250282
0.00250282
0.00250282
0.00250282
0.00250282
0.00250282
0.00250282
0.00250282
0.00250282
0.00250282
0.00250282
0.00250282
0.00250282
0.00250282
0.00250282
0.00250282
0.00250282
0.00250282
0.00250282
0.00250282
0.00250282
0.00250282
0.00250282
0.00250282
0.00250282
0.00250282
0.00250282
0.00250282
0.00250282
0.00250282
0.00250282
0.00250282
0.00250282
0.00250282
0.00250282
0.00250282
0.00250282
0.00250282
0.00250282
0.00250282
0.00250282
0.00250282
0.00250282
0.00250282
0.00250282
0.00250282
0.00250282
0.00250282
0.00250282
0.00250282
0.00250282
0.00250282
0.00250282
0.00250282
0.00250282
0.00250282
0.00250282
0.00250282
0.00250282
0.00250282
0.00250282
0.00250282
0.00250282
0.00250282
0.00250282
0.00250282
0.00250282
0.00250282
0.00250282
0.00250282
0.00250282
0.00250282
0.00250282
0.00250282
0.00250282
0.00250282
0.00250282
0.00250282
0.00250282
0.00250282
0.00250282
0.00250282
0.00250282
0.00250282
0.00250282
0.00250282
0.00250282
0.00250282
0.00250282
0.00250282
0.00250282
0.00250282
0.00250282
0.00250282
0.00250282
0.00250282
0.00250282
0.00250282
0.00250282
0.00250282
0.00250282
0.00250282
0.00250282
0.00250282
0.00250282
0.00250282
0.00250282
0.00250282
0.00250282
0.00250282
0.00250282
0.00250282
0.00250282
0.00250282
0.00250282
0.00250282
0.00250282
0.00250282
0.00250282
0.00250282
0.00250282
0.00250282
0.00250282
0.00250282
0.00250282
0.00250282
0.00250282
0.00250282
0.00250282
0.00250282
0.00250282
0.00250282
0.00250282
0.00250282
0.00250282
0.00250282
0.00250282
0.00250282
0.00250282
0.00250282
0.00250282
0.00250282
0.00250282
0.00250282
0.00250282
0.00250282
0.00250282
0.00250282
0.00250282
0.00250282
0.00250282
0.00250282
0.00250282
0.00250282
0.00200225
