0.1
0.00300211
0.00330232
0.00333234
0.00333535
0.00333565
0.00333568
0.00333568
0.00333568
0.00333568
0.00333568
0.00333568
0.00333568
0.00333568
0.00333568
0.00333568
0.00333568
0.00333568
0.00333568
0.00333568
0.00333568
0.00333568
0.00333568
0.00333568
0.00333568
0.00333568
0.00333568
0.00333568
0.00333568
0.00333568
0.00333568
0.00333568
0.00333568
0.00333568
0.00333568
0.00333568
0.00333568
0.00333568
0.00333568
0.00333568
0.00333568
0.00333568
0.00333568
0.00333568
0.00333568
0.00333568
0.00333568
0.00333568
0.00333568
0.00333568
0.00333568
0.00333568
0.00333568
0.00333568
0.00333568
0.00333568
0.00333568
0.00333568
0.00333568
0.00333568
0.00333568
0.00333568
0.00333568
0.00333568
0.00333568
0.00333568
0.00333568
0.00333568
0.00333568
0.00333568
0.00333568
0.00333568
0.00333568
0.00333568
0.00333568
0.00333568
0.00333568
0.00333568
0.00333568
0.00333568
0.00333568
0.00333568
0.00333568
0.00333568
0.00333568
0.00333568
0.00333568
0.00333568
0.00333568
0.00333568
0.00333568
0.00333568
0.00333568
0.00333568
0.00333568
0.00333568
0.00333568
0.00333568
0.00333568
0.00333568
0.00333568
0.00333568
0.00333568
0.00333568
0.00333568
0.00333568
0.00333568
0.00333568
0.00333568
0.00333568
0.00333568
0.00333568
0.00333568
0.00333568
0.00333568
0.00333568
0.00333568
0.00333568
0.00333568
0.00333568
0.00333568
0.00333568
0.00333568
0.00333568
0.00333568
0.00333568
0.00333568
0.00333568
0.00333568
0.00333568
0.00333568
0.00333568
0.00333568
0.00333568
0.00333568
0.00333568
0.00333568
0.00333568
0.00333568
0.00333568
0.00333568
0.00333568
0.00333568
0.00333568
0.00333568
0.00333568
0.00333568
0.00333568
0.00333568
0.00333568
0.00333568
0.00333568
0.00333568
0.00333568
0.00333568
0.00333568
0.00333568
0.00333568
0.00333568
0.00333568
0.00333568
0.00333568
0.00333568
0.00333568
0.00333568
0.00333568
0.00333568
0.00333568
0.00333568
0.00333568
0.00333568
0.00333568
0.00333568
0.00333568
0.00333568
0.00333568
0.00333568
0.00333568
0.00333568
0.00333568
0.00333568
0.00333568
0.00333568
0.00333568
0.00333568
0.00333568
0.00333568
0.00333568
0.00333568
0.00333568
0.00333568
0.00333568
0.00333568
0.00333568
0.00333568
0.00333568
0.00333568
0.00333568
0.00333568
0.00333568
0.00333568
0.00333568
0.00333568
0.00333568
0.00333568
0.00333568
0.00333568
0.00333568
0.00333568
0.00333568
0.00333568
0.00333568
0.00333568
0.00333568
0.00333568
0.00333568
0.00333568
0.00333568
0.00333568
0.00333568
0.00333568
0.00333568
0.00333568
0.00333568
0.00333568
0.00333568
0.00333568
0.00333568
0.00333568
0.00333568
0.00333568
0.00333568
0.00333568
0.00333568
0.00333568
0.00333568
0.00333568
0.00333568
0.00333568
0.00333568
0.00333568
0.00333568
0.00333568
0.00333568
0.00333568
0.00333568
0.00333568
0.00333568
0.00333568
0.00333568
0.00333568
0.00333568
0.00333568
0.00333568
0.00333568
0.00333568
0.00333568
0.00333568
0.00333568
0.00333568
0.00333568
0.00333568
0.00333568
0.00333568
0.00333568
0.00333568
0.00333568
0.00333568
0.00333568
0.00333568
0.00333568
0.00333568
0.00333568
0.00333568
0.00333568
0.00333568
0.00333568
0.00333568
0.00333568
0.00333568
0.00333568
0.00333568
0.00333568
0.00333568
0.00333568
0.00333568
0.00333568
0.00333568
0.00333568
0.00333568
0.00333568
0.00333568
0.00333568
0.00333568
0.00333568
0.00333568
0.00333568
0.00333568
0.00333568
0.00333568
0.00300211
