0.8
0.00210084
0.00378151
0.00512605
0.00620168
0.00706218
0.00775059
0.00830131
0.00874189
0.00909435
0.00937632
0.0096019
0.00978236
0.00992673
0.0100422
0.0101346
0.0102085
0.0102677
0.010315
0.0103528
0.0103831
0.0104073
0.0104267
0.0104422
0.0104546
0.0104645
0.0104725
0.0104788
0.0104839
0.0104879
0.0104912
0.0104938
0.0104959
0.0104975
0.0104989
0.0104999
0.0105008
0.0105015
0.010502
0.0105025
0.0105028
0.0105031
0.0105033
0.0105035
0.0105036
0.0105037
0.0105038
0.0105039
0.010504
0.010504
0.0105041
0.0105041
0.0105041
0.0105041
0.0105041
0.0105042
0.0105042
0.0105042
0.0105042
0.0105042
0.0105042
0.0105042
0.0105042
0.0105042
0.0105042
0.0105042
0.0105042
0.0105042
0.0105042
0.0105042
0.0105042
0.0105042
0.0105042
0.0105042
0.0105042
0.0105042
0.0105042
0.0105042
0.0105042
0.0105042
0.0105042
0.0105042
0.0105042
0.0105042
0.0105042
0.0105042
0.0105042
0.0105042
0.0105042
0.0105042
0.0105042
0.0105042
0.0105042
0.0105042
0.0105042
0.0105042
0.0105042
0.0105042
0.0105042
0.0105042
0.00210084
