0.7
0.00101021
0.00171736
0.00221237
0.00255887
0.00280143
0.00297121
0.00309006
0.00317326
0.0032315
0.00327226
0.0033008
0.00332077
0.00333476
0.00334454
0.00335139
0.00335619
0.00335955
0.0033619
0.00336354
0.00336469
0.0033655
0.00336606
0.00336646
0.00336674
0.00336693
0.00336707
0.00336716
0.00336723
0.00336727
0.00336731
0.00336733
0.00336734
0.00336736
0.00336736
0.00336737
0.00336737
0.00336738
0.00336738
0.00336738
0.00336738
0.00336738
0.00336738
0.00336738
0.00336738
0.00336738
0.00336738
0.00336738
0.00336738
0.00336738
0.00336738
0.00336738
0.00336738
0.00336738
0.00336738
0.00336738
0.00336738
0.00336738
0.00336738
0.00336738
0.00336738
0.00336738
0.00336738
0.00336738
0.00336738
0.00336738
0.00336738
0.00336738
0.00336738
0.00336738
0.00336738
0.00336738
0.00336738
0.00336738
0.00336738
0.00336738
0.00336738
0.00336738
0.00336738
0.00336738
0.00336738
0.00336738
0.00336738
0.00336738
0.00336738
0.00336738
0.00336738
0.00336738
0.00336738
0.00336738
0.00336738
0.00336738
0.00336738
0.00336738
0.00336738
0.00336738
0.00336738
0.00336738
0.00336738
0.00336738
0.00336738
0.00336738
0.00336738
0.00336738
0.00336738
0.00336738
0.00336738
0.00336738
0.00336738
0.00336738
0.00336738
0.00336738
0.00336738
0.00336738
0.00336738
0.00336738
0.00336738
0.00336738
0.00336738
0.00336738
0.00336738
0.00336738
0.00336738
0.00336738
0.00336738
0.00336738
0.00336738
0.00336738
0.00336738
0.00336738
0.00336738
0.00336738
0.00336738
0.00336738
0.00336738
0.00336738
0.00336738
0.00336738
0.00336738
0.00336738
0.00336738
0.00336738
0.00336738
0.00336738
0.00336738
0.00336738
0.00336738
0.00336738
0.00336738
0.00336738
0.00336738
0.00336738
0.00336738
0.00336738
0.00336738
0.00336738
0.00336738
0.00336738
0.00336738
0.00336738
0.00336738
0.00336738
0.00336738
0.00336738
0.00336738
0.00336738
0.00336738
0.00336738
0.00336738
0.00336738
0.00336738
0.00336738
0.00336738
0.00336738
0.00336738
0.00336738
0.00336738
0.00336738
0.00336738
0.00336738
0.00336738
0.00336738
0.00336738
0.00336738
0.00336738
0.00336738
0.00336738
0.00336738
0.00336738
0.00336738
0.00336738
0.00336738
0.00336738
0.00336738
0.00336738
0.00336738
0.00336738
0.00336738
0.00336738
0.00336738
0.00336738
0.00336738
0.00336738
0.00336738
0.00336738
0.00336738
0.00336738
0.00336738
0.00336738
0.00336738
0.00336738
0.00336738
0.00336738
0.00336738
0.00336738
0.00336738
0.00336738
0.00336738
0.00336738
0.00336738
0.00336738
0.00336738
0.00336738
0.00336738
0.00336738
0.00336738
0.00336738
0.00336738
0.00336738
0.00336738
0.00336738
0.00336738
0.00336738
0.00336738
0.00336738
0.00336738
0.00336738
0.00336738
0.00336738
0.00336738
0.00336738
0.00336738
0.00336738
0.00336738
0.00336738
0.00336738
0.00336738
0.00336738
0.00336738
0.00336738
0.00336738
0.00336738
0.00336738
0.00336738
0.00336738
0.00336738
0.00336738
0.00336738
0.00336738
0.00336738
0.00336738
0.00336738
0.00336738
0.00336738
0.00336738
0.00336738
0.00336738
0.00336738
0.00336738
0.00336738
0.00336738
0.00336738
0.00336738
0.00336738
0.00336738
0.00336738
0.00336738
0.00336738
0.00336738
0.00336738
0.00336738
0.00336738
0.00336738
0.00336738
0.00336738
0.00336738
0.00336738
0.00336738
0.00336738
0.00336738
0.00336738
0.00336738
0.00336738
0.00336738
0.00336738
0.00336738
0.00336738
0.00336738
0.00336738
0.00336738
0.00101021
