0.7
0.00309385
0.00525954
0.00677552
0.00783671
0.00857955
0.00909953
0.00946352
0.00971831
0.00989666
0.0100215
0.0101089
0.0101701
0.0102129
0.0102429
0.0102639
0.0102785
0.0102888
0.010296
0.0103011
0.0103046
0.0103071
0.0103088
0.01031
0.0103108
0.0103114
0.0103119
0.0103121
0.0103123
0.0103125
0.0103126
0.0103127
0.0103127
0.0103127
0.0103128
0.0103128
0.0103128
0.0103128
0.0103128
0.0103128
0.0103128
0.0103128
0.0103128
0.0103128
0.0103128
0.0103128
0.0103128
0.0103128
0.0103128
0.0103128
0.0103128
0.0103128
0.0103128
0.0103128
0.0103128
0.0103128
0.0103128
0.0103128
0.0103128
0.0103128
0.0103128
0.0103128
0.0103128
0.0103128
0.0103128
0.0103128
0.0103128
0.0103128
0.0103128
0.0103128
0.0103128
0.0103128
0.0103128
0.0103128
0.0103128
0.0103128
0.0103128
0.0103128
0.0103128
0.0103128
0.0103128
0.0103128
0.0103128
0.0103128
0.0103128
0.0103128
0.0103128
0.0103128
0.0103128
0.0103128
0.0103128
0.0103128
0.0103128
0.0103128
0.0103128
0.0103128
0.0103128
0.0103128
0.0103128
0.0103128
0.00309385
