0.7
0.000755731
0.00128474
0.00165505
0.00191427
0.00209572
0.00222273
0.00231164
0.00237388
0.00241745
0.00244794
0.00246929
0.00248424
0.0024947
0.00250202
0.00250714
0.00251073
0.00251324
0.002515
0.00251623
0.00251709
0.0025177
0.00251812
0.00251841
0.00251862
0.00251877
0.00251887
0.00251894
0.00251899
0.00251902
0.00251905
0.00251906
0.00251908
0.00251908
0.00251909
0.00251909
0.0025191
0.0025191
0.0025191
0.0025191
0.0025191
0.0025191
0.0025191
0.0025191
0.0025191
0.0025191
0.0025191
0.0025191
0.0025191
0.0025191
0.0025191
0.0025191
0.0025191
0.0025191
0.0025191
0.0025191
0.0025191
0.0025191
0.0025191
0.0025191
0.0025191
0.0025191
0.0025191
0.0025191
0.0025191
0.0025191
0.0025191
0.0025191
0.0025191
0.0025191
0.0025191
0.0025191
0.0025191
0.0025191
0.0025191
0.0025191
0.0025191
0.0025191
0.0025191
0.0025191
0.0025191
0.0025191
0.0025191
0.0025191
0.0025191
0.0025191
0.0025191
0.0025191
0.0025191
0.0025191
0.0025191
0.0025191
0.0025191
0.0025191
0.0025191
0.0025191
0.0025191
0.0025191
0.0025191
0.0025191
0.0025191
0.0025191
0.0025191
0.0025191
0.0025191
0.0025191
0.0025191
0.0025191
0.0025191
0.0025191
0.0025191
0.0025191
0.0025191
0.0025191
0.0025191
0.0025191
0.0025191
0.0025191
0.0025191
0.0025191
0.0025191
0.0025191
0.0025191
0.0025191
0.0025191
0.0025191
0.0025191
0.0025191
0.0025191
0.0025191
0.0025191
0.0025191
0.0025191
0.0025191
0.0025191
0.0025191
0.0025191
0.0025191
0.0025191
0.0025191
0.0025191
0.0025191
0.0025191
0.0025191
0.0025191
0.0025191
0.0025191
0.0025191
0.0025191
0.0025191
0.0025191
0.0025191
0.0025191
0.0025191
0.0025191
0.0025191
0.0025191
0.0025191
0.0025191
0.0025191
0.0025191
0.0025191
0.0025191
0.0025191
0.0025191
0.0025191
0.0025191
0.0025191
0.0025191
0.0025191
0.0025191
0.0025191
0.0025191
0.0025191
0.0025191
0.0025191
0.0025191
0.0025191
0.0025191
0.0025191
0.0025191
0.0025191
0.0025191
0.0025191
0.0025191
0.0025191
0.0025191
0.0025191
0.0025191
0.0025191
0.0025191
0.0025191
0.0025191
0.0025191
0.0025191
0.0025191
0.0025191
0.0025191
0.0025191
0.0025191
0.0025191
0.0025191
0.0025191
0.0025191
0.0025191
0.0025191
0.0025191
0.0025191
0.0025191
0.0025191
0.0025191
0.0025191
0.0025191
0.0025191
0.0025191
0.0025191
0.0025191
0.0025191
0.0025191
0.0025191
0.0025191
0.0025191
0.0025191
0.0025191
0.0025191
0.0025191
0.0025191
0.0025191
0.0025191
0.0025191
0.0025191
0.0025191
0.0025191
0.0025191
0.0025191
0.0025191
0.0025191
0.0025191
0.0025191
0.0025191
0.0025191
0.0025191
0.0025191
0.0025191
0.0025191
0.0025191
0.0025191
0.0025191
0.0025191
0.0025191
0.0025191
0.0025191
0.0025191
0.0025191
0.0025191
0.0025191
0.0025191
0.0025191
0.0025191
0.0025191
0.0025191
0.0025191
0.0025191
0.0025191
0.0025191
0.0025191
0.0025191
0.0025191
0.0025191
0.0025191
0.0025191
0.0025191
0.0025191
0.0025191
0.0025191
0.0025191
0.0025191
0.0025191
0.0025191
0.0025191
0.0025191
0.0025191
0.0025191
0.0025191
0.0025191
0.0025191
0.0025191
0.0025191
0.0025191
0.0025191
0.0025191
0.0025191
0.0025191
0.0025191
0.0025191
0.0025191
0.0025191
0.0025191
0.0025191
0.0025191
0.0025191
0.0025191
0.0025191
0.0025191
0.0025191
0.0025191
0.0025191
0.0025191
0.0025191
0.0025191
0.0025191
0.0025191
0.0025191
0.0025191
0.0025191
0.0025191
0.0025191
0.0025191
0.0025191
0.0025191
0.0025191
0.0025191
0.0025191
0.0025191
0.0025191
0.0025191
0.0025191
0.0025191
0.0025191
0.0025191
0.0025191
0.0025191
0.0025191
0.0025191
0.0025191
0.0025191
0.0025191
0.0025191
0.0025191
0.0025191
0.0025191
0.0025191
0.0025191
0.0025191
0.0025191
0.0025191
0.0025191
0.0025191
0.0025191
0.0025191
0.0025191
0.0025191
0.0025191
0.0025191
0.0025191
0.0025191
0.0025191
0.0025191
0.0025191
0.0025191
0.0025191
0.0025191
0.0025191
0.0025191
0.0025191
0.0025191
0.0025191
0.0025191
0.0025191
0.0025191
0.0025191
0.0025191
0.0025191
0.0025191
0.0025191
0.0025191
0.0025191
0.0025191
0.0025191
0.0025191
0.0025191
0.0025191
0.0025191
0.0025191
0.0025191
0.0025191
0.0025191
0.0025191
0.0025191
0.0025191
0.0025191
0.0025191
0.0025191
0.0025191
0.0025191
0.0025191
0.0025191
0.0025191
0.0025191
0.0025191
0.000755731
