0.2
0.00803616
0.0096434
0.00996484
0.0100291
0.010042
0.0100446
0.0100451
0.0100452
0.0100452
0.0100452
0.0100452
0.0100452
0.0100452
0.0100452
0.0100452
0.0100452
0.0100452
0.0100452
0.0100452
0.0100452
0.0100452
0.0100452
0.0100452
0.0100452
0.0100452
0.0100452
0.0100452
0.0100452
0.0100452
0.0100452
0.0100452
0.0100452
0.0100452
0.0100452
0.0100452
0.0100452
0.0100452
0.0100452
0.0100452
0.0100452
0.0100452
0.0100452
0.0100452
0.0100452
0.0100452
0.0100452
0.0100452
0.0100452
0.0100452
0.0100452
0.0100452
0.0100452
0.0100452
0.0100452
0.0100452
0.0100452
0.0100452
0.0100452
0.0100452
0.0100452
0.0100452
0.0100452
0.0100452
0.0100452
0.0100452
0.0100452
0.0100452
0.0100452
0.0100452
0.0100452
0.0100452
0.0100452
0.0100452
0.0100452
0.0100452
0.0100452
0.0100452
0.0100452
0.0100452
0.0100452
0.0100452
0.0100452
0.0100452
0.0100452
0.0100452
0.0100452
0.0100452
0.0100452
0.0100452
0.0100452
0.0100452
0.0100452
0.0100452
0.0100452
0.0100452
0.0100452
0.0100452
0.0100452
0.0100452
0.00803616
