1
8.01597e-06
1.60319e-05
2.40479e-05
3.20639e-05
4.00798e-05
4.80958e-05
5.61118e-05
6.41277e-05
7.21437e-05
8.01597e-05
8.81756e-05
9.61916e-05
0.000104208
0.000112224
0.00012024
0.000128255
0.000136271
0.000144287
0.000152303
0.000160319
0.000168335
0.000176351
0.000184367
0.000192383
0.000200399
0.000208415
0.000216431
0.000224447
0.000232463
0.000240479
0.000248495
0.000256511
0.000264527
0.000272543
0.000280559
0.000288575
0.000296591
0.000304607
0.000312623
0.000320639
0.000328655
0.000336671
0.000344687
0.000352703
0.000360719
0.000368735
0.00037675
0.000384766
0.000392782
0.000400798
0.000408814
0.00041683
0.000424846
0.000432862
0.000440878
0.000448894
0.00045691
0.000464926
0.000472942
0.000480958
0.000488974
0.00049699
0.000505006
0.000513022
0.000521038
0.000529054
0.00053707
0.000545086
0.000553102
0.000561118
0.000569134
0.00057715
0.000585166
0.000593182
0.000601198
0.000609214
0.00061723
0.000625245
0.000633261
0.000641277
0.000649293
0.000657309
0.000665325
0.000673341
0.000681357
0.000689373
0.000697389
0.000705405
0.000713421
0.000721437
0.000729453
0.000737469
0.000745485
0.000753501
0.000761517
0.000769533
0.000777549
0.000785565
0.000793581
0.000801597
0.000809613
0.000817629
0.000825645
0.000833661
0.000841677
0.000849693
0.000857709
0.000865725
0.00087374
0.000881756
0.000889772
0.000897788
0.000905804
0.00091382
0.000921836
0.000929852
0.000937868
0.000945884
0.0009539
0.000961916
0.000969932
0.000977948
0.000985964
0.00099398
0.001002
0.00101001
0.00101803
0.00102604
0.00103406
0.00104208
0.00105009
0.00105811
0.00106612
0.00107414
0.00108216
0.00109017
0.00109819
0.0011062
0.00111422
0.00112224
0.00113025
0.00113827
0.00114628
0.0011543
0.00116232
0.00117033
0.00117835
0.00118636
0.00119438
0.0012024
0.00121041
0.00121843
0.00122644
0.00123446
0.00124248
0.00125049
0.00125851
0.00126652
0.00127454
0.00128255
0.00129057
0.00129859
0.0013066
0.00131462
0.00132263
0.00133065
0.00133867
0.00134668
0.0013547
0.00136271
0.00137073
0.00137875
0.00138676
0.00139478
0.00140279
0.00141081
0.00141883
0.00142684
0.00143486
0.00144287
0.00145089
0.00145891
0.00146692
0.00147494
0.00148295
0.00149097
0.00149899
0.001507
0.00151502
0.00152303
0.00153105
0.00153907
0.00154708
0.0015551
0.00156311
0.00157113
0.00157915
0.00158716
0.00159518
0.00160319
0.00161121
0.00161923
0.00162724
0.00163526
0.00164327
0.00165129
0.00165931
0.00166732
0.00167534
0.00168335
0.00169137
0.00169939
0.0017074
0.00171542
0.00172343
0.00173145
0.00173947
0.00174748
0.0017555
0.00176351
0.00177153
0.00177954
0.00178756
0.00179558
0.00180359
0.00181161
0.00181962
0.00182764
0.00183566
0.00184367
0.00185169
0.0018597
0.00186772
0.00187574
0.00188375
0.00189177
0.00189978
0.0019078
0.00191582
0.00192383
0.00193185
0.00193986
0.00194788
0.0019559
0.00196391
0.00197193
0.00197994
0.00198796
0.00199598
0.00200399
0.00201201
0.00202002
0.00202804
0.00203606
0.00204407
0.00205209
0.0020601
0.00206812
0.00207614
0.00208415
0.00209217
0.00210018
0.0021082
0.00211622
0.00212423
0.00213225
0.00214026
0.00214828
0.0021563
0.00216431
0.00217233
0.00218034
0.00218836
0.00219638
0.00220439
0.00221241
0.00222042
0.00222844
0.00223646
0.00224447
0.00225249
0.0022605
0.00226852
0.00227653
0.00228455
0.00229257
0.00230058
0.0023086
0.00231661
0.00232463
0.00233265
0.00234066
0.00234868
0.00235669
0.00236471
0.00237273
0.00238074
0.00238876
0.00239677
0.00240479
0.00241281
0.00242082
0.00242884
0.00243685
0.00244487
0.00245289
0.0024609
0.00246892
0.00247693
0.00248495
0.00249297
0.00250098
0.002509
0.00251701
0.00252503
0.00253305
0.00254106
0.00254908
0.00255709
0.00256511
0.00257313
0.00258114
0.00258916
0.00259717
0.00260519
0.00261321
0.00262122
0.00262924
0.00263725
0.00264527
0.00265329
0.0026613
0.00266932
0.00267733
0.00268535
0.00269337
0.00270138
0.0027094
0.00271741
0.00272543
0.00273345
0.00274146
0.00274948
0.00275749
0.00276551
0.00277352
0.00278154
0.00278956
0.00279757
0.00280559
0.0028136
0.00282162
0.00282964
0.00283765
0.00284567
0.00285368
0.0028617
0.00286972
0.00287773
0.00288575
0.00289376
0.00290178
0.0029098
0.00291781
0.00292583
0.00293384
0.00294186
0.00294988
0.00295789
0.00296591
0.00297392
0.00298194
0.00298996
0.00299797
0.00300599
0.003014
0.00302202
0.00303004
0.00303805
0.00304607
0.00305408
0.0030621
0.00307012
0.00307813
0.00308615
0.00309416
0.00310218
0.0031102
0.00311821
0.00312623
0.00313424
0.00314226
0.00315028
0.00315829
0.00316631
0.00317432
0.00318234
0.00319036
0.00319837
0.00320639
0.0032144
0.00322242
0.00323044
0.00323845
0.00324647
0.00325448
0.0032625
0.00327051
0.00327853
0.00328655
0.00329456
0.00330258
0.00331059
0.00331861
0.00332663
0.00333464
0.00334266
0.00335067
0.00335869
0.00336671
0.00337472
0.00338274
0.00339075
0.00339877
0.00340679
0.0034148
0.00342282
0.00343083
0.00343885
0.00344687
0.00345488
0.0034629
0.00347091
0.00347893
0.00348695
0.00349496
0.00350298
0.00351099
0.00351901
0.00352703
0.00353504
0.00354306
0.00355107
0.00355909
0.00356711
0.00357512
0.00358314
0.00359115
0.00359917
0.00360719
0.0036152
0.00362322
0.00363123
0.00363925
0.00364727
0.00365528
0.0036633
0.00367131
0.00367933
0.00368735
0.00369536
0.00370338
0.00371139
0.00371941
0.00372743
0.00373544
0.00374346
0.00375147
0.00375949
0.0037675
0.00377552
0.00378354
0.00379155
0.00379957
0.00380758
0.0038156
0.00382362
0.00383163
0.00383965
0.00384766
0.00385568
0.0038637
0.00387171
0.00387973
0.00388774
0.00389576
0.00390378
0.00391179
0.00391981
0.00392782
0.00393584
0.00394386
0.00395187
0.00395989
0.0039679
0.00397592
0.00398394
0.00399195
0.00399997
8.01597e-06
