0.6
0.0040858
0.00653728
0.00800817
0.0088907
0.00942022
0.00973794
0.00992856
0.0100429
0.0101116
0.0101527
0.0101774
0.0101923
0.0102012
0.0102065
0.0102097
0.0102116
0.0102128
0.0102135
0.0102139
0.0102141
0.0102143
0.0102144
0.0102144
0.0102145
0.0102145
0.0102145
0.0102145
0.0102145
0.0102145
0.0102145
0.0102145
0.0102145
0.0102145
0.0102145
0.0102145
0.0102145
0.0102145
0.0102145
0.0102145
0.0102145
0.0102145
0.0102145
0.0102145
0.0102145
0.0102145
0.0102145
0.0102145
0.0102145
0.0102145
0.0102145
0.0102145
0.0102145
0.0102145
0.0102145
0.0102145
0.0102145
0.0102145
0.0102145
0.0102145
0.0102145
0.0102145
0.0102145
0.0102145
0.0102145
0.0102145
0.0102145
0.0102145
0.0102145
0.0102145
0.0102145
0.0102145
0.0102145
0.0102145
0.0102145
0.0102145
0.0102145
0.0102145
0.0102145
0.0102145
0.0102145
0.0102145
0.0102145
0.0102145
0.0102145
0.0102145
0.0102145
0.0102145
0.0102145
0.0102145
0.0102145
0.0102145
0.0102145
0.0102145
0.0102145
0.0102145
0.0102145
0.0102145
0.0102145
0.0102145
0.0040858
