0.4
0.00120257
0.00168359
0.001876
0.00195297
0.00198375
0.00199607
0.00200099
0.00200296
0.00200375
0.00200407
0.00200419
0.00200424
0.00200426
0.00200427
0.00200427
0.00200427
0.00200428
0.00200428
0.00200428
0.00200428
0.00200428
0.00200428
0.00200428
0.00200428
0.00200428
0.00200428
0.00200428
0.00200428
0.00200428
0.00200428
0.00200428
0.00200428
0.00200428
0.00200428
0.00200428
0.00200428
0.00200428
0.00200428
0.00200428
0.00200428
0.00200428
0.00200428
0.00200428
0.00200428
0.00200428
0.00200428
0.00200428
0.00200428
0.00200428
0.00200428
0.00200428
0.00200428
0.00200428
0.00200428
0.00200428
0.00200428
0.00200428
0.00200428
0.00200428
0.00200428
0.00200428
0.00200428
0.00200428
0.00200428
0.00200428
0.00200428
0.00200428
0.00200428
0.00200428
0.00200428
0.00200428
0.00200428
0.00200428
0.00200428
0.00200428
0.00200428
0.00200428
0.00200428
0.00200428
0.00200428
0.00200428
0.00200428
0.00200428
0.00200428
0.00200428
0.00200428
0.00200428
0.00200428
0.00200428
0.00200428
0.00200428
0.00200428
0.00200428
0.00200428
0.00200428
0.00200428
0.00200428
0.00200428
0.00200428
0.00200428
0.00200428
0.00200428
0.00200428
0.00200428
0.00200428
0.00200428
0.00200428
0.00200428
0.00200428
0.00200428
0.00200428
0.00200428
0.00200428
0.00200428
0.00200428
0.00200428
0.00200428
0.00200428
0.00200428
0.00200428
0.00200428
0.00200428
0.00200428
0.00200428
0.00200428
0.00200428
0.00200428
0.00200428
0.00200428
0.00200428
0.00200428
0.00200428
0.00200428
0.00200428
0.00200428
0.00200428
0.00200428
0.00200428
0.00200428
0.00200428
0.00200428
0.00200428
0.00200428
0.00200428
0.00200428
0.00200428
0.00200428
0.00200428
0.00200428
0.00200428
0.00200428
0.00200428
0.00200428
0.00200428
0.00200428
0.00200428
0.00200428
0.00200428
0.00200428
0.00200428
0.00200428
0.00200428
0.00200428
0.00200428
0.00200428
0.00200428
0.00200428
0.00200428
0.00200428
0.00200428
0.00200428
0.00200428
0.00200428
0.00200428
0.00200428
0.00200428
0.00200428
0.00200428
0.00200428
0.00200428
0.00200428
0.00200428
0.00200428
0.00200428
0.00200428
0.00200428
0.00200428
0.00200428
0.00200428
0.00200428
0.00200428
0.00200428
0.00200428
0.00200428
0.00200428
0.00200428
0.00200428
0.00200428
0.00200428
0.00200428
0.00200428
0.00200428
0.00200428
0.00200428
0.00200428
0.00200428
0.00200428
0.00200428
0.00200428
0.00200428
0.00200428
0.00200428
0.00200428
0.00200428
0.00200428
0.00200428
0.00200428
0.00200428
0.00200428
0.00200428
0.00200428
0.00200428
0.00200428
0.00200428
0.00200428
0.00200428
0.00200428
0.00200428
0.00200428
0.00200428
0.00200428
0.00200428
0.00200428
0.00200428
0.00200428
0.00200428
0.00200428
0.00200428
0.00200428
0.00200428
0.00200428
0.00200428
0.00200428
0.00200428
0.00200428
0.00200428
0.00200428
0.00200428
0.00200428
0.00200428
0.00200428
0.00200428
0.00200428
0.00200428
0.00200428
0.00200428
0.00200428
0.00200428
0.00200428
0.00200428
0.00200428
0.00200428
0.00200428
0.00200428
0.00200428
0.00200428
0.00200428
0.00200428
0.00200428
0.00200428
0.00200428
0.00200428
0.00200428
0.00200428
0.00200428
0.00200428
0.00200428
0.00200428
0.00200428
0.00200428
0.00200428
0.00200428
0.00200428
0.00200428
0.00200428
0.00200428
0.00200428
0.00200428
0.00200428
0.00200428
0.00200428
0.00200428
0.00200428
0.00200428
0.00200428
0.00200428
0.00200428
0.00200428
0.00200428
0.00200428
0.00200428
0.00200428
0.00200428
0.00200428
0.00200428
0.00200428
0.00200428
0.00200428
0.00200428
0.00200428
0.00200428
0.00200428
0.00200428
0.00200428
0.00200428
0.00200428
0.00200428
0.00200428
0.00200428
0.00200428
0.00200428
0.00200428
0.00200428
0.00200428
0.00200428
0.00200428
0.00200428
0.00200428
0.00200428
0.00200428
0.00200428
0.00200428
0.00200428
0.00200428
0.00200428
0.00200428
0.00200428
0.00200428
0.00200428
0.00200428
0.00200428
0.00200428
0.00200428
0.00200428
0.00200428
0.00200428
0.00200428
0.00200428
0.00200428
0.00200428
0.00200428
0.00200428
0.00200428
0.00200428
0.00200428
0.00200428
0.00200428
0.00200428
0.00200428
0.00200428
0.00200428
0.00200428
0.00200428
0.00200428
0.00200428
0.00200428
0.00200428
0.00200428
0.00200428
0.00200428
0.00200428
0.00200428
0.00200428
0.00200428
0.00200428
0.00200428
0.00200428
0.00200428
0.00200428
0.00200428
0.00200428
0.00200428
0.00200428
0.00200428
0.00200428
0.00200428
0.00200428
0.00200428
0.00200428
0.00200428
0.00200428
0.00200428
0.00200428
0.00200428
0.00200428
0.00200428
0.00200428
0.00200428
0.00200428
0.00200428
0.00200428
0.00200428
0.00200428
0.00200428
0.00200428
0.00200428
0.00200428
0.00200428
0.00200428
0.00200428
0.00200428
0.00200428
0.00200428
0.00200428
0.00200428
0.00200428
0.00200428
0.00200428
0.00200428
0.00200428
0.00200428
0.00200428
0.00200428
0.00200428
0.00200428
0.00200428
0.00200428
0.00200428
0.00200428
0.00200428
0.00200428
0.00200428
0.00200428
0.00200428
0.00200428
0.00200428
0.00200428
0.00200428
0.00200428
0.00200428
0.00200428
0.00200428
0.00200428
0.00200428
0.00200428
0.00200428
0.00200428
0.00200428
0.00200428
0.00200428
0.00200428
0.00200428
0.00200428
0.00200428
0.00200428
0.00200428
0.00200428
0.00200428
0.00200428
0.00200428
0.00200428
0.00200428
0.00200428
0.00200428
0.00200428
0.00200428
0.00200428
0.00200428
0.00200428
0.00200428
0.00200428
0.00200428
0.00200428
0.00200428
0.00200428
0.00200428
0.00200428
0.00200428
0.00200428
0.00200428
0.00200428
0.00200428
0.00200428
0.00200428
0.00200428
0.00200428
0.00200428
0.00200428
0.00200428
0.00200428
0.00200428
0.00200428
0.00200428
0.00200428
0.00200428
0.00200428
0.00200428
0.00200428
0.00200428
0.00120257
