0.9
0.000344709
0.000654947
0.000934161
0.00118545
0.00141162
0.00161516
0.00179836
0.00196323
0.00211161
0.00224516
0.00236535
0.00247353
0.00257088
0.0026585
0.00273736
0.00280833
0.00287221
0.0029297
0.00298144
0.003028
0.00306991
0.00310763
0.00314157
0.00317213
0.00319962
0.00322437
0.00324664
0.00326668
0.00328472
0.00330096
0.00331557
0.00332873
0.00334056
0.00335121
0.0033608
0.00336943
0.0033772
0.00338418
0.00339047
0.00339614
0.00340123
0.00340582
0.00340994
0.00341366
0.003417
0.00342001
0.00342272
0.00342515
0.00342735
0.00342932
0.0034311
0.0034327
0.00343414
0.00343543
0.0034366
0.00343765
0.00343859
0.00343944
0.0034402
0.00344089
0.00344151
0.00344207
0.00344257
0.00344302
0.00344343
0.0034438
0.00344412
0.00344442
0.00344469
0.00344493
0.00344514
0.00344534
0.00344551
0.00344567
0.00344581
0.00344594
0.00344605
0.00344616
0.00344625
0.00344633
0.00344641
0.00344648
0.00344654
0.00344659
0.00344664
0.00344669
0.00344673
0.00344676
0.0034468
0.00344682
0.00344685
0.00344687
0.0034469
0.00344691
0.00344693
0.00344695
0.00344696
0.00344697
0.00344699
0.003447
0.003447
0.00344701
0.00344702
0.00344703
0.00344703
0.00344704
0.00344704
0.00344705
0.00344705
0.00344706
0.00344706
0.00344706
0.00344706
0.00344707
0.00344707
0.00344707
0.00344707
0.00344707
0.00344707
0.00344708
0.00344708
0.00344708
0.00344708
0.00344708
0.00344708
0.00344708
0.00344708
0.00344708
0.00344708
0.00344708
0.00344708
0.00344708
0.00344708
0.00344708
0.00344708
0.00344709
0.00344709
0.00344709
0.00344709
0.00344709
0.00344709
0.00344709
0.00344709
0.00344709
0.00344709
0.00344709
0.00344709
0.00344709
0.00344709
0.00344709
0.00344709
0.00344709
0.00344709
0.00344709
0.00344709
0.00344709
0.00344709
0.00344709
0.00344709
0.00344709
0.00344709
0.00344709
0.00344709
0.00344709
0.00344709
0.00344709
0.00344709
0.00344709
0.00344709
0.00344709
0.00344709
0.00344709
0.00344709
0.00344709
0.00344709
0.00344709
0.00344709
0.00344709
0.00344709
0.00344709
0.00344709
0.00344709
0.00344709
0.00344709
0.00344709
0.00344709
0.00344709
0.00344709
0.00344709
0.00344709
0.00344709
0.00344709
0.00344709
0.00344709
0.00344709
0.00344709
0.00344709
0.00344709
0.00344709
0.00344709
0.00344709
0.00344709
0.00344709
0.00344709
0.00344709
0.00344709
0.00344709
0.00344709
0.00344709
0.00344709
0.00344709
0.00344709
0.00344709
0.00344709
0.00344709
0.00344709
0.00344709
0.00344709
0.00344709
0.00344709
0.00344709
0.00344709
0.00344709
0.00344709
0.00344709
0.00344709
0.00344709
0.00344709
0.00344709
0.00344709
0.00344709
0.00344709
0.00344709
0.00344709
0.00344709
0.00344709
0.00344709
0.00344709
0.00344709
0.00344709
0.00344709
0.00344709
0.00344709
0.00344709
0.00344709
0.00344709
0.00344709
0.00344709
0.00344709
0.00344709
0.00344709
0.00344709
0.00344709
0.00344709
0.00344709
0.00344709
0.00344709
0.00344709
0.00344709
0.00344709
0.00344709
0.00344709
0.00344709
0.00344709
0.00344709
0.00344709
0.00344709
0.00344709
0.00344709
0.00344709
0.00344709
0.00344709
0.00344709
0.00344709
0.00344709
0.00344709
0.00344709
0.00344709
0.00344709
0.00344709
0.00344709
0.00344709
0.00344709
0.00344709
0.00344709
0.00344709
0.00344709
0.00344709
0.00344709
0.00344709
0.00344709
0.00344709
0.00344709
0.00344709
0.00344709
0.00344709
0.00344709
0.00344709
0.00344709
0.000344709
