0.1
0.00901904
0.00992094
0.0100111
0.0100202
0.0100211
0.0100211
0.0100212
0.0100212
0.0100212
0.0100212
0.0100212
0.0100212
0.0100212
0.0100212
0.0100212
0.0100212
0.0100212
0.0100212
0.0100212
0.0100212
0.0100212
0.0100212
0.0100212
0.0100212
0.0100212
0.0100212
0.0100212
0.0100212
0.0100212
0.0100212
0.0100212
0.0100212
0.0100212
0.0100212
0.0100212
0.0100212
0.0100212
0.0100212
0.0100212
0.0100212
0.0100212
0.0100212
0.0100212
0.0100212
0.0100212
0.0100212
0.0100212
0.0100212
0.0100212
0.0100212
0.0100212
0.0100212
0.0100212
0.0100212
0.0100212
0.0100212
0.0100212
0.0100212
0.0100212
0.0100212
0.0100212
0.0100212
0.0100212
0.0100212
0.0100212
0.0100212
0.0100212
0.0100212
0.0100212
0.0100212
0.0100212
0.0100212
0.0100212
0.0100212
0.0100212
0.0100212
0.0100212
0.0100212
0.0100212
0.0100212
0.0100212
0.0100212
0.0100212
0.0100212
0.0100212
0.0100212
0.0100212
0.0100212
0.0100212
0.0100212
0.0100212
0.0100212
0.0100212
0.0100212
0.0100212
0.0100212
0.0100212
0.0100212
0.0100212
0.00901904
