1
1.25312e-05
2.50623e-05
3.75935e-05
5.01247e-05
6.26559e-05
7.5187e-05
8.77182e-05
0.000100249
0.000112781
0.000125312
0.000137843
0.000150374
0.000162905
0.000175436
0.000187968
0.000200499
0.00021303
0.000225561
0.000238092
0.000250623
0.000263155
0.000275686
0.000288217
0.000300748
0.000313279
0.00032581
0.000338342
0.000350873
0.000363404
0.000375935
0.000388466
0.000400997
0.000413529
0.00042606
0.000438591
0.000451122
0.000463653
0.000476185
0.000488716
0.000501247
0.000513778
0.000526309
0.00053884
0.000551372
0.000563903
0.000576434
0.000588965
0.000601496
0.000614027
0.000626559
0.00063909
0.000651621
0.000664152
0.000676683
0.000689214
0.000701746
0.000714277
0.000726808
0.000739339
0.00075187
0.000764401
0.000776933
0.000789464
0.000801995
0.000814526
0.000827057
0.000839588
0.00085212
0.000864651
0.000877182
0.000889713
0.000902244
0.000914776
0.000927307
0.000939838
0.000952369
0.0009649
0.000977431
0.000989963
0.00100249
0.00101502
0.00102756
0.00104009
0.00105262
0.00106515
0.00107768
0.00109021
0.00110274
0.00111527
0.00112781
0.00114034
0.00115287
0.0011654
0.00117793
0.00119046
0.00120299
0.00121552
0.00122805
0.00124059
0.00125312
0.00126565
0.00127818
0.00129071
0.00130324
0.00131577
0.0013283
0.00134084
0.00135337
0.0013659
0.00137843
0.00139096
0.00140349
0.00141602
0.00142855
0.00144108
0.00145362
0.00146615
0.00147868
0.00149121
0.00150374
0.00151627
0.0015288
0.00154133
0.00155387
0.0015664
0.00157893
0.00159146
0.00160399
0.00161652
0.00162905
0.00164158
0.00165411
0.00166665
0.00167918
0.00169171
0.00170424
0.00171677
0.0017293
0.00174183
0.00175436
0.0017669
0.00177943
0.00179196
0.00180449
0.00181702
0.00182955
0.00184208
0.00185461
0.00186714
0.00187968
0.00189221
0.00190474
0.00191727
0.0019298
0.00194233
0.00195486
0.00196739
0.00197993
0.00199246
0.00200499
0.00201752
0.00203005
0.00204258
0.00205511
0.00206764
0.00208017
0.00209271
0.00210524
0.00211777
0.0021303
0.00214283
0.00215536
0.00216789
0.00218042
0.00219295
0.00220549
0.00221802
0.00223055
0.00224308
0.00225561
0.00226814
0.00228067
0.0022932
0.00230574
0.00231827
0.0023308
0.00234333
0.00235586
0.00236839
0.00238092
0.00239345
0.00240598
0.00241852
0.00243105
0.00244358
0.00245611
0.00246864
0.00248117
0.0024937
0.00250623
0.00251877
0.0025313
0.00254383
0.00255636
0.00256889
0.00258142
0.00259395
0.00260648
0.00261901
0.00263155
0.00264408
0.00265661
0.00266914
0.00268167
0.0026942
0.00270673
0.00271926
0.0027318
0.00274433
0.00275686
0.00276939
0.00278192
0.00279445
0.00280698
0.00281951
0.00283204
0.00284458
0.00285711
0.00286964
0.00288217
0.0028947
0.00290723
0.00291976
0.00293229
0.00294483
0.00295736
0.00296989
0.00298242
0.00299495
0.00300748
0.00302001
0.00303254
0.00304507
0.00305761
0.00307014
0.00308267
0.0030952
0.00310773
0.00312026
0.00313279
0.00314532
0.00315786
0.00317039
0.00318292
0.00319545
0.00320798
0.00322051
0.00323304
0.00324557
0.0032581
0.00327064
0.00328317
0.0032957
0.00330823
0.00332076
0.00333329
0.00334582
0.00335835
0.00337089
0.00338342
0.00339595
0.00340848
0.00342101
0.00343354
0.00344607
0.0034586
0.00347113
0.00348367
0.0034962
0.00350873
0.00352126
0.00353379
0.00354632
0.00355885
0.00357138
0.00358391
0.00359645
0.00360898
0.00362151
0.00363404
0.00364657
0.0036591
0.00367163
0.00368416
0.0036967
0.00370923
0.00372176
0.00373429
0.00374682
0.00375935
0.00377188
0.00378441
0.00379694
0.00380948
0.00382201
0.00383454
0.00384707
0.0038596
0.00387213
0.00388466
0.00389719
0.00390973
0.00392226
0.00393479
0.00394732
0.00395985
0.00397238
0.00398491
0.00399744
0.00400997
0.00402251
0.00403504
0.00404757
0.0040601
0.00407263
0.00408516
0.00409769
0.00411022
0.00412276
0.00413529
0.00414782
0.00416035
0.00417288
0.00418541
0.00419794
0.00421047
0.004223
0.00423554
0.00424807
0.0042606
0.00427313
0.00428566
0.00429819
0.00431072
0.00432325
0.00433579
0.00434832
0.00436085
0.00437338
0.00438591
0.00439844
0.00441097
0.0044235
0.00443603
0.00444857
0.0044611
0.00447363
0.00448616
0.00449869
0.00451122
0.00452375
0.00453628
0.00454882
0.00456135
0.00457388
0.00458641
0.00459894
0.00461147
0.004624
0.00463653
0.00464906
0.0046616
0.00467413
0.00468666
0.00469919
0.00471172
0.00472425
0.00473678
0.00474931
0.00476185
0.00477438
0.00478691
0.00479944
0.00481197
0.0048245
0.00483703
0.00484956
0.00486209
0.00487463
0.00488716
0.00489969
0.00491222
0.00492475
0.00493728
0.00494981
0.00496234
0.00497488
0.00498741
0.00499994
1.25312e-05
