0.8
0.000403877
0.000726979
0.00098546
0.00119225
0.00135767
0.00149002
0.00159589
0.00168059
0.00174835
0.00180256
0.00184592
0.00188061
0.00190837
0.00193057
0.00194834
0.00196255
0.00197391
0.00198301
0.00199028
0.0019961
0.00200076
0.00200449
0.00200747
0.00200985
0.00201176
0.00201328
0.0020145
0.00201548
0.00201626
0.00201689
0.00201739
0.00201779
0.00201811
0.00201836
0.00201857
0.00201873
0.00201886
0.00201897
0.00201905
0.00201912
0.00201917
0.00201921
0.00201925
0.00201928
0.0020193
0.00201932
0.00201933
0.00201934
0.00201935
0.00201936
0.00201936
0.00201937
0.00201937
0.00201937
0.00201938
0.00201938
0.00201938
0.00201938
0.00201938
0.00201938
0.00201938
0.00201938
0.00201938
0.00201938
0.00201939
0.00201939
0.00201939
0.00201939
0.00201939
0.00201939
0.00201939
0.00201939
0.00201939
0.00201939
0.00201939
0.00201939
0.00201939
0.00201939
0.00201939
0.00201939
0.00201939
0.00201939
0.00201939
0.00201939
0.00201939
0.00201939
0.00201939
0.00201939
0.00201939
0.00201939
0.00201939
0.00201939
0.00201939
0.00201939
0.00201939
0.00201939
0.00201939
0.00201939
0.00201939
0.00201939
0.00201939
0.00201939
0.00201939
0.00201939
0.00201939
0.00201939
0.00201939
0.00201939
0.00201939
0.00201939
0.00201939
0.00201939
0.00201939
0.00201939
0.00201939
0.00201939
0.00201939
0.00201939
0.00201939
0.00201939
0.00201939
0.00201939
0.00201939
0.00201939
0.00201939
0.00201939
0.00201939
0.00201939
0.00201939
0.00201939
0.00201939
0.00201939
0.00201939
0.00201939
0.00201939
0.00201939
0.00201939
0.00201939
0.00201939
0.00201939
0.00201939
0.00201939
0.00201939
0.00201939
0.00201939
0.00201939
0.00201939
0.00201939
0.00201939
0.00201939
0.00201939
0.00201939
0.00201939
0.00201939
0.00201939
0.00201939
0.00201939
0.00201939
0.00201939
0.00201939
0.00201939
0.00201939
0.00201939
0.00201939
0.00201939
0.00201939
0.00201939
0.00201939
0.00201939
0.00201939
0.00201939
0.00201939
0.00201939
0.00201939
0.00201939
0.00201939
0.00201939
0.00201939
0.00201939
0.00201939
0.00201939
0.00201939
0.00201939
0.00201939
0.00201939
0.00201939
0.00201939
0.00201939
0.00201939
0.00201939
0.00201939
0.00201939
0.00201939
0.00201939
0.00201939
0.00201939
0.00201939
0.00201939
0.00201939
0.00201939
0.00201939
0.00201939
0.00201939
0.00201939
0.00201939
0.00201939
0.00201939
0.00201939
0.00201939
0.00201939
0.00201939
0.00201939
0.00201939
0.00201939
0.00201939
0.00201939
0.00201939
0.00201939
0.00201939
0.00201939
0.00201939
0.00201939
0.00201939
0.00201939
0.00201939
0.00201939
0.00201939
0.00201939
0.00201939
0.00201939
0.00201939
0.00201939
0.00201939
0.00201939
0.00201939
0.00201939
0.00201939
0.00201939
0.00201939
0.00201939
0.00201939
0.00201939
0.00201939
0.00201939
0.00201939
0.00201939
0.00201939
0.00201939
0.00201939
0.00201939
0.00201939
0.00201939
0.00201939
0.00201939
0.00201939
0.00201939
0.00201939
0.00201939
0.00201939
0.00201939
0.00201939
0.00201939
0.00201939
0.00201939
0.00201939
0.00201939
0.00201939
0.00201939
0.00201939
0.00201939
0.00201939
0.00201939
0.00201939
0.00201939
0.00201939
0.00201939
0.00201939
0.00201939
0.00201939
0.00201939
0.00201939
0.00201939
0.00201939
0.00201939
0.00201939
0.00201939
0.00201939
0.00201939
0.00201939
0.00201939
0.00201939
0.00201939
0.00201939
0.00201939
0.00201939
0.00201939
0.00201939
0.00201939
0.00201939
0.00201939
0.00201939
0.00201939
0.00201939
0.00201939
0.00201939
0.00201939
0.00201939
0.00201939
0.00201939
0.00201939
0.00201939
0.00201939
0.00201939
0.00201939
0.00201939
0.00201939
0.00201939
0.00201939
0.00201939
0.00201939
0.00201939
0.00201939
0.00201939
0.00201939
0.00201939
0.00201939
0.00201939
0.00201939
0.00201939
0.00201939
0.00201939
0.00201939
0.00201939
0.00201939
0.00201939
0.00201939
0.00201939
0.00201939
0.00201939
0.00201939
0.00201939
0.00201939
0.00201939
0.00201939
0.00201939
0.00201939
0.00201939
0.00201939
0.00201939
0.00201939
0.00201939
0.00201939
0.00201939
0.00201939
0.00201939
0.00201939
0.00201939
0.00201939
0.00201939
0.00201939
0.00201939
0.00201939
0.00201939
0.00201939
0.00201939
0.00201939
0.00201939
0.00201939
0.00201939
0.00201939
0.00201939
0.00201939
0.00201939
0.00201939
0.00201939
0.00201939
0.00201939
0.00201939
0.00201939
0.00201939
0.00201939
0.00201939
0.00201939
0.00201939
0.00201939
0.00201939
0.00201939
0.00201939
0.00201939
0.00201939
0.00201939
0.00201939
0.00201939
0.00201939
0.00201939
0.00201939
0.00201939
0.00201939
0.00201939
0.00201939
0.00201939
0.00201939
0.00201939
0.00201939
0.00201939
0.00201939
0.00201939
0.00201939
0.00201939
0.00201939
0.00201939
0.00201939
0.00201939
0.00201939
0.00201939
0.00201939
0.00201939
0.00201939
0.00201939
0.00201939
0.00201939
0.00201939
0.00201939
0.00201939
0.00201939
0.00201939
0.00201939
0.00201939
0.00201939
0.00201939
0.00201939
0.00201939
0.00201939
0.00201939
0.00201939
0.00201939
0.00201939
0.00201939
0.00201939
0.00201939
0.00201939
0.00201939
0.00201939
0.00201939
0.00201939
0.00201939
0.00201939
0.00201939
0.00201939
0.00201939
0.00201939
0.00201939
0.00201939
0.00201939
0.00201939
0.00201939
0.00201939
0.00201939
0.00201939
0.00201939
0.00201939
0.00201939
0.00201939
0.00201939
0.00201939
0.00201939
0.00201939
0.00201939
0.00201939
0.00201939
0.00201939
0.00201939
0.00201939
0.00201939
0.00201939
0.00201939
0.00201939
0.00201939
0.00201939
0.00201939
0.00201939
0.00201939
0.00201939
0.00201939
0.00201939
0.00201939
0.00201939
0.00201939
0.00201939
0.00201939
0.00201939
0.00201939
0.00201939
0.00201939
0.00201939
0.00201939
0.00201939
0.00201939
0.00201939
0.000403877
