0.5
0.00167504
0.00251256
0.00293132
0.0031407
0.00324539
0.00329774
0.00332391
0.003337
0.00334354
0.00334681
0.00334845
0.00334927
0.00334967
0.00334988
0.00334998
0.00335003
0.00335006
0.00335007
0.00335008
0.00335008
0.00335008
0.00335008
0.00335008
0.00335008
0.00335008
0.00335008
0.00335008
0.00335008
0.00335008
0.00335008
0.00335008
0.00335008
0.00335008
0.00335008
0.00335008
0.00335008
0.00335008
0.00335008
0.00335008
0.00335008
0.00335008
0.00335008
0.00335008
0.00335008
0.00335008
0.00335008
0.00335008
0.00335008
0.00335008
0.00335008
0.00335008
0.00335008
0.00335008
0.00335008
0.00335008
0.00335008
0.00335008
0.00335008
0.00335008
0.00335008
0.00335008
0.00335008
0.00335008
0.00335008
0.00335008
0.00335008
0.00335008
0.00335008
0.00335008
0.00335008
0.00335008
0.00335008
0.00335008
0.00335008
0.00335008
0.00335008
0.00335008
0.00335008
0.00335008
0.00335008
0.00335008
0.00335008
0.00335008
0.00335008
0.00335008
0.00335008
0.00335008
0.00335008
0.00335008
0.00335008
0.00335008
0.00335008
0.00335008
0.00335008
0.00335008
0.00335008
0.00335008
0.00335008
0.00335008
0.00335008
0.00335008
0.00335008
0.00335008
0.00335008
0.00335008
0.00335008
0.00335008
0.00335008
0.00335008
0.00335008
0.00335008
0.00335008
0.00335008
0.00335008
0.00335008
0.00335008
0.00335008
0.00335008
0.00335008
0.00335008
0.00335008
0.00335008
0.00335008
0.00335008
0.00335008
0.00335008
0.00335008
0.00335008
0.00335008
0.00335008
0.00335008
0.00335008
0.00335008
0.00335008
0.00335008
0.00335008
0.00335008
0.00335008
0.00335008
0.00335008
0.00335008
0.00335008
0.00335008
0.00335008
0.00335008
0.00335008
0.00335008
0.00335008
0.00335008
0.00335008
0.00335008
0.00335008
0.00335008
0.00335008
0.00335008
0.00335008
0.00335008
0.00335008
0.00335008
0.00335008
0.00335008
0.00335008
0.00335008
0.00335008
0.00335008
0.00335008
0.00335008
0.00335008
0.00335008
0.00335008
0.00335008
0.00335008
0.00335008
0.00335008
0.00335008
0.00335008
0.00335008
0.00335008
0.00335008
0.00335008
0.00335008
0.00335008
0.00335008
0.00335008
0.00335008
0.00335008
0.00335008
0.00335008
0.00335008
0.00335008
0.00335008
0.00335008
0.00335008
0.00335008
0.00335008
0.00335008
0.00335008
0.00335008
0.00335008
0.00335008
0.00335008
0.00335008
0.00335008
0.00335008
0.00335008
0.00335008
0.00335008
0.00335008
0.00335008
0.00335008
0.00335008
0.00335008
0.00335008
0.00335008
0.00335008
0.00335008
0.00335008
0.00335008
0.00335008
0.00335008
0.00335008
0.00335008
0.00335008
0.00335008
0.00335008
0.00335008
0.00335008
0.00335008
0.00335008
0.00335008
0.00335008
0.00335008
0.00335008
0.00335008
0.00335008
0.00335008
0.00335008
0.00335008
0.00335008
0.00335008
0.00335008
0.00335008
0.00335008
0.00335008
0.00335008
0.00335008
0.00335008
0.00335008
0.00335008
0.00335008
0.00335008
0.00335008
0.00335008
0.00335008
0.00335008
0.00335008
0.00335008
0.00335008
0.00335008
0.00335008
0.00335008
0.00335008
0.00335008
0.00335008
0.00335008
0.00335008
0.00335008
0.00335008
0.00335008
0.00335008
0.00335008
0.00335008
0.00335008
0.00335008
0.00335008
0.00335008
0.00335008
0.00335008
0.00335008
0.00335008
0.00335008
0.00335008
0.00335008
0.00335008
0.00335008
0.00335008
0.00335008
0.00335008
0.00335008
0.00335008
0.00335008
0.00335008
0.00335008
0.00335008
0.00335008
0.00335008
0.00335008
0.00335008
0.00335008
0.00167504
