0.9
0.00110987
0.00210876
0.00300776
0.00381686
0.00454505
0.00520042
0.00579025
0.0063211
0.00679886
0.00722885
0.00761584
0.00796413
0.00827759
0.00855971
0.00881361
0.00904213
0.00924779
0.00943288
0.00959947
0.0097494
0.00988433
0.0100058
0.0101151
0.0102134
0.010302
0.0103816
0.0104534
0.0105179
0.010576
0.0106283
0.0106753
0.0107177
0.0107558
0.0107901
0.0108209
0.0108487
0.0108737
0.0108962
0.0109165
0.0109347
0.0109511
0.0109659
0.0109792
0.0109911
0.0110019
0.0110116
0.0110203
0.0110281
0.0110352
0.0110415
0.0110473
0.0110524
0.011057
0.0110612
0.011065
0.0110683
0.0110714
0.0110741
0.0110766
0.0110788
0.0110808
0.0110826
0.0110842
0.0110857
0.011087
0.0110881
0.0110892
0.0110902
0.011091
0.0110918
0.0110925
0.0110931
0.0110937
0.0110942
0.0110946
0.0110951
0.0110954
0.0110958
0.0110961
0.0110963
0.0110966
0.0110968
0.011097
0.0110972
0.0110973
0.0110975
0.0110976
0.0110977
0.0110978
0.0110979
0.011098
0.0110981
0.0110981
0.0110982
0.0110982
0.0110983
0.0110983
0.0110984
0.0110984
0.00110987
