0.8
0.000506073
0.000910931
0.00123482
0.00149393
0.00170121
0.00186704
0.00199971
0.00210584
0.00219074
0.00225867
0.00231301
0.00235648
0.00239126
0.00241908
0.00244134
0.00245914
0.00247339
0.00248478
0.0024939
0.00250119
0.00250703
0.00251169
0.00251543
0.00251842
0.0025208
0.00252272
0.00252425
0.00252547
0.00252645
0.00252723
0.00252786
0.00252836
0.00252876
0.00252908
0.00252934
0.00252954
0.00252971
0.00252984
0.00252994
0.00253003
0.0025301
0.00253015
0.00253019
0.00253023
0.00253025
0.00253028
0.00253029
0.00253031
0.00253032
0.00253033
0.00253034
0.00253034
0.00253035
0.00253035
0.00253035
0.00253035
0.00253036
0.00253036
0.00253036
0.00253036
0.00253036
0.00253036
0.00253036
0.00253036
0.00253036
0.00253036
0.00253036
0.00253036
0.00253036
0.00253036
0.00253036
0.00253036
0.00253036
0.00253036
0.00253036
0.00253036
0.00253036
0.00253036
0.00253036
0.00253036
0.00253036
0.00253036
0.00253036
0.00253036
0.00253036
0.00253036
0.00253036
0.00253036
0.00253036
0.00253036
0.00253036
0.00253036
0.00253036
0.00253036
0.00253036
0.00253036
0.00253036
0.00253036
0.00253036
0.00253036
0.00253036
0.00253036
0.00253036
0.00253036
0.00253036
0.00253036
0.00253036
0.00253036
0.00253036
0.00253036
0.00253036
0.00253036
0.00253036
0.00253036
0.00253036
0.00253036
0.00253036
0.00253036
0.00253036
0.00253036
0.00253036
0.00253036
0.00253036
0.00253036
0.00253036
0.00253036
0.00253036
0.00253036
0.00253036
0.00253036
0.00253036
0.00253036
0.00253036
0.00253036
0.00253036
0.00253036
0.00253036
0.00253036
0.00253036
0.00253036
0.00253036
0.00253036
0.00253036
0.00253036
0.00253036
0.00253036
0.00253036
0.00253036
0.00253036
0.00253036
0.00253036
0.00253036
0.00253036
0.00253036
0.00253036
0.00253036
0.00253036
0.00253036
0.00253036
0.00253036
0.00253036
0.00253036
0.00253036
0.00253036
0.00253036
0.00253036
0.00253036
0.00253036
0.00253036
0.00253036
0.00253036
0.00253036
0.00253036
0.00253036
0.00253036
0.00253036
0.00253036
0.00253036
0.00253036
0.00253036
0.00253036
0.00253036
0.00253036
0.00253036
0.00253036
0.00253036
0.00253036
0.00253036
0.00253036
0.00253036
0.00253036
0.00253036
0.00253036
0.00253036
0.00253036
0.00253036
0.00253036
0.00253036
0.00253036
0.00253036
0.00253036
0.00253036
0.00253036
0.00253036
0.00253036
0.00253036
0.00253036
0.00253036
0.00253036
0.00253036
0.00253036
0.00253036
0.00253036
0.00253036
0.00253036
0.00253036
0.00253036
0.00253036
0.00253036
0.00253036
0.00253036
0.00253036
0.00253036
0.00253036
0.00253036
0.00253036
0.00253036
0.00253036
0.00253036
0.00253036
0.00253036
0.00253036
0.00253036
0.00253036
0.00253036
0.00253036
0.00253036
0.00253036
0.00253036
0.00253036
0.00253036
0.00253036
0.00253036
0.00253036
0.00253036
0.00253036
0.00253036
0.00253036
0.00253036
0.00253036
0.00253036
0.00253036
0.00253036
0.00253036
0.00253036
0.00253036
0.00253036
0.00253036
0.00253036
0.00253036
0.00253036
0.00253036
0.00253036
0.00253036
0.00253036
0.00253036
0.00253036
0.00253036
0.00253036
0.00253036
0.00253036
0.00253036
0.00253036
0.00253036
0.00253036
0.00253036
0.00253036
0.00253036
0.00253036
0.00253036
0.00253036
0.00253036
0.00253036
0.00253036
0.00253036
0.00253036
0.00253036
0.00253036
0.00253036
0.00253036
0.00253036
0.00253036
0.00253036
0.00253036
0.00253036
0.00253036
0.00253036
0.00253036
0.00253036
0.00253036
0.00253036
0.00253036
0.00253036
0.00253036
0.00253036
0.00253036
0.00253036
0.00253036
0.00253036
0.00253036
0.00253036
0.00253036
0.00253036
0.00253036
0.00253036
0.00253036
0.00253036
0.00253036
0.00253036
0.00253036
0.00253036
0.00253036
0.00253036
0.00253036
0.00253036
0.00253036
0.00253036
0.00253036
0.00253036
0.00253036
0.00253036
0.00253036
0.00253036
0.00253036
0.00253036
0.00253036
0.00253036
0.00253036
0.00253036
0.00253036
0.00253036
0.00253036
0.00253036
0.00253036
0.00253036
0.00253036
0.00253036
0.00253036
0.00253036
0.00253036
0.00253036
0.00253036
0.00253036
0.00253036
0.00253036
0.00253036
0.00253036
0.00253036
0.00253036
0.00253036
0.00253036
0.00253036
0.00253036
0.00253036
0.00253036
0.00253036
0.00253036
0.00253036
0.00253036
0.00253036
0.00253036
0.00253036
0.00253036
0.00253036
0.00253036
0.00253036
0.00253036
0.00253036
0.00253036
0.00253036
0.00253036
0.00253036
0.00253036
0.00253036
0.00253036
0.00253036
0.00253036
0.00253036
0.00253036
0.00253036
0.00253036
0.00253036
0.00253036
0.00253036
0.00253036
0.00253036
0.00253036
0.00253036
0.00253036
0.000506073
