0.3
0.0035128
0.00456664
0.00488279
0.00497763
0.00500609
0.00501462
0.00501718
0.00501795
0.00501818
0.00501825
0.00501827
0.00501828
0.00501828
0.00501828
0.00501828
0.00501828
0.00501828
0.00501828
0.00501828
0.00501828
0.00501828
0.00501828
0.00501828
0.00501828
0.00501828
0.00501828
0.00501828
0.00501828
0.00501828
0.00501828
0.00501828
0.00501828
0.00501828
0.00501828
0.00501828
0.00501828
0.00501828
0.00501828
0.00501828
0.00501828
0.00501828
0.00501828
0.00501828
0.00501828
0.00501828
0.00501828
0.00501828
0.00501828
0.00501828
0.00501828
0.00501828
0.00501828
0.00501828
0.00501828
0.00501828
0.00501828
0.00501828
0.00501828
0.00501828
0.00501828
0.00501828
0.00501828
0.00501828
0.00501828
0.00501828
0.00501828
0.00501828
0.00501828
0.00501828
0.00501828
0.00501828
0.00501828
0.00501828
0.00501828
0.00501828
0.00501828
0.00501828
0.00501828
0.00501828
0.00501828
0.00501828
0.00501828
0.00501828
0.00501828
0.00501828
0.00501828
0.00501828
0.00501828
0.00501828
0.00501828
0.00501828
0.00501828
0.00501828
0.00501828
0.00501828
0.00501828
0.00501828
0.00501828
0.00501828
0.00501828
0.00501828
0.00501828
0.00501828
0.00501828
0.00501828
0.00501828
0.00501828
0.00501828
0.00501828
0.00501828
0.00501828
0.00501828
0.00501828
0.00501828
0.00501828
0.00501828
0.00501828
0.00501828
0.00501828
0.00501828
0.00501828
0.00501828
0.00501828
0.00501828
0.00501828
0.00501828
0.00501828
0.00501828
0.00501828
0.00501828
0.00501828
0.00501828
0.00501828
0.00501828
0.00501828
0.00501828
0.00501828
0.00501828
0.00501828
0.00501828
0.00501828
0.00501828
0.00501828
0.00501828
0.00501828
0.00501828
0.00501828
0.00501828
0.00501828
0.00501828
0.00501828
0.00501828
0.00501828
0.00501828
0.00501828
0.00501828
0.00501828
0.00501828
0.00501828
0.00501828
0.00501828
0.00501828
0.00501828
0.00501828
0.00501828
0.00501828
0.00501828
0.00501828
0.00501828
0.00501828
0.00501828
0.00501828
0.00501828
0.00501828
0.00501828
0.00501828
0.00501828
0.00501828
0.00501828
0.00501828
0.00501828
0.00501828
0.00501828
0.00501828
0.00501828
0.00501828
0.00501828
0.00501828
0.00501828
0.00501828
0.00501828
0.00501828
0.00501828
0.00501828
0.00501828
0.00501828
0.00501828
0.00501828
0.00501828
0.0035128
