0.3
0.00233901
0.00304072
0.00325123
0.00331438
0.00333333
0.00333901
0.00334072
0.00334123
0.00334138
0.00334143
0.00334144
0.00334145
0.00334145
0.00334145
0.00334145
0.00334145
0.00334145
0.00334145
0.00334145
0.00334145
0.00334145
0.00334145
0.00334145
0.00334145
0.00334145
0.00334145
0.00334145
0.00334145
0.00334145
0.00334145
0.00334145
0.00334145
0.00334145
0.00334145
0.00334145
0.00334145
0.00334145
0.00334145
0.00334145
0.00334145
0.00334145
0.00334145
0.00334145
0.00334145
0.00334145
0.00334145
0.00334145
0.00334145
0.00334145
0.00334145
0.00334145
0.00334145
0.00334145
0.00334145
0.00334145
0.00334145
0.00334145
0.00334145
0.00334145
0.00334145
0.00334145
0.00334145
0.00334145
0.00334145
0.00334145
0.00334145
0.00334145
0.00334145
0.00334145
0.00334145
0.00334145
0.00334145
0.00334145
0.00334145
0.00334145
0.00334145
0.00334145
0.00334145
0.00334145
0.00334145
0.00334145
0.00334145
0.00334145
0.00334145
0.00334145
0.00334145
0.00334145
0.00334145
0.00334145
0.00334145
0.00334145
0.00334145
0.00334145
0.00334145
0.00334145
0.00334145
0.00334145
0.00334145
0.00334145
0.00334145
0.00334145
0.00334145
0.00334145
0.00334145
0.00334145
0.00334145
0.00334145
0.00334145
0.00334145
0.00334145
0.00334145
0.00334145
0.00334145
0.00334145
0.00334145
0.00334145
0.00334145
0.00334145
0.00334145
0.00334145
0.00334145
0.00334145
0.00334145
0.00334145
0.00334145
0.00334145
0.00334145
0.00334145
0.00334145
0.00334145
0.00334145
0.00334145
0.00334145
0.00334145
0.00334145
0.00334145
0.00334145
0.00334145
0.00334145
0.00334145
0.00334145
0.00334145
0.00334145
0.00334145
0.00334145
0.00334145
0.00334145
0.00334145
0.00334145
0.00334145
0.00334145
0.00334145
0.00334145
0.00334145
0.00334145
0.00334145
0.00334145
0.00334145
0.00334145
0.00334145
0.00334145
0.00334145
0.00334145
0.00334145
0.00334145
0.00334145
0.00334145
0.00334145
0.00334145
0.00334145
0.00334145
0.00334145
0.00334145
0.00334145
0.00334145
0.00334145
0.00334145
0.00334145
0.00334145
0.00334145
0.00334145
0.00334145
0.00334145
0.00334145
0.00334145
0.00334145
0.00334145
0.00334145
0.00334145
0.00334145
0.00334145
0.00334145
0.00334145
0.00334145
0.00334145
0.00334145
0.00334145
0.00334145
0.00334145
0.00334145
0.00334145
0.00334145
0.00334145
0.00334145
0.00334145
0.00334145
0.00334145
0.00334145
0.00334145
0.00334145
0.00334145
0.00334145
0.00334145
0.00334145
0.00334145
0.00334145
0.00334145
0.00334145
0.00334145
0.00334145
0.00334145
0.00334145
0.00334145
0.00334145
0.00334145
0.00334145
0.00334145
0.00334145
0.00334145
0.00334145
0.00334145
0.00334145
0.00334145
0.00334145
0.00334145
0.00334145
0.00334145
0.00334145
0.00334145
0.00334145
0.00334145
0.00334145
0.00334145
0.00334145
0.00334145
0.00334145
0.00334145
0.00334145
0.00334145
0.00334145
0.00334145
0.00334145
0.00334145
0.00334145
0.00334145
0.00334145
0.00334145
0.00334145
0.00334145
0.00334145
0.00334145
0.00334145
0.00334145
0.00334145
0.00334145
0.00334145
0.00334145
0.00334145
0.00334145
0.00334145
0.00334145
0.00334145
0.00334145
0.00334145
0.00334145
0.00334145
0.00334145
0.00334145
0.00334145
0.00334145
0.00334145
0.00334145
0.00334145
0.00334145
0.00334145
0.00334145
0.00334145
0.00334145
0.00334145
0.00334145
0.00334145
0.00334145
0.00334145
0.00334145
0.00334145
0.00334145
0.00334145
0.00334145
0.00334145
0.00233901
