1
5.02487e-05
0.000100497
0.000150746
0.000200995
0.000251244
0.000301492
0.000351741
0.00040199
0.000452239
0.000502487
0.000552736
0.000602985
0.000653234
0.000703482
0.000753731
0.00080398
0.000854228
0.000904477
0.000954726
0.00100497
0.00105522
0.00110547
0.00115572
0.00120597
0.00125622
0.00130647
0.00135672
0.00140696
0.00145721
0.00150746
0.00155771
0.00160796
0.00165821
0.00170846
0.00175871
0.00180895
0.0018592
0.00190945
0.0019597
0.00200995
0.0020602
0.00211045
0.0021607
0.00221094
0.00226119
0.00231144
0.00236169
0.00241194
0.00246219
0.00251244
0.00256269
0.00261293
0.00266318
0.00271343
0.00276368
0.00281393
0.00286418
0.00291443
0.00296468
0.00301492
0.00306517
0.00311542
0.00316567
0.00321592
0.00326617
0.00331642
0.00336666
0.00341691
0.00346716
0.00351741
0.00356766
0.00361791
0.00366816
0.00371841
0.00376865
0.0038189
0.00386915
0.0039194
0.00396965
0.0040199
0.00407015
0.0041204
0.00417064
0.00422089
0.00427114
0.00432139
0.00437164
0.00442189
0.00447214
0.00452239
0.00457263
0.00462288
0.00467313
0.00472338
0.00477363
0.00482388
0.00487413
0.00492438
0.00497462
0.00502487
0.00507512
0.00512537
0.00517562
0.00522587
0.00527612
0.00532637
0.00537661
0.00542686
0.00547711
0.00552736
0.00557761
0.00562786
0.00567811
0.00572836
0.0057786
0.00582885
0.0058791
0.00592935
0.0059796
0.00602985
0.0060801
0.00613035
0.00618059
0.00623084
0.00628109
0.00633134
0.00638159
0.00643184
0.00648209
0.00653234
0.00658258
0.00663283
0.00668308
0.00673333
0.00678358
0.00683383
0.00688408
0.00693432
0.00698457
0.00703482
0.00708507
0.00713532
0.00718557
0.00723582
0.00728607
0.00733631
0.00738656
0.00743681
0.00748706
0.00753731
0.00758756
0.00763781
0.00768806
0.0077383
0.00778855
0.0078388
0.00788905
0.0079393
0.00798955
0.0080398
0.00809005
0.00814029
0.00819054
0.00824079
0.00829104
0.00834129
0.00839154
0.00844179
0.00849204
0.00854228
0.00859253
0.00864278
0.00869303
0.00874328
0.00879353
0.00884378
0.00889403
0.00894427
0.00899452
0.00904477
0.00909502
0.00914527
0.00919552
0.00924577
0.00929602
0.00934626
0.00939651
0.00944676
0.00949701
0.00954726
0.00959751
0.00964776
0.00969801
0.00974825
0.0097985
0.00984875
0.009899
0.00994925
0.0099995
5.02487e-05
