0.5
0.00125471
0.00188206
0.00219573
0.00235257
0.00243099
0.0024702
0.00248981
0.00249961
0.00250451
0.00250696
0.00250818
0.0025088
0.0025091
0.00250926
0.00250933
0.00250937
0.00250939
0.0025094
0.00250941
0.00250941
0.00250941
0.00250941
0.00250941
0.00250941
0.00250941
0.00250941
0.00250941
0.00250941
0.00250941
0.00250941
0.00250941
0.00250941
0.00250941
0.00250941
0.00250941
0.00250941
0.00250941
0.00250941
0.00250941
0.00250941
0.00250941
0.00250941
0.00250941
0.00250941
0.00250941
0.00250941
0.00250941
0.00250941
0.00250941
0.00250941
0.00250941
0.00250941
0.00250941
0.00250941
0.00250941
0.00250941
0.00250941
0.00250941
0.00250941
0.00250941
0.00250941
0.00250941
0.00250941
0.00250941
0.00250941
0.00250941
0.00250941
0.00250941
0.00250941
0.00250941
0.00250941
0.00250941
0.00250941
0.00250941
0.00250941
0.00250941
0.00250941
0.00250941
0.00250941
0.00250941
0.00250941
0.00250941
0.00250941
0.00250941
0.00250941
0.00250941
0.00250941
0.00250941
0.00250941
0.00250941
0.00250941
0.00250941
0.00250941
0.00250941
0.00250941
0.00250941
0.00250941
0.00250941
0.00250941
0.00250941
0.00250941
0.00250941
0.00250941
0.00250941
0.00250941
0.00250941
0.00250941
0.00250941
0.00250941
0.00250941
0.00250941
0.00250941
0.00250941
0.00250941
0.00250941
0.00250941
0.00250941
0.00250941
0.00250941
0.00250941
0.00250941
0.00250941
0.00250941
0.00250941
0.00250941
0.00250941
0.00250941
0.00250941
0.00250941
0.00250941
0.00250941
0.00250941
0.00250941
0.00250941
0.00250941
0.00250941
0.00250941
0.00250941
0.00250941
0.00250941
0.00250941
0.00250941
0.00250941
0.00250941
0.00250941
0.00250941
0.00250941
0.00250941
0.00250941
0.00250941
0.00250941
0.00250941
0.00250941
0.00250941
0.00250941
0.00250941
0.00250941
0.00250941
0.00250941
0.00250941
0.00250941
0.00250941
0.00250941
0.00250941
0.00250941
0.00250941
0.00250941
0.00250941
0.00250941
0.00250941
0.00250941
0.00250941
0.00250941
0.00250941
0.00250941
0.00250941
0.00250941
0.00250941
0.00250941
0.00250941
0.00250941
0.00250941
0.00250941
0.00250941
0.00250941
0.00250941
0.00250941
0.00250941
0.00250941
0.00250941
0.00250941
0.00250941
0.00250941
0.00250941
0.00250941
0.00250941
0.00250941
0.00250941
0.00250941
0.00250941
0.00250941
0.00250941
0.00250941
0.00250941
0.00250941
0.00250941
0.00250941
0.00250941
0.00250941
0.00250941
0.00250941
0.00250941
0.00250941
0.00250941
0.00250941
0.00250941
0.00250941
0.00250941
0.00250941
0.00250941
0.00250941
0.00250941
0.00250941
0.00250941
0.00250941
0.00250941
0.00250941
0.00250941
0.00250941
0.00250941
0.00250941
0.00250941
0.00250941
0.00250941
0.00250941
0.00250941
0.00250941
0.00250941
0.00250941
0.00250941
0.00250941
0.00250941
0.00250941
0.00250941
0.00250941
0.00250941
0.00250941
0.00250941
0.00250941
0.00250941
0.00250941
0.00250941
0.00250941
0.00250941
0.00250941
0.00250941
0.00250941
0.00250941
0.00250941
0.00250941
0.00250941
0.00250941
0.00250941
0.00250941
0.00250941
0.00250941
0.00250941
0.00250941
0.00250941
0.00250941
0.00250941
0.00250941
0.00250941
0.00250941
0.00250941
0.00250941
0.00250941
0.00250941
0.00250941
0.00250941
0.00250941
0.00250941
0.00250941
0.00250941
0.00250941
0.00250941
0.00250941
0.00250941
0.00250941
0.00250941
0.00250941
0.00250941
0.00250941
0.00250941
0.00250941
0.00250941
0.00250941
0.00250941
0.00250941
0.00250941
0.00250941
0.00250941
0.00250941
0.00250941
0.00250941
0.00250941
0.00250941
0.00250941
0.00250941
0.00250941
0.00250941
0.00250941
0.00250941
0.00250941
0.00250941
0.00250941
0.00250941
0.00250941
0.00250941
0.00250941
0.00250941
0.00250941
0.00250941
0.00250941
0.00250941
0.00250941
0.00250941
0.00250941
0.00250941
0.00250941
0.00250941
0.00250941
0.00250941
0.00250941
0.00250941
0.00250941
0.00250941
0.00250941
0.00250941
0.00250941
0.00250941
0.00250941
0.00250941
0.00250941
0.00250941
0.00250941
0.00250941
0.00250941
0.00250941
0.00250941
0.00250941
0.00250941
0.00250941
0.00250941
0.00250941
0.00250941
0.00250941
0.00250941
0.00250941
0.00250941
0.00250941
0.00250941
0.00250941
0.00250941
0.00250941
0.00250941
0.00250941
0.00250941
0.00250941
0.00250941
0.00250941
0.00250941
0.00250941
0.00250941
0.00250941
0.00250941
0.00250941
0.00250941
0.00250941
0.00250941
0.00250941
0.00250941
0.00250941
0.00250941
0.00250941
0.00250941
0.00250941
0.00250941
0.00250941
0.00250941
0.00250941
0.00250941
0.00250941
0.00250941
0.00250941
0.00250941
0.00250941
0.00250941
0.00250941
0.00125471
