0.4
0.00606469
0.00849057
0.00946092
0.00984906
0.0100043
0.0100664
0.0100913
0.0101012
0.0101052
0.0101068
0.0101074
0.0101076
0.0101077
0.0101078
0.0101078
0.0101078
0.0101078
0.0101078
0.0101078
0.0101078
0.0101078
0.0101078
0.0101078
0.0101078
0.0101078
0.0101078
0.0101078
0.0101078
0.0101078
0.0101078
0.0101078
0.0101078
0.0101078
0.0101078
0.0101078
0.0101078
0.0101078
0.0101078
0.0101078
0.0101078
0.0101078
0.0101078
0.0101078
0.0101078
0.0101078
0.0101078
0.0101078
0.0101078
0.0101078
0.0101078
0.0101078
0.0101078
0.0101078
0.0101078
0.0101078
0.0101078
0.0101078
0.0101078
0.0101078
0.0101078
0.0101078
0.0101078
0.0101078
0.0101078
0.0101078
0.0101078
0.0101078
0.0101078
0.0101078
0.0101078
0.0101078
0.0101078
0.0101078
0.0101078
0.0101078
0.0101078
0.0101078
0.0101078
0.0101078
0.0101078
0.0101078
0.0101078
0.0101078
0.0101078
0.0101078
0.0101078
0.0101078
0.0101078
0.0101078
0.0101078
0.0101078
0.0101078
0.0101078
0.0101078
0.0101078
0.0101078
0.0101078
0.0101078
0.0101078
0.00606469
