1
2.2296e-05
4.45921e-05
6.68881e-05
8.91842e-05
0.00011148
0.000133776
0.000156072
0.000178368
0.000200664
0.00022296
0.000245257
0.000267553
0.000289849
0.000312145
0.000334441
0.000356737
0.000379033
0.000401329
0.000423625
0.000445921
0.000468217
0.000490513
0.000512809
0.000535105
0.000557401
0.000579697
0.000601993
0.000624289
0.000646585
0.000668881
0.000691177
0.000713474
0.00073577
0.000758066
0.000780362
0.000802658
0.000824954
0.00084725
0.000869546
0.000891842
0.000914138
0.000936434
0.00095873
0.000981026
0.00100332
0.00102562
0.00104791
0.00107021
0.00109251
0.0011148
0.0011371
0.00115939
0.00118169
0.00120399
0.00122628
0.00124858
0.00127087
0.00129317
0.00131547
0.00133776
0.00136006
0.00138235
0.00140465
0.00142695
0.00144924
0.00147154
0.00149384
0.00151613
0.00153843
0.00156072
0.00158302
0.00160532
0.00162761
0.00164991
0.0016722
0.0016945
0.0017168
0.00173909
0.00176139
0.00178368
0.00180598
0.00182828
0.00185057
0.00187287
0.00189516
0.00191746
0.00193976
0.00196205
0.00198435
0.00200664
0.00202894
0.00205124
0.00207353
0.00209583
0.00211812
0.00214042
0.00216272
0.00218501
0.00220731
0.0022296
0.0022519
0.0022742
0.00229649
0.00231879
0.00234108
0.00236338
0.00238568
0.00240797
0.00243027
0.00245257
0.00247486
0.00249716
0.00251945
0.00254175
0.00256405
0.00258634
0.00260864
0.00263093
0.00265323
0.00267553
0.00269782
0.00272012
0.00274241
0.00276471
0.00278701
0.0028093
0.0028316
0.00285389
0.00287619
0.00289849
0.00292078
0.00294308
0.00296537
0.00298767
0.00300997
0.00303226
0.00305456
0.00307685
0.00309915
0.00312145
0.00314374
0.00316604
0.00318833
0.00321063
0.00323293
0.00325522
0.00327752
0.00329981
0.00332211
0.00334441
0.0033667
0.003389
0.0034113
0.00343359
0.00345589
0.00347818
0.00350048
0.00352278
0.00354507
0.00356737
0.00358966
0.00361196
0.00363426
0.00365655
0.00367885
0.00370114
0.00372344
0.00374574
0.00376803
0.00379033
0.00381262
0.00383492
0.00385722
0.00387951
0.00390181
0.0039241
0.0039464
0.0039687
0.00399099
0.00401329
0.00403558
0.00405788
0.00408018
0.00410247
0.00412477
0.00414706
0.00416936
0.00419166
0.00421395
0.00423625
0.00425854
0.00428084
0.00430314
0.00432543
0.00434773
0.00437003
0.00439232
0.00441462
0.00443691
0.00445921
0.00448151
0.0045038
0.0045261
0.00454839
0.00457069
0.00459299
0.00461528
0.00463758
0.00465987
0.00468217
0.00470447
0.00472676
0.00474906
0.00477135
0.00479365
0.00481595
0.00483824
0.00486054
0.00488283
0.00490513
0.00492743
0.00494972
0.00497202
0.00499431
0.00501661
0.00503891
0.0050612
0.0050835
0.00510579
0.00512809
0.00515039
0.00517268
0.00519498
0.00521727
0.00523957
0.00526187
0.00528416
0.00530646
0.00532876
0.00535105
0.00537335
0.00539564
0.00541794
0.00544024
0.00546253
0.00548483
0.00550712
0.00552942
0.00555172
0.00557401
0.00559631
0.0056186
0.0056409
0.0056632
0.00568549
0.00570779
0.00573008
0.00575238
0.00577468
0.00579697
0.00581927
0.00584156
0.00586386
0.00588616
0.00590845
0.00593075
0.00595304
0.00597534
0.00599764
0.00601993
0.00604223
0.00606452
0.00608682
0.00610912
0.00613141
0.00615371
0.006176
0.0061983
0.0062206
0.00624289
0.00626519
0.00628749
0.00630978
0.00633208
0.00635437
0.00637667
0.00639897
0.00642126
0.00644356
0.00646585
0.00648815
0.00651045
0.00653274
0.00655504
0.00657733
0.00659963
0.00662193
0.00664422
0.00666652
2.2296e-05
