0.6
0.00134273
0.00214837
0.00263176
0.00292179
0.0030958
0.00320021
0.00326286
0.00330045
0.003323
0.00333653
0.00334465
0.00334952
0.00335245
0.0033542
0.00335525
0.00335588
0.00335626
0.00335649
0.00335663
0.00335671
0.00335676
0.00335679
0.0033568
0.00335682
0.00335682
0.00335683
0.00335683
0.00335683
0.00335683
0.00335683
0.00335683
0.00335683
0.00335683
0.00335683
0.00335683
0.00335683
0.00335683
0.00335683
0.00335683
0.00335683
0.00335683
0.00335683
0.00335683
0.00335683
0.00335683
0.00335683
0.00335683
0.00335683
0.00335683
0.00335683
0.00335683
0.00335683
0.00335683
0.00335683
0.00335683
0.00335683
0.00335683
0.00335683
0.00335683
0.00335683
0.00335683
0.00335683
0.00335683
0.00335683
0.00335683
0.00335683
0.00335683
0.00335683
0.00335683
0.00335683
0.00335683
0.00335683
0.00335683
0.00335683
0.00335683
0.00335683
0.00335683
0.00335683
0.00335683
0.00335683
0.00335683
0.00335683
0.00335683
0.00335683
0.00335683
0.00335683
0.00335683
0.00335683
0.00335683
0.00335683
0.00335683
0.00335683
0.00335683
0.00335683
0.00335683
0.00335683
0.00335683
0.00335683
0.00335683
0.00335683
0.00335683
0.00335683
0.00335683
0.00335683
0.00335683
0.00335683
0.00335683
0.00335683
0.00335683
0.00335683
0.00335683
0.00335683
0.00335683
0.00335683
0.00335683
0.00335683
0.00335683
0.00335683
0.00335683
0.00335683
0.00335683
0.00335683
0.00335683
0.00335683
0.00335683
0.00335683
0.00335683
0.00335683
0.00335683
0.00335683
0.00335683
0.00335683
0.00335683
0.00335683
0.00335683
0.00335683
0.00335683
0.00335683
0.00335683
0.00335683
0.00335683
0.00335683
0.00335683
0.00335683
0.00335683
0.00335683
0.00335683
0.00335683
0.00335683
0.00335683
0.00335683
0.00335683
0.00335683
0.00335683
0.00335683
0.00335683
0.00335683
0.00335683
0.00335683
0.00335683
0.00335683
0.00335683
0.00335683
0.00335683
0.00335683
0.00335683
0.00335683
0.00335683
0.00335683
0.00335683
0.00335683
0.00335683
0.00335683
0.00335683
0.00335683
0.00335683
0.00335683
0.00335683
0.00335683
0.00335683
0.00335683
0.00335683
0.00335683
0.00335683
0.00335683
0.00335683
0.00335683
0.00335683
0.00335683
0.00335683
0.00335683
0.00335683
0.00335683
0.00335683
0.00335683
0.00335683
0.00335683
0.00335683
0.00335683
0.00335683
0.00335683
0.00335683
0.00335683
0.00335683
0.00335683
0.00335683
0.00335683
0.00335683
0.00335683
0.00335683
0.00335683
0.00335683
0.00335683
0.00335683
0.00335683
0.00335683
0.00335683
0.00335683
0.00335683
0.00335683
0.00335683
0.00335683
0.00335683
0.00335683
0.00335683
0.00335683
0.00335683
0.00335683
0.00335683
0.00335683
0.00335683
0.00335683
0.00335683
0.00335683
0.00335683
0.00335683
0.00335683
0.00335683
0.00335683
0.00335683
0.00335683
0.00335683
0.00335683
0.00335683
0.00335683
0.00335683
0.00335683
0.00335683
0.00335683
0.00335683
0.00335683
0.00335683
0.00335683
0.00335683
0.00335683
0.00335683
0.00335683
0.00335683
0.00335683
0.00335683
0.00335683
0.00335683
0.00335683
0.00335683
0.00335683
0.00335683
0.00335683
0.00335683
0.00335683
0.00335683
0.00335683
0.00335683
0.00335683
0.00335683
0.00335683
0.00335683
0.00335683
0.00335683
0.00335683
0.00335683
0.00335683
0.00335683
0.00335683
0.00335683
0.00335683
0.00335683
0.00335683
0.00335683
0.00335683
0.00335683
0.00335683
0.00335683
0.00335683
0.00335683
0.00335683
0.00335683
0.00335683
0.00335683
0.00335683
0.00134273
