0.3
0.00175319
0.00227915
0.00243694
0.00248427
0.00249848
0.00250274
0.00250401
0.0025044
0.00250451
0.00250455
0.00250456
0.00250456
0.00250456
0.00250456
0.00250456
0.00250456
0.00250456
0.00250456
0.00250456
0.00250456
0.00250456
0.00250456
0.00250456
0.00250456
0.00250456
0.00250456
0.00250456
0.00250456
0.00250456
0.00250456
0.00250456
0.00250456
0.00250456
0.00250456
0.00250456
0.00250456
0.00250456
0.00250456
0.00250456
0.00250456
0.00250456
0.00250456
0.00250456
0.00250456
0.00250456
0.00250456
0.00250456
0.00250456
0.00250456
0.00250456
0.00250456
0.00250456
0.00250456
0.00250456
0.00250456
0.00250456
0.00250456
0.00250456
0.00250456
0.00250456
0.00250456
0.00250456
0.00250456
0.00250456
0.00250456
0.00250456
0.00250456
0.00250456
0.00250456
0.00250456
0.00250456
0.00250456
0.00250456
0.00250456
0.00250456
0.00250456
0.00250456
0.00250456
0.00250456
0.00250456
0.00250456
0.00250456
0.00250456
0.00250456
0.00250456
0.00250456
0.00250456
0.00250456
0.00250456
0.00250456
0.00250456
0.00250456
0.00250456
0.00250456
0.00250456
0.00250456
0.00250456
0.00250456
0.00250456
0.00250456
0.00250456
0.00250456
0.00250456
0.00250456
0.00250456
0.00250456
0.00250456
0.00250456
0.00250456
0.00250456
0.00250456
0.00250456
0.00250456
0.00250456
0.00250456
0.00250456
0.00250456
0.00250456
0.00250456
0.00250456
0.00250456
0.00250456
0.00250456
0.00250456
0.00250456
0.00250456
0.00250456
0.00250456
0.00250456
0.00250456
0.00250456
0.00250456
0.00250456
0.00250456
0.00250456
0.00250456
0.00250456
0.00250456
0.00250456
0.00250456
0.00250456
0.00250456
0.00250456
0.00250456
0.00250456
0.00250456
0.00250456
0.00250456
0.00250456
0.00250456
0.00250456
0.00250456
0.00250456
0.00250456
0.00250456
0.00250456
0.00250456
0.00250456
0.00250456
0.00250456
0.00250456
0.00250456
0.00250456
0.00250456
0.00250456
0.00250456
0.00250456
0.00250456
0.00250456
0.00250456
0.00250456
0.00250456
0.00250456
0.00250456
0.00250456
0.00250456
0.00250456
0.00250456
0.00250456
0.00250456
0.00250456
0.00250456
0.00250456
0.00250456
0.00250456
0.00250456
0.00250456
0.00250456
0.00250456
0.00250456
0.00250456
0.00250456
0.00250456
0.00250456
0.00250456
0.00250456
0.00250456
0.00250456
0.00250456
0.00250456
0.00250456
0.00250456
0.00250456
0.00250456
0.00250456
0.00250456
0.00250456
0.00250456
0.00250456
0.00250456
0.00250456
0.00250456
0.00250456
0.00250456
0.00250456
0.00250456
0.00250456
0.00250456
0.00250456
0.00250456
0.00250456
0.00250456
0.00250456
0.00250456
0.00250456
0.00250456
0.00250456
0.00250456
0.00250456
0.00250456
0.00250456
0.00250456
0.00250456
0.00250456
0.00250456
0.00250456
0.00250456
0.00250456
0.00250456
0.00250456
0.00250456
0.00250456
0.00250456
0.00250456
0.00250456
0.00250456
0.00250456
0.00250456
0.00250456
0.00250456
0.00250456
0.00250456
0.00250456
0.00250456
0.00250456
0.00250456
0.00250456
0.00250456
0.00250456
0.00250456
0.00250456
0.00250456
0.00250456
0.00250456
0.00250456
0.00250456
0.00250456
0.00250456
0.00250456
0.00250456
0.00250456
0.00250456
0.00250456
0.00250456
0.00250456
0.00250456
0.00250456
0.00250456
0.00250456
0.00250456
0.00250456
0.00250456
0.00250456
0.00250456
0.00250456
0.00250456
0.00250456
0.00250456
0.00250456
0.00250456
0.00250456
0.00250456
0.00250456
0.00250456
0.00250456
0.00250456
0.00250456
0.00250456
0.00250456
0.00250456
0.00250456
0.00250456
0.00250456
0.00250456
0.00250456
0.00250456
0.00250456
0.00250456
0.00250456
0.00250456
0.00250456
0.00250456
0.00250456
0.00250456
0.00250456
0.00250456
0.00250456
0.00250456
0.00250456
0.00250456
0.00250456
0.00250456
0.00250456
0.00250456
0.00250456
0.00250456
0.00250456
0.00250456
0.00250456
0.00250456
0.00250456
0.00250456
0.00250456
0.00250456
0.00250456
0.00250456
0.00250456
0.00250456
0.00250456
0.00250456
0.00250456
0.00250456
0.00250456
0.00250456
0.00250456
0.00250456
0.00250456
0.00250456
0.00250456
0.00250456
0.00250456
0.00250456
0.00250456
0.00250456
0.00250456
0.00250456
0.00250456
0.00250456
0.00250456
0.00250456
0.00250456
0.00250456
0.00250456
0.00250456
0.00250456
0.00250456
0.00250456
0.00250456
0.00250456
0.00250456
0.00250456
0.00250456
0.00250456
0.00250456
0.00250456
0.00250456
0.00250456
0.00250456
0.00250456
0.00250456
0.00250456
0.00250456
0.00250456
0.00250456
0.00250456
0.00250456
0.00250456
0.00250456
0.00250456
0.00250456
0.00250456
0.00250456
0.00250456
0.00250456
0.00250456
0.00250456
0.00250456
0.00250456
0.00250456
0.00175319
