0.6
0.00202122
0.00323396
0.0039616
0.00439818
0.00466013
0.0048173
0.0049116
0.00496819
0.00500213
0.0050225
0.00503472
0.00504206
0.00504646
0.0050491
0.00505068
0.00505163
0.0050522
0.00505254
0.00505275
0.00505287
0.00505295
0.00505299
0.00505302
0.00505303
0.00505304
0.00505305
0.00505305
0.00505305
0.00505306
0.00505306
0.00505306
0.00505306
0.00505306
0.00505306
0.00505306
0.00505306
0.00505306
0.00505306
0.00505306
0.00505306
0.00505306
0.00505306
0.00505306
0.00505306
0.00505306
0.00505306
0.00505306
0.00505306
0.00505306
0.00505306
0.00505306
0.00505306
0.00505306
0.00505306
0.00505306
0.00505306
0.00505306
0.00505306
0.00505306
0.00505306
0.00505306
0.00505306
0.00505306
0.00505306
0.00505306
0.00505306
0.00505306
0.00505306
0.00505306
0.00505306
0.00505306
0.00505306
0.00505306
0.00505306
0.00505306
0.00505306
0.00505306
0.00505306
0.00505306
0.00505306
0.00505306
0.00505306
0.00505306
0.00505306
0.00505306
0.00505306
0.00505306
0.00505306
0.00505306
0.00505306
0.00505306
0.00505306
0.00505306
0.00505306
0.00505306
0.00505306
0.00505306
0.00505306
0.00505306
0.00505306
0.00505306
0.00505306
0.00505306
0.00505306
0.00505306
0.00505306
0.00505306
0.00505306
0.00505306
0.00505306
0.00505306
0.00505306
0.00505306
0.00505306
0.00505306
0.00505306
0.00505306
0.00505306
0.00505306
0.00505306
0.00505306
0.00505306
0.00505306
0.00505306
0.00505306
0.00505306
0.00505306
0.00505306
0.00505306
0.00505306
0.00505306
0.00505306
0.00505306
0.00505306
0.00505306
0.00505306
0.00505306
0.00505306
0.00505306
0.00505306
0.00505306
0.00505306
0.00505306
0.00505306
0.00505306
0.00505306
0.00505306
0.00505306
0.00505306
0.00505306
0.00505306
0.00505306
0.00505306
0.00505306
0.00505306
0.00505306
0.00505306
0.00505306
0.00505306
0.00505306
0.00505306
0.00505306
0.00505306
0.00505306
0.00505306
0.00505306
0.00505306
0.00505306
0.00505306
0.00505306
0.00505306
0.00505306
0.00505306
0.00505306
0.00505306
0.00505306
0.00505306
0.00505306
0.00505306
0.00505306
0.00505306
0.00505306
0.00505306
0.00505306
0.00505306
0.00505306
0.00505306
0.00505306
0.00505306
0.00505306
0.00505306
0.00505306
0.00505306
0.00505306
0.00505306
0.00505306
0.00505306
0.00505306
0.00505306
0.00202122
