0.5
0.00100301
0.00150451
0.00175527
0.00188064
0.00194333
0.00197467
0.00199035
0.00199818
0.0020021
0.00200406
0.00200504
0.00200553
0.00200577
0.0020059
0.00200596
0.00200599
0.002006
0.00200601
0.00200601
0.00200602
0.00200602
0.00200602
0.00200602
0.00200602
0.00200602
0.00200602
0.00200602
0.00200602
0.00200602
0.00200602
0.00200602
0.00200602
0.00200602
0.00200602
0.00200602
0.00200602
0.00200602
0.00200602
0.00200602
0.00200602
0.00200602
0.00200602
0.00200602
0.00200602
0.00200602
0.00200602
0.00200602
0.00200602
0.00200602
0.00200602
0.00200602
0.00200602
0.00200602
0.00200602
0.00200602
0.00200602
0.00200602
0.00200602
0.00200602
0.00200602
0.00200602
0.00200602
0.00200602
0.00200602
0.00200602
0.00200602
0.00200602
0.00200602
0.00200602
0.00200602
0.00200602
0.00200602
0.00200602
0.00200602
0.00200602
0.00200602
0.00200602
0.00200602
0.00200602
0.00200602
0.00200602
0.00200602
0.00200602
0.00200602
0.00200602
0.00200602
0.00200602
0.00200602
0.00200602
0.00200602
0.00200602
0.00200602
0.00200602
0.00200602
0.00200602
0.00200602
0.00200602
0.00200602
0.00200602
0.00200602
0.00200602
0.00200602
0.00200602
0.00200602
0.00200602
0.00200602
0.00200602
0.00200602
0.00200602
0.00200602
0.00200602
0.00200602
0.00200602
0.00200602
0.00200602
0.00200602
0.00200602
0.00200602
0.00200602
0.00200602
0.00200602
0.00200602
0.00200602
0.00200602
0.00200602
0.00200602
0.00200602
0.00200602
0.00200602
0.00200602
0.00200602
0.00200602
0.00200602
0.00200602
0.00200602
0.00200602
0.00200602
0.00200602
0.00200602
0.00200602
0.00200602
0.00200602
0.00200602
0.00200602
0.00200602
0.00200602
0.00200602
0.00200602
0.00200602
0.00200602
0.00200602
0.00200602
0.00200602
0.00200602
0.00200602
0.00200602
0.00200602
0.00200602
0.00200602
0.00200602
0.00200602
0.00200602
0.00200602
0.00200602
0.00200602
0.00200602
0.00200602
0.00200602
0.00200602
0.00200602
0.00200602
0.00200602
0.00200602
0.00200602
0.00200602
0.00200602
0.00200602
0.00200602
0.00200602
0.00200602
0.00200602
0.00200602
0.00200602
0.00200602
0.00200602
0.00200602
0.00200602
0.00200602
0.00200602
0.00200602
0.00200602
0.00200602
0.00200602
0.00200602
0.00200602
0.00200602
0.00200602
0.00200602
0.00200602
0.00200602
0.00200602
0.00200602
0.00200602
0.00200602
0.00200602
0.00200602
0.00200602
0.00200602
0.00200602
0.00200602
0.00200602
0.00200602
0.00200602
0.00200602
0.00200602
0.00200602
0.00200602
0.00200602
0.00200602
0.00200602
0.00200602
0.00200602
0.00200602
0.00200602
0.00200602
0.00200602
0.00200602
0.00200602
0.00200602
0.00200602
0.00200602
0.00200602
0.00200602
0.00200602
0.00200602
0.00200602
0.00200602
0.00200602
0.00200602
0.00200602
0.00200602
0.00200602
0.00200602
0.00200602
0.00200602
0.00200602
0.00200602
0.00200602
0.00200602
0.00200602
0.00200602
0.00200602
0.00200602
0.00200602
0.00200602
0.00200602
0.00200602
0.00200602
0.00200602
0.00200602
0.00200602
0.00200602
0.00200602
0.00200602
0.00200602
0.00200602
0.00200602
0.00200602
0.00200602
0.00200602
0.00200602
0.00200602
0.00200602
0.00200602
0.00200602
0.00200602
0.00200602
0.00200602
0.00200602
0.00200602
0.00200602
0.00200602
0.00200602
0.00200602
0.00200602
0.00200602
0.00200602
0.00200602
0.00200602
0.00200602
0.00200602
0.00200602
0.00200602
0.00200602
0.00200602
0.00200602
0.00200602
0.00200602
0.00200602
0.00200602
0.00200602
0.00200602
0.00200602
0.00200602
0.00200602
0.00200602
0.00200602
0.00200602
0.00200602
0.00200602
0.00200602
0.00200602
0.00200602
0.00200602
0.00200602
0.00200602
0.00200602
0.00200602
0.00200602
0.00200602
0.00200602
0.00200602
0.00200602
0.00200602
0.00200602
0.00200602
0.00200602
0.00200602
0.00200602
0.00200602
0.00200602
0.00200602
0.00200602
0.00200602
0.00200602
0.00200602
0.00200602
0.00200602
0.00200602
0.00200602
0.00200602
0.00200602
0.00200602
0.00200602
0.00200602
0.00200602
0.00200602
0.00200602
0.00200602
0.00200602
0.00200602
0.00200602
0.00200602
0.00200602
0.00200602
0.00200602
0.00200602
0.00200602
0.00200602
0.00200602
0.00200602
0.00200602
0.00200602
0.00200602
0.00200602
0.00200602
0.00200602
0.00200602
0.00200602
0.00200602
0.00200602
0.00200602
0.00200602
0.00200602
0.00200602
0.00200602
0.00200602
0.00200602
0.00200602
0.00200602
0.00200602
0.00200602
0.00200602
0.00200602
0.00200602
0.00200602
0.00200602
0.00200602
0.00200602
0.00200602
0.00200602
0.00200602
0.00200602
0.00200602
0.00200602
0.00200602
0.00200602
0.00200602
0.00200602
0.00200602
0.00200602
0.00200602
0.00200602
0.00200602
0.00200602
0.00200602
0.00200602
0.00200602
0.00200602
0.00200602
0.00200602
0.00200602
0.00200602
0.00200602
0.00200602
0.00200602
0.00200602
0.00200602
0.00200602
0.00200602
0.00200602
0.00200602
0.00200602
0.00200602
0.00200602
0.00200602
0.00200602
0.00200602
0.00200602
0.00200602
0.00200602
0.00200602
0.00200602
0.00200602
0.00200602
0.00200602
0.00200602
0.00200602
0.00200602
0.00200602
0.00200602
0.00200602
0.00200602
0.00200602
0.00200602
0.00200602
0.00200602
0.00200602
0.00200602
0.00200602
0.00200602
0.00200602
0.00200602
0.00200602
0.00200602
0.00200602
0.00200602
0.00200602
0.00200602
0.00200602
0.00200602
0.00200602
0.00200602
0.00200602
0.00200602
0.00200602
0.00200602
0.00200602
0.00200602
0.00200602
0.00200602
0.00200602
0.00200602
0.00200602
0.00200602
0.00200602
0.00200602
0.00200602
0.00200602
0.00200602
0.00200602
0.00200602
0.00200602
0.00200602
0.00200602
0.00200602
0.00200602
0.00200602
0.00200602
0.00200602
0.00200602
0.00200602
0.00200602
0.00200602
0.00200602
0.00200602
0.00200602
0.00200602
0.00200602
0.00100301
