0.1
0.00450476
0.00495523
0.00500028
0.00500478
0.00500523
0.00500528
0.00500528
0.00500528
0.00500528
0.00500528
0.00500528
0.00500528
0.00500528
0.00500528
0.00500528
0.00500528
0.00500528
0.00500528
0.00500528
0.00500528
0.00500528
0.00500528
0.00500528
0.00500528
0.00500528
0.00500528
0.00500528
0.00500528
0.00500528
0.00500528
0.00500528
0.00500528
0.00500528
0.00500528
0.00500528
0.00500528
0.00500528
0.00500528
0.00500528
0.00500528
0.00500528
0.00500528
0.00500528
0.00500528
0.00500528
0.00500528
0.00500528
0.00500528
0.00500528
0.00500528
0.00500528
0.00500528
0.00500528
0.00500528
0.00500528
0.00500528
0.00500528
0.00500528
0.00500528
0.00500528
0.00500528
0.00500528
0.00500528
0.00500528
0.00500528
0.00500528
0.00500528
0.00500528
0.00500528
0.00500528
0.00500528
0.00500528
0.00500528
0.00500528
0.00500528
0.00500528
0.00500528
0.00500528
0.00500528
0.00500528
0.00500528
0.00500528
0.00500528
0.00500528
0.00500528
0.00500528
0.00500528
0.00500528
0.00500528
0.00500528
0.00500528
0.00500528
0.00500528
0.00500528
0.00500528
0.00500528
0.00500528
0.00500528
0.00500528
0.00500528
0.00500528
0.00500528
0.00500528
0.00500528
0.00500528
0.00500528
0.00500528
0.00500528
0.00500528
0.00500528
0.00500528
0.00500528
0.00500528
0.00500528
0.00500528
0.00500528
0.00500528
0.00500528
0.00500528
0.00500528
0.00500528
0.00500528
0.00500528
0.00500528
0.00500528
0.00500528
0.00500528
0.00500528
0.00500528
0.00500528
0.00500528
0.00500528
0.00500528
0.00500528
0.00500528
0.00500528
0.00500528
0.00500528
0.00500528
0.00500528
0.00500528
0.00500528
0.00500528
0.00500528
0.00500528
0.00500528
0.00500528
0.00500528
0.00500528
0.00500528
0.00500528
0.00500528
0.00500528
0.00500528
0.00500528
0.00500528
0.00500528
0.00500528
0.00500528
0.00500528
0.00500528
0.00500528
0.00500528
0.00500528
0.00500528
0.00500528
0.00500528
0.00500528
0.00500528
0.00500528
0.00500528
0.00500528
0.00500528
0.00500528
0.00500528
0.00500528
0.00500528
0.00500528
0.00500528
0.00500528
0.00500528
0.00500528
0.00500528
0.00500528
0.00500528
0.00500528
0.00500528
0.00500528
0.00500528
0.00500528
0.00500528
0.00500528
0.00500528
0.00500528
0.00500528
0.00500528
0.00500528
0.00500528
0.00500528
0.00450476
