0.5
0.00251889
0.00377834
0.00440806
0.00472292
0.00488035
0.00495907
0.00499843
0.0050181
0.00502794
0.00503286
0.00503532
0.00503655
0.00503717
0.00503748
0.00503763
0.00503771
0.00503774
0.00503776
0.00503777
0.00503778
0.00503778
0.00503778
0.00503778
0.00503778
0.00503778
0.00503778
0.00503778
0.00503778
0.00503778
0.00503778
0.00503778
0.00503778
0.00503778
0.00503778
0.00503778
0.00503778
0.00503778
0.00503778
0.00503778
0.00503778
0.00503778
0.00503778
0.00503778
0.00503778
0.00503778
0.00503778
0.00503778
0.00503778
0.00503778
0.00503778
0.00503778
0.00503778
0.00503778
0.00503778
0.00503778
0.00503778
0.00503778
0.00503778
0.00503778
0.00503778
0.00503778
0.00503778
0.00503778
0.00503778
0.00503778
0.00503778
0.00503778
0.00503778
0.00503778
0.00503778
0.00503778
0.00503778
0.00503778
0.00503778
0.00503778
0.00503778
0.00503778
0.00503778
0.00503778
0.00503778
0.00503778
0.00503778
0.00503778
0.00503778
0.00503778
0.00503778
0.00503778
0.00503778
0.00503778
0.00503778
0.00503778
0.00503778
0.00503778
0.00503778
0.00503778
0.00503778
0.00503778
0.00503778
0.00503778
0.00503778
0.00503778
0.00503778
0.00503778
0.00503778
0.00503778
0.00503778
0.00503778
0.00503778
0.00503778
0.00503778
0.00503778
0.00503778
0.00503778
0.00503778
0.00503778
0.00503778
0.00503778
0.00503778
0.00503778
0.00503778
0.00503778
0.00503778
0.00503778
0.00503778
0.00503778
0.00503778
0.00503778
0.00503778
0.00503778
0.00503778
0.00503778
0.00503778
0.00503778
0.00503778
0.00503778
0.00503778
0.00503778
0.00503778
0.00503778
0.00503778
0.00503778
0.00503778
0.00503778
0.00503778
0.00503778
0.00503778
0.00503778
0.00503778
0.00503778
0.00503778
0.00503778
0.00503778
0.00503778
0.00503778
0.00503778
0.00503778
0.00503778
0.00503778
0.00503778
0.00503778
0.00503778
0.00503778
0.00503778
0.00503778
0.00503778
0.00503778
0.00503778
0.00503778
0.00503778
0.00503778
0.00503778
0.00503778
0.00503778
0.00503778
0.00503778
0.00503778
0.00503778
0.00503778
0.00503778
0.00503778
0.00503778
0.00503778
0.00503778
0.00503778
0.00503778
0.00503778
0.00503778
0.00503778
0.00503778
0.00503778
0.00503778
0.00503778
0.00503778
0.00503778
0.00503778
0.00503778
0.00503778
0.00503778
0.00503778
0.00251889
