0.5
0.00507614
0.00761421
0.00888325
0.00951777
0.00983503
0.00999365
0.010073
0.0101126
0.0101325
0.0101424
0.0101473
0.0101498
0.010151
0.0101517
0.010152
0.0101521
0.0101522
0.0101522
0.0101523
0.0101523
0.0101523
0.0101523
0.0101523
0.0101523
0.0101523
0.0101523
0.0101523
0.0101523
0.0101523
0.0101523
0.0101523
0.0101523
0.0101523
0.0101523
0.0101523
0.0101523
0.0101523
0.0101523
0.0101523
0.0101523
0.0101523
0.0101523
0.0101523
0.0101523
0.0101523
0.0101523
0.0101523
0.0101523
0.0101523
0.0101523
0.0101523
0.0101523
0.0101523
0.0101523
0.0101523
0.0101523
0.0101523
0.0101523
0.0101523
0.0101523
0.0101523
0.0101523
0.0101523
0.0101523
0.0101523
0.0101523
0.0101523
0.0101523
0.0101523
0.0101523
0.0101523
0.0101523
0.0101523
0.0101523
0.0101523
0.0101523
0.0101523
0.0101523
0.0101523
0.0101523
0.0101523
0.0101523
0.0101523
0.0101523
0.0101523
0.0101523
0.0101523
0.0101523
0.0101523
0.0101523
0.0101523
0.0101523
0.0101523
0.0101523
0.0101523
0.0101523
0.0101523
0.0101523
0.0101523
0.00507614
