0.3
0.00140204
0.00182266
0.00194884
0.00198669
0.00199805
0.00200146
0.00200248
0.00200279
0.00200288
0.00200291
0.00200291
0.00200292
0.00200292
0.00200292
0.00200292
0.00200292
0.00200292
0.00200292
0.00200292
0.00200292
0.00200292
0.00200292
0.00200292
0.00200292
0.00200292
0.00200292
0.00200292
0.00200292
0.00200292
0.00200292
0.00200292
0.00200292
0.00200292
0.00200292
0.00200292
0.00200292
0.00200292
0.00200292
0.00200292
0.00200292
0.00200292
0.00200292
0.00200292
0.00200292
0.00200292
0.00200292
0.00200292
0.00200292
0.00200292
0.00200292
0.00200292
0.00200292
0.00200292
0.00200292
0.00200292
0.00200292
0.00200292
0.00200292
0.00200292
0.00200292
0.00200292
0.00200292
0.00200292
0.00200292
0.00200292
0.00200292
0.00200292
0.00200292
0.00200292
0.00200292
0.00200292
0.00200292
0.00200292
0.00200292
0.00200292
0.00200292
0.00200292
0.00200292
0.00200292
0.00200292
0.00200292
0.00200292
0.00200292
0.00200292
0.00200292
0.00200292
0.00200292
0.00200292
0.00200292
0.00200292
0.00200292
0.00200292
0.00200292
0.00200292
0.00200292
0.00200292
0.00200292
0.00200292
0.00200292
0.00200292
0.00200292
0.00200292
0.00200292
0.00200292
0.00200292
0.00200292
0.00200292
0.00200292
0.00200292
0.00200292
0.00200292
0.00200292
0.00200292
0.00200292
0.00200292
0.00200292
0.00200292
0.00200292
0.00200292
0.00200292
0.00200292
0.00200292
0.00200292
0.00200292
0.00200292
0.00200292
0.00200292
0.00200292
0.00200292
0.00200292
0.00200292
0.00200292
0.00200292
0.00200292
0.00200292
0.00200292
0.00200292
0.00200292
0.00200292
0.00200292
0.00200292
0.00200292
0.00200292
0.00200292
0.00200292
0.00200292
0.00200292
0.00200292
0.00200292
0.00200292
0.00200292
0.00200292
0.00200292
0.00200292
0.00200292
0.00200292
0.00200292
0.00200292
0.00200292
0.00200292
0.00200292
0.00200292
0.00200292
0.00200292
0.00200292
0.00200292
0.00200292
0.00200292
0.00200292
0.00200292
0.00200292
0.00200292
0.00200292
0.00200292
0.00200292
0.00200292
0.00200292
0.00200292
0.00200292
0.00200292
0.00200292
0.00200292
0.00200292
0.00200292
0.00200292
0.00200292
0.00200292
0.00200292
0.00200292
0.00200292
0.00200292
0.00200292
0.00200292
0.00200292
0.00200292
0.00200292
0.00200292
0.00200292
0.00200292
0.00200292
0.00200292
0.00200292
0.00200292
0.00200292
0.00200292
0.00200292
0.00200292
0.00200292
0.00200292
0.00200292
0.00200292
0.00200292
0.00200292
0.00200292
0.00200292
0.00200292
0.00200292
0.00200292
0.00200292
0.00200292
0.00200292
0.00200292
0.00200292
0.00200292
0.00200292
0.00200292
0.00200292
0.00200292
0.00200292
0.00200292
0.00200292
0.00200292
0.00200292
0.00200292
0.00200292
0.00200292
0.00200292
0.00200292
0.00200292
0.00200292
0.00200292
0.00200292
0.00200292
0.00200292
0.00200292
0.00200292
0.00200292
0.00200292
0.00200292
0.00200292
0.00200292
0.00200292
0.00200292
0.00200292
0.00200292
0.00200292
0.00200292
0.00200292
0.00200292
0.00200292
0.00200292
0.00200292
0.00200292
0.00200292
0.00200292
0.00200292
0.00200292
0.00200292
0.00200292
0.00200292
0.00200292
0.00200292
0.00200292
0.00200292
0.00200292
0.00200292
0.00200292
0.00200292
0.00200292
0.00200292
0.00200292
0.00200292
0.00200292
0.00200292
0.00200292
0.00200292
0.00200292
0.00200292
0.00200292
0.00200292
0.00200292
0.00200292
0.00200292
0.00200292
0.00200292
0.00200292
0.00200292
0.00200292
0.00200292
0.00200292
0.00200292
0.00200292
0.00200292
0.00200292
0.00200292
0.00200292
0.00200292
0.00200292
0.00200292
0.00200292
0.00200292
0.00200292
0.00200292
0.00200292
0.00200292
0.00200292
0.00200292
0.00200292
0.00200292
0.00200292
0.00200292
0.00200292
0.00200292
0.00200292
0.00200292
0.00200292
0.00200292
0.00200292
0.00200292
0.00200292
0.00200292
0.00200292
0.00200292
0.00200292
0.00200292
0.00200292
0.00200292
0.00200292
0.00200292
0.00200292
0.00200292
0.00200292
0.00200292
0.00200292
0.00200292
0.00200292
0.00200292
0.00200292
0.00200292
0.00200292
0.00200292
0.00200292
0.00200292
0.00200292
0.00200292
0.00200292
0.00200292
0.00200292
0.00200292
0.00200292
0.00200292
0.00200292
0.00200292
0.00200292
0.00200292
0.00200292
0.00200292
0.00200292
0.00200292
0.00200292
0.00200292
0.00200292
0.00200292
0.00200292
0.00200292
0.00200292
0.00200292
0.00200292
0.00200292
0.00200292
0.00200292
0.00200292
0.00200292
0.00200292
0.00200292
0.00200292
0.00200292
0.00200292
0.00200292
0.00200292
0.00200292
0.00200292
0.00200292
0.00200292
0.00200292
0.00200292
0.00200292
0.00200292
0.00200292
0.00200292
0.00200292
0.00200292
0.00200292
0.00200292
0.00200292
0.00200292
0.00200292
0.00200292
0.00200292
0.00200292
0.00200292
0.00200292
0.00200292
0.00200292
0.00200292
0.00200292
0.00200292
0.00200292
0.00200292
0.00200292
0.00200292
0.00200292
0.00200292
0.00200292
0.00200292
0.00200292
0.00200292
0.00200292
0.00200292
0.00200292
0.00200292
0.00200292
0.00200292
0.00200292
0.00200292
0.00200292
0.00200292
0.00200292
0.00200292
0.00200292
0.00200292
0.00200292
0.00200292
0.00200292
0.00200292
0.00200292
0.00200292
0.00200292
0.00200292
0.00200292
0.00200292
0.00200292
0.00200292
0.00200292
0.00200292
0.00200292
0.00200292
0.00200292
0.00200292
0.00200292
0.00200292
0.00200292
0.00200292
0.00200292
0.00200292
0.00200292
0.00200292
0.00200292
0.00200292
0.00200292
0.00200292
0.00200292
0.00200292
0.00200292
0.00200292
0.00200292
0.00200292
0.00200292
0.00200292
0.00200292
0.00200292
0.00200292
0.00200292
0.00200292
0.00200292
0.00200292
0.00200292
0.00200292
0.00200292
0.00200292
0.00200292
0.00200292
0.00200292
0.00200292
0.00200292
0.00200292
0.00200292
0.00200292
0.00200292
0.00140204
