0.8
0.00102459
0.00184426
0.0025
0.00302459
0.00344426
0.00378
0.00404859
0.00426346
0.00443536
0.00457288
0.00468289
0.0047709
0.00484131
0.00489764
0.0049427
0.00497875
0.00500759
0.00503066
0.00504912
0.00506389
0.0050757
0.00508515
0.00509271
0.00509876
0.0051036
0.00510747
0.00511056
0.00511304
0.00511502
0.00511661
0.00511788
0.00511889
0.0051197
0.00512035
0.00512087
0.00512129
0.00512162
0.00512189
0.0051221
0.00512227
0.00512241
0.00512252
0.0051226
0.00512267
0.00512273
0.00512277
0.00512281
0.00512284
0.00512286
0.00512288
0.00512289
0.0051229
0.00512291
0.00512292
0.00512293
0.00512293
0.00512294
0.00512294
0.00512294
0.00512294
0.00512294
0.00512295
0.00512295
0.00512295
0.00512295
0.00512295
0.00512295
0.00512295
0.00512295
0.00512295
0.00512295
0.00512295
0.00512295
0.00512295
0.00512295
0.00512295
0.00512295
0.00512295
0.00512295
0.00512295
0.00512295
0.00512295
0.00512295
0.00512295
0.00512295
0.00512295
0.00512295
0.00512295
0.00512295
0.00512295
0.00512295
0.00512295
0.00512295
0.00512295
0.00512295
0.00512295
0.00512295
0.00512295
0.00512295
0.00512295
0.00512295
0.00512295
0.00512295
0.00512295
0.00512295
0.00512295
0.00512295
0.00512295
0.00512295
0.00512295
0.00512295
0.00512295
0.00512295
0.00512295
0.00512295
0.00512295
0.00512295
0.00512295
0.00512295
0.00512295
0.00512295
0.00512295
0.00512295
0.00512295
0.00512295
0.00512295
0.00512295
0.00512295
0.00512295
0.00512295
0.00512295
0.00512295
0.00512295
0.00512295
0.00512295
0.00512295
0.00512295
0.00512295
0.00512295
0.00512295
0.00512295
0.00512295
0.00512295
0.00512295
0.00512295
0.00512295
0.00512295
0.00512295
0.00512295
0.00512295
0.00512295
0.00512295
0.00512295
0.00512295
0.00512295
0.00512295
0.00512295
0.00512295
0.00512295
0.00512295
0.00512295
0.00512295
0.00512295
0.00512295
0.00512295
0.00512295
0.00512295
0.00512295
0.00512295
0.00512295
0.00512295
0.00512295
0.00512295
0.00512295
0.00512295
0.00512295
0.00512295
0.00512295
0.00512295
0.00512295
0.00512295
0.00512295
0.00512295
0.00512295
0.00512295
0.00512295
0.00512295
0.00512295
0.00512295
0.00512295
0.00512295
0.00512295
0.00512295
0.00512295
0.00512295
0.00512295
0.00512295
0.00512295
0.00512295
0.00102459
