0.7
0.0015231
0.00258927
0.00333559
0.00385801
0.00422371
0.0044797
0.00465889
0.00478432
0.00487213
0.00493359
0.00497661
0.00500673
0.00502781
0.00504257
0.0050529
0.00506013
0.00506519
0.00506873
0.00507121
0.00507295
0.00507417
0.00507502
0.00507561
0.00507603
0.00507632
0.00507652
0.00507667
0.00507677
0.00507684
0.00507689
0.00507692
0.00507695
0.00507696
0.00507697
0.00507698
0.00507699
0.00507699
0.00507699
0.005077
0.005077
0.005077
0.005077
0.005077
0.005077
0.005077
0.005077
0.005077
0.005077
0.005077
0.005077
0.005077
0.005077
0.005077
0.005077
0.005077
0.005077
0.005077
0.005077
0.005077
0.005077
0.005077
0.005077
0.005077
0.005077
0.005077
0.005077
0.005077
0.005077
0.005077
0.005077
0.005077
0.005077
0.005077
0.005077
0.005077
0.005077
0.005077
0.005077
0.005077
0.005077
0.005077
0.005077
0.005077
0.005077
0.005077
0.005077
0.005077
0.005077
0.005077
0.005077
0.005077
0.005077
0.005077
0.005077
0.005077
0.005077
0.005077
0.005077
0.005077
0.005077
0.005077
0.005077
0.005077
0.005077
0.005077
0.005077
0.005077
0.005077
0.005077
0.005077
0.005077
0.005077
0.005077
0.005077
0.005077
0.005077
0.005077
0.005077
0.005077
0.005077
0.005077
0.005077
0.005077
0.005077
0.005077
0.005077
0.005077
0.005077
0.005077
0.005077
0.005077
0.005077
0.005077
0.005077
0.005077
0.005077
0.005077
0.005077
0.005077
0.005077
0.005077
0.005077
0.005077
0.005077
0.005077
0.005077
0.005077
0.005077
0.005077
0.005077
0.005077
0.005077
0.005077
0.005077
0.005077
0.005077
0.005077
0.005077
0.005077
0.005077
0.005077
0.005077
0.005077
0.005077
0.005077
0.005077
0.005077
0.005077
0.005077
0.005077
0.005077
0.005077
0.005077
0.005077
0.005077
0.005077
0.005077
0.005077
0.005077
0.005077
0.005077
0.005077
0.005077
0.005077
0.005077
0.005077
0.005077
0.005077
0.005077
0.005077
0.005077
0.005077
0.005077
0.005077
0.005077
0.005077
0.005077
0.005077
0.005077
0.0015231
