0.9
0.000256345
0.000487055
0.000694694
0.000881569
0.00104976
0.00120113
0.00133736
0.00145997
0.00157031
0.00166963
0.00175901
0.00183945
0.00191185
0.00197701
0.00203565
0.00208843
0.00213593
0.00217869
0.00221716
0.00225179
0.00228296
0.002311
0.00233625
0.00235897
0.00237942
0.00239782
0.00241438
0.00242929
0.0024427
0.00245478
0.00246564
0.00247542
0.00248423
0.00249215
0.00249928
0.00250569
0.00251147
0.00251667
0.00252135
0.00252556
0.00252934
0.00253275
0.00253582
0.00253859
0.00254107
0.00254331
0.00254532
0.00254713
0.00254877
0.00255023
0.00255155
0.00255274
0.00255381
0.00255478
0.00255564
0.00255642
0.00255713
0.00255776
0.00255833
0.00255884
0.0025593
0.00255971
0.00256009
0.00256042
0.00256073
0.002561
0.00256124
0.00256146
0.00256166
0.00256184
0.002562
0.00256214
0.00256227
0.00256239
0.0025625
0.00256259
0.00256268
0.00256275
0.00256282
0.00256289
0.00256294
0.00256299
0.00256304
0.00256308
0.00256311
0.00256315
0.00256318
0.0025632
0.00256323
0.00256325
0.00256327
0.00256329
0.0025633
0.00256332
0.00256333
0.00256334
0.00256335
0.00256336
0.00256337
0.00256338
0.00256338
0.00256339
0.0025634
0.0025634
0.00256341
0.00256341
0.00256341
0.00256342
0.00256342
0.00256342
0.00256342
0.00256343
0.00256343
0.00256343
0.00256343
0.00256343
0.00256343
0.00256344
0.00256344
0.00256344
0.00256344
0.00256344
0.00256344
0.00256344
0.00256344
0.00256344
0.00256344
0.00256344
0.00256344
0.00256344
0.00256344
0.00256344
0.00256344
0.00256344
0.00256344
0.00256344
0.00256344
0.00256344
0.00256344
0.00256344
0.00256344
0.00256344
0.00256344
0.00256344
0.00256344
0.00256344
0.00256344
0.00256344
0.00256344
0.00256344
0.00256344
0.00256344
0.00256345
0.00256345
0.00256345
0.00256345
0.00256345
0.00256345
0.00256345
0.00256345
0.00256345
0.00256345
0.00256345
0.00256345
0.00256345
0.00256345
0.00256345
0.00256345
0.00256345
0.00256345
0.00256345
0.00256345
0.00256345
0.00256345
0.00256345
0.00256345
0.00256345
0.00256345
0.00256345
0.00256345
0.00256345
0.00256345
0.00256345
0.00256345
0.00256345
0.00256345
0.00256345
0.00256345
0.00256345
0.00256345
0.00256345
0.00256345
0.00256345
0.00256345
0.00256345
0.00256345
0.00256345
0.00256345
0.00256345
0.00256345
0.00256345
0.00256345
0.00256345
0.00256345
0.00256345
0.00256345
0.00256345
0.00256345
0.00256345
0.00256345
0.00256345
0.00256345
0.00256345
0.00256345
0.00256345
0.00256345
0.00256345
0.00256345
0.00256345
0.00256345
0.00256345
0.00256345
0.00256345
0.00256345
0.00256345
0.00256345
0.00256345
0.00256345
0.00256345
0.00256345
0.00256345
0.00256345
0.00256345
0.00256345
0.00256345
0.00256345
0.00256345
0.00256345
0.00256345
0.00256345
0.00256345
0.00256345
0.00256345
0.00256345
0.00256345
0.00256345
0.00256345
0.00256345
0.00256345
0.00256345
0.00256345
0.00256345
0.00256345
0.00256345
0.00256345
0.00256345
0.00256345
0.00256345
0.00256345
0.00256345
0.00256345
0.00256345
0.00256345
0.00256345
0.00256345
0.00256345
0.00256345
0.00256345
0.00256345
0.00256345
0.00256345
0.00256345
0.00256345
0.00256345
0.00256345
0.00256345
0.00256345
0.00256345
0.00256345
0.00256345
0.00256345
0.00256345
0.00256345
0.00256345
0.00256345
0.00256345
0.00256345
0.00256345
0.00256345
0.00256345
0.00256345
0.00256345
0.00256345
0.00256345
0.00256345
0.00256345
0.00256345
0.00256345
0.00256345
0.00256345
0.00256345
0.00256345
0.00256345
0.00256345
0.00256345
0.00256345
0.00256345
0.00256345
0.00256345
0.00256345
0.00256345
0.00256345
0.00256345
0.00256345
0.00256345
0.00256345
0.00256345
0.00256345
0.00256345
0.00256345
0.00256345
0.00256345
0.00256345
0.00256345
0.00256345
0.00256345
0.00256345
0.00256345
0.00256345
0.00256345
0.00256345
0.00256345
0.00256345
0.00256345
0.00256345
0.00256345
0.00256345
0.00256345
0.00256345
0.00256345
0.00256345
0.00256345
0.00256345
0.00256345
0.00256345
0.00256345
0.00256345
0.00256345
0.00256345
0.00256345
0.00256345
0.00256345
0.00256345
0.00256345
0.00256345
0.00256345
0.00256345
0.00256345
0.00256345
0.00256345
0.00256345
0.00256345
0.00256345
0.00256345
0.00256345
0.00256345
0.00256345
0.00256345
0.00256345
0.00256345
0.00256345
0.00256345
0.00256345
0.00256345
0.00256345
0.00256345
0.00256345
0.00256345
0.00256345
0.00256345
0.00256345
0.00256345
0.00256345
0.00256345
0.00256345
0.00256345
0.00256345
0.00256345
0.00256345
0.00256345
0.00256345
0.00256345
0.00256345
0.00256345
0.00256345
0.00256345
0.00256345
0.00256345
0.00256345
0.000256345
