0.2
0.00267067
0.00320481
0.00331163
0.003333
0.00333727
0.00333813
0.0033383
0.00333833
0.00333834
0.00333834
0.00333834
0.00333834
0.00333834
0.00333834
0.00333834
0.00333834
0.00333834
0.00333834
0.00333834
0.00333834
0.00333834
0.00333834
0.00333834
0.00333834
0.00333834
0.00333834
0.00333834
0.00333834
0.00333834
0.00333834
0.00333834
0.00333834
0.00333834
0.00333834
0.00333834
0.00333834
0.00333834
0.00333834
0.00333834
0.00333834
0.00333834
0.00333834
0.00333834
0.00333834
0.00333834
0.00333834
0.00333834
0.00333834
0.00333834
0.00333834
0.00333834
0.00333834
0.00333834
0.00333834
0.00333834
0.00333834
0.00333834
0.00333834
0.00333834
0.00333834
0.00333834
0.00333834
0.00333834
0.00333834
0.00333834
0.00333834
0.00333834
0.00333834
0.00333834
0.00333834
0.00333834
0.00333834
0.00333834
0.00333834
0.00333834
0.00333834
0.00333834
0.00333834
0.00333834
0.00333834
0.00333834
0.00333834
0.00333834
0.00333834
0.00333834
0.00333834
0.00333834
0.00333834
0.00333834
0.00333834
0.00333834
0.00333834
0.00333834
0.00333834
0.00333834
0.00333834
0.00333834
0.00333834
0.00333834
0.00333834
0.00333834
0.00333834
0.00333834
0.00333834
0.00333834
0.00333834
0.00333834
0.00333834
0.00333834
0.00333834
0.00333834
0.00333834
0.00333834
0.00333834
0.00333834
0.00333834
0.00333834
0.00333834
0.00333834
0.00333834
0.00333834
0.00333834
0.00333834
0.00333834
0.00333834
0.00333834
0.00333834
0.00333834
0.00333834
0.00333834
0.00333834
0.00333834
0.00333834
0.00333834
0.00333834
0.00333834
0.00333834
0.00333834
0.00333834
0.00333834
0.00333834
0.00333834
0.00333834
0.00333834
0.00333834
0.00333834
0.00333834
0.00333834
0.00333834
0.00333834
0.00333834
0.00333834
0.00333834
0.00333834
0.00333834
0.00333834
0.00333834
0.00333834
0.00333834
0.00333834
0.00333834
0.00333834
0.00333834
0.00333834
0.00333834
0.00333834
0.00333834
0.00333834
0.00333834
0.00333834
0.00333834
0.00333834
0.00333834
0.00333834
0.00333834
0.00333834
0.00333834
0.00333834
0.00333834
0.00333834
0.00333834
0.00333834
0.00333834
0.00333834
0.00333834
0.00333834
0.00333834
0.00333834
0.00333834
0.00333834
0.00333834
0.00333834
0.00333834
0.00333834
0.00333834
0.00333834
0.00333834
0.00333834
0.00333834
0.00333834
0.00333834
0.00333834
0.00333834
0.00333834
0.00333834
0.00333834
0.00333834
0.00333834
0.00333834
0.00333834
0.00333834
0.00333834
0.00333834
0.00333834
0.00333834
0.00333834
0.00333834
0.00333834
0.00333834
0.00333834
0.00333834
0.00333834
0.00333834
0.00333834
0.00333834
0.00333834
0.00333834
0.00333834
0.00333834
0.00333834
0.00333834
0.00333834
0.00333834
0.00333834
0.00333834
0.00333834
0.00333834
0.00333834
0.00333834
0.00333834
0.00333834
0.00333834
0.00333834
0.00333834
0.00333834
0.00333834
0.00333834
0.00333834
0.00333834
0.00333834
0.00333834
0.00333834
0.00333834
0.00333834
0.00333834
0.00333834
0.00333834
0.00333834
0.00333834
0.00333834
0.00333834
0.00333834
0.00333834
0.00333834
0.00333834
0.00333834
0.00333834
0.00333834
0.00333834
0.00333834
0.00333834
0.00333834
0.00333834
0.00333834
0.00333834
0.00333834
0.00333834
0.00333834
0.00333834
0.00333834
0.00333834
0.00333834
0.00333834
0.00333834
0.00333834
0.00333834
0.00333834
0.00333834
0.00333834
0.00333834
0.00333834
0.00333834
0.00333834
0.00333834
0.00333834
0.00333834
0.00333834
0.00333834
0.00333834
0.00267067
