0.4
0.00301609
0.00422252
0.00470509
0.00489812
0.00497534
0.00500622
0.00501857
0.00502352
0.00502549
0.00502628
0.0050266
0.00502673
0.00502678
0.0050268
0.0050268
0.00502681
0.00502681
0.00502681
0.00502681
0.00502681
0.00502681
0.00502681
0.00502681
0.00502681
0.00502681
0.00502681
0.00502681
0.00502681
0.00502681
0.00502681
0.00502681
0.00502681
0.00502681
0.00502681
0.00502681
0.00502681
0.00502681
0.00502681
0.00502681
0.00502681
0.00502681
0.00502681
0.00502681
0.00502681
0.00502681
0.00502681
0.00502681
0.00502681
0.00502681
0.00502681
0.00502681
0.00502681
0.00502681
0.00502681
0.00502681
0.00502681
0.00502681
0.00502681
0.00502681
0.00502681
0.00502681
0.00502681
0.00502681
0.00502681
0.00502681
0.00502681
0.00502681
0.00502681
0.00502681
0.00502681
0.00502681
0.00502681
0.00502681
0.00502681
0.00502681
0.00502681
0.00502681
0.00502681
0.00502681
0.00502681
0.00502681
0.00502681
0.00502681
0.00502681
0.00502681
0.00502681
0.00502681
0.00502681
0.00502681
0.00502681
0.00502681
0.00502681
0.00502681
0.00502681
0.00502681
0.00502681
0.00502681
0.00502681
0.00502681
0.00502681
0.00502681
0.00502681
0.00502681
0.00502681
0.00502681
0.00502681
0.00502681
0.00502681
0.00502681
0.00502681
0.00502681
0.00502681
0.00502681
0.00502681
0.00502681
0.00502681
0.00502681
0.00502681
0.00502681
0.00502681
0.00502681
0.00502681
0.00502681
0.00502681
0.00502681
0.00502681
0.00502681
0.00502681
0.00502681
0.00502681
0.00502681
0.00502681
0.00502681
0.00502681
0.00502681
0.00502681
0.00502681
0.00502681
0.00502681
0.00502681
0.00502681
0.00502681
0.00502681
0.00502681
0.00502681
0.00502681
0.00502681
0.00502681
0.00502681
0.00502681
0.00502681
0.00502681
0.00502681
0.00502681
0.00502681
0.00502681
0.00502681
0.00502681
0.00502681
0.00502681
0.00502681
0.00502681
0.00502681
0.00502681
0.00502681
0.00502681
0.00502681
0.00502681
0.00502681
0.00502681
0.00502681
0.00502681
0.00502681
0.00502681
0.00502681
0.00502681
0.00502681
0.00502681
0.00502681
0.00502681
0.00502681
0.00502681
0.00502681
0.00502681
0.00502681
0.00502681
0.00502681
0.00502681
0.00502681
0.00502681
0.00502681
0.00502681
0.00502681
0.00502681
0.00502681
0.00502681
0.00502681
0.00502681
0.00502681
0.00301609
