0.4
0.00200714
0.00280999
0.00313113
0.00325959
0.00331097
0.00333153
0.00333975
0.00334304
0.00334435
0.00334488
0.00334509
0.00334517
0.00334521
0.00334522
0.00334522
0.00334523
0.00334523
0.00334523
0.00334523
0.00334523
0.00334523
0.00334523
0.00334523
0.00334523
0.00334523
0.00334523
0.00334523
0.00334523
0.00334523
0.00334523
0.00334523
0.00334523
0.00334523
0.00334523
0.00334523
0.00334523
0.00334523
0.00334523
0.00334523
0.00334523
0.00334523
0.00334523
0.00334523
0.00334523
0.00334523
0.00334523
0.00334523
0.00334523
0.00334523
0.00334523
0.00334523
0.00334523
0.00334523
0.00334523
0.00334523
0.00334523
0.00334523
0.00334523
0.00334523
0.00334523
0.00334523
0.00334523
0.00334523
0.00334523
0.00334523
0.00334523
0.00334523
0.00334523
0.00334523
0.00334523
0.00334523
0.00334523
0.00334523
0.00334523
0.00334523
0.00334523
0.00334523
0.00334523
0.00334523
0.00334523
0.00334523
0.00334523
0.00334523
0.00334523
0.00334523
0.00334523
0.00334523
0.00334523
0.00334523
0.00334523
0.00334523
0.00334523
0.00334523
0.00334523
0.00334523
0.00334523
0.00334523
0.00334523
0.00334523
0.00334523
0.00334523
0.00334523
0.00334523
0.00334523
0.00334523
0.00334523
0.00334523
0.00334523
0.00334523
0.00334523
0.00334523
0.00334523
0.00334523
0.00334523
0.00334523
0.00334523
0.00334523
0.00334523
0.00334523
0.00334523
0.00334523
0.00334523
0.00334523
0.00334523
0.00334523
0.00334523
0.00334523
0.00334523
0.00334523
0.00334523
0.00334523
0.00334523
0.00334523
0.00334523
0.00334523
0.00334523
0.00334523
0.00334523
0.00334523
0.00334523
0.00334523
0.00334523
0.00334523
0.00334523
0.00334523
0.00334523
0.00334523
0.00334523
0.00334523
0.00334523
0.00334523
0.00334523
0.00334523
0.00334523
0.00334523
0.00334523
0.00334523
0.00334523
0.00334523
0.00334523
0.00334523
0.00334523
0.00334523
0.00334523
0.00334523
0.00334523
0.00334523
0.00334523
0.00334523
0.00334523
0.00334523
0.00334523
0.00334523
0.00334523
0.00334523
0.00334523
0.00334523
0.00334523
0.00334523
0.00334523
0.00334523
0.00334523
0.00334523
0.00334523
0.00334523
0.00334523
0.00334523
0.00334523
0.00334523
0.00334523
0.00334523
0.00334523
0.00334523
0.00334523
0.00334523
0.00334523
0.00334523
0.00334523
0.00334523
0.00334523
0.00334523
0.00334523
0.00334523
0.00334523
0.00334523
0.00334523
0.00334523
0.00334523
0.00334523
0.00334523
0.00334523
0.00334523
0.00334523
0.00334523
0.00334523
0.00334523
0.00334523
0.00334523
0.00334523
0.00334523
0.00334523
0.00334523
0.00334523
0.00334523
0.00334523
0.00334523
0.00334523
0.00334523
0.00334523
0.00334523
0.00334523
0.00334523
0.00334523
0.00334523
0.00334523
0.00334523
0.00334523
0.00334523
0.00334523
0.00334523
0.00334523
0.00334523
0.00334523
0.00334523
0.00334523
0.00334523
0.00334523
0.00334523
0.00334523
0.00334523
0.00334523
0.00334523
0.00334523
0.00334523
0.00334523
0.00334523
0.00334523
0.00334523
0.00334523
0.00334523
0.00334523
0.00334523
0.00334523
0.00334523
0.00334523
0.00334523
0.00334523
0.00334523
0.00334523
0.00334523
0.00334523
0.00334523
0.00334523
0.00334523
0.00334523
0.00334523
0.00334523
0.00334523
0.00334523
0.00334523
0.00334523
0.00334523
0.00334523
0.00334523
0.00334523
0.00334523
0.00334523
0.00334523
0.00334523
0.00334523
0.00334523
0.00334523
0.00334523
0.00334523
0.00334523
0.00334523
0.00334523
0.00334523
0.00334523
0.00200714
