0.8
0.000677507
0.00121951
0.00165312
0.002
0.00227751
0.00249951
0.00267712
0.0028192
0.00293287
0.0030238
0.00309655
0.00315474
0.0032013
0.00323855
0.00326835
0.00329218
0.00331125
0.00332651
0.00333871
0.00334848
0.00335629
0.00336254
0.00336754
0.00337154
0.00337474
0.0033773
0.00337934
0.00338098
0.00338229
0.00338334
0.00338418
0.00338485
0.00338539
0.00338582
0.00338616
0.00338643
0.00338665
0.00338683
0.00338697
0.00338708
0.00338717
0.00338725
0.0033873
0.00338735
0.00338739
0.00338742
0.00338744
0.00338746
0.00338747
0.00338749
0.0033875
0.0033875
0.00338751
0.00338751
0.00338752
0.00338752
0.00338752
0.00338753
0.00338753
0.00338753
0.00338753
0.00338753
0.00338753
0.00338753
0.00338753
0.00338753
0.00338753
0.00338753
0.00338753
0.00338753
0.00338753
0.00338753
0.00338753
0.00338753
0.00338753
0.00338753
0.00338753
0.00338753
0.00338753
0.00338753
0.00338753
0.00338753
0.00338753
0.00338753
0.00338753
0.00338753
0.00338753
0.00338753
0.00338753
0.00338753
0.00338753
0.00338753
0.00338753
0.00338753
0.00338753
0.00338753
0.00338753
0.00338753
0.00338753
0.00338753
0.00338753
0.00338753
0.00338753
0.00338753
0.00338753
0.00338753
0.00338753
0.00338753
0.00338753
0.00338753
0.00338753
0.00338753
0.00338753
0.00338753
0.00338753
0.00338753
0.00338753
0.00338753
0.00338753
0.00338753
0.00338753
0.00338753
0.00338753
0.00338753
0.00338753
0.00338753
0.00338753
0.00338753
0.00338753
0.00338753
0.00338753
0.00338753
0.00338753
0.00338753
0.00338753
0.00338753
0.00338753
0.00338753
0.00338753
0.00338753
0.00338753
0.00338753
0.00338753
0.00338753
0.00338753
0.00338753
0.00338753
0.00338753
0.00338753
0.00338753
0.00338753
0.00338753
0.00338753
0.00338753
0.00338753
0.00338753
0.00338753
0.00338753
0.00338753
0.00338753
0.00338753
0.00338753
0.00338753
0.00338753
0.00338753
0.00338753
0.00338753
0.00338753
0.00338753
0.00338753
0.00338753
0.00338753
0.00338753
0.00338753
0.00338753
0.00338753
0.00338753
0.00338753
0.00338753
0.00338753
0.00338753
0.00338753
0.00338753
0.00338753
0.00338753
0.00338753
0.00338753
0.00338753
0.00338753
0.00338753
0.00338753
0.00338753
0.00338753
0.00338753
0.00338753
0.00338753
0.00338753
0.00338753
0.00338753
0.00338753
0.00338753
0.00338753
0.00338753
0.00338753
0.00338753
0.00338753
0.00338753
0.00338753
0.00338753
0.00338753
0.00338753
0.00338753
0.00338753
0.00338753
0.00338753
0.00338753
0.00338753
0.00338753
0.00338753
0.00338753
0.00338753
0.00338753
0.00338753
0.00338753
0.00338753
0.00338753
0.00338753
0.00338753
0.00338753
0.00338753
0.00338753
0.00338753
0.00338753
0.00338753
0.00338753
0.00338753
0.00338753
0.00338753
0.00338753
0.00338753
0.00338753
0.00338753
0.00338753
0.00338753
0.00338753
0.00338753
0.00338753
0.00338753
0.00338753
0.00338753
0.00338753
0.00338753
0.00338753
0.00338753
0.00338753
0.00338753
0.00338753
0.00338753
0.00338753
0.00338753
0.00338753
0.00338753
0.00338753
0.00338753
0.00338753
0.00338753
0.00338753
0.00338753
0.00338753
0.00338753
0.00338753
0.00338753
0.00338753
0.00338753
0.00338753
0.00338753
0.00338753
0.00338753
0.00338753
0.00338753
0.00338753
0.00338753
0.00338753
0.00338753
0.00338753
0.00338753
0.00338753
0.00338753
0.00338753
0.00338753
0.00338753
0.00338753
0.00338753
0.00338753
0.00338753
0.00338753
0.00338753
0.00338753
0.00338753
0.000677507
