0.3
0.00705137
0.00916679
0.00980141
0.0099918
0.0100489
0.010066
0.0100712
0.0100727
0.0100732
0.0100733
0.0100734
0.0100734
0.0100734
0.0100734
0.0100734
0.0100734
0.0100734
0.0100734
0.0100734
0.0100734
0.0100734
0.0100734
0.0100734
0.0100734
0.0100734
0.0100734
0.0100734
0.0100734
0.0100734
0.0100734
0.0100734
0.0100734
0.0100734
0.0100734
0.0100734
0.0100734
0.0100734
0.0100734
0.0100734
0.0100734
0.0100734
0.0100734
0.0100734
0.0100734
0.0100734
0.0100734
0.0100734
0.0100734
0.0100734
0.0100734
0.0100734
0.0100734
0.0100734
0.0100734
0.0100734
0.0100734
0.0100734
0.0100734
0.0100734
0.0100734
0.0100734
0.0100734
0.0100734
0.0100734
0.0100734
0.0100734
0.0100734
0.0100734
0.0100734
0.0100734
0.0100734
0.0100734
0.0100734
0.0100734
0.0100734
0.0100734
0.0100734
0.0100734
0.0100734
0.0100734
0.0100734
0.0100734
0.0100734
0.0100734
0.0100734
0.0100734
0.0100734
0.0100734
0.0100734
0.0100734
0.0100734
0.0100734
0.0100734
0.0100734
0.0100734
0.0100734
0.0100734
0.0100734
0.0100734
0.00705137
