0.2
0.00439904
0.00448668
0.00427053
0.00424626
0.00427884
0.00434711
0.0044077
0.00414464
0.00433228
0.00436423
0.00451993
0.00427658
0.00431566
0.00430806
0.00450628
0.00420959
0.00434802
0.0044665
0.00458507
0.00440165
0.0043456
0.00447337
0.00441744
0.0043162
0.00460118
0.00433477
0.00447166
0.00414449
0.00449549
0.00450057
0.00431415
0.00460749
0.00459626
0.00442874
0.0043557
0.00436794
0.0041747
0.00418392
0.00450437
0.00428605
0.00425297
0.00435286
0.00456258
0.00442753
0.00443346
0.00423522
0.00445493
0.00411514
0.00431028
0.00436483
0.00437149
0.00427377
0.00433585
0.00425621
0.0043041
0.00453045
0.00446645
0.00417202
0.00431742
0.00443575
0.00453154
0.00433839
0.00432004
0.00418376
0.00441677
0.00426347
0.00430926
0.00439832
0.00436216
0.00435826
0.00445647
0.00424259
0.0042633
0.00457319
0.00434479
0.00442591
0.00433701
0.00428222
0.00446327
0.00440963
0.00437085
0.00439035
0.00440123
0.0043631
0.00415582
0.00436694
0.00446454
0.00437531
0.00430297
0.00444639
0.00446225
0.00423979
0.00426709
0.00434977
0.00442346
0.00434816
0.00437841
0.00415403
0.00425324
0.00430474
0.00431553
0.00435917
0.00436238
0.00430727
0.00433836
0.00410891
0.00438206
0.00434769
0.0044264
0.00428884
0.00428976
0.00425132
0.00433581
0.00418139
0.0043246
0.00431445
0.00437889
0.00430515
0.00436284
0.00435721
0.00430472
0.00431702
0.0044679
0.00415139
0.00433663
0.00432529
0.00442963
0.00435403
0.00442166
0.00448055
0.00413335
0.00440803
0.00439299
0.00452273
0.00435892
0.00446014
0.0042188
0.00431427
0.00445874
0.00444488
0.00434081
0.00429834
0.00429939
0.00445749
0.00440958
0.00428406
0.00440337
0.0042098
0.00444678
0.00438468
0.00446397
0.00429537
0.00435644
0.00432256
0.00441421
0.0044556
0.00472451
0.00443911
0.00413616
0.00417948
0.00429385
0.00420668
0.00426584
0.0044191
0.00415325
0.00436616
0.00443901
0.00457165
0.00428284
0.00429949
0.004374
0.0042641
0.00426502
0.00452278
0.00425631
0.00430117
0.0042088
0.00443856
0.0045739
0.00423341
0.00437754
0.00441848
0.00432477
0.00448201
0.00416813
0.00422235
0.00429042
0.00425922
0.00427813
0.0042859
0.00411209
0.00439083
0.00439422
0.00449875
0.00452853
0.00432041
0.00438169
0.00440163
0.00432366
0.00432329
0.00436287
0.00445621
0.00435643
0.0043134
0.00444721
0.00451457
0.00450146
0.00421573
0.00422347
0.00437169
0.00421616
0.0043803
0.00425751
0.00425299
0.00434311
0.00428062
0.00423064
0.00435705
0.00420054
0.00438113
0.00445357
0.00436263
0.00417625
0.00444439
0.00424934
0.00446004
0.00429255
0.00431897
0.00436546
0.0035275
