0.2
0.00407457
0.00401357
0.00384902
0.00413568
0.00409019
0.00405033
0.00399895
0.00403534
0.00397976
0.0038522
0.00408856
0.00401955
0.00400998
0.00399119
0.00417091
0.00403343
0.00388371
0.00410108
0.00394854
0.00393239
0.00420813
0.0040198
0.0039036
0.00403958
0.00401119
0.00407473
0.00394147
0.00417072
0.00403653
0.00391627
0.00386665
0.00403017
0.00410512
0.00402374
0.0040802
0.00405359
0.00397824
0.00421352
0.00422378
0.00405228
0.00391122
0.00407574
0.00393139
0.00405183
0.00386267
0.00417884
0.00392042
0.0041274
0.00404993
0.00406795
0.0040795
0.00399229
0.00391434
0.00406238
0.00416271
0.00405403
0.00400976
0.00410306
0.00405806
0.00415215
0.00409983
0.00381629
0.0040074
0.00393954
0.00399785
0.00405365
0.00404551
0.00385839
0.00394157
0.0039328
0.00400521
0.00393996
0.00400893
0.00403922
0.00392185
0.00418085
0.00387394
0.00394931
0.00425092
0.00410182
0.00386023
0.00399798
0.00400073
0.00390925
0.00413399
0.00403825
0.00390298
0.00401312
0.00404465
0.00407036
0.00409033
0.00386124
0.00397194
0.00405416
0.00395585
0.00387564
0.0039031
0.00404379
0.00395766
0.00401336
0.00397715
0.00390564
0.00395497
0.00392105
0.00394064
0.00389868
0.00394593
0.0040334
0.00410042
0.00397529
0.00400957
0.00397541
0.00412431
0.00392441
0.00406437
0.00420517
0.00419533
0.00409012
0.00408022
0.0039808
0.00384782
0.00392453
0.00393804
0.00396368
0.00394909
0.00404821
0.00393444
0.00394698
0.00397133
0.00398089
0.0039116
0.00386833
0.00397406
0.00407443
0.00431101
0.00412766
0.00417162
0.00425732
0.00390438
0.0037536
0.00395856
0.00388447
0.00390976
0.00400811
0.00414989
0.00402531
0.00410138
0.00401552
0.00393228
0.00394455
0.00413078
0.00408678
0.00385318
0.00402301
0.00414374
0.00396756
0.00414839
0.00407448
0.0038117
0.00401263
0.00396418
0.00400401
0.0038605
0.00394169
0.0039328
0.00418288
0.00390998
0.00397329
0.00380883
0.00392909
0.00390326
0.00400033
0.00407895
0.00403544
0.00394023
0.0039491
0.00384745
0.00393166
0.00405317
0.00399422
0.00393566
0.00409407
0.00398591
0.00398675
0.00396449
0.00398117
0.00389907
0.00383475
0.00404298
0.00388692
0.00401373
0.00409223
0.00405748
0.00394227
0.0040091
0.00412799
0.00387125
0.00409843
0.00411438
0.0039504
0.00405567
0.00397617
0.00402154
0.00408246
0.00392292
0.00391914
0.00396062
0.00394145
0.00385833
0.00396618
0.00389733
0.00407373
0.00401974
0.00415722
0.00429928
0.00415267
0.00391254
0.00401768
0.0041703
0.00394479
0.00400505
0.00401545
0.00399512
0.00383157
0.00393431
0.00382313
0.00409931
0.00385467
0.00398598
0.00391229
0.00389949
0.00411078
0.00393273
0.00413515
0.00390085
0.00398424
0.00394681
0.00387861
0.00406659
0.00389798
0.00395488
0.0040713
0.00384732
0.0040611
0.00405686
0.00403416
0.00401515
0.00413548
0.00390685
0.00324554
