0.2
0.00591742
0.00576723
0.00573913
0.00553656
0.00567206
0.00561538
0.00555077
0.00566424
0.00577403
0.00561954
0.00575382
0.00560791
0.00565035
0.00581501
0.00559257
0.00559372
0.00571734
0.00586545
0.00570381
0.00538169
0.00556636
0.00585317
0.0054736
0.00555866
0.00566287
0.00571507
0.00544634
0.00579154
0.00550949
0.00573521
0.00578667
0.0053537
0.00575981
0.00592965
0.00568291
0.00570303
0.00547111
0.00562694
0.00585772
0.00556276
0.00550664
0.00560259
0.00535154
0.00605106
0.00570799
0.00555006
0.00588219
0.0056084
0.00549924
0.00557381
0.00555107
0.00544363
0.00550949
0.0054157
0.00558723
0.00539222
0.0055081
0.00557229
0.0055418
0.0055637
0.00573188
0.00558111
0.00543244
0.00554839
0.00564978
0.00543262
0.00576822
0.00558325
0.00541427
0.00563181
0.00562269
0.00532478
0.00528536
0.0054962
0.00584805
0.00555552
0.00567868
0.00550856
0.00573638
0.0055646
0.00548869
0.00553052
0.00539568
0.00530275
0.00556172
0.00550247
0.00557365
0.00559026
0.00556125
0.00539803
0.00546813
0.00549147
0.00561018
0.00556061
0.00563302
0.00580319
0.00551655
0.00561643
0.00560873
0.00534111
0.00556216
0.00581336
0.00569404
0.0057195
0.00538608
0.00552089
0.00572773
0.00519044
0.00554397
0.00559842
0.00552998
0.00530897
0.00545443
0.00551557
0.00556484
0.00570931
0.00551438
0.0054573
0.00526374
0.00553995
0.00525977
0.00582888
0.00540543
0.00560351
0.00542468
0.00569895
0.00523228
0.00551861
0.00553483
0.00543911
0.00545393
0.00572925
0.00568449
0.00530844
0.0053286
0.00526665
0.00544077
0.00581251
0.00543045
0.00598483
0.00563538
0.00530306
0.00540848
0.00535275
0.0055925
0.00555934
0.00558754
0.00548381
0.00528576
0.00561056
0.00558638
0.00537951
0.00553882
0.00552751
0.00565246
0.00564724
0.00579929
0.00534374
0.00579085
0.00543528
0.00552055
0.00570232
0.00544171
0.00527208
0.00524666
0.00551444
0.00548031
0.0056524
0.0055041
0.00532276
0.00556104
0.00546591
0.00515244
0.00557372
0.00535232
0.00561516
0.00531871
0.00559131
0.00572888
0.00450948
