0.2
0.00274158
0.00273946
0.00274106
0.00278998
0.00275054
0.00274654
0.00270886
0.00272749
0.00275543
0.00269723
0.00265393
0.00266624
0.00272023
0.00277821
0.00269554
0.00269503
0.00279479
0.00268916
0.00263364
0.00269609
0.00280754
0.00270729
0.00264697
0.00280302
0.00273025
0.00269771
0.00280482
0.00272864
0.00272211
0.00273309
0.00281303
0.00272902
0.00271168
0.00276747
0.00265693
0.00270038
0.00280712
0.00267971
0.00272178
0.00276743
0.00264326
0.00270764
0.00272398
0.00270598
0.0027132
0.00274482
0.00275385
0.00281504
0.00271261
0.00282432
0.00263294
0.0027387
0.00268625
0.0026171
0.00272736
0.00273936
0.00273429
0.00266473
0.00271739
0.00269847
0.00274429
0.0027254
0.00270248
0.00270996
0.00274075
0.0027086
0.00274161
0.00272959
0.00273036
0.00270435
0.00272248
0.00281075
0.0027242
0.00266073
0.00269314
0.00268442
0.00268117
0.00267438
0.00265178
0.00278149
0.00269327
0.00270742
0.00267829
0.00271197
0.00265778
0.00274078
0.00265335
0.00276938
0.00259697
0.00267862
0.00269794
0.00275417
0.00264902
0.00271402
0.00266867
0.002641
0.00272373
0.0027571
0.00266512
0.00270266
0.00268398
0.00257891
0.00258869
0.00271918
0.00277291
0.00263354
0.00263751
0.00263244
0.00277123
0.00271832
0.00275666
0.00276223
0.00267606
0.00265907
0.00276784
0.00277524
0.00273891
0.00274107
0.00281933
0.00273865
0.00265934
0.00272322
0.00272575
0.00282103
0.00271929
0.00260519
0.00270994
0.00265502
0.00272033
0.0026958
0.00270164
0.00279312
0.00267159
0.00270362
0.00279916
0.00258135
0.00270321
0.00270062
0.00274303
0.00263628
0.00270237
0.00272773
0.0027373
0.00266211
0.00279735
0.00273065
0.00271333
0.00264113
0.00270408
0.0026571
0.00277569
0.00267094
0.0027867
0.0026678
0.00267765
0.00272099
0.00277974
0.00275768
0.0026534
0.00267941
0.00267241
0.00258342
0.00273714
0.00252481
0.00265184
0.00267385
0.00262633
0.00269187
0.00280366
0.00277247
0.00274999
0.00281716
0.00274872
0.00278803
0.00273326
0.00264768
0.00276617
0.00270637
0.00276597
0.00266979
0.00275738
0.00264154
0.00266388
0.00272707
0.00275317
0.00267946
0.00272593
0.00276406
0.00265463
0.00267605
0.00267234
0.00267042
0.00271235
0.00271569
0.00275445
0.00267555
0.00271358
0.00264666
0.00275436
0.0027531
0.00271671
0.00272057
0.00278183
0.00273174
0.00266965
0.00250902
0.00270379
0.00261788
0.00274473
0.00271126
0.00262654
0.00276977
0.0025878
0.00276997
0.00271367
0.00269386
0.00267729
0.00265014
0.00263096
0.00265025
0.00264639
0.00270631
0.00269609
0.00259423
0.00279411
0.00259863
0.00270732
0.00267957
0.00272286
0.00265881
0.00272792
0.00264271
0.00281612
0.00271923
0.00269219
0.00265044
0.0027348
0.00256842
0.00268089
0.00271983
0.00264163
0.00264178
0.00268215
0.00272559
0.00269126
0.00274499
0.00268968
0.00268984
0.0027256
0.00270639
0.00281771
0.002651
0.0026796
0.00283472
0.00264885
0.00272325
0.00266925
0.00270817
0.00274182
0.00268068
0.00268119
0.00264541
0.00269623
0.00268008
0.00273564
0.00268179
0.00257734
0.00271125
0.00269468
0.00274399
0.00269374
0.00274579
0.00284263
0.00271146
0.00268049
0.00268601
0.00270944
0.00265942
0.00265678
0.00270245
0.0026907
0.00262508
0.0027392
0.00265192
0.00265385
0.00280076
0.00275546
0.00258393
0.00271377
0.00272305
0.00258375
0.00272178
0.00265515
0.00277353
0.0026944
0.00262029
0.00268848
0.00269147
0.00270745
0.00278718
0.00261436
0.00266372
0.00266544
0.00270777
0.00269501
0.0027141
0.00276347
0.0027651
0.00262381
0.00275251
0.00267491
0.00265618
0.00268167
0.00264955
0.00275379
0.00271375
0.00269303
0.00270445
0.00267166
0.00277994
0.00266834
0.00279862
0.00258549
0.00268191
0.00265455
0.00278689
0.00256017
0.00265356
0.00272253
0.00276064
0.00269841
0.00270785
0.00269088
0.00267657
0.002782
0.00270873
0.00269688
0.00272668
0.00267304
0.00278372
0.00264394
0.0027161
0.00275797
0.00264503
0.00269623
0.00277721
0.00270904
0.00259714
0.00272181
0.00271763
0.00264258
0.00282502
0.00274039
0.00267318
0.00264526
0.00262927
0.00260814
0.00264949
0.00274954
0.00270274
0.00265243
0.00268927
0.00270474
0.00270138
0.00285837
0.00272741
0.00263597
0.00262463
0.00271129
0.00219232
