0.2
0.0025752
0.00258931
0.00255865
0.00266484
0.00263157
0.00251264
0.0027499
0.00257545
0.00269644
0.00257547
0.00253948
0.00249688
0.00249217
0.00264237
0.0025556
0.002644
0.00252163
0.00262956
0.00256028
0.00263742
0.00262022
0.00249874
0.00259701
0.0025407
0.00257779
0.00258107
0.00259921
0.00248617
0.00257015
0.00252567
0.0024928
0.00260333
0.00256615
0.00265248
0.0026572
0.0025232
0.00266887
0.0026448
0.00260198
0.00261222
0.00250744
0.00269348
0.00249594
0.00258587
0.0025115
0.00262539
0.00262645
0.00258219
0.00257655
0.00259533
0.00258634
0.00260282
0.00263709
0.00257932
0.0025735
0.00254638
0.00268037
0.00262219
0.00254224
0.00254805
0.0025424
0.00261166
0.00250366
0.00252547
0.00257711
0.00262961
0.00267346
0.00254838
0.00256671
0.00265944
0.00259124
0.00257148
0.00263573
0.00254287
0.00256664
0.0025884
0.00257216
0.00261765
0.00255412
0.00253013
0.00259691
0.00255011
0.00256316
0.00261707
0.00256893
0.00253036
0.00263035
0.00257324
0.00248316
0.00254912
0.00254371
0.00272118
0.00252699
0.00264731
0.00263351
0.00252064
0.0025509
0.00261301
0.00245579
0.00249636
0.00252622
0.00261973
0.0025582
0.00265965
0.002648
0.00256132
0.00257882
0.00253283
0.00253377
0.00267307
0.0025879
0.00260949
0.00255277
0.00253094
0.00252458
0.00257612
0.00256196
0.0024706
0.00261987
0.00252977
0.00257009
0.00252793
0.00257354
0.00259071
0.00258078
0.00264787
0.00263143
0.00255607
0.00260814
0.00270157
0.00255997
0.00253588
0.00253591
0.00263207
0.00253206
0.00262413
0.00261482
0.00258783
0.00263645
0.00249437
0.0026297
0.00255342
0.00252077
0.00253257
0.00251136
0.0025505
0.00248946
0.00253476
0.00253732
0.00257494
0.00262467
0.00250431
0.00258206
0.00253942
0.00256028
0.00257307
0.00268815
0.00256615
0.00245323
0.00254755
0.00255056
0.00256033
0.00258526
0.00259505
0.00254458
0.00265348
0.00260909
0.0025739
0.00250347
0.00254447
0.00262236
0.00258743
0.00266397
0.00252535
0.00255207
0.00259926
0.00239073
0.00256525
0.00255765
0.00258347
0.00256243
0.00271571
0.00261643
0.00255689
0.00251398
0.00257414
0.00251457
0.00257159
0.00256393
0.00254151
0.0025249
0.00251416
0.00261316
0.00251597
0.00258635
0.00250288
0.0026002
0.00256351
0.00254213
0.0024586
0.00258446
0.00256206
0.00260199
0.00265002
0.00256907
0.00255585
0.00252841
0.00259281
0.00264321
0.00251165
0.00258916
0.00251476
0.0025456
0.00250072
0.00255545
0.00258482
0.0025235
0.00260042
0.00256149
0.00265531
0.0024876
0.00259398
0.00260473
0.0025373
0.00262462
0.00250825
0.0025178
0.00254373
0.00250875
0.00250169
0.00244855
0.00256797
0.00252331
0.00255383
0.00257065
0.00251372
0.00259355
0.00253069
0.00249895
0.00255166
0.00255118
0.00265685
0.00253046
0.0025531
0.00262202
0.00250712
0.00259359
0.00258702
0.00260759
0.00255759
0.00258675
0.00253694
0.00256331
0.00258873
0.00263559
0.00259175
0.00246532
0.00249695
0.00254623
0.0026057
0.00249106
0.00248761
0.0026027
0.00258703
0.00257964
0.00252035
0.00250535
0.002518
0.00252276
0.00255498
0.00257768
0.00248181
0.00255421
0.00247856
0.00258475
0.0025645
0.00249656
0.00249758
0.00253306
0.00262039
0.00259552
0.00255398
0.0025147
0.00254992
0.00258523
0.00252503
0.00256696
0.00257837
0.00252099
0.00260243
0.0024917
0.0025348
0.00255538
0.00260819
0.00264995
0.00260641
0.00255869
0.00250341
0.00253364
0.00257464
0.00264332
0.00258989
0.00252441
0.00255562
0.00258192
0.00259304
0.00250415
0.00259345
0.00253456
0.00253853
0.00259015
0.00252661
0.00261091
0.00253431
0.00251258
0.00251935
0.00258829
0.00262701
0.00260627
0.00249236
0.00253204
0.00255507
0.00256345
0.0025338
0.00257593
0.00261433
0.00247585
0.00253996
0.00259204
0.00250634
0.00256605
0.00263151
0.00248748
0.00259016
0.00253978
0.0025133
0.00248242
0.0025948
0.00254016
0.00241603
0.00252628
0.00253962
0.00253201
0.00250209
0.00259429
0.00260846
0.00252902
0.00249103
0.00252045
0.00258936
0.00254268
0.00255043
0.00265273
0.00261928
0.00265451
0.00254878
0.0025392
0.00258594
0.00264058
0.00257607
0.00258471
0.00253844
0.0025509
0.00248886
0.00251027
0.0024437
0.00260369
0.00260306
0.00265136
0.00243738
0.00253181
0.00255961
0.00257249
0.00263868
0.00250054
0.00255094
0.00253636
0.00256348
0.00249982
0.00261503
0.00249632
0.00254285
0.00251056
0.00253549
0.00258695
0.00257318
0.00256845
0.00255403
0.00258765
0.00208003
