0.2
0.00632211
0.00594655
0.00653092
0.00591114
0.00570577
0.00559343
0.00578906
0.00578695
0.00615283
0.00601819
0.0061609
0.00572006
0.00595342
0.00576642
0.0057309
0.0057251
0.00592251
0.00560212
0.00593057
0.00566844
0.00611613
0.00619797
0.00595829
0.00587302
0.0060672
0.00586653
0.005843
0.00573634
0.00606351
0.00608724
0.00609051
0.00607694
0.00565803
0.00584621
0.00594718
0.00582123
0.00582056
0.00616874
0.00597653
0.00598784
0.00592
0.00622463
0.00586466
0.00567422
0.00583398
0.00595624
0.00592114
0.00604449
0.00588064
0.00634151
0.0057843
0.00596058
0.00585162
0.00578265
0.00585759
0.006162
0.00600462
0.0054847
0.0056521
0.0060209
0.00594206
0.00598254
0.00585877
0.00560475
0.00594045
0.00558915
0.00576885
0.00601273
0.00629421
0.00574313
0.00612483
0.00591307
0.00576988
0.0059265
0.00624626
0.00584573
0.00642988
0.00577903
0.00564966
0.00590439
0.00589693
0.0060194
0.00577709
0.00608354
0.00599119
0.0061004
0.00576203
0.00575755
0.00558037
0.00547856
0.00560968
0.00549884
0.00588782
0.0057042
0.00586614
0.00579342
0.00567266
0.00564095
0.00587706
0.00602942
0.00603808
0.00605151
0.0056511
0.00585044
0.00569523
0.00595852
0.00586359
0.00607026
0.00582527
0.00590045
0.00601212
0.00598068
0.00587272
0.00600237
0.00587803
0.00604048
0.00555483
0.00591161
0.00617289
0.00586499
0.00584794
0.0056944
0.00601979
0.00602639
0.00594547
0.00576669
0.0059398
0.00617321
0.00554994
0.00589078
0.00576117
0.00574175
0.0058911
0.00548835
0.00606418
0.00578618
0.00563274
0.00565303
0.00578759
0.00565856
0.00575977
0.00577899
0.00605827
0.00590955
0.00584153
0.00598978
0.00623146
0.00620859
0.0058608
0.00560288
0.0058968
0.00609632
0.00577718
0.00600285
0.00588178
0.00561883
0.0060933
0.00579825
0.00608157
0.00583269
0.00601604
0.00577331
0.00582222
0.00590177
0.00566335
0.00605081
0.00576739
0.00588441
0.00579496
0.00477428
