0.2
0.00489828
0.00509578
0.00550357
0.00527882
0.00498798
0.00526122
0.00546107
0.00551539
0.00550715
0.00514984
0.00535199
0.00531178
0.00505676
0.00518416
0.00533946
0.00510598
0.00525101
0.00527411
0.00543046
0.00528305
0.00531033
0.00521451
0.00525502
0.00558713
0.00539725
0.00546282
0.00533127
0.00530694
0.00532457
0.00546055
0.00522911
0.00529523
0.00524186
0.00539218
0.00551136
0.00543315
0.00523726
0.00526944
0.0051168
0.00550432
0.0053169
0.00530959
0.00594993
0.00541761
0.00529484
0.00522175
0.00530515
0.00524611
0.0052153
0.00546746
0.00502332
0.0053068
0.00520073
0.00532158
0.00529561
0.00515328
0.00529563
0.00517977
0.00538768
0.00533637
0.00514111
0.00514718
0.00541105
0.00542229
0.0051815
0.00528449
0.00535715
0.00543095
0.0051959
0.00512013
0.00524358
0.00504543
0.00507264
0.00547325
0.00500644
0.0053536
0.00539632
0.00512139
0.00522662
0.0055302
0.0052134
0.00517624
0.00514681
0.00495933
0.00523051
0.00527604
0.00539831
0.00538845
0.00524894
0.00521593
0.00541402
0.00528328
0.00523416
0.00525483
0.00525429
0.00544218
0.00513969
0.00524417
0.00546951
0.00530874
0.00506478
0.0054519
0.00523229
0.00537868
0.00528016
0.00532461
0.00522734
0.00525073
0.00520537
0.00505518
0.00533496
0.00518891
0.00512977
0.00507569
0.00547418
0.00509957
0.00542318
0.00535938
0.00531261
0.0053118
0.00525595
0.00512893
0.00545304
0.00526705
0.00545388
0.0053142
0.00521825
0.00511592
0.00528078
0.005048
0.00531682
0.00527912
0.00547064
0.00516588
0.0052013
0.00517382
0.00519907
0.00519283
0.00529137
0.00510697
0.00532907
0.00529847
0.00523911
0.00523692
0.00518608
0.00519117
0.00539623
0.005391
0.00539156
0.00498959
0.00501856
0.00531534
0.00498815
0.00540238
0.00502749
0.00532865
0.00538621
0.0050002
0.00515725
0.00524056
0.00512236
0.00551265
0.00544796
0.00511153
0.00536769
0.0052734
0.00500574
0.0053821
0.00510442
0.00513851
0.00521621
0.00527555
0.00515434
0.00519838
0.00502003
0.00530135
0.0053936
0.00518224
0.00530656
0.0056226
0.00519684
0.00524317
0.00523356
0.00543134
0.00537873
0.00520828
0.00508842
0.00532176
0.00502627
0.00427108
