0.2
0.0022874
0.00224704
0.00231953
0.00225663
0.00228456
0.00220787
0.00221383
0.002272
0.00225429
0.00224924
0.0022794
0.00228444
0.00229026
0.0022884
0.00221349
0.00219999
0.00222114
0.0021736
0.00226611
0.00229441
0.00228353
0.00224472
0.00217945
0.00229108
0.00225033
0.00219338
0.00220038
0.0022766
0.00220141
0.0021407
0.00223693
0.00226352
0.00223335
0.00221755
0.00217166
0.00220916
0.00225337
0.00230011
0.00226343
0.00226644
0.00221484
0.00221352
0.00229604
0.0022855
0.00224598
0.00217832
0.00221174
0.00230442
0.00228319
0.00221532
0.00223486
0.00230404
0.00214574
0.00226755
0.0022304
0.00226169
0.00226974
0.00221799
0.00221542
0.0022926
0.00223745
0.00219564
0.00217371
0.00229319
0.00221715
0.00220477
0.00225927
0.0022168
0.00221209
0.00222972
0.00222884
0.00224408
0.00219186
0.002178
0.00223261
0.00224526
0.00231715
0.00223403
0.00219733
0.00223469
0.00220405
0.00228636
0.00228583
0.00231852
0.00222443
0.00222121
0.00226919
0.00220061
0.00218585
0.00219185
0.00223041
0.00224975
0.00227344
0.00224414
0.0022739
0.00228888
0.0022426
0.00225097
0.00222128
0.00228901
0.00213582
0.00218
0.00222288
0.00222017
0.00220885
0.00222857
0.00224901
0.00224354
0.00222799
0.0022087
0.00216025
0.0022295
0.00216717
0.0021836
0.00225532
0.00221874
0.00230657
0.00223808
0.00224196
0.00219481
0.00223274
0.00228674
0.00221436
0.0021721
0.00222427
0.00224061
0.00218643
0.00226004
0.00223038
0.00220753
0.00219477
0.00221926
0.00214213
0.00217156
0.00219111
0.00227286
0.00214691
0.002237
0.00223011
0.00216304
0.00217465
0.00216426
0.00232228
0.00225125
0.00225333
0.00222058
0.00227029
0.00224066
0.00225382
0.00223838
0.00225115
0.00229753
0.00226312
0.00224763
0.00229176
0.00233243
0.00217215
0.00218585
0.00224228
0.00215578
0.00227177
0.00219917
0.00222798
0.00221424
0.00231372
0.00222879
0.00221346
0.00221113
0.00216349
0.00220354
0.0022378
0.00222944
0.00218217
0.00219621
0.00216218
0.00220906
0.00219766
0.00225832
0.0021946
0.00222818
0.00225888
0.00224184
0.00225724
0.00223671
0.00222545
0.0022693
0.00225097
0.00228307
0.00228012
0.00227955
0.00225373
0.00220579
0.00217226
0.00226281
0.00225022
0.00217748
0.00219468
0.00223969
0.00222307
0.00219512
0.00223525
0.00218832
0.0022453
0.00220533
0.00223887
0.00222012
0.00216103
0.00223837
0.00221002
0.00217737
0.00219077
0.00231486
0.00225144
0.00222633
0.00217688
0.0023194
0.0022073
0.00225741
0.0022073
0.00221846
0.00219173
0.00227533
0.00224244
0.00215505
0.00223137
0.0022432
0.00220192
0.00227835
0.0022341
0.00221161
0.00225034
0.00229181
0.00216511
0.00215734
0.00220861
0.00223222
0.00221457
0.00221781
0.00221327
0.00232284
0.00213464
0.00213749
0.00224526
0.00220689
0.00226458
0.00223933
0.00225691
0.00223096
0.00221696
0.00223317
0.00219764
0.00224541
0.00228586
0.00216607
0.00222532
0.00225265
0.00227115
0.0022549
0.00220604
0.00214883
0.00218634
0.00219231
0.00214131
0.00225306
0.00219577
0.0022702
0.00213053
0.00223996
0.0022302
0.0022519
0.00220705
0.0022595
0.00229194
0.00223311
0.00225614
0.00227981
0.00212475
0.00221331
0.00226074
0.00216878
0.00220842
0.00228263
0.00221308
0.00221272
0.00224085
0.00211107
0.00220063
0.00224446
0.00220214
0.0022537
0.00218323
0.00222818
0.00220712
0.00226328
0.00227807
0.00217581
0.00217793
0.0021581
0.00220731
0.00222332
0.00225534
0.00216811
0.00217624
0.00223082
0.0021996
0.00220213
0.00225882
0.00225437
0.00222372
0.00221941
0.00212882
0.00221677
0.00220032
0.00224269
0.00222534
0.00220252
0.0022208
0.0021947
0.00221608
0.0021904
0.00224133
0.00222874
0.00221621
0.00225858
0.00223288
0.00227551
0.00218962
0.00220795
0.00222857
0.00221453
0.00223314
0.00222066
0.00222257
0.00226527
0.00220486
0.00222163
0.00223535
0.00222431
0.00218044
0.00220075
0.0022053
0.00224514
0.00214689
0.00221129
0.00220273
0.00221712
0.0022248
0.00219423
0.00217363
0.00220829
0.0022484
0.00222552
0.00224455
0.00216934
0.00226636
0.00218381
0.0022309
0.00226215
0.00226127
0.00218098
0.00218096
0.00226434
0.00221407
0.00225047
0.00221184
0.002248
0.00216707
0.00219384
0.00220397
0.00222122
0.00217127
0.00216683
0.00220633
0.00214084
0.00221058
0.002202
0.0021891
0.00222033
0.00221353
0.00222259
0.00231977
0.0022247
0.00224498
0.0021829
0.00211922
0.00219648
0.0021372
0.00223155
0.00219266
0.00223866
0.00215078
0.00215654
0.00228438
0.00224908
0.00223937
0.002222
0.00218422
0.00221151
0.00218563
0.00211768
0.00223377
0.00224564
0.00214918
0.00220266
0.00221271
0.00224873
0.00218692
0.00221319
0.00213246
0.00218974
0.0022277
0.00224081
0.00213615
0.0022486
0.00225249
0.00221421
0.00229706
0.00218686
0.00220494
0.00221887
0.00220136
0.00215076
0.00217485
0.00222846
0.00223752
0.00216869
0.00213036
0.00222748
0.00217023
0.00218659
0.00220992
0.00219966
0.00221469
0.00223525
0.00220668
0.00223273
0.0021981
0.002186
0.00222418
0.00224302
0.00217249
0.00227172
0.00224921
0.00228351
0.00210854
0.00223861
0.00221591
0.00223506
0.00218287
0.00180261
