0.2
0.00923762
0.00925169
0.00966733
0.00907415
0.00918013
0.0087704
0.00887643
0.00946656
0.00943603
0.00923796
0.00932908
0.00955514
0.00909178
0.00960355
0.0095391
0.00894382
0.00895561
0.00890458
0.00847507
0.00919036
0.00839
0.00955561
0.00908006
0.00906153
0.00902069
0.00922203
0.00849779
0.00916278
0.00973273
0.00964533
0.00887152
0.00898138
0.00921921
0.00865531
0.00911881
0.0087356
0.0085403
0.00932225
0.00901554
0.00941686
0.00915967
0.00937852
0.00857081
0.00919962
0.00998017
0.00921072
0.00903554
0.00904081
0.00885573
0.00993341
0.00917551
0.00899279
0.00959563
0.00918877
0.00836194
0.00987883
0.00876193
0.00936458
0.00891176
0.00846098
0.00876484
0.00924497
0.00892788
0.00945822
0.00898767
0.00891195
0.00957785
0.00937539
0.00924582
0.00904317
0.00930938
0.00963213
0.00872799
0.0093226
0.00885508
0.00903072
0.00861117
0.00922471
0.00933564
0.00946283
0.00938469
0.0087844
0.00938049
0.00970635
0.00882982
0.00858056
0.00911993
0.0090379
0.00888152
0.00938793
0.00947159
0.00908371
0.0087429
0.00939797
0.00865521
0.00889165
0.00886687
0.00917581
0.00858439
0.00857408
0.00922096
0.0090642
0.00909157
0.00873456
0.00926746
0.00861652
0.00869887
0.00965841
0.00858855
0.00738165
