0.2
0.0025124
0.00243117
0.00242048
0.00249868
0.00246322
0.00245437
0.00241958
0.00242891
0.00250774
0.00238903
0.00250342
0.00249988
0.00245808
0.00241026
0.00244203
0.00248535
0.00256804
0.00244718
0.00244575
0.00237149
0.00239659
0.00239791
0.00245994
0.00241632
0.0023853
0.00242355
0.00254411
0.00250567
0.00244964
0.00244554
0.0024812
0.00239608
0.00250888
0.00238695
0.00250933
0.00240396
0.00253959
0.00240284
0.0024976
0.00253768
0.00244086
0.00245537
0.00249484
0.00243741
0.00251455
0.00240651
0.00253583
0.00246093
0.00245448
0.00250224
0.00247174
0.00245426
0.00239827
0.0025712
0.0025075
0.0023858
0.00247939
0.00246005
0.00252029
0.00246454
0.00246706
0.00241548
0.00240944
0.00251983
0.00246088
0.00245153
0.0024027
0.00242865
0.00238043
0.00251383
0.00243717
0.00246923
0.0024876
0.0024544
0.00247427
0.00242795
0.00240911
0.00250828
0.00244672
0.00243366
0.00240678
0.00249089
0.00245193
0.00247688
0.00250557
0.00244525
0.00246437
0.00247074
0.00247706
0.002454
0.0024871
0.00245894
0.00244169
0.00234828
0.00250911
0.00244708
0.00246814
0.0023957
0.00239687
0.00238199
0.00235647
0.00251723
0.00245575
0.00248938
0.00238973
0.00244811
0.00252523
0.00235679
0.00240634
0.00242506
0.00243497
0.00252664
0.00243403
0.00247669
0.00239671
0.00248523
0.00247118
0.00241859
0.00249176
0.00249404
0.0024192
0.0024761
0.00240695
0.00233946
0.00238244
0.00246467
0.00240299
0.00246107
0.00246857
0.00258923
0.00242835
0.00250257
0.00258277
0.00237067
0.00244756
0.00241388
0.00237636
0.00244669
0.00238211
0.00246047
0.0024377
0.00239993
0.00250267
0.00244822
0.00233005
0.00249995
0.00244925
0.00245414
0.00250166
0.00251077
0.00237656
0.00243373
0.0024752
0.00245287
0.00252813
0.00243859
0.00249322
0.00246908
0.00246829
0.00235526
0.00239257
0.002402
0.00246711
0.00245515
0.00238729
0.00248894
0.00251517
0.00240906
0.00240316
0.00239243
0.00244941
0.00248466
0.00251292
0.00253138
0.00245955
0.0025435
0.00236555
0.00240293
0.0024336
0.00233681
0.00245942
0.00243132
0.00243534
0.00244048
0.00251703
0.00248876
0.00250332
0.00248447
0.00245083
0.00240133
0.00240868
0.00251591
0.0023863
0.00246502
0.00247807
0.00239826
0.0024197
0.00241268
0.00239631
0.00249831
0.00245078
0.00235794
0.00240371
0.00246306
0.0024188
0.00240192
0.00244307
0.00251889
0.00246311
0.00242041
0.00248694
0.00248488
0.00246104
0.00236534
0.00242075
0.00247285
0.00231526
0.00241377
0.00243294
0.00241722
0.00234835
0.00236763
0.00240569
0.00236348
0.00244675
0.00253449
0.00240553
0.00245166
0.0023809
0.00242293
0.00238277
0.00239487
0.00240111
0.00236623
0.00249475
0.00252363
0.00244918
0.00244801
0.0024805
0.00238236
0.00245107
0.0023545
0.00238891
0.00245071
0.00250848
0.00247439
0.00239236
0.0024256
0.00245056
0.00248283
0.00245607
0.00254846
0.0022882
0.00240051
0.00252724
0.00243581
0.00246913
0.00239412
0.00244758
0.00245796
0.00244919
0.00244951
0.00239299
0.00249237
0.0024837
0.00240016
0.00251466
0.00241986
0.00239244
0.00237891
0.00238165
0.00244036
0.00242417
0.00247309
0.0024285
0.00234187
0.0024843
0.00244974
0.00242249
0.00235041
0.00238571
0.00238479
0.00237796
0.00239812
0.00251334
0.00244408
0.00237859
0.00243236
0.00240485
0.00239563
0.00245623
0.0024683
0.0023992
0.0024763
0.0024237
0.0024325
0.00236092
0.00242238
0.00252953
0.00235716
0.00240301
0.00239176
0.00249045
0.00235269
0.00241192
0.00245932
0.00249697
0.00245654
0.00240004
0.00249485
0.00241589
0.00246062
0.00239963
0.00244152
0.00249737
0.00243532
0.00240954
0.00240821
0.00242345
0.00249318
0.00240847
0.00246579
0.00249536
0.00246962
0.00239688
0.00245277
0.00246146
0.00242892
0.00236697
0.00239674
0.0023482
0.00241274
0.00244256
0.00246512
0.00247309
0.00244869
0.00240669
0.00241587
0.00235259
0.00238035
0.00246987
0.00251401
0.00239563
0.00246177
0.00245356
0.00241688
0.00237957
0.00246692
0.0023678
0.00233649
0.00241742
0.00237772
0.00228518
0.00234262
0.0024451
0.00244115
0.00236097
0.00234783
0.00242738
0.00237627
0.00245073
0.00242047
0.00245366
0.00245391
0.00240732
0.00237268
0.00241769
0.00243668
0.00242625
0.0024207
0.00242799
0.00240877
0.00248496
0.00245555
0.00248764
0.00245471
0.00241926
0.00241697
0.00236471
0.00246682
0.00241562
0.00241949
0.00243595
0.00240776
0.00246479
0.002493
0.00249985
0.00251887
0.00248622
0.00238879
0.00242836
0.00238637
0.00239644
0.00252822
0.0024213
0.00241019
0.00243993
0.00252623
0.00247084
0.00237535
0.00242847
0.00238876
0.0024478
0.00255234
0.00234881
0.00237393
0.00253107
0.00244926
0.0024342
0.00197856
