0.2
0.00267003
0.00271623
0.00263741
0.00269776
0.00269056
0.00262772
0.00257545
0.00269595
0.00265393
0.00265524
0.00259146
0.00261801
0.00261084
0.00266568
0.00266219
0.00262949
0.00260585
0.00266695
0.00265714
0.00268242
0.00272149
0.00272058
0.00267316
0.00266446
0.00264286
0.00271299
0.00270029
0.00268766
0.00267634
0.00264069
0.00270279
0.00261973
0.00270891
0.00268617
0.00259427
0.00263624
0.0027802
0.0026131
0.00267041
0.00264506
0.00272922
0.00269058
0.00269143
0.00258517
0.00264678
0.00268611
0.00262072
0.00269987
0.00259846
0.00271121
0.00266034
0.00264187
0.00269515
0.00261005
0.00266113
0.00259542
0.00268585
0.00268441
0.00263023
0.00254791
0.00265939
0.00276077
0.00263544
0.0025987
0.00263539
0.00267789
0.00266951
0.00259764
0.00272739
0.00268748
0.00256664
0.00264542
0.00265891
0.0026023
0.00263793
0.00260553
0.00274679
0.00252984
0.00269574
0.00265283
0.00269838
0.00267407
0.00269904
0.00260453
0.00257806
0.00266375
0.00264442
0.00263783
0.00254994
0.00268736
0.00267817
0.00266222
0.00264729
0.00263503
0.00264006
0.00258985
0.00264892
0.00266499
0.00259877
0.00262589
0.00253396
0.00252959
0.00262214
0.00275943
0.00270469
0.00262485
0.00264075
0.00267172
0.00259874
0.00260812
0.00262292
0.00273179
0.0026195
0.00263665
0.00255883
0.00263618
0.00262035
0.00256546
0.00263162
0.00266639
0.0026011
0.00267944
0.00261017
0.00262479
0.00266423
0.00269373
0.00264775
0.00265146
0.00256158
0.00261146
0.00263741
0.00263984
0.00258468
0.00269124
0.00268129
0.00269038
0.00266162
0.00258399
0.00264657
0.00266668
0.0026863
0.00263665
0.00269248
0.00264549
0.00260471
0.00263144
0.00266104
0.00261526
0.00260876
0.00267196
0.00256227
0.00266813
0.00264697
0.00267201
0.00267962
0.00257266
0.00265259
0.00260091
0.00252653
0.00260265
0.00254558
0.00269967
0.00264692
0.00265909
0.00266313
0.00259199
0.00262339
0.00256698
0.00256058
0.0025827
0.00272511
0.002501
0.00263425
0.00266633
0.0025997
0.00262287
0.00258423
0.00259166
0.00265814
0.00272158
0.00265892
0.00258539
0.00265333
0.00264336
0.00259768
0.00257687
0.00262622
0.00261258
0.00257679
0.0026146
0.00269875
0.00269261
0.00254594
0.00266923
0.00262017
0.002639
0.0026809
0.00272189
0.00265501
0.00257173
0.00256501
0.00261437
0.00258503
0.00252767
0.00258507
0.00251576
0.00263021
0.00259338
0.00278472
0.00259875
0.00255703
0.00259737
0.00254943
0.00264444
0.00268718
0.00268597
0.0026198
0.00270551
0.00262762
0.00258229
0.00262225
0.00263619
0.00262973
0.00267509
0.00268831
0.00266869
0.00255209
0.00269157
0.00266201
0.00261206
0.00259858
0.00259106
0.00261605
0.00267242
0.00268774
0.00259187
0.00259558
0.00247664
0.00258358
0.00258556
0.00258634
0.00264415
0.00256775
0.00267417
0.00260751
0.00264174
0.00263688
0.00261503
0.00257788
0.00258891
0.00263245
0.00269047
0.00253649
0.00265802
0.00266837
0.00264062
0.00263611
0.00254898
0.00259925
0.00264022
0.00252817
0.0027278
0.00268353
0.00270714
0.00253653
0.00270448
0.00263267
0.00255815
0.00262946
0.00259182
0.00264165
0.00259424
0.00271722
0.00262942
0.00255646
0.00260956
0.00265917
0.00266099
0.00256388
0.0026156
0.00264792
0.00263401
0.00261741
0.0028567
0.0025368
0.00267928
0.00255526
0.00260567
0.00266069
0.00262099
0.00265822
0.00257909
0.00262101
0.00262748
0.0025922
0.00267315
0.002621
0.00265953
0.0026778
0.0026574
0.00258448
0.00258007
0.00259422
0.00264356
0.00261524
0.00260485
0.00260713
0.00268507
0.00266239
0.00264548
0.00262274
0.00261215
0.00252036
0.00268083
0.00252236
0.00251025
0.00261274
0.00263922
0.00256868
0.0026035
0.0025443
0.00269961
0.00262626
0.00264244
0.00252829
0.00260872
0.00254709
0.00273842
0.00262992
0.00270386
0.00259018
0.00263319
0.00260344
0.00266108
0.0026012
0.00260619
0.00259798
0.00266183
0.00270986
0.00261589
0.00262637
0.00256739
0.0026731
0.00262435
0.00269129
0.0025373
0.00266902
0.00261137
0.00266487
0.00263233
0.00269605
0.00264209
0.00258
0.00266861
0.00272475
0.00265078
0.00266081
0.00260087
0.00259278
0.0026051
0.00259342
0.00267042
0.00257395
0.00263343
0.00257254
0.00264575
0.00257784
0.00256381
0.00262508
0.00260868
0.00266368
0.00255413
0.00263984
0.00251834
0.00257039
0.00261125
0.00269635
0.00260831
0.00260212
0.0021348
