0.2
0.00256451
0.00249636
0.00247552
0.00258969
0.0026317
0.00252605
0.00259512
0.0025378
0.00251528
0.00258998
0.00254473
0.00249348
0.00251863
0.00254501
0.00253538
0.00254613
0.00257224
0.00255073
0.00245564
0.00248383
0.00250086
0.0025393
0.00256805
0.00253989
0.00246719
0.00257052
0.0024799
0.00256933
0.00249595
0.00253089
0.00254531
0.00245809
0.00258309
0.002486
0.00249753
0.00253944
0.00246262
0.00248831
0.00244551
0.00245563
0.002494
0.00256131
0.00260931
0.00246979
0.00252018
0.00251628
0.00248536
0.0025011
0.00257771
0.00246675
0.00248579
0.00255086
0.00249023
0.00260416
0.00239627
0.00243468
0.00247755
0.00247588
0.00254801
0.00255427
0.00254087
0.00253126
0.0024927
0.00255428
0.00247747
0.00245869
0.00247798
0.00254966
0.00252601
0.00255326
0.00250346
0.00256646
0.00256525
0.00256733
0.00252466
0.00251509
0.00254735
0.00251024
0.00257261
0.00241959
0.00249474
0.00261225
0.00256665
0.00254871
0.0025378
0.00250931
0.00249397
0.00246307
0.00249027
0.00257297
0.0024796
0.00250257
0.00251772
0.00252024
0.00256895
0.00247299
0.00249132
0.0024816
0.00243559
0.0024451
0.00248968
0.00247628
0.00250596
0.00250667
0.00250447
0.00243688
0.00249985
0.00251945
0.00251075
0.0025326
0.00245857
0.0025509
0.00241381
0.00251688
0.0024108
0.00240551
0.00253662
0.00251633
0.00260909
0.00247965
0.00251039
0.00249109
0.00251598
0.00252488
0.00255015
0.00250273
0.00257977
0.00252143
0.00252916
0.00251924
0.00244048
0.00254336
0.00242594
0.00256155
0.00249367
0.00261058
0.00252175
0.00256591
0.00244226
0.0024924
0.00248457
0.00244673
0.00251792
0.00250526
0.00249309
0.00246513
0.00244385
0.00257803
0.00244395
0.00249709
0.00248808
0.00252065
0.00259093
0.00252646
0.00248388
0.00244946
0.00247108
0.00249226
0.00250389
0.00245346
0.00245538
0.00241241
0.00261884
0.00248018
0.00246056
0.00247143
0.00248069
0.00253368
0.00255118
0.00257658
0.00252695
0.00252185
0.0024767
0.00259276
0.00259543
0.00248113
0.00259494
0.00250108
0.00248412
0.00257385
0.00255694
0.00248822
0.00252121
0.0025766
0.00246337
0.00249245
0.00256028
0.00245501
0.00247536
0.00245783
0.00250282
0.00256851
0.00248228
0.00240973
0.00241667
0.00253331
0.00249628
0.00250974
0.00249011
0.00240206
0.00258149
0.00242685
0.0025348
0.00247774
0.00241815
0.00253179
0.00247889
0.00248148
0.00242707
0.00237795
0.00254413
0.00250805
0.00257504
0.00257546
0.00245927
0.0024989
0.002432
0.00247532
0.00246789
0.00252921
0.00249769
0.00251893
0.00245942
0.00248078
0.00245888
0.00252597
0.00248647
0.00257422
0.0025631
0.00246364
0.00253272
0.00253563
0.00242588
0.00247805
0.0025211
0.0025193
0.00258842
0.00249193
0.00254992
0.00255883
0.0024666
0.00244352
0.00250107
0.00253254
0.00252445
0.00247389
0.00248478
0.00244116
0.00249457
0.00250832
0.0025894
0.00238982
0.00248185
0.00253709
0.00251083
0.00243683
0.00246377
0.00252212
0.00250854
0.00252805
0.00256114
0.00242738
0.0025433
0.00247958
0.00250391
0.00257982
0.00244958
0.00254228
0.00245543
0.0024442
0.00244368
0.00251386
0.00249442
0.00248952
0.00248703
0.00251426
0.00251088
0.00248843
0.0025486
0.00257403
0.00239629
0.00248825
0.00258632
0.00249888
0.0025252
0.0025397
0.00250942
0.00249826
0.00245222
0.00247415
0.00249898
0.00248281
0.00260856
0.00252561
0.00250379
0.00243765
0.00256099
0.00252922
0.00250045
0.00239212
0.00252081
0.00244709
0.00247769
0.00246212
0.00246873
0.00244971
0.00250708
0.00256307
0.00252911
0.00247801
0.00250337
0.00243768
0.0024763
0.00248952
0.00246692
0.00252255
0.00243628
0.00250461
0.00243769
0.00259229
0.00254237
0.00246455
0.00256679
0.00247636
0.00242673
0.00245739
0.00253361
0.00242415
0.00252982
0.00245715
0.00245026
0.00251959
0.00249379
0.00253105
0.00247505
0.00245282
0.00250438
0.00244023
0.00251339
0.00240974
0.0023707
0.00248399
0.0024638
0.00249983
0.00248336
0.00240636
0.00255986
0.00252309
0.00247333
0.00246247
0.0024763
0.00246453
0.00247806
0.0024648
0.0025066
0.00254413
0.00239348
0.00256099
0.00257964
0.00247422
0.00237687
0.00251168
0.00248761
0.00253104
0.00246286
0.00241726
0.00246409
0.00241543
0.00248938
0.00247938
0.0025457
0.00256313
0.00253568
0.00254172
0.0024555
0.00241627
0.00246424
0.00253041
0.00247659
0.00248698
0.00241584
0.00244115
0.00253739
0.00247813
0.00243823
0.00243859
0.00250117
0.00253381
0.00255656
0.00245026
0.00247576
0.00255086
0.0025241
0.00242406
0.00253801
0.0024038
0.00251408
0.00238871
0.00247055
0.00202795
