0.2
0.0084877
0.00837408
0.00874289
0.00867938
0.00855391
0.00814738
0.00895153
0.008117
0.00864218
0.00826367
0.00874597
0.00917828
0.0085103
0.00789179
0.00867575
0.00886056
0.00861841
0.00836208
0.00807943
0.00833476
0.0077683
0.00833491
0.00847912
0.00838125
0.00802696
0.00807436
0.0087474
0.00820854
0.00838643
0.00792836
0.0088384
0.00836858
0.00856757
0.00818765
0.0088126
0.0088367
0.00847189
0.00869973
0.00813772
0.00911889
0.00824282
0.00814503
0.00822684
0.00815568
0.00844342
0.00837691
0.00841243
0.0082912
0.00797723
0.00850672
0.00876878
0.00822141
0.00777002
0.00848842
0.00804469
0.00836727
0.00816501
0.0084824
0.00828642
0.00842091
0.00859255
0.00821879
0.00859369
0.00835361
0.00861071
0.00804683
0.00850647
0.00763184
0.00894815
0.00808865
0.0079424
0.00871611
0.00822772
0.00787439
0.00810135
0.008837
0.00782702
0.00829594
0.0075343
0.00831983
0.00902993
0.00774848
0.00827674
0.00815913
0.00861939
0.00817688
0.00816596
0.0084181
0.0084622
0.00839693
0.00848527
0.00821169
0.00850371
0.00808344
0.00792835
0.00832433
0.00866626
0.00869892
0.0083416
0.00811362
0.00765998
0.00830366
0.00852143
0.00834957
0.00828743
0.00862737
0.0081411
0.00784786
0.00825332
0.00819258
0.00844572
0.00842675
0.00794892
0.00784983
0.0082629
0.0083253
0.00842517
0.00830492
0.00859381
0.00676808
