0.2
0.00381389
0.00390807
0.003842
0.00401831
0.00385682
0.00383781
0.00375882
0.00383653
0.00394585
0.00384172
0.00397799
0.00406046
0.00389486
0.00409602
0.00408543
0.00389209
0.00392875
0.00390548
0.00403311
0.0039436
0.00370728
0.00389005
0.00393262
0.00384994
0.00391354
0.00417502
0.00392865
0.00388677
0.00382106
0.0039421
0.00387653
0.00383648
0.00384044
0.00390481
0.0040298
0.00401462
0.00402028
0.00389364
0.00379293
0.00380423
0.00392406
0.00382365
0.00391266
0.00390264
0.00396821
0.00389186
0.00391543
0.00376804
0.00383997
0.00391477
0.00371319
0.00389111
0.00388598
0.00383816
0.00402318
0.00386468
0.00389912
0.00408492
0.00381982
0.00412015
0.00379445
0.00369846
0.0037333
0.00383464
0.00368225
0.00382343
0.00387252
0.00371542
0.00394107
0.00387663
0.00388743
0.00405625
0.0039217
0.00385968
0.00388148
0.00389731
0.00373065
0.00386007
0.00380445
0.00384469
0.00394264
0.00388305
0.00383889
0.00397951
0.00372861
0.0039372
0.00392413
0.0038723
0.00386833
0.00405643
0.00399931
0.00375619
0.00376541
0.00370311
0.00374627
0.0038468
0.00399097
0.0037641
0.00380277
0.00381813
0.00375755
0.0038289
0.00392033
0.00368566
0.00383363
0.00361061
0.00389534
0.00381503
0.00383667
0.00375303
0.00375802
0.00389412
0.00365828
0.00371712
0.00385492
0.0037675
0.00390002
0.00382081
0.00401699
0.00389951
0.00376541
0.00377733
0.00394255
0.00386884
0.00371912
0.00387416
0.00382523
0.00392511
0.00387091
0.00380548
0.00378248
0.00395035
0.00389212
0.00386109
0.00374022
0.0038198
0.00377713
0.00386626
0.00392786
0.0038432
0.0037158
0.00398407
0.00376642
0.00382887
0.00393634
0.00387894
0.00375332
0.00374332
0.00375605
0.00391499
0.00391204
0.00385208
0.00373959
0.00375896
0.00392433
0.00382047
0.00371664
0.00387123
0.00396442
0.00405066
0.00380578
0.00389035
0.00377703
0.00387907
0.00384488
0.00379155
0.00374001
0.00378792
0.00378449
0.00378505
0.00364998
0.00384982
0.00384935
0.00368635
0.00379874
0.00394241
0.00391711
0.00372549
0.00378216
0.0038739
0.0039534
0.00386166
0.00386193
0.00370257
0.00372
0.00358719
0.00399698
0.00387451
0.00387964
0.00384214
0.00379747
0.00387911
0.00371381
0.00374743
0.00397326
0.0039223
0.00383881
0.00387263
0.00382047
0.00384366
0.00396521
0.003681
0.00383372
0.00394062
0.00372532
0.00393625
0.0037335
0.00406413
0.00389089
0.0038276
0.00394697
0.00374972
0.00393651
0.00366308
0.00380963
0.00391308
0.00386795
0.00371244
0.00376394
0.00400691
0.00372446
0.00376127
0.00390733
0.00386748
0.00373666
0.00382939
0.00374736
0.00392393
0.00363237
0.00383995
0.00374646
0.00381096
0.00396209
0.00374064
0.00392585
0.00389597
0.00378038
0.00375541
0.00383061
0.00374924
0.00396146
0.00383266
0.00387285
0.00389171
0.0037187
0.00386664
0.00395669
0.00390418
0.00379342
0.00371132
0.00390635
0.00369113
0.00376754
0.00383978
0.00365109
0.00370323
0.00380378
0.00375904
0.00383351
0.00312097
