0.2
0.00630345
0.00617081
0.00634803
0.00622251
0.00627591
0.00602974
0.00619057
0.0066442
0.00638616
0.00647941
0.0066955
0.00663893
0.00619467
0.00630612
0.00624419
0.00628647
0.00604769
0.00670369
0.00637203
0.00658836
0.00648645
0.00620212
0.00631356
0.006621
0.00630483
0.00598067
0.00635447
0.00648087
0.00635608
0.0064788
0.0060866
0.00631596
0.0063421
0.0062106
0.00630668
0.00650444
0.00628918
0.00597956
0.00603977
0.00630823
0.00602173
0.00632304
0.00610549
0.00619809
0.00627862
0.00614047
0.00637071
0.00638845
0.00646972
0.00597328
0.00656618
0.00628343
0.00635052
0.00628011
0.00572791
0.00625027
0.00639437
0.00595653
0.00629406
0.00594869
0.0064454
0.0062955
0.0064122
0.00635308
0.00607855
0.00669169
0.00657299
0.00595706
0.00646271
0.00634525
0.00586878
0.00632203
0.00646413
0.00625818
0.00645553
0.00621315
0.00611528
0.00608785
0.00634432
0.00619884
0.00631187
0.00649034
0.00598426
0.00623901
0.00608778
0.00647039
0.00606187
0.0064535
0.00642393
0.00618741
0.00630778
0.00649392
0.00659777
0.00639906
0.00644407
0.00645954
0.00605467
0.00610046
0.00621263
0.00634838
0.00624553
0.0062937
0.00596187
0.00661479
0.00621492
0.0059001
0.0062783
0.00634512
0.00603962
0.00667014
0.00619346
0.00605881
0.00617882
0.00606297
0.00630894
0.00642767
0.00617971
0.0060996
0.00602783
0.00614298
0.00607892
0.00627887
0.00595526
0.00631321
0.00641084
0.00607854
0.00605598
0.00605883
0.00575563
0.00612777
0.00629579
0.00635575
0.0062854
0.00635222
0.00613501
0.00589432
0.00646138
0.00626952
0.00616019
0.00646135
0.00605861
0.00627331
0.00595127
0.0066325
0.00613697
0.00635041
0.00626469
0.00623689
0.00607401
0.00613721
0.006234
0.00615207
0.00602842
0.00637324
0.00634549
0.00622181
0.00578513
0.00608946
0.00606768
0.00507391
