0.2
0.00285972
0.00274697
0.00283683
0.00277671
0.00274797
0.00277101
0.00275757
0.0026955
0.00278046
0.0029129
0.00273536
0.0027916
0.00276196
0.00284404
0.00280575
0.00282072
0.00286139
0.00281869
0.00277178
0.00276999
0.00289517
0.00283351
0.00279906
0.00277581
0.00276904
0.00277348
0.00292481
0.00283901
0.00273421
0.00278333
0.00281033
0.00295692
0.00280683
0.00277577
0.00275548
0.00277396
0.00269691
0.00275287
0.00271086
0.00286553
0.00279056
0.00285442
0.00281587
0.0027548
0.00287643
0.00272677
0.00272399
0.00270115
0.00279703
0.00280012
0.00276763
0.00284983
0.00281933
0.00285007
0.00282221
0.00276481
0.00275938
0.00274438
0.00289868
0.00283472
0.00278347
0.00279146
0.00283817
0.00281958
0.00274115
0.00283611
0.0027384
0.00285656
0.00276319
0.00283223
0.00280884
0.00285771
0.00266699
0.00277642
0.00283301
0.00282453
0.00284932
0.00281864
0.00285111
0.0027835
0.00279961
0.00276792
0.00278557
0.0027006
0.00274947
0.00269556
0.00283302
0.00281193
0.00273136
0.0028166
0.00291662
0.00281035
0.00273115
0.00286909
0.00278384
0.00275109
0.0027648
0.00272325
0.00273888
0.00287575
0.00278932
0.00281143
0.00268593
0.00269323
0.00282328
0.00279613
0.00266632
0.00280946
0.00280581
0.00273102
0.00281351
0.0027124
0.00273572
0.00274667
0.00284616
0.00276999
0.00266114
0.00287118
0.00265263
0.0027966
0.00270887
0.00276628
0.0027237
0.00288085
0.00278436
0.00278946
0.00279678
0.00284745
0.00284347
0.00276949
0.00277265
0.00276128
0.00283396
0.00278318
0.00277494
0.00284167
0.00278262
0.00275438
0.00283496
0.00293649
0.00275503
0.00269385
0.00285992
0.0028582
0.00279515
0.00301661
0.00287696
0.00285492
0.00281357
0.00267261
0.00277269
0.00283157
0.00276189
0.00279372
0.00275405
0.00275824
0.00285434
0.00280234
0.00270558
0.00270033
0.00272664
0.00271137
0.0027925
0.00279918
0.00273464
0.0028045
0.00275596
0.0027667
0.00273263
0.00292982
0.00285901
0.0026332
0.00283473
0.00270549
0.00272451
0.00277392
0.00278124
0.00275756
0.00267802
0.00278808
0.0026942
0.0027581
0.00265633
0.00274473
0.00283587
0.00273645
0.00281586
0.002761
0.00271115
0.00277859
0.0027238
0.00268924
0.00277684
0.00284059
0.0027065
0.00281314
0.00276173
0.00281638
0.0029027
0.0028637
0.00275091
0.00275426
0.00282046
0.00274051
0.00268958
0.002772
0.00270078
0.00282303
0.00280959
0.00269699
0.00282205
0.00279118
0.00282169
0.00275465
0.00276221
0.00277305
0.002719
0.00273218
0.00272608
0.00276192
0.00271647
0.00277381
0.0027545
0.00269419
0.00279851
0.00281312
0.0026779
0.00270419
0.00278368
0.00281237
0.00275943
0.00274517
0.00276031
0.00272134
0.00285763
0.00281083
0.00283494
0.00279852
0.00281948
0.00276824
0.002783
0.00286417
0.00285904
0.0027017
0.00272471
0.00259225
0.00291409
0.00275618
0.00272424
0.00279386
0.00277003
0.00283622
0.00274683
0.00280082
0.00274802
0.00282319
0.00264258
0.00281443
0.00279065
0.00277019
0.00275152
0.00278001
0.00265106
0.00282563
0.00288871
0.0028021
0.0028425
0.00262347
0.00276052
0.00282304
0.00271334
0.00274741
0.00274075
0.00295473
0.00279175
0.00275523
0.00283319
0.00279374
0.00278614
0.00277282
0.00272354
0.00272839
0.00276471
0.00275257
0.00281327
0.00277432
0.00276054
0.00275707
0.00285671
0.00277094
0.00286236
0.00285084
0.00271498
0.00271651
0.00273802
0.00272703
0.00273558
0.00274098
0.00272871
0.00272285
0.00281618
0.00289488
0.00272291
0.00278236
0.00273316
0.00272262
0.00268038
0.00273809
0.00276259
0.00279782
0.00280485
0.00277496
0.00287313
0.00280807
0.00273538
0.00271645
0.00276592
0.00278066
0.00275594
0.00275973
0.00276073
0.00285119
0.00271871
0.00269501
0.00279702
0.00272347
0.00270682
0.00279932
0.00275529
0.00290083
0.00283022
0.00276878
0.0028279
0.0027592
0.00277272
0.00273919
0.0028704
0.00275889
0.00278873
0.00279315
0.00278886
0.00278044
0.00272372
0.00276914
0.00275409
0.00271677
0.00271887
0.00284076
0.00284119
0.00274383
0.00270279
0.00278897
0.00277914
0.00266341
0.00266683
0.00271501
0.00276878
0.00275547
0.00283258
0.00225336
