0.2
0.00297434
0.00311443
0.00295956
0.00291617
0.00296628
0.002911
0.00295581
0.00299719
0.00303344
0.00301242
0.00307342
0.00297711
0.00305035
0.00295648
0.00294358
0.00301132
0.00296009
0.0029012
0.00290401
0.00285385
0.00302984
0.00302127
0.00302662
0.00294169
0.00296417
0.00302805
0.00279786
0.00303054
0.00304799
0.0029549
0.00295765
0.00294686
0.00298112
0.00300533
0.00297618
0.00293934
0.00288459
0.00284705
0.00302737
0.00282358
0.00290078
0.00289792
0.00307894
0.00290703
0.00289393
0.0029664
0.00287984
0.00294504
0.00304998
0.00306887
0.00294618
0.00287805
0.00305516
0.00298838
0.00296854
0.00306497
0.00309828
0.00284118
0.00298524
0.00301009
0.00299425
0.00295087
0.00287267
0.00293246
0.00303403
0.00295115
0.00290716
0.00295433
0.00288506
0.00289583
0.00294744
0.00291131
0.00286452
0.00299361
0.00298105
0.0028946
0.00303679
0.00293008
0.00302708
0.0028918
0.00294854
0.00304376
0.0030393
0.00283902
0.00293133
0.00295434
0.00301336
0.00305503
0.00294534
0.00285123
0.0030321
0.00296576
0.00309374
0.00299021
0.00290773
0.00294665
0.00300262
0.00296214
0.00305243
0.00294451
0.00300496
0.00294546
0.00284728
0.00292804
0.00291233
0.00310292
0.00297134
0.00292815
0.00299326
0.00299306
0.00303201
0.00289869
0.00286636
0.0029843
0.00288452
0.0028359
0.00294495
0.00300617
0.00295386
0.00292895
0.00299665
0.002997
0.00284788
0.00291519
0.00293705
0.00301814
0.00292193
0.00293111
0.00297822
0.00301405
0.0030349
0.00297547
0.00298027
0.00295903
0.00298774
0.00296875
0.00305391
0.00291252
0.00287667
0.00292503
0.00291299
0.00304194
0.0029052
0.00289208
0.00293623
0.00301827
0.00289305
0.00289094
0.00296333
0.00286147
0.00282812
0.00293959
0.00296731
0.00305676
0.00296807
0.00281537
0.00298199
0.00294777
0.00297327
0.00294988
0.00285983
0.00292308
0.00290624
0.00297282
0.00287385
0.00303966
0.00294499
0.00309245
0.0028292
0.00303993
0.00288858
0.00296658
0.00288262
0.00282347
0.00279855
0.00296222
0.00295924
0.00291958
0.00292477
0.0029427
0.0029752
0.0028867
0.00298061
0.00291222
0.00294154
0.00285807
0.00304552
0.00285644
0.00293334
0.00294032
0.00291589
0.0029601
0.00299089
0.00302221
0.00296299
0.0030035
0.00291935
0.0029692
0.00298364
0.00303218
0.00284593
0.00291339
0.0029962
0.00290324
0.00299525
0.00283735
0.00282375
0.00299292
0.00290478
0.00289219
0.00302549
0.00295646
0.00292059
0.0027996
0.00293883
0.00289955
0.00290973
0.00289783
0.00300748
0.00291386
0.00293293
0.00295518
0.00293921
0.00290625
0.0028798
0.00289982
0.00289464
0.00289771
0.00279626
0.00286312
0.00286554
0.00279247
0.00288384
0.00293614
0.0029829
0.00290968
0.00289395
0.00291627
0.00296363
0.00303429
0.00293114
0.00302604
0.00285765
0.00290988
0.00286415
0.00299999
0.00309464
0.00294208
0.00286183
0.00293826
0.00298445
0.00297189
0.00290557
0.00286163
0.00288694
0.00283897
0.00296828
0.00300199
0.00306743
0.00290882
0.00293298
0.00290739
0.00295831
0.00300366
0.00291237
0.00301698
0.00296856
0.00293579
0.00296615
0.00295575
0.00287654
0.00292641
0.00292916
0.00288003
0.00294262
0.00288194
0.00276917
0.0028989
0.00291762
0.0029775
0.00286852
0.00294431
0.00284459
0.00297199
0.00279936
0.00291065
0.00288737
0.00293549
0.00297318
0.00287797
0.00288106
0.00296834
0.00288805
0.00292223
0.00292881
0.00297218
0.00297454
0.00294708
0.00292263
0.00293601
0.0029625
0.00287891
0.00290985
0.00291657
0.00282185
0.00309423
0.00288761
0.00295071
0.00298533
0.00290379
0.00291792
0.00290345
0.00288939
0.00287267
0.00294041
0.00292247
0.00296544
0.0028897
0.00297467
0.00290977
0.00291555
0.00292263
0.00291422
0.00283945
0.00297089
0.00307219
0.00293807
0.00294882
0.00295809
0.00298778
0.00287288
0.00295664
0.00293712
0.00302092
0.00288451
0.00294746
0.00284139
0.0029307
0.00292353
0.00238609
