0.2
0.00346033
0.00336583
0.00349742
0.00348162
0.00343654
0.00348782
0.00351165
0.00345345
0.00348982
0.00336068
0.00340168
0.00348209
0.00346319
0.0035427
0.00346601
0.00356228
0.00345814
0.003314
0.00344925
0.00342307
0.0035956
0.00346801
0.00353931
0.00356149
0.00334372
0.00351738
0.0034125
0.00335365
0.00344222
0.00355959
0.00355759
0.00349999
0.00348908
0.00353324
0.00353216
0.00350389
0.00344671
0.00346889
0.00344648
0.00338387
0.0035971
0.00337533
0.00346485
0.00346681
0.00346562
0.00350702
0.00342268
0.00330899
0.00346135
0.00343795
0.00340998
0.00345506
0.00352563
0.00353435
0.00338868
0.00340218
0.00346162
0.00348721
0.00348386
0.00355403
0.00348558
0.0035078
0.00336638
0.00355592
0.00354529
0.00341112
0.00349934
0.00349639
0.00343308
0.00356603
0.0034121
0.00328128
0.00352376
0.00349693
0.00344366
0.00348737
0.00353574
0.00350008
0.00344312
0.00346247
0.00338752
0.00333442
0.00345083
0.00345961
0.00338803
0.00356728
0.00365706
0.00345596
0.00346951
0.00345985
0.00352498
0.0035223
0.00347882
0.00349451
0.00337172
0.00341085
0.00341513
0.00343161
0.00347076
0.0033743
0.00326685
0.00331584
0.003373
0.00350451
0.00350897
0.00355471
0.00344748
0.00329224
0.00331129
0.00342088
0.00351706
0.00339655
0.00338495
0.00346725
0.00337325
0.00334456
0.0033276
0.00339885
0.00341273
0.00348016
0.00347683
0.00343985
0.00342028
0.00348643
0.0034623
0.00355243
0.00347599
0.00356533
0.00334446
0.00354998
0.00341062
0.00347406
0.00348749
0.00331353
0.00349238
0.00354829
0.00344042
0.00360335
0.00337613
0.00330697
0.00341877
0.00354013
0.00345534
0.00350388
0.00359309
0.00338022
0.00343439
0.00348788
0.00339004
0.00348825
0.00361634
0.00345296
0.0034659
0.00329532
0.00342444
0.00336759
0.00338285
0.00355791
0.00355518
0.00354869
0.00343102
0.00340282
0.00356458
0.00339988
0.00343682
0.00345676
0.00331723
0.00337336
0.00339831
0.00345267
0.00341365
0.00341724
0.00347675
0.00338698
0.00330339
0.00344106
0.00348229
0.00331967
0.00361142
0.00350792
0.00343128
0.00347186
0.00346222
0.00336499
0.00353411
0.00347841
0.00345802
0.00342109
0.00359135
0.00346743
0.00350909
0.00347238
0.00348023
0.00361187
0.0032812
0.00352031
0.00344336
0.00341386
0.00347992
0.00348153
0.00340984
0.00338691
0.00351495
0.00341693
0.00345517
0.00330054
0.00348985
0.00355144
0.00347953
0.00340395
0.00346129
0.00349017
0.00330379
0.00346107
0.00357163
0.00338513
0.00344043
0.00336214
0.00351916
0.00341647
0.00331657
0.00339746
0.0035064
0.00350952
0.00353843
0.00334342
0.00334011
0.00336683
0.00351209
0.00343266
0.00346543
0.00339202
0.00340247
0.00344984
0.00341577
0.00331688
0.00345727
0.00344987
0.0033037
0.0033821
0.00340118
0.00336507
0.00328731
0.0035546
0.00354266
0.00347648
0.00351026
0.00343471
0.00335178
0.00330563
0.00337685
0.00355107
0.0033831
0.00340376
0.00347689
0.00351062
0.00349167
0.00343849
0.00347248
0.0035683
0.00351407
0.00347091
0.00349101
0.00337707
0.00338534
0.00345366
0.00340145
0.0033696
0.00347878
0.00347633
0.00346998
0.00342706
0.00338362
0.00347075
0.00337456
0.00350306
0.00348234
0.00334585
0.00346177
0.00356863
0.00350845
0.00340392
0.00337311
0.00347526
0.00347082
0.00343447
0.00348599
0.00351161
0.00340587
0.0027974
