0.2
0.00689868
0.00702461
0.00634974
0.0064383
0.00672597
0.00677208
0.00645294
0.00700718
0.0069291
0.00683005
0.00654217
0.00645653
0.00660664
0.00661578
0.00675789
0.00670722
0.0066619
0.0066436
0.00657708
0.00662745
0.00687911
0.00665085
0.00716201
0.00671547
0.00675328
0.00648913
0.00663423
0.00668712
0.00682673
0.00638291
0.00696688
0.00672088
0.00666459
0.00626359
0.00669
0.00662933
0.00665169
0.00654777
0.00690035
0.00647318
0.00673058
0.00655543
0.00692986
0.00676225
0.00655648
0.00691208
0.00648836
0.00673167
0.006886
0.00662095
0.00673703
0.00690218
0.0067648
0.00666753
0.00687588
0.00655618
0.0062703
0.00687677
0.00674287
0.00687345
0.00690476
0.00667973
0.00672735
0.00633455
0.00696151
0.00664566
0.00675599
0.00688296
0.00692022
0.0071582
0.00672536
0.00694113
0.0068548
0.00672784
0.00652151
0.00664661
0.00657451
0.0067064
0.00651871
0.00642411
0.00670763
0.006959
0.00697767
0.00707973
0.00676991
0.00666103
0.00639691
0.00698706
0.00652078
0.00676248
0.0071156
0.00648532
0.00638767
0.00646927
0.00663062
0.0064492
0.0069349
0.00680151
0.00639946
0.00628118
0.006849
0.00659065
0.00686037
0.00665478
0.00638565
0.00670199
0.00669315
0.00629379
0.00746427
0.00668086
0.00663238
0.00681606
0.00677141
0.00644834
0.00661602
0.00648842
0.00669146
0.00639264
0.00650219
0.00687603
0.0065369
0.00685069
0.00650065
0.0066581
0.0067138
0.00682225
0.00657231
0.00617341
0.00624163
0.00679664
0.00679246
0.00658272
0.00675528
0.00641649
0.00648599
0.00656324
0.00629035
0.00694967
0.00648581
0.00649061
0.00651114
0.00681274
0.00668684
0.00652949
0.00651
0.0065602
0.00657582
0.00672247
0.00644712
0.00541223
