0.2
0.00346399
0.00359799
0.00361994
0.00355547
0.00355672
0.00347587
0.00352764
0.00363931
0.00364259
0.00364462
0.00356567
0.00369626
0.00361801
0.00355509
0.00364239
0.00359983
0.00380815
0.00371758
0.00358331
0.00381454
0.00348515
0.00355252
0.00353649
0.00352921
0.00365619
0.0036202
0.00358494
0.00359796
0.00359015
0.00345972
0.00353332
0.00354211
0.00347655
0.00356088
0.00350657
0.00370438
0.00339554
0.00378146
0.00369849
0.00364834
0.00371596
0.00358078
0.00371298
0.00367425
0.00355267
0.00357706
0.00360041
0.00368924
0.00358328
0.00351488
0.0036382
0.0036308
0.00337448
0.00365834
0.0036499
0.00357669
0.00362699
0.00349409
0.00363636
0.00363806
0.00357182
0.00358749
0.00345092
0.00355812
0.0037572
0.0036742
0.00369564
0.00360815
0.00365969
0.0035504
0.00360222
0.00357966
0.00355126
0.00370545
0.00376418
0.00347618
0.003602
0.00368597
0.00364415
0.00374284
0.00348211
0.0035721
0.00362718
0.00376837
0.00346012
0.00362627
0.00369007
0.00370788
0.00351323
0.0035272
0.00357078
0.0035111
0.00353335
0.00357031
0.00351904
0.00367257
0.00362765
0.00361213
0.00357695
0.00358399
0.00368159
0.00351346
0.00362889
0.00345574
0.00343554
0.00354029
0.00377335
0.00350565
0.00363837
0.00354818
0.00340026
0.00363794
0.00359635
0.00352351
0.00355142
0.00348003
0.00345832
0.00347391
0.00355051
0.00352719
0.00360737
0.00354941
0.00359268
0.00359809
0.00347512
0.00354325
0.00353263
0.00359602
0.00358896
0.00347538
0.00369909
0.00342333
0.00342479
0.00347611
0.00361243
0.00340734
0.00351054
0.00366205
0.00359335
0.00354789
0.00359697
0.00338393
0.0035542
0.00357311
0.00352635
0.0034753
0.00360351
0.00356074
0.0034952
0.00363964
0.0035369
0.00365493
0.00344358
0.0034994
0.00354907
0.00349188
0.00342851
0.0036223
0.00364901
0.00348891
0.00343504
0.00378347
0.00366148
0.00351425
0.00352921
0.00360883
0.00349457
0.00363419
0.00347809
0.00342862
0.00350875
0.00363394
0.00349932
0.00379986
0.00352849
0.0036474
0.00361466
0.00346968
0.00352744
0.0035595
0.00341193
0.00347104
0.00361164
0.00349763
0.00357555
0.0035644
0.00375095
0.00354624
0.00360724
0.00362295
0.00365886
0.00348058
0.0035581
0.00361853
0.00360696
0.00364258
0.00362181
0.0035032
0.00363782
0.00348357
0.00363797
0.00350013
0.00358064
0.00344045
0.00354887
0.00349234
0.00364187
0.00351713
0.00374982
0.00353575
0.00361385
0.0035214
0.00345708
0.00364164
0.00350781
0.00354088
0.00365945
0.0036101
0.00359464
0.00349661
0.00350488
0.0036346
0.00358
0.00364817
0.00359429
0.00350153
0.00355562
0.00347479
0.00353398
0.00359184
0.00348951
0.00372173
0.00347798
0.00354265
0.00359906
0.00350334
0.00369753
0.00362088
0.00349056
0.00358386
0.00353285
0.00343322
0.00350458
0.0035399
0.00353446
0.00355851
0.00366041
0.00350374
0.00350275
0.00372302
0.00355488
0.00372273
0.00361985
0.00358429
0.00343613
0.00358537
0.00350408
0.00355949
0.00357441
0.00346592
0.00348949
0.00361682
0.00358303
0.00360571
0.00353329
0.00336872
0.00359761
0.00354268
0.00362446
0.00357321
0.00362681
0.0035942
0.00353027
0.00348253
0.00352984
0.00376765
0.00345822
0.00370129
0.00357204
0.00289766
