0.2
0.00239979
0.00237887
0.00242239
0.00243584
0.00245509
0.00240393
0.00240834
0.00241766
0.00241575
0.00242191
0.002311
0.00239853
0.00234965
0.0024486
0.00238755
0.00239757
0.00235687
0.00245901
0.00246368
0.00238844
0.00249851
0.002398
0.00239224
0.00236771
0.00241696
0.00235188
0.00239728
0.00242702
0.00231379
0.00243428
0.00240222
0.00236758
0.00238864
0.00234587
0.00236471
0.0024064
0.00242504
0.00238831
0.00243607
0.00239597
0.00242696
0.00237818
0.00246608
0.00245437
0.0024868
0.00240623
0.00243804
0.00241155
0.00238318
0.00251089
0.00239139
0.00235687
0.00233283
0.00245959
0.00235413
0.00236514
0.0024028
0.00236578
0.00237501
0.00242252
0.00230901
0.00233054
0.00237161
0.00233793
0.00240737
0.00238829
0.00235939
0.00234368
0.00241419
0.00238859
0.00234354
0.0024097
0.00242207
0.00226872
0.00239198
0.00229353
0.00236418
0.00237917
0.00245596
0.00251628
0.00241131
0.00243738
0.00241655
0.00248018
0.00251567
0.00232961
0.00241491
0.00238643
0.00239729
0.00240833
0.00234091
0.00247523
0.00239747
0.00242568
0.00241426
0.00237761
0.00242787
0.0024556
0.00241561
0.00238533
0.00236716
0.00245499
0.00238043
0.00239722
0.00233525
0.00233962
0.00239056
0.00243973
0.00239582
0.00240453
0.00236253
0.00236832
0.00236958
0.00246336
0.00239555
0.00238473
0.00244652
0.00233065
0.00248131
0.0024112
0.0023071
0.00240161
0.00236425
0.00235972
0.00238391
0.0023692
0.00235853
0.0024143
0.0024197
0.00231614
0.00241402
0.00243061
0.00235561
0.00240043
0.00232961
0.00231288
0.00251321
0.00240813
0.00240275
0.00243091
0.00239294
0.00238856
0.00241022
0.0023791
0.00239537
0.00238836
0.00235891
0.00238236
0.00249583
0.00231785
0.00241117
0.00231443
0.00235946
0.00239654
0.00239599
0.00237631
0.00239264
0.00240992
0.00238203
0.00242339
0.00240253
0.00235596
0.00242406
0.002373
0.00231472
0.00238726
0.00238742
0.00235667
0.00231755
0.0024252
0.00235954
0.00227588
0.00238759
0.00235459
0.00242185
0.00234864
0.0023459
0.0023667
0.00243241
0.00229863
0.00242311
0.00239204
0.00234282
0.00236164
0.00243047
0.00236517
0.00240295
0.00233196
0.00234945
0.00234205
0.00236761
0.00232264
0.00239378
0.0023871
0.00238691
0.00240037
0.00235368
0.00241227
0.00236028
0.00236304
0.00238472
0.00241055
0.00231244
0.00240489
0.00234357
0.00234945
0.00238607
0.00242375
0.0023877
0.00235131
0.00239601
0.00240653
0.00245217
0.00239733
0.00237979
0.00242832
0.00232706
0.00246826
0.00236649
0.00239982
0.00235582
0.00244185
0.00238627
0.00238179
0.00237715
0.00231292
0.00241057
0.00239945
0.00244403
0.00237528
0.00236027
0.00234307
0.00238603
0.00242752
0.00233277
0.00237133
0.00231747
0.00240436
0.0024341
0.00236596
0.00231477
0.00236391
0.00235229
0.00236557
0.00237099
0.00238138
0.00236462
0.00238786
0.00240843
0.00228309
0.00236557
0.00230353
0.00238711
0.00238295
0.00244782
0.00241614
0.00242366
0.00239971
0.00237816
0.00244563
0.00235913
0.00239732
0.00231904
0.00235768
0.00232646
0.00232398
0.00239089
0.0024272
0.00242484
0.00239499
0.00242527
0.00239476
0.00241334
0.00241523
0.00235596
0.00234078
0.00240969
0.00229301
0.00240678
0.00238864
0.00236203
0.00231368
0.00241288
0.00240058
0.00228747
0.00228965
0.00239861
0.00236698
0.00251199
0.00232794
0.00226651
0.00237395
0.0023888
0.0023723
0.00238026
0.00239123
0.00233308
0.00236708
0.00230839
0.0024012
0.00236207
0.00231785
0.0023474
0.002301
0.00243405
0.00238166
0.00235928
0.00235592
0.00230919
0.00239735
0.00239957
0.00240936
0.00242106
0.00240308
0.00236756
0.00236464
0.00235337
0.00232763
0.00234073
0.00237668
0.00244867
0.0024501
0.00239771
0.00230899
0.00235227
0.00237199
0.00239268
0.00235331
0.00238283
0.00245637
0.00234174
0.00235533
0.00229568
0.00236466
0.00232026
0.00236216
0.00238929
0.00231317
0.00235986
0.00234636
0.00241668
0.00234394
0.00237404
0.00235992
0.00239491
0.00232422
0.00241099
0.00245925
0.00244814
0.00235014
0.00236767
0.00236061
0.00225692
0.00240131
0.00233163
0.00239672
0.00244666
0.00233591
0.00237421
0.00241008
0.00233879
0.00234861
0.00244211
0.00237638
0.00230618
0.00235891
0.00228746
0.00248856
0.00237422
0.00241358
0.00244054
0.00232929
0.0023561
0.00237278
0.002367
0.00234828
0.00237999
0.00235478
0.00243926
0.00232741
0.00236471
0.00238955
0.00237037
0.00235111
0.0022923
0.00234325
0.00235565
0.00233412
0.00238687
0.00236111
0.00238233
0.00240176
0.00239096
0.00231135
0.00243019
0.00234164
0.00236148
0.00246911
0.0023163
0.00236828
0.00234571
0.00242824
0.00233344
0.00234897
0.00241913
0.00229843
0.00239974
0.00241514
0.00230051
0.00243487
0.00233785
0.00233226
0.0024069
0.00235752
0.00234421
0.0024091
0.00236233
0.00242319
0.00232983
0.0019314
