0.2
0.00757051
0.00717782
0.00741533
0.00782069
0.00790542
0.00816353
0.00766852
0.00737856
0.00783432
0.00756941
0.00767483
0.0078087
0.00786126
0.00760424
0.00765652
0.00756868
0.00764409
0.00765548
0.007388
0.00793524
0.00801793
0.00782636
0.00777197
0.00799165
0.00763901
0.00776845
0.00751418
0.00768574
0.00778688
0.00745659
0.00751834
0.00786502
0.00784412
0.00773444
0.00757554
0.00764617
0.00735955
0.00764792
0.00753031
0.00764397
0.00814151
0.00787522
0.00796386
0.00801282
0.00740108
0.00765737
0.00782961
0.00756884
0.00787847
0.00803408
0.00763781
0.00815222
0.00768338
0.00825696
0.00802733
0.0077682
0.00762128
0.00785185
0.00730357
0.00776
0.00714447
0.00806369
0.00806144
0.00780734
0.00756612
0.00772575
0.00774101
0.00769215
0.00768383
0.00776793
0.00801262
0.00785532
0.00793855
0.0068558
0.00805826
0.00773061
0.00796675
0.0075969
0.00792859
0.00804373
0.00743895
0.00781751
0.00791578
0.00747939
0.00800472
0.00766419
0.00790461
0.00756344
0.00759824
0.00749942
0.00747769
0.0075872
0.00757765
0.0072926
0.00762271
0.00801326
0.00736865
0.00763966
0.00778347
0.00761219
0.00768697
0.00791012
0.0076003
0.00773294
0.00727467
0.00770413
0.00778363
0.00781175
0.00740812
0.0082534
0.00747304
0.00732285
0.00783989
0.00798647
0.00722145
0.00787062
0.00758103
0.00764338
0.00791366
0.00734714
0.00783096
0.00771933
0.00754235
0.00778319
0.00758311
0.00718817
0.00731221
0.00789382
0.00788343
0.00624498
