0.2
0.0112273
0.0113885
0.0111717
0.0107043
0.0116952
0.0113439
0.0112145
0.0101841
0.0115744
0.0105549
0.0117999
0.0113931
0.0106184
0.0103349
0.0114336
0.0118386
0.011588
0.0105541
0.0109955
0.0103612
0.0102956
0.0104912
0.0112824
0.0112506
0.0107042
0.0111491
0.0110916
0.0121534
0.0108134
0.0114551
0.010668
0.0114334
0.0107786
0.0105647
0.0107505
0.0127114
0.0114188
0.0110426
0.0103326
0.0113568
0.0106252
0.0111931
0.0108774
0.0106102
0.0114316
0.010118
0.0105005
0.0119892
0.0120811
0.0109082
0.0110121
0.011802
0.0108923
0.0119016
0.0112325
0.011065
0.0105126
0.011925
0.0107193
0.0110282
0.0102232
0.0116025
0.0109685
0.0110208
0.0124943
0.0108536
0.0114616
0.0108351
0.0109365
0.0114371
0.0108945
0.0112048
0.0113097
0.0112059
0.0113049
0.0108342
0.0117712
0.0114631
0.0103785
0.0114281
0.0111634
0.0112279
0.0117825
0.0114814
0.0121207
0.00980633
0.0111491
0.0109775
0.0114978
0.00901998
