0.2
0.0155383
0.0168606
0.0160536
0.0165606
0.016427
0.0181218
0.017191
0.0168695
0.0166997
0.0181241
0.0175908
0.017035
0.0158496
0.0166362
0.0179419
0.015917
0.0163162
0.0163078
0.0165599
0.0167217
0.0150712
0.0159363
0.0190739
0.0165824
0.017284
0.0155992
0.0151828
0.0184003
0.0177512
0.0170216
0.0151547
0.017524
0.015379
0.015414
0.0151297
0.0170428
0.017144
0.0150553
0.0169723
0.0167202
0.0170092
0.0170191
0.0178623
0.0157342
0.0159355
0.0160266
0.0166668
0.0157656
0.0159674
0.017827
0.0159747
0.0162124
0.0170574
0.0182609
0.0173427
0.0173587
0.0183252
0.0182223
0.0171314
0.0135396
