0.2
0.00336915
0.00325274
0.00336303
0.00348382
0.00343276
0.00331321
0.00342143
0.00330044
0.00341056
0.00340729
0.0033254
0.00339049
0.00334887
0.00346637
0.00346563
0.00338067
0.00355062
0.00338053
0.00332247
0.00331741
0.00340292
0.00331774
0.00338511
0.00332259
0.00353227
0.00335085
0.00352138
0.00347842
0.00332602
0.00341564
0.00329378
0.00335623
0.00334131
0.00339788
0.00327834
0.00333004
0.00330958
0.00342524
0.00323883
0.00329627
0.00332587
0.00320935
0.00338274
0.00328376
0.00347066
0.00333622
0.00348751
0.00327044
0.00336877
0.00335077
0.00337466
0.00333027
0.00335105
0.00334406
0.00336213
0.00345134
0.00337224
0.00330941
0.00335787
0.00337168
0.00348584
0.00336127
0.0034448
0.00334174
0.00345136
0.00334619
0.00326528
0.00349831
0.00321765
0.00331104
0.00339543
0.00334341
0.00340132
0.00340334
0.00348005
0.00335161
0.00351743
0.00339076
0.00346674
0.00333101
0.00329348
0.0033443
0.00337179
0.0033954
0.00319951
0.00335479
0.00341241
0.00345508
0.00333003
0.00330109
0.00340461
0.00325735
0.00328509
0.00343355
0.00335688
0.00328082
0.00338187
0.00335355
0.00323283
0.00340361
0.00327427
0.00327147
0.00340901
0.0032884
0.00326703
0.00336021
0.0032142
0.00326215
0.00343185
0.00327496
0.00329717
0.00331041
0.00323189
0.00340519
0.00342605
0.00346967
0.00343338
0.00335991
0.00319346
0.00323255
0.00334606
0.00328177
0.00334144
0.00330886
0.00345856
0.003459
0.00335009
0.00334917
0.00336798
0.00335517
0.00331726
0.00324482
0.00340752
0.00332316
0.00322774
0.00338596
0.00342465
0.00329282
0.0032714
0.00357702
0.00335846
0.003306
0.00330049
0.00329087
0.00332535
0.00349735
0.00328294
0.00333352
0.00340015
0.00341169
0.00339955
0.00341971
0.00330014
0.00335997
0.00353436
0.00314471
0.00336267
0.00315233
0.00335174
0.00320503
0.00323603
0.00336458
0.00330814
0.00330886
0.00324682
0.00337403
0.00336512
0.00326466
0.00331553
0.00329298
0.0033988
0.00328968
0.0034402
0.00325371
0.00332289
0.00321587
0.00323401
0.00319899
0.00338636
0.00325006
0.0033189
0.00321016
0.00351659
0.003232
0.00332553
0.00327161
0.00335394
0.00343393
0.00328298
0.00324391
0.00319016
0.00321728
0.00335526
0.00346808
0.00324883
0.00325817
0.0032553
0.00333706
0.00334157
0.00316638
0.00336104
0.00331934
0.00324408
0.00328092
0.00329863
0.00337829
0.00331484
0.00331976
0.00326117
0.00323219
0.0032792
0.00328449
0.00332102
0.00324348
0.00338173
0.00335864
0.00322039
0.00330424
0.00328342
0.00329348
0.00325614
0.00331694
0.00331497
0.00329111
0.00334735
0.00330697
0.00326914
0.00339213
0.00340568
0.00310844
0.00327646
0.003268
0.00344476
0.00327033
0.00310747
0.00334938
0.00324508
0.00340646
0.00331986
0.00328451
0.0033879
0.00340528
0.00338111
0.00328469
0.00341062
0.0033682
0.00323435
0.00341439
0.00335777
0.00326811
0.00326911
0.0034222
0.00322578
0.0032829
0.00336428
0.00331828
0.00346525
0.00331829
0.00326213
0.00336871
0.00335823
0.00318821
0.00326746
0.00326748
0.00336408
0.0034048
0.00333567
0.00343166
0.00319717
0.0033769
0.00349337
0.00347296
0.00325292
0.0033716
0.00332788
0.00326964
0.00346503
0.0033421
0.00336855
0.00333766
0.00329897
0.00317889
0.00330969
0.0032843
0.00330853
0.00331447
0.00320664
0.00330014
0.00332884
0.00327576
0.00325503
0.00345681
0.00323761
0.00331541
0.00332806
0.00326584
0.00331645
0.00324503
0.00328217
0.00270463
