0.2
0.00230971
0.00230521
0.00232283
0.00227699
0.00226349
0.00236158
0.00226045
0.0023141
0.00228915
0.00227642
0.00226573
0.00221074
0.00221842
0.00228864
0.00224394
0.00230547
0.0023294
0.00228753
0.00231882
0.00232623
0.00220569
0.00237905
0.00240398
0.00230147
0.00235704
0.0023284
0.00235095
0.00223976
0.0023342
0.0023344
0.00235023
0.00228344
0.00233316
0.00226593
0.00235386
0.00225646
0.00234044
0.00227375
0.00229822
0.00233561
0.0022785
0.00232133
0.00237487
0.00226103
0.00225209
0.00218481
0.00227448
0.00231233
0.0022337
0.00229169
0.00231213
0.00242652
0.00226714
0.00218596
0.00234238
0.00233002
0.00232843
0.00225275
0.00231028
0.00234913
0.00243612
0.00233477
0.00233467
0.00224826
0.00228002
0.00220159
0.00233727
0.00226786
0.0022466
0.00231078
0.00225204
0.00225716
0.00224401
0.00231612
0.00228805
0.00225115
0.00228706
0.00234738
0.00218806
0.00231738
0.00229695
0.00223312
0.00232639
0.00222537
0.00226582
0.00236019
0.00236429
0.00229091
0.00228153
0.00234833
0.0023499
0.00224867
0.00227337
0.00220749
0.00227987
0.00225332
0.00232842
0.00227016
0.00228256
0.00222743
0.00223866
0.00232496
0.00228834
0.00219843
0.00226231
0.00226443
0.00236689
0.00236645
0.00242037
0.00232445
0.00226968
0.00227733
0.00218649
0.00227386
0.00223798
0.00224477
0.00227608
0.00230276
0.00218664
0.00218872
0.00228413
0.00222321
0.00228448
0.00227584
0.00229915
0.00228607
0.0023063
0.00220981
0.00230393
0.00229751
0.00229787
0.00219624
0.00227756
0.00222783
0.00219881
0.0022655
0.00222677
0.00237472
0.00227136
0.00229646
0.0023104
0.00228516
0.00236511
0.00221673
0.00227325
0.00221137
0.00229514
0.0022815
0.00227869
0.00228012
0.00228624
0.00228717
0.00238179
0.00217702
0.00225915
0.00231906
0.00223855
0.00223354
0.0022492
0.00227905
0.00228486
0.00228179
0.00224494
0.00222388
0.00228653
0.0023127
0.00217648
0.00225203
0.00224426
0.00229426
0.00226184
0.00224387
0.00223399
0.00226239
0.00225289
0.00227928
0.0023203
0.00224903
0.00221229
0.00226107
0.00221965
0.00218864
0.00230689
0.00233263
0.00226421
0.00216896
0.00226594
0.0022765
0.0022275
0.00228679
0.00226212
0.0022729
0.00229255
0.0022822
0.00218673
0.00224601
0.00224399
0.00227748
0.00229561
0.00228507
0.00231219
0.00227252
0.00233117
0.00230124
0.00225176
0.00231237
0.00226748
0.00227036
0.00230302
0.00226616
0.00231227
0.00219071
0.002254
0.00231775
0.00228965
0.00226568
0.00233488
0.00224773
0.00226962
0.00230545
0.0022402
0.00231135
0.00225322
0.00220429
0.00233413
0.00225767
0.00225833
0.00220303
0.00222354
0.00220512
0.00231965
0.00233204
0.00233756
0.00224108
0.00231716
0.00230988
0.00234516
0.00231188
0.00229446
0.00222484
0.00225988
0.00223541
0.00224469
0.00220909
0.00228103
0.00223776
0.00219072
0.00232174
0.00229736
0.00224335
0.00222498
0.0023051
0.00232182
0.00230089
0.00233668
0.00224981
0.00230601
0.00224781
0.00228004
0.00219141
0.00229303
0.00224731
0.00225624
0.00224801
0.00226804
0.00221343
0.00223419
0.00229314
0.0023188
0.00235064
0.00222381
0.00228619
0.00226472
0.00230268
0.00222758
0.00228661
0.00222096
0.00231854
0.00228299
0.0022919
0.00226318
0.00224775
0.00230534
0.00231889
0.00224811
0.00231112
0.00225381
0.0022969
0.00239546
0.00229037
0.00222843
0.00227235
0.00225213
0.00227464
0.00223856
0.00225137
0.002308
0.00232115
0.00220892
0.00226265
0.00223358
0.00227771
0.00218752
0.00223551
0.00220274
0.00228869
0.00227819
0.00232084
0.00227621
0.00228947
0.00224533
0.00223511
0.00226422
0.00223873
0.00226191
0.00230766
0.00221597
0.00230701
0.0022274
0.00229163
0.00234529
0.00223064
0.00226124
0.00228424
0.00224294
0.0023284
0.00230727
0.00222046
0.00220311
0.00219814
0.00229044
0.00220864
0.00227687
0.00223153
0.00225181
0.0022863
0.00221487
0.00234313
0.00222214
0.00218431
0.00221223
0.00228729
0.00228989
0.00218443
0.00232775
0.0022325
0.00230318
0.00232218
0.00228225
0.00227966
0.00223597
0.00223003
0.00227656
0.00225769
0.00223415
0.0022722
0.0023061
0.00234203
0.00220944
0.00226764
0.00227931
0.00237513
0.00230862
0.00221526
0.00224388
0.00231202
0.00225861
0.00220579
0.00230682
0.00225243
0.00226391
0.00220804
0.00219012
0.00220138
0.00227938
0.00227765
0.00222791
0.00224795
0.0023257
0.00224012
0.00224087
0.00233645
0.00230598
0.0022397
0.0022449
0.00224948
0.00227956
0.00222489
0.00225983
0.00225933
0.00226198
0.00234729
0.00227166
0.00227172
0.00225881
0.00228535
0.00229417
0.00221414
0.00230261
0.0022279
0.00226819
0.00234358
0.00225957
0.00227311
0.0023442
0.00220364
0.00218076
0.00223852
0.00225112
0.00231013
0.00219298
0.00224475
0.00225236
0.00227787
0.00230346
0.00225551
0.00220345
0.0022583
0.00225501
0.00227403
0.0022717
0.00224551
0.00220077
0.00225933
0.00228822
0.00234561
0.00232612
0.00226473
0.00219498
0.00225767
0.00227804
0.00223841
0.00229043
0.0022289
0.00221331
0.00228258
0.00228067
0.00225077
0.00229363
0.00184354
