0.2
0.00709601
0.00757519
0.00697678
0.00723988
0.00743545
0.0073834
0.00748068
0.00713765
0.00655762
0.00721032
0.00695596
0.00693652
0.00722782
0.00731476
0.00714707
0.00691111
0.00770009
0.00716562
0.00708013
0.00706046
0.00703029
0.0069565
0.00735164
0.00694231
0.00755355
0.00706113
0.00695022
0.00699659
0.00695551
0.00710409
0.00742137
0.00733242
0.00758632
0.00719755
0.00688012
0.0074043
0.00725988
0.0071882
0.00711924
0.00721157
0.00710699
0.00723439
0.0072661
0.00685361
0.00693595
0.00685631
0.00721776
0.0070945
0.00709773
0.00751001
0.00698192
0.00744323
0.00686711
0.00713156
0.00713623
0.00715279
0.0070426
0.00740038
0.00697819
0.00720511
0.00738386
0.00707439
0.00748113
0.00737235
0.00694913
0.00679687
0.00757372
0.00687025
0.00744385
0.0072862
0.00708432
0.00728483
0.00673908
0.00710707
0.00750632
0.00734091
0.00719499
0.00692141
0.0074781
0.00698543
0.00703816
0.0071538
0.0071365
0.00717959
0.00756958
0.00679638
0.00712216
0.0068319
0.00729186
0.0070545
0.00698725
0.00722074
0.00707418
0.007092
0.00698486
0.00748517
0.00698132
0.00705767
0.00702902
0.00720195
0.00681523
0.00730625
0.0073148
0.00733898
0.00761415
0.00718301
0.00758497
0.00731906
0.00741194
0.0071691
0.00686989
0.00713152
0.00683636
0.00709103
0.00739797
0.00743075
0.00683164
0.0070946
0.00705045
0.00709771
0.00735807
0.00750474
0.00695943
0.00700501
0.00711651
0.00716677
0.0069991
0.00705296
0.00678577
0.00728352
0.00730491
0.00706888
0.00718234
0.00720153
0.0068475
0.00714598
0.00646326
0.00701307
0.00708218
0.00579848
