0.2
0.00213225
0.00208605
0.00208137
0.00210274
0.00214085
0.00212233
0.00208463
0.00217751
0.00209967
0.00210552
0.00206959
0.002069
0.0020323
0.0020904
0.00208699
0.00207823
0.00211445
0.00204985
0.00211663
0.00206017
0.00211921
0.00207886
0.00207266
0.00210674
0.00213783
0.00217151
0.00213427
0.00206244
0.00212441
0.00214506
0.0021095
0.00216188
0.00213496
0.00217792
0.00215507
0.00213999
0.00215493
0.00208668
0.00210424
0.00211395
0.00208795
0.00215119
0.00209062
0.00212716
0.00211576
0.00214961
0.00208928
0.00211202
0.00201914
0.00210759
0.00207646
0.00208867
0.00209685
0.00206533
0.00216489
0.00210305
0.00207275
0.00206817
0.00210429
0.00207996
0.00207277
0.00214846
0.00206973
0.00215948
0.00210749
0.00217048
0.00213327
0.00208206
0.00212995
0.00209581
0.00201891
0.00213868
0.0020881
0.00206152
0.00206797
0.00209241
0.00207361
0.00207486
0.0020264
0.00205786
0.00207633
0.00205993
0.00210068
0.00210089
0.00216073
0.0021125
0.00208528
0.00210282
0.00212277
0.00209776
0.0021043
0.0021088
0.00208074
0.00208963
0.0021094
0.00202539
0.00206039
0.00213459
0.00212652
0.00212824
0.00202
0.00209043
0.00214189
0.00209348
0.00207159
0.00215817
0.00210565
0.00210811
0.00210492
0.00205911
0.00216
0.00209043
0.00209129
0.00203187
0.0020819
0.00203181
0.00212265
0.00204634
0.0020862
0.00200709
0.00216628
0.00211191
0.00214833
0.00209283
0.00207163
0.00207298
0.00209842
0.00205695
0.0021244
0.00210911
0.00213751
0.00216104
0.00203712
0.00213431
0.00206386
0.00207113
0.00206952
0.00207772
0.00201374
0.00207884
0.00211254
0.00207762
0.00206436
0.00216871
0.00206313
0.0021079
0.00209675
0.00206612
0.00210322
0.00202687
0.00208662
0.0021198
0.0020964
0.00206962
0.00213953
0.00206708
0.0020493
0.0021304
0.00209835
0.00206972
0.00206897
0.002125
0.00217149
0.00206481
0.00208239
0.00213272
0.00208541
0.00208611
0.00216472
0.00204129
0.00208303
0.0021022
0.0021035
0.00204018
0.00205244
0.00203719
0.00208289
0.00205456
0.00207067
0.00203339
0.00209945
0.00209091
0.00208654
0.00201729
0.00210177
0.00205318
0.00202957
0.00204836
0.00209526
0.00205263
0.00211383
0.00206298
0.00211557
0.0021082
0.00203287
0.00203338
0.00204959
0.00207639
0.00205869
0.00210978
0.00207825
0.00209067
0.00211325
0.00208348
0.00214581
0.00203943
0.00215931
0.00212801
0.00211853
0.00200042
0.00211547
0.00213032
0.00206753
0.00208355
0.00212225
0.00211333
0.00208462
0.00205378
0.00209129
0.00208765
0.00202467
0.00205846
0.00207173
0.00207396
0.00206231
0.00203098
0.00212485
0.00197886
0.00205171
0.00210846
0.00206474
0.00209068
0.0020868
0.00206856
0.00198909
0.0020964
0.0020716
0.00208007
0.00206912
0.00203937
0.00201704
0.00208437
0.00208779
0.00205332
0.00208092
0.00208246
0.00207916
0.0020479
0.00212084
0.00206185
0.00205756
0.0020565
0.00205901
0.00207267
0.00210218
0.00206891
0.00206683
0.0021284
0.00203716
0.00206182
0.0020463
0.00211807
0.00204602
0.00208897
0.00206375
0.00203151
0.00210592
0.00212016
0.00201827
0.00211622
0.00208707
0.00208291
0.00215861
0.00212605
0.00209195
0.0020535
0.00215264
0.00211129
0.00209621
0.00200929
0.00213185
0.00210784
0.0020716
0.00206242
0.00209786
0.00205066
0.00212263
0.00208515
0.0019943
0.0020469
0.00209607
0.00209101
0.00211689
0.00208645
0.00206428
0.00208075
0.00211606
0.0021174
0.00206007
0.002082
0.00208507
0.00205852
0.00206563
0.00211845
0.00212154
0.00206792
0.00206585
0.00207936
0.00198718
0.00209069
0.00206264
0.0020522
0.00206216
0.00203183
0.0020939
0.00208138
0.00203434
0.00210406
0.00205234
0.00207857
0.002135
0.00207855
0.00204256
0.00212382
0.00213678
0.00211504
0.002044
0.00200729
0.00204458
0.00206006
0.00209299
0.00210464
0.00208828
0.00209987
0.00212207
0.0021022
0.00201442
0.00208665
0.00207379
0.00203736
0.00208876
0.00211605
0.00204665
0.00202217
0.00200805
0.00208126
0.00203259
0.0020719
0.00206836
0.00207798
0.00203193
0.00211093
0.00203398
0.00204055
0.00210481
0.00209195
0.00211143
0.00206562
0.00205007
0.00207652
0.00213206
0.00206195
0.00214441
0.00204895
0.00208122
0.00202795
0.00203066
0.00211355
0.00207806
0.00212938
0.00207446
0.00211007
0.00209925
0.00208598
0.00208168
0.00206598
0.00212504
0.00202881
0.00203834
0.00199024
0.00206876
0.00218304
0.00206433
0.00199138
0.00203912
0.00208648
0.00207541
0.00210398
0.00212204
0.00202067
0.00208406
0.00201926
0.00208287
0.00203847
0.00207967
0.00209624
0.00208067
0.00205658
0.0021089
0.00206917
0.00211944
0.00206013
0.00210968
0.00211226
0.0021101
0.00210856
0.00207596
0.00209546
0.0021243
0.00204024
0.00207285
0.00204255
0.00205722
0.00208832
0.00199232
0.00206294
0.00203476
0.00205233
0.00209129
0.00201188
0.00205158
0.00202174
0.00211503
0.00207698
0.00207538
0.00201527
0.00215909
0.00208746
0.00208113
0.00209065
0.00214402
0.0021337
0.0020068
0.00207933
0.00207969
0.00208406
0.00204639
0.00205461
0.00209662
0.00209945
0.00208135
0.00207593
0.00206086
0.00206857
0.001973
0.0020946
0.00213154
0.00207015
0.00213284
0.00214612
0.00201068
0.00209984
0.00212675
0.00206259
0.00203324
0.00204416
0.00210677
0.00204012
0.0021122
0.0021266
0.00205049
0.00205704
0.00205563
0.00209534
0.00207142
0.0021287
0.00207332
0.00207082
0.00206111
0.00211385
0.00204362
0.00206826
0.00210987
0.00208852
0.00212143
0.00211128
0.0020863
0.0020693
0.00208228
0.00168991
