0.2
0.00488517
0.0047511
0.00477868
0.00495564
0.0047776
0.0048657
0.00474239
0.0044781
0.00474647
0.00471772
0.00513834
0.004743
0.00492451
0.00489163
0.0045798
0.00491328
0.00486951
0.00467046
0.0048593
0.00472484
0.00504737
0.00496556
0.00484757
0.00451199
0.0049775
0.00465966
0.0046278
0.00490473
0.00490055
0.00479752
0.00476286
0.00462219
0.00473466
0.00513783
0.00478661
0.00475931
0.00474152
0.00469321
0.00483904
0.00479932
0.00476377
0.00474124
0.00474376
0.00487464
0.00491484
0.00467739
0.00476312
0.00501176
0.00466014
0.00474935
0.0047057
0.0047565
0.00512915
0.00480917
0.00498822
0.0048978
0.00468574
0.00479818
0.00482775
0.00473633
0.00491728
0.00457619
0.0046943
0.0051785
0.00469226
0.00467631
0.00468206
0.00492941
0.00487103
0.00463196
0.00470228
0.00490546
0.00466604
0.00482152
0.00491569
0.00463715
0.00464273
0.00481709
0.00494064
0.00473448
0.00470848
0.0048175
0.0048578
0.0048204
0.0049516
0.00472328
0.00471327
0.00484761
0.00455661
0.00475464
0.0048046
0.00468581
0.00464248
0.00473377
0.0048193
0.00468133
0.00472817
0.00477953
0.00474792
0.0047281
0.00488791
0.00465336
0.004824
0.00470355
0.00463681
0.00473629
0.00460572
0.00465339
0.00481055
0.00472057
0.00468192
0.00470424
0.0047167
0.00483488
0.00479769
0.0047627
0.00477923
0.00501163
0.00473087
0.00476895
0.00492493
0.00470656
0.0046368
0.00478359
0.00453148
0.00492117
0.00500647
0.00475589
0.0046173
0.00485476
0.00473363
0.00480335
0.00483066
0.00472123
0.00477822
0.00487325
0.00454901
0.00496229
0.00470768
0.00469803
0.00468266
0.00481724
0.00466971
0.00475447
0.0047448
0.00478788
0.00462169
0.00471711
0.00463165
0.00463982
0.00480871
0.00483794
0.00453412
0.00467171
0.00482436
0.00476564
0.00476308
0.00459091
0.00445208
0.00459203
0.00458451
0.00507547
0.00472398
0.00469293
0.00464592
0.004817
0.00498399
0.00461017
0.00479017
0.00481519
0.00479962
0.00459641
0.00481638
0.00476849
0.00466989
0.00500306
0.00452388
0.00472742
0.00474193
0.00474293
0.00488365
0.00462472
0.00460562
0.00453827
0.00481245
0.00480373
0.00466242
0.0047828
0.00491093
0.00472732
0.00460363
0.00460405
0.00484389
0.00456244
0.00476016
0.00464369
0.00491381
0.00487415
0.00472907
0.00488978
0.00488288
0.00475585
0.00466102
0.00465269
0.00477831
0.00480071
0.00478176
0.00478984
0.00470247
0.00386453
