0.2
0.0132609
0.0123998
0.0121397
0.0121328
0.0121408
0.0120275
0.0120222
0.0120462
0.0126959
0.0124107
0.0131266
0.0139684
0.0132063
0.0125941
0.0128682
0.0129765
0.0124909
0.0124132
0.0126598
0.0126269
0.012178
0.0124286
0.012317
0.0137362
0.0125011
0.012603
0.0125606
0.0118906
0.0119976
0.0134088
0.01219
0.0123326
0.0122807
0.0127486
0.0126979
0.0127385
0.0121722
0.0128511
0.0127931
0.0124526
0.0131783
0.0119079
0.0130546
0.0124066
0.0126825
0.0132715
0.0125121
0.0116927
0.0116883
0.0132239
0.0128018
0.0114114
0.0122233
0.0125986
0.0116398
0.0113916
0.0130171
0.0135287
0.0125461
0.0126279
0.0117114
0.012221
0.01257
0.0123876
0.0138872
0.0127397
0.0122324
0.0111952
0.0130506
0.0125379
0.0127952
0.0131403
0.0126447
0.0122246
0.0121179
0.0123624
0.0131867
0.0120924
0.0122581
0.0101539
