0.2
0.00497226
0.00521109
0.00521331
0.00497888
0.00499721
0.00520718
0.004793
0.00503337
0.00484998
0.00488216
0.00518193
0.00521665
0.00509741
0.00501044
0.00519192
0.00485172
0.00510171
0.00504837
0.0052281
0.00507619
0.00512881
0.00491362
0.00514808
0.00507647
0.00503413
0.00499114
0.00501309
0.00492714
0.00513431
0.00504356
0.00515076
0.00485556
0.00505974
0.00496054
0.00519128
0.0051049
0.00517494
0.0052815
0.00489565
0.00475282
0.00517056
0.00500033
0.00490855
0.00496921
0.00482082
0.00499798
0.00498874
0.00518299
0.00513025
0.00515847
0.00509236
0.00499214
0.00507788
0.00465844
0.0050142
0.00516498
0.00503781
0.00480035
0.00511272
0.00518254
0.00474979
0.00499761
0.00494511
0.00504671
0.00502429
0.00501409
0.0050411
0.00502647
0.00490101
0.00507932
0.00501561
0.00497207
0.00498391
0.00491201
0.00534665
0.00506111
0.00522103
0.00502797
0.00530305
0.00485204
0.0049552
0.00486541
0.00507387
0.00512753
0.00498982
0.00502044
0.00491224
0.00507739
0.00488988
0.00495341
0.0049607
0.0050721
0.0049267
0.00513943
0.00475104
0.00474856
0.00481381
0.00481007
0.0049002
0.00492811
0.00475105
0.00494859
0.00492316
0.00510929
0.00495191
0.00492663
0.00502298
0.00486261
0.00474234
0.00512471
0.00511082
0.00495518
0.00505088
0.00502457
0.00504907
0.00512688
0.00488228
0.00499713
0.00490454
0.00494765
0.00508555
0.00497656
0.00510111
0.0049616
0.00496917
0.00487135
0.00504099
0.00480253
0.00492472
0.00479856
0.0049552
0.00509642
0.00495898
0.00514515
0.00502886
0.00505475
0.00492502
0.004977
0.00523477
0.00511036
0.0050351
0.00521843
0.00514335
0.00517631
0.00506832
0.00490115
0.00494241
0.00498417
0.00494712
0.00496532
0.00511146
0.00480308
0.0048949
0.00489921
0.00480493
0.00512108
0.00530524
0.00512156
0.00471166
0.00507974
0.00495987
0.00507946
0.00504047
0.00482634
0.00495281
0.00494957
0.00494379
0.00507743
0.00487001
0.00498263
0.00499146
0.00517918
0.00498563
0.00476537
0.0048295
0.00488732
0.0048132
0.00482949
0.00505157
0.00484128
0.0051362
0.00516102
0.00494669
0.00507189
0.00481446
0.00493574
0.00496237
0.00491104
0.00510203
0.00511177
0.00501113
0.00500884
0.00508036
0.00483582
0.00514164
0.00520292
0.00495151
0.00517764
0.00497824
0.00405767
