0.2
0.00232469
0.00237619
0.00223296
0.00231695
0.00236677
0.00238419
0.00234816
0.00233726
0.00226467
0.00234602
0.002337
0.00232644
0.00238785
0.00239695
0.00240228
0.0024
0.00236957
0.00234407
0.00242789
0.00239252
0.0023783
0.00234544
0.00235264
0.00233443
0.00235832
0.00239596
0.00233868
0.00236714
0.00241937
0.002343
0.00234187
0.00241784
0.00235131
0.00233405
0.00238143
0.00232808
0.00235257
0.00234539
0.00232848
0.00226697
0.00242285
0.00237372
0.00237998
0.00234783
0.0024062
0.00241057
0.00234007
0.00230952
0.00242455
0.00226201
0.00234084
0.00231851
0.00233351
0.00236842
0.00237313
0.00235585
0.00237001
0.00231887
0.00238229
0.00234748
0.00235576
0.00240601
0.0023578
0.0022889
0.00233724
0.0022906
0.00246365
0.00234749
0.00230268
0.00232358
0.00233556
0.00241254
0.00234079
0.00232287
0.00237625
0.0023733
0.00227741
0.00229522
0.00232742
0.00237941
0.00233757
0.00231329
0.00238667
0.00237374
0.00234678
0.00231501
0.00229327
0.00236451
0.00231293
0.00237481
0.00227042
0.00231935
0.00232299
0.00231802
0.0023011
0.00224037
0.00234563
0.00227191
0.00234002
0.00229374
0.0022972
0.00231412
0.00239246
0.00229053
0.00229165
0.00240661
0.00233073
0.00233265
0.00220536
0.00228952
0.00234362
0.00236481
0.00239472
0.00231821
0.00228497
0.00224758
0.00240775
0.0023108
0.00239044
0.00231794
0.00235266
0.00237523
0.00232461
0.00232203
0.00235999
0.00226534
0.00229834
0.00226146
0.00239984
0.00226819
0.00234361
0.00237385
0.00233136
0.00226554
0.00240974
0.00226231
0.0023946
0.00234782
0.0023427
0.00232771
0.00228149
0.00233908
0.00235224
0.00229919
0.00230066
0.00224774
0.00224221
0.00229502
0.00240077
0.00233662
0.00247145
0.00229531
0.00230654
0.00235596
0.00235945
0.00226541
0.00235587
0.00232784
0.00241722
0.00238998
0.0023661
0.00224993
0.00234362
0.00244098
0.00234426
0.00224312
0.00229987
0.00230903
0.00235559
0.00234794
0.00230814
0.00234335
0.00233348
0.00230206
0.00236821
0.00233054
0.00240538
0.00237094
0.00239268
0.00229399
0.00237292
0.00238057
0.00238391
0.00231411
0.00236031
0.00238687
0.00230955
0.00229691
0.00235546
0.00232749
0.00227741
0.00229322
0.00223774
0.00226507
0.00235584
0.00235059
0.00230464
0.00229325
0.00226319
0.00231476
0.00231607
0.00238163
0.00230388
0.00226443
0.00232816
0.00228392
0.00235043
0.00240967
0.00230149
0.0023401
0.0023854
0.00228867
0.00231393
0.002395
0.0022981
0.00229926
0.00236211
0.00233643
0.00232447
0.00233555
0.00233511
0.00245448
0.00235333
0.00228855
0.00229771
0.00230645
0.00233444
0.00230724
0.002308
0.00235538
0.00228016
0.00231844
0.00223804
0.0023788
0.00227089
0.00227603
0.0024197
0.00240754
0.00224939
0.00224521
0.00227379
0.00238245
0.00237745
0.00231114
0.00232567
0.00233246
0.00234931
0.00224587
0.00225814
0.00231069
0.00238336
0.00231186
0.00230453
0.00228431
0.00225581
0.00229627
0.00231123
0.00230473
0.00230577
0.00233994
0.00222582
0.00235593
0.00230902
0.00232775
0.00225745
0.00230466
0.00233889
0.00225566
0.00228881
0.00225446
0.00236608
0.00227175
0.00234994
0.00235029
0.00231303
0.00224428
0.002297
0.00225081
0.00228754
0.00226938
0.00230873
0.00227942
0.00231501
0.00239846
0.00227834
0.0023886
0.00236414
0.00232648
0.00227119
0.00227905
0.00240084
0.00228048
0.00232505
0.00231933
0.00235927
0.00234838
0.00240874
0.00230123
0.00229632
0.00240023
0.00226501
0.00227881
0.00237456
0.00226646
0.00228846
0.00233074
0.00233714
0.0022827
0.00229659
0.00233794
0.00226887
0.00235335
0.00233307
0.00231918
0.00231062
0.00228914
0.00232665
0.00223819
0.00235666
0.00229384
0.00239586
0.00225368
0.00231846
0.00233565
0.00227899
0.00240691
0.00235247
0.00228172
0.00227204
0.00241051
0.00230845
0.00232171
0.00232964
0.00233152
0.00233864
0.00231189
0.00239406
0.00228771
0.00231238
0.00233824
0.00233517
0.00227468
0.00229769
0.00231402
0.00230134
0.00227578
0.00229398
0.00229747
0.00236754
0.00229676
0.00230576
0.00239335
0.00233957
0.00224161
0.00238372
0.00230003
0.00235073
0.00230195
0.00235966
0.00230385
0.00231208
0.00228823
0.00234874
0.0022484
0.00236034
0.00225888
0.00230998
0.00230095
0.00229695
0.00234981
0.00230556
0.00235615
0.00232184
0.00236989
0.00233433
0.00231265
0.00233892
0.0023526
0.00230546
0.00229988
0.00232793
0.00232741
0.00232305
0.00228473
0.00234957
0.002331
0.00230613
0.00222727
0.00231057
0.00231931
0.00234332
0.00231885
0.00232162
0.00229886
0.0022822
0.00228235
0.00233785
0.00232684
0.00235879
0.00239485
0.00240817
0.00226495
0.0022646
0.00232623
0.00231003
0.00228913
0.00234898
0.00232427
0.00233011
0.00222303
0.00234209
0.002292
0.00228731
0.00235016
0.00229382
0.00230411
0.00228644
0.00226021
0.00236835
0.00233891
0.00226996
0.00230769
0.0023212
0.00233566
0.00224357
0.00219367
0.00227814
0.00227889
0.00229013
0.00188649
