0.2
0.00324665
0.0031386
0.00310122
0.0032501
0.00304332
0.00317218
0.00301672
0.00308598
0.00316417
0.00328791
0.003191
0.00307389
0.00316348
0.00316952
0.00331555
0.00316392
0.0031349
0.00324015
0.00305216
0.0032125
0.00330527
0.00310805
0.00318699
0.00317442
0.00324199
0.00325937
0.00326051
0.00315025
0.00303864
0.00303411
0.00310358
0.0031199
0.00310388
0.00314282
0.00314829
0.00316554
0.00313225
0.0032358
0.0032233
0.00315415
0.00313241
0.0030718
0.0031184
0.00315272
0.00308356
0.00310921
0.00316311
0.00312824
0.00310439
0.003195
0.00309971
0.00305824
0.00320775
0.0030978
0.00310479
0.00308367
0.00306528
0.00315075
0.0031062
0.00322139
0.0031511
0.00308393
0.00304754
0.0031937
0.00312093
0.00318468
0.00312738
0.00312245
0.00308174
0.00308157
0.00315205
0.00309337
0.00321908
0.00309536
0.00326358
0.00311368
0.00319708
0.00312714
0.00319231
0.00306099
0.00317329
0.00313747
0.00310345
0.00314082
0.00324904
0.00315849
0.00323668
0.00316809
0.00323587
0.0031961
0.00314419
0.00313036
0.00307434
0.0031147
0.00314946
0.00305277
0.00309666
0.00307232
0.00329885
0.00320752
0.00319952
0.00313352
0.00320215
0.00308258
0.0031859
0.00305818
0.00312592
0.00311097
0.00319802
0.00316363
0.00306367
0.00318073
0.00309139
0.00304265
0.00316092
0.00301898
0.00315351
0.00322817
0.0030954
0.00312497
0.00321224
0.00315708
0.00316191
0.00297175
0.0030162
0.00304607
0.00313444
0.00309327
0.00321527
0.0030919
0.00318848
0.00323984
0.00315985
0.00318232
0.0031632
0.00313984
0.00315358
0.00309363
0.00317605
0.00312032
0.0031832
0.00301896
0.00296425
0.00312395
0.00308886
0.00311843
0.00304028
0.00324933
0.00323158
0.00313625
0.00310492
0.00312203
0.00322166
0.0031256
0.00310767
0.00312391
0.0030489
0.00307981
0.00310448
0.00314738
0.00307034
0.00314875
0.00311843
0.00300827
0.00310531
0.00313981
0.0031882
0.00312186
0.00314029
0.00309246
0.00308486
0.00320814
0.00307931
0.00308384
0.00312614
0.00317711
0.00303316
0.00313352
0.00312839
0.00308167
0.0030429
0.00303187
0.00315898
0.00304083
0.00310705
0.00313789
0.00303228
0.00308775
0.00304976
0.00317914
0.0032597
0.00310938
0.00315379
0.00296562
0.00319163
0.00311882
0.0030984
0.00303974
0.00307869
0.00299609
0.00317568
0.00314859
0.0031466
0.00315738
0.00300427
0.00306593
0.0031777
0.00309258
0.00316083
0.00310812
0.00302688
0.00308213
0.0031685
0.00308025
0.00312539
0.00308927
0.00312801
0.00319767
0.00309618
0.00306274
0.0032041
0.00310911
0.00308467
0.00307562
0.00304896
0.00311646
0.00308035
0.0030695
0.00310861
0.0031154
0.00303303
0.00311048
0.00309068
0.00321126
0.003068
0.00316083
0.00314698
0.00307725
0.00306879
0.00307462
0.00312511
0.00304288
0.00316297
0.00314002
0.00318487
0.00306824
0.0031624
0.00313779
0.00295903
0.00309759
0.00317544
0.00306091
0.00314414
0.00308442
0.00317139
0.00303133
0.00320609
0.00308836
0.00324614
0.00318031
0.00308786
0.00304989
0.00305366
0.00331144
0.00313241
0.00313055
0.00307911
0.00315154
0.00311532
0.00300443
0.00306901
0.00316301
0.00317931
0.00303372
0.00308277
0.00320356
0.00308251
0.00314362
0.00317112
0.00317211
0.00319151
0.00310926
0.00312446
0.00307932
0.00317663
0.00312817
0.00299875
0.00307431
0.00312099
0.0032065
0.00316708
0.00303966
0.00305982
0.00306215
0.00313697
0.00300354
0.00311702
0.00306521
0.00311013
0.00316493
0.00326848
0.00313017
0.00320309
0.00316841
0.00320715
0.00313892
0.0029971
0.00301929
0.00313636
0.00305421
0.00313579
0.00311242
0.00314971
0.00314855
0.00308538
0.00317708
0.00310303
0.00307597
0.00313456
0.00253503
