0.2
0.0161644
0.0147665
0.0153139
0.0143211
0.0135604
0.0143294
0.0139874
0.0154472
0.0145322
0.0145843
0.0149147
0.0150619
0.0144478
0.0128993
0.0146414
0.0149659
0.0142934
0.0149385
0.0149272
0.0130622
0.0139586
0.0138734
0.015515
0.0145556
0.01583
0.013203
0.013973
0.0143143
0.0153595
0.013965
0.0137206
0.0142968
0.014089
0.0158956
0.0136321
0.0141541
0.0149839
0.0138831
0.0136631
0.0143159
0.0149103
0.0129163
0.01353
0.013885
0.0146005
0.014844
0.0142753
0.0137929
0.0153222
0.0140037
0.01393
0.0134983
0.0138482
0.0148164
0.0148541
0.0134372
0.0139389
0.013365
0.0155138
0.0154936
0.013127
0.0134514
0.0135238
0.0129291
0.0142856
0.014474
0.0145257
0.0148355
0.0141181
0.011613
