0.2
0.00908596
0.0102634
0.00974011
0.0100376
0.0104627
0.010367
0.0105529
0.00971613
0.010317
0.0110611
0.00978134
0.0107308
0.0104792
0.0105346
0.0104483
0.00973735
0.00959046
0.00990452
0.00991579
0.00979089
0.00998663
0.00954934
0.00985138
0.0100682
0.010355
0.00982647
0.00947074
0.0102849
0.0093366
0.00975736
0.0101116
0.0100957
0.0102952
0.0112847
0.00978401
0.00983248
0.0103289
0.00952493
0.0103583
0.00958177
0.00995718
0.00961488
0.0104813
0.0104927
0.0105775
0.00980479
0.0104877
0.0100534
0.00924483
0.00993599
0.00998815
0.0100527
0.0104295
0.0106945
0.0101815
0.00951859
0.0109264
0.00909792
0.00969704
0.010053
0.0103652
0.00984103
0.00957221
0.0103196
0.0100984
0.00923333
0.0092549
0.0104556
0.00973202
0.00991784
0.00985586
0.00974568
0.00955045
0.0101221
0.0103961
0.00967111
0.0100037
0.00984097
0.0103887
0.010091
0.0100225
0.0101277
0.0101485
0.00985818
0.00991057
0.010381
0.00985304
0.00967819
0.00914436
0.0100391
0.0104116
0.0109111
0.0097861
0.0102477
0.00977605
0.010085
0.00998169
0.00940835
0.0101618
0.00812073
