0.2
0.00404477
0.00448214
0.00424565
0.00409931
0.00432386
0.00411836
0.00408914
0.00433032
0.0043298
0.00429161
0.00424207
0.00412237
0.00423091
0.00425253
0.00410558
0.00429425
0.00408005
0.0040861
0.00414915
0.00425169
0.00409408
0.00422388
0.00426761
0.00422243
0.00414483
0.00408519
0.00419872
0.00429926
0.00436883
0.00420747
0.0041572
0.0042126
0.00417561
0.00407435
0.00416727
0.0041456
0.00412184
0.0044169
0.00438454
0.00444187
0.00408442
0.00424358
0.0041889
0.00400759
0.00431216
0.00420027
0.00420197
0.00403295
0.00422328
0.00410308
0.00417022
0.00419452
0.00416044
0.00416116
0.00413956
0.00399618
0.0043775
0.00431467
0.00421311
0.00403295
0.00410444
0.00408867
0.00416603
0.00427296
0.00427724
0.00413143
0.00416915
0.00408935
0.00411836
0.00414613
0.00402476
0.00420274
0.00424717
0.00415222
0.00409966
0.00402765
0.00425525
0.00410826
0.00415259
0.00435929
0.00414075
0.00401037
0.00419283
0.00408984
0.00435585
0.004244
0.0043037
0.00406098
0.00422364
0.00405438
0.00428976
0.00393884
0.00400152
0.0041668
0.0040598
0.00430876
0.00418522
0.00409076
0.00434507
0.00411184
0.0042022
0.00413987
0.00418176
0.00442789
0.00411657
0.00411001
0.00405183
0.00414839
0.00398621
0.0042589
0.0042913
0.00422013
0.00403142
0.00421287
0.00423727
0.0041164
0.00416173
0.00423529
0.00419361
0.00430725
0.0042789
0.00417055
0.00404028
0.00404505
0.00406295
0.00420236
0.0041444
0.0040316
0.0041046
0.00422887
0.00408103
0.00418564
0.00426549
0.00423346
0.0041666
0.00410659
0.00427055
0.00411187
0.00418805
0.00410233
0.00420784
0.00408316
0.00407544
0.00425463
0.00434324
0.00443078
0.0043052
0.00404549
0.00417709
0.00426506
0.00420835
0.00430976
0.00411305
0.0042609
0.0041706
0.00411711
0.00416962
0.00415057
0.0039319
0.0041159
0.00418783
0.00408494
0.00421302
0.00413201
0.0042319
0.00420163
0.00391051
0.00423782
0.00413184
0.00414215
0.00405373
0.00403482
0.0042217
0.00422954
0.00431868
0.00420591
0.00401158
0.00412826
0.00413047
0.00413943
0.0041161
0.00410518
0.00416688
0.00411711
0.00405728
0.00419749
0.00397793
0.00422704
0.00416876
0.00393612
0.00404588
0.00413746
0.00429427
0.00431065
0.00400116
0.00420065
0.00437961
0.00424395
0.00422723
0.00425625
0.00410278
0.00415151
0.00415015
0.00411261
0.00403906
0.00422726
0.00429667
0.00418695
0.00401628
0.00403701
0.00415175
0.00420844
0.00426646
0.00414495
0.00406717
0.00414063
0.0043682
0.00413514
0.00410416
0.00416208
0.00403575
0.00403934
0.0041317
0.0043837
0.00427423
0.00414894
0.00393017
0.00411701
0.00419184
0.00397601
0.00422156
0.00409763
0.00411356
0.00399286
0.00441514
0.00417156
0.00410812
0.00420282
0.00418912
0.0033808
