0.2
0.00204915
0.00208053
0.00210609
0.00209843
0.00203764
0.00203307
0.00204621
0.00205806
0.00212972
0.00204141
0.00203007
0.00210485
0.00203954
0.0020348
0.0021239
0.00208513
0.00200174
0.00204233
0.0020975
0.00205925
0.00199184
0.00211079
0.00201788
0.00203656
0.00205825
0.00205291
0.00207522
0.00207473
0.00209165
0.00199969
0.00206473
0.00205135
0.00207808
0.0020544
0.00209986
0.00206666
0.00199376
0.00204275
0.00207464
0.00204224
0.00205217
0.00204368
0.00210711
0.00211069
0.00204217
0.0020907
0.00198655
0.00196995
0.00203292
0.00206967
0.00203281
0.0020939
0.00209346
0.00203181
0.00208649
0.0021136
0.00199657
0.00206195
0.00202165
0.00205822
0.00205456
0.00209714
0.00207574
0.0020735
0.0020391
0.00208963
0.00211473
0.00205193
0.00201055
0.00213195
0.0020506
0.00202124
0.00207929
0.00205531
0.00209614
0.00198234
0.00213458
0.00205566
0.00206477
0.00207281
0.00205554
0.00207665
0.00211033
0.00208814
0.00203413
0.0020078
0.00205327
0.00205721
0.00207568
0.00199022
0.00196843
0.0020186
0.00208834
0.00203353
0.00205988
0.00209728
0.00206658
0.00203491
0.00206731
0.00205488
0.00206109
0.00207534
0.00209373
0.00203877
0.00210109
0.00201798
0.00199294
0.00201257
0.00201337
0.00204344
0.00205307
0.00211291
0.00208075
0.00201934
0.00203463
0.00204655
0.00202082
0.00203009
0.00201047
0.00202307
0.00203313
0.00205521
0.00206706
0.00198021
0.00205026
0.00198215
0.00203979
0.0020901
0.0020159
0.00206925
0.002015
0.00201092
0.00201806
0.00207237
0.00205629
0.00199082
0.00203485
0.00205113
0.00201888
0.00198305
0.00202504
0.00208772
0.00195121
0.00202741
0.00196197
0.00202088
0.00209748
0.00208119
0.00207222
0.00206901
0.00198948
0.00208272
0.00203365
0.00205326
0.00207116
0.00202431
0.00207355
0.00201049
0.00208337
0.00202112
0.0020453
0.00207758
0.00206004
0.00204705
0.00209482
0.00209262
0.00201567
0.0020663
0.00200027
0.00203417
0.0020768
0.00209756
0.0020849
0.00206243
0.00201366
0.00208063
0.00207297
0.0020541
0.00202358
0.00203177
0.00201748
0.00205156
0.0020318
0.00210402
0.00202788
0.00200403
0.00205457
0.00204184
0.00203968
0.00200517
0.00207826
0.00198171
0.00208859
0.0020753
0.00200152
0.0020821
0.00206516
0.00202256
0.00199423
0.00204736
0.00204467
0.00200627
0.0020741
0.00202077
0.00201468
0.00202779
0.00200242
0.0020376
0.0020585
0.00203483
0.00204228
0.00209299
0.00205353
0.00203437
0.00205136
0.00204601
0.00201221
0.00209178
0.00204233
0.00201405
0.00207959
0.0020275
0.00200053
0.00213326
0.00201346
0.00211708
0.00204114
0.00208502
0.00195439
0.00213425
0.00201652
0.00209244
0.00200573
0.00207881
0.00201983
0.00201362
0.00203771
0.00205316
0.00208473
0.00207917
0.00200854
0.00208831
0.00200874
0.00203237
0.00202276
0.0020514
0.00207238
0.00203974
0.0020796
0.00202245
0.00196661
0.00196071
0.00198924
0.00202932
0.00198415
0.00204599
0.00206248
0.00202504
0.00208948
0.00200729
0.00204482
0.00210108
0.0019877
0.0020243
0.00205152
0.00201029
0.00203905
0.00203822
0.00203293
0.00207428
0.00206881
0.00208456
0.00200552
0.0021324
0.00199619
0.00208454
0.0020345
0.00205491
0.00204687
0.00203868
0.00205013
0.0020601
0.0020259
0.00205936
0.00198842
0.00205516
0.0020306
0.00195015
0.00209757
0.00203482
0.00212123
0.00205816
0.00201666
0.00200517
0.0021103
0.00200748
0.00202196
0.00204925
0.00203511
0.00204998
0.00209022
0.00200696
0.00202536
0.00203724
0.00199958
0.00204938
0.00201697
0.00204369
0.00207046
0.00202287
0.00199303
0.00198027
0.00216313
0.00204968
0.00201376
0.00210216
0.00198692
0.00204778
0.00203236
0.00208046
0.00202574
0.00201352
0.00206013
0.00205445
0.00203073
0.00205921
0.00204609
0.00206919
0.00204298
0.00201596
0.00198077
0.0020159
0.00193875
0.00204115
0.00208042
0.00197751
0.00210301
0.00203586
0.0020052
0.00200184
0.00207095
0.00199431
0.00203853
0.00202721
0.00198116
0.00197745
0.00203322
0.00202313
0.00202968
0.00202453
0.0021062
0.00201509
0.00199314
0.00200868
0.00207684
0.00204655
0.00209961
0.00203726
0.00206774
0.00205594
0.0020143
0.00200288
0.00211467
0.0020134
0.00198207
0.00199171
0.0020044
0.0020023
0.00206833
0.00197054
0.00204047
0.00200013
0.00204965
0.00206726
0.00200952
0.00205202
0.00199985
0.00202685
0.00196598
0.00206549
0.00205235
0.00199662
0.00206874
0.00203668
0.00197975
0.00204496
0.00199203
0.00204181
0.00196239
0.00207314
0.0020545
0.00200856
0.00206537
0.00202899
0.00206927
0.00205958
0.00202097
0.00202031
0.00201491
0.00199176
0.00200076
0.00205066
0.0020141
0.00205351
0.00199653
0.00203497
0.00211204
0.00200825
0.00202592
0.00197622
0.00204782
0.00208197
0.00197542
0.00208408
0.0020072
0.00202483
0.00200313
0.00203792
0.00206232
0.00205276
0.00213699
0.00200922
0.00204056
0.00199988
0.002036
0.00204373
0.00200015
0.00203663
0.00199256
0.00202507
0.00203691
0.00211881
0.00206149
0.00199034
0.0020376
0.00205552
0.002081
0.00203348
0.00199591
0.00202382
0.00196257
0.0020011
0.00202154
0.00200182
0.00210521
0.00208222
0.00198575
0.00206532
0.00203569
0.00201449
0.00206432
0.00205833
0.00200674
0.00198669
0.00200709
0.00207073
0.00199808
0.00202113
0.00208175
0.00205323
0.00204782
0.00197658
0.00203079
0.00199973
0.00207839
0.00203264
0.00205084
0.00202696
0.00208897
0.0019952
0.00199953
0.0020184
0.00206539
0.00196563
0.00204842
0.00203142
0.00205702
0.00204428
0.00200154
0.00200393
0.0020058
0.00205105
0.00201288
0.002086
0.00200112
0.00203943
0.00196008
0.00204238
0.00200991
0.00165535
