0.2
0.00377776
0.00363594
0.00395122
0.00359868
0.00380151
0.00364298
0.0038149
0.00376188
0.00392248
0.00385052
0.00376282
0.0037409
0.00374237
0.00380968
0.00387679
0.0037252
0.00368779
0.00385587
0.00384038
0.00387995
0.00369814
0.00368176
0.00372011
0.00376575
0.00366926
0.00370765
0.00364095
0.00373131
0.00375393
0.0036898
0.00374154
0.00379552
0.00382473
0.00381279
0.00358369
0.0036651
0.00369784
0.00366262
0.00368049
0.00380068
0.00366018
0.00376477
0.00368593
0.00377897
0.00377777
0.00372575
0.00384776
0.00372707
0.00368925
0.00374333
0.00381539
0.00374132
0.00374634
0.00368469
0.00367425
0.00366381
0.00367074
0.00375893
0.00383692
0.00371941
0.00373666
0.00370753
0.00380518
0.00369807
0.00368779
0.00357503
0.00369086
0.00371519
0.00372058
0.00368605
0.00376071
0.00379194
0.00368165
0.0039735
0.003821
0.00367916
0.00386945
0.00371653
0.00388905
0.00381194
0.00389811
0.00369875
0.00374981
0.00358891
0.00384101
0.00382094
0.00371298
0.00352259
0.00376038
0.00366794
0.00372403
0.00384169
0.00371526
0.00368938
0.00363766
0.00362297
0.00364594
0.00372173
0.00377977
0.00360902
0.0035654
0.00370131
0.00397069
0.00375633
0.00361637
0.00390764
0.00368143
0.00367986
0.00356853
0.00379993
0.00358804
0.00375459
0.0038082
0.00365766
0.00367688
0.0037672
0.00354321
0.00344838
0.0038093
0.0037104
0.00381463
0.00378517
0.00361385
0.00373933
0.00379875
0.00363455
0.00369821
0.00387515
0.00358022
0.00370203
0.00377397
0.00350864
0.00366118
0.00363189
0.00376896
0.00356022
0.00377246
0.0037114
0.00378156
0.00380845
0.00366114
0.00373381
0.00368701
0.00381182
0.00372479
0.00355319
0.00369145
0.00357619
0.00370125
0.00371257
0.0036757
0.00378779
0.00358264
0.00380419
0.00374555
0.00357236
0.00365412
0.0035883
0.00363437
0.0035448
0.00367432
0.0037355
0.00365849
0.00378617
0.00362452
0.00371228
0.00379522
0.00355641
0.00369608
0.00376043
0.00369269
0.00363793
0.00359627
0.00358877
0.00371634
0.00370814
0.00376306
0.0037046
0.0036219
0.00351602
0.00354482
0.00368073
0.00372664
0.00365868
0.00364069
0.0035895
0.00364497
0.00374529
0.00366649
0.00376215
0.00364027
0.00363691
0.00370483
0.00348607
0.00370565
0.00375602
0.0036873
0.00369032
0.00366941
0.00384483
0.00350274
0.00370163
0.0037988
0.00357498
0.00364138
0.00371007
0.00378288
0.00359302
0.0036798
0.00364817
0.00382111
0.00372471
0.00357791
0.00363514
0.00365204
0.00361655
0.00354612
0.00358235
0.00373848
0.00374077
0.00373301
0.00363986
0.00359997
0.00381296
0.00365717
0.00364793
0.00383757
0.0035836
0.00378518
0.00384028
0.00386418
0.00388279
0.00375799
0.00354426
0.00347896
0.00356588
0.00350995
0.00357769
0.00361675
0.00370926
0.00370401
0.00375694
0.00363095
0.0036068
0.00365303
0.00363213
0.00365055
0.00354576
0.00371681
0.0037263
0.00355159
0.00373836
0.00386014
0.00370524
0.00370625
0.0036544
0.00365971
0.00377101
0.00392508
0.00378535
0.00378517
0.00379909
0.00368774
0.00369799
0.00379957
0.00362935
0.00373368
0.00356157
0.00372192
0.00300532
