0.2
0.00293923
0.00277949
0.00284269
0.00288636
0.00293844
0.00281513
0.00288636
0.00290196
0.00291438
0.00286711
0.00287356
0.00291244
0.0028393
0.00293533
0.00283471
0.00288578
0.00285271
0.00288475
0.00283621
0.00284738
0.00280606
0.00289717
0.00283102
0.00279344
0.00289281
0.00281471
0.00289806
0.00281085
0.00292303
0.0028645
0.00298511
0.00289347
0.00285289
0.00288257
0.00286783
0.00292405
0.00281218
0.00286165
0.00283307
0.00281354
0.00280709
0.00284438
0.00301986
0.00289302
0.0028879
0.00282304
0.00292847
0.0029805
0.00288087
0.00283934
0.0028053
0.00290636
0.00287852
0.00288473
0.00294164
0.00276197
0.00274821
0.00292866
0.00289775
0.00284496
0.00299928
0.00298265
0.00284745
0.00289241
0.00285682
0.00268807
0.00280929
0.00278584
0.00283424
0.00284262
0.00287835
0.00290155
0.00277297
0.00293468
0.00285798
0.00282175
0.0028384
0.00273425
0.00284021
0.0028763
0.00280457
0.00288694
0.0028534
0.00282361
0.00292495
0.00282974
0.00290196
0.00274347
0.00298396
0.00283931
0.00282148
0.00297885
0.00279455
0.00283793
0.00294887
0.00287767
0.0028364
0.00286171
0.00298396
0.00289429
0.00290564
0.00296449
0.00284797
0.00283309
0.00285032
0.00286491
0.00280634
0.00281909
0.00285161
0.00286261
0.00288594
0.00288794
0.00280714
0.00278954
0.00290975
0.00277313
0.00283207
0.00289743
0.00284244
0.00280671
0.00292616
0.00281961
0.00280555
0.00285813
0.0029209
0.00289213
0.00284933
0.00276069
0.00286416
0.00284511
0.00292906
0.00286342
0.00275764
0.00285218
0.00286016
0.00296847
0.00283607
0.00286922
0.00280789
0.00283187
0.0028511
0.00276674
0.00295732
0.00287763
0.00284036
0.0029906
0.00285003
0.00288384
0.00283556
0.00286462
0.00285287
0.0030158
0.00279662
0.00286682
0.00294722
0.00286372
0.00290449
0.00284434
0.00283588
0.0029403
0.0028903
0.0028493
0.00288898
0.00284541
0.00289558
0.00283502
0.00282412
0.00287776
0.00281975
0.00285201
0.00284942
0.00293731
0.00279076
0.00290585
0.00289643
0.00279697
0.00288215
0.00282898
0.00281102
0.00285043
0.0028052
0.0029021
0.00282048
0.00287541
0.00295588
0.00293207
0.00283383
0.0028313
0.002821
0.00274546
0.00283762
0.00286033
0.00294341
0.00281858
0.00277348
0.00279318
0.00291322
0.00284911
0.00289558
0.0028175
0.00288576
0.00287318
0.00282524
0.00284022
0.00294664
0.00288255
0.00298355
0.00278064
0.00293307
0.00284219
0.00272513
0.00280214
0.00283291
0.00276609
0.00280284
0.00280775
0.00293358
0.00290118
0.00278229
0.0028445
0.00294558
0.00288991
0.0028733
0.00298139
0.00290547
0.00278173
0.00287241
0.00281049
0.00281937
0.00285711
0.00288213
0.00289
0.00287904
0.00272524
0.00280621
0.00286047
0.00286505
0.00284489
0.00290283
0.0028277
0.00282972
0.00283994
0.00277782
0.0028221
0.00277844
0.0030013
0.00283922
0.00282046
0.00278115
0.0028445
0.00287148
0.00281117
0.00294559
0.00287239
0.00273184
0.00286124
0.00283941
0.00278883
0.00285667
0.00289523
0.00280964
0.00286963
0.00280949
0.00282483
0.00290521
0.00279924
0.00288894
0.00277922
0.00295394
0.00278235
0.00292203
0.00272243
0.00286754
0.00289097
0.00283163
0.00278145
0.00286428
0.0029386
0.00285949
0.00292376
0.00288844
0.00281233
0.00290645
0.00286735
0.00278664
0.00277337
0.00278518
0.0027955
0.0028922
0.00281041
0.00283466
0.00273562
0.0028115
0.00289128
0.00288124
0.00286279
0.00291499
0.00289662
0.00286159
0.00287997
0.00278922
0.00292317
0.00282465
0.00280185
0.00288619
0.00285318
0.00277906
0.00288177
0.00286766
0.00279625
0.00287975
0.00283653
0.0029325
0.00285657
0.00289473
0.00286415
0.0028165
0.00297803
0.00281587
0.00289765
0.00277761
0.00283365
0.00285672
0.00284378
0.0028495
0.00297503
0.00291696
0.00288888
0.00293552
0.00282261
0.00290121
0.00281953
0.00286744
0.00282539
0.00285919
0.00291095
0.0028874
0.00293586
0.00288151
0.00286448
0.00285055
0.00296987
0.00273748
0.00281205
0.00273641
0.00285406
0.00283154
0.00285235
0.00292589
0.00231752
