0.2
0.00220073
0.00218281
0.00217366
0.00221471
0.00213544
0.00209868
0.00227622
0.00216369
0.00214059
0.0021925
0.00218422
0.00222649
0.00218127
0.00218136
0.00215979
0.002219
0.00214456
0.00216395
0.00219783
0.00221142
0.0021763
0.0022082
0.00222835
0.00221299
0.0021608
0.00218108
0.002203
0.00219279
0.00218347
0.0022203
0.00224769
0.00216619
0.00217535
0.00215739
0.00211113
0.00220063
0.0021818
0.00219725
0.0022882
0.00224141
0.00211655
0.00220591
0.00213237
0.00219232
0.00216471
0.00215658
0.00220325
0.00211337
0.00219239
0.0022601
0.00220735
0.00227004
0.00212349
0.00218794
0.00218114
0.00220535
0.00221392
0.0021982
0.00212823
0.00216664
0.00217954
0.00216924
0.00215723
0.00215808
0.00223034
0.00211032
0.00209895
0.0021733
0.00218543
0.00217305
0.00218561
0.00223146
0.002187
0.00225524
0.00218319
0.00221221
0.00213604
0.00217741
0.00219754
0.00216789
0.00228406
0.00219569
0.00218459
0.00218439
0.00219047
0.00222491
0.00217152
0.00217437
0.00213253
0.00228033
0.00213884
0.00221355
0.00216879
0.00213731
0.0022112
0.00216746
0.00220594
0.00220763
0.00216407
0.00220327
0.00214435
0.0021177
0.00213825
0.00218312
0.00221163
0.00219035
0.00217367
0.00222939
0.00209603
0.00214648
0.0022649
0.00224837
0.00221477
0.0021997
0.0022748
0.00216252
0.00225388
0.0021775
0.00215349
0.00210499
0.00219921
0.00217114
0.00220197
0.0022055
0.00219324
0.00221949
0.00218271
0.00218282
0.00222426
0.00208533
0.00221127
0.00213186
0.0021465
0.00219679
0.00220482
0.00217367
0.0022305
0.00222097
0.00223517
0.0021951
0.00216172
0.00218732
0.00215007
0.00221869
0.00219796
0.00218676
0.00215991
0.00216299
0.00212328
0.00212988
0.00223615
0.00220055
0.00218146
0.00224942
0.00220977
0.00212871
0.00220222
0.00215507
0.00219138
0.00219228
0.00215614
0.00222662
0.00216261
0.00213714
0.00220465
0.00215227
0.00216018
0.00216098
0.00215069
0.00213284
0.00218757
0.0021527
0.0021518
0.00213393
0.00220144
0.00218331
0.00216387
0.00221642
0.00215797
0.00218194
0.00207704
0.00219334
0.00219246
0.00219258
0.00218909
0.00217244
0.00222231
0.0021821
0.00222654
0.00212974
0.00210637
0.00217709
0.0021446
0.00217491
0.00225779
0.00218549
0.00222765
0.00214047
0.00225727
0.00213856
0.00224331
0.00212508
0.00213932
0.00219209
0.00215792
0.00228189
0.00222757
0.00218277
0.00220481
0.00217929
0.0021337
0.00220686
0.00218572
0.00222507
0.00213639
0.00222287
0.00214053
0.00219279
0.00213183
0.00218745
0.00216241
0.00219842
0.00219449
0.0021663
0.00213345
0.002182
0.00211832
0.00210667
0.00211691
0.00217101
0.00223151
0.00214925
0.0021348
0.00215599
0.00218227
0.0021233
0.00219337
0.00220452
0.00215211
0.00217636
0.00215233
0.00217149
0.0022007
0.00219431
0.00218867
0.00217225
0.00214543
0.00211937
0.0022252
0.00220781
0.00214068
0.00217616
0.00217582
0.00215292
0.0022122
0.00215567
0.00214708
0.00218759
0.00220544
0.00215931
0.00213952
0.00215123
0.00210614
0.00212414
0.00213888
0.00220459
0.00217322
0.00217976
0.00212115
0.00215081
0.00219446
0.00213583
0.0022345
0.00209354
0.00217414
0.0022516
0.00219912
0.00212204
0.0021361
0.00212914
0.00215028
0.00218137
0.00222641
0.00216877
0.00211368
0.00219751
0.00215921
0.00220004
0.00215749
0.00211937
0.00223778
0.00219585
0.00211515
0.00217752
0.00221393
0.00219786
0.00216351
0.00212765
0.00215574
0.00213323
0.00223381
0.00218358
0.00217027
0.00215827
0.00223949
0.00218476
0.0021625
0.00231236
0.00221722
0.00216423
0.00207535
0.00219779
0.00218599
0.00218288
0.00220286
0.0021561
0.00212805
0.00212653
0.00216981
0.00212198
0.00223761
0.00220113
0.00215447
0.00216436
0.00217092
0.00221262
0.00211475
0.00218996
0.00213126
0.00211828
0.00216187
0.00219877
0.00208758
0.00214714
0.00220554
0.00217292
0.00215891
0.00215538
0.00216917
0.00215733
0.0021659
0.0022414
0.00212911
0.00221052
0.00215682
0.00212802
0.00215184
0.00219422
0.00215011
0.002172
0.00217505
0.00218482
0.00212116
0.00214288
0.00213935
0.00222244
0.00220314
0.00219883
0.0021209
0.00215017
0.00219034
0.002132
0.00223929
0.00216008
0.00218885
0.00218022
0.00213924
0.00220668
0.00216324
0.00221829
0.00208969
0.00220199
0.00219702
0.00218577
0.00211602
0.00217254
0.00215797
0.00228328
0.00218439
0.00213703
0.00213508
0.00218778
0.00211868
0.00213168
0.00214306
0.00210264
0.00214028
0.00213498
0.00213811
0.00210535
0.00221734
0.00215457
0.00219948
0.00213983
0.00208582
0.00216721
0.00218006
0.00214567
0.00218699
0.0021646
0.00210466
0.00212894
0.00222502
0.00211504
0.00223148
0.00223012
0.00210552
0.00213766
0.00219679
0.00212008
0.00218214
0.00214499
0.00221688
0.00217445
0.00219962
0.00214912
0.00217198
0.00219743
0.00218886
0.00218041
0.00218172
0.0022008
0.00218315
0.00210317
0.00218337
0.00215626
0.00213904
0.00218547
0.0021566
0.00215254
0.00209725
0.00214769
0.00222091
0.00218028
0.00214651
0.00216179
0.00213381
0.00216753
0.00215415
0.00226153
0.00212702
0.00218476
0.00217041
0.00213691
0.00213811
0.00219956
0.00215582
0.0021801
0.00219908
0.00219155
0.00216739
0.00217059
0.00211618
0.00217943
0.00227734
0.00210887
0.00218892
0.00209767
0.00207358
0.00176321
