0.2
0.004381
0.00453486
0.00444086
0.00443511
0.00429416
0.00446886
0.00462707
0.00460486
0.00457268
0.00462138
0.00478229
0.00455361
0.0046036
0.00453692
0.00470377
0.00468623
0.004649
0.00474332
0.00476599
0.0047069
0.00461815
0.00456888
0.00472454
0.00440154
0.00441538
0.00473046
0.0046869
0.00435568
0.00461996
0.0043541
0.00474134
0.00439037
0.00458152
0.00442328
0.00462109
0.00454303
0.00452762
0.00466417
0.00459943
0.00483449
0.00451533
0.00470249
0.00452599
0.00468802
0.00465786
0.00460901
0.00439035
0.00451315
0.00470072
0.00456942
0.00448976
0.00437747
0.00467137
0.00462803
0.00465246
0.00475661
0.00471019
0.004449
0.00486699
0.00456153
0.00447951
0.00464174
0.0046888
0.00459997
0.00475067
0.00477485
0.00478554
0.00459815
0.00440005
0.00465678
0.00436448
0.00445264
0.00451934
0.00448743
0.00453523
0.0044291
0.00465381
0.00448102
0.00457118
0.00463342
0.00463879
0.00450273
0.0044663
0.00468383
0.0044951
0.0047061
0.00476091
0.00469065
0.00455944
0.00458741
0.00434316
0.00441012
0.00460564
0.00462198
0.00453076
0.00446095
0.00453161
0.00449582
0.00469006
0.00465864
0.00488783
0.00443299
0.00449976
0.00445071
0.00442969
0.0044121
0.00451228
0.0044608
0.00433111
0.00442233
0.004503
0.00467077
0.00459699
0.00462836
0.00481571
0.00432317
0.00452469
0.0046048
0.00449077
0.00457752
0.00440396
0.00444702
0.00440479
0.00460555
0.00462962
0.00476405
0.00456179
0.00449743
0.00434529
0.00437888
0.0046754
0.00445437
0.00442097
0.00463856
0.00446011
0.00461845
0.00465165
0.00444137
0.00438789
0.00433573
0.00428009
0.00469627
0.00444532
0.00452218
0.00455943
0.00444336
0.00450994
0.00457225
0.00457583
0.00456463
0.00446755
0.00450678
0.0042796
0.00464859
0.0044206
0.00466279
0.00459559
0.00448953
0.00457795
0.0045279
0.00465802
0.00456418
0.00428405
0.00439345
0.00445181
0.00433684
0.00461406
0.00450598
0.00432461
0.00467245
0.00432661
0.00449143
0.00458808
0.00448102
0.0045407
0.00450883
0.00447474
0.00456788
0.0047108
0.00446795
0.00444111
0.00456134
0.00465603
0.00475474
0.0046094
0.00468193
0.00466304
0.0043313
0.00464362
0.00465685
0.00465891
0.00442817
0.00446964
0.00452819
0.00445087
0.00452715
0.00456937
0.00462106
0.00467889
0.00457487
0.00456014
0.00448721
0.00467708
0.00439165
0.00426636
0.00458256
0.00459497
0.00439867
0.00444845
0.00447758
0.00445332
0.00456924
0.00467093
0.00449449
0.00443953
0.00427795
0.00471542
0.0046697
0.00452796
0.00368854
