0.2
0.00296912
0.00299773
0.00318692
0.00311169
0.00297953
0.0029695
0.00310073
0.00306089
0.00298252
0.00311352
0.00306513
0.00303199
0.00300935
0.00304006
0.00298686
0.00308568
0.00301191
0.00310595
0.00307643
0.00309389
0.00315628
0.00310515
0.00303575
0.00311357
0.00299866
0.00299123
0.00293951
0.0030196
0.00300927
0.00304126
0.00307232
0.00315968
0.00310926
0.00315094
0.00310587
0.00306364
0.00313749
0.00292802
0.00306393
0.00301793
0.00309731
0.00304929
0.00307124
0.00311765
0.0030855
0.00304255
0.00312646
0.00320792
0.00301814
0.00299962
0.0029441
0.00301778
0.00300757
0.0030781
0.0031655
0.0031235
0.00301996
0.00299057
0.00304657
0.00308637
0.00306738
0.00305998
0.00310614
0.00293494
0.0030313
0.00307096
0.00310081
0.00309055
0.00300312
0.00300029
0.00303433
0.00312079
0.00309186
0.00302404
0.00307566
0.00304703
0.00305265
0.00313396
0.00299879
0.00315182
0.00301371
0.0030536
0.00307759
0.00300885
0.00307484
0.0029158
0.00303987
0.0029527
0.00302794
0.00306651
0.00299534
0.00305886
0.00303246
0.00297047
0.00300808
0.00303987
0.00295
0.00298061
0.0030709
0.00308446
0.00303533
0.00300002
0.00307794
0.00298356
0.00304175
0.0030118
0.00305641
0.00307086
0.00302847
0.00304742
0.00305981
0.00303132
0.00313512
0.00304741
0.00312849
0.00301983
0.00298036
0.00295713
0.00300731
0.00315736
0.00310083
0.00318677
0.00302133
0.00289528
0.00294959
0.00296413
0.00302324
0.00308412
0.00293086
0.00306928
0.00303594
0.00303582
0.00289025
0.00298627
0.00305759
0.00297544
0.00307138
0.00310551
0.00308567
0.00296641
0.00305816
0.00307351
0.00301799
0.00316798
0.00298849
0.00307309
0.00296047
0.00304042
0.00305288
0.00315659
0.00306031
0.00315911
0.00310292
0.00298493
0.00306018
0.00316988
0.00305777
0.00307244
0.00304012
0.0029328
0.00303268
0.00305627
0.0030552
0.00300481
0.00300819
0.00298092
0.00302735
0.00301988
0.00292911
0.00306105
0.00299632
0.00300291
0.00285919
0.00302435
0.00300869
0.00308721
0.00297756
0.00300207
0.00314989
0.00294765
0.00296191
0.00305386
0.00312569
0.00284419
0.00304907
0.00301168
0.00306237
0.00298408
0.00295515
0.00306162
0.00302621
0.00303789
0.0030491
0.00303931
0.00303365
0.00307446
0.00302762
0.00303796
0.00302381
0.00293496
0.00300893
0.00302167
0.00299067
0.00296175
0.00288282
0.00305731
0.00304244
0.00305239
0.0030721
0.00306302
0.00311643
0.00310645
0.00295076
0.00301722
0.00294982
0.00290308
0.00298116
0.00301728
0.00303143
0.00311014
0.0028676
0.0030242
0.00310237
0.00308426
0.00301641
0.0030456
0.00307013
0.00304215
0.00310827
0.00292411
0.00291919
0.00311037
0.00300596
0.00317644
0.00316148
0.00315345
0.00311332
0.003188
0.00288155
0.00301154
0.00291609
0.00297646
0.00308767
0.00304215
0.00295089
0.00306285
0.0029375
0.00307369
0.00286969
0.00303705
0.00295047
0.00295767
0.00294069
0.00309624
0.00288039
0.00304372
0.00304371
0.00301764
0.00296967
0.00306069
0.00307446
0.00300463
0.00307573
0.00304021
0.00300008
0.00296465
0.00299406
0.00306699
0.00296628
0.00300493
0.00303127
0.00292533
0.0031229
0.00305625
0.00305257
0.00325393
0.00299895
0.00298863
0.00297155
0.00298267
0.00294326
0.00311817
0.00290467
0.00290284
0.00297536
0.00312079
0.00304664
0.0030272
0.00296773
0.00302733
0.00299238
0.00299667
0.00296597
0.00303524
0.00292747
0.00299461
0.00304377
0.00296457
0.00301533
0.00311919
0.00309979
0.00298333
0.00311597
0.00305881
0.00303977
0.00300593
0.00288888
0.00312858
0.00289748
0.0030148
0.00303423
0.00297217
0.00301789
0.00297083
0.00305317
0.00300889
0.00309577
0.0030608
0.00299665
0.00306474
0.00303109
0.00303086
0.00304133
0.00289046
0.00292092
0.00308363
0.00293872
0.00290054
0.00298947
0.00245836
