0.2
0.00214755
0.00214837
0.00218177
0.00212779
0.00214845
0.00212856
0.00209092
0.00226629
0.00215243
0.00216135
0.00214259
0.00217404
0.00220716
0.00216221
0.00214393
0.00216808
0.00211383
0.0021848
0.00213639
0.00212509
0.00208693
0.00211991
0.00217937
0.00215059
0.00208474
0.00215611
0.00207888
0.00210993
0.00211317
0.00221808
0.00212543
0.00214408
0.00221147
0.00215383
0.0021744
0.0021742
0.00210452
0.00210935
0.00216267
0.00210936
0.00212123
0.00213428
0.00219245
0.00216745
0.00210197
0.00216123
0.00209549
0.00215983
0.00216613
0.00212486
0.00211836
0.00212719
0.00213151
0.00217728
0.00219703
0.00217933
0.00218158
0.00214011
0.00207084
0.0022199
0.00217871
0.00208425
0.00222291
0.00214557
0.00218936
0.00219349
0.00216422
0.0021516
0.00212037
0.00211516
0.00210393
0.00215957
0.00213046
0.00217479
0.00214404
0.00216687
0.00212236
0.0021602
0.00210485
0.00219203
0.00215986
0.00207477
0.0021467
0.00213777
0.00215976
0.00212749
0.0021637
0.00205043
0.00211857
0.0021318
0.00216291
0.0022267
0.00218647
0.00210575
0.0020573
0.00218695
0.00214058
0.00209874
0.00213914
0.00216307
0.00210714
0.00214835
0.00212541
0.00214844
0.00220633
0.00213174
0.00215261
0.00211234
0.00214695
0.00211395
0.00212328
0.00213297
0.00223197
0.00208943
0.00207797
0.00209803
0.0021322
0.00204836
0.00211548
0.00219458
0.00220863
0.00211962
0.00215044
0.00210058
0.00213515
0.00213252
0.00212783
0.00206941
0.00210116
0.00209664
0.00217659
0.00217164
0.00213909
0.00208469
0.00212151
0.00214786
0.00211156
0.00223226
0.00214558
0.00212797
0.00216797
0.00220361
0.00214568
0.00214896
0.00219111
0.00208295
0.00217156
0.00213347
0.00215659
0.00208608
0.00216027
0.00212369
0.00206601
0.00209852
0.00211224
0.00211468
0.00212666
0.00215927
0.00214382
0.00214937
0.00205648
0.00218894
0.00211125
0.00216116
0.00209878
0.00205768
0.00208271
0.00216629
0.00212844
0.00213721
0.00216449
0.00214609
0.00212634
0.00211395
0.00207863
0.00214529
0.00216246
0.00208847
0.00224312
0.00213997
0.00211505
0.00208935
0.00217922
0.00217532
0.00209172
0.00209114
0.00211582
0.00209822
0.00214282
0.00219862
0.00209378
0.00210524
0.00211147
0.00211765
0.00211298
0.00212642
0.00214467
0.00210203
0.00214354
0.00213055
0.00206115
0.00212201
0.0021695
0.00211047
0.00214288
0.00214403
0.00210748
0.00216501
0.00212783
0.00212886
0.00218095
0.00213394
0.00211422
0.00213909
0.00212287
0.00215467
0.00209331
0.00213013
0.00208481
0.0021471
0.00211227
0.00212012
0.0021587
0.00214526
0.00211807
0.00214511
0.00213688
0.00208418
0.00211466
0.00205064
0.0021303
0.00221323
0.00207411
0.00209373
0.00212074
0.00212245
0.00210482
0.00211077
0.00216462
0.00224981
0.00210848
0.00211507
0.00207693
0.00215692
0.0020823
0.0021558
0.00211536
0.00211604
0.00214314
0.00213045
0.00208891
0.00211443
0.00220665
0.00209311
0.0020778
0.00208096
0.00203674
0.00213293
0.00211457
0.00216783
0.00219441
0.00216639
0.00211583
0.00220755
0.00209585
0.00212927
0.00214724
0.00212012
0.00219457
0.00218493
0.00212054
0.00207909
0.00215002
0.002123
0.00214339
0.00214353
0.00211232
0.00210966
0.00218286
0.00214246
0.00216757
0.00212839
0.0020919
0.00207105
0.00210873
0.00210379
0.00216592
0.00214727
0.00213135
0.00206193
0.00216225
0.00219401
0.00207258
0.00217319
0.00222342
0.00213297
0.00213564
0.00214993
0.00213535
0.00208002
0.00206768
0.00211731
0.00212928
0.00206269
0.00210583
0.00213063
0.00214106
0.00212813
0.00209941
0.00211481
0.002076
0.00208883
0.0021255
0.00212584
0.00216797
0.0021211
0.0021309
0.00211197
0.00211469
0.00217752
0.00208025
0.00209576
0.00213821
0.00209199
0.00206646
0.00221167
0.00208284
0.00214098
0.00210578
0.00216608
0.00212618
0.00203252
0.00210263
0.0020787
0.00209986
0.00207352
0.00207501
0.00210208
0.00210822
0.00211255
0.00216222
0.00217388
0.00212308
0.00207965
0.00211621
0.00211521
0.00209532
0.00209961
0.0021189
0.00214107
0.00205067
0.00213792
0.0021602
0.00217739
0.00209031
0.0022196
0.00209337
0.00212037
0.00209874
0.00213788
0.00216014
0.00212496
0.00212148
0.00213629
0.00211552
0.00203163
0.00213219
0.00209105
0.00215943
0.00209025
0.00207771
0.00213591
0.00210353
0.0021566
0.00211163
0.00210071
0.00210891
0.002143
0.00210711
0.00211494
0.00212053
0.00205758
0.00207547
0.00218487
0.00208617
0.0020821
0.00211216
0.00207772
0.00212384
0.00215894
0.00208602
0.00212064
0.00205676
0.00212928
0.00209922
0.0021111
0.00215219
0.00210132
0.00211969
0.00217466
0.0021023
0.00214503
0.00215781
0.00207527
0.00207582
0.00210668
0.00210795
0.00212236
0.00219548
0.00217656
0.00212492
0.00220798
0.00209703
0.00206774
0.00214473
0.00210767
0.0022166
0.00209082
0.0021151
0.00214843
0.00201436
0.0021252
0.00219666
0.00210624
0.00215997
0.00214072
0.00205541
0.00206359
0.00212631
0.00208662
0.00221362
0.002145
0.00207617
0.00208569
0.00212722
0.00210123
0.00206836
0.00210575
0.00214677
0.00210142
0.00215832
0.00206021
0.00207245
0.00212656
0.00207312
0.00214096
0.00214678
0.00215832
0.00217967
0.00208364
0.00213204
0.0021284
0.00206921
0.00210485
0.00214526
0.0021385
0.0020904
0.00211662
0.00208615
0.00218365
0.00205744
0.00208232
0.0021509
0.00209024
0.00213817
0.00205412
0.00205972
0.0020892
0.00209162
0.00172579
