0.2
0.00324033
0.0033138
0.00318306
0.00330334
0.00325697
0.00318693
0.00330387
0.00313575
0.00314277
0.003359
0.00335872
0.00331489
0.00319043
0.00318929
0.00320041
0.00340931
0.00328549
0.00328963
0.00330894
0.00341132
0.00318959
0.00339425
0.00328725
0.00321837
0.0032311
0.00330682
0.00319618
0.00324692
0.0031994
0.00331324
0.00315903
0.00318332
0.00315205
0.00330461
0.00319789
0.00324339
0.00322522
0.00314092
0.00325042
0.00328376
0.00336043
0.00326534
0.00318144
0.00327358
0.00322184
0.00337748
0.00320817
0.00334021
0.00324686
0.00331262
0.0031591
0.00324012
0.00309196
0.0033764
0.00312488
0.00322185
0.00318647
0.00319853
0.0033296
0.00330936
0.00328909
0.00315796
0.00326789
0.00323271
0.00323072
0.00312576
0.00333177
0.00325788
0.0032679
0.00326431
0.0032039
0.0031635
0.00320803
0.00332238
0.00346086
0.0032803
0.0032595
0.00314256
0.0033675
0.00322579
0.00319988
0.00319988
0.00320069
0.00318579
0.0032574
0.00310796
0.00330994
0.00326187
0.00330971
0.00320997
0.00336882
0.00327622
0.00328056
0.00313987
0.00327265
0.00317165
0.00323141
0.00320639
0.00325046
0.00324215
0.00318134
0.00328901
0.00314076
0.00333682
0.00327404
0.00325457
0.00317078
0.00328581
0.0031065
0.00329555
0.00325527
0.003317
0.00321831
0.00334457
0.00313979
0.00327631
0.00312777
0.0033043
0.00337354
0.00321191
0.00327135
0.0032056
0.00318011
0.00320002
0.00319837
0.00328419
0.00329642
0.00327065
0.00318438
0.00335201
0.00317551
0.00330946
0.00323224
0.00322774
0.00319909
0.00308653
0.00319486
0.00326441
0.00329207
0.00323985
0.00323859
0.00308383
0.0033283
0.00324475
0.00314034
0.00314594
0.00331582
0.00315689
0.00326887
0.00320004
0.00330455
0.00319097
0.00328492
0.00330092
0.00304967
0.00322455
0.00313656
0.00328461
0.00316546
0.00328048
0.00322116
0.00330064
0.00318165
0.00329115
0.00317346
0.00320135
0.00323646
0.0031417
0.00316639
0.00325314
0.00316581
0.00307086
0.00315956
0.00324347
0.00332336
0.00307864
0.00312335
0.00311496
0.00317112
0.00313968
0.0032029
0.00332143
0.00324785
0.00305469
0.00316462
0.00314956
0.0031792
0.00322033
0.00313183
0.00336562
0.0031777
0.0032807
0.00313431
0.00322385
0.00319541
0.00325725
0.00330013
0.00324543
0.00315182
0.00313582
0.00315778
0.00322019
0.00324918
0.00335445
0.00315375
0.00325959
0.00331153
0.00319444
0.003144
0.00320697
0.00330297
0.0032986
0.00321209
0.00340856
0.00316481
0.00319723
0.00331461
0.00318075
0.00323821
0.00311862
0.00328284
0.00323253
0.00317586
0.00318512
0.00317045
0.00315417
0.0031091
0.00321629
0.00315121
0.00321508
0.00318849
0.0031861
0.00320226
0.00315174
0.00330802
0.00323003
0.00326197
0.00316717
0.00325347
0.00315355
0.00318956
0.00322394
0.00318264
0.00316982
0.00310408
0.00317897
0.00318697
0.00312987
0.00330586
0.00332953
0.00315208
0.00319246
0.00322335
0.00315197
0.00321205
0.00325508
0.00309503
0.00322007
0.00320936
0.00318293
0.00323515
0.00321455
0.00323479
0.00346592
0.00332641
0.00321727
0.00327019
0.00324938
0.00335027
0.00340036
0.00318811
0.00321575
0.00313476
0.00332348
0.00319973
0.0031925
0.0031545
0.00327742
0.00310719
0.0033872
0.00338779
0.00315767
0.00333058
0.00324506
0.00329165
0.00320393
0.00317343
0.00331694
0.00310643
0.00321278
0.00317453
0.00310873
0.00317507
0.00319899
0.00323603
0.00313347
0.00320889
0.00315106
0.00324337
0.00319135
0.00329273
0.00308884
0.00326535
0.00316484
0.00304108
0.003198
0.00318875
0.00320962
0.00327062
0.00261704
