0.2
0.00199925
0.00199925
0.00200087
0.00199925
0.00199925
0.00199925
0.00199925
0.00199925
0.00200076
0.00199925
0.00200077
0.00199925
0.00199925
0.00200099
0.00199925
0.00199925
0.00200095
0.00199925
0.00200084
0.00199925
0.00199925
0.0020008
0.00200102
0.00199925
0.00200092
0.00199925
0.00200085
0.00200089
0.00200079
0.00199925
0.00200081
0.00199925
0.00200086
0.00199925
0.00199925
0.00200087
0.00200091
0.00199925
0.00199925
0.00199925
0.00199925
0.00199925
0.00199925
0.00199925
0.00200083
0.00200077
0.00199925
0.0020009
0.00199925
0.00200083
0.00200092
0.00199925
0.00200088
0.00200087
0.00200068
0.00200079
0.00200082
0.00199925
0.00200089
0.00200087
0.00200082
0.00200085
0.00200087
0.00199925
0.00200081
0.00199925
0.00200085
0.00200089
0.0020008
0.00200085
0.00200076
0.00200092
0.00199925
0.00200089
0.00199925
0.00199925
0.00200084
0.00200076
0.00199925
0.00199925
0.00200071
0.00199925
0.00199925
0.00199925
0.00199925
0.00199925
0.00200076
0.00199925
0.00199925
0.00200081
0.00200082
0.00199925
0.00200085
0.00199925
0.00199925
0.00199925
0.00199925
0.00199925
0.00199925
0.00199925
0.00200097
0.00199925
0.00200075
0.00199925
0.0020008
0.00199925
0.00199925
0.00200096
0.0020008
0.00200089
0.00200099
0.00200081
0.0020008
0.00200081
0.00200093
0.00199925
0.00200078
0.00199925
0.00200098
0.00199925
0.00199925
0.00200078
0.00199925
0.00199925
0.00199925
0.00199925
0.00200104
0.00199925
0.00200083
0.00199925
0.00200093
0.00199925
0.00199925
0.00200089
0.00199925
0.00200083
0.00199925
0.00200089
0.00199925
0.00200077
0.00199925
0.00200076
0.00200087
0.00199925
0.00200083
0.00199925
0.00200088
0.00200087
0.00199925
0.00199925
0.00199925
0.00199925
0.00199925
0.00199925
0.00200085
0.00200084
0.00200081
0.00199925
0.00200085
0.00200087
0.00200077
0.00200096
0.00199925
0.00199925
0.00199925
0.00199925
0.00200082
0.00199925
0.00199925
0.00199925
0.00200081
0.0020009
0.00200083
0.00200072
0.00200087
0.00199925
0.00199925
0.00200093
0.00199925
0.00199925
0.00199925
0.00199925
0.00199925
0.00200099
0.00199925
0.00199925
0.00200078
0.00200083
0.00199925
0.00200077
0.00199925
0.00200106
0.00200087
0.00199925
0.0020008
0.00199925
0.00200087
0.00199925
0.00199925
0.00199925
0.00200085
0.00200085
0.00200064
0.00199925
0.00199925
0.0020008
0.00199925
0.00200081
0.00199925
0.00200082
0.00199925
0.00199925
0.00199925
0.00200081
0.00199925
0.00199925
0.00200093
0.00200096
0.00200081
0.00199925
0.0020008
0.00199925
0.00199925
0.00199925
0.00200088
0.00200086
0.00199925
0.00200106
0.00199925
0.00200091
0.00199925
0.00200085
0.00199925
0.00200085
0.00200085
0.00200076
0.00199925
0.00199925
0.00199925
0.00199925
0.00200093
0.00200078
0.0020008
0.00199925
0.00199925
0.00199925
0.00199925
0.00199925
0.00199925
0.00200087
0.00199925
0.00200099
0.0020009
0.00200103
0.00199925
0.00199925
0.00200083
0.00199925
0.00199925
0.00200077
0.00199925
0.00200096
0.00199925
0.00199925
0.00199925
0.00199925
0.00200085
0.00199925
0.00200096
0.00199925
0.00199925
0.00199925
0.00199925
0.00199925
0.00199925
0.00199925
0.00199925
0.00200087
0.00200078
0.00199925
0.00199925
0.00200087
0.00199925
0.00199925
0.00199925
0.00200093
0.00200087
0.00199925
0.00199925
0.00200091
0.00200077
0.00199925
0.00199925
0.00200079
0.00199925
0.00199925
0.00199925
0.00200092
0.00199925
0.00199925
0.00199925
0.00199925
0.00199925
0.00200091
0.00199925
0.00199925
0.00199925
0.00200077
0.00199925
0.00199925
0.00199925
0.0020008
0.00199925
0.00199925
0.00199925
0.00200082
0.00200096
0.00199925
0.00199925
0.00199925
0.00200085
0.00199925
0.00199925
0.00200078
0.0020008
0.00199925
0.00200073
0.00199925
0.00199925
0.00199925
0.00200089
0.00200076
0.00199925
0.00200083
0.00200082
0.00200086
0.00199925
0.00199925
0.00199925
0.0020009
0.00200091
0.00199925
0.00200076
0.00200085
0.00200091
0.00200093
0.0020007
0.00200089
0.00199925
0.00200086
0.00200078
0.00199925
0.00199925
0.00200083
0.00200095
0.00200097
0.00199925
0.00200085
0.00200091
0.00200106
0.0020008
0.00200091
0.00200077
0.00200084
0.00199925
0.00199925
0.00200082
0.00200081
0.00199925
0.00200077
0.00199925
0.00199925
0.00199925
0.00200085
0.00199925
0.00199925
0.00199925
0.00200081
0.00199925
0.00200084
0.00199925
0.00199925
0.00200084
0.00200083
0.00200093
0.0020008
0.00199925
0.0020009
0.00199925
0.00200074
0.00199925
0.00200081
0.00199925
0.00200084
0.00199925
0.00200097
0.00200077
0.00199925
0.00199925
0.00199925
0.00199925
0.00200083
0.00200078
0.00200081
0.00200078
0.00199925
0.00199925
0.00200082
0.00199925
0.00199925
0.00199925
0.00199925
0.00199925
0.00199925
0.0020009
0.00199925
0.0020009
0.00199925
0.00199925
0.00200078
0.00199925
0.00200085
0.00199925
0.00200085
0.00200089
0.00200077
0.00199925
0.00200079
0.00200089
0.00199925
0.00199925
0.00200105
0.00200076
0.00200087
0.00200072
0.0020008
0.00199925
0.00200078
0.00199925
0.0020008
0.00200095
0.00200092
0.00199925
0.00200071
0.00199925
0.00199925
0.00199925
0.00199925
0.00199925
0.00200081
0.00200078
0.00200081
0.00200081
0.00200082
0.00200102
0.00199925
0.00200101
0.00200087
0.00200087
0.00199925
0.00200076
0.00199925
0.00199925
0.00200086
0.00199925
0.00200095
0.00199925
0.00199925
0.00200086
0.0020009
0.00199925
0.0020008
0.00200103
0.00200085
0.00200096
0.00199925
0.00200083
0.00199925
0.00200087
0.00199925
0.00199925
0.00199925
0.00199925
0.00200089
0.00199925
0.00199925
0.00199925
0.00200086
0.00199925
0.00200085
0.00199925
0.00199925
0.00199925
0.00199925
0.00200088
0.00200079
0.00200067
0.00200091
0.00199925
0.00199925
