0.2
0.00194718
0.00204017
0.00201756
0.00206557
0.00205051
0.00204667
0.00203867
0.00208816
0.00208562
0.00194379
0.00202504
0.00198495
0.00204816
0.00201597
0.00196524
0.00203242
0.00203812
0.00208695
0.00204952
0.00205169
0.00202806
0.00210967
0.0020778
0.00194915
0.00195395
0.00202728
0.00209185
0.00201104
0.00203982
0.00210854
0.00210295
0.0019668
0.00206082
0.00209789
0.00201419
0.002047
0.00203679
0.00205409
0.00201367
0.00189912
0.00193868
0.00204131
0.00193266
0.00201629
0.00198183
0.00204796
0.00196213
0.00196421
0.0020822
0.00210967
0.00205459
0.00213009
0.00205239
0.00204445
0.00198951
0.00195285
0.00204374
0.00203063
0.0020359
0.00195772
0.00210504
0.00201258
0.00206802
0.00191969
0.00206206
0.00194048
0.00204863
0.00200654
0.00199527
0.00206736
0.00194651
0.00206207
0.00204493
0.00202904
0.00198125
0.0019771
0.00196339
0.00196008
0.00203823
0.00202869
0.00200222
0.00199289
0.00200162
0.00194876
0.00193732
0.00207591
0.00204478
0.00206583
0.00207978
0.00205407
0.0019697
0.00206622
0.00193839
0.00202346
0.00194656
0.00200209
0.00198871
0.00194308
0.00201419
0.0020948
0.00191427
0.00195847
0.00211112
0.0019715
0.00200771
0.00202441
0.00192669
0.0020535
0.00205967
0.00198613
0.00196865
0.00206487
0.00206721
0.00198851
0.00205847
0.00205655
0.00205695
0.00196332
0.00199802
0.00200201
0.00201335
0.00200168
0.00211948
0.00199739
0.00198295
0.0020204
0.0019664
0.00195654
0.00202149
0.00206116
0.00199778
0.00206318
0.00195292
0.00197204
0.00214466
0.00198347
0.00202702
0.00203803
0.00201607
0.0020365
0.00204605
0.00203565
0.00199373
0.00207626
0.00199266
0.00202258
0.00200646
0.00198426
0.00209277
0.00192621
0.00198898
0.00208334
0.00193821
0.00203734
0.00208232
0.00198789
0.00205586
0.0019842
0.0019647
0.00194747
0.00200018
0.00191442
0.00199435
0.00205183
0.00207813
0.00197784
0.00201551
0.00190984
0.00202838
0.0020623
0.00200039
0.00200785
0.00200134
0.00198676
0.00195377
0.0019871
0.00200969
0.00191831
0.00211479
0.00193148
0.00197339
0.00198473
0.00193345
0.00206536
0.00196872
0.00194498
0.00204006
0.0020527
0.00197231
0.00202853
0.00190337
0.0019354
0.00203577
0.00206782
0.00204276
0.00205883
0.00201328
0.00197423
0.00202972
0.002066
0.00204062
0.00194591
0.00200656
0.00202485
0.00211078
0.00200199
0.00198642
0.00193702
0.00203065
0.00203189
0.00200008
0.00199569
0.0020505
0.00200204
0.00201316
0.00200751
0.00199507
0.00201068
0.00200526
0.00193489
0.00210203
0.00195566
0.00202589
0.00188735
0.00202248
0.00205704
0.00198133
0.00203666
0.00199974
0.00199484
0.00199799
0.00200621
0.00199153
0.00198739
0.00195329
0.00206831
0.00204679
0.00205346
0.00203383
0.00201863
0.00197414
0.00198316
0.00205703
0.00196495
0.00208393
0.00196894
0.00196773
0.00198613
0.00194218
0.0019955
0.00194639
0.00195735
0.00193541
0.00196341
0.00211575
0.00203956
0.00202208
0.00206857
0.00187897
0.0019674
0.00195057
0.00202801
0.00204678
0.00202907
0.00190871
0.00195121
0.00208043
0.00203102
0.00197707
0.00196518
0.00202646
0.00194646
0.00198521
0.00197586
0.00194384
0.00192424
0.00210201
0.00201441
0.00196925
0.00198004
0.0019175
0.00190863
0.00205576
0.00190363
0.00195832
0.00202265
0.0020374
0.00200535
0.00194827
0.00195104
0.00194372
0.00192533
0.00195108
0.00204882
0.00203064
0.00203535
0.00203401
0.00192927
0.00191945
0.00193058
0.00195208
0.0019592
0.00194844
0.0020135
0.00197674
0.00201805
0.00187021
0.00197064
0.00207543
0.00196242
0.00197577
0.00205732
0.00197847
0.00201747
0.00198876
0.00194295
0.00204117
0.00197512
0.00193433
0.0019843
0.00201085
0.00196552
0.00197008
0.00196226
0.00203788
0.00197402
0.00194347
0.00199607
0.00198549
0.00188615
0.00203872
0.00197704
0.0019136
0.00194126
0.00205491
0.00191802
0.001975
0.00187038
0.00192513
0.00197039
0.00204378
0.00205677
0.00203312
0.00195175
0.00209746
0.00202166
0.00195246
0.00193399
0.00202414
0.0019973
0.00203937
0.00191269
0.00189456
0.00196858
0.00192694
0.00200438
0.00202245
0.00206796
0.0020176
0.00200761
0.00195915
0.00201145
0.00204772
0.00192928
0.00211112
0.00203577
0.00187404
0.00199719
0.00189739
0.00199077
0.00198736
0.0020503
0.00200022
0.00198412
0.00205533
0.00198477
0.00193862
0.00201334
0.00196244
0.00208683
0.00205847
0.00191122
0.00208311
0.00202458
0.00204171
0.00197724
0.00199645
0.00198672
0.0019664
0.00197203
0.00204864
0.00199817
0.00204596
0.00205918
0.00203397
0.00197947
0.00195226
0.00205412
0.00196615
0.00199167
0.00197408
0.00197866
0.00202557
0.00206555
0.00190951
0.00192213
0.00200328
0.0018259
0.00197417
0.00194794
0.00198916
0.00193411
0.00204579
0.0019221
0.00198315
0.00208859
0.00199983
0.00200634
0.00200735
0.00197713
0.00206374
0.00197004
0.00191415
0.00200761
0.00207085
0.00207559
0.00200132
0.00206301
0.00195877
0.00190838
0.0019928
0.00188174
0.00206145
0.00201769
0.00197197
0.00193985
0.00205895
0.00204545
0.00197538
0.00197461
0.0019186
0.00200934
0.00190272
0.00200563
0.00206331
0.00207137
0.00201804
0.00194042
0.00205707
0.00194471
0.00199835
0.00202484
0.00204711
0.00198592
0.00199711
0.00191956
0.00201305
0.0019589
0.00198665
0.00193924
0.00193092
0.00198502
0.00197565
0.00191481
0.00199463
0.00207527
0.00198727
0.00209518
0.00198274
0.00200572
0.00193865
0.00196393
0.00202585
0.00198771
0.00198771
0.00207943
0.00199824
0.0019712
0.00198277
0.00197158
0.00194328
0.0020063
0.00198644
0.00208718
0.00195353
0.00197051
0.00195149
0.00195699
0.00204423
0.00204342
0.00195876
0.00194405
0.00200905
0.00192583
0.00196263
0.00199468
0.00195767
0.00202232
0.00198409
0.0016248
