0.2
0.00197037
0.00200666
0.00208191
0.00200723
0.00204843
0.00193165
0.00202415
0.00204014
0.00198331
0.00198069
0.00202778
0.00201482
0.00200582
0.00201334
0.002029
0.00202553
0.00199196
0.00200417
0.00201926
0.00205224
0.00197987
0.00204004
0.00203032
0.00202319
0.00203619
0.00201575
0.00206621
0.00208973
0.00197908
0.00201118
0.00204147
0.00205744
0.00206954
0.00198386
0.00199589
0.0019716
0.00200563
0.00202591
0.00198354
0.00204638
0.00197967
0.00200776
0.00203416
0.00200978
0.0020096
0.00206809
0.00205853
0.0020594
0.00198422
0.00200399
0.00203196
0.00205398
0.00200819
0.00205158
0.00193898
0.00205265
0.00197931
0.00199858
0.00206149
0.00203399
0.00201466
0.00197337
0.00197146
0.0019914
0.0020527
0.00202423
0.00207712
0.00201858
0.0020264
0.00197899
0.00202344
0.00205073
0.00197916
0.00199782
0.00198092
0.00197627
0.00203532
0.00202807
0.00203686
0.00199826
0.00204317
0.00202869
0.00206226
0.00200639
0.00202944
0.00201397
0.00202413
0.0020013
0.00202822
0.00199078
0.00203641
0.00198148
0.00203645
0.00204154
0.0020126
0.00206278
0.00203756
0.0019974
0.0019786
0.00205162
0.00203823
0.00195949
0.00200097
0.00201737
0.00204639
0.00203482
0.00199881
0.00205398
0.00201415
0.00201548
0.0020002
0.00200975
0.00205306
0.00200563
0.00194698
0.00199861
0.0020064
0.00202958
0.00201286
0.00199973
0.00206644
0.00205396
0.00199388
0.00197898
0.00207994
0.00202483
0.00208218
0.00196889
0.00195763
0.00197935
0.0019743
0.00201583
0.00199799
0.00196813
0.00199079
0.00202076
0.00199678
0.0020196
0.00204198
0.002037
0.00197586
0.00201329
0.00200801
0.00201171
0.002064
0.00199166
0.00197591
0.00194893
0.0020636
0.00200962
0.00200397
0.00204786
0.00195052
0.00200744
0.00199307
0.00203866
0.00203529
0.00198818
0.00207891
0.00201011
0.00208254
0.00198387
0.00196598
0.00200777
0.00204698
0.00196853
0.00204332
0.00197103
0.00204828
0.00201343
0.00199824
0.00194884
0.0020127
0.00204662
0.0020409
0.00197662
0.00203253
0.00203167
0.00197333
0.00198949
0.00194757
0.00197651
0.00198642
0.00198321
0.00194282
0.00193635
0.00199041
0.00202525
0.00202298
0.00204906
0.00205775
0.0020548
0.00206226
0.0020015
0.00201328
0.00197127
0.00199211
0.00202833
0.00203385
0.00202317
0.00203883
0.00198037
0.00198446
0.00197241
0.00195389
0.00205475
0.00197026
0.00200849
0.0020213
0.00204263
0.00196495
0.00203795
0.00192953
0.00200397
0.00200322
0.00199988
0.00205036
0.00198702
0.00199375
0.00198719
0.0020183
0.00203351
0.00202019
0.00199836
0.00199789
0.00198753
0.00199801
0.00201014
0.00196474
0.00202037
0.00199381
0.00198248
0.00196962
0.00195959
0.00199645
0.00205129
0.00199764
0.00198334
0.00199651
0.00200313
0.00197756
0.00197242
0.00193768
0.00204396
0.00204899
0.0019568
0.00202658
0.00200045
0.00205161
0.00197558
0.00204835
0.00194173
0.00199254
0.00196959
0.00205711
0.00197283
0.00204272
0.00202649
0.00193536
0.00190861
0.00200196
0.00203573
0.00198663
0.00199409
0.00201738
0.00195811
0.00193281
0.00194539
0.00197272
0.00199842
0.00192561
0.00198529
0.00199306
0.00193946
0.00196055
0.0020117
0.0019612
0.0019903
0.00195786
0.00205575
0.00196949
0.0020107
0.00203141
0.00196964
0.00201639
0.00199141
0.00205407
0.00195721
0.00201526
0.00202151
0.00194988
0.00199367
0.00200378
0.00196621
0.00200733
0.00198726
0.00197583
0.00194793
0.00196273
0.00203088
0.00199862
0.00201099
0.00194058
0.00194317
0.00198195
0.00204402
0.00202603
0.00198341
0.0020077
0.00198036
0.00198427
0.00200424
0.00197954
0.00200821
0.00199925
0.00208327
0.00201875
0.00199311
0.00198467
0.00200723
0.00201076
0.00203469
0.00198584
0.00201214
0.00199741
0.00203894
0.00204198
0.00194784
0.00199609
0.00198491
0.00202412
0.0019589
0.00200655
0.00200109
0.00195661
0.00195177
0.00197281
0.00201562
0.001978
0.00201486
0.00196001
0.00196943
0.00200421
0.00198025
0.00195425
0.00202167
0.00201281
0.00202842
0.00195091
0.0019812
0.00193838
0.0019672
0.00203782
0.00193416
0.00196174
0.00195263
0.00197573
0.00199383
0.00195327
0.00196407
0.00200118
0.00205416
0.00202528
0.00203339
0.00201675
0.00191992
0.00204167
0.00200985
0.00199154
0.00201838
0.0020027
0.0019166
0.00194108
0.00198256
0.00199452
0.00197642
0.00204192
0.00197659
0.00197132
0.00204746
0.00203482
0.00202585
0.00199443
0.00200569
0.00199808
0.00194126
0.00204747
0.00199852
0.00197658
0.00196841
0.00191405
0.0020099
0.00196272
0.00198883
0.00195928
0.00205924
0.0019638
0.00199555
0.0019807
0.00193173
0.00194161
0.00193641
0.00194387
0.00200848
0.00204404
0.00195524
0.00198437
0.00203332
0.00196927
0.00197674
0.00197776
0.00198388
0.00203062
0.00202356
0.00195215
0.0019947
0.00195497
0.0019787
0.00196676
0.00198687
0.00200752
0.00202531
0.00199292
0.00192348
0.0020382
0.00198461
0.00203861
0.00200033
0.00197828
0.00198521
0.00199392
0.00197396
0.00199816
0.00197086
0.00199155
0.00202242
0.00204621
0.0019674
0.00195749
0.00199083
0.00199706
0.00198146
0.00196572
0.00210228
0.00209802
0.00196965
0.00201946
0.00201597
0.00197252
0.00203322
0.00203971
0.00197871
0.00195296
0.00199416
0.0019489
0.00198679
0.00203176
0.00198572
0.00199871
0.00198119
0.0019784
0.00204162
0.00201271
0.00195219
0.00202934
0.00197119
0.00196353
0.00198898
0.00204135
0.00196182
0.00194785
0.00198393
0.00200549
0.00198266
0.00199439
0.00197298
0.00198454
0.002001
0.00204068
0.00197315
0.0019552
0.00200683
0.00201865
0.00193184
0.00191261
0.00200481
0.00197582
0.00196652
0.00201905
0.00200818
0.00197576
0.00195115
0.00198543
0.00203493
0.00194724
0.00193656
0.00203036
0.00201264
0.00194998
0.0016223
