0.2
0.00200029
0.00200037
0.00200035
0.00200039
0.0019992
0.0020003
0.00200029
0.00200046
0.00200033
0.00200036
0.00200032
0.0020003
0.00200031
0.0019992
0.00200035
0.0019992
0.00200039
0.00200037
0.00200034
0.0019992
0.00200038
0.0020003
0.0020003
0.00200034
0.00200029
0.00200041
0.00200037
0.00200029
0.00200032
0.00200041
0.00200039
0.00200032
0.00200034
0.00200031
0.00200034
0.00200036
0.0019992
0.00200044
0.0019992
0.00200032
0.00200041
0.0019992
0.00200034
0.0019992
0.00200026
0.0019992
0.0019992
0.00200035
0.00200029
0.00200037
0.00200037
0.00200031
0.00200031
0.00200034
0.00200039
0.00200032
0.0019992
0.0019992
0.0019992
0.00200029
0.00200033
0.0019992
0.0019992
0.0020003
0.00200032
0.00200032
0.0019992
0.00200033
0.00200036
0.00200032
0.0020003
0.00200031
0.0019992
0.00200032
0.0019992
0.0020004
0.00200038
0.00200038
0.0020003
0.0019992
0.0020003
0.00200037
0.00200033
0.0019992
0.0019992
0.0019992
0.00200038
0.0019992
0.0019992
0.0019992
0.00200033
0.00200034
0.00200042
0.0019992
0.00200034
0.00200028
0.00200032
0.0020003
0.00200034
0.00200031
0.0019992
0.00200037
0.00200032
0.0019992
0.00200035
0.0020004
0.0020003
0.00200038
0.0019992
0.00200032
0.00200036
0.0019992
0.00200035
0.0019992
0.00200033
0.00200029
0.00200033
0.00200032
0.00200029
0.0019992
0.00200033
0.00200029
0.00200036
0.00200034
0.00200033
0.00200038
0.0019992
0.0019992
0.00200038
0.0019992
0.0019992
0.0020003
0.00200032
0.00200035
0.0019992
0.00200029
0.0020004
0.00200038
0.00200037
0.00200039
0.0019992
0.0019992
0.0019992
0.00200037
0.00200035
0.00200036
0.0019992
0.00200035
0.0020003
0.0019992
0.0020004
0.00200035
0.00200038
0.00200036
0.00200035
0.00200038
0.0019992
0.00200035
0.00200038
0.00200032
0.00200031
0.00200034
0.0020003
0.00200039
0.00200038
0.0019992
0.00200037
0.00200032
0.00200033
0.00200032
0.00200033
0.00200035
0.0019992
0.00200032
0.0019992
0.0019992
0.0019992
0.00200036
0.00200037
0.0020003
0.00200042
0.00200037
0.00200036
0.0019992
0.0019992
0.00200032
0.00200034
0.00200035
0.0019992
0.0019992
0.0019992
0.0019992
0.00200033
0.0019992
0.0019992
0.0019992
0.00200038
0.0019992
0.00200035
0.0020004
0.00200032
0.0019992
0.00200029
0.0019992
0.00200028
0.0019992
0.00200035
0.00200037
0.0019992
0.00200037
0.00200038
0.0019992
0.0019992
0.00200033
0.00200035
0.0019992
0.0019992
0.00200033
0.0019992
0.0019992
0.00200032
0.00200033
0.00200035
0.00200039
0.0020003
0.0019992
0.00200035
0.0019992
0.00200036
0.00200035
0.00200033
0.0020003
0.0019992
0.00200034
0.00200032
0.0019992
0.00200028
0.0019992
0.00200037
0.0019992
0.00200033
0.0019992
0.0019992
0.00200039
0.00200032
0.0019992
0.00200036
0.0020004
0.00200032
0.0019992
0.00200038
0.00200034
0.00200041
0.00200033
0.00200038
0.00200037
0.00200036
0.00200029
0.0019992
0.00200034
0.00200036
0.00200034
0.00200037
0.0019992
0.0019992
0.00200032
0.0019992
0.00200037
0.0019992
0.0019992
0.00200028
0.00200036
0.0019992
0.00200033
0.0020003
0.0019992
0.0020003
0.00200032
0.0019992
0.0019992
0.00200033
0.0019992
0.00200041
0.0020003
0.00200031
0.00200032
0.00200036
0.0019992
0.0019992
0.00200038
0.00200037
0.0019992
0.0019992
0.0019992
0.0019992
0.0019992
0.0019992
0.00200034
0.00200029
0.00200033
0.00200038
0.00200029
0.00200038
0.00200041
0.00200037
0.00200033
0.0019992
0.00200035
0.0019992
0.00200035
0.00200035
0.00200033
0.00200035
0.0020004
0.00200034
0.00200041
0.0019992
0.0019992
0.00200036
0.00200036
0.00200031
0.00200037
0.00200035
0.00200032
0.0019992
0.0019992
0.0019992
0.00200032
0.00200034
0.00200035
0.00200031
0.0019992
0.00200035
0.0019992
0.00200034
0.0019992
0.00200036
0.00200035
0.00200029
0.00200036
0.00200034
0.00200031
0.0019992
0.00200026
0.00200041
0.00200036
0.00200033
0.0019992
0.00200038
0.0019992
0.0019992
0.0019992
0.0019992
0.0020003
0.00200034
0.00200037
0.00200032
0.00200033
0.00200033
0.00200036
0.00200032
0.00200042
0.0019992
0.00200036
0.00200034
0.00200036
0.0019992
0.0020004
0.00200034
0.00200035
0.0019992
0.0019992
0.00200038
0.00200034
0.00200029
0.0019992
0.00200036
0.00200023
0.00200028
0.00200031
0.00200032
0.0019992
0.00200037
0.00200039
0.0019992
0.00200036
0.0020004
0.00200031
0.00200033
0.00200039
0.00200039
0.0019992
0.00200034
0.00200032
0.00200034
0.0019992
0.00200028
0.00200038
0.00200029
0.00200038
0.0019992
0.0019992
0.0019992
0.00200032
0.0020004
0.0019992
0.00200037
0.00200034
0.00200035
0.00200036
0.00200039
0.00200033
0.0019992
0.00200032
0.00200033
0.00200036
0.00200031
0.00200032
0.00200034
0.00200035
0.00200035
0.00200029
0.0019992
0.00200037
0.00200031
0.00200037
0.00200033
0.00200031
0.00200034
0.00200038
0.00200034
0.00200035
0.00200037
0.00200037
0.00200038
0.00200034
0.0019992
0.00200034
0.0019992
0.0019992
0.0019992
0.0019992
0.0019992
0.00200034
0.00200033
0.00200037
0.00200035
0.0019992
0.00200031
0.00200033
0.0019992
0.00200038
0.00200032
0.0020004
0.00200032
0.00200032
0.0019992
0.0020003
0.00200035
0.0019992
0.00200032
0.00200032
0.00200042
0.00200035
0.0019992
0.00200034
0.0019992
0.00200029
0.00200041
0.00200035
0.00200033
0.00200034
0.0019992
0.0019992
0.00200033
0.0019992
0.0019992
0.0019992
0.0019992
0.00200037
0.00200041
0.00200032
0.0019992
0.0020003
0.00200037
0.00200032
0.00200037
0.00200029
0.00200034
0.0019992
0.00200039
0.00200029
0.00200034
0.00200036
0.0019992
0.00200026
0.00200037
0.00200038
0.00200032
0.0019992
