0.2
0.00203981
0.00198874
0.00203725
0.00202948
0.00199333
0.00202639
0.00197974
0.00198672
0.00204708
0.00204542
0.00202178
0.00201127
0.0020505
0.00200775
0.00200828
0.00202549
0.00200859
0.00207621
0.0020331
0.00207634
0.00199467
0.002039
0.00198187
0.00196657
0.00202966
0.0020501
0.00203016
0.00200902
0.00205086
0.00206182
0.00200215
0.00203748
0.00205698
0.00199373
0.00195906
0.00199025
0.00201663
0.00203529
0.00204039
0.00204052
0.00201004
0.00201653
0.00200318
0.00199596
0.00202115
0.00198011
0.00201491
0.00208815
0.00200782
0.00196148
0.00199902
0.00199691
0.00196469
0.00198183
0.0020066
0.00198501
0.00201942
0.00199553
0.0020151
0.00199551
0.00201245
0.00199436
0.00202742
0.00201517
0.00202539
0.00199487
0.00200967
0.00197883
0.0019569
0.00202124
0.00202754
0.00198762
0.00203927
0.0020354
0.0020463
0.00200376
0.00199662
0.00200807
0.00203823
0.00205931
0.00199825
0.00199923
0.00200714
0.00196334
0.00204464
0.00203431
0.00204632
0.00201342
0.00205314
0.00202267
0.00199655
0.00200052
0.00197283
0.0019551
0.00203998
0.00202285
0.00202331
0.00203159
0.00196929
0.00202385
0.00200376
0.00201243
0.00206504
0.00205589
0.00201309
0.00199422
0.00204404
0.00202907
0.00197345
0.00197497
0.00198917
0.00201694
0.00197661
0.0020182
0.00199144
0.00200081
0.0020435
0.00202175
0.00200198
0.0020236
0.002012
0.00200505
0.00201352
0.00201132
0.00198086
0.00201439
0.00205847
0.00197217
0.00201268
0.00198398
0.00196001
0.00200807
0.00199305
0.00198417
0.00201636
0.00198716
0.00203487
0.00202896
0.00200445
0.00199807
0.00199745
0.0019806
0.00198352
0.00199294
0.0020117
0.00204194
0.00199317
0.00201368
0.00200578
0.00198216
0.0020379
0.00202095
0.00202065
0.00202084
0.00196453
0.00198599
0.00198876
0.00199832
0.00200929
0.00198338
0.00199557
0.00197135
0.00203375
0.00201361
0.00199272
0.00200289
0.00194525
0.00198781
0.00205033
0.00195351
0.00197613
0.00201585
0.00199449
0.0019887
0.00197779
0.00199904
0.00202961
0.001996
0.00204359
0.00195494
0.00201154
0.0020152
0.00198654
0.00201333
0.00201146
0.00196075
0.0020626
0.00198511
0.00200326
0.00201411
0.0019977
0.0020104
0.00194395
0.00199824
0.00198654
0.00201326
0.00198129
0.00198228
0.00201221
0.00200926
0.00201927
0.0020599
0.00200529
0.00197036
0.00197276
0.00197414
0.00199067
0.00198695
0.0020252
0.00204684
0.00198231
0.0019905
0.00200985
0.00203241
0.0020107
0.00198525
0.00200378
0.00197562
0.00197133
0.00198191
0.00198473
0.00203303
0.00198982
0.00200673
0.00199263
0.00197061
0.00199808
0.00200714
0.00200372
0.00205111
0.00203039
0.00201535
0.00199367
0.00199016
0.00199723
0.00200547
0.00198225
0.0020083
0.00203035
0.00199602
0.00197338
0.00198814
0.0020478
0.00202559
0.00197682
0.00198934
0.00195572
0.00198891
0.00199448
0.00202705
0.00199429
0.00199339
0.00195763
0.00201297
0.00198147
0.00199982
0.00198443
0.00204063
0.00202774
0.00197655
0.00197457
0.00200386
0.00200432
0.00196629
0.00199784
0.00199385
0.00194988
0.00201937
0.00202047
0.00197884
0.00197145
0.00198138
0.00199001
0.00201263
0.00196328
0.00205488
0.00197629
0.00198852
0.00200985
0.00199209
0.00202235
0.00199329
0.00195093
0.00197709
0.00201627
0.00201163
0.00194832
0.00201573
0.00197022
0.0020294
0.0020106
0.00200229
0.0019628
0.00200526
0.00200793
0.00203738
0.00201177
0.00200838
0.00200622
0.00199454
0.00196765
0.00202536
0.00196929
0.00198926
0.00196763
0.00198896
0.00200309
0.00198706
0.00204739
0.00195646
0.00200315
0.00200169
0.00202072
0.00199016
0.00200279
0.00197137
0.00200761
0.00197917
0.00200566
0.00200792
0.00198077
0.00196509
0.00196505
0.00204521
0.00204534
0.00206063
0.00198541
0.00198549
0.00199419
0.00199291
0.0020312
0.00201255
0.00201791
0.00195011
0.0020057
0.00205242
0.00199214
0.00196205
0.00199308
0.00197844
0.00198998
0.0019803
0.00197007
0.00199253
0.00198784
0.00197805
0.0020163
0.00198555
0.00196921
0.00204459
0.00198252
0.00198874
0.00197807
0.00196638
0.00193402
0.00197824
0.00192198
0.00201666
0.00202526
0.00203309
0.00198451
0.00198527
0.00198176
0.00197417
0.00194998
0.00200981
0.00200756
0.00198447
0.00200824
0.00203419
0.00196067
0.00200981
0.00203673
0.00195359
0.00197553
0.00196461
0.00207687
0.00202544
0.00197747
0.00199128
0.00199752
0.00199562
0.00199147
0.00198561
0.00200032
0.00192011
0.00201373
0.00199417
0.0020258
0.00203099
0.00204402
0.00201136
0.00197138
0.00199779
0.00204134
0.00201548
0.00203096
0.00204195
0.00199274
0.00198009
0.00196196
0.0020144
0.00197249
0.00196021
0.00202741
0.00196348
0.00200729
0.00198917
0.00200041
0.00200579
0.00202407
0.00201306
0.00198539
0.00204288
0.00200877
0.00200364
0.00200318
0.00198333
0.0019795
0.00197963
0.0019997
0.00199455
0.00197917
0.00199239
0.00196782
0.00196046
0.00192553
0.00197252
0.00198972
0.00193549
0.00199163
0.00200185
0.00199163
0.00203182
0.00202515
0.0019282
0.00199354
0.00200538
0.00198215
0.00194308
0.00194472
0.00198493
0.0020034
0.00200223
0.00199823
0.00200696
0.00197301
0.00201448
0.00202841
0.00200138
0.00201296
0.00193063
0.00201316
0.00197619
0.00198026
0.00193846
0.00197942
0.00202257
0.00197842
0.0019923
0.00198326
0.00198131
0.00198463
0.00202308
0.00199683
0.00199578
0.00204461
0.00194195
0.00200429
0.00202253
0.00198501
0.00201656
0.00199094
0.00198533
0.00202098
0.00200992
0.00199991
0.00199654
0.00201163
0.00198475
0.00198733
0.00195738
0.00196739
0.00200073
0.0019677
0.0019839
0.00200749
0.00199725
0.00201785
0.00200563
0.00200565
0.00198389
0.00201907
0.00196253
0.00202088
0.0020267
0.00196578
0.00204899
0.00196216
0.0016197
