0.2
0.00199379
0.00202529
0.00201828
0.00201734
0.0019981
0.00201413
0.00203049
0.00199598
0.00199575
0.00201649
0.00203247
0.00201009
0.00200823
0.00198343
0.00200126
0.00198965
0.001991
0.00199569
0.00201315
0.00201094
0.00200118
0.00200167
0.00201335
0.00202131
0.00201747
0.00196872
0.00199309
0.00199118
0.00198135
0.00199717
0.00200279
0.00199031
0.0019997
0.00202865
0.0019975
0.00200322
0.00201307
0.00200939
0.00201501
0.00201221
0.00199695
0.00199439
0.0019666
0.0020046
0.00199589
0.0020108
0.00203102
0.00200744
0.00202607
0.00199614
0.00197694
0.00200325
0.00198326
0.00200176
0.00200659
0.00198958
0.00201972
0.00201843
0.00200293
0.00198862
0.00199943
0.0019807
0.00201484
0.00201258
0.00201142
0.00201015
0.00200324
0.00197654
0.00198019
0.0020091
0.00200336
0.00200679
0.00199494
0.00200983
0.00200907
0.00199522
0.00202574
0.00198609
0.00197404
0.00200758
0.00197997
0.0020123
0.00200255
0.00202163
0.00200203
0.00199827
0.0020102
0.00198436
0.00199972
0.00202519
0.00200454
0.00196582
0.00200429
0.00203184
0.00203783
0.00201222
0.00199554
0.0020242
0.0020241
0.00199622
0.0019955
0.00204253
0.00200796
0.00201343
0.0019985
0.00197615
0.00201059
0.00202454
0.00202603
0.00198746
0.00197383
0.0020044
0.00198739
0.00199877
0.0020211
0.00198954
0.00203256
0.00201124
0.00197925
0.00200877
0.00202845
0.00199181
0.00200485
0.00200316
0.00201391
0.00200139
0.00202002
0.00196981
0.00201231
0.00201217
0.00198715
0.00199663
0.0020216
0.00198813
0.00198027
0.00201861
0.0019966
0.00197631
0.00198581
0.00201835
0.00200639
0.00198294
0.0020085
0.00204014
0.00200761
0.00200011
0.00200579
0.00201094
0.00200202
0.00201952
0.00201257
0.00200915
0.00199201
0.00201412
0.00201382
0.00199682
0.0020168
0.0020047
0.00201312
0.00201514
0.0019802
0.00198501
0.00201284
0.00199689
0.00200517
0.00200963
0.00204038
0.00198543
0.00198761
0.00201746
0.00197673
0.00200583
0.00200841
0.00205084
0.00200332
0.00200958
0.00199096
0.00198432
0.00201269
0.00200599
0.00199935
0.00201645
0.00199123
0.00200222
0.00198735
0.00202983
0.0019812
0.00200236
0.00202926
0.00199424
0.00198997
0.0020092
0.00202395
0.00203415
0.00199686
0.00200431
0.00199015
0.00199479
0.00199946
0.00199
0.00198668
0.00197602
0.00197834
0.00202216
0.00201261
0.00201258
0.00198691
0.00198753
0.00199317
0.00197221
0.00202221
0.00200128
0.00197228
0.00198523
0.00197632
0.00199922
0.00202483
0.00198805
0.00200614
0.00202583
0.0020165
0.00199468
0.00199782
0.00200435
0.00197377
0.0020013
0.00201553
0.00198118
0.00199385
0.00198585
0.00199076
0.00201052
0.00202287
0.00201402
0.00200065
0.00203088
0.00201554
0.00199488
0.00203868
0.00201337
0.00198694
0.00198516
0.00201247
0.00201449
0.00200385
0.00198033
0.00199962
0.0020215
0.00196539
0.00201437
0.00197819
0.00199286
0.00200673
0.00198861
0.0019841
0.00200249
0.00199229
0.00199804
0.00199811
0.00200408
0.00198594
0.00200971
0.00197015
0.0020019
0.00201358
0.00200825
0.00199939
0.00201993
0.00200796
0.0020175
0.00197395
0.00200561
0.00197582
0.00198412
0.00199998
0.00198998
0.00201492
0.00196726
0.00200709
0.00199526
0.00198379
0.00199948
0.00201765
0.00200563
0.00199643
0.00200564
0.00200737
0.00201313
0.00199332
0.0019997
0.00197992
0.00202048
0.00198645
0.00198141
0.00200211
0.00200388
0.00198584
0.00198679
0.00198215
0.00201059
0.00200272
0.00198513
0.0019921
0.00202004
0.00201352
0.00199802
0.00201493
0.00201096
0.00197474
0.00197966
0.00199297
0.00198006
0.00197205
0.00203011
0.00203176
0.00198614
0.00200082
0.00201586
0.00197301
0.00199686
0.00201816
0.0020083
0.00201311
0.00200323
0.00198408
0.00196876
0.0020116
0.00199354
0.00197616
0.00202443
0.00197976
0.00200815
0.00199762
0.00200639
0.00199952
0.0019698
0.00199845
0.00201013
0.00197956
0.00201549
0.00200312
0.00198952
0.00200152
0.00198381
0.00199727
0.00202434
0.00202496
0.00203445
0.00200578
0.0020142
0.0019906
0.00198522
0.00198471
0.00201533
0.00199369
0.0019826
0.00199178
0.00198031
0.00203005
0.0020229
0.0019726
0.0020259
0.00198814
0.00200845
0.00196628
0.00202404
0.00199971
0.00198711
0.00197439
0.00200038
0.00202229
0.00198341
0.00200456
0.00200606
0.00199222
0.00200359
0.00198203
0.00196993
0.00196836
0.00199662
0.00199355
0.00200256
0.00200987
0.00199032
0.0019867
0.00200094
0.00196565
0.00200239
0.00200633
0.00201293
0.00200801
0.00197614
0.00199757
0.001984
0.00201867
0.00198435
0.00199756
0.00198184
0.0019961
0.00202893
0.00203446
0.0019729
0.0020089
0.00201207
0.00199104
0.00201805
0.00200958
0.00199205
0.00199663
0.00196879
0.00198749
0.00200633
0.00197657
0.00201448
0.00201129
0.00198656
0.00199189
0.00200146
0.0019971
0.00200233
0.00202674
0.00199576
0.00201926
0.00196738
0.00197114
0.00199295
0.00199373
0.00199168
0.0019775
0.00199667
0.00200758
0.00202241
0.00198706
0.00196656
0.00198248
0.00198603
0.00200627
0.00203081
0.0019974
0.00198687
0.00200069
0.00201206
0.00197554
0.00202535
0.00201212
0.00201611
0.00200033
0.00199977
0.00201321
0.0020001
0.00200585
0.00201626
0.00199595
0.00198579
0.00198491
0.00199542
0.00201169
0.00201315
0.00198979
0.00200333
0.00200703
0.00202463
0.00199731
0.0020409
0.0020051
0.00199111
0.00198663
0.00197573
0.00201374
0.00197195
0.00200095
0.00200413
0.00199783
0.00197279
0.00198778
0.00198167
0.00199222
0.00201069
0.00197156
0.0020035
0.0019941
0.00197774
0.0019801
0.00198668
0.00199604
0.00197762
0.00199115
0.00200566
0.00198376
0.00199383
0.00200514
0.00201415
0.00201827
0.00199101
0.00196667
0.00196416
0.00199658
0.00202669
0.00199816
0.00178171
