0.2
0.00200009
0.00200007
0.00200007
0.0020001
0.00200009
0.00200008
0.00200009
0.0020001
0.00200009
0.00199919
0.00200007
0.00200005
0.00200008
0.00200007
0.00200009
0.00200007
0.00200007
0.00200007
0.00199919
0.00200006
0.00200009
0.00200007
0.00200006
0.0020001
0.00200008
0.00200007
0.00200005
0.00200008
0.00199919
0.00200008
0.00199919
0.0020001
0.00200007
0.00200007
0.0020001
0.00200008
0.00199919
0.00200007
0.00200008
0.00200009
0.00200007
0.00200006
0.00200009
0.00200008
0.0020001
0.00199919
0.00200008
0.00200008
0.00200008
0.00200009
0.00200008
0.00200006
0.00200009
0.0020001
0.00200008
0.00200011
0.00200006
0.00200012
0.00200008
0.00200007
0.00200008
0.00200007
0.00200009
0.00200009
0.00200006
0.0020001
0.00200008
0.0020001
0.00200008
0.00200007
0.00200009
0.00200006
0.00200007
0.0020001
0.00200006
0.00200007
0.00199919
0.00200006
0.0020001
0.00200008
0.00199919
0.00200009
0.00200008
0.00199919
0.00200008
0.00200006
0.0020001
0.00200006
0.00200008
0.00200008
0.00200007
0.00199919
0.00200009
0.00200008
0.00200007
0.00199919
0.00200009
0.00200006
0.00200008
0.00200006
0.00200007
0.00200008
0.00200007
0.00199919
0.00200009
0.00200009
0.00200008
0.0020001
0.00200007
0.00200008
0.00200008
0.00199919
0.00200009
0.0020001
0.00200007
0.00200008
0.00200009
0.00200009
0.00200007
0.00200008
0.00200006
0.00200008
0.00200007
0.00200007
0.00200008
0.00200009
0.00200008
0.00200008
0.0020001
0.00199919
0.00199919
0.00200007
0.00199919
0.00200009
0.00200008
0.0020001
0.0020001
0.00200009
0.00200007
0.00200008
0.00200009
0.00200012
0.00200011
0.00200008
0.00200008
0.00200011
0.00200007
0.0020001
0.00200008
0.0020001
0.00200008
0.00200008
0.00200009
0.00200009
0.00200009
0.00200008
0.00200008
0.00200007
0.00200009
0.00200008
0.00200008
0.00200008
0.00200006
0.00200009
0.00200007
0.00200008
0.00200007
0.00200007
0.00200007
0.00200008
0.00200007
0.00200008
0.00200006
0.00200007
0.00200004
0.00200008
0.00200007
0.00200011
0.00200008
0.00200009
0.00200008
0.0020001
0.00200008
0.00200008
0.00199919
0.00200009
0.00200006
0.00200011
0.0020001
0.00200008
0.0020001
0.0020001
0.00200008
0.00200006
0.00200007
0.00199919
0.00200006
0.00200007
0.00200007
0.00200008
0.00199919
0.00200006
0.00200009
0.00200009
0.00200008
0.00200008
0.00199919
0.00199919
0.00200007
0.0020001
0.00200008
0.00200008
0.00200009
0.0020001
0.00200008
0.00200009
0.00200009
0.00199919
0.0020001
0.00200008
0.00200009
0.00200009
0.00200008
0.00200008
0.00200008
0.00200009
0.00200007
0.00200009
0.00199919
0.00200007
0.00200011
0.0020001
0.00200011
0.00200008
0.00200008
0.00200008
0.00200007
0.00200007
0.0020001
0.00199919
0.0020001
0.0020001
0.0020001
0.00200009
0.00200007
0.00200009
0.00200008
0.00200009
0.0020001
0.00200008
0.00200008
0.00200009
0.00200009
0.00200008
0.00199919
0.0020001
0.00200008
0.00200009
0.00200007
0.00200008
0.0020001
0.00200007
0.00200007
0.0020001
0.00200007
0.00200007
0.0020001
0.00200009
0.00199919
0.00200007
0.0020001
0.00200008
0.00200009
0.00200008
0.00200008
0.00200008
0.0020001
0.00200006
0.00200008
0.00200011
0.00200006
0.00200006
0.00200008
0.00200005
0.0020001
0.00200006
0.00200008
0.00200008
0.00200008
0.00200008
0.00200007
0.0020001
0.00200008
0.00200008
0.00199919
0.00200008
0.00200006
0.0020001
0.0020001
0.00200007
0.00199919
0.0020001
0.00200008
0.00200008
0.00200008
0.00200007
0.00200007
0.00200008
0.00199919
0.00200006
0.00200008
0.0020001
0.00200007
0.00200008
0.00200009
0.00200009
0.00200009
0.00200007
0.00200009
0.00200006
0.00199919
0.00200009
0.00200008
0.00200007
0.0020001
0.0020001
0.00200008
0.00200007
0.00200008
0.00200008
0.00199919
0.00200006
0.00200008
0.00200008
0.00200007
0.00200009
0.00200006
0.00200009
0.00200009
0.00199919
0.00200007
0.00200008
0.00200009
0.00200008
0.00200009
0.00200006
0.00200009
0.00200007
0.00200011
0.00200009
0.0020001
0.00200009
0.00199919
0.00200007
0.00200008
0.00200009
0.0020001
0.00200006
0.00200007
0.00200008
0.00200008
0.00200007
0.0020001
0.0020001
0.0020001
0.0020001
0.00200006
0.00200009
0.00200008
0.00200008
0.00200008
0.00200006
0.00200008
0.00200009
0.00200007
0.00200009
0.00200008
0.00200008
0.00200011
0.0020001
0.00200006
0.00200009
0.00200009
0.00200009
0.00200009
0.00200007
0.00200008
0.00200011
0.00200013
0.00200009
0.00200008
0.00199919
0.0020001
0.00200006
0.00200007
0.00200008
0.00200009
0.00200007
0.0020001
0.00200006
0.00200008
0.00200009
0.00200007
0.00200007
0.00199919
0.0020001
0.00200008
0.00200008
0.0020001
0.00200009
0.00200007
0.00200009
0.00200007
0.0020001
0.00200007
0.00200008
0.00199919
0.0020001
0.00200008
0.00200009
0.00200011
0.00200008
0.00200008
0.00200007
0.0020001
0.00200008
0.00200009
0.00200008
0.0020001
0.00200008
0.00200007
0.00200008
0.00200006
0.00200007
0.00200007
0.00200009
0.00200007
0.00200009
0.00200012
0.00199919
0.00200011
0.0020001
0.00200009
0.00200008
0.00200007
0.0020001
0.00200006
0.00200006
0.00200007
0.00200008
0.00200009
0.00200006
0.00200008
0.00199919
0.00199919
0.00200009
0.00200008
0.00199919
0.00200007
0.00200008
0.00200008
0.00200007
0.00200006
0.00200009
0.00200009
0.00200008
0.00200007
0.00200009
0.00200007
0.00199919
0.00200009
0.00200009
0.00199919
0.00200008
0.00200008
0.00200009
0.00200006
0.00200009
0.00200005
0.00200008
0.00200008
0.00200008
0.00200008
0.00199919
0.00200009
0.00200007
0.00200009
0.00200009
0.0020001
0.00200008
0.00199919
0.00200008
0.00199919
0.00200009
0.00200005
0.00200008
0.00200006
0.00200007
0.00200008
0.00199919
