0.2
0.00200023
0.00200022
0.00200024
0.0020002
0.0020002
0.00200023
0.00199922
0.00200022
0.00200017
0.0020002
0.00199922
0.00200023
0.00199922
0.00200024
0.00200022
0.00200022
0.00200022
0.0020002
0.00200027
0.0020002
0.00200024
0.00200019
0.00200022
0.00199922
0.00200022
0.00199922
0.00200022
0.00200018
0.00199922
0.00200019
0.00199922
0.00200022
0.0020002
0.00200021
0.0020002
0.0020002
0.00200021
0.00200025
0.00200022
0.00200022
0.00200023
0.00200024
0.00200019
0.00199922
0.0020002
0.00200024
0.00200026
0.00200026
0.00200021
0.0020002
0.00199922
0.00200022
0.00200022
0.00199922
0.00200021
0.00200017
0.00200025
0.00200019
0.00200023
0.0020002
0.00199922
0.00200022
0.00199922
0.00200022
0.00200022
0.00200023
0.00200023
0.00200021
0.00199922
0.00200022
0.00199922
0.00200018
0.00200022
0.00200023
0.00200019
0.00200024
0.00199922
0.00199922
0.0020002
0.00200025
0.0020002
0.00199922
0.00200021
0.00200025
0.00199922
0.00199922
0.00200021
0.00199922
0.00199922
0.00200023
0.00199922
0.00199922
0.00200024
0.00200024
0.00200025
0.00200019
0.00200018
0.00200023
0.00200019
0.00200021
0.00199922
0.00200023
0.00200021
0.00200021
0.00200019
0.00200021
0.0020002
0.0020002
0.00199922
0.00200023
0.00200016
0.0020002
0.00200026
0.00200021
0.00200019
0.00200021
0.00199922
0.00200021
0.00200022
0.00200025
0.00200019
0.00199922
0.00200025
0.00200019
0.00200021
0.00199922
0.00200021
0.00200023
0.00200022
0.00200018
0.00199922
0.00200024
0.00200023
0.00200017
0.00200022
0.00200019
0.00199922
0.00200022
0.00200023
0.00200025
0.00200022
0.00199922
0.00200025
0.00200021
0.0020002
0.00199922
0.0020002
0.0020002
0.00199922
0.00199922
0.0020002
0.00200024
0.00199922
0.0020002
0.00200022
0.00199922
0.00200021
0.00200024
0.00200019
0.00200022
0.0020002
0.00200024
0.0020002
0.00200021
0.00200026
0.00200021
0.00200019
0.00200024
0.00199922
0.00199922
0.00200023
0.00200021
0.00200022
0.00200022
0.00200021
0.00200019
0.00200023
0.00200023
0.00200021
0.0020002
0.00200018
0.00200021
0.00199922
0.00200025
0.00199922
0.00200024
0.00200023
0.00199922
0.00200019
0.00200022
0.00200019
0.00199922
0.00199922
0.00200024
0.00200019
0.00199922
0.00200025
0.00200021
0.00200018
0.00200022
0.00199922
0.00199922
0.00200026
0.00200023
0.00199922
0.00200021
0.0020002
0.00200023
0.00199922
0.00200025
0.00199922
0.00200022
0.00200021
0.00199922
0.00200025
0.00200025
0.00200018
0.0020002
0.00200023
0.00200017
0.00200023
0.00200026
0.00200024
0.00199922
0.00200022
0.00199922
0.00200021
0.00200023
0.00199922
0.00200025
0.00199922
0.00200018
0.00200024
0.00200025
0.00200023
0.00200021
0.00200022
0.00200024
0.00200019
0.00200022
0.00200021
0.00200022
0.00199922
0.00200025
0.00200022
0.00200025
0.00200025
0.00199922
0.00200022
0.00200022
0.0020002
0.00200022
0.0020002
0.0020002
0.00199922
0.00200019
0.0020002
0.00200024
0.00199922
0.00200018
0.0020002
0.00199922
0.00200027
0.00199922
0.00199922
0.00199922
0.00200022
0.00200022
0.00200022
0.00200024
0.00200021
0.00199922
0.00200023
0.00200023
0.00200022
0.00200021
0.0020002
0.00199922
0.00200019
0.0020002
0.0020002
0.00199922
0.00200022
0.00200024
0.00199922
0.00200024
0.00200024
0.00200021
0.00200024
0.00200019
0.00200024
0.00200021
0.00200022
0.00200023
0.0020002
0.00200019
0.00199922
0.00200024
0.00199922
0.00200019
0.00200024
0.00200025
0.00200024
0.00199922
0.00200021
0.00199922
0.00199922
0.00199922
0.00199922
0.0020002
0.00199922
0.00200021
0.00200023
0.00200024
0.00199922
0.00200024
0.00200023
0.0020002
0.00200021
0.00199922
0.00199922
0.00200018
0.00200024
0.00200023
0.00200023
0.00200026
0.0020002
0.00200021
0.00199922
0.00199922
0.00200021
0.00199922
0.00200024
0.00199922
0.00200019
0.00200025
0.00200021
0.00199922
0.00200023
0.00199922
0.00199922
0.00200023
0.00200022
0.00200025
0.00199922
0.00200023
0.00200022
0.00199922
0.0020002
0.00200022
0.00200022
0.00200017
0.00200021
0.00200022
0.00200018
0.00200028
0.00200024
0.00200022
0.00200021
0.00200021
0.00200026
0.00200024
0.00200021
0.00200019
0.00200021
0.00200022
0.0020002
0.00200021
0.0020002
0.00200019
0.00200021
0.00199922
0.00200022
0.0020002
0.00199922
0.00200018
0.00200025
0.0020002
0.00200022
0.00200025
0.00200024
0.00200022
0.00200021
0.00200023
0.00200017
0.0020002
0.00199922
0.00200018
0.0020002
0.00200018
0.00200021
0.0020002
0.00200024
0.00200022
0.00200021
0.00200025
0.00199922
0.00199922
0.00200021
0.00200022
0.00200022
0.00200021
0.00199922
0.0020002
0.0020002
0.00200025
0.0020002
0.00200022
0.00200024
0.0020002
0.00200021
0.00200023
0.00200026
0.00200022
0.00200023
0.00200025
0.00200026
0.00200027
0.00200025
0.00200021
0.00200024
0.00200025
0.00199922
0.00199922
0.00200021
0.00200024
0.00200022
0.00200021
0.00200023
0.00200018
0.00199922
0.00200019
0.00200018
0.0020002
0.00200023
0.00199922
0.00200018
0.00200023
0.00200023
0.00199922
0.00199922
0.00200021
0.00199922
0.00200019
0.0020002
0.00200022
0.00200023
0.00200022
0.00200019
0.00200022
0.00199922
0.00200023
0.00200022
0.00200027
0.00200024
0.00200023
0.00200025
0.00200019
0.00200026
0.00199922
0.00200022
0.00199922
0.00200022
0.00200017
0.00199922
0.00200021
0.0020002
0.00200019
0.00200024
0.00200023
0.00200022
0.00199922
0.00199922
0.0020002
0.0020002
0.00199922
0.00200023
0.00200019
0.00200025
0.0020002
0.0020002
0.00200025
0.00200022
0.00200024
0.0020002
0.00200028
0.00200025
0.00200022
0.00200019
0.00200022
0.00200024
0.00199922
0.00200019
0.00199922
0.0020002
0.00200022
0.00200022
0.00200023
0.00200025
0.00199922
