0.2
0.00199917
0.00200058
0.00200061
0.00200049
0.00200055
0.0020005
0.00200048
0.00199917
0.00200052
0.00200054
0.00200053
0.00200043
0.00200047
0.00200055
0.00199917
0.00199917
0.00199917
0.00199917
0.00200059
0.00200046
0.00199917
0.00199917
0.00200042
0.00200052
0.00199917
0.00200049
0.00199917
0.00200057
0.00200049
0.00200042
0.00200053
0.00200063
0.00200051
0.00200041
0.00199917
0.00200054
0.00200054
0.00200061
0.00199917
0.00200057
0.00200045
0.00200048
0.0020005
0.0020004
0.00199917
0.00200052
0.00200046
0.00200057
0.00200044
0.00200046
0.00199917
0.00200051
0.00200052
0.00200052
0.00199917
0.0020005
0.00200053
0.00200059
0.00200049
0.00199917
0.0020006
0.00199917
0.00199917
0.00200053
0.00200054
0.00199917
0.00200054
0.00199917
0.00200047
0.00200052
0.00199917
0.00199917
0.00199917
0.00200044
0.00200059
0.00200041
0.00200044
0.00199917
0.00200042
0.00200056
0.00199917
0.00200043
0.00200046
0.00200053
0.00200046
0.00200051
0.00200061
0.00199917
0.00200051
0.00199917
0.00200055
0.00199917
0.00199917
0.00200056
0.00200054
0.00199917
0.0020005
0.00199917
0.00200048
0.00199917
0.00200054
0.00199917
0.00200046
0.00200061
0.00200051
0.00200043
0.00200046
0.00200056
0.00200049
0.00199917
0.00199917
0.00199917
0.00199917
0.00200049
0.00200058
0.00199917
0.0020005
0.00200044
0.00200052
0.00200055
0.0020006
0.00199917
0.00199917
0.00200058
0.00200051
0.00200049
0.00199917
0.0020005
0.00200051
0.00200056
0.00199917
0.00200055
0.00200053
0.00200042
0.00200047
0.00200046
0.0020005
0.00200057
0.00200051
0.00199917
0.00200058
0.00200056
0.00199917
0.00200063
0.00200052
0.00199917
0.00200046
0.00199917
0.00199917
0.00199917
0.00199917
0.00200054
0.00199917
0.00200048
0.00199917
0.00199917
0.00199917
0.00200053
0.00200054
0.00199917
0.00200051
0.00199917
0.00199917
0.00199917
0.00200053
0.00200056
0.0020005
0.00200054
0.00200054
0.00200052
0.00200048
0.00199917
0.00199917
0.00199917
0.00200053
0.00199917
0.00200049
0.00199917
0.00200054
0.00200057
0.00200052
0.00200054
0.00199917
0.00200052
0.00199917
0.00199917
0.00200049
0.00199917
0.00199917
0.00199917
0.00199917
0.00200047
0.00200049
0.00199917
0.00200053
0.00200048
0.00200051
0.00199917
0.00200046
0.00200057
0.00200056
0.00200053
0.00200044
0.00199917
0.00200051
0.00199917
0.00200049
0.00200046
0.00199917
0.00200056
0.00200053
0.00199917
0.00199917
0.00200046
0.00200048
0.00200053
0.00199917
0.00200044
0.00199917
0.00199917
0.00200044
0.00200049
0.00200052
0.00200057
0.00200052
0.00199917
0.00200051
0.00200054
0.00199917
0.00200049
0.00200048
0.00199917
0.00200047
0.00200046
0.00199917
0.00200046
0.00199917
0.0020005
0.00199917
0.00200045
0.00200054
0.00200057
0.00199917
0.00199917
0.00199917
0.00200049
0.00199917
0.00200046
0.00200049
0.00200052
0.00200065
0.0020005
0.00199917
0.00200055
0.00199917
0.00200048
0.00200054
0.00199917
0.00200058
0.00200045
0.00200056
0.00199917
0.00199917
0.00200055
0.00199917
0.00200053
0.00200048
0.00200046
0.00199917
0.00200052
0.00199917
0.00200046
0.00200054
0.00199917
0.00200046
0.00199917
0.00200046
0.00199917
0.00200053
0.00199917
0.00200055
0.00199917
0.00200041
0.00199917
0.00200045
0.00200053
0.00200054
0.00200057
0.00200048
0.00199917
0.00199917
0.00200054
0.00199917
0.00200052
0.00200055
0.00200054
0.00200044
0.00199917
0.00200046
0.00200049
0.00200051
0.00200059
0.00200046
0.00200053
0.00199917
0.00200049
0.00199917
0.00200049
0.0020005
0.00200046
0.00199917
0.00200049
0.00200048
0.00200049
0.00200057
0.00199917
0.00200056
0.0020006
0.00200051
0.00199917
0.00200045
0.00199917
0.00199917
0.00199917
0.00199917
0.00199917
0.00199917
0.00200049
0.00200048
0.00199917
0.00199917
0.00200045
0.00200046
0.00199917
0.00200048
0.00199917
0.00200049
0.00200044
0.00199917
0.00199917
0.00199917
0.00199917
0.00200046
0.00200049
0.00199917
0.00200057
0.00199917
0.00199917
0.00199917
0.00200049
0.00199917
0.00200048
0.00199917
0.00200056
0.00199917
0.00200052
0.00200053
0.00200051
0.00200044
0.00199917
0.00199917
0.00199917
0.00199917
0.00200051
0.00200055
0.00200047
0.00199917
0.0020005
0.00200049
0.00200052
0.00200058
0.00199917
0.00200042
0.00199917
0.00200057
0.00199917
0.00200051
0.00200044
0.00200049
0.00200047
0.00200047
0.00200054
0.00199917
0.00199917
0.00200052
0.00199917
0.00199917
0.00199917
0.00200044
0.00199917
0.00200054
0.00199917
0.00200054
0.00199917
0.00199917
0.00199917
0.00200053
0.00200049
0.00200047
0.00199917
0.00199917
0.00200052
0.0020006
0.00200047
0.00199917
0.00199917
0.00200047
0.00200054
0.00199917
0.00200054
0.00200051
0.00199917
0.00199917
0.00199917
0.00200054
0.00200047
0.00200052
0.00199917
0.0020005
0.00200052
0.00199917
0.00200047
0.00200049
0.00200055
0.00200056
0.0020005
0.00200054
0.00200052
0.00200051
0.00199917
0.00200049
0.00199917
0.00200048
0.00199917
0.00200055
0.00199917
0.00200054
0.00200057
0.00199917
0.00199917
0.00200049
0.00200049
0.00200056
0.00200046
0.00200045
0.00199917
0.00200065
0.00199917
0.00200055
0.00199917
0.00200042
0.00200048
0.00200059
0.00199917
0.00199917
0.00200053
0.00200058
0.00200051
0.00200056
0.00200049
0.00200046
0.00199917
0.00200044
0.00200045
0.00199917
0.00200057
0.00200047
0.00200046
0.00200047
0.00200062
0.00199917
0.00199917
0.00200053
0.00199917
0.00200053
0.00200058
0.00199917
0.00200049
0.00200047
0.00199917
0.00200055
0.00200054
0.00200042
0.00199917
0.00199917
0.00199917
0.00199917
0.00200045
0.00199917
0.00199917
0.00200065
0.0020004
0.00199917
0.00199917
0.00200044
0.00199917
0.00200049
0.00199917
0.00199917
0.00199917
