0.2
0.0143266
0.0143266
0.0143266
0.0143266
0.0143266
0.0143266
0.0143266
0.0143266
0.0143266
0.0143266
0.0143266
0.0143266
0.0143266
0.0143266
0.0143266
0.0143266
0.0143266
0.0143266
0.0143266
0.0143266
0.0143266
0.0143266
0.0143266
0.0143266
0.0143266
0.0143266
0.0143266
0.0143266
0.0143266
0.0143266
0.0143266
0.0143266
0.0143266
0.0143266
0.0143266
0.0143266
0.0143266
0.0143266
0.0143266
0.0143266
0.0143266
0.0143266
0.0143266
0.0143266
0.0143266
0.0143266
0.0143266
0.0143266
0.0143266
0.0143266
0.0143266
0.0143266
0.0143266
0.0143266
0.0143266
0.0143266
0.0143266
0.0143266
0.0143266
0.0143266
0.0143266
0.0143266
0.0143266
0.0143266
0.0143266
0.0143266
0.0143266
0.0143266
0.0143266
0.0114613
