0.2
0.0125313
0.0125313
0.0125313
0.0125313
0.0125313
0.0125313
0.0125313
0.0125313
0.0125313
0.0125313
0.0125313
0.0125313
0.0125313
0.0125313
0.0125313
0.0125313
0.0125313
0.0125313
0.0125313
0.0125313
0.0125313
0.0125313
0.0125313
0.0125313
0.0125313
0.0125313
0.0125313
0.0125313
0.0125313
0.0125313
0.0125313
0.0125313
0.0125313
0.0125313
0.0125313
0.0125313
0.0125313
0.0125313
0.0125313
0.0125313
0.0125313
0.0125313
0.0125313
0.0125313
0.0125313
0.0125313
0.0125313
0.0125313
0.0125313
0.0125313
0.0125313
0.0125313
0.0125313
0.0125313
0.0125313
0.0125313
0.0125313
0.0125313
0.0125313
0.0125313
0.0125313
0.0125313
0.0125313
0.0125313
0.0125313
0.0125313
0.0125313
0.0125313
0.0125313
0.0125313
0.0125313
0.0125313
0.0125313
0.0125313
0.0125313
0.0125313
0.0125313
0.0125313
0.0125313
0.0100251
