0.2
0.0167224
0.0167224
0.0167224
0.0167224
0.0167224
0.0167224
0.0167224
0.0167224
0.0167224
0.0167224
0.0167224
0.0167224
0.0167224
0.0167224
0.0167224
0.0167224
0.0167224
0.0167224
0.0167224
0.0167224
0.0167224
0.0167224
0.0167224
0.0167224
0.0167224
0.0167224
0.0167224
0.0167224
0.0167224
0.0167224
0.0167224
0.0167224
0.0167224
0.0167224
0.0167224
0.0167224
0.0167224
0.0167224
0.0167224
0.0167224
0.0167224
0.0167224
0.0167224
0.0167224
0.0167224
0.0167224
0.0167224
0.0167224
0.0167224
0.0167224
0.0167224
0.0167224
0.0167224
0.0167224
0.0167224
0.0167224
0.0167224
0.0167224
0.0167224
0.0133779
