0.2
0.00588928
0.00588928
0.00588928
0.00588928
0.00588928
0.00588928
0.00588928
0.00588928
0.00588928
0.00588928
0.00588928
0.00588928
0.00588928
0.00588928
0.00588928
0.00588928
0.00588928
0.00588928
0.00588928
0.00588928
0.00588928
0.00588928
0.00588928
0.00588928
0.00588928
0.00588928
0.00588928
0.00588928
0.00588928
0.00588928
0.00588928
0.00588928
0.00588928
0.00588928
0.00588928
0.00588928
0.00588928
0.00588928
0.00588928
0.00588928
0.00588928
0.00588928
0.00588928
0.00588928
0.00588928
0.00588928
0.00588928
0.00588928
0.00588928
0.00588928
0.00588928
0.00588928
0.00588928
0.00588928
0.00588928
0.00588928
0.00588928
0.00588928
0.00588928
0.00588928
0.00588928
0.00588928
0.00588928
0.00588928
0.00588928
0.00588928
0.00588928
0.00588928
0.00588928
0.00588928
0.00588928
0.00588928
0.00588928
0.00588928
0.00588928
0.00588928
0.00588928
0.00588928
0.00588928
0.00588928
0.00588928
0.00588928
0.00588928
0.00588928
0.00588928
0.00588928
0.00588928
0.00588928
0.00588928
0.00588928
0.00588928
0.00588928
0.00588928
0.00588928
0.00588928
0.00588928
0.00588928
0.00588928
0.00588928
0.00588928
0.00588928
0.00588928
0.00588928
0.00588928
0.00588928
0.00588928
0.00588928
0.00588928
0.00588928
0.00588928
0.00588928
0.00588928
0.00588928
0.00588928
0.00588928
0.00588928
0.00588928
0.00588928
0.00588928
0.00588928
0.00588928
0.00588928
0.00588928
0.00588928
0.00588928
0.00588928
0.00588928
0.00588928
0.00588928
0.00588928
0.00588928
0.00588928
0.00588928
0.00588928
0.00588928
0.00588928
0.00588928
0.00588928
0.00588928
0.00588928
0.00588928
0.00588928
0.00588928
0.00588928
0.00588928
0.00588928
0.00588928
0.00588928
0.00588928
0.00588928
0.00588928
0.00588928
0.00588928
0.00588928
0.00588928
0.00588928
0.00588928
0.00588928
0.00588928
0.00588928
0.00588928
0.00588928
0.00588928
0.00588928
0.00588928
0.00588928
0.00588928
0.00588928
0.00588928
0.00471143
