0.2
0.0111359
0.0111359
0.0111359
0.0111359
0.0111359
0.0111359
0.0111359
0.0111359
0.0111359
0.0111359
0.0111359
0.0111359
0.0111359
0.0111359
0.0111359
0.0111359
0.0111359
0.0111359
0.0111359
0.0111359
0.0111359
0.0111359
0.0111359
0.0111359
0.0111359
0.0111359
0.0111359
0.0111359
0.0111359
0.0111359
0.0111359
0.0111359
0.0111359
0.0111359
0.0111359
0.0111359
0.0111359
0.0111359
0.0111359
0.0111359
0.0111359
0.0111359
0.0111359
0.0111359
0.0111359
0.0111359
0.0111359
0.0111359
0.0111359
0.0111359
0.0111359
0.0111359
0.0111359
0.0111359
0.0111359
0.0111359
0.0111359
0.0111359
0.0111359
0.0111359
0.0111359
0.0111359
0.0111359
0.0111359
0.0111359
0.0111359
0.0111359
0.0111359
0.0111359
0.0111359
0.0111359
0.0111359
0.0111359
0.0111359
0.0111359
0.0111359
0.0111359
0.0111359
0.0111359
0.0111359
0.0111359
0.0111359
0.0111359
0.0111359
0.0111359
0.0111359
0.0111359
0.0111359
0.0111359
0.00890869
