0.2
0.00770416
0.00770416
0.00770416
0.00770416
0.00770416
0.00770416
0.00770416
0.00770416
0.00770416
0.00770416
0.00770416
0.00770416
0.00770416
0.00770416
0.00770416
0.00770416
0.00770416
0.00770416
0.00770416
0.00770416
0.00770416
0.00770416
0.00770416
0.00770416
0.00770416
0.00770416
0.00770416
0.00770416
0.00770416
0.00770416
0.00770416
0.00770416
0.00770416
0.00770416
0.00770416
0.00770416
0.00770416
0.00770416
0.00770416
0.00770416
0.00770416
0.00770416
0.00770416
0.00770416
0.00770416
0.00770416
0.00770416
0.00770416
0.00770416
0.00770416
0.00770416
0.00770416
0.00770416
0.00770416
0.00770416
0.00770416
0.00770416
0.00770416
0.00770416
0.00770416
0.00770416
0.00770416
0.00770416
0.00770416
0.00770416
0.00770416
0.00770416
0.00770416
0.00770416
0.00770416
0.00770416
0.00770416
0.00770416
0.00770416
0.00770416
0.00770416
0.00770416
0.00770416
0.00770416
0.00770416
0.00770416
0.00770416
0.00770416
0.00770416
0.00770416
0.00770416
0.00770416
0.00770416
0.00770416
0.00770416
0.00770416
0.00770416
0.00770416
0.00770416
0.00770416
0.00770416
0.00770416
0.00770416
0.00770416
0.00770416
0.00770416
0.00770416
0.00770416
0.00770416
0.00770416
0.00770416
0.00770416
0.00770416
0.00770416
0.00770416
0.00770416
0.00770416
0.00770416
0.00770416
0.00770416
0.00770416
0.00770416
0.00770416
0.00770416
0.00770416
0.00770416
0.00770416
0.00770416
0.00770416
0.00770416
0.00770416
0.00770416
0.00770416
0.00770416
0.00616333
