0.2
0.0052687
0.0052687
0.0052687
0.0052687
0.0052687
0.0052687
0.0052687
0.0052687
0.0052687
0.0052687
0.0052687
0.0052687
0.0052687
0.0052687
0.0052687
0.0052687
0.0052687
0.0052687
0.0052687
0.0052687
0.0052687
0.0052687
0.0052687
0.0052687
0.0052687
0.0052687
0.0052687
0.0052687
0.0052687
0.0052687
0.0052687
0.0052687
0.0052687
0.0052687
0.0052687
0.0052687
0.0052687
0.0052687
0.0052687
0.0052687
0.0052687
0.0052687
0.0052687
0.0052687
0.0052687
0.0052687
0.0052687
0.0052687
0.0052687
0.0052687
0.0052687
0.0052687
0.0052687
0.0052687
0.0052687
0.0052687
0.0052687
0.0052687
0.0052687
0.0052687
0.0052687
0.0052687
0.0052687
0.0052687
0.0052687
0.0052687
0.0052687
0.0052687
0.0052687
0.0052687
0.0052687
0.0052687
0.0052687
0.0052687
0.0052687
0.0052687
0.0052687
0.0052687
0.0052687
0.0052687
0.0052687
0.0052687
0.0052687
0.0052687
0.0052687
0.0052687
0.0052687
0.0052687
0.0052687
0.0052687
0.0052687
0.0052687
0.0052687
0.0052687
0.0052687
0.0052687
0.0052687
0.0052687
0.0052687
0.0052687
0.0052687
0.0052687
0.0052687
0.0052687
0.0052687
0.0052687
0.0052687
0.0052687
0.0052687
0.0052687
0.0052687
0.0052687
0.0052687
0.0052687
0.0052687
0.0052687
0.0052687
0.0052687
0.0052687
0.0052687
0.0052687
0.0052687
0.0052687
0.0052687
0.0052687
0.0052687
0.0052687
0.0052687
0.0052687
0.0052687
0.0052687
0.0052687
0.0052687
0.0052687
0.0052687
0.0052687
0.0052687
0.0052687
0.0052687
0.0052687
0.0052687
0.0052687
0.0052687
0.0052687
0.0052687
0.0052687
0.0052687
0.0052687
0.0052687
0.0052687
0.0052687
0.0052687
0.0052687
0.0052687
0.0052687
0.0052687
0.0052687
0.0052687
0.0052687
0.0052687
0.0052687
0.0052687
0.0052687
0.0052687
0.0052687
0.0052687
0.0052687
0.0052687
0.0052687
0.0052687
0.0052687
0.0052687
0.0052687
0.0052687
0.0052687
0.0052687
0.0052687
0.0052687
0.0052687
0.0052687
0.0052687
0.0052687
0.0052687
0.0052687
0.0052687
0.0052687
0.0052687
0.0052687
0.0052687
0.00421496
