0.2
0.00715308
0.00715308
0.00715308
0.00715308
0.00715308
0.00715308
0.00715308
0.00715308
0.00715308
0.00715308
0.00715308
0.00715308
0.00715308
0.00715308
0.00715308
0.00715308
0.00715308
0.00715308
0.00715308
0.00715308
0.00715308
0.00715308
0.00715308
0.00715308
0.00715308
0.00715308
0.00715308
0.00715308
0.00715308
0.00715308
0.00715308
0.00715308
0.00715308
0.00715308
0.00715308
0.00715308
0.00715308
0.00715308
0.00715308
0.00715308
0.00715308
0.00715308
0.00715308
0.00715308
0.00715308
0.00715308
0.00715308
0.00715308
0.00715308
0.00715308
0.00715308
0.00715308
0.00715308
0.00715308
0.00715308
0.00715308
0.00715308
0.00715308
0.00715308
0.00715308
0.00715308
0.00715308
0.00715308
0.00715308
0.00715308
0.00715308
0.00715308
0.00715308
0.00715308
0.00715308
0.00715308
0.00715308
0.00715308
0.00715308
0.00715308
0.00715308
0.00715308
0.00715308
0.00715308
0.00715308
0.00715308
0.00715308
0.00715308
0.00715308
0.00715308
0.00715308
0.00715308
0.00715308
0.00715308
0.00715308
0.00715308
0.00715308
0.00715308
0.00715308
0.00715308
0.00715308
0.00715308
0.00715308
0.00715308
0.00715308
0.00715308
0.00715308
0.00715308
0.00715308
0.00715308
0.00715308
0.00715308
0.00715308
0.00715308
0.00715308
0.00715308
0.00715308
0.00715308
0.00715308
0.00715308
0.00715308
0.00715308
0.00715308
0.00715308
0.00715308
0.00715308
0.00715308
0.00715308
0.00715308
0.00715308
0.00715308
0.00715308
0.00715308
0.00715308
0.00715308
0.00715308
0.00715308
0.00715308
0.00715308
0.00715308
0.00715308
0.00715308
0.00715308
0.00715308
0.00572246
