0.2
0.00625782
0.00625782
0.00625782
0.00625782
0.00625782
0.00625782
0.00625782
0.00625782
0.00625782
0.00625782
0.00625782
0.00625782
0.00625782
0.00625782
0.00625782
0.00625782
0.00625782
0.00625782
0.00625782
0.00625782
0.00625782
0.00625782
0.00625782
0.00625782
0.00625782
0.00625782
0.00625782
0.00625782
0.00625782
0.00625782
0.00625782
0.00625782
0.00625782
0.00625782
0.00625782
0.00625782
0.00625782
0.00625782
0.00625782
0.00625782
0.00625782
0.00625782
0.00625782
0.00625782
0.00625782
0.00625782
0.00625782
0.00625782
0.00625782
0.00625782
0.00625782
0.00625782
0.00625782
0.00625782
0.00625782
0.00625782
0.00625782
0.00625782
0.00625782
0.00625782
0.00625782
0.00625782
0.00625782
0.00625782
0.00625782
0.00625782
0.00625782
0.00625782
0.00625782
0.00625782
0.00625782
0.00625782
0.00625782
0.00625782
0.00625782
0.00625782
0.00625782
0.00625782
0.00625782
0.00625782
0.00625782
0.00625782
0.00625782
0.00625782
0.00625782
0.00625782
0.00625782
0.00625782
0.00625782
0.00625782
0.00625782
0.00625782
0.00625782
0.00625782
0.00625782
0.00625782
0.00625782
0.00625782
0.00625782
0.00625782
0.00625782
0.00625782
0.00625782
0.00625782
0.00625782
0.00625782
0.00625782
0.00625782
0.00625782
0.00625782
0.00625782
0.00625782
0.00625782
0.00625782
0.00625782
0.00625782
0.00625782
0.00625782
0.00625782
0.00625782
0.00625782
0.00625782
0.00625782
0.00625782
0.00625782
0.00625782
0.00625782
0.00625782
0.00625782
0.00625782
0.00625782
0.00625782
0.00625782
0.00625782
0.00625782
0.00625782
0.00625782
0.00625782
0.00625782
0.00625782
0.00625782
0.00625782
0.00625782
0.00625782
0.00625782
0.00625782
0.00625782
0.00625782
0.00625782
0.00625782
0.00625782
0.00625782
0.00625782
0.00625782
0.00625782
0.00625782
0.00625782
0.00625782
0.00625782
0.00500626
