0.2
0.00556174
0.00556174
0.00556174
0.00556174
0.00556174
0.00556174
0.00556174
0.00556174
0.00556174
0.00556174
0.00556174
0.00556174
0.00556174
0.00556174
0.00556174
0.00556174
0.00556174
0.00556174
0.00556174
0.00556174
0.00556174
0.00556174
0.00556174
0.00556174
0.00556174
0.00556174
0.00556174
0.00556174
0.00556174
0.00556174
0.00556174
0.00556174
0.00556174
0.00556174
0.00556174
0.00556174
0.00556174
0.00556174
0.00556174
0.00556174
0.00556174
0.00556174
0.00556174
0.00556174
0.00556174
0.00556174
0.00556174
0.00556174
0.00556174
0.00556174
0.00556174
0.00556174
0.00556174
0.00556174
0.00556174
0.00556174
0.00556174
0.00556174
0.00556174
0.00556174
0.00556174
0.00556174
0.00556174
0.00556174
0.00556174
0.00556174
0.00556174
0.00556174
0.00556174
0.00556174
0.00556174
0.00556174
0.00556174
0.00556174
0.00556174
0.00556174
0.00556174
0.00556174
0.00556174
0.00556174
0.00556174
0.00556174
0.00556174
0.00556174
0.00556174
0.00556174
0.00556174
0.00556174
0.00556174
0.00556174
0.00556174
0.00556174
0.00556174
0.00556174
0.00556174
0.00556174
0.00556174
0.00556174
0.00556174
0.00556174
0.00556174
0.00556174
0.00556174
0.00556174
0.00556174
0.00556174
0.00556174
0.00556174
0.00556174
0.00556174
0.00556174
0.00556174
0.00556174
0.00556174
0.00556174
0.00556174
0.00556174
0.00556174
0.00556174
0.00556174
0.00556174
0.00556174
0.00556174
0.00556174
0.00556174
0.00556174
0.00556174
0.00556174
0.00556174
0.00556174
0.00556174
0.00556174
0.00556174
0.00556174
0.00556174
0.00556174
0.00556174
0.00556174
0.00556174
0.00556174
0.00556174
0.00556174
0.00556174
0.00556174
0.00556174
0.00556174
0.00556174
0.00556174
0.00556174
0.00556174
0.00556174
0.00556174
0.00556174
0.00556174
0.00556174
0.00556174
0.00556174
0.00556174
0.00556174
0.00556174
0.00556174
0.00556174
0.00556174
0.00556174
0.00556174
0.00556174
0.00556174
0.00556174
0.00556174
0.00556174
0.00556174
0.00556174
0.00556174
0.00556174
0.00556174
0.00556174
0.00556174
0.00556174
0.00556174
0.00444939
