0.2
0.0200803
0.0200803
0.0200803
0.0200803
0.0200803
0.0200803
0.0200803
0.0200803
0.0200803
0.0200803
0.0200803
0.0200803
0.0200803
0.0200803
0.0200803
0.0200803
0.0200803
0.0200803
0.0200803
0.0200803
0.0200803
0.0200803
0.0200803
0.0200803
0.0200803
0.0200803
0.0200803
0.0200803
0.0200803
0.0200803
0.0200803
0.0200803
0.0200803
0.0200803
0.0200803
0.0200803
0.0200803
0.0200803
0.0200803
0.0200803
0.0200803
0.0200803
0.0200803
0.0200803
0.0200803
0.0200803
0.0200803
0.0200803
0.0200803
0.0160643
