0.2
0.01002
0.01002
0.01002
0.01002
0.01002
0.01002
0.01002
0.01002
0.01002
0.01002
0.01002
0.01002
0.01002
0.01002
0.01002
0.01002
0.01002
0.01002
0.01002
0.01002
0.01002
0.01002
0.01002
0.01002
0.01002
0.01002
0.01002
0.01002
0.01002
0.01002
0.01002
0.01002
0.01002
0.01002
0.01002
0.01002
0.01002
0.01002
0.01002
0.01002
0.01002
0.01002
0.01002
0.01002
0.01002
0.01002
0.01002
0.01002
0.01002
0.01002
0.01002
0.01002
0.01002
0.01002
0.01002
0.01002
0.01002
0.01002
0.01002
0.01002
0.01002
0.01002
0.01002
0.01002
0.01002
0.01002
0.01002
0.01002
0.01002
0.01002
0.01002
0.01002
0.01002
0.01002
0.01002
0.01002
0.01002
0.01002
0.01002
0.01002
0.01002
0.01002
0.01002
0.01002
0.01002
0.01002
0.01002
0.01002
0.01002
0.01002
0.01002
0.01002
0.01002
0.01002
0.01002
0.01002
0.01002
0.01002
0.01002
0.00801603
