0.2
0.00834725
0.00834725
0.00834725
0.00834725
0.00834725
0.00834725
0.00834725
0.00834725
0.00834725
0.00834725
0.00834725
0.00834725
0.00834725
0.00834725
0.00834725
0.00834725
0.00834725
0.00834725
0.00834725
0.00834725
0.00834725
0.00834725
0.00834725
0.00834725
0.00834725
0.00834725
0.00834725
0.00834725
0.00834725
0.00834725
0.00834725
0.00834725
0.00834725
0.00834725
0.00834725
0.00834725
0.00834725
0.00834725
0.00834725
0.00834725
0.00834725
0.00834725
0.00834725
0.00834725
0.00834725
0.00834725
0.00834725
0.00834725
0.00834725
0.00834725
0.00834725
0.00834725
0.00834725
0.00834725
0.00834725
0.00834725
0.00834725
0.00834725
0.00834725
0.00834725
0.00834725
0.00834725
0.00834725
0.00834725
0.00834725
0.00834725
0.00834725
0.00834725
0.00834725
0.00834725
0.00834725
0.00834725
0.00834725
0.00834725
0.00834725
0.00834725
0.00834725
0.00834725
0.00834725
0.00834725
0.00834725
0.00834725
0.00834725
0.00834725
0.00834725
0.00834725
0.00834725
0.00834725
0.00834725
0.00834725
0.00834725
0.00834725
0.00834725
0.00834725
0.00834725
0.00834725
0.00834725
0.00834725
0.00834725
0.00834725
0.00834725
0.00834725
0.00834725
0.00834725
0.00834725
0.00834725
0.00834725
0.00834725
0.00834725
0.00834725
0.00834725
0.00834725
0.00834725
0.00834725
0.00834725
0.00834725
0.00834725
0.00834725
0.00834725
0.0066778
