0.2
0.00667557
0.00667557
0.00667557
0.00667557
0.00667557
0.00667557
0.00667557
0.00667557
0.00667557
0.00667557
0.00667557
0.00667557
0.00667557
0.00667557
0.00667557
0.00667557
0.00667557
0.00667557
0.00667557
0.00667557
0.00667557
0.00667557
0.00667557
0.00667557
0.00667557
0.00667557
0.00667557
0.00667557
0.00667557
0.00667557
0.00667557
0.00667557
0.00667557
0.00667557
0.00667557
0.00667557
0.00667557
0.00667557
0.00667557
0.00667557
0.00667557
0.00667557
0.00667557
0.00667557
0.00667557
0.00667557
0.00667557
0.00667557
0.00667557
0.00667557
0.00667557
0.00667557
0.00667557
0.00667557
0.00667557
0.00667557
0.00667557
0.00667557
0.00667557
0.00667557
0.00667557
0.00667557
0.00667557
0.00667557
0.00667557
0.00667557
0.00667557
0.00667557
0.00667557
0.00667557
0.00667557
0.00667557
0.00667557
0.00667557
0.00667557
0.00667557
0.00667557
0.00667557
0.00667557
0.00667557
0.00667557
0.00667557
0.00667557
0.00667557
0.00667557
0.00667557
0.00667557
0.00667557
0.00667557
0.00667557
0.00667557
0.00667557
0.00667557
0.00667557
0.00667557
0.00667557
0.00667557
0.00667557
0.00667557
0.00667557
0.00667557
0.00667557
0.00667557
0.00667557
0.00667557
0.00667557
0.00667557
0.00667557
0.00667557
0.00667557
0.00667557
0.00667557
0.00667557
0.00667557
0.00667557
0.00667557
0.00667557
0.00667557
0.00667557
0.00667557
0.00667557
0.00667557
0.00667557
0.00667557
0.00667557
0.00667557
0.00667557
0.00667557
0.00667557
0.00667557
0.00667557
0.00667557
0.00667557
0.00667557
0.00667557
0.00667557
0.00667557
0.00667557
0.00667557
0.00667557
0.00667557
0.00667557
0.00667557
0.00667557
0.00667557
0.00667557
0.00667557
0.00667557
0.00667557
0.00534045
