0.2
0.00910747
0.00910747
0.00910747
0.00910747
0.00910747
0.00910747
0.00910747
0.00910747
0.00910747
0.00910747
0.00910747
0.00910747
0.00910747
0.00910747
0.00910747
0.00910747
0.00910747
0.00910747
0.00910747
0.00910747
0.00910747
0.00910747
0.00910747
0.00910747
0.00910747
0.00910747
0.00910747
0.00910747
0.00910747
0.00910747
0.00910747
0.00910747
0.00910747
0.00910747
0.00910747
0.00910747
0.00910747
0.00910747
0.00910747
0.00910747
0.00910747
0.00910747
0.00910747
0.00910747
0.00910747
0.00910747
0.00910747
0.00910747
0.00910747
0.00910747
0.00910747
0.00910747
0.00910747
0.00910747
0.00910747
0.00910747
0.00910747
0.00910747
0.00910747
0.00910747
0.00910747
0.00910747
0.00910747
0.00910747
0.00910747
0.00910747
0.00910747
0.00910747
0.00910747
0.00910747
0.00910747
0.00910747
0.00910747
0.00910747
0.00910747
0.00910747
0.00910747
0.00910747
0.00910747
0.00910747
0.00910747
0.00910747
0.00910747
0.00910747
0.00910747
0.00910747
0.00910747
0.00910747
0.00910747
0.00910747
0.00910747
0.00910747
0.00910747
0.00910747
0.00910747
0.00910747
0.00910747
0.00910747
0.00910747
0.00910747
0.00910747
0.00910747
0.00910747
0.00910747
0.00910747
0.00910747
0.00910747
0.00910747
0.00910747
0.00728597
