0.8
0.00448238
0.00454679
0.00444435
0.00471862
0.0048123
0.00483024
0.00450242
0.00450149
0.00474116
0.00451007
0.0044445
0.00425516
0.00467789
0.00431968
0.00410268
0.00423356
0.00445221
0.00439835
0.00412129
0.00432547
0.00487423
0.00432649
0.00477871
0.00477787
0.00470453
0.00444883
0.00415418
0.00431012
0.00449531
0.00447518
0.00467724
0.00467818
0.00422571
0.00461756
0.00459522
0.00414508
0.00417823
0.00432108
0.00435218
0.00433407
0.00434131
0.00386278
0.00481012
0.00457175
0.00451595
0.00435315
0.00461166
0.00391274
0.00410455
0.00409592
0.00428636
0.00440263
0.00415836
0.00451825
0.00414614
0.00444685
0.00430709
0.00446605
0.00430063
0.00418586
0.00404065
0.00428602
0.00425436
0.00398557
0.00423426
0.00373486
0.0041442
0.0044645
0.00450233
0.00420456
0.00442594
0.0041335
0.0038715
0.00423595
0.00419609
0.00400604
0.00438181
0.00387636
0.00471391
0.00427536
0.0041702
0.00426127
0.00404437
0.00411389
0.00436084
0.00423668
0.00434994
0.00432282
0.00400322
0.00446065
0.00382073
0.00381615
0.00421116
0.00362222
0.00368257
0.00412175
0.00393999
0.0036867
0.00384379
0.00441236
0.0037057
0.00455617
0.00426773
0.00387633
0.00414967
0.00352752
0.00401572
0.0039791
0.0040354
0.00425009
0.00444407
0.00392499
0.00378839
0.00370393
0.00402741
0.00387499
0.0038572
0.00419153
0.00377578
0.00431039
0.00346635
0.00390645
0.00377939
0.00421988
0.00421906
0.00384159
0.0042759
0.00385265
0.00357749
0.00381229
0.00374624
0.00378972
0.00374701
0.00399046
0.00380782
0.00357391
0.00379622
0.00417692
0.00395406
0.00393063
0.00374595
0.00380186
0.00423606
0.00385939
0.00416049
0.00402508
0.0037262
0.00398597
0.00385224
0.00367852
0.00410661
0.00414895
0.00404327
0.0037962
0.00379854
0.00398191
0.00411942
0.00408276
0.00410239
0.003941
0.00374925
0.00375047
0.00425113
0.00375769
0.00376894
0.00373826
0.00417887
0.00404301
0.0042604
0.00350778
0.00380671
0.00390403
0.00355214
0.00321817
0.00375943
0.00399506
0.00390664
0.00404583
0.00382695
0.00365624
0.00394256
0.00377727
0.00391894
0.00370744
0.00340384
0.00328211
0.0034411
0.00411334
0.0043138
0.00371222
0.00369708
0.00391008
0.00354942
0.00385022
0.00387516
0.00372085
0.00386195
0.0035936
0.00395929
0.00349891
0.00352996
0.00416948
0.00367925
0.00350851
0.003743
0.00358958
0.00348485
0.00415637
0.00360163
0.00380365
0.00383288
0.00390587
0.00325006
0.00354897
0.00335389
0.00369099
0.00374046
0.00381988
0.0037001
0.00358365
0.00337824
0.00368051
0.00369163
0.0038188
0.00345439
0.00350105
0.00359364
0.00338998
0.00356564
0.00364248
0.00365385
0.00347097
0.00389503
0.00370829
0.00382584
0.00391187
0.00350332
0.00351245
0.00384223
0.00358716
0.00325722
0.00394335
0.00415179
0.00377175
0.00327352
0.00356399
0.00346943
0.00362335
0.00377281
0.00138947
