0.8
0.00267546
0.00275226
0.00281578
0.00268183
0.00262955
0.00266518
0.00268724
0.00262682
0.00254594
0.00277039
0.00257659
0.00286636
0.00278065
0.00273921
0.00279812
0.00283492
0.00282666
0.002588
0.00262962
0.00272648
0.00276926
0.00262418
0.00284494
0.00254295
0.00290046
0.00275532
0.00277108
0.00274512
0.00274381
0.0027007
0.0026751
0.00278578
0.00274138
0.00268321
0.002714
0.00265707
0.00268287
0.00266954
0.00266541
0.00264624
0.00267725
0.00268522
0.00252844
0.00260363
0.00268567
0.00257357
0.00260294
0.00248864
0.00236561
0.00266906
0.00263877
0.00249885
0.00260204
0.00254515
0.00273142
0.0025229
0.00247976
0.00236166
0.00236536
0.00275218
0.00251128
0.00262959
0.00281359
0.00259882
0.00266502
0.0026317
0.00254652
0.00273834
0.00276744
0.00249382
0.00247862
0.00266748
0.00264129
0.00255092
0.00243418
0.00262521
0.00276686
0.00272776
0.00252534
0.002631
0.00250815
0.00269815
0.00242539
0.00270218
0.00275473
0.00268174
0.00263141
0.00249855
0.00242242
0.002466
0.00264473
0.00245559
0.00260847
0.00276495
0.00245205
0.00263994
0.00263292
0.00247349
0.00264267
0.00250273
0.00255281
0.00256755
0.0023029
0.00256802
0.00246894
0.00224203
0.00252876
0.00262806
0.00242305
0.00263163
0.00269144
0.00257216
0.00271835
0.0026873
0.00244453
0.00251998
0.00254401
0.00250304
0.00250858
0.00252447
0.00254124
0.00253129
0.00268377
0.00244867
0.00263052
0.00253489
0.002434
0.00247704
0.0023074
0.00265459
0.00228387
0.00252714
0.00251553
0.00235057
0.00251471
0.00241259
0.00248064
0.00241301
0.00259979
0.00239195
0.00258996
0.00268428
0.00237745
0.00259396
0.00257218
0.00254796
0.00228469
0.0023837
0.00253081
0.00239327
0.00249289
0.00252504
0.0022605
0.00249405
0.00264926
0.00251982
0.00252371
0.00234241
0.0023393
0.00227696
0.00228265
0.00230699
0.00235654
0.00239215
0.0023805
0.00234368
0.00251469
0.00247433
0.0025097
0.00246684
0.00202052
0.00260614
0.00230376
0.00245584
0.00236469
0.00226966
0.00226909
0.00222151
0.00247312
0.0024658
0.00214672
0.00236844
0.00245139
0.00233022
0.00241491
0.00238922
0.00244861
0.00231014
0.00245808
0.00234283
0.00234134
0.00235542
0.00233079
0.00234537
0.00241817
0.00230803
0.00247427
0.00227249
0.00223834
0.00263992
0.0024667
0.00216654
0.00228092
0.00230146
0.00223866
0.00240525
0.00230591
0.00226875
0.0022263
0.00231375
0.00227242
0.00234538
0.00213914
0.00234717
0.00251585
0.00248361
0.00246678
0.00234623
0.00214379
0.00242518
0.0024728
0.00216935
0.00223418
0.00248244
0.00233312
0.00237905
0.00220003
0.00246949
0.00245674
0.00241445
0.00223741
0.00265431
0.00224554
0.00247503
0.00227999
0.00243848
0.0022814
0.0022282
0.0024196
0.00238611
0.00242554
0.00220781
0.0023895
0.00225126
0.00233878
0.00241785
0.00222319
0.00238611
0.00249942
0.00210526
0.00229092
0.00243421
0.0023521
0.00213585
0.00220139
0.00226851
0.00238066
0.00223248
0.00232131
0.00234738
0.0023242
0.00220792
0.00247056
0.00204557
0.00223134
0.00222024
0.00225575
0.00223884
0.00238838
0.00236872
0.00227215
0.00254673
0.00225564
0.00226785
0.00225154
0.00219957
0.00234232
0.00224041
0.00215899
0.00225323
0.0023254
0.00229958
0.00229841
0.00210753
0.00234408
0.00218764
0.00225732
0.00212246
0.00222817
0.00218564
0.0024956
0.00222354
0.00213862
0.00231519
0.00223257
0.00222577
0.00211302
0.00235798
0.00223153
0.00218192
0.00236779
0.00220815
0.00222894
0.00223182
0.00224803
0.00217994
0.00227125
0.00230565
0.00235385
0.00226064
0.00199349
0.00220882
0.00217876
0.00245334
0.00213565
0.00226247
0.00224959
0.00214929
0.0022221
0.00234326
0.00222279
0.00244839
0.00216742
0.00229249
0.00208914
0.00215932
0.00233099
0.00211989
0.00206583
0.00245748
0.00200839
0.00224347
0.00209131
0.00211131
0.00201611
0.00229702
0.0021995
0.00206103
0.00214997
0.00201987
0.00213434
0.00225944
0.00218097
0.00229091
0.00218048
0.00198426
0.00237953
0.00226867
0.00213144
0.00220395
0.00200593
0.00218705
0.00210649
0.0023429
0.00222829
0.00198443
0.00216386
0.0020456
0.00211914
0.0022144
0.00228492
0.00205379
0.00222025
0.0021755
0.00232474
0.00201721
0.0022238
0.00209278
0.00228028
0.00227711
0.00216517
0.00216426
0.00233694
0.00210652
0.00225016
0.00237146
0.00211034
0.00224447
0.00222205
0.00213192
0.00226586
0.0020622
0.00213475
0.00205328
0.00199688
0.00230417
0.00229836
0.00201151
0.00233099
0.00207791
0.00204757
0.00210754
0.00208811
0.00222348
0.00219517
0.00218257
0.00210818
0.00223491
0.00217043
0.00220107
0.002193
0.00216433
0.00220206
0.00227057
0.00215056
0.00219487
0.00209965
0.0021716
0.00230028
0.00208702
0.00218633
0.0021154
0.0020692
0.00235564
0.00229085
0.00207321
0.00208793
0.00225717
0.00202588
0.000829777
