0.8
0.00704596
0.00654313
0.0065835
0.00639978
0.00691836
0.00707627
0.00660437
0.00665918
0.00682438
0.00576866
0.0073258
0.00643881
0.00653049
0.00661033
0.00694853
0.0075104
0.00643114
0.00663028
0.00646127
0.00657578
0.00660768
0.00658775
0.00598576
0.00628232
0.00693797
0.00676751
0.00631311
0.0066112
0.005988
0.00609788
0.00610008
0.00671117
0.00657371
0.00645709
0.00604585
0.00565633
0.00680823
0.00613373
0.00580459
0.00627394
0.00685286
0.00549247
0.00659879
0.00622627
0.00656086
0.00742157
0.0060408
0.00620253
0.00637168
0.00653078
0.00639422
0.00593776
0.00598969
0.00621085
0.00527559
0.005093
0.00635979
0.00560556
0.00576844
0.00612481
0.00598558
0.00608787
0.00605439
0.00535766
0.00624754
0.00610975
0.00633954
0.00580669
0.00675534
0.00537338
0.00575764
0.00572587
0.00609381
0.00570931
0.00648325
0.0059028
0.00566311
0.00548979
0.00544709
0.00615601
0.00517803
0.00566472
0.00581274
0.00655715
0.00588913
0.00576768
0.00558794
0.00620027
0.00575811
0.0055985
0.00566268
0.00573516
0.00554975
0.0046583
0.00570949
0.00597555
0.00552953
0.00548892
0.00533189
0.00562393
0.0049802
0.00590108
0.0048554
0.00488141
0.00545844
0.005436
0.00571578
0.00582288
0.00550037
0.0053196
0.00551686
0.00558994
0.00526355
0.00512202
0.0056283
0.00552555
0.00590726
0.00487811
0.00596835
0.00627546
0.00527138
0.00484885
0.00591006
0.00587385
0.00539111
0.00603332
0.00606657
0.00566895
0.00615655
0.00508062
0.00601122
0.00511729
0.00501609
0.00575562
0.00552514
0.00600047
0.00557337
0.00585329
0.00576681
0.00532617
0.0055125
0.00594475
0.00627832
0.00547487
0.0055141
0.00579126
0.00553793
0.00565945
0.00584963
0.00512443
0.00572484
0.00563927
0.00636936
0.00583857
0.00556493
0.00570343
0.00576697
0.00501013
0.00512882
0.00514321
0.00540872
0.00537127
0.00520489
0.00537948
0.00587567
0.00541908
0.00507767
0.0053194
0.00501196
0.00204732
