0.8
0.00341967
0.00351497
0.00360842
0.00346662
0.00342705
0.00317501
0.0036383
0.00341273
0.00346033
0.00329615
0.00339711
0.00331552
0.00285639
0.00367994
0.00337613
0.00341284
0.00321349
0.00355394
0.00311042
0.00334781
0.00369223
0.0034668
0.00341581
0.00362521
0.0034861
0.00350238
0.00340393
0.0032883
0.00330345
0.00339049
0.00342585
0.00339862
0.00370487
0.00351323
0.00334008
0.0035525
0.00366087
0.00334352
0.00318786
0.0032654
0.00319547
0.00330645
0.00335306
0.00332846
0.00340887
0.00349516
0.00346925
0.00338719
0.00353712
0.00353313
0.00311689
0.0034851
0.00317594
0.00295894
0.0034299
0.00333973
0.00330243
0.00297678
0.00317284
0.00340263
0.0033886
0.00297237
0.00331609
0.00344894
0.0032528
0.0035292
0.00294903
0.00316323
0.00309311
0.00348879
0.00331946
0.00315656
0.00317004
0.003507
0.00339702
0.00330959
0.00333017
0.00311535
0.0032023
0.00316622
0.00316307
0.00315396
0.00332824
0.00332549
0.00335487
0.00329754
0.00329775
0.00337479
0.00350484
0.00326211
0.00332616
0.00300859
0.00311829
0.00330846
0.00315906
0.00331215
0.00311745
0.00318806
0.00301238
0.00316396
0.003198
0.00303748
0.00317116
0.00323575
0.00303574
0.00354313
0.00300084
0.00303875
0.00301067
0.00306173
0.00307846
0.0032233
0.00341633
0.00298943
0.0033468
0.00302153
0.00347621
0.00311744
0.00322931
0.003204
0.00285553
0.00310686
0.00318241
0.00302586
0.00313468
0.00298987
0.00272687
0.00324523
0.003081
0.0028538
0.00314977
0.00303807
0.00302037
0.00318391
0.00297136
0.00298506
0.00307074
0.00317392
0.00304434
0.00296193
0.00282433
0.00302716
0.00281326
0.00313429
0.0025919
0.00300407
0.00312733
0.00324423
0.00305906
0.00266717
0.00311875
0.00286002
0.00321534
0.00313125
0.00311473
0.0027729
0.00312612
0.0031186
0.00318002
0.00304872
0.00306155
0.00283638
0.00305994
0.00299942
0.00296181
0.00308913
0.00299238
0.00279158
0.00285738
0.0027962
0.00300423
0.00297409
0.00301849
0.00290427
0.00297318
0.00294788
0.00289904
0.00271737
0.00315098
0.0031442
0.00300273
0.00263047
0.00299293
0.00280825
0.00299248
0.00290818
0.00259113
0.0029567
0.00289832
0.00292143
0.00309436
0.00286731
0.00296387
0.0028822
0.00295964
0.00283332
0.00298289
0.00263235
0.00287275
0.0028859
0.00308583
0.00298998
0.00295887
0.00279455
0.00279357
0.00279256
0.00306712
0.00292361
0.00294287
0.00317313
0.00296357
0.00273347
0.0029996
0.00291104
0.0029284
0.00300445
0.00294069
0.00314069
0.00297597
0.00280441
0.00303503
0.00293197
0.00292001
0.00271946
0.00292634
0.00280993
0.00291114
0.00296824
0.00313135
0.00262181
0.0031902
0.00306242
0.00301215
0.00301076
0.0029319
0.00282568
0.00302533
0.00270195
0.00282535
0.00257408
0.00290254
0.00279723
0.00291385
0.00280799
0.00256862
0.00288204
0.00304044
0.00277939
0.00312265
0.00271728
0.00311327
0.00271828
0.00273092
0.00283778
0.00256497
0.00293026
0.00257526
0.00268961
0.00286623
0.00282747
0.00281007
0.00284415
0.002905
0.00283842
0.00262414
0.00268476
0.00282634
0.00274013
0.00305715
0.00282224
0.00296547
0.00255673
0.00290296
0.00281864
0.00259411
0.00273501
0.00295028
0.00295202
0.00272705
0.00277007
0.00270469
0.00258846
0.00276086
0.00297146
0.00267693
0.00293746
0.00273571
0.00277763
0.00262516
0.00260673
0.00252861
0.0028502
0.00298135
0.00274738
0.00289468
0.00252294
0.00304842
0.00277417
0.00260195
0.00279264
0.00275429
0.00267965
0.00265012
0.00252521
0.00300896
0.00277609
0.00282724
0.00273713
0.00275066
0.00279202
0.00252292
0.00283459
0.00280062
0.00279634
0.00261794
0.00284262
0.0025987
0.00295646
0.00288682
0.0029226
0.00307211
0.00262326
0.00261282
0.00282915
0.0024276
0.00261783
0.00300047
0.00280373
0.00262516
0.00105676
