0.8
0.00733813
0.00695727
0.00778707
0.00701706
0.00650875
0.0079174
0.00755178
0.00645584
0.00656081
0.00589165
0.00777995
0.00724191
0.00736732
0.00732119
0.00707125
0.00679621
0.00746362
0.00644847
0.00641879
0.00666941
0.00666718
0.00758355
0.00733295
0.00666986
0.00638585
0.00694317
0.00777222
0.00646479
0.00694312
0.00739895
0.00637843
0.00631887
0.00664453
0.0061979
0.00610768
0.00579151
0.0075279
0.00628652
0.00596415
0.0068596
0.00632677
0.00618925
0.00584411
0.00682975
0.00633725
0.00618712
0.00748089
0.00640761
0.00693222
0.00620381
0.00662188
0.00686978
0.00615172
0.006128
0.00678552
0.00721239
0.00602868
0.00587215
0.00649588
0.0067873
0.00588955
0.00657252
0.0066151
0.00751421
0.00618924
0.00632188
0.00566879
0.00629702
0.00616829
0.00679306
0.00671346
0.0057366
0.00642004
0.00726073
0.00609121
0.00634731
0.00602185
0.00638813
0.00674977
0.00578612
0.00653219
0.00676006
0.00611357
0.00581758
0.0062184
0.00525013
0.00569885
0.00524708
0.00633827
0.00590872
0.00619185
0.0062469
0.00618344
0.00619908
0.00579449
0.00586548
0.00600185
0.0066694
0.00539874
0.00561558
0.00547851
0.00605083
0.00595753
0.00611134
0.00606036
0.00613773
0.0057816
0.00565309
0.00621064
0.00587752
0.005122
0.00575425
0.00579397
0.00640954
0.00566602
0.00590648
0.00616205
0.00660797
0.00615957
0.006042
0.00596747
0.00572405
0.00614485
0.00544293
0.00526997
0.00610287
0.00549203
0.00658319
0.00625227
0.00572739
0.00609016
0.0052196
0.00514666
0.00588593
0.00569595
0.0057163
0.00543813
0.00510872
0.00602605
0.00605961
0.00609245
0.00506859
0.00554863
0.00571271
0.00595751
0.00542671
0.00619458
0.00622537
0.00593552
0.00561836
0.00653138
0.006394
0.00574478
0.00553876
0.00568734
0.00682614
0.00568196
0.0056028
0.00590888
0.00217517
