0.8
0.00275205
0.00327989
0.00307681
0.00299855
0.00282977
0.00277735
0.00287793
0.00266424
0.00303136
0.00288446
0.00286842
0.00272138
0.00306538
0.00280111
0.00283271
0.00259548
0.00285332
0.00296028
0.00272896
0.00300096
0.00274776
0.00269632
0.00282234
0.00284278
0.00284067
0.00296287
0.00290145
0.00286604
0.00318696
0.00279694
0.0029035
0.00289533
0.00319981
0.0026525
0.00285285
0.00287168
0.00287772
0.00269368
0.00298106
0.00279419
0.00267409
0.00294423
0.00293944
0.00290598
0.00297128
0.00276976
0.00267863
0.00286795
0.00299375
0.00281863
0.00309828
0.00273417
0.0028139
0.00288351
0.00275315
0.00265907
0.00288753
0.0030502
0.00268528
0.00265055
0.00289979
0.00285787
0.00276291
0.00293791
0.0028663
0.00283093
0.00278664
0.00274299
0.00297575
0.00300853
0.00294851
0.00285433
0.00264144
0.00271595
0.00272567
0.00280726
0.00258395
0.00273936
0.00275306
0.0026999
0.00268048
0.00278868
0.00259034
0.00286101
0.00288212
0.00252549
0.00288494
0.00288856
0.00267411
0.00275271
0.002805
0.002627
0.00302075
0.00278768
0.00288882
0.00272034
0.00272114
0.00283535
0.00255959
0.00279394
0.00273932
0.0026995
0.00259414
0.00260053
0.00264509
0.00262049
0.00278984
0.00271527
0.0026912
0.0030214
0.00274428
0.00247158
0.00256737
0.00275981
0.00264685
0.00260755
0.00268534
0.00270127
0.00290089
0.00265086
0.00267275
0.00279225
0.0029346
0.0027523
0.00263441
0.00266161
0.00269485
0.00265548
0.00251913
0.00279426
0.00271893
0.00281349
0.00270576
0.00291844
0.00255527
0.00254095
0.00270441
0.00249439
0.00251444
0.00254814
0.00264266
0.00267182
0.00261792
0.00248311
0.00260401
0.00269188
0.00260068
0.00274268
0.0025982
0.00272349
0.00248563
0.00262706
0.00246171
0.00245884
0.00264936
0.0026406
0.00268181
0.00251429
0.00254553
0.00268789
0.00263062
0.00247127
0.00269803
0.00253935
0.00246819
0.00249602
0.00260426
0.00257295
0.00272431
0.00269772
0.0026138
0.00235431
0.00264875
0.00269495
0.002603
0.00258822
0.00243483
0.00245294
0.00254446
0.00254165
0.00256823
0.00262656
0.00249392
0.00245528
0.00251442
0.00286506
0.00262594
0.00264038
0.00267143
0.00255102
0.0025114
0.00276452
0.0023552
0.00260352
0.00255215
0.00255891
0.00264996
0.00244088
0.00268424
0.00266234
0.00260747
0.00239758
0.00253583
0.0026153
0.00247855
0.00268525
0.00257763
0.00260161
0.00286333
0.00253497
0.00248572
0.00258893
0.00247957
0.0024868
0.00243443
0.00241253
0.0024012
0.00249854
0.00257268
0.00248954
0.00268931
0.00223463
0.00251872
0.00227315
0.00257645
0.00236474
0.00257409
0.00252513
0.00256884
0.00237969
0.00246214
0.00237101
0.00234256
0.00254129
0.00241256
0.00239124
0.00264887
0.00244464
0.00250461
0.00251151
0.00246915
0.00261409
0.00233315
0.00228859
0.00236712
0.00226678
0.00242761
0.00249213
0.00232626
0.00230061
0.00257691
0.00240347
0.00253091
0.00241261
0.00238778
0.00228308
0.00245108
0.00260963
0.00237131
0.00227734
0.00239382
0.00249077
0.00250328
0.00235368
0.00256677
0.00228579
0.00244622
0.00222623
0.00254758
0.00244555
0.00238162
0.00245372
0.00239224
0.00243158
0.00232495
0.00261859
0.00240341
0.00235214
0.00256283
0.00217329
0.00233029
0.00223854
0.00221509
0.00239427
0.00261569
0.00251167
0.00243936
0.00232923
0.00230859
0.00251508
0.0024281
0.00244219
0.00234435
0.00240402
0.0022234
0.00250182
0.0022945
0.00226632
0.00217518
0.00233369
0.00234425
0.00231355
0.00270876
0.00224306
0.00231928
0.00235765
0.00244558
0.00233165
0.00242174
0.00248615
0.0023396
0.00241689
0.00221842
0.0022948
0.00261599
0.00230975
0.00255371
0.00241698
0.00237702
0.0025462
0.00224595
0.00231654
0.00233982
0.00233656
0.00233066
0.0023438
0.00252688
0.00234022
0.00240071
0.0023655
0.00225171
0.00261201
0.0023138
0.00216549
0.0026105
0.00233089
0.00235051
0.00228823
0.00237043
0.00228951
0.00223304
0.00229457
0.00217848
0.0021597
0.00242025
0.00225298
0.00239641
0.00227945
0.00250566
0.00231152
0.00239475
0.00227527
0.00232686
0.00261176
0.00236635
0.00226344
0.0024313
0.00209946
0.00229722
0.0022906
0.00220156
0.00231413
0.00223459
0.00215154
0.0024197
0.00239209
0.0022481
0.0025309
0.00222893
0.00248064
0.00243193
0.00227192
0.00221526
0.00247545
0.00217049
0.00234894
0.00252113
0.00229474
0.00216608
0.00228055
0.00228492
0.00224926
0.00233017
0.00244457
0.00256443
0.00234282
0.00231169
0.00247048
0.00223584
0.000893743
