0.8
0.00246353
0.00249121
0.00228157
0.00236973
0.0024873
0.00235563
0.00244222
0.00236976
0.00227981
0.00234689
0.00230679
0.00245866
0.00240731
0.0023122
0.00244227
0.00221246
0.00221335
0.00225268
0.00234832
0.00257108
0.00240461
0.00248327
0.0023247
0.00233107
0.00244158
0.00234343
0.00256411
0.0024209
0.00253254
0.00239004
0.00237407
0.00218931
0.00231524
0.00247139
0.0023011
0.0022239
0.00223647
0.00240329
0.00234418
0.00243461
0.00240386
0.00232671
0.00230738
0.00239525
0.00225635
0.00239624
0.00242443
0.00233543
0.00219957
0.00235411
0.00236616
0.00227395
0.00237515
0.00215343
0.00224316
0.00216825
0.00237274
0.00225149
0.00233591
0.00225726
0.0021088
0.00235412
0.00225993
0.00220282
0.00221962
0.00209152
0.00214789
0.00236865
0.00227574
0.00230603
0.00238007
0.00221747
0.00241643
0.00234087
0.00238676
0.00233813
0.00226843
0.00234548
0.00220854
0.00215763
0.00225425
0.00220499
0.00222081
0.00241554
0.0021652
0.00232368
0.00213314
0.00218446
0.00223007
0.00222651
0.00228001
0.00205247
0.00221941
0.00245943
0.00226895
0.00226726
0.00226865
0.00218625
0.0021012
0.00223586
0.00227928
0.0022621
0.00231243
0.00225271
0.0022972
0.00219459
0.00225647
0.00220135
0.0024245
0.00227863
0.00227496
0.00211768
0.0021468
0.00238352
0.00211864
0.00218021
0.00222086
0.00211933
0.00220085
0.00222313
0.00232398
0.00205872
0.00225456
0.00233899
0.00206736
0.00222874
0.00228407
0.00211612
0.00214182
0.00199105
0.00238486
0.00222291
0.00216659
0.00222861
0.00230946
0.00235074
0.00213692
0.00222782
0.0020928
0.00213479
0.00215432
0.00225155
0.00216409
0.00215275
0.00219304
0.00211397
0.00209985
0.00219113
0.00230715
0.00210257
0.00217113
0.00219665
0.0022471
0.0023109
0.00206298
0.00205584
0.00218677
0.00212269
0.00220224
0.00215829
0.0022912
0.00226071
0.00216713
0.00221361
0.00217428
0.0021478
0.00211717
0.00215687
0.00206218
0.00197568
0.00210519
0.00225787
0.00211119
0.00192086
0.00220865
0.0021475
0.00216884
0.00219701
0.00210394
0.0020749
0.00199086
0.0020743
0.00206139
0.00217905
0.0022082
0.0020911
0.00211699
0.00197578
0.00201071
0.00214118
0.00206307
0.00209876
0.00209669
0.00203498
0.00205701
0.00197242
0.002217
0.00225804
0.00216815
0.00202295
0.00213738
0.00227343
0.00201648
0.00209369
0.00203967
0.00190984
0.00221282
0.00210235
0.00213007
0.00208411
0.00212055
0.00216667
0.0021349
0.00197034
0.00221864
0.00202548
0.00203161
0.0021468
0.00204687
0.00220032
0.00200175
0.00200147
0.00207462
0.00202555
0.00206345
0.00214847
0.00216442
0.00200689
0.00214054
0.00210487
0.00194983
0.00209028
0.00207354
0.00219876
0.00204176
0.00213335
0.00204412
0.00205568
0.00212053
0.00207619
0.00202182
0.00205871
0.0020697
0.0020432
0.00215959
0.00198924
0.00208132
0.001992
0.00193214
0.00207191
0.00203617
0.00207219
0.0020086
0.00201977
0.0021331
0.00197738
0.00203947
0.00196114
0.0019895
0.00200438
0.00197567
0.001938
0.00188614
0.00212618
0.00209727
0.00199903
0.00206465
0.0021302
0.00196008
0.00212334
0.0018745
0.00201199
0.00223861
0.0021565
0.00199803
0.00206002
0.00204443
0.00197144
0.00202168
0.00212724
0.00187873
0.00214074
0.00199683
0.00201569
0.00199855
0.00191302
0.00199467
0.00211633
0.00193704
0.00195139
0.00201705
0.00198062
0.00196931
0.00212082
0.00201608
0.00206142
0.00211563
0.00190313
0.00201368
0.00202642
0.00195425
0.00204957
0.00200428
0.00198606
0.00185237
0.00204438
0.00202456
0.00201139
0.00212127
0.00198387
0.00200088
0.00198888
0.00216434
0.0020881
0.00210694
0.00188558
0.00191437
0.00187901
0.0019422
0.00215278
0.00193279
0.00186328
0.0018505
0.00203994
0.00213031
0.00198009
0.00191421
0.00203228
0.0020389
0.00195501
0.00195741
0.0017011
0.00210912
0.00206388
0.00206195
0.00186275
0.00177059
0.00187025
0.00189661
0.00200667
0.00199164
0.00192087
0.00193412
0.00188628
0.00174616
0.00197124
0.00201189
0.00187137
0.00201056
0.00180602
0.00206327
0.00204202
0.00193003
0.00198284
0.00202396
0.0019482
0.00179901
0.00191234
0.00173737
0.00197893
0.00200308
0.00213214
0.0018537
0.0019863
0.00193448
0.00185845
0.00197086
0.00182766
0.00196502
0.00217092
0.00188641
0.00194626
0.00185145
0.00190023
0.001952
0.00191103
0.00188152
0.00192223
0.00200864
0.00193657
0.00188916
0.00186436
0.00197716
0.0019043
0.00193329
0.00205398
0.00202984
0.00192408
0.00176004
0.00198767
0.00193619
0.00181783
0.00200188
0.00186775
0.00186511
0.00187524
0.00188699
0.00198981
0.00193579
0.00188556
0.00185799
0.00189091
0.00191545
0.00197672
0.00199552
0.00190507
0.00190197
0.00204388
0.00191437
0.00191033
0.00193095
0.00187997
0.00192237
0.00190314
0.00202704
0.00181115
0.0018188
0.00194076
0.00198741
0.00187627
0.00185355
0.00189948
0.00192379
0.00195852
0.00188319
0.00191463
0.00188472
0.00194513
0.00189513
0.00180303
0.00192089
0.00204853
0.00186831
0.00191697
0.00193779
0.00185388
0.00179524
0.00182279
0.00174181
0.00206207
0.00204395
0.00192484
0.00205016
0.0020208
0.00183431
0.00187884
0.00180818
0.00180941
0.00201739
0.00187648
0.00180415
0.00202966
0.00188798
0.00198633
0.00182448
0.00196872
0.00199409
0.00201413
0.00182925
0.00200052
0.00182747
0.00192063
0.00189141
0.0017892
0.00186433
0.00188029
0.00194718
0.00174576
0.00198066
0.00183973
0.00174474
0.00211183
0.00205281
0.0018819
0.00177218
0.00196117
0.00183934
0.00196521
0.00187303
0.000725778
