0.8
0.00676779
0.00621188
0.0070182
0.00731126
0.00594994
0.00629401
0.0060819
0.00611368
0.0058379
0.00561911
0.00662767
0.00650403
0.00578444
0.00631552
0.00602012
0.00670365
0.00557368
0.00636415
0.00604353
0.00514589
0.00572401
0.006449
0.00560621
0.00603087
0.0054963
0.00665128
0.00643851
0.00652623
0.00551362
0.00667635
0.00601506
0.00575584
0.00624958
0.00590912
0.00599557
0.00581394
0.00639905
0.00645266
0.00618654
0.00531352
0.00595401
0.00573906
0.00579029
0.00564629
0.00580625
0.00612535
0.00537896
0.00545249
0.00564441
0.00557607
0.00533157
0.00575883
0.00619721
0.00589256
0.006258
0.00564275
0.00519312
0.00580646
0.00550892
0.0056954
0.0054099
0.00579839
0.00552969
0.00630798
0.00555638
0.00583424
0.00638185
0.00577602
0.00529438
0.0053218
0.00617868
0.00547807
0.00618586
0.00556731
0.00600872
0.0049296
0.00581824
0.00566902
0.00525343
0.00567866
0.00562224
0.00495428
0.005606
0.00538523
0.00638255
0.00531553
0.00553355
0.0050672
0.00535341
0.0055744
0.00547031
0.00537401
0.00519174
0.00563365
0.00515353
0.00554802
0.00552461
0.00545287
0.00498706
0.0058197
0.0058682
0.00541729
0.00574059
0.00561264
0.00526206
0.00523444
0.00607544
0.00521178
0.00561698
0.00569957
0.00556773
0.00484447
0.00531391
0.00539121
0.00598402
0.00570262
0.00529345
0.00509298
0.00549524
0.0054164
0.00497334
0.00523302
0.00608944
0.00581744
0.0053757
0.00502032
0.00505293
0.00516501
0.00511707
0.00528538
0.00538045
0.00530488
0.00451685
0.00521387
0.0051022
0.00564465
0.00477241
0.00523048
0.00509341
0.00529969
0.00488022
0.00512988
0.00518977
0.00542687
0.00509658
0.00515366
0.00543348
0.00485023
0.00481117
0.00522473
0.00589246
0.00495948
0.00511637
0.00522935
0.00475922
0.0049189
0.00513427
0.0051398
0.00472581
0.00446063
0.00479625
0.00511118
0.00568571
0.00490216
0.00494553
0.00462114
0.0054126
0.00518394
0.00454437
0.00559202
0.00515976
0.00504503
0.00554045
0.0059114
0.00583815
0.00483539
0.00588379
0.00507867
0.00510171
0.0019306
