0.8
0.00252634
0.00260793
0.00248859
0.00264814
0.00243809
0.0024802
0.00250253
0.00244507
0.00248823
0.00242031
0.00272919
0.00258777
0.00246402
0.00245322
0.00261344
0.00248253
0.00242807
0.00234211
0.0026498
0.00257526
0.00243308
0.00257201
0.00247984
0.00246239
0.00242974
0.00237383
0.00275323
0.00252431
0.00261744
0.00239918
0.00248178
0.00242789
0.00240285
0.00249194
0.00250578
0.00225697
0.00263165
0.00256022
0.00240172
0.00235162
0.00247812
0.00247648
0.0025374
0.00250694
0.00255143
0.00247811
0.00247583
0.00238643
0.00240742
0.00236028
0.00252566
0.00239079
0.00237671
0.00252211
0.00259644
0.00238137
0.00237505
0.0025285
0.00234222
0.00251338
0.00233044
0.00244923
0.00238124
0.00268404
0.00252409
0.00244334
0.00222206
0.00244012
0.00245861
0.00254373
0.00249585
0.00239909
0.00250213
0.00250561
0.00240573
0.00234475
0.0024837
0.00223981
0.00245537
0.00229725
0.00253437
0.0022922
0.00257586
0.00224856
0.00256175
0.00242717
0.00222918
0.00227232
0.00226507
0.00223965
0.00238413
0.00219636
0.00242068
0.00252923
0.00241292
0.00242205
0.00238517
0.00234195
0.00251888
0.00245632
0.00269354
0.00242933
0.00244645
0.00235866
0.00228203
0.00225499
0.00242109
0.00224711
0.00228361
0.00240962
0.00224086
0.00227314
0.00237426
0.00236961
0.00230881
0.00232267
0.00230096
0.0023666
0.00251359
0.00234603
0.00241171
0.00260395
0.00238399
0.0023668
0.00242358
0.00250174
0.00236794
0.0023903
0.00242428
0.0024705
0.00240111
0.00226114
0.00244525
0.00239067
0.0023341
0.00251797
0.00236323
0.00223019
0.0023866
0.00239499
0.0022038
0.00224923
0.00243228
0.00237958
0.00240487
0.00230171
0.00231947
0.00210784
0.00226569
0.00222336
0.00232447
0.00207328
0.00210092
0.00231678
0.00243808
0.00239799
0.00226942
0.00218413
0.00238615
0.00233259
0.00220376
0.00223696
0.00236693
0.00216004
0.00213838
0.00220271
0.00249364
0.00229003
0.00231836
0.0023334
0.00206185
0.00231302
0.00227362
0.00214971
0.00232211
0.00227485
0.00220222
0.00220501
0.00223407
0.00242035
0.0022459
0.00206448
0.00247221
0.00227716
0.00214934
0.00235883
0.00219294
0.00219512
0.00224364
0.00243951
0.00220913
0.00238802
0.00211503
0.00222936
0.00227624
0.0024074
0.00228255
0.0021521
0.0021061
0.00201919
0.00230719
0.00247386
0.00219622
0.00212629
0.00214631
0.00209347
0.00212371
0.00217782
0.00210902
0.00224164
0.00241954
0.00226088
0.00225376
0.00226817
0.0021483
0.00220773
0.00217798
0.00212802
0.0021808
0.00208564
0.00220374
0.00216313
0.00232805
0.00219987
0.0021786
0.00224294
0.00223783
0.00214377
0.00220447
0.00217678
0.00229836
0.00216579
0.00216546
0.00203837
0.00210588
0.00211348
0.00219442
0.00220805
0.00217259
0.00224531
0.00206268
0.00218424
0.00222201
0.00221584
0.00204322
0.00214224
0.00235484
0.00207189
0.00221991
0.00207202
0.00209043
0.00209653
0.00210246
0.00209508
0.00213022
0.0021389
0.00202752
0.0021799
0.00212429
0.00207078
0.00217943
0.00218995
0.00209962
0.00217189
0.00215518
0.00211544
0.0021424
0.00213281
0.00200808
0.00229878
0.0021781
0.00218057
0.00198618
0.00217667
0.00207071
0.00200568
0.00216808
0.00221444
0.00221271
0.00221546
0.00223844
0.00207667
0.00217611
0.00206961
0.00203602
0.00207948
0.00208747
0.00188714
0.00210119
0.00221298
0.00211085
0.0022576
0.00217548
0.00206585
0.00205093
0.00204815
0.00201414
0.00220549
0.0021175
0.00206019
0.00206787
0.00208582
0.00222809
0.00196555
0.00205891
0.00187928
0.00201479
0.00223838
0.00217328
0.00201467
0.00206708
0.00215483
0.00219081
0.00230615
0.00193338
0.00226599
0.00213205
0.002247
0.00213891
0.00198898
0.00189795
0.00198523
0.00205439
0.00191464
0.00198787
0.00215714
0.00220212
0.00197575
0.00207887
0.00198472
0.00215988
0.0021637
0.00199035
0.00201672
0.00187464
0.00199307
0.00216597
0.00226688
0.00222846
0.00196107
0.00205625
0.00219676
0.00224
0.00200164
0.00223508
0.00179338
0.00222163
0.00217097
0.00198544
0.00208109
0.00215259
0.00205342
0.00214364
0.00189076
0.00217579
0.0019854
0.00202233
0.00201785
0.00217118
0.00202719
0.00193658
0.00203439
0.00216173
0.00205876
0.0019175
0.00219266
0.00195748
0.00207224
0.00198688
0.00197711
0.00205603
0.00209414
0.00211753
0.00223648
0.00181779
0.00211595
0.00212436
0.00194709
0.00206164
0.00208501
0.00211171
0.00191444
0.00182164
0.00197197
0.00202366
0.00203122
0.00214269
0.00205569
0.00211844
0.00199108
0.00218015
0.00215264
0.00204485
0.00203736
0.00206729
0.00201381
0.00204082
0.00198641
0.00204153
0.00199098
0.00199501
0.00215311
0.00215219
0.00209162
0.00189193
0.00203417
0.00209529
0.00220805
0.00205411
0.00203235
0.00195483
0.00204582
0.00206685
0.00221777
0.00189956
0.001995
0.00199401
0.00197041
0.00220075
0.00209187
0.00216447
0.00193948
0.00213702
0.00196393
0.00211284
0.00208508
0.00212836
0.00207662
0.00207217
0.00191826
0.00197289
0.00210867
0.00218533
0.00211062
0.00197295
0.00206634
0.00203026
0.00213811
0.00205783
0.00195192
0.00198158
0.00198318
0.00216888
0.00199407
0.00212522
0.00212042
0.00199392
0.00192211
0.00203597
0.000772849
