0.8
0.00335519
0.00328677
0.00360351
0.00307359
0.0030754
0.00346516
0.00334065
0.00310867
0.00319337
0.00318557
0.0032902
0.00308595
0.00339369
0.00327349
0.0031474
0.00318996
0.00301729
0.00315778
0.00293096
0.00327429
0.00304191
0.00331168
0.00330653
0.00347832
0.00309952
0.0033847
0.00334145
0.00338512
0.00327981
0.0030222
0.00337321
0.00314559
0.00324336
0.00290804
0.00317523
0.00332053
0.00308299
0.00310137
0.00317021
0.00330979
0.00316231
0.0032332
0.00285641
0.00327073
0.00314832
0.00293888
0.00306621
0.0031242
0.003317
0.00314465
0.00302157
0.0029909
0.00322696
0.00295826
0.00315926
0.00295227
0.00306169
0.00321002
0.00299233
0.00312416
0.00299109
0.00313879
0.00319395
0.00306222
0.00300457
0.00305269
0.0029961
0.00308675
0.00308394
0.0031446
0.00298294
0.00322414
0.00305265
0.00287571
0.00317707
0.00336185
0.00308269
0.00315282
0.00305203
0.00323098
0.00319299
0.003044
0.00311278
0.00293941
0.00318038
0.00292679
0.00281662
0.00294172
0.00279971
0.00307187
0.00296475
0.00309433
0.00283979
0.00283075
0.00305075
0.00310252
0.00319051
0.00324717
0.00299278
0.00266939
0.00278781
0.00310997
0.00276856
0.00308416
0.00302718
0.0028018
0.00308296
0.00305861
0.00306237
0.00282792
0.00296148
0.00267739
0.00310925
0.00266229
0.00291815
0.00323527
0.00296954
0.00300279
0.00323402
0.00300438
0.00295617
0.00305656
0.00277958
0.00290979
0.00312824
0.00307995
0.00273411
0.0027298
0.00309748
0.00283059
0.00281196
0.00276287
0.00284416
0.00311573
0.00278775
0.00291555
0.00306955
0.00303538
0.00286516
0.00268273
0.00267199
0.0029775
0.00294009
0.0029509
0.00283015
0.00288315
0.00280106
0.00309749
0.00286474
0.00311693
0.0029244
0.00296963
0.00281026
0.00313822
0.00277315
0.00283122
0.0027123
0.00293311
0.00305374
0.00301691
0.00292647
0.00287189
0.00269264
0.00271906
0.00298426
0.003084
0.00294612
0.00292105
0.00302842
0.00274605
0.00275335
0.00271874
0.0025574
0.00277522
0.00265093
0.0026521
0.00302262
0.00274989
0.00284422
0.0028157
0.00267649
0.00283609
0.00268204
0.00264226
0.00270879
0.00281832
0.00297405
0.00281296
0.00275675
0.00276652
0.00304356
0.0027468
0.00275107
0.00298857
0.00289751
0.00270148
0.00293303
0.00280401
0.00275557
0.00258648
0.00281649
0.00263035
0.00276924
0.00268401
0.00261456
0.00301426
0.00281593
0.00260775
0.00280388
0.00291345
0.00282849
0.0026721
0.00279077
0.00294106
0.00275498
0.00273308
0.00269729
0.0028102
0.00285738
0.00246644
0.00256689
0.00259279
0.00272502
0.00270854
0.00278152
0.00280743
0.00277321
0.00253584
0.00267993
0.00289524
0.00314726
0.00263281
0.00284356
0.00280813
0.00269251
0.00262306
0.00285351
0.00263015
0.00261233
0.00273975
0.00286276
0.00276701
0.00263668
0.00271461
0.00267222
0.00251845
0.00256325
0.00271384
0.00300201
0.00267271
0.00270176
0.00289789
0.00262543
0.00282571
0.00264908
0.00258639
0.00287497
0.00263303
0.00246356
0.00252215
0.00277327
0.00229209
0.00250603
0.00272881
0.00260371
0.00248962
0.00279098
0.00234902
0.00262476
0.00270504
0.00255625
0.0029666
0.00267218
0.00254729
0.00238693
0.00278756
0.00256948
0.00268141
0.00262877
0.00262085
0.00261866
0.00250834
0.00282126
0.00274878
0.00260485
0.00252065
0.00250213
0.00292097
0.00284184
0.00255255
0.00240158
0.00256135
0.00286646
0.002541
0.00258685
0.00246357
0.00267407
0.00234237
0.00244738
0.00268705
0.00247779
0.00266067
0.00271801
0.00295547
0.00257544
0.00285667
0.00266364
0.00253191
0.00286884
0.00271407
0.00258656
0.00271786
0.00259052
0.00264897
0.00246664
0.0025352
0.0028206
0.00278091
0.00259031
0.00263145
0.00253933
0.00255405
0.00267498
0.00260493
0.00248164
0.00277046
0.00260171
0.00248529
0.00266702
0.00248971
0.00243464
0.00261872
0.00242638
0.00255959
0.00295851
0.00284004
0.00298825
0.00244412
0.00265777
0.00257016
0.00259242
0.00270898
0.00282485
0.00253485
0.0028039
0.00254906
0.0027357
0.00246262
0.00270265
0.0009943
