0.8
0.00280723
0.00306177
0.00265411
0.00281839
0.00312837
0.00298465
0.00296168
0.00292884
0.00298382
0.00291063
0.00280301
0.002808
0.00305729
0.00265198
0.00276694
0.00294972
0.0030727
0.00274689
0.00269934
0.00275449
0.00275433
0.00288053
0.00286831
0.0027773
0.0027988
0.00282847
0.00277128
0.00291306
0.00279542
0.00304528
0.00280934
0.0027483
0.00270871
0.00281875
0.00267348
0.00296828
0.00305338
0.00291722
0.00292119
0.0026705
0.00269289
0.00294186
0.00292279
0.00280603
0.0025232
0.00283536
0.00263531
0.00267887
0.00282049
0.00267884
0.00267611
0.00269433
0.00267304
0.00250282
0.00267422
0.00276366
0.00273704
0.00261718
0.00264224
0.00264218
0.00289036
0.00268048
0.00280972
0.00277209
0.00273849
0.00270889
0.00277757
0.00279271
0.00267673
0.00277822
0.00270722
0.00279367
0.00261846
0.00275584
0.00291316
0.0024023
0.00289805
0.00281605
0.00275655
0.00272127
0.00271458
0.00286348
0.00281218
0.00251995
0.00253697
0.00288268
0.0027008
0.00264387
0.00256957
0.00262086
0.00262774
0.00281507
0.00272254
0.0025361
0.00282115
0.00275042
0.00251346
0.00249624
0.0027265
0.00265269
0.00265249
0.00253892
0.00261528
0.00258968
0.00264385
0.00282029
0.00272552
0.00272808
0.00258676
0.00258383
0.00256389
0.00271171
0.00253505
0.00261936
0.00258558
0.00264242
0.00255207
0.0025131
0.0027571
0.00275527
0.00232015
0.00260301
0.00255909
0.00263716
0.00265976
0.00271459
0.00254662
0.00270991
0.00251723
0.00236291
0.00256333
0.00294758
0.00245492
0.00256027
0.00262547
0.00264172
0.00253339
0.00246131
0.00265855
0.00243159
0.00245623
0.00249018
0.00245474
0.00251426
0.00281259
0.00251808
0.00257519
0.00242016
0.00249889
0.00264689
0.00247981
0.00257533
0.00258129
0.00247943
0.00238393
0.00263337
0.00245699
0.00272753
0.00245736
0.00265193
0.0025116
0.00248778
0.00239616
0.00244459
0.00231059
0.00250413
0.0023707
0.0025656
0.00260753
0.00237795
0.00267295
0.00250692
0.00234765
0.00255958
0.0026201
0.0023779
0.00264471
0.00246093
0.00258038
0.00258787
0.00255287
0.00243352
0.00250807
0.0023509
0.00244554
0.00243112
0.00252992
0.00258857
0.00262854
0.00256501
0.00251627
0.00231099
0.002462
0.00252566
0.00235768
0.00247612
0.00236611
0.00271403
0.00253708
0.002472
0.00239965
0.00227049
0.00247254
0.002413
0.00268462
0.00244486
0.00242266
0.00248888
0.00243358
0.00240846
0.00240211
0.00250343
0.00231102
0.00252296
0.00231272
0.00246851
0.00254378
0.00248997
0.00250177
0.00232178
0.00218856
0.00222868
0.00231826
0.00225936
0.00240716
0.00223227
0.00231496
0.00229272
0.00248366
0.00234561
0.00228518
0.00249714
0.00244748
0.00231569
0.00248273
0.00255575
0.002459
0.00239533
0.00224275
0.00247493
0.00252086
0.00226308
0.00259477
0.00242334
0.00228898
0.00249835
0.00239116
0.00226489
0.00237827
0.00224419
0.00243354
0.00231489
0.0024572
0.00224551
0.00248373
0.00236542
0.00237347
0.00247418
0.00266164
0.00217392
0.00225202
0.0021075
0.00232411
0.00250573
0.00232509
0.00237878
0.00247337
0.00233483
0.00250358
0.0024991
0.00250654
0.00237635
0.00237209
0.00234076
0.00212152
0.00239362
0.00242214
0.0023918
0.00223657
0.00226342
0.00233314
0.00248235
0.00233449
0.00234194
0.00237229
0.00233625
0.00238689
0.00250042
0.00250161
0.0021625
0.00223864
0.0025301
0.00237678
0.00250321
0.00245689
0.00252177
0.00265896
0.00221647
0.00229643
0.00228554
0.00259113
0.00227458
0.00236356
0.00213465
0.00222158
0.00216806
0.00233528
0.0023976
0.00220278
0.00232142
0.00228734
0.00242184
0.00231872
0.00230102
0.00224232
0.00220122
0.00224453
0.00236703
0.00232511
0.00222977
0.00208
0.00240137
0.00208545
0.00236112
0.00239865
0.00236904
0.00236243
0.00229191
0.00237202
0.00246905
0.00241124
0.00215457
0.00240434
0.00227084
0.0023545
0.00244651
0.00235788
0.00219203
0.0022773
0.00227177
0.00219396
0.00233652
0.00209007
0.00232315
0.00215783
0.00226454
0.0022402
0.00215085
0.00210285
0.00256506
0.00226812
0.00249113
0.00253447
0.00239127
0.0024553
0.00225992
0.00231309
0.00226945
0.00222409
0.00238097
0.0023845
0.00225374
0.00220914
0.00210993
0.00214616
0.00248063
0.00230918
0.00229502
0.00222422
0.00240226
0.00220478
0.00212688
0.00243243
0.00230693
0.00230847
0.00219823
0.00220832
0.00237721
0.00244441
0.00229292
0.0024324
0.00223703
0.00213159
0.00238009
0.00244794
0.00218061
0.00230514
0.00219014
0.00235758
0.00226767
0.00235116
0.00234692
0.00252537
0.00231815
0.00246648
0.00231591
0.00240794
0.00241196
0.00246954
0.000870169
