0.8
0.00823966
0.00849194
0.008024
0.00839078
0.0072156
0.00800762
0.0080016
0.00947484
0.00713125
0.00675651
0.00864137
0.00666108
0.00816917
0.00718931
0.00874139
0.00813449
0.00827973
0.00805351
0.00795168
0.00766601
0.00803887
0.00799745
0.00825514
0.00769713
0.00814414
0.00777496
0.00677897
0.006914
0.00844145
0.00903145
0.00858731
0.00754457
0.00740641
0.00713927
0.00756901
0.0077136
0.00894835
0.0085269
0.00748006
0.00767468
0.00715678
0.00834973
0.00729109
0.00656003
0.00694559
0.00704707
0.00692104
0.00704203
0.00681057
0.00692972
0.00716632
0.007257
0.00714788
0.00688857
0.00752939
0.00697738
0.00768329
0.00726709
0.00629288
0.00788069
0.0078502
0.00661759
0.00593875
0.00765812
0.00635621
0.00748048
0.00718081
0.00777929
0.0073217
0.00709549
0.00697671
0.00630977
0.00791211
0.00745807
0.00718449
0.00758526
0.00685385
0.00802194
0.00732456
0.00735811
0.00723526
0.00707331
0.00703334
0.00663942
0.00660041
0.00676273
0.00639254
0.00679934
0.00687535
0.00730434
0.00541727
0.00662613
0.0077393
0.00621283
0.00691987
0.00639038
0.00634637
0.00647952
0.00652893
0.00735105
0.0070094
0.00683389
0.00548626
0.0066764
0.00701395
0.00624952
0.0067997
0.00564878
0.00704982
0.00760832
0.00624465
0.00723576
0.00671715
0.00663187
0.00650703
0.0074554
0.0060406
0.00569843
0.00669243
0.00680139
0.00644434
0.00662543
0.00714556
0.00597442
0.00679307
0.00712931
0.00639381
0.00641922
0.00589994
0.00640022
0.00627437
0.00595751
0.0065953
0.00682388
0.00740129
0.00743996
0.00588224
0.00675045
0.00773825
0.00249006
