0.8
0.0053201
0.00509775
0.00513815
0.00534102
0.00477352
0.00507726
0.00509817
0.00463949
0.00490148
0.00509843
0.00477614
0.00518634
0.00553151
0.00531466
0.00542782
0.004371
0.00502808
0.00460001
0.00437833
0.0046402
0.0052937
0.0049308
0.00480129
0.00474412
0.00480322
0.00507068
0.00442963
0.00502053
0.00488962
0.00423638
0.00471859
0.00460528
0.00492193
0.00440771
0.00473609
0.00448883
0.00471563
0.00458847
0.00457489
0.00434161
0.00478096
0.00473199
0.00497382
0.00462111
0.00466977
0.00491142
0.00464473
0.00483614
0.00490185
0.00426382
0.00467379
0.00461204
0.00443834
0.00513102
0.0043845
0.00434863
0.0043173
0.00494896
0.00458365
0.00417162
0.00478694
0.00514423
0.00431628
0.00413756
0.00449194
0.00470595
0.00414281
0.00481001
0.00449728
0.00443511
0.00479935
0.00469928
0.00533077
0.0044053
0.00394092
0.00436019
0.00375412
0.00441128
0.00450049
0.00462459
0.00461591
0.004232
0.00469761
0.0044357
0.0043427
0.00487486
0.00480206
0.0043599
0.0045117
0.00431457
0.00436259
0.00403204
0.00449707
0.00415023
0.00432163
0.00489082
0.00435084
0.00492194
0.00430197
0.0041606
0.00497562
0.0043656
0.00436489
0.00398217
0.0041327
0.00476132
0.00393663
0.00462627
0.00444042
0.00404919
0.00403245
0.00382987
0.00388709
0.00413147
0.00421947
0.0040232
0.00406578
0.00505119
0.00412186
0.00452147
0.00433657
0.0042617
0.00430838
0.00446891
0.00443579
0.00468321
0.00405709
0.00402442
0.00406779
0.00412368
0.00440615
0.00436639
0.00410246
0.00377912
0.00450189
0.00440514
0.00424893
0.00415224
0.00427147
0.00413615
0.00411782
0.00417832
0.00422629
0.00423644
0.00394407
0.00425004
0.00420717
0.00422989
0.00430806
0.00455786
0.00405513
0.0044865
0.00423798
0.00402564
0.00443775
0.004608
0.00412831
0.00388541
0.00470261
0.00463294
0.00389089
0.00386964
0.00361945
0.00410471
0.00381601
0.00422357
0.00428084
0.00393867
0.00403675
0.004175
0.00413008
0.00424977
0.00398722
0.00367363
0.0041809
0.00468216
0.00356991
0.00379108
0.00415699
0.00403628
0.00411302
0.00387373
0.00417628
0.00408971
0.00455929
0.00442771
0.00412503
0.00375412
0.00403241
0.00374738
0.0042198
0.00371949
0.00412366
0.0039553
0.00430929
0.00446947
0.00392719
0.00412519
0.00384713
0.00382019
0.00370706
0.00419834
0.00376174
0.00369398
0.00373512
0.0042296
0.00403795
0.00392385
0.00414492
0.00395646
0.00426329
0.00398844
0.00400908
0.00347162
0.00395961
0.00380078
0.00383994
0.00436724
0.00371301
0.00391214
0.00391362
0.00352981
0.00340508
0.003958
0.00425372
0.00410742
0.00424762
0.00346086
0.00448219
0.00151124
