0.8
0.00785688
0.00748131
0.00763394
0.00745023
0.00797894
0.00850343
0.0071366
0.00715863
0.00726539
0.00739258
0.00841258
0.00739368
0.00742234
0.00674968
0.0075475
0.00715528
0.00756603
0.00709926
0.00713811
0.00725973
0.00685058
0.00749297
0.00786899
0.00784476
0.00738777
0.00791356
0.00681187
0.00761505
0.00699048
0.00745903
0.0070451
0.00616341
0.00696438
0.00775767
0.0071571
0.00685603
0.00642895
0.00602682
0.00665108
0.00774712
0.00665577
0.00666018
0.00697209
0.00707908
0.00712558
0.00698084
0.00707575
0.00726649
0.00739307
0.00679147
0.00576559
0.00698549
0.00625837
0.00751175
0.0070867
0.00751252
0.00738549
0.0063076
0.00672863
0.00658845
0.00704507
0.00778677
0.00642499
0.00693411
0.00550191
0.00715548
0.0067032
0.00677285
0.00675083
0.00518806
0.00629576
0.00750353
0.00690012
0.00643548
0.00606507
0.0066034
0.0068043
0.00680576
0.00692674
0.00671017
0.00657914
0.00670547
0.00635684
0.00605542
0.00650914
0.00642692
0.00641276
0.00590969
0.00654114
0.00641278
0.00633958
0.00630462
0.00569541
0.00614937
0.00622039
0.00666278
0.00668057
0.00556894
0.00701084
0.00662088
0.00633068
0.00668801
0.00586402
0.00643347
0.00654264
0.00673217
0.00663656
0.0054012
0.00607711
0.00654799
0.00566498
0.0060628
0.00637633
0.00530418
0.00667639
0.00676242
0.00595318
0.0060514
0.00664065
0.00577511
0.00623938
0.00500571
0.00643139
0.00739339
0.00604975
0.00507014
0.00719969
0.00579624
0.00606972
0.00671978
0.00587575
0.00602462
0.0067287
0.00672183
0.00618073
0.00604336
0.00678068
0.00671128
0.00655112
0.00640996
0.00612976
0.00582031
0.00690625
0.00691979
0.00679141
0.00648103
0.00562294
0.00533704
0.00590604
0.00231894
