0.8
0.00871001
0.0111261
0.00900267
0.00983817
0.00866652
0.00899319
0.0106094
0.00895569
0.00930043
0.00814124
0.00972249
0.0078985
0.00832686
0.00943317
0.00905013
0.00753788
0.00925061
0.00937485
0.00871914
0.00961395
0.00919507
0.00898378
0.00851858
0.00875987
0.0094879
0.00799235
0.00883063
0.00813787
0.00818648
0.0087602
0.0087146
0.00997574
0.00856659
0.009542
0.00893918
0.00859717
0.00972402
0.010952
0.00902454
0.00920244
0.00819897
0.00778109
0.00790634
0.00791268
0.00913134
0.00932825
0.0074517
0.0095671
0.00766027
0.00886814
0.00715943
0.0082279
0.00818855
0.00732418
0.00756409
0.00834189
0.00869463
0.00851327
0.00947569
0.00923851
0.00817207
0.00830316
0.00880452
0.00775279
0.00700682
0.00772036
0.00841219
0.00795307
0.00899248
0.0080297
0.00746842
0.00785729
0.00694417
0.00836546
0.00862964
0.00901964
0.00902738
0.00883072
0.00770606
0.00761838
0.00673129
0.00914038
0.00704965
0.00727794
0.00828008
0.00784645
0.00807539
0.00878892
0.00781971
0.00688097
0.00658626
0.007871
0.00735423
0.00793139
0.00900146
0.0074831
0.00841778
0.00833679
0.00738647
0.00780329
0.00703736
0.00860726
0.00705985
0.00964793
0.00701732
0.00819876
0.00884855
0.00843564
0.00767023
0.00737185
0.00735776
0.00827483
0.00759805
0.00731412
0.00714707
0.00802037
0.00904817
0.00773926
0.00714055
0.00289226
