0.8
0.0028382
0.00292973
0.00276044
0.00273813
0.00271155
0.00262638
0.00271846
0.00267165
0.00287932
0.00255087
0.00294024
0.00283691
0.00259727
0.00267564
0.00277206
0.00275145
0.00269361
0.00274376
0.00271042
0.00281962
0.00282654
0.00275838
0.0027767
0.00280867
0.00298905
0.002791
0.00269156
0.00296042
0.00279568
0.00263313
0.00263693
0.00276985
0.00277896
0.00279147
0.00261792
0.00274363
0.00265056
0.00267909
0.00262867
0.00264761
0.00250656
0.00285395
0.00278691
0.00261059
0.00288048
0.00265059
0.00265839
0.0027051
0.00284118
0.00267132
0.00263118
0.00276056
0.00275177
0.0026935
0.00280839
0.00271341
0.00264229
0.00255492
0.00244561
0.0025565
0.00265789
0.00260508
0.00265355
0.00246742
0.00265031
0.00278528
0.00275126
0.00264738
0.00272446
0.00259466
0.00259807
0.00252831
0.00265483
0.00263774
0.00276731
0.00251979
0.00269651
0.00249157
0.00262034
0.00257796
0.00253733
0.00272628
0.00259991
0.00244629
0.00249826
0.00269834
0.00281418
0.00251174
0.00262919
0.00259182
0.00256179
0.00257624
0.00266961
0.00263284
0.00264446
0.00232593
0.00260741
0.00256921
0.00257584
0.00267337
0.00265335
0.00263567
0.00242584
0.00253978
0.002605
0.00263272
0.00263911
0.00250775
0.00254404
0.00284945
0.0025999
0.0024925
0.00258121
0.00265271
0.00249196
0.00260184
0.0025477
0.00275629
0.00251689
0.00251556
0.00263935
0.00252922
0.0026071
0.00238909
0.00255471
0.00249209
0.00256775
0.00248658
0.00237325
0.00247707
0.00243405
0.00258316
0.00255121
0.0025524
0.0027332
0.00254684
0.00248173
0.00239159
0.00268013
0.00264401
0.00269937
0.00248414
0.00247327
0.0027078
0.00253258
0.0025575
0.00258678
0.00257456
0.00249528
0.00267039
0.00244364
0.00243763
0.00254331
0.00259234
0.00253679
0.00260218
0.00263122
0.00240779
0.00232599
0.00233217
0.00252002
0.0022975
0.00242484
0.00262939
0.00251778
0.00248885
0.00243958
0.00253214
0.00237951
0.00231467
0.00246184
0.00246566
0.00261657
0.00257558
0.0024454
0.0024531
0.00253774
0.00250137
0.00235994
0.0024258
0.00239629
0.00224926
0.00247147
0.00242737
0.00227146
0.00234391
0.00248049
0.00235252
0.00252259
0.0023576
0.00251656
0.00248652
0.00229733
0.00238172
0.00246119
0.00247509
0.00210861
0.00245267
0.00235049
0.0026855
0.00243575
0.00267453
0.00240576
0.00236117
0.00233205
0.00242472
0.00216816
0.002317
0.00231879
0.00222375
0.00245793
0.00240906
0.0024748
0.00243245
0.00255072
0.00253203
0.00240082
0.00241791
0.00228105
0.00247233
0.00230277
0.00226236
0.00241723
0.00238424
0.00235811
0.00233249
0.00239991
0.00258961
0.00255528
0.00237355
0.00263019
0.0025862
0.00226318
0.00267388
0.00235002
0.00233577
0.00241953
0.00238412
0.00234715
0.00243332
0.00238685
0.0025151
0.00250092
0.00243536
0.0023594
0.00233306
0.00222237
0.00234548
0.00225051
0.00234478
0.00238081
0.00240227
0.00243432
0.00234599
0.00241856
0.00231126
0.00243953
0.00246889
0.00223868
0.00216238
0.00250667
0.00231833
0.00230667
0.00223517
0.00239861
0.00242188
0.00224544
0.00227075
0.00255423
0.00234945
0.00262367
0.00222312
0.00235413
0.0020912
0.00254837
0.0022068
0.00239909
0.00230346
0.00213939
0.00228274
0.00224366
0.00227478
0.00228341
0.00231931
0.00230792
0.00217433
0.00222074
0.00228447
0.00223576
0.00203222
0.00232714
0.00215432
0.00224243
0.00222768
0.00216585
0.00231202
0.00217617
0.00225325
0.00218372
0.00211951
0.00240187
0.00238812
0.00209036
0.00238817
0.00224411
0.00238043
0.00243723
0.00233251
0.002244
0.00214125
0.00231223
0.00217621
0.00234534
0.00240824
0.00221226
0.00228774
0.00202368
0.00239625
0.00229683
0.00225521
0.00230928
0.00226812
0.00231298
0.0022184
0.00222953
0.00223052
0.00225005
0.00220888
0.00218187
0.00223404
0.00241704
0.00216715
0.00225555
0.00229139
0.00218229
0.00241423
0.00229761
0.00222153
0.00228621
0.00220818
0.00233594
0.0023728
0.00235919
0.00220731
0.0024379
0.00235541
0.00219379
0.00218375
0.00228985
0.00218619
0.00238426
0.0022401
0.0022022
0.00212289
0.00236931
0.00211405
0.00230021
0.00224348
0.00215065
0.00241268
0.00218552
0.00226613
0.00237889
0.00206734
0.00222254
0.0021303
0.00239958
0.00232272
0.00233352
0.00232051
0.00226415
0.00223288
0.00203707
0.00216251
0.0021725
0.00224059
0.00210147
0.00225842
0.00221029
0.0022555
0.00214659
0.00234262
0.00205584
0.00217154
0.00213604
0.00223644
0.00229043
0.00220173
0.00214476
0.00231686
0.00223266
0.00217679
0.0022633
0.00218391
0.00206707
0.00208493
0.00237156
0.00205455
0.0023704
0.00224348
0.00223125
0.00232894
0.00229998
0.00226338
0.00237091
0.00221398
0.00220984
0.00196686
0.00229927
0.00084976
