0.8
0.00450552
0.00483123
0.00474752
0.00474556
0.00472994
0.00437787
0.005086
0.00441596
0.00512148
0.00527615
0.00443306
0.00464363
0.00442865
0.00498407
0.00502008
0.00437987
0.00498613
0.00507486
0.00480821
0.00498275
0.00484356
0.00490297
0.00424314
0.004674
0.00437355
0.00520925
0.00468046
0.0042345
0.00406075
0.00476317
0.00472359
0.00518979
0.0042063
0.00418195
0.00413411
0.00436136
0.00443505
0.00405722
0.00441368
0.00466839
0.00436471
0.004575
0.00491356
0.00476843
0.00446992
0.00483455
0.0047518
0.00404653
0.00481787
0.00485223
0.0044265
0.00457935
0.00438561
0.0043243
0.00408209
0.00434931
0.00462475
0.00456049
0.00447095
0.00411823
0.00478888
0.00497731
0.00438524
0.00435665
0.00459758
0.00432668
0.00457791
0.00410639
0.00437962
0.00442935
0.0042982
0.00469797
0.00416642
0.00395484
0.00437817
0.00455377
0.0041181
0.00400654
0.00468323
0.00411996
0.00424235
0.0039458
0.00417482
0.00412976
0.00458725
0.00433725
0.00426748
0.00458353
0.00442203
0.00390106
0.00459105
0.00422639
0.00435662
0.00426558
0.00407291
0.00406416
0.00423675
0.00378373
0.00418694
0.00457718
0.00448274
0.00417552
0.00414562
0.0043468
0.0042701
0.00434585
0.00410759
0.00394896
0.00453939
0.00429176
0.00420307
0.00415768
0.00463647
0.00419145
0.00411255
0.00391629
0.00430231
0.00425675
0.0041671
0.00412065
0.00395384
0.00378394
0.00417485
0.00395098
0.00414321
0.00446394
0.00412442
0.0039028
0.003813
0.00410843
0.0041282
0.0042598
0.00396984
0.00382086
0.00387405
0.0038643
0.00424478
0.00405608
0.0037046
0.00385388
0.00410302
0.0044298
0.00381909
0.00374204
0.00412204
0.00402519
0.0037762
0.00467925
0.00426285
0.00437993
0.00376664
0.00450988
0.00405191
0.00413992
0.00397072
0.00386443
0.00424637
0.00391996
0.00415025
0.00449712
0.00399648
0.00406119
0.00387767
0.0037236
0.00409031
0.004085
0.00360159
0.00408319
0.00334947
0.00390096
0.00430672
0.00414349
0.00419734
0.00414639
0.00378294
0.00398755
0.00338703
0.00361847
0.0037155
0.00384588
0.00412677
0.00402303
0.00405836
0.0041932
0.00363488
0.00389924
0.00369532
0.00371682
0.00417425
0.00374264
0.00337499
0.00392615
0.00427468
0.00378545
0.00379052
0.00383616
0.00372636
0.00387811
0.00391438
0.00337773
0.00361346
0.00406418
0.0038932
0.00356256
0.00346562
0.00422025
0.00404656
0.00375229
0.00402147
0.00431685
0.0038676
0.00384169
0.00338179
0.00383053
0.00382095
0.00382952
0.00368337
0.00403947
0.00384188
0.00396402
0.00384216
0.00348228
0.00387669
0.00349553
0.00348549
0.00376031
0.00397751
0.00406586
0.00378563
0.00358382
0.00392223
0.00364718
0.00384671
0.00359791
0.00320601
0.00363238
0.00375992
0.00330827
0.00368751
0.0014515
