0.8
0.00359638
0.00399734
0.00372697
0.00380098
0.00366767
0.00349112
0.00400432
0.00346569
0.00366291
0.00344606
0.0035676
0.00363147
0.00380778
0.00370659
0.00393885
0.00364938
0.00404174
0.00351033
0.00379112
0.00364735
0.00382486
0.0037275
0.00336769
0.00359456
0.00311963
0.00378799
0.00355711
0.00369456
0.0036492
0.00365884
0.00341877
0.00380138
0.00366206
0.00326557
0.00342166
0.00364396
0.0035444
0.00346056
0.00344924
0.00339879
0.00371706
0.00364146
0.00351951
0.00339534
0.00368464
0.00354762
0.00348114
0.00337897
0.00365161
0.00342398
0.00328181
0.00343372
0.00356465
0.00360461
0.00317338
0.00371788
0.00345218
0.00354881
0.0036819
0.00341758
0.00326113
0.00351577
0.00347633
0.00340799
0.00323117
0.00316113
0.00324813
0.00352349
0.00359347
0.00345764
0.00355818
0.00352579
0.00343426
0.00354061
0.00343476
0.00328831
0.00374608
0.00326258
0.00371734
0.00329022
0.00368344
0.00337941
0.00339821
0.00353068
0.00323893
0.00358718
0.00298371
0.00344544
0.00305525
0.00328383
0.00335081
0.00334957
0.0034144
0.00337808
0.00339593
0.00314934
0.00324952
0.00344229
0.00310548
0.00294764
0.00358899
0.00323812
0.00348498
0.0038457
0.00383852
0.00362616
0.00302315
0.00326508
0.0032797
0.00356843
0.00340688
0.00321328
0.00302032
0.00328642
0.00315902
0.00325881
0.00309345
0.00301876
0.00358433
0.00324322
0.00337143
0.00301842
0.00313998
0.00298475
0.0031059
0.00361454
0.00336022
0.00361886
0.00307719
0.00327218
0.00329648
0.00308866
0.00328202
0.00329242
0.0032332
0.00314395
0.00308698
0.00304734
0.0031793
0.00295667
0.00342713
0.00299221
0.0031219
0.00341752
0.00308342
0.00303944
0.00299634
0.00334771
0.00287539
0.00311244
0.00299488
0.00303774
0.00343372
0.00335587
0.00283531
0.00300784
0.00335006
0.00304594
0.00350043
0.00303475
0.00340034
0.00337939
0.00322172
0.0029893
0.00335272
0.00298372
0.00327199
0.00300858
0.00323177
0.00350147
0.00343447
0.00313434
0.00305494
0.00316222
0.00314008
0.00312396
0.00312304
0.00330057
0.0030908
0.00324494
0.00303648
0.00318498
0.00336794
0.00332168
0.00322114
0.003035
0.00339314
0.00304862
0.0032959
0.00305696
0.003172
0.00319739
0.00332221
0.00304016
0.00325619
0.00273947
0.00315282
0.00313397
0.00310262
0.00304817
0.00293527
0.00339191
0.00320108
0.00310197
0.00316974
0.00297109
0.00308324
0.00296835
0.00296979
0.00287603
0.00274582
0.00278167
0.00284635
0.0030438
0.00326128
0.00303729
0.00285488
0.00281819
0.00305528
0.00285377
0.00306044
0.00285067
0.00314714
0.00324062
0.00295857
0.00292918
0.00294869
0.00283965
0.00319244
0.0028006
0.00320892
0.00277928
0.00285479
0.0028344
0.00310686
0.003172
0.00309612
0.00308313
0.00292293
0.00295704
0.00290095
0.00297845
0.00302772
0.00289241
0.00288863
0.00279891
0.00293205
0.0030594
0.00330628
0.00304451
0.00310431
0.00264658
0.00325118
0.0028972
0.00306323
0.00291889
0.00305996
0.00302266
0.00290595
0.00305848
0.00318045
0.00276615
0.00290085
0.00290115
0.00318428
0.00325147
0.00299914
0.00327109
0.0032568
0.00292457
0.00277246
0.0029797
0.00290037
0.00294514
0.00277537
0.00315708
0.0029054
0.00286611
0.00309927
0.0029866
0.0030823
0.00314211
0.00284469
0.00260475
0.00305834
0.00275501
0.00319053
0.00295748
0.00287045
0.00272042
0.00314554
0.00297441
0.00316446
0.00293492
0.00286872
0.00316409
0.00303645
0.00323072
0.00301619
0.0030384
0.00325856
0.00273166
0.00298653
0.00303032
0.00294868
0.0030572
0.00305731
0.00312828
0.00308596
0.0011217
