0.8
0.016191
0.015994
0.0189919
0.0186865
0.0159884
0.0216802
0.0180943
0.0169107
0.0144299
0.0150903
0.0173016
0.0165736
0.0160298
0.014749
0.019091
0.0160659
0.0193833
0.0160188
0.0195536
0.0173911
0.013645
0.0171833
0.0181334
0.0141306
0.0185631
0.0170427
0.0156986
0.0186509
0.0155501
0.0200071
0.0140843
0.0126018
0.0136342
0.0185135
0.0165549
0.0171926
0.014925
0.0170954
0.018217
0.0183262
0.0193739
0.0157733
0.0157838
0.01758
0.0177396
0.0174794
0.0166223
0.0195029
0.0173918
0.0200524
0.0144718
0.0192856
0.0155336
0.0134359
0.0131276
0.0157213
0.0180091
0.0151762
0.0203997
0.00357504
