0.8
0.00429003
0.00468585
0.00447392
0.00417944
0.00439711
0.00415751
0.00392549
0.00404084
0.00399357
0.00374343
0.00394429
0.00365753
0.004336
0.00418805
0.0038735
0.00399793
0.00402328
0.00395066
0.0035666
0.00425082
0.00393806
0.00368058
0.00393095
0.00369553
0.00392349
0.00361349
0.00390013
0.00400026
0.00400334
0.00369339
0.00420216
0.00413829
0.00428522
0.00383977
0.00351515
0.00400077
0.00375213
0.00398069
0.00415485
0.00376104
0.00395501
0.00380359
0.00400529
0.00413306
0.00381411
0.00408308
0.00395665
0.00385269
0.00362845
0.00375982
0.00381376
0.00380678
0.0035784
0.00403326
0.0038051
0.00390864
0.00396708
0.00394679
0.00411835
0.00416073
0.00389947
0.00368857
0.00389372
0.00411233
0.00386951
0.00366759
0.00388025
0.00347355
0.00399545
0.00326224
0.0036297
0.00399717
0.00404435
0.00400851
0.00392585
0.00374763
0.00366999
0.00408836
0.00408173
0.00349821
0.00350069
0.00352544
0.00367145
0.00381989
0.00355713
0.00373214
0.00371645
0.00412767
0.00336112
0.00360271
0.00372752
0.00382905
0.00399744
0.00365772
0.00355448
0.00389998
0.00364181
0.00372604
0.00358233
0.00380158
0.00352351
0.00360894
0.00368999
0.00341523
0.00368196
0.00370061
0.00389455
0.00357037
0.00365714
0.00362302
0.00388743
0.00380394
0.0034361
0.00327107
0.0034588
0.00381716
0.0038505
0.00324782
0.00299967
0.00392531
0.00353281
0.00334076
0.00360843
0.00339146
0.00327496
0.00364038
0.00373821
0.00358406
0.00348795
0.0033039
0.00360415
0.00336241
0.00346097
0.00359517
0.00326819
0.0039551
0.00340686
0.00354719
0.00348025
0.00355949
0.00306972
0.00343439
0.00326345
0.00346008
0.00324459
0.00377626
0.00348762
0.00358697
0.00355836
0.00333531
0.00346944
0.00394682
0.00324038
0.00353774
0.00325414
0.00344887
0.00323863
0.00326471
0.00344848
0.00368848
0.00379163
0.00369903
0.00345636
0.00316986
0.00321188
0.00350745
0.00370289
0.00323061
0.00356204
0.00362275
0.00347849
0.00342851
0.00346323
0.00342272
0.00307405
0.00344893
0.00333714
0.00332303
0.00348523
0.00333635
0.00331798
0.00316645
0.0028638
0.00324932
0.00328426
0.00306923
0.00369944
0.00362571
0.00359299
0.0034621
0.00336554
0.00346777
0.00370277
0.00355774
0.00364598
0.00351451
0.00374587
0.00334278
0.00330816
0.00341458
0.00319589
0.00337315
0.00327804
0.0034346
0.00338779
0.00305644
0.00342682
0.00344347
0.00334379
0.00384504
0.00336587
0.00336183
0.00312856
0.00350188
0.00318942
0.00352893
0.00315439
0.00359465
0.00333848
0.00303321
0.00303503
0.00324413
0.00365432
0.00345092
0.00339531
0.00326216
0.00374623
0.00328605
0.00317105
0.00326969
0.00327244
0.00353698
0.00327314
0.00345972
0.00325651
0.0032392
0.00311861
0.00335303
0.00311767
0.0030204
0.00325604
0.00323029
0.00330449
0.00367963
0.00343396
0.00355531
0.00334869
0.00321625
0.00335945
0.00312629
0.00359003
0.00317605
0.0033174
0.00334229
0.00340947
0.0031937
0.00311942
0.00276145
0.00330811
0.00336833
0.00330004
0.00366921
0.00352228
0.00310548
0.0032738
0.00332928
0.00327416
0.00336491
0.00361068
0.00319945
0.00319601
0.00336371
0.00317359
0.00329224
0.00336717
0.00292724
0.00320516
0.00340118
0.00354888
0.001242
