0.8
0.00332205
0.00374226
0.00342926
0.00342708
0.00312812
0.00336165
0.00339294
0.00333658
0.00341771
0.00330246
0.00345846
0.00297664
0.00331316
0.00329419
0.00319213
0.00357143
0.00306009
0.00330305
0.00304809
0.0034099
0.00297583
0.00338572
0.00346402
0.0035366
0.00347194
0.00344227
0.00310194
0.00331783
0.00310864
0.00347307
0.00320754
0.00338602
0.00317699
0.00307896
0.00344806
0.00299401
0.00310422
0.00300674
0.00338328
0.0033149
0.00315182
0.00335819
0.00336576
0.00300628
0.00317534
0.00353487
0.00339324
0.00318775
0.00336391
0.0029331
0.00327625
0.00326675
0.00309874
0.0033298
0.00321018
0.00280799
0.00290268
0.00358212
0.00301197
0.00337893
0.0033837
0.00305503
0.00332222
0.00307181
0.00334144
0.00314625
0.00323682
0.0031949
0.00309302
0.00321782
0.00307056
0.00317442
0.00313954
0.00305768
0.00331595
0.00325304
0.00298793
0.0027975
0.00313987
0.00294404
0.00317791
0.00308481
0.00301332
0.00307238
0.0030936
0.00313734
0.00339485
0.00308147
0.0031555
0.00293635
0.00312152
0.00310675
0.00281487
0.00327311
0.0032404
0.00340707
0.00289489
0.00293312
0.00328274
0.00289882
0.00329966
0.00309317
0.00316533
0.00317021
0.00296771
0.00298642
0.00319521
0.00320044
0.00330504
0.00303734
0.00302762
0.00305443
0.00327014
0.00304365
0.00273846
0.0030764
0.00316925
0.0029932
0.00317579
0.0029032
0.00286108
0.00298069
0.00319804
0.00296629
0.00306662
0.00289185
0.0032623
0.00312832
0.00292504
0.00327666
0.00309878
0.00288302
0.0030417
0.00283689
0.00265819
0.00295742
0.00295624
0.0029627
0.00281836
0.00304653
0.00304847
0.00301055
0.00280052
0.00300856
0.00304294
0.0026962
0.00308959
0.00300154
0.00322496
0.00314591
0.00322865
0.00286278
0.00292304
0.00290176
0.00302009
0.00290038
0.00281251
0.00251138
0.00288146
0.00300716
0.00282274
0.00303853
0.00291922
0.00255549
0.00287655
0.00292906
0.0028254
0.00282467
0.00277273
0.0028829
0.00258931
0.00292318
0.00307564
0.00309915
0.00298252
0.00302684
0.00293628
0.00288218
0.00309005
0.00295739
0.00284293
0.00286489
0.00289456
0.003034
0.00300093
0.00285137
0.00269059
0.00277557
0.00286416
0.00292594
0.00301796
0.0027899
0.00268098
0.00275503
0.00307177
0.00271597
0.00274723
0.00295529
0.00279368
0.00296146
0.00276615
0.003087
0.00247502
0.00280783
0.00285202
0.00260691
0.00320781
0.0027572
0.0027641
0.00285772
0.00296301
0.00291842
0.00310053
0.00283125
0.0028096
0.00267656
0.00272699
0.00279073
0.00306123
0.00273664
0.00269719
0.00275913
0.00272217
0.00278482
0.00277939
0.00279155
0.0028321
0.00249474
0.00300499
0.00276717
0.00241185
0.00277375
0.00249096
0.00306582
0.00290325
0.00267423
0.0028761
0.00274166
0.00319702
0.00294632
0.00270778
0.00270274
0.00276123
0.00261436
0.00273243
0.00303586
0.00290225
0.00260181
0.00275626
0.0028021
0.00276746
0.00272455
0.00266513
0.00272278
0.00249074
0.00261504
0.0026721
0.00270676
0.00279998
0.00266133
0.00256834
0.00268685
0.00250352
0.00290879
0.00296637
0.00285735
0.00289105
0.00291111
0.00285829
0.00276001
0.00284117
0.0029918
0.00270153
0.00283043
0.00273671
0.0026094
0.00270263
0.00267977
0.00278873
0.00280021
0.00267717
0.00252759
0.00259977
0.0024751
0.00267032
0.00262671
0.00273731
0.00258011
0.00294155
0.00275224
0.00239168
0.0027633
0.00264065
0.00289175
0.00276843
0.00273683
0.00277456
0.00274516
0.00247114
0.00265527
0.00281355
0.00281839
0.00275264
0.00267553
0.00287405
0.0027449
0.0028109
0.0027894
0.00295677
0.00273498
0.00257976
0.00261807
0.00265712
0.00274243
0.0029319
0.00262701
0.00248993
0.00281953
0.00251192
0.00276664
0.0027024
0.00259204
0.00269714
0.00264247
0.00267617
0.00249338
0.00277077
0.00282953
0.00268386
0.00277301
0.00301865
0.00282543
0.00267712
0.00252894
0.0024909
0.0026531
0.00269942
0.00248602
0.00272838
0.00102384
