0.8
0.002439
0.00238157
0.00259161
0.00248228
0.00252545
0.00252615
0.00237737
0.0021915
0.00259732
0.00248349
0.00238202
0.00247485
0.0024756
0.00259684
0.00239771
0.0026179
0.00255314
0.00254397
0.00246634
0.00243956
0.00239964
0.00234299
0.00246031
0.00237083
0.00237311
0.00241197
0.00228633
0.00238933
0.00221851
0.00238679
0.00254849
0.0024784
0.00243716
0.00240594
0.00234449
0.00258284
0.00223964
0.00243222
0.0023307
0.00240406
0.00232581
0.00227742
0.00242423
0.00233079
0.00230827
0.00228529
0.00221262
0.00241557
0.00229308
0.0023346
0.00242435
0.00239715
0.00209461
0.00256884
0.00240547
0.00244967
0.00236633
0.00253406
0.00231251
0.00238058
0.00235387
0.00231743
0.00231983
0.00238143
0.00255632
0.0022766
0.00236899
0.00237331
0.00239167
0.00220834
0.00253394
0.00232361
0.00236982
0.00224774
0.00235126
0.00235534
0.00239509
0.00234965
0.00252617
0.00230503
0.00240903
0.00224254
0.00231673
0.00243179
0.00243092
0.0024675
0.00225074
0.00240638
0.00238315
0.0020798
0.00235823
0.00221767
0.00230585
0.00217732
0.00253347
0.00229355
0.0023076
0.00216274
0.00228192
0.00223976
0.00215088
0.00221919
0.00244564
0.00222809
0.002252
0.00208925
0.00215981
0.00216672
0.00247719
0.00229731
0.00225016
0.00227538
0.00237811
0.0021694
0.00228047
0.00220317
0.00230012
0.00203494
0.0022372
0.00242284
0.00231217
0.00223604
0.00227654
0.00219229
0.00234125
0.00247623
0.0022729
0.00212469
0.00218876
0.00225085
0.00235918
0.0022307
0.00216725
0.00235627
0.00219712
0.00218739
0.00228352
0.00228617
0.00228446
0.00219647
0.00212707
0.00218591
0.00239371
0.00232032
0.00220728
0.00221192
0.00222861
0.00212329
0.00213489
0.00205232
0.00229445
0.00213504
0.00231926
0.00217705
0.00223357
0.00207543
0.00213189
0.00218087
0.00219647
0.00205424
0.00210115
0.00225187
0.00219344
0.00221
0.00205998
0.00222404
0.00219348
0.00216242
0.00211254
0.00219887
0.00209268
0.00222853
0.002116
0.00210374
0.00209234
0.0021806
0.0023221
0.00212743
0.00234257
0.00206945
0.00219739
0.00211613
0.00224515
0.00228731
0.00204823
0.0020652
0.00219128
0.00203456
0.00222305
0.00228466
0.00204055
0.00203618
0.0021713
0.00227018
0.00219671
0.0022314
0.00206327
0.00205884
0.0020619
0.0022114
0.00218905
0.00228406
0.00198402
0.00214458
0.00208892
0.0020818
0.00209046
0.0021633
0.00206891
0.00210829
0.00214915
0.00214294
0.00224122
0.00217808
0.00219811
0.00214031
0.00200166
0.00209156
0.00200784
0.0021305
0.00213069
0.00214681
0.00207274
0.00204684
0.00206305
0.00234024
0.00205138
0.00196198
0.00199908
0.00224794
0.00215004
0.00210795
0.00221404
0.00212306
0.00205207
0.00200955
0.00218009
0.00201332
0.00208148
0.0021737
0.0021341
0.00215012
0.00219626
0.00206225
0.002199
0.00229068
0.00195729
0.00206582
0.00187403
0.00209803
0.00196272
0.00219576
0.00209433
0.00197795
0.00208601
0.00204263
0.00206188
0.00223623
0.00199779
0.00202043
0.00200729
0.00212512
0.002013
0.0020484
0.00200439
0.00213407
0.00208412
0.00212266
0.00212172
0.00197691
0.00205506
0.00187136
0.00204087
0.00197119
0.00204264
0.00200252
0.00216968
0.0020891
0.00190456
0.00199425
0.00201224
0.00206091
0.00188348
0.00214708
0.00205781
0.00207439
0.00202759
0.00203569
0.00212966
0.00194173
0.0019319
0.00202395
0.00193541
0.0019971
0.00214482
0.00213532
0.00205068
0.00204212
0.00207992
0.00200688
0.00196822
0.00203515
0.00197539
0.00186725
0.00182921
0.00195306
0.00213422
0.00196817
0.00210056
0.00199731
0.00196735
0.00200721
0.00201817
0.00187843
0.00197759
0.0020489
0.00193983
0.00203987
0.00203468
0.00199513
0.00208448
0.00195987
0.002007
0.00195343
0.00191141
0.00196014
0.00203026
0.00190982
0.00203837
0.00192007
0.00202695
0.00203928
0.00203756
0.00203524
0.00198305
0.00204011
0.00194054
0.0018208
0.00190671
0.00186249
0.00201672
0.00197958
0.00209672
0.00199067
0.00210334
0.002063
0.00193455
0.00201808
0.00194599
0.00215012
0.00210047
0.00196361
0.00200591
0.00197403
0.00212828
0.00200867
0.00195731
0.00190748
0.00195377
0.0020681
0.00195434
0.00209588
0.00192023
0.00209965
0.00192
0.00216872
0.00196964
0.00189626
0.00205905
0.00196047
0.00200009
0.0019492
0.00197209
0.00204686
0.00199579
0.00189659
0.00205533
0.0020426
0.0020229
0.00192943
0.00201732
0.00187903
0.00189541
0.00201756
0.00215115
0.00186379
0.0018096
0.0018379
0.00192229
0.00192418
0.00200803
0.00195259
0.00188736
0.00194885
0.00189068
0.00189906
0.00187401
0.00203862
0.00206898
0.00207341
0.00198139
0.00187685
0.00199865
0.00195998
0.00184502
0.00202287
0.00205133
0.00194085
0.00191686
0.00195038
0.00187614
0.00212573
0.00202856
0.00203072
0.0020317
0.00204302
0.00203043
0.00182766
0.0020034
0.00208358
0.00196472
0.00195062
0.00202792
0.00214682
0.00187344
0.0018376
0.00188068
0.00200277
0.00194966
0.00196289
0.00199538
0.00180482
0.00180085
0.00195296
0.00192647
0.00195328
0.00197242
0.00194255
0.00204831
0.00196444
0.00190535
0.00188482
0.00182681
0.00176968
0.00188732
0.00200612
0.00192531
0.00195939
0.00201775
0.00181872
0.00200918
0.0018995
0.002026
0.00189916
0.00201121
0.00208706
0.00181357
0.00195254
0.00206326
0.00191043
0.00177298
0.00200747
0.00190956
0.00191517
0.00192192
0.00191652
0.00170037
0.00195589
0.00197434
0.000742193
