0.8
0.00265124
0.00277443
0.0026156
0.00250679
0.00259098
0.00260613
0.00263642
0.00259358
0.00268807
0.00259758
0.00247257
0.00258426
0.00261903
0.00276592
0.0026591
0.00269206
0.0026572
0.00245974
0.00280405
0.00240543
0.00268774
0.002659
0.00265982
0.00255357
0.00261022
0.00253857
0.00266136
0.0025704
0.0026546
0.00259526
0.00248681
0.00253935
0.00266939
0.00246545
0.00255936
0.00270908
0.00245024
0.00254181
0.00261752
0.00266571
0.00230638
0.00249104
0.00258934
0.00243259
0.00261358
0.00226707
0.00232521
0.00251694
0.00252824
0.00246076
0.00245528
0.00255203
0.00242209
0.00237322
0.00249131
0.00270317
0.00226661
0.00246154
0.00253292
0.00262022
0.00245158
0.00242047
0.00246032
0.00235336
0.00259751
0.00255051
0.00245495
0.00245014
0.00244481
0.00261579
0.00244315
0.00272042
0.00234611
0.0024949
0.00227686
0.00247621
0.00251512
0.00241208
0.00248592
0.00245509
0.00258375
0.00249332
0.00250133
0.00252342
0.00242914
0.00241738
0.00260868
0.00242971
0.00246416
0.00217493
0.00236457
0.002247
0.00240909
0.00266631
0.00249912
0.00228543
0.00241702
0.00233617
0.00247382
0.00244532
0.00245818
0.00244155
0.00238855
0.00244852
0.00244232
0.0022855
0.00227073
0.00251319
0.00210459
0.0024654
0.00243162
0.00242664
0.00241254
0.00253189
0.00252015
0.00252849
0.00219894
0.00232217
0.00242771
0.00230747
0.0025811
0.00239811
0.00222635
0.00245692
0.00224712
0.00228527
0.00234423
0.00237938
0.00236975
0.00256423
0.00244803
0.00247527
0.00238984
0.00234804
0.00225233
0.00239877
0.00245187
0.00261859
0.0023973
0.00228713
0.00238006
0.00224234
0.00224622
0.00225972
0.00251798
0.00258379
0.00244458
0.00218192
0.00248094
0.0023101
0.00235904
0.00242358
0.00251484
0.00225757
0.00235024
0.00237465
0.00230046
0.00240054
0.00227572
0.00233303
0.00239266
0.00232006
0.00233677
0.00232213
0.0024239
0.00226901
0.00225485
0.00228523
0.00224513
0.00234742
0.00228754
0.00221169
0.00237018
0.00230453
0.00227313
0.00226353
0.00241849
0.00236404
0.00250708
0.00237029
0.00217864
0.00227345
0.00244137
0.00229669
0.00236734
0.00245124
0.00219818
0.00227271
0.00225199
0.00217077
0.00230429
0.00224947
0.0023003
0.00215839
0.0021739
0.00216467
0.00240296
0.00237575
0.00221263
0.0023388
0.00210888
0.00219775
0.00199488
0.00226202
0.00226497
0.00219899
0.00220912
0.00224008
0.00201562
0.002377
0.00228627
0.00224504
0.00209553
0.0023814
0.00230453
0.00206483
0.00236356
0.00219205
0.00240366
0.00232272
0.00217284
0.0019883
0.00216403
0.00233587
0.00220322
0.00218105
0.0022333
0.00222484
0.00230348
0.00245286
0.00227586
0.00220145
0.00243307
0.00213468
0.00208699
0.00220883
0.00224282
0.00226674
0.00230476
0.00230727
0.00210428
0.00233221
0.00224866
0.00235459
0.00241294
0.00219093
0.00220035
0.00214218
0.00210516
0.0022322
0.00216856
0.00210621
0.00209957
0.00221813
0.00241492
0.00215523
0.00209946
0.00230577
0.00227693
0.00212031
0.00221421
0.0023716
0.00218793
0.00219803
0.00213685
0.00215221
0.00228884
0.00211912
0.00202312
0.00214837
0.00210063
0.00216026
0.00227567
0.00215687
0.0022392
0.00215782
0.00217118
0.00212573
0.00209771
0.00222273
0.00201306
0.00223079
0.00208119
0.0022865
0.00215808
0.00222318
0.00207898
0.00213135
0.00217199
0.00196534
0.00204754
0.00209719
0.0022547
0.00216698
0.00205123
0.00207608
0.0021521
0.00217291
0.00208354
0.00204482
0.00216105
0.00198619
0.0019575
0.00199741
0.00221962
0.00199919
0.00222637
0.00212713
0.00220002
0.00204831
0.00213941
0.00216127
0.00218123
0.00225806
0.00215689
0.00221026
0.00227477
0.00195641
0.00224756
0.00208042
0.00212439
0.00210845
0.00204081
0.00219067
0.00206067
0.00203371
0.00221366
0.00201264
0.00208968
0.00225036
0.00225535
0.00223101
0.00194392
0.00219176
0.00207
0.00209924
0.00204323
0.00201487
0.00220883
0.00207703
0.00209459
0.00217028
0.00216574
0.00212878
0.00205053
0.00196235
0.00202795
0.00195537
0.00212171
0.00216724
0.002099
0.0021693
0.00210884
0.00201607
0.00216252
0.00212363
0.00207279
0.00219846
0.00202344
0.00213304
0.00217179
0.00216681
0.00196173
0.00213755
0.00213553
0.00205287
0.00213125
0.00216631
0.00209416
0.00211182
0.00213987
0.00210299
0.00216174
0.00194495
0.0021246
0.00215837
0.00201675
0.00217878
0.00215573
0.00211532
0.0020835
0.00215645
0.00191294
0.00219058
0.00202138
0.00210433
0.0020186
0.00205364
0.00208197
0.00214189
0.00224401
0.00204291
0.00220279
0.00217167
0.00228716
0.00199474
0.00226809
0.00209771
0.00197378
0.00205875
0.00210358
0.00207794
0.00203959
0.00197193
0.00225647
0.00212344
0.00191621
0.00208575
0.00196457
0.00194452
0.00221725
0.00221505
0.00214685
0.00218546
0.00226224
0.0020211
0.00223961
0.00209662
0.00196114
0.00206013
0.0019686
0.00195675
0.00221958
0.00212322
0.00204886
0.00198182
0.00207364
0.00197272
0.00196926
0.00211241
0.00229582
0.00207277
0.00219882
0.00200947
0.00220371
0.00200616
0.00210405
0.00198546
0.00219038
0.000790713
