0.8
0.00256084
0.00229685
0.0024334
0.00240408
0.00256384
0.00250992
0.00244329
0.0025565
0.00245758
0.00256635
0.00265322
0.00263399
0.00254428
0.00236931
0.00256536
0.00258642
0.00244603
0.00267784
0.00252857
0.00260135
0.00243529
0.00239274
0.00240049
0.00250476
0.0024583
0.00257925
0.00249591
0.0022927
0.00236659
0.00244298
0.00250618
0.00243208
0.00252427
0.00239631
0.0024218
0.0023303
0.00237491
0.00236364
0.0024164
0.0024524
0.00255344
0.00225595
0.00252221
0.00255483
0.00245906
0.00234728
0.00235325
0.00216799
0.00225031
0.00248874
0.00231904
0.00240273
0.002334
0.00254533
0.00236977
0.00244934
0.00231761
0.00225509
0.00231264
0.00231147
0.00238662
0.00237629
0.00258586
0.0025099
0.00237899
0.00238065
0.00233853
0.0023914
0.0024032
0.002387
0.00238845
0.0025465
0.00223467
0.00230191
0.00247682
0.00234575
0.00248867
0.00246022
0.00240988
0.00235053
0.00217172
0.00248249
0.00235866
0.00235373
0.00246856
0.0023822
0.00241684
0.00237466
0.00228078
0.00231612
0.00239586
0.0023389
0.00224943
0.00228546
0.00221939
0.00233877
0.00248721
0.00226006
0.00245194
0.00224412
0.00248009
0.00249016
0.00226471
0.00239938
0.00220547
0.0020905
0.00224754
0.00245544
0.00245016
0.00216426
0.00225429
0.00227905
0.00236839
0.00213917
0.00216149
0.00243667
0.00216271
0.00231537
0.00241656
0.00240127
0.00233837
0.00250349
0.00223342
0.0023618
0.00225946
0.00216664
0.00232082
0.00222016
0.00225346
0.0022916
0.00228238
0.00232357
0.00240786
0.00223844
0.00214924
0.00236719
0.00225584
0.00230037
0.00228085
0.00222602
0.00232373
0.00218605
0.00227753
0.00229253
0.0022141
0.00237012
0.00220817
0.00225454
0.00227703
0.00230727
0.00236226
0.00206722
0.00235944
0.00233423
0.00228585
0.00218727
0.00226612
0.00210353
0.0022824
0.00239098
0.00226618
0.00214759
0.00213623
0.00209797
0.00217969
0.0022448
0.00246368
0.00224482
0.00231633
0.00228063
0.00230136
0.00228393
0.00227866
0.00218879
0.00221574
0.00236517
0.00209004
0.00236905
0.00224048
0.00227864
0.00225072
0.0021275
0.00208919
0.0021488
0.00214995
0.0023399
0.00209703
0.00221439
0.00215326
0.00234759
0.00242447
0.00222075
0.00198955
0.00216532
0.00230545
0.0022605
0.0022734
0.00215327
0.0022112
0.00219534
0.00218037
0.00200464
0.00222747
0.00226262
0.00210788
0.00212696
0.00221565
0.00201138
0.00210021
0.0021053
0.00224622
0.00233832
0.00209956
0.00216206
0.0021574
0.00215888
0.00215719
0.00212101
0.00202002
0.00203947
0.00217305
0.00208437
0.00220644
0.00222227
0.00224926
0.00226758
0.00218144
0.00223883
0.00208807
0.00228223
0.00204343
0.00225243
0.00212846
0.00218636
0.00218536
0.00228615
0.00218354
0.00226824
0.0021177
0.00222128
0.00217451
0.00211083
0.00213965
0.00218129
0.00216897
0.00201779
0.00207876
0.00214441
0.00211158
0.0020328
0.00207594
0.00211321
0.00211842
0.0020598
0.00225092
0.00215228
0.00231498
0.00211208
0.00197028
0.00206426
0.00213825
0.0021593
0.00205232
0.0019979
0.00213189
0.00207513
0.0022009
0.00210798
0.00216735
0.00201938
0.0020644
0.00210423
0.00205973
0.0019873
0.0020721
0.00212121
0.00212579
0.00210307
0.00216897
0.00206021
0.00201144
0.00196376
0.00212469
0.00224279
0.00212074
0.00193764
0.00201214
0.00193536
0.0022239
0.00215424
0.00201637
0.00201063
0.00201878
0.00215624
0.00204903
0.00190376
0.00209704
0.00191762
0.00194264
0.00207125
0.0021681
0.00210714
0.00207067
0.00205314
0.00194977
0.00210195
0.00206868
0.00203097
0.00199099
0.00200881
0.00229297
0.00210978
0.00191473
0.00209756
0.00194783
0.00206771
0.00220684
0.00193371
0.00200542
0.00202257
0.00186733
0.00199962
0.00213028
0.00197704
0.00208955
0.00201117
0.00187658
0.00212413
0.00214946
0.0020443
0.0020064
0.00207593
0.0020584
0.00192238
0.00216554
0.00197331
0.00206883
0.00198131
0.002188
0.00206593
0.00189453
0.00206532
0.00203086
0.00205287
0.00209565
0.00218133
0.00221714
0.00215914
0.00204394
0.00188396
0.00217039
0.0018871
0.00200056
0.00205307
0.00203898
0.00196726
0.00194086
0.00187936
0.00201834
0.0019521
0.00193671
0.00193859
0.00194352
0.00206009
0.00200679
0.00194231
0.00191556
0.00209584
0.00202731
0.00202713
0.00200109
0.00194015
0.0021478
0.00206332
0.0020549
0.00200976
0.00190604
0.00199493
0.00186563
0.00201241
0.0018565
0.00188849
0.00209696
0.00194685
0.00197104
0.00196839
0.00192957
0.00205299
0.00198912
0.00192794
0.00209643
0.00190702
0.00190223
0.00204189
0.00201281
0.0021038
0.00191542
0.00186252
0.00206084
0.00209993
0.00202002
0.00186366
0.00186328
0.00204451
0.00184185
0.00218344
0.0019995
0.00183362
0.00195062
0.00195125
0.00200098
0.00199794
0.00183991
0.00203847
0.00198798
0.0019819
0.00208381
0.00215703
0.00194398
0.00202077
0.00201324
0.00189575
0.00199668
0.00192392
0.00200515
0.0020149
0.00198685
0.00183358
0.00202104
0.00206872
0.0019483
0.00187729
0.00198321
0.00204865
0.00219059
0.00188875
0.00203698
0.00199218
0.0018073
0.00209878
0.00196752
0.00203113
0.00186695
0.00198816
0.00202574
0.00198698
0.00212762
0.00199972
0.00190935
0.00208375
0.00203414
0.00208479
0.00217017
0.00200257
0.00198501
0.00189833
0.00191549
0.00194961
0.00207504
0.000757493
