0.8
0.00603905
0.00504611
0.00497329
0.00492175
0.0055303
0.00527537
0.00628893
0.00601378
0.00533121
0.00471206
0.00565638
0.00588209
0.00512799
0.00475297
0.00529474
0.00516911
0.0052899
0.00511677
0.00561616
0.00549275
0.00531879
0.00507956
0.00500375
0.00513616
0.00534441
0.00480845
0.00490712
0.00554491
0.00598325
0.00499949
0.00542834
0.00550657
0.00517684
0.00493047
0.0052382
0.00502149
0.00541613
0.00524821
0.0050867
0.00476713
0.0049215
0.00503938
0.00511194
0.00529762
0.00519102
0.00510102
0.0049537
0.00497996
0.00495247
0.00518737
0.00573946
0.00497008
0.00520693
0.0050301
0.00486336
0.00619719
0.00488494
0.00509847
0.00499568
0.00465514
0.00522401
0.00554654
0.00518449
0.00515024
0.00456313
0.00519039
0.00533524
0.00482713
0.00493805
0.00448481
0.00516609
0.00512599
0.00503641
0.00468569
0.00459475
0.00535455
0.00503388
0.00478743
0.00489489
0.00485947
0.00485197
0.00528764
0.00493378
0.0047931
0.00507537
0.00509698
0.00460845
0.00441635
0.00478597
0.00472754
0.00484841
0.00484149
0.00530935
0.00469997
0.00455562
0.00431803
0.00451452
0.00503048
0.00495551
0.00433045
0.00547083
0.0040162
0.00525243
0.00480093
0.0043284
0.00466012
0.00494113
0.00489257
0.00500801
0.00428009
0.00460405
0.00498728
0.00470807
0.00395645
0.00471551
0.00508186
0.00438536
0.00428329
0.00457418
0.00435672
0.00463736
0.00469255
0.0045664
0.00451982
0.0044379
0.00455811
0.00464522
0.00462278
0.00470333
0.00495441
0.00412819
0.00461462
0.00471746
0.00475181
0.00485645
0.00399477
0.00482076
0.00439678
0.00470879
0.00430572
0.0042083
0.00442287
0.0045989
0.00479723
0.00441093
0.00410449
0.00447105
0.00423579
0.00475896
0.00455303
0.0044215
0.00459446
0.00481998
0.00431645
0.00434424
0.00423175
0.00425834
0.00447925
0.00434003
0.00446565
0.0043746
0.0044405
0.00532636
0.00430837
0.00449389
0.00437121
0.00423518
0.00460805
0.00384772
0.00475012
0.0041829
0.00410353
0.00410425
0.00453117
0.0046318
0.00432535
0.00430548
0.0047785
0.00432984
0.00478548
0.00447555
0.00397961
0.00427315
0.00416403
0.00455348
0.00456348
0.00431139
0.00405846
0.00443781
0.00391934
0.0042076
0.0040677
0.00434896
0.00477947
0.00418627
0.00440307
0.00401114
0.0040497
0.00398071
0.00424513
0.0044377
0.00407541
0.00491841
0.00455342
0.0048732
0.004551
0.00469901
0.00402049
0.00477379
0.00165916
