0.8
0.0118379
0.011901
0.01228
0.0127764
0.0117365
0.0143156
0.0122783
0.0126785
0.0144521
0.00995558
0.00975827
0.012631
0.0122066
0.0134227
0.0124938
0.0126324
0.0122508
0.013435
0.0107351
0.0120736
0.0120702
0.0114321
0.011242
0.0120371
0.010829
0.0128268
0.01132
0.00943959
0.0106669
0.0136153
0.0114812
0.0114046
0.00999676
0.0106922
0.0120184
0.0100542
0.0128524
0.0111228
0.0104162
0.0117488
0.0119992
0.00893173
0.00996406
0.0114589
0.00995941
0.0110232
0.0105813
0.0123051
0.0112996
0.0105216
0.0113208
0.0111142
0.0100203
0.0107379
0.0112958
0.0107824
0.010094
0.0112437
0.0130232
0.00930328
0.00846039
0.0104359
0.0113214
0.0106165
0.00927761
0.0104656
0.00906263
0.0109419
0.0109176
0.0122271
0.0129405
0.0110572
0.0107654
0.0105456
0.00960537
0.0119637
0.00905018
0.00971109
0.0101638
0.0119005
0.0108955
0.0110692
0.0103605
0.00979805
0.010903
0.00909705
0.00887092
0.0112685
0.0124236
0.00378632
