0.8
0.00651071
0.00623864
0.00613425
0.00630797
0.00594184
0.00613252
0.00583502
0.00623549
0.00640418
0.00571303
0.00633761
0.0055329
0.0060344
0.00564589
0.00565568
0.00548438
0.00569364
0.00568397
0.00571168
0.00589331
0.00572286
0.00512752
0.00515829
0.00573913
0.00655
0.0062488
0.00571341
0.00615454
0.00566659
0.00558915
0.00593932
0.00633229
0.00649267
0.00608117
0.00572704
0.00608576
0.00585985
0.00528107
0.00522088
0.00561102
0.00476545
0.00491065
0.00597919
0.00540583
0.00557798
0.00518922
0.00536667
0.00571428
0.00567465
0.00516914
0.00599828
0.00602448
0.00538851
0.0050304
0.00587893
0.00645
0.00589857
0.00620604
0.00580327
0.005528
0.00592516
0.00535642
0.0053985
0.00583435
0.00554745
0.00522668
0.00497598
0.00471972
0.00510712
0.00573076
0.00518201
0.0051982
0.00509828
0.00529536
0.00591111
0.00566857
0.00555622
0.00536854
0.00583898
0.00512428
0.00541385
0.00558465
0.00523192
0.00529444
0.0054671
0.00528106
0.0054001
0.00542987
0.00540564
0.00436839
0.00509492
0.00517058
0.0053872
0.00549736
0.00475489
0.00491011
0.00504252
0.00505812
0.00466949
0.00542866
0.00471046
0.00520216
0.0055156
0.00523124
0.0053087
0.00468827
0.00479265
0.00527942
0.00472298
0.0057186
0.00492343
0.00515319
0.00492283
0.00481113
0.00541064
0.00516511
0.00485497
0.0048598
0.00528542
0.00523614
0.00519108
0.00490107
0.00459173
0.00450679
0.00491937
0.00510272
0.00527054
0.00479522
0.00495833
0.00488719
0.00561646
0.00446764
0.00487995
0.00485712
0.0045478
0.00480621
0.00577487
0.00464983
0.00505634
0.00447828
0.00535686
0.00543858
0.00483422
0.00504407
0.00535964
0.00507014
0.00490374
0.00512132
0.00440959
0.00491345
0.00406677
0.0048563
0.0045144
0.00511175
0.00527873
0.00494287
0.00503614
0.00509376
0.00486977
0.00526969
0.00457237
0.00451486
0.00565887
0.00454154
0.00483821
0.00522301
0.00438439
0.00463571
0.00444268
0.00467888
0.0043149
0.0050921
0.00459702
0.00508725
0.00485314
0.0051239
0.00467814
0.00490337
0.00478035
0.0046635
0.00486212
0.0045287
0.00457113
0.00464598
0.00476885
0.0054759
0.00495801
0.00467539
0.00521146
0.00183276
