0.8
0.00333441
0.00304461
0.00321426
0.00334268
0.00319675
0.00301584
0.00298624
0.00324561
0.0032837
0.00305023
0.00327638
0.00297909
0.00311701
0.00348228
0.00328845
0.00291954
0.00334826
0.00313303
0.00314281
0.00286402
0.00290789
0.00325451
0.00309461
0.00345219
0.00340687
0.00310335
0.00292651
0.00291696
0.00296087
0.00316522
0.00315954
0.00294188
0.00295564
0.003014
0.00309006
0.00307907
0.00329474
0.00323654
0.00324057
0.00319289
0.00315292
0.00284861
0.0030256
0.00311
0.0032347
0.00288308
0.00314368
0.00284892
0.00305502
0.00281215
0.00334202
0.00319929
0.00324449
0.00276683
0.00315497
0.00285624
0.00283697
0.00295796
0.00293543
0.00327316
0.00301133
0.00296901
0.00304028
0.00328022
0.00298749
0.00308639
0.00326429
0.00293254
0.00290392
0.00291855
0.00286286
0.00293413
0.00305333
0.00286483
0.00310011
0.00313633
0.00300298
0.00270568
0.00325619
0.00300508
0.00298874
0.00300034
0.00284036
0.0026777
0.00313792
0.00293304
0.00293987
0.00287038
0.00298543
0.00292974
0.00297093
0.00289692
0.0031539
0.00296895
0.00292473
0.00287258
0.00292613
0.00306647
0.0029658
0.00296477
0.00313057
0.00296657
0.00283762
0.00292819
0.00306243
0.00323132
0.00312288
0.00273708
0.00313082
0.00300118
0.00302096
0.00298267
0.00296463
0.00274937
0.00299354
0.00268483
0.00270116
0.00299466
0.00291602
0.00258099
0.00305744
0.00274014
0.00300296
0.00270398
0.00268073
0.0027649
0.00290257
0.00294232
0.00273341
0.0028183
0.00272121
0.00304988
0.00288339
0.00254898
0.00281841
0.00273883
0.00278075
0.0028645
0.00289411
0.00271859
0.00276933
0.00254908
0.00281156
0.00257361
0.00285535
0.00267871
0.00284446
0.00299687
0.00300226
0.00261153
0.00287785
0.00277648
0.00286672
0.00284518
0.00259333
0.00297259
0.00312551
0.00283426
0.00280413
0.00259247
0.00293644
0.00274452
0.00276251
0.00263886
0.00304791
0.00280789
0.00287568
0.00287436
0.00268678
0.00288697
0.00303329
0.002652
0.00301835
0.00271807
0.00259893
0.00280125
0.00277816
0.00276523
0.00260613
0.0026878
0.00273353
0.00273384
0.00283724
0.00254235
0.00257106
0.00253349
0.00295635
0.00250792
0.00266027
0.00260603
0.00290781
0.00260943
0.00268981
0.00272533
0.00254583
0.00277601
0.0026736
0.00240656
0.0026696
0.00288715
0.00269625
0.00265358
0.00260635
0.00265221
0.00278366
0.00258462
0.00265336
0.00270541
0.00261184
0.00255148
0.00280633
0.00265139
0.00269641
0.00242584
0.00257377
0.00295978
0.002627
0.0027857
0.00267989
0.00258702
0.00275615
0.00247926
0.00251333
0.00266416
0.00295943
0.00281064
0.00268063
0.00250269
0.00271307
0.00262449
0.00263427
0.00267124
0.00289196
0.00254598
0.00268522
0.00252613
0.00268969
0.00270367
0.00243288
0.00269131
0.00267697
0.0026613
0.0025188
0.00243263
0.00255838
0.00246976
0.00273258
0.00259143
0.00275299
0.00256805
0.00234216
0.00249572
0.00262876
0.00278145
0.00265499
0.00259445
0.00270574
0.002455
0.00264174
0.00260876
0.00261393
0.00239426
0.00248549
0.00259561
0.00243572
0.00250686
0.00265585
0.0026182
0.00267822
0.00235837
0.00266428
0.00254598
0.00269216
0.00246334
0.00249396
0.00244633
0.00269815
0.00276366
0.00284881
0.00273177
0.0024685
0.00273166
0.00244271
0.00277802
0.00254826
0.00221334
0.00287427
0.00254724
0.00255313
0.00241765
0.00287267
0.00269886
0.00252861
0.00245998
0.00253819
0.00238659
0.00280416
0.00263461
0.0026677
0.00266493
0.00266214
0.00270568
0.00240142
0.00268811
0.00271065
0.00252207
0.00263297
0.00276095
0.00259148
0.00248491
0.00253949
0.00268761
0.00253203
0.00247599
0.00251116
0.00268098
0.00286781
0.00246089
0.00249386
0.00254487
0.00222869
0.00275216
0.00270008
0.0026832
0.00253214
0.00234131
0.00253655
0.00255842
0.00252932
0.00238811
0.00267145
0.00237513
0.0025177
0.00238679
0.00253975
0.0025354
0.00252723
0.00241733
0.00268775
0.00267641
0.00234009
0.00242892
0.00239671
0.00273978
0.00271166
0.00265602
0.00219682
0.00263753
0.00270761
0.00285306
0.00276112
0.00241988
0.00228446
0.00245443
0.00252907
0.00243427
0.00252317
0.00281772
0.00248881
0.00096708
