0.8
0.00470055
0.00529038
0.00554916
0.00501562
0.00521701
0.00533844
0.00509515
0.00502734
0.00500122
0.00545061
0.00503304
0.0046743
0.00540442
0.00497602
0.00510633
0.00509774
0.00523659
0.00462921
0.00567275
0.00508209
0.00526052
0.00456743
0.00450709
0.00515052
0.00493056
0.00504865
0.005034
0.0054357
0.00533578
0.00519089
0.00493857
0.00436597
0.00452629
0.00488134
0.00508862
0.00503865
0.00467218
0.00448371
0.00513785
0.00499684
0.00456043
0.00514957
0.00556608
0.00489225
0.00531641
0.00478966
0.0047219
0.00472524
0.00504235
0.005171
0.00579099
0.00445004
0.00505876
0.00507059
0.00473029
0.00491092
0.00498303
0.0045044
0.00465435
0.00513295
0.00451466
0.0050527
0.00481824
0.00493495
0.00441945
0.00492733
0.00493985
0.0040813
0.00468515
0.00492254
0.00460174
0.00525745
0.00519409
0.00437873
0.00459618
0.00500406
0.00440635
0.00458931
0.00420984
0.00453428
0.00479608
0.00473225
0.00490567
0.00475085
0.00458628
0.00474879
0.00457359
0.00479653
0.00502856
0.00470534
0.00450136
0.0044485
0.00472805
0.00428851
0.00402872
0.00465875
0.00469044
0.00470518
0.00464309
0.00464555
0.00471805
0.00451883
0.00443217
0.00494122
0.00440289
0.00441703
0.00482151
0.00424314
0.00384122
0.00463804
0.00469555
0.00435537
0.00449515
0.00429472
0.0051356
0.00427001
0.00509785
0.00452688
0.00429739
0.0046415
0.00475496
0.00443144
0.00427193
0.00471051
0.00416205
0.00410965
0.00442959
0.004115
0.00441164
0.00400777
0.00421083
0.00448219
0.00415591
0.00436641
0.00461721
0.00453277
0.00455259
0.00428883
0.00454693
0.00378122
0.00411157
0.00374122
0.00419501
0.00427761
0.00412836
0.00424516
0.00416632
0.00450541
0.00462764
0.00445935
0.00414093
0.00406131
0.00430255
0.00402422
0.00471623
0.00393144
0.00438907
0.00411353
0.0043801
0.00433104
0.00436172
0.0043648
0.00393794
0.0038309
0.0040437
0.00453467
0.00472686
0.00439198
0.00443122
0.00460448
0.00486746
0.00375711
0.00405858
0.00437787
0.00396112
0.00382024
0.00432696
0.0041241
0.0047005
0.00431371
0.00382777
0.00402438
0.00421774
0.00431988
0.00409962
0.00406907
0.00451988
0.00407709
0.00430128
0.00429821
0.00403167
0.00430782
0.00392921
0.00389895
0.00452747
0.00410519
0.00433358
0.00431527
0.00416047
0.00390262
0.00431678
0.00425028
0.0040545
0.00433118
0.00385944
0.00442928
0.00438818
0.00447559
0.0038546
0.00397433
0.00422206
0.00441234
0.00405067
0.00376212
0.00438689
0.00394417
0.00444057
0.0041273
0.00431992
0.00158442
