0.8
0.0151269
0.0135267
0.0146277
0.0128377
0.0116858
0.01198
0.0127816
0.0126442
0.0140933
0.0164291
0.0171405
0.0119188
0.0150405
0.0147874
0.0156013
0.0150462
0.0159105
0.0163849
0.0145824
0.0162835
0.015268
0.0157033
0.0159638
0.014694
0.0157624
0.0174146
0.0128969
0.0158391
0.0141382
0.0120484
0.0141009
0.0157876
0.0140286
0.0161628
0.0144271
0.0143047
0.0139479
0.0145729
0.0139302
0.0151941
0.0155393
0.0131273
0.0178324
0.0115398
0.0182671
0.0180769
0.0112136
0.0148979
0.0157309
0.0119868
0.0136456
0.0141537
0.0175597
0.0107922
0.0124384
0.0166818
0.014003
0.0148518
0.0131336
0.0129989
0.013417
0.0140011
0.0161098
0.0118431
0.0147172
0.00924833
0.016871
0.0139232
0.013345
0.00343963
