0.8
0.00294333
0.00298402
0.00323686
0.00312738
0.00319546
0.00307509
0.00340967
0.00303375
0.00316705
0.00292697
0.00312014
0.00302244
0.00314961
0.00302386
0.00292649
0.00300173
0.00289993
0.00294986
0.00316296
0.00280983
0.00330277
0.00287933
0.00302122
0.00298876
0.00308829
0.00315215
0.00308229
0.00309612
0.0031358
0.00307955
0.00296873
0.00310638
0.00284213
0.00322138
0.00304392
0.00284645
0.00314976
0.00274796
0.0030775
0.0028837
0.00300414
0.00271471
0.00281053
0.00275895
0.00273722
0.00287429
0.00301495
0.00301433
0.00297081
0.00302602
0.00285599
0.00293696
0.00301409
0.00296786
0.00268639
0.00293677
0.00277566
0.00285485
0.00301046
0.00289572
0.0028672
0.00286979
0.00298175
0.0031783
0.00281063
0.00303667
0.003025
0.00295939
0.00284859
0.00299025
0.00296572
0.00296295
0.0028652
0.00288889
0.00291448
0.00277642
0.00288836
0.00286991
0.00298763
0.00302109
0.00272409
0.00250691
0.00275074
0.00296427
0.00285908
0.0028652
0.00293899
0.00305406
0.00302382
0.00310165
0.00295672
0.00289259
0.00298189
0.00286015
0.00304273
0.00296257
0.00303692
0.00286184
0.0027816
0.00294039
0.00282925
0.00243171
0.00281471
0.00282576
0.00296071
0.00289626
0.00278922
0.00288614
0.0030414
0.00291053
0.00286557
0.00280465
0.00285636
0.0029725
0.00276954
0.00285101
0.00277721
0.00281947
0.00292625
0.00276157
0.00280926
0.0027427
0.00288937
0.00296592
0.00268503
0.0025657
0.00288189
0.00257813
0.00279916
0.00270996
0.00274876
0.00279482
0.00274744
0.00289014
0.00287108
0.0028422
0.00290772
0.00241554
0.00282465
0.00274449
0.00264076
0.00281648
0.00276433
0.00286163
0.00276586
0.00274157
0.00301256
0.00286458
0.00261354
0.00269383
0.00262993
0.00282744
0.00259167
0.00259163
0.00265701
0.00281288
0.0027064
0.00272904
0.00255701
0.00258976
0.00273931
0.00272945
0.00280686
0.00272174
0.00277419
0.00260737
0.00260002
0.00289147
0.002772
0.00260385
0.00257199
0.00289158
0.00265782
0.00277594
0.00280787
0.00292092
0.00246731
0.00246936
0.00291995
0.00256482
0.00263572
0.00271076
0.00264471
0.00275255
0.00271653
0.00266237
0.00256741
0.00266699
0.00262248
0.00242013
0.00257799
0.00250091
0.00259188
0.00268108
0.00269779
0.00251029
0.00272968
0.00268192
0.00262939
0.00255608
0.00283299
0.00268349
0.00270757
0.00244863
0.00293389
0.00261741
0.00274552
0.00254993
0.00255057
0.00278796
0.00250643
0.00256629
0.0027576
0.00259254
0.00274929
0.00242974
0.00253701
0.00253643
0.00240264
0.00269598
0.00261061
0.00265231
0.00266022
0.00249201
0.00249093
0.00268516
0.002548
0.00266737
0.00275848
0.00278643
0.00271355
0.00254743
0.00251279
0.00249962
0.002588
0.00248706
0.00257785
0.00267335
0.00245139
0.00269704
0.00245613
0.00271784
0.0025883
0.00261307
0.0025867
0.00234144
0.00261874
0.0023629
0.00247565
0.00239996
0.00288188
0.00261033
0.00240058
0.00242717
0.00266209
0.00252006
0.00248811
0.00244413
0.00267391
0.00228697
0.00253912
0.00250602
0.00260013
0.00245746
0.00259015
0.00245011
0.00261808
0.00236401
0.00235689
0.00259103
0.00251751
0.00237802
0.00231519
0.00269496
0.00283862
0.00257263
0.00267483
0.00264308
0.00253492
0.00239282
0.00263581
0.00262546
0.00253049
0.00246479
0.00244859
0.00246686
0.00235107
0.00245431
0.00236579
0.0025855
0.00255672
0.0026385
0.00256428
0.00291684
0.00254734
0.00264216
0.00269875
0.00256556
0.00254418
0.00242613
0.00257751
0.0025326
0.00234629
0.00249596
0.00239495
0.00247033
0.00241575
0.00240315
0.00253801
0.00254686
0.0025017
0.00276842
0.00256476
0.00255872
0.00242408
0.00248277
0.00251814
0.00261124
0.00228004
0.00246368
0.00250647
0.00259499
0.00235095
0.00260198
0.00268399
0.00244845
0.00257313
0.00240211
0.00256731
0.00238546
0.00258177
0.00251949
0.00232279
0.00265299
0.0024504
0.00260778
0.00246806
0.00249791
0.00245859
0.00250362
0.00268516
0.00244018
0.00232669
0.00253945
0.00234103
0.00249755
0.0023724
0.00253358
0.00265166
0.00256528
0.00241601
0.00238302
0.00254096
0.00255435
0.00254626
0.00248708
0.00258643
0.0027159
0.00228589
0.00264284
0.00231667
0.00243556
0.00246529
0.00234237
0.00244446
0.00255354
0.00235068
0.00253108
0.00240543
0.000939897
