0.8
0.0134798
0.0132657
0.0115952
0.0120413
0.0145266
0.0138357
0.0136287
0.0160279
0.0137558
0.0117145
0.014523
0.0139776
0.012528
0.0140241
0.0126917
0.0122269
0.0138068
0.0153463
0.0114289
0.0126561
0.0101954
0.0111325
0.0134443
0.0127449
0.0110532
0.0131603
0.0111359
0.0122688
0.0151075
0.0172893
0.0137501
0.0108939
0.0138036
0.0128567
0.0120896
0.0156713
0.0135353
0.0116735
0.0100315
0.0112467
0.0128935
0.0118894
0.01445
0.0134029
0.0135289
0.0124616
0.0111866
0.01475
0.0116101
0.0133679
0.0108253
0.0138897
0.0104482
0.0113978
0.0126524
0.0120545
0.0150754
0.0102722
0.0133015
0.0113871
0.0129472
0.00964032
0.01381
0.0126715
0.0148813
0.00795519
0.0120883
0.0127176
0.0141132
0.0119473
0.00935256
0.0126748
0.011862
0.0116903
0.0125341
0.0112872
0.00956563
0.0120843
0.0112386
0.0039283
