0.8
0.00309158
0.00276381
0.00317759
0.00303707
0.00305691
0.00296698
0.0028764
0.00307198
0.00310207
0.00286949
0.00316006
0.00296066
0.00309354
0.00312266
0.00292668
0.00304334
0.00292697
0.00326041
0.0030635
0.00293646
0.00297005
0.00292994
0.00292906
0.00298482
0.00301405
0.00322793
0.00293343
0.00288777
0.00303553
0.00287142
0.00291591
0.00292882
0.00280677
0.00298998
0.0029319
0.00289198
0.00280219
0.00300358
0.00306168
0.00283619
0.00293381
0.00285702
0.00277813
0.00301357
0.00299936
0.00297293
0.00284665
0.00300248
0.00291192
0.00300388
0.00324005
0.0030392
0.0026976
0.00284203
0.00282887
0.00300921
0.00293248
0.00276221
0.00298675
0.00278296
0.0028488
0.0028131
0.00295256
0.00312579
0.00297565
0.00273516
0.00254286
0.00282183
0.00278447
0.00284745
0.00273974
0.00276068
0.00288979
0.0029105
0.00289117
0.00285133
0.00306376
0.00284662
0.00267523
0.00244482
0.00288146
0.00280941
0.00273381
0.0028088
0.00287983
0.00274939
0.00274696
0.00275866
0.00267272
0.00294833
0.00292631
0.00281693
0.00268973
0.00289013
0.00291905
0.00272254
0.00276074
0.00274812
0.00279151
0.00262209
0.00297933
0.00274178
0.00287095
0.0027116
0.00285158
0.00276263
0.00253801
0.00268347
0.00275308
0.00273169
0.00271908
0.00275038
0.00265665
0.00273932
0.00286614
0.00282887
0.00274413
0.00274528
0.00297297
0.00282609
0.00267408
0.00296636
0.00254408
0.00268651
0.00265881
0.0026341
0.00271307
0.00232445
0.00286814
0.00276178
0.00272568
0.00256248
0.00288246
0.00248141
0.00305972
0.00278741
0.00283026
0.00280875
0.00272609
0.0026676
0.00252114
0.00276659
0.00250799
0.00281302
0.00270545
0.00278919
0.00272459
0.00280051
0.00256522
0.00251173
0.0028061
0.00284613
0.00261478
0.00273025
0.00257956
0.00259937
0.0025982
0.00299878
0.00265459
0.00275591
0.00255415
0.00263617
0.00271158
0.00269317
0.00243711
0.00274316
0.00289883
0.00272391
0.00248219
0.00253425
0.00235883
0.00266513
0.00254493
0.00252969
0.00247878
0.00233258
0.00264615
0.00261535
0.00242763
0.00261936
0.00257463
0.00265794
0.00270337
0.00268966
0.00272238
0.0028355
0.00266846
0.00255749
0.00257521
0.00265232
0.00270584
0.00238872
0.00260285
0.00246409
0.00249838
0.00257972
0.00278365
0.00289872
0.00257239
0.0027297
0.00262836
0.00245875
0.00241347
0.00236061
0.00251541
0.00251747
0.00271469
0.00255456
0.00260142
0.00270571
0.00265415
0.00249355
0.00267087
0.00253088
0.00259953
0.00250363
0.00246976
0.00243944
0.00268357
0.00261503
0.00254027
0.00251349
0.00259993
0.00274215
0.00258931
0.00255847
0.00239033
0.00256598
0.00236409
0.00259721
0.00249831
0.00251119
0.00287499
0.00248539
0.00236474
0.00253956
0.00249489
0.00240093
0.00247671
0.00244773
0.00261772
0.00245052
0.00262084
0.00265104
0.00251524
0.00262775
0.00254056
0.00248698
0.00243023
0.00274363
0.00254269
0.0025535
0.00229585
0.00236827
0.00271314
0.00245701
0.00262481
0.00254332
0.00235092
0.00238092
0.0025719
0.00251401
0.00246502
0.00258532
0.00241626
0.00244076
0.00246768
0.00233424
0.00253473
0.0023918
0.00233249
0.00234888
0.00251595
0.00236834
0.00245939
0.00233575
0.00226079
0.00235945
0.00252403
0.00255172
0.00257262
0.00242459
0.0025413
0.00239101
0.00249342
0.00238703
0.00228484
0.0022191
0.00247816
0.00261145
0.00231331
0.0025452
0.00255974
0.00260107
0.00243462
0.00248095
0.00247734
0.00258268
0.00254372
0.00245889
0.00254804
0.00241037
0.00229404
0.00246263
0.00222086
0.00242317
0.00224477
0.00246891
0.0025584
0.00254011
0.0024045
0.00232712
0.00241377
0.00235789
0.00251823
0.00232046
0.00254138
0.00257023
0.00243027
0.002468
0.0023741
0.00241717
0.00236717
0.0022734
0.00247186
0.00246792
0.00240087
0.00260579
0.00235974
0.00250605
0.00246999
0.00235233
0.00252778
0.00229026
0.00239573
0.00252476
0.00245092
0.00258122
0.00225457
0.00240761
0.00243386
0.00246368
0.00244936
0.00251407
0.00226008
0.00224771
0.00231673
0.00252959
0.00237499
0.00260793
0.00246128
0.002426
0.00216255
0.00248064
0.00237973
0.00239444
0.00242755
0.00247899
0.00222853
0.00213393
0.00248382
0.0023467
0.00244718
0.00261091
0.00226641
0.00255046
0.00241608
0.00219757
0.00239873
0.00228552
0.00261087
0.00238813
0.00228101
0.00238711
0.00230452
0.00247627
0.00235083
0.00216954
0.00241706
0.000916829
