0.8
0.0123094
0.0119417
0.00985487
0.0127256
0.0113451
0.0119182
0.0124333
0.009979
0.00986156
0.011015
0.0133125
0.00982491
0.0112425
0.0115664
0.0106951
0.0130048
0.0117177
0.0089514
0.0106895
0.0109316
0.00994491
0.0107752
0.0100812
0.0103829
0.0104235
0.0121419
0.0106421
0.0100491
0.0104979
0.0107192
0.0108769
0.0102131
0.011081
0.0101907
0.0103376
0.0106442
0.00966456
0.00801618
0.0107731
0.0118263
0.00995134
0.00962336
0.0089793
0.0135064
0.00931214
0.00863709
0.00975451
0.0102007
0.00955287
0.00919871
0.0102463
0.0101285
0.00961537
0.00994137
0.00916917
0.0099783
0.00947221
0.00997935
0.0112246
0.00956763
0.00991722
0.0091744
0.00835388
0.00797336
0.0096304
0.00943471
0.00903838
0.00905872
0.00958223
0.0105245
0.00863664
0.00869283
0.00857611
0.00929265
0.0104656
0.00838957
0.00826841
0.00896776
0.0100885
0.00794467
0.00928277
0.00973616
0.00926071
0.00961588
0.0101197
0.0131802
0.00811113
0.00893629
0.00937089
0.00782713
0.00942648
0.00916488
0.00975285
0.0102103
0.0104769
0.00886829
0.00948723
0.00970847
0.00933769
0.00347451
