0.8
0.00240115
0.00241482
0.00238955
0.00248587
0.00240736
0.0022547
0.00232855
0.00233045
0.00238373
0.00240965
0.00237226
0.00218831
0.00237737
0.00242996
0.00227618
0.00222911
0.00214268
0.00233117
0.00219826
0.00227658
0.00244694
0.00241369
0.00234342
0.00219949
0.00226371
0.0023797
0.00247419
0.00237529
0.00224511
0.00216135
0.00243734
0.0022747
0.00245442
0.00231289
0.00223431
0.00228295
0.00223993
0.00227922
0.00231625
0.00224728
0.002088
0.00237043
0.00219432
0.00229154
0.0022154
0.00220778
0.00220933
0.00226847
0.0022794
0.00213059
0.00243384
0.00223978
0.00224078
0.00225495
0.00222137
0.00218986
0.00219745
0.00217267
0.00232942
0.00226223
0.00215431
0.00217407
0.00225712
0.00229338
0.00223559
0.00204624
0.00231189
0.00228611
0.00222488
0.00229279
0.00232379
0.00223782
0.00217667
0.00211365
0.00226869
0.002243
0.0022261
0.00217422
0.00224117
0.00222393
0.0022234
0.00219335
0.00208773
0.00207652
0.00218344
0.00214363
0.00208104
0.00230628
0.00216722
0.00226506
0.00197952
0.00218014
0.00223988
0.00224982
0.00216
0.00204948
0.00219323
0.00206609
0.00221133
0.00205094
0.00235108
0.00233947
0.00208131
0.00222359
0.00221157
0.00217687
0.00218454
0.00208818
0.00219734
0.00230401
0.00217623
0.00219585
0.00218332
0.0023628
0.00227757
0.00219484
0.00215734
0.00208681
0.00219623
0.00212844
0.00211386
0.00219281
0.00221395
0.00209263
0.00216473
0.00212133
0.00228005
0.00219381
0.00208605
0.00227382
0.00217388
0.00223201
0.00222556
0.00199581
0.00227
0.00211191
0.00214784
0.00190498
0.00212672
0.0022555
0.00213035
0.00207479
0.00217882
0.00214105
0.00226093
0.00214264
0.00216753
0.00221904
0.00217334
0.00216075
0.00213889
0.00201439
0.00216743
0.00211031
0.00208443
0.00214568
0.00207942
0.00209142
0.00222435
0.00212845
0.00200004
0.00211979
0.00206493
0.00226101
0.00217061
0.00204668
0.00207251
0.00204286
0.00208449
0.00215215
0.0021769
0.00217076
0.00203082
0.00210562
0.00213043
0.00217627
0.00213334
0.00219515
0.00206502
0.00210946
0.00200157
0.00212518
0.00206203
0.00194679
0.00213733
0.00211221
0.00198051
0.00197599
0.00199284
0.00219256
0.00210616
0.00211938
0.0020181
0.00208271
0.00206978
0.00216992
0.00209313
0.00213431
0.00197435
0.00196717
0.00201057
0.00197612
0.00206587
0.00208775
0.00193136
0.00222173
0.0020835
0.0021364
0.00206481
0.00196779
0.00198343
0.0019326
0.00210549
0.00210807
0.00209944
0.00204501
0.00207518
0.00205349
0.00210527
0.00195265
0.00199363
0.00204948
0.00218452
0.00204307
0.00203951
0.00202947
0.00190372
0.00195858
0.00216235
0.00207157
0.00201925
0.00204055
0.00210798
0.00193812
0.00213012
0.0021714
0.00191861
0.00195208
0.00201461
0.00204927
0.00192382
0.00193344
0.00206819
0.00185776
0.00195911
0.00205274
0.00199076
0.00205421
0.00190181
0.00215368
0.00202873
0.00217674
0.00188777
0.00209816
0.00201866
0.00199065
0.0021087
0.00195433
0.00210604
0.00189742
0.00200445
0.00207686
0.00194628
0.0020393
0.00200685
0.00198288
0.0020546
0.00194633
0.00186041
0.00207867
0.00188266
0.00197037
0.00200298
0.00196824
0.00194674
0.00216068
0.00218652
0.00206107
0.00190261
0.00181619
0.00189562
0.00192931
0.00201982
0.00198595
0.00186416
0.00196933
0.00211722
0.00202057
0.00191024
0.00189918
0.00192842
0.00193777
0.00197168
0.00195349
0.00184993
0.00184199
0.00207868
0.00214191
0.00195374
0.00188218
0.00212779
0.00196526
0.00195527
0.00188168
0.00203909
0.00204184
0.00195745
0.00191024
0.00191168
0.00199188
0.00187442
0.00196248
0.00184836
0.0018068
0.0020131
0.0020267
0.0018832
0.0018897
0.00198435
0.00190851
0.00197904
0.00199323
0.00186294
0.00187376
0.00193833
0.00198772
0.00188588
0.00195146
0.0019438
0.0019644
0.00201868
0.00202525
0.00185808
0.00191364
0.0018953
0.00187017
0.00185603
0.00200696
0.00187254
0.00188551
0.00191318
0.00194133
0.00190211
0.00199801
0.00194693
0.00183251
0.00202297
0.00184854
0.00175471
0.00193973
0.0019287
0.00198332
0.00203653
0.00200878
0.0019647
0.00182168
0.00202768
0.0020001
0.00194084
0.00201104
0.00197422
0.00204435
0.00189442
0.00173418
0.00174723
0.00198492
0.00193008
0.00190311
0.00185372
0.00181778
0.00175502
0.00201761
0.00187071
0.00198451
0.0018165
0.00203937
0.0018409
0.00205835
0.00194564
0.0020329
0.00186708
0.00197759
0.00200153
0.00176398
0.00181806
0.00182093
0.00184473
0.00190176
0.00191254
0.00188202
0.00205642
0.00182637
0.00187452
0.00183037
0.00197436
0.00188519
0.00191565
0.00182831
0.00194814
0.00190992
0.00187369
0.00181171
0.00191652
0.00192958
0.0019561
0.00183069
0.00181845
0.00188023
0.00209495
0.00191332
0.00188248
0.00187844
0.00186464
0.00176296
0.001776
0.00168365
0.00196228
0.00188983
0.00188714
0.00182794
0.0019376
0.00176618
0.00188854
0.00172235
0.00193202
0.00187052
0.00186713
0.0018091
0.00175513
0.00183983
0.00197591
0.00186413
0.00192283
0.00189586
0.00182133
0.0019006
0.00198255
0.00185391
0.00188705
0.00183893
0.00187432
0.00186632
0.00170877
0.0018439
0.00175152
0.00205136
0.00187102
0.00190106
0.0018967
0.00199018
0.00184497
0.00192578
0.0018386
0.00188781
0.00188131
0.00192528
0.00189443
0.0018462
0.00178131
0.0018997
0.00190475
0.00187084
0.00187253
0.00202155
0.00194924
0.00191855
0.00205431
0.00172266
0.00196185
0.00191481
0.00187827
0.00190465
0.00189641
0.00187234
0.00183924
0.00179007
0.00186552
0.00179754
0.00179094
0.00185836
0.00175198
0.00186878
0.00192266
0.00197549
0.00176106
0.0019421
0.00190888
0.00177383
0.00186296
0.000710772
