0.8
0.00550007
0.00563258
0.00603349
0.00591836
0.00544309
0.00545662
0.00554291
0.00600951
0.00582816
0.00560703
0.00560355
0.00566948
0.00509797
0.00522766
0.00517137
0.00592621
0.00521358
0.00584225
0.00562029
0.00507418
0.00563238
0.00512441
0.00536485
0.00576625
0.00559015
0.00531028
0.00559955
0.00550702
0.00615904
0.00526339
0.00546285
0.0053387
0.00487868
0.00552741
0.00512838
0.00515194
0.00483472
0.00541995
0.00615442
0.00496549
0.00554875
0.00508215
0.00517927
0.00555515
0.00569324
0.00528984
0.00524867
0.0043736
0.00617676
0.00596737
0.00556553
0.00583383
0.00544562
0.00574116
0.00582343
0.00596007
0.00503119
0.00511534
0.00511074
0.00472609
0.00522534
0.00516451
0.0048226
0.00549239
0.00419028
0.00490932
0.00475367
0.00558654
0.00524327
0.00518984
0.00533967
0.00575579
0.00500021
0.00507762
0.00536221
0.00489956
0.0051673
0.00567746
0.00520441
0.0051265
0.00458924
0.00531314
0.00537936
0.0052489
0.00481138
0.00495133
0.00540286
0.00507184
0.00549347
0.00520227
0.00500511
0.00504262
0.00486575
0.00498177
0.00551273
0.00468505
0.00458006
0.004883
0.0048288
0.00546837
0.00538849
0.00497673
0.00465588
0.00482723
0.00457865
0.00451784
0.00460279
0.00544721
0.00395284
0.00463781
0.00456792
0.00480561
0.00457441
0.00470889
0.00517005
0.00512698
0.00474397
0.00425208
0.00527051
0.00509905
0.00508805
0.00475721
0.00486026
0.00485657
0.00485928
0.00442901
0.00474381
0.00486131
0.00451756
0.00438115
0.00475484
0.00543676
0.00436177
0.00448525
0.00459227
0.00523063
0.00463046
0.00439969
0.00500508
0.00501898
0.00529669
0.00495832
0.0047601
0.00482789
0.0046802
0.00490324
0.00471957
0.00424812
0.00436799
0.00453814
0.00463302
0.00474574
0.00448536
0.00488182
0.00442427
0.00489499
0.00433087
0.00467527
0.00459393
0.00466753
0.00499849
0.00425615
0.00458702
0.00447946
0.00435741
0.00467666
0.00463034
0.00499712
0.00452986
0.00462485
0.00497609
0.00473389
0.00469481
0.00498695
0.00489987
0.00470735
0.00469043
0.00495698
0.00479995
0.00440601
0.0050666
0.0046316
0.00444216
0.00421925
0.00454728
0.0044345
0.00466862
0.00502955
0.00431345
0.00473177
0.00537707
0.00392299
0.00494829
0.00447182
0.00455311
0.00423696
0.00470896
0.00469379
0.00389538
0.00173764
