0.8
0.00318295
0.00367692
0.00353949
0.00372426
0.0031476
0.00387786
0.00359799
0.00357621
0.00342322
0.00372047
0.00365095
0.00333073
0.00374421
0.00348246
0.00359909
0.00345411
0.00352518
0.00330534
0.0037862
0.00355375
0.00341438
0.00385723
0.00366717
0.00350884
0.00368987
0.00333354
0.00353209
0.00333607
0.00347076
0.0031729
0.00355887
0.00339757
0.00337397
0.00341605
0.00350491
0.00364455
0.00347924
0.00353402
0.00376629
0.00351789
0.00353458
0.00346996
0.00331619
0.00352229
0.00341313
0.00375234
0.00339622
0.00325664
0.00345833
0.00334689
0.003158
0.00343629
0.00356904
0.00348683
0.00334645
0.00302801
0.0032771
0.00333438
0.00309575
0.0034891
0.00329724
0.00338255
0.00369414
0.00354616
0.00323752
0.00341053
0.00337157
0.00324921
0.00335589
0.00320405
0.00354414
0.00314635
0.00358335
0.00341061
0.00312914
0.0031896
0.00331844
0.00324414
0.00306683
0.00347225
0.00384412
0.00301944
0.00301758
0.00315444
0.00303916
0.00319536
0.00338294
0.00307542
0.00337037
0.0028897
0.00298151
0.00318749
0.00372944
0.00315084
0.00339915
0.00318189
0.00330817
0.00324051
0.00333741
0.00354901
0.00308146
0.00374787
0.00344506
0.00338526
0.00286716
0.00336927
0.00321138
0.00313304
0.00309683
0.00333218
0.00322195
0.00289547
0.00309152
0.0030865
0.00340887
0.00325437
0.00336516
0.00333261
0.00315315
0.0031934
0.00312013
0.00324033
0.00326008
0.00320327
0.00330695
0.00347253
0.00344831
0.00311618
0.0032721
0.0032335
0.00330756
0.00305279
0.00324144
0.00344155
0.00321154
0.00325724
0.00320861
0.0030621
0.00309766
0.00306345
0.00305459
0.00297211
0.00327092
0.00326013
0.00305114
0.00307
0.0029248
0.00315708
0.00298671
0.00310249
0.00316029
0.00309277
0.00299429
0.00305299
0.00268381
0.00295166
0.00306972
0.00320391
0.00293055
0.00306775
0.00310116
0.00297385
0.00310036
0.00285246
0.00332062
0.00308672
0.00299653
0.00305802
0.00296072
0.00299356
0.00280796
0.00309415
0.00281531
0.00293298
0.00315286
0.00302365
0.00310897
0.0032551
0.00299999
0.0029189
0.002852
0.00310659
0.00308625
0.00286459
0.00321946
0.0030151
0.00270197
0.00286115
0.00281958
0.00290364
0.0032024
0.0029056
0.00326771
0.00300534
0.00286856
0.0027223
0.00271748
0.00283501
0.00322879
0.0030846
0.00309711
0.00287703
0.00291149
0.0026906
0.00267177
0.00291933
0.00302511
0.00323376
0.00268794
0.00299881
0.00296973
0.00316284
0.00314174
0.00311604
0.00266402
0.00281534
0.00309272
0.00297593
0.00314864
0.00332171
0.00325033
0.00302185
0.00281512
0.00319561
0.00304368
0.0030381
0.00287778
0.00305054
0.00307918
0.00288033
0.00300662
0.00319618
0.00328043
0.00275057
0.00276433
0.00308217
0.00330296
0.00300572
0.00286952
0.00313426
0.00300016
0.00302277
0.00299127
0.00285559
0.00301388
0.00317363
0.0029121
0.00304877
0.00250407
0.00280455
0.00314156
0.00282724
0.00283607
0.00315661
0.00285678
0.00314315
0.00275474
0.00285729
0.00303509
0.00296314
0.00296576
0.00265136
0.00312463
0.00287934
0.00280947
0.00276966
0.00290392
0.0029048
0.00283704
0.00311001
0.00298107
0.00285167
0.00275759
0.00327188
0.00277139
0.00287093
0.00306182
0.0027339
0.00299361
0.00275595
0.00304471
0.00274449
0.00280564
0.00298237
0.00292651
0.00287904
0.00275265
0.00270134
0.00275568
0.00316848
0.00259261
0.00270598
0.00298141
0.00257395
0.00303716
0.00289769
0.0030303
0.00274437
0.00276574
0.00290209
0.00298058
0.00302379
0.00278182
0.00286675
0.00275526
0.0028767
0.00287727
0.00255191
0.00285327
0.00299594
0.0027681
0.00267533
0.00248715
0.00267932
0.00305501
0.00273919
0.00310314
0.00296923
0.00297118
0.0010857
