0.8
0.00395803
0.00453684
0.00423183
0.00425309
0.00476212
0.00432066
0.00435511
0.00387814
0.00415442
0.00430763
0.00434283
0.00405689
0.00446957
0.00436044
0.00448997
0.00355167
0.00441551
0.0044318
0.00433317
0.00395109
0.00437487
0.00414533
0.00423499
0.0044351
0.00468007
0.00433104
0.00423341
0.00417548
0.00432085
0.00411849
0.00443821
0.0043258
0.00450089
0.00433257
0.00413651
0.004114
0.00383401
0.00419047
0.00442873
0.00472382
0.00432193
0.00423249
0.00404688
0.00433834
0.00392564
0.00361911
0.00405824
0.00421948
0.00436448
0.00423716
0.00440175
0.00436041
0.0039398
0.00399561
0.00427674
0.00417102
0.00417144
0.00398098
0.00404284
0.00389715
0.00421496
0.00407363
0.00429861
0.00408968
0.00393091
0.0037663
0.00388239
0.00367399
0.00405013
0.00393101
0.00404587
0.00388831
0.00417482
0.00406481
0.00399616
0.00417839
0.00425904
0.00426556
0.00452303
0.00388263
0.00365615
0.00423803
0.00420422
0.00383807
0.00388375
0.00432425
0.00365005
0.00418937
0.00402396
0.00382314
0.0039989
0.00441863
0.00375249
0.00412534
0.00372014
0.00388115
0.00362335
0.0041308
0.00374453
0.00390669
0.00393818
0.00392745
0.00420038
0.0037988
0.00405826
0.00375409
0.00367866
0.00423407
0.00412385
0.00373269
0.00325636
0.00419078
0.00448389
0.00361818
0.00368612
0.00355495
0.00386272
0.00387482
0.00398817
0.00404002
0.00403006
0.0035528
0.00361031
0.004035
0.0040683
0.0036814
0.00405457
0.00381287
0.00374523
0.00381474
0.00415652
0.00407884
0.00362651
0.0037768
0.00383937
0.00430885
0.00383578
0.00380694
0.00349184
0.00340289
0.00375533
0.00343212
0.00367154
0.00368749
0.00360019
0.00412771
0.0034361
0.00424988
0.00354708
0.00352449
0.0038487
0.00373151
0.00365885
0.00390385
0.00391043
0.00414205
0.00342419
0.00320831
0.00341252
0.00354195
0.0034555
0.00350732
0.00376022
0.00371983
0.00364461
0.0039505
0.0035957
0.00348444
0.00413958
0.00389645
0.00391878
0.00324845
0.00365656
0.0040998
0.0038287
0.00364938
0.0039296
0.00365275
0.00357884
0.0036608
0.00357247
0.0038553
0.00371164
0.00354273
0.00347639
0.00354845
0.00383354
0.00368525
0.00355774
0.00376373
0.0037197
0.0034935
0.003453
0.00365287
0.00314765
0.00378488
0.00368377
0.003575
0.00340177
0.00351588
0.00398235
0.00336821
0.00372049
0.00346867
0.00342284
0.00347395
0.0036876
0.0035194
0.00353551
0.00354251
0.00399484
0.00336636
0.00353028
0.00307425
0.0034281
0.0035682
0.0037822
0.00386247
0.0036555
0.00343878
0.00372697
0.00352063
0.00365455
0.00340956
0.00363327
0.0038156
0.00333309
0.00331959
0.00386757
0.0035768
0.00367967
0.00334791
0.00355326
0.00323395
0.00388871
0.003374
0.00347612
0.00326512
0.0036402
0.00359329
0.00373585
0.00353037
0.00358027
0.00380769
0.00374526
0.003547
0.0033235
0.00336499
0.00354193
0.00334121
0.00345369
0.00385153
0.00352209
0.00338173
0.00369737
0.00349956
0.00350886
0.00363472
0.00320277
0.00133767
