0.8
0.00277499
0.00273198
0.00278915
0.00262837
0.00289293
0.0028738
0.00282721
0.00268166
0.00270272
0.00274273
0.00268999
0.00282051
0.00260374
0.00248862
0.00258271
0.00259472
0.00256262
0.0023725
0.00263087
0.00266873
0.00272029
0.00254441
0.0026245
0.002576
0.00262047
0.0025618
0.0025693
0.00260915
0.0024955
0.00246548
0.00260926
0.00263166
0.00258495
0.00261011
0.00242585
0.00260623
0.00279543
0.00254893
0.00259374
0.00256798
0.00248054
0.00232072
0.00255427
0.00256655
0.00277799
0.00272847
0.00242129
0.00240512
0.00251895
0.00238577
0.00257915
0.00251707
0.00252078
0.00242295
0.00263151
0.00262226
0.00260654
0.00263622
0.00254675
0.00261377
0.00263092
0.00245808
0.00254828
0.00260958
0.00256112
0.00262352
0.00253851
0.00267473
0.00256562
0.00244084
0.00240576
0.00252919
0.00257729
0.00264029
0.00248982
0.00239741
0.00256485
0.00265109
0.00249161
0.00267698
0.00240005
0.0023856
0.00253715
0.002277
0.00239547
0.00242155
0.00243972
0.00246113
0.00263061
0.00230655
0.00239097
0.00246701
0.00236801
0.00251332
0.00242796
0.00245453
0.0026072
0.00251943
0.00239692
0.00257521
0.00247216
0.00250201
0.0025461
0.00254704
0.00240683
0.00251022
0.00245888
0.00239545
0.0023897
0.00250185
0.00232648
0.00256765
0.00260456
0.00249224
0.00247294
0.00239152
0.00231779
0.00250368
0.00230449
0.00231219
0.00235452
0.00249725
0.00251306
0.00236001
0.0024279
0.00264162
0.00263579
0.00255457
0.00249786
0.00257832
0.00220268
0.00237914
0.00249198
0.00245763
0.00249516
0.00239587
0.00241851
0.00231835
0.00243232
0.00263733
0.00243353
0.00245803
0.0023881
0.00244654
0.00238579
0.0023023
0.00254704
0.00229271
0.00251319
0.00230968
0.00233295
0.00238365
0.00218344
0.00236459
0.00226024
0.00246616
0.00239699
0.00227431
0.00224154
0.00234187
0.00235043
0.0023252
0.00244872
0.00230982
0.00228451
0.0024004
0.00242713
0.00233004
0.00221792
0.00246641
0.00232587
0.00249603
0.00236583
0.00238533
0.00225502
0.0023559
0.00231
0.00251732
0.00241766
0.00206778
0.00251206
0.00233712
0.00231233
0.00247468
0.00225147
0.00238256
0.0024779
0.00230392
0.00233134
0.00240558
0.00232703
0.00222705
0.00228664
0.00244433
0.00238844
0.00235234
0.00218267
0.0022171
0.00227657
0.00227663
0.00220694
0.00256987
0.00245331
0.00234446
0.00213528
0.00244749
0.00230079
0.00221942
0.0023763
0.00227896
0.00196564
0.00236608
0.00221187
0.002215
0.0022007
0.00220647
0.00220893
0.00232436
0.00218655
0.00236645
0.00230383
0.00221826
0.00214688
0.00231432
0.00234098
0.00217298
0.0023234
0.00226951
0.00220015
0.00254882
0.00231328
0.00211561
0.00223496
0.00233302
0.00199074
0.00227373
0.00218737
0.00238872
0.00212703
0.00209428
0.0022379
0.00229054
0.00223038
0.0022832
0.00233341
0.00233823
0.00222938
0.0025166
0.00228583
0.00219601
0.00224865
0.00218706
0.00213409
0.0022156
0.00192467
0.00223021
0.00228491
0.00219495
0.00228449
0.00226784
0.00224682
0.00227746
0.00232944
0.00239716
0.00225912
0.0021561
0.00223761
0.00238927
0.00239514
0.00214236
0.00218593
0.00208657
0.00229971
0.00233532
0.00249585
0.00228484
0.00230726
0.00210798
0.00212443
0.00233422
0.0022324
0.00221233
0.00239569
0.00220448
0.00244493
0.00218138
0.00237313
0.00216091
0.00221235
0.00217919
0.00202966
0.00207238
0.0023317
0.00205998
0.00215517
0.00228392
0.00233322
0.00211137
0.00217
0.00232038
0.00226501
0.00228824
0.00215728
0.00220383
0.00229577
0.00226377
0.0022878
0.00224006
0.00210686
0.0020805
0.00240642
0.00226437
0.00208422
0.0022283
0.00221133
0.00217645
0.00216643
0.0021376
0.00235464
0.00213733
0.00228216
0.00211986
0.00212622
0.00207343
0.00226835
0.00218439
0.00218382
0.00223904
0.00207275
0.00219204
0.00196224
0.00208748
0.00222726
0.00208448
0.00213489
0.00199866
0.00233388
0.00203622
0.00234553
0.00203587
0.00224451
0.0019847
0.0020409
0.0022614
0.00219443
0.00222606
0.00209771
0.0022504
0.002102
0.00219558
0.0022247
0.00227794
0.00228884
0.00217625
0.00216143
0.00213694
0.00204583
0.00217606
0.00215838
0.00206261
0.00204176
0.00217985
0.0020844
0.00205707
0.0022281
0.00206169
0.00212047
0.00228163
0.00218989
0.00217752
0.00216018
0.0021924
0.00218726
0.00225023
0.00223276
0.00221172
0.0020745
0.00227348
0.0021487
0.00217168
0.00221225
0.00199917
0.0021497
0.0018419
0.00228431
0.0022345
0.00202094
0.00212089
0.00214843
0.00228315
0.00218573
0.00223663
0.0024439
0.00212668
0.00217357
0.00209037
0.00194447
0.00199509
0.00208171
0.0020235
0.00224475
0.00205186
0.00205618
0.00222958
0.00216605
0.00213445
0.00212915
0.00223284
0.0021777
0.0022004
0.00214487
0.00219193
0.00214461
0.00219112
0.00206831
0.00200598
0.0020985
0.00207114
0.00197273
0.00192123
0.0020288
0.00211726
0.00216756
0.00207838
0.00217871
0.00215959
0.00223306
0.00215897
0.0020167
0.000809641
