0.8
0.00356064
0.00390781
0.00385951
0.00403285
0.00390793
0.00397828
0.00416188
0.00391195
0.00418698
0.00390648
0.00394894
0.003656
0.00402188
0.00395018
0.0037279
0.00373447
0.00383657
0.00386586
0.00363002
0.00368457
0.0038591
0.00358614
0.00348843
0.00373665
0.00374086
0.00382043
0.00384762
0.00357974
0.00386486
0.00407517
0.00376484
0.00414679
0.00411424
0.00428778
0.00369962
0.0040756
0.00366715
0.003778
0.00374296
0.00380396
0.0037596
0.0036626
0.00375647
0.00402791
0.00388657
0.00376929
0.00392351
0.00387887
0.00336119
0.00371601
0.00385583
0.00383368
0.00372217
0.00337217
0.00338453
0.00371843
0.00352378
0.00391672
0.00406264
0.00356742
0.00332495
0.00363029
0.00374991
0.0038851
0.00325036
0.00360615
0.00350414
0.0035563
0.00329809
0.00372468
0.00371418
0.00364134
0.00369054
0.00357359
0.00349766
0.0033232
0.00401701
0.00363038
0.00397201
0.00374366
0.00326835
0.00307656
0.00353126
0.00377332
0.00363084
0.00370412
0.00374099
0.00351708
0.00337073
0.0036673
0.00397885
0.00343207
0.00348971
0.00333242
0.00378414
0.00332283
0.00366024
0.00363439
0.00338801
0.00349761
0.00336705
0.0035125
0.00370947
0.00367166
0.00377515
0.00334933
0.00352076
0.00331691
0.00354451
0.00345367
0.00316462
0.00313777
0.00348392
0.00362185
0.00353243
0.00348287
0.00316335
0.00386043
0.00356125
0.00353668
0.00335951
0.0029747
0.00374668
0.00335054
0.00339445
0.00354886
0.00383002
0.0033249
0.00357615
0.00331345
0.00334282
0.00366054
0.00376635
0.00325907
0.00368302
0.00323176
0.00323918
0.00322754
0.00356205
0.00342979
0.00313342
0.00328224
0.00332874
0.0031837
0.00358525
0.00343399
0.00311628
0.00329519
0.00354176
0.00342166
0.00315422
0.00321464
0.00305217
0.00355854
0.00352524
0.00343979
0.00353211
0.00326383
0.00340351
0.00330294
0.00357352
0.00346533
0.00328755
0.00324738
0.00334256
0.00313894
0.00367758
0.00341052
0.0033875
0.00326871
0.00374634
0.0031241
0.00331541
0.00352435
0.00318283
0.0032637
0.00343216
0.0031723
0.00311521
0.00346515
0.00364327
0.00341954
0.00308886
0.00307205
0.00310367
0.00323144
0.00352702
0.00345889
0.00367711
0.00344362
0.00342863
0.00333923
0.00348634
0.00338912
0.00313473
0.00342934
0.00318228
0.00334402
0.00321483
0.00310377
0.00315136
0.00337888
0.00335781
0.00320859
0.00328743
0.00324463
0.00312125
0.00309838
0.00350742
0.00325442
0.00320632
0.0030553
0.00338833
0.00338785
0.00358811
0.00304795
0.00338402
0.00352993
0.00347366
0.00323541
0.00323675
0.003231
0.00290515
0.00355319
0.00333632
0.00340007
0.00335793
0.00333562
0.00345802
0.0030597
0.00335133
0.00293905
0.0033922
0.00326528
0.00324775
0.00304961
0.00304871
0.00294367
0.00325092
0.00328812
0.00311856
0.00370726
0.00303368
0.00316898
0.00329194
0.00321771
0.00316939
0.00329398
0.00329492
0.00307427
0.00320126
0.00321727
0.00312477
0.00311163
0.00326672
0.00331013
0.00312312
0.00297614
0.00305287
0.00331966
0.00344016
0.0035079
0.00340418
0.00349958
0.00325222
0.00300292
0.0030444
0.0034009
0.00327358
0.00280778
0.00301793
0.0030163
0.00302448
0.00314442
0.00341956
0.00309673
0.00305246
0.00334434
0.00317843
0.00344407
0.00323213
0.00331821
0.0030966
0.00299604
0.0031465
0.00326189
0.00347517
0.00286117
0.00320806
0.0012002
