0.8
0.00397624
0.00429458
0.00397913
0.00445857
0.00435776
0.0041688
0.00407834
0.00409591
0.00408321
0.00433868
0.00436484
0.00414092
0.00423836
0.00407404
0.00417403
0.00406132
0.00449539
0.00415743
0.00386671
0.00407391
0.00422304
0.00450581
0.00421716
0.00412622
0.00443937
0.00407358
0.00440219
0.00395282
0.0039285
0.00397514
0.00371775
0.00437193
0.0045176
0.00427327
0.00402698
0.00401069
0.00404772
0.00406368
0.00386695
0.00396895
0.00415542
0.0043345
0.00430968
0.00392456
0.00384956
0.00389595
0.00415335
0.00402806
0.00414881
0.00383044
0.00384134
0.00386865
0.00406945
0.00420447
0.00398794
0.00407417
0.00408702
0.00411097
0.00414399
0.00410825
0.00361715
0.00397011
0.00402553
0.00424529
0.00362639
0.00399792
0.00405651
0.00383086
0.00400533
0.00392968
0.00406422
0.00404092
0.00408559
0.00383249
0.00375569
0.00386864
0.00404028
0.00398783
0.00391302
0.00383723
0.00357086
0.00397565
0.00387062
0.00416518
0.00375246
0.00396504
0.0044088
0.00389823
0.00327882
0.00417463
0.00369254
0.00412686
0.00363614
0.0034648
0.00375865
0.00383008
0.00390524
0.00373418
0.00365502
0.00385367
0.00367412
0.00381767
0.00384384
0.00376783
0.00350845
0.00370519
0.00410868
0.00387124
0.00367153
0.00361549
0.00399276
0.0038655
0.00389332
0.0036582
0.00394726
0.00354272
0.00378096
0.00345122
0.00377378
0.00420418
0.00364334
0.00352152
0.00371217
0.0032062
0.00358863
0.00371174
0.00342045
0.00335616
0.00377457
0.0036082
0.00408622
0.00368223
0.00388696
0.00390951
0.00325097
0.00369281
0.00328362
0.00341378
0.00347091
0.0036716
0.00326656
0.00373342
0.00361716
0.00386112
0.0037907
0.00329288
0.00313303
0.0039885
0.00383168
0.00391902
0.00362189
0.00389425
0.00330674
0.00387687
0.00334466
0.00369951
0.00372451
0.00377087
0.00367254
0.00370476
0.00350895
0.00358857
0.00355306
0.00318453
0.00350403
0.00336794
0.00425416
0.00378594
0.00382753
0.00335264
0.0032864
0.00358231
0.00313806
0.00350812
0.00351083
0.00378602
0.00353703
0.00337297
0.00342536
0.00322032
0.00370114
0.00326895
0.00355767
0.00364986
0.00351098
0.00316053
0.00360858
0.00356207
0.00357206
0.00341838
0.00351941
0.00339342
0.00311486
0.00318177
0.00354986
0.00339082
0.00347973
0.00354359
0.00363283
0.00326099
0.00337347
0.0033776
0.0032673
0.00346659
0.00361633
0.0033518
0.00348941
0.00351974
0.00386574
0.0042737
0.0034704
0.0033416
0.00330536
0.00333419
0.00326137
0.00340508
0.00327068
0.00346719
0.00361888
0.00353548
0.00383148
0.00342675
0.00330148
0.00353266
0.00309895
0.00322949
0.0032041
0.00322915
0.00356046
0.00326734
0.0034148
0.00326928
0.00323452
0.00368665
0.00371118
0.00317595
0.00325984
0.00359169
0.00342469
0.00322811
0.00329469
0.00380313
0.00341237
0.00334647
0.00345044
0.00301255
0.00368029
0.00309802
0.00355589
0.00341514
0.00347495
0.00326225
0.00286661
0.00320059
0.00355249
0.00358913
0.00396341
0.00348
0.00314718
0.00378331
0.00318276
0.00363767
0.00351545
0.00341602
0.00330009
0.00362879
0.00314211
0.00329098
0.00314553
0.00129049
