0.8
0.00878975
0.00869933
0.00908085
0.00965821
0.00839256
0.0101216
0.00871143
0.00851979
0.00990197
0.00932357
0.00796936
0.00910591
0.00889239
0.00830339
0.00852766
0.00731891
0.00830648
0.00882425
0.0074819
0.00861869
0.00900506
0.00916877
0.00855565
0.00795253
0.00939054
0.00806143
0.00802164
0.00831239
0.00854872
0.00875173
0.00855976
0.00885137
0.00743932
0.00714137
0.0074997
0.00670823
0.00962685
0.00779808
0.00807247
0.00778679
0.00779895
0.00739208
0.00742906
0.00824684
0.00922613
0.00721113
0.00889339
0.00763973
0.0085627
0.00838695
0.00781545
0.00870705
0.00705763
0.00826964
0.00703895
0.00763527
0.00692805
0.00793456
0.00748249
0.00759633
0.00751574
0.0072726
0.00704337
0.00739362
0.00831017
0.00818867
0.00872529
0.00739025
0.00706371
0.00649526
0.00806569
0.00778374
0.0069641
0.00612752
0.00837719
0.00750653
0.00749224
0.00835709
0.00697136
0.00781748
0.00700958
0.00765179
0.00789755
0.00675929
0.00751573
0.00714954
0.00695324
0.00772157
0.00687329
0.00635059
0.00655354
0.00812149
0.00724121
0.00648971
0.00734022
0.00800014
0.00807351
0.0069482
0.00801376
0.0070931
0.00674321
0.00705545
0.00755047
0.007634
0.00676075
0.00654486
0.00668599
0.00768921
0.00729848
0.00732446
0.00626731
0.00708955
0.00663896
0.00652237
0.00644976
0.00764322
0.00657953
0.00595413
0.00773471
0.00650349
0.00840174
0.00806693
0.00621029
0.00691759
0.00641958
0.00816457
0.00747883
0.00539954
0.0079138
0.0026857
