0.8
0.00873912
0.0105288
0.0123286
0.0101882
0.00948693
0.0101094
0.0114317
0.00885103
0.00995504
0.00854901
0.0106373
0.00956312
0.00990341
0.00952953
0.00958311
0.0090782
0.00950319
0.00962444
0.00831169
0.00921668
0.00980291
0.00915462
0.0112944
0.010952
0.00901711
0.00910256
0.00953528
0.00982584
0.00942834
0.00994624
0.00970118
0.00878219
0.00904472
0.00890223
0.0106844
0.0103416
0.0101396
0.0105316
0.00947524
0.00950122
0.00780601
0.00987864
0.00891092
0.0104551
0.0082478
0.0089864
0.00933174
0.00990784
0.00902246
0.0105025
0.00903131
0.00934986
0.00885557
0.00998528
0.00920398
0.00949327
0.00799484
0.00869752
0.00880633
0.0102814
0.00818897
0.00903549
0.0102124
0.00947899
0.00812851
0.00743494
0.00814749
0.00782656
0.00861577
0.00882371
0.00954455
0.00855744
0.00897561
0.00852747
0.00866517
0.00809017
0.00793881
0.0102307
0.00889049
0.00881754
0.01008
0.00835981
0.00876927
0.0066866
0.00789676
0.00997253
0.00892811
0.00850856
0.00788205
0.00773898
0.00841443
0.00835116
0.00790593
0.00836244
0.00733952
0.00885759
0.00793037
0.00887271
0.00886471
0.0083212
0.00874033
0.00793446
0.0094006
0.00983393
0.00886369
0.0102887
0.00759121
0.00847186
0.00851804
0.00315296
