0.8
0.00356873
0.00365185
0.00386817
0.00386142
0.00372082
0.00368096
0.00405364
0.00382075
0.0037874
0.00424962
0.00397823
0.00388856
0.00369377
0.00404195
0.00412219
0.0041288
0.00336621
0.0040641
0.00380515
0.00367055
0.00408892
0.00319906
0.00364675
0.00375911
0.00373965
0.00353116
0.00395013
0.00356771
0.00390562
0.00396653
0.00366648
0.00379309
0.00384101
0.00372856
0.00373014
0.00347036
0.00409074
0.00389918
0.00319311
0.00348783
0.00327322
0.00341552
0.00356324
0.00367385
0.00377208
0.00376263
0.00349162
0.00376804
0.00356868
0.00392574
0.00361704
0.00379119
0.00342079
0.00358869
0.00363567
0.00365618
0.00366497
0.00366769
0.00363459
0.00361793
0.00380854
0.00382703
0.00363745
0.00365976
0.00369414
0.00359327
0.00331714
0.0033295
0.00325983
0.00339054
0.00361127
0.0035647
0.0035437
0.00387315
0.00342534
0.00358344
0.00345936
0.00356409
0.00324389
0.00369721
0.00334023
0.00328796
0.00332471
0.00348252
0.00373251
0.00359414
0.00363048
0.00358651
0.00340369
0.00318273
0.00358605
0.0035734
0.00356174
0.0033161
0.0034509
0.00331598
0.00359567
0.00339932
0.0032614
0.00331892
0.00333964
0.00318953
0.00365212
0.00374479
0.003594
0.00334818
0.00324168
0.0035765
0.00321345
0.00344584
0.00329301
0.00353821
0.00336687
0.00327259
0.0034222
0.00362717
0.00302792
0.00331851
0.00333978
0.00335797
0.0035203
0.00313302
0.00327704
0.00315276
0.00328108
0.00333184
0.00352121
0.00338917
0.0032541
0.00356352
0.00325624
0.00310503
0.00332139
0.00350459
0.00322788
0.00332659
0.003286
0.00332709
0.00334187
0.00321956
0.00348541
0.0032856
0.00316117
0.00336271
0.00342031
0.00360351
0.00382284
0.0034294
0.00331284
0.00310667
0.0034789
0.00319663
0.00353681
0.00307985
0.00316396
0.0033033
0.00351856
0.00294995
0.00331832
0.003448
0.00304937
0.00342857
0.00319405
0.00312088
0.0030816
0.00321681
0.00319369
0.00327956
0.00317605
0.00333615
0.00343874
0.00316571
0.00324688
0.00331276
0.00324028
0.00361113
0.00319127
0.00330432
0.00317033
0.00328729
0.00297212
0.00319753
0.00326609
0.00320072
0.00320907
0.00297668
0.00322091
0.00341491
0.00301059
0.00314411
0.00325085
0.00312608
0.00340323
0.00324926
0.00320952
0.00304966
0.00320156
0.00343096
0.00319824
0.00295532
0.00345813
0.0030602
0.00300567
0.00321672
0.00279526
0.00348888
0.00319984
0.0032268
0.00305342
0.00301396
0.00329133
0.00289699
0.00300175
0.00317622
0.00316136
0.00329199
0.00325663
0.00322118
0.0030606
0.0032963
0.0031445
0.00315562
0.00298632
0.00306217
0.00308355
0.00277904
0.00324669
0.00329648
0.0032262
0.00314926
0.00312188
0.0028674
0.00313769
0.0028989
0.00310326
0.00296176
0.00303627
0.00310686
0.00302513
0.00307283
0.00294081
0.00357359
0.00299335
0.00299638
0.00277403
0.00339464
0.00319051
0.00295913
0.00302922
0.00332434
0.00299099
0.00274696
0.00291855
0.00302271
0.00302039
0.00306711
0.00338095
0.00292762
0.00288398
0.00305001
0.0031532
0.00312313
0.00276795
0.00330917
0.00279304
0.00308188
0.00279063
0.00307781
0.00304818
0.00289377
0.00285072
0.00313266
0.00304522
0.00300537
0.00309913
0.00309952
0.0032206
0.00302886
0.00301616
0.00303717
0.00312773
0.00314999
0.00319389
0.0029128
0.00296891
0.0031165
0.00322412
0.00307413
0.00321044
0.00277937
0.00318316
0.00304209
0.00316663
0.00318676
0.00307152
0.0031834
0.00306794
0.00303194
0.00296842
0.00116227
