0.5
0.0100503
0.0100503
0.0100503
0.0100503
0.0100503
0.0100503
0.0100503
0.0100503
0.0100503
0.0100503
0.0100503
0.0100503
0.0100503
0.0100503
0.0100503
0.0100503
0.0100503
0.0100503
0.0100503
0.0100503
0.0100503
0.0100503
0.0100503
0.0100503
0.0100503
0.0100503
0.0100503
0.0100503
0.0100503
0.0100503
0.0100503
0.0100503
0.0100503
0.0100503
0.0100503
0.0100503
0.0100503
0.0100503
0.0100503
0.0100503
0.0100503
0.0100503
0.0100503
0.0100503
0.0100503
0.0100503
0.0100503
0.0100503
0.0100503
0.0100503
0.0100503
0.0100503
0.0100503
0.0100503
0.0100503
0.0100503
0.0100503
0.0100503
0.0100503
0.0100503
0.0100503
0.0100503
0.0100503
0.0100503
0.0100503
0.0100503
0.0100503
0.0100503
0.0100503
0.0100503
0.0100503
0.0100503
0.0100503
0.0100503
0.0100503
0.0100503
0.0100503
0.0100503
0.0100503
0.0100503
0.0100503
0.0100503
0.0100503
0.0100503
0.0100503
0.0100503
0.0100503
0.0100503
0.0100503
0.0100503
0.0100503
0.0100503
0.0100503
0.0100503
0.0100503
0.0100503
0.0100503
0.0100503
0.0100503
0.00502513
