0.8
0.0100806
0.0100806
0.0100806
0.0100806
0.0100806
0.0100806
0.0100806
0.0100806
0.0100806
0.0100806
0.0100806
0.0100806
0.0100806
0.0100806
0.0100806
0.0100806
0.0100806
0.0100806
0.0100806
0.0100806
0.0100806
0.0100806
0.0100806
0.0100806
0.0100806
0.0100806
0.0100806
0.0100806
0.0100806
0.0100806
0.0100806
0.0100806
0.0100806
0.0100806
0.0100806
0.0100806
0.0100806
0.0100806
0.0100806
0.0100806
0.0100806
0.0100806
0.0100806
0.0100806
0.0100806
0.0100806
0.0100806
0.0100806
0.0100806
0.0100806
0.0100806
0.0100806
0.0100806
0.0100806
0.0100806
0.0100806
0.0100806
0.0100806
0.0100806
0.0100806
0.0100806
0.0100806
0.0100806
0.0100806
0.0100806
0.0100806
0.0100806
0.0100806
0.0100806
0.0100806
0.0100806
0.0100806
0.0100806
0.0100806
0.0100806
0.0100806
0.0100806
0.0100806
0.0100806
0.0100806
0.0100806
0.0100806
0.0100806
0.0100806
0.0100806
0.0100806
0.0100806
0.0100806
0.0100806
0.0100806
0.0100806
0.0100806
0.0100806
0.0100806
0.0100806
0.0100806
0.0100806
0.0100806
0.0100806
0.00201613
