0.7
0.0100705
0.0100705
0.0100705
0.0100705
0.0100705
0.0100705
0.0100705
0.0100705
0.0100705
0.0100705
0.0100705
0.0100705
0.0100705
0.0100705
0.0100705
0.0100705
0.0100705
0.0100705
0.0100705
0.0100705
0.0100705
0.0100705
0.0100705
0.0100705
0.0100705
0.0100705
0.0100705
0.0100705
0.0100705
0.0100705
0.0100705
0.0100705
0.0100705
0.0100705
0.0100705
0.0100705
0.0100705
0.0100705
0.0100705
0.0100705
0.0100705
0.0100705
0.0100705
0.0100705
0.0100705
0.0100705
0.0100705
0.0100705
0.0100705
0.0100705
0.0100705
0.0100705
0.0100705
0.0100705
0.0100705
0.0100705
0.0100705
0.0100705
0.0100705
0.0100705
0.0100705
0.0100705
0.0100705
0.0100705
0.0100705
0.0100705
0.0100705
0.0100705
0.0100705
0.0100705
0.0100705
0.0100705
0.0100705
0.0100705
0.0100705
0.0100705
0.0100705
0.0100705
0.0100705
0.0100705
0.0100705
0.0100705
0.0100705
0.0100705
0.0100705
0.0100705
0.0100705
0.0100705
0.0100705
0.0100705
0.0100705
0.0100705
0.0100705
0.0100705
0.0100705
0.0100705
0.0100705
0.0100705
0.0100705
0.00302115
