0.6
0.0100604
0.0100604
0.0100604
0.0100604
0.0100604
0.0100604
0.0100604
0.0100604
0.0100604
0.0100604
0.0100604
0.0100604
0.0100604
0.0100604
0.0100604
0.0100604
0.0100604
0.0100604
0.0100604
0.0100604
0.0100604
0.0100604
0.0100604
0.0100604
0.0100604
0.0100604
0.0100604
0.0100604
0.0100604
0.0100604
0.0100604
0.0100604
0.0100604
0.0100604
0.0100604
0.0100604
0.0100604
0.0100604
0.0100604
0.0100604
0.0100604
0.0100604
0.0100604
0.0100604
0.0100604
0.0100604
0.0100604
0.0100604
0.0100604
0.0100604
0.0100604
0.0100604
0.0100604
0.0100604
0.0100604
0.0100604
0.0100604
0.0100604
0.0100604
0.0100604
0.0100604
0.0100604
0.0100604
0.0100604
0.0100604
0.0100604
0.0100604
0.0100604
0.0100604
0.0100604
0.0100604
0.0100604
0.0100604
0.0100604
0.0100604
0.0100604
0.0100604
0.0100604
0.0100604
0.0100604
0.0100604
0.0100604
0.0100604
0.0100604
0.0100604
0.0100604
0.0100604
0.0100604
0.0100604
0.0100604
0.0100604
0.0100604
0.0100604
0.0100604
0.0100604
0.0100604
0.0100604
0.0100604
0.0100604
0.00402414
