0.3
0.0100301
0.0100301
0.0100301
0.0100301
0.0100301
0.0100301
0.0100301
0.0100301
0.0100301
0.0100301
0.0100301
0.0100301
0.0100301
0.0100301
0.0100301
0.0100301
0.0100301
0.0100301
0.0100301
0.0100301
0.0100301
0.0100301
0.0100301
0.0100301
0.0100301
0.0100301
0.0100301
0.0100301
0.0100301
0.0100301
0.0100301
0.0100301
0.0100301
0.0100301
0.0100301
0.0100301
0.0100301
0.0100301
0.0100301
0.0100301
0.0100301
0.0100301
0.0100301
0.0100301
0.0100301
0.0100301
0.0100301
0.0100301
0.0100301
0.0100301
0.0100301
0.0100301
0.0100301
0.0100301
0.0100301
0.0100301
0.0100301
0.0100301
0.0100301
0.0100301
0.0100301
0.0100301
0.0100301
0.0100301
0.0100301
0.0100301
0.0100301
0.0100301
0.0100301
0.0100301
0.0100301
0.0100301
0.0100301
0.0100301
0.0100301
0.0100301
0.0100301
0.0100301
0.0100301
0.0100301
0.0100301
0.0100301
0.0100301
0.0100301
0.0100301
0.0100301
0.0100301
0.0100301
0.0100301
0.0100301
0.0100301
0.0100301
0.0100301
0.0100301
0.0100301
0.0100301
0.0100301
0.0100301
0.0100301
0.00702106
