0.9
0.0100908
0.0100908
0.0100908
0.0100908
0.0100908
0.0100908
0.0100908
0.0100908
0.0100908
0.0100908
0.0100908
0.0100908
0.0100908
0.0100908
0.0100908
0.0100908
0.0100908
0.0100908
0.0100908
0.0100908
0.0100908
0.0100908
0.0100908
0.0100908
0.0100908
0.0100908
0.0100908
0.0100908
0.0100908
0.0100908
0.0100908
0.0100908
0.0100908
0.0100908
0.0100908
0.0100908
0.0100908
0.0100908
0.0100908
0.0100908
0.0100908
0.0100908
0.0100908
0.0100908
0.0100908
0.0100908
0.0100908
0.0100908
0.0100908
0.0100908
0.0100908
0.0100908
0.0100908
0.0100908
0.0100908
0.0100908
0.0100908
0.0100908
0.0100908
0.0100908
0.0100908
0.0100908
0.0100908
0.0100908
0.0100908
0.0100908
0.0100908
0.0100908
0.0100908
0.0100908
0.0100908
0.0100908
0.0100908
0.0100908
0.0100908
0.0100908
0.0100908
0.0100908
0.0100908
0.0100908
0.0100908
0.0100908
0.0100908
0.0100908
0.0100908
0.0100908
0.0100908
0.0100908
0.0100908
0.0100908
0.0100908
0.0100908
0.0100908
0.0100908
0.0100908
0.0100908
0.0100908
0.0100908
0.0100908
0.00100908
