0.4
0.0100402
0.0100402
0.0100402
0.0100402
0.0100402
0.0100402
0.0100402
0.0100402
0.0100402
0.0100402
0.0100402
0.0100402
0.0100402
0.0100402
0.0100402
0.0100402
0.0100402
0.0100402
0.0100402
0.0100402
0.0100402
0.0100402
0.0100402
0.0100402
0.0100402
0.0100402
0.0100402
0.0100402
0.0100402
0.0100402
0.0100402
0.0100402
0.0100402
0.0100402
0.0100402
0.0100402
0.0100402
0.0100402
0.0100402
0.0100402
0.0100402
0.0100402
0.0100402
0.0100402
0.0100402
0.0100402
0.0100402
0.0100402
0.0100402
0.0100402
0.0100402
0.0100402
0.0100402
0.0100402
0.0100402
0.0100402
0.0100402
0.0100402
0.0100402
0.0100402
0.0100402
0.0100402
0.0100402
0.0100402
0.0100402
0.0100402
0.0100402
0.0100402
0.0100402
0.0100402
0.0100402
0.0100402
0.0100402
0.0100402
0.0100402
0.0100402
0.0100402
0.0100402
0.0100402
0.0100402
0.0100402
0.0100402
0.0100402
0.0100402
0.0100402
0.0100402
0.0100402
0.0100402
0.0100402
0.0100402
0.0100402
0.0100402
0.0100402
0.0100402
0.0100402
0.0100402
0.0100402
0.0100402
0.0100402
0.0060241
