0.2
0.0025106
0.00258562
0.00247517
0.00257851
0.0025856
0.0025706
0.00252203
0.00248113
0.00248057
0.00249767
0.00256008
0.00262424
0.00254371
0.00261779
0.00250861
0.00253143
0.00253587
0.00253182
0.00259247
0.00261172
0.00243915
0.00247861
0.00269273
0.00256849
0.00251609
0.00257968
0.00255286
0.00252104
0.00247705
0.00245233
0.00256189
0.00250468
0.00245063
0.00248987
0.00252276
0.00252013
0.00255925
0.00254291
0.0024799
0.00246818
0.00251588
0.00251819
0.00249212
0.0025412
0.00252537
0.00253782
0.00257823
0.00250966
0.00247164
0.00249607
0.00254082
0.00248058
0.0025996
0.00247131
0.00250295
0.00258867
0.00246045
0.00249308
0.00252293
0.00255987
0.00247942
0.00253351
0.00256931
0.00251535
0.0024949
0.00241189
0.00254585
0.00245331
0.00250295
0.00245821
0.00254045
0.0024582
0.00234827
0.00243811
0.00252273
0.00249978
0.00253913
0.00252925
0.00246133
0.00265069
0.00248925
0.00255
0.00257022
0.00245903
0.00248423
0.0024915
0.00247489
0.00248442
0.00249834
0.00255244
0.00251861
0.00254695
0.00254652
0.00254798
0.00252106
0.00256031
0.00247206
0.00251456
0.00252819
0.00254611
0.00246741
0.00260178
0.00251671
0.00253095
0.0024996
0.00249496
0.0025632
0.00254324
0.00248461
0.00251029
0.00257719
0.00252186
0.00259577
0.00245316
0.00256031
0.00251393
0.00248361
0.00248186
0.00252179
0.00250476
0.00249517
0.00245207
0.00244305
0.00252209
0.00248244
0.00249459
0.00240446
0.00247448
0.00253488
0.00247886
0.00250619
0.00251819
0.00246827
0.00245003
0.00248228
0.00245847
0.00248759
0.00256755
0.00249845
0.00247206
0.0025191
0.00252932
0.00245708
0.0025403
0.00243014
0.00250112
0.00255397
0.00245652
0.00247277
0.00251491
0.0024756
0.0024937
0.00244771
0.00250914
0.00256321
0.00250545
0.00261705
0.0025588
0.00244639
0.00250425
0.00256666
0.00241702
0.00251205
0.00248213
0.00255747
0.0025284
0.00256416
0.00251142
0.00243356
0.00251438
0.00246848
0.00254313
0.00261962
0.00251966
0.00251895
0.0024532
0.00253578
0.00255913
0.00250323
0.00251102
0.00247029
0.0025565
0.00249021
0.00254604
0.00244841
0.0024946
0.00256309
0.00246828
0.00249829
0.00249209
0.00245463
0.00250398
0.00247364
0.00253083
0.00239971
0.00254939
0.00258819
0.0024747
0.00254207
0.0024427
0.00249221
0.00246849
0.00249404
0.0025651
0.00260393
0.0025113
0.00249063
0.00249367
0.00252852
0.00251149
0.00253165
0.00243472
0.00248088
0.00248896
0.00246811
0.00247421
0.00244714
0.00245815
0.00248831
0.00244256
0.00252104
0.00258572
0.00249972
0.00250897
0.00240019
0.00247963
0.00259124
0.00250646
0.00253167
0.00248571
0.00246019
0.00250878
0.00242631
0.00250943
0.00249706
0.00245443
0.00258813
0.00248466
0.00251426
0.0025234
0.00249522
0.00241293
0.00247171
0.00250389
0.00247246
0.00252254
0.00251482
0.00245886
0.00248824
0.00246353
0.00244677
0.00247662
0.00243496
0.00250885
0.0025034
0.00242879
0.00251401
0.00246876
0.00248231
0.00241735
0.00249675
0.0025157
0.00251743
0.00248792
0.00255687
0.00250587
0.0025563
0.0024336
0.00249524
0.00256018
0.00250934
0.00253125
0.00245822
0.00252495
0.00248882
0.00248506
0.00257516
0.00245068
0.00236494
0.00245228
0.0024743
0.00250466
0.00248813
0.00245979
0.00247921
0.00245972
0.00253487
0.00250755
0.00250988
0.00244018
0.00251691
0.00245612
0.0024616
0.00245985
0.00248956
0.00250886
0.00236464
0.00248793
0.00243413
0.00257558
0.00248621
0.00247539
0.00253057
0.00241381
0.00253635
0.00246636
0.00256712
0.00247826
0.00255641
0.00247011
0.00253618
0.00256209
0.00243051
0.0024429
0.00238447
0.00251892
0.00252583
0.0025318
0.00247585
0.00249609
0.00248482
0.00252665
0.00240473
0.00253431
0.0024231
0.00252357
0.00248398
0.00241638
0.00255669
0.00254281
0.00241246
0.00253261
0.00257768
0.00246025
0.00254935
0.00255502
0.00252968
0.0024676
0.00239731
0.00250224
0.00248282
0.0024086
0.00239865
0.00246171
0.00252895
0.00246005
0.00253804
0.00252881
0.00247628
0.00259804
0.00247057
0.00250848
0.00241331
0.00246641
0.00253563
0.00251271
0.00251849
0.00241933
0.00249885
0.0025339
0.00255651
0.00252334
0.00247442
0.00257912
0.00250696
0.00255083
0.00246274
0.00243345
0.00244746
0.00247591
0.00244613
0.0024317
0.00243517
0.0025171
0.00249328
0.00239511
0.00252393
0.00244387
0.00258185
0.00252162
0.00244247
0.00256916
0.00242865
0.00248774
0.00248797
0.0025305
0.00240748
0.00250475
0.00246829
0.00244423
0.0024514
0.00240115
0.00253489
0.00255179
0.00253247
0.00248322
0.00239773
0.00248092
0.00246251
0.00202799
