1
0.00452588
0.00395644
0.00418996
0.00453894
0.00460155
0.0041184
0.00458641
0.00495261
0.00386952
0.00398873
0.00368551
0.00435387
0.00356668
0.00391246
0.00437779
0.00438313
0.00430767
0.00397499
0.00465296
0.00469615
0.00408768
0.0037299
0.0041701
0.00419961
0.00393973
0.00392766
0.00449327
0.00411569
0.00381592
0.00395046
0.00441037
0.00320984
0.00438514
0.00417198
0.00316126
0.00337989
0.0040223
0.00403253
0.00439305
0.00358227
0.00420428
0.00380779
0.00448577
0.0042395
0.00427257
0.00372434
0.00374379
0.00378927
0.00439435
0.0038216
0.00381893
0.00355091
0.00394815
0.00350931
0.00375478
0.00439136
0.00403867
0.00356105
0.00359376
0.0038354
0.00434864
0.00387836
0.00366184
0.00366519
0.00297953
0.00392375
0.00361
0.00346406
0.00357394
0.00415524
0.00293312
0.00343264
0.00329871
0.00383179
0.00394844
0.00368423
0.00376799
0.00282199
0.00330011
0.00353832
0.00446114
0.00320997
0.0043599
0.00349589
0.00351656
0.00355454
0.00338471
0.00348827
0.00373811
0.00398546
0.00373896
0.00348434
0.00328541
0.00412487
0.00373823
0.0034333
0.00311713
0.00328469
0.00402038
0.00359092
0.00378774
0.00312995
0.00435239
0.00348248
0.0030761
0.00387702
0.00323882
0.00408507
0.00345311
0.00327295
0.00385863
0.00345508
0.00384351
0.00303394
0.00370478
0.00366689
0.00281531
0.00377314
0.00314079
0.00367632
0.00311997
0.00315798
0.00281212
0.0035401
0.00306675
0.00370523
0.00328066
0.00343698
0.00310345
0.00334889
0.00358182
0.00345178
0.00329227
0.00344166
0.00317029
0.00321066
0.00341756
0.00339727
0.00356126
0.00284509
0.0032338
0.00289882
0.00350768
0.00312806
0.00305446
0.00324467
0.00294206
0.0035023
0.00330671
0.00301837
0.0034368
0.00330016
0.00353484
0.00319054
0.00333574
0.00339846
0.00283277
0.00248262
0.00320895
0.00355065
0.0035277
0.00300259
0.00357143
0.00285646
0.00305466
0.00344532
0.00338802
0.00300532
0.00304332
0.00344907
0.0035806
0.00288385
0.00367373
0.00286033
0.00290367
0.00319545
0.00296674
0.00324084
0.00312348
0.00318302
0.00290616
0.00306289
0.00327607
0.00305055
0.00322544
0.00357984
0.00292507
0.00326739
0.00341052
0.00258662
0.0030984
0.00292201
0.00310262
0.00295613
0.00302063
0.00333969
0.0032521
0.00289668
0.00304928
0.00332438
0.00295968
0.00271829
0.00294579
0.00312004
0.00316794
0.00325124
0.00304346
0.00249614
0.00301513
0.00331083
0.00289697
0.00279808
0.00230261
0.00302971
0.00259935
0.0033472
0.00323219
0.0025877
0.00258126
0.00286958
0.00363418
0.00316161
0.00261518
0.00247992
0.00254594
0.00292077
0.0032023
0.00295879
0.00235119
0.00286042
0.00294237
0.00303266
0.00318274
0.00276872
0.00294855
0.0028468
0.00266747
0.00312477
0.00312078
0.0024608
0.00323425
0.00308609
0.00360775
0.002956
0.00277427
0.00331567
0.00289212
0.00298101
0.00311396
0.00293128
0.00330438
0.00255079
0.00279975
0.00284147
0.00284925
0.00283188
0.00271938
0.00287496
0.00319689
0.00250175
0.00325636
0.00237712
0.00308485
0.00269704
0.0031846
0.00279782
0.0026566
0.00280147
0.00292005
0.00243104
0.00276177
0.00255826
0.00278016
0.003259
0.00269731
0.00238532
0.00300653
0.00260066
0.00267663
0.00316324
0.00264438
0.00313158
0.00279158
0.00311905
0.00286546
0.00276052
0.00256998
0.0030242
0.00261394
0.00296578
0.00243348
0.00270657
0.00324431
0.0023851
0.00261701
0.00290648
0.00267057
0.00258411
0.00276238
0.000928794
