0.9
0.00459722
0.00415146
0.0037901
0.00373667
0.00373654
0.00378418
0.0039028
0.00431269
0.00396522
0.00371257
0.00434607
0.00437598
0.00332938
0.00409485
0.00374206
0.00385378
0.00460764
0.00380673
0.00441176
0.00397899
0.00356255
0.00438766
0.00424924
0.00357681
0.00359541
0.00383935
0.00352443
0.00415933
0.00420709
0.00422173
0.00357116
0.00381819
0.00401172
0.00345984
0.00409775
0.00331048
0.00418748
0.00362825
0.00432624
0.00372726
0.00410932
0.00382089
0.00407588
0.0039152
0.00423301
0.00416672
0.00417643
0.00447864
0.0035594
0.00343093
0.00331437
0.00394625
0.00387049
0.0037373
0.00373325
0.00386969
0.00420589
0.00352091
0.00425731
0.00408915
0.00327814
0.00410697
0.00391234
0.00387896
0.00392246
0.00363031
0.00335543
0.00361769
0.00367648
0.00302718
0.00365693
0.00367523
0.0038636
0.00346648
0.00404384
0.00400555
0.00384048
0.0041135
0.00341302
0.00413034
0.00368257
0.00346928
0.00359434
0.00406906
0.00320916
0.00421394
0.00336576
0.00352599
0.00385134
0.00344552
0.00322615
0.00323808
0.00432369
0.00353551
0.0041445
0.00332958
0.00332881
0.00323753
0.0034963
0.0035757
0.00328287
0.00334447
0.00329702
0.00370707
0.00334145
0.00365891
0.00374001
0.00309373
0.00334261
0.00310763
0.00355699
0.00316286
0.00353825
0.00276271
0.00339824
0.00355441
0.00312896
0.00313643
0.00343515
0.00337342
0.00297196
0.0032584
0.00297746
0.00299581
0.00305584
0.00321214
0.00299569
0.00309496
0.00342754
0.00297051
0.00309146
0.00332265
0.00338041
0.00340159
0.00366648
0.00381924
0.00349553
0.00324072
0.00286299
0.003237
0.00399429
0.00301379
0.00338049
0.00306593
0.00287539
0.00335908
0.00293139
0.00314982
0.00374891
0.0032521
0.00286132
0.00315301
0.00285664
0.00296288
0.00423754
0.00319694
0.00289564
0.00312103
0.00333872
0.00312965
0.00375632
0.00305152
0.00381106
0.00382159
0.00277221
0.00316494
0.00319433
0.00310651
0.00334041
0.00309949
0.00340886
0.0032302
0.00318216
0.00299945
0.00293729
0.00320012
0.00334992
0.00292114
0.00327022
0.00337312
0.0034104
0.00283755
0.00323974
0.00303712
0.00295419
0.00273351
0.00302621
0.00307897
0.00316843
0.00301454
0.00288124
0.00266029
0.00240862
0.00337669
0.0031111
0.00329564
0.00285572
0.00313479
0.00316981
0.00303394
0.00275786
0.00321541
0.00310116
0.00304673
0.00294159
0.00315861
0.00336789
0.00281401
0.00258291
0.00355214
0.00355432
0.00273053
0.00274852
0.00340864
0.00303773
0.00289725
0.00283699
0.00313636
0.00282424
0.0027092
0.00313895
0.00282771
0.00331749
0.00290647
0.00273142
0.00251942
0.00268676
0.00297732
0.00293501
0.00337813
0.00294726
0.0032618
0.00350742
0.00278578
0.00293139
0.00283392
0.00268654
0.00336504
0.00341802
0.00283974
0.00291519
0.00343445
0.00252514
0.00347396
0.0025635
0.00259337
0.00279167
0.00305637
0.00248896
0.00321603
0.00296041
0.00307645
0.00313723
0.00297065
0.00341176
0.00261501
0.00251056
0.0029875
0.00291772
0.00280237
0.00299764
0.00331782
0.0031801
0.00299302
0.00252003
0.00273344
0.00267158
0.00326856
0.00228128
0.00287562
0.00296544
0.00311706
0.00328688
0.00300923
0.00318212
0.00276945
0.00285521
0.00322823
0.00264221
0.00343694
0.00296781
0.00304279
0.00253756
0.00300852
0.00299969
0.00330683
0.00294452
0.00314352
0.00291992
0.00267266
0.00287746
0.00287167
0.00262714
0.00269439
0.00314862
0.00313571
0.00316274
0.00344829
0.00313461
0.00108492
