0.6
0.00516896
0.00621943
0.00617195
0.00546088
0.00497354
0.00616247
0.00605022
0.00629394
0.00574463
0.00497783
0.00540447
0.00507056
0.00557711
0.00570563
0.00540584
0.00575262
0.00542348
0.00530293
0.00516503
0.00511801
0.00519004
0.00535127
0.00498843
0.00510572
0.00486933
0.00552387
0.00535698
0.00506146
0.00493429
0.00505427
0.00483335
0.00482423
0.00575987
0.00529116
0.00479406
0.00568305
0.00506685
0.0054055
0.00533072
0.00489842
0.00507917
0.00495664
0.00514819
0.0053812
0.00504484
0.00479887
0.0051375
0.00509078
0.00469816
0.00529495
0.00519389
0.00582415
0.0055013
0.00448981
0.00606217
0.00475898
0.00489763
0.0054435
0.00458412
0.0042199
0.00515225
0.00561896
0.00553036
0.00571497
0.00504427
0.00500172
0.00495124
0.00517336
0.00503628
0.00526467
0.00492801
0.00564517
0.0045169
0.00513023
0.00509368
0.0048828
0.00518914
0.00509186
0.00413298
0.00526219
0.00497009
0.00530462
0.00441973
0.00495638
0.00537257
0.00479719
0.00480456
0.00495031
0.00517544
0.00608961
0.00444284
0.00499763
0.00498574
0.00500625
0.00561596
0.00498271
0.00578327
0.00514297
0.00469414
0.00466537
0.00460817
0.0047738
0.0045691
0.00505148
0.00533187
0.0047609
0.00444929
0.00549437
0.00480725
0.00513346
0.00515815
0.00479867
0.00466515
0.00496308
0.00472216
0.00480393
0.00454575
0.00495172
0.00472523
0.00504951
0.00526618
0.00605853
0.00473012
0.00484334
0.00451524
0.00475086
0.00500788
0.00540929
0.00500722
0.00479225
0.00477911
0.00488815
0.00485312
0.00532104
0.00477145
0.00482336
0.00556607
0.00551778
0.00460797
0.00484716
0.00541239
0.00445396
0.00475192
0.00456083
0.00448886
0.00471256
0.00498097
0.00465328
0.00432557
0.00464789
0.00479813
0.00491163
0.00415816
0.00478428
0.00454277
0.00476694
0.00454221
0.00491621
0.00483343
0.00463907
0.0047109
0.00470227
0.00454075
0.00485474
0.00484835
0.00449257
0.00451069
0.00515513
0.00426256
0.00451049
0.00498145
0.00460237
0.00484948
0.00469894
0.00463587
0.00430225
0.00429474
0.00461178
0.00450638
0.00491594
0.00505482
0.00471448
0.00468272
0.00485802
0.00453719
0.00433265
0.00473317
0.00501701
0.00488644
0.00588984
0.00489473
0.00438329
0.00511577
0.00447791
0.0058688
0.00525045
0.00485293
0.00496842
0.00479533
0.00250159
