0.7
0.00271461
0.00293756
0.0028336
0.00289985
0.00292423
0.00291236
0.00239877
0.00278002
0.00312479
0.00290743
0.00297314
0.00273346
0.00344617
0.00290205
0.00284295
0.00315821
0.00303655
0.00249206
0.00259852
0.00239376
0.00283684
0.00265983
0.00283452
0.00262543
0.00299931
0.00265558
0.00269132
0.00250343
0.00267118
0.00278614
0.00274727
0.00286787
0.00279421
0.00271391
0.00262136
0.00256212
0.00288032
0.00293529
0.00274786
0.00267746
0.00288007
0.00286277
0.0027195
0.00277229
0.00266476
0.00268152
0.00268732
0.0027882
0.00280844
0.002857
0.00256447
0.00264695
0.00280984
0.00282541
0.00279106
0.00271515
0.00265183
0.00227076
0.00269587
0.00297567
0.00266445
0.00274477
0.00278082
0.0025967
0.00276823
0.00237386
0.00268993
0.00290739
0.00273043
0.00253038
0.0025093
0.00290922
0.00253671
0.0026051
0.00283114
0.00246084
0.00302617
0.00250396
0.00268119
0.00250049
0.00259632
0.00284701
0.00267945
0.00261157
0.002474
0.00269915
0.00258301
0.00260683
0.00268571
0.00276212
0.00247557
0.00278105
0.00292717
0.0028439
0.00247955
0.00269996
0.00291314
0.00273801
0.00276369
0.00243584
0.00282057
0.00287166
0.00229547
0.00267325
0.0026013
0.00279856
0.0027118
0.00252896
0.00291719
0.00255584
0.00266277
0.00253102
0.0024037
0.00265361
0.00243763
0.00242942
0.00270344
0.00270196
0.00220659
0.00270035
0.0024659
0.00270919
0.00257523
0.00242987
0.00269456
0.00260564
0.00269289
0.0021527
0.00257839
0.00247366
0.00258675
0.00286996
0.0029672
0.00258138
0.00265785
0.00283435
0.00251883
0.00269077
0.00253761
0.0023417
0.00245982
0.00285645
0.00254025
0.00232459
0.00253647
0.00248987
0.00251475
0.00252051
0.00255276
0.00289782
0.00242768
0.00224964
0.00240813
0.00253878
0.00268906
0.00244541
0.00270896
0.00230865
0.00249808
0.00284642
0.0024066
0.0024528
0.00236817
0.00241452
0.00258688
0.00259041
0.00248956
0.00252898
0.0024503
0.00223166
0.00253127
0.00235005
0.00265693
0.00259331
0.00255818
0.00251944
0.00236792
0.00229956
0.00272224
0.00232905
0.00278209
0.00241254
0.00266134
0.00220413
0.0023443
0.0027147
0.00230124
0.0025733
0.00258178
0.00248228
0.00234751
0.00235035
0.00233163
0.00271437
0.00238045
0.00237466
0.00268671
0.00246866
0.0024954
0.00256881
0.00275589
0.00249062
0.00264171
0.00247452
0.00278888
0.0023066
0.00270998
0.00224918
0.00235652
0.0022614
0.00247104
0.0021978
0.00266641
0.0023295
0.00250195
0.00241403
0.00239212
0.00236057
0.00224362
0.00260453
0.0024689
0.00227501
0.00254443
0.00256617
0.00245907
0.00223077
0.00224257
0.00241309
0.0024888
0.00244045
0.00269118
0.00223655
0.00217388
0.00216631
0.00226236
0.0021264
0.00250763
0.00227909
0.00264732
0.00248713
0.00249307
0.00235934
0.00218659
0.00239736
0.00249078
0.00240051
0.00247131
0.00225108
0.00241387
0.00245556
0.00224912
0.00232297
0.00276437
0.00249996
0.00247397
0.00237657
0.00254683
0.00249733
0.00243263
0.002286
0.00250296
0.00249404
0.00254546
0.0024313
0.00220484
0.00239936
0.00251035
0.00231864
0.00232838
0.00219157
0.00229628
0.00222155
0.00237183
0.00233103
0.00218961
0.00218924
0.00235614
0.00236578
0.00273638
0.00218922
0.00235175
0.00245072
0.00245812
0.0023392
0.00232204
0.00236984
0.00268098
0.0024519
0.00220489
0.00212823
0.00223027
0.00237421
0.00244466
0.00242624
0.00226111
0.00234059
0.00244523
0.0026977
0.00223383
0.0023814
0.00236142
0.00232094
0.00214944
0.00233469
0.00243697
0.00234337
0.00253901
0.00244441
0.0021768
0.00242747
0.00240312
0.00224571
0.00243537
0.00229922
0.00213881
0.00247233
0.00234177
0.00236127
0.00241116
0.00245012
0.00243831
0.00231472
0.00210522
0.00243002
0.00218604
0.00232605
0.00242296
0.00243681
0.00250396
0.00214883
0.00244161
0.00241957
0.00248604
0.00230388
0.00245278
0.00236393
0.00232956
0.00237846
0.00231532
0.00244375
0.0023299
0.00263026
0.00235165
0.00238473
0.00259103
0.00197337
0.00227985
0.00229026
0.00243464
0.00258521
0.00228335
0.00230027
0.00216699
0.00215691
0.00238418
0.00215013
0.00236864
0.00233784
0.00217017
0.00226527
0.00213689
0.00227508
0.00247263
0.00206282
0.00228243
0.00255971
0.0021924
0.00224697
0.00228934
0.00215362
0.00233153
0.00233654
0.00261301
0.0023123
0.00230315
0.00238971
0.00222415
0.00234262
0.00227327
0.00227326
0.00209575
0.00237881
0.00237923
0.00239783
0.00232929
0.00234385
0.00227948
0.00235693
0.00259592
0.00237632
0.00222894
0.00216223
0.00232997
0.00238141
0.00250432
0.00212965
0.00218897
0.0023428
0.00254691
0.00109199
