0.6
0.00226055
0.00201487
0.00214377
0.00230247
0.00231261
0.00221079
0.00221512
0.00221355
0.00217523
0.00213944
0.00220914
0.00210034
0.0021632
0.00209668
0.0020243
0.00222699
0.00199732
0.00220708
0.00215546
0.00221965
0.00229341
0.00206325
0.0021392
0.00216733
0.00216281
0.00210853
0.00196322
0.00222125
0.00212107
0.00224369
0.00195598
0.00204799
0.0021879
0.00223026
0.00232178
0.00208547
0.00244479
0.0022122
0.00223981
0.00226042
0.00216866
0.0020286
0.00226665
0.00210788
0.0023954
0.00225505
0.00203786
0.00203945
0.00212188
0.00204195
0.00224664
0.00222863
0.00207163
0.0021514
0.00209786
0.00213906
0.00219696
0.00223598
0.0019907
0.00222861
0.00221555
0.00213044
0.00232201
0.00199772
0.00199945
0.002203
0.00227552
0.00223062
0.00223249
0.00207436
0.00207968
0.00212971
0.00199337
0.00197135
0.00218097
0.00197483
0.0022152
0.00191627
0.00219713
0.00229975
0.00240323
0.00223148
0.00209825
0.00204311
0.00217397
0.00221692
0.00195755
0.00202595
0.00196123
0.00225016
0.00196458
0.00212783
0.00209513
0.00214043
0.00204636
0.00213474
0.00203634
0.0021192
0.00223397
0.00227717
0.00201203
0.00202472
0.00197843
0.00211217
0.00212681
0.00201659
0.00210042
0.00198887
0.0019076
0.00209326
0.00190507
0.00225779
0.00200621
0.00210213
0.00221167
0.00195494
0.00217274
0.00214505
0.00195455
0.00217546
0.00202795
0.00200734
0.00227964
0.00196895
0.00221165
0.00195378
0.00222415
0.00206983
0.00203715
0.00211988
0.00226575
0.0022049
0.00212065
0.00193668
0.00217359
0.00194573
0.00198932
0.00204098
0.00202109
0.0021772
0.0021924
0.00200299
0.00211565
0.00213778
0.0019827
0.002153
0.00206609
0.0021338
0.0022872
0.0019114
0.00208787
0.00203989
0.00208185
0.00189334
0.00239231
0.00204581
0.00203076
0.00203362
0.0021755
0.00204081
0.00195002
0.00208937
0.00197522
0.00206882
0.00212552
0.00205416
0.00208288
0.00210625
0.00192771
0.00200678
0.00212935
0.00202726
0.0020191
0.00201353
0.00207293
0.0020926
0.00203614
0.00211878
0.00207607
0.00200215
0.00186852
0.00206852
0.00239676
0.00205515
0.00197391
0.00197949
0.00217405
0.0021992
0.00219423
0.00174414
0.00202844
0.00193746
0.00193565
0.00179875
0.00203967
0.00196942
0.00188105
0.00201313
0.00194743
0.00203785
0.00194153
0.00190683
0.0022038
0.00203773
0.00211195
0.0020782
0.00207182
0.00193855
0.00215491
0.00187765
0.00214768
0.00184789
0.00210414
0.00193198
0.00200787
0.00199159
0.00210971
0.00189385
0.002108
0.00204203
0.00208248
0.00200336
0.00210345
0.00187485
0.00211158
0.00198041
0.00198413
0.00192915
0.00191431
0.00178969
0.00198904
0.00192125
0.00204931
0.00207925
0.0019861
0.00204838
0.00207698
0.00196762
0.00197062
0.00209773
0.00185652
0.00193254
0.0018826
0.00203261
0.00204831
0.00197059
0.00192123
0.0019545
0.0018733
0.00186011
0.0019316
0.0020186
0.00197395
0.00198847
0.00208232
0.00186385
0.00205959
0.00208151
0.0020855
0.00189198
0.0019501
0.00205928
0.00198391
0.00197601
0.00202627
0.00201745
0.00199709
0.00208482
0.0022752
0.00186663
0.00207748
0.00207093
0.00192059
0.00191221
0.00215168
0.0020535
0.00196134
0.00191418
0.00181264
0.00210606
0.00198807
0.00189937
0.00196659
0.00203323
0.00194715
0.00199438
0.0018817
0.00196233
0.00197576
0.00200923
0.00186641
0.00197528
0.00187896
0.00175855
0.00187896
0.00199054
0.00197049
0.00191742
0.00201267
0.00201887
0.00194324
0.00208345
0.00193437
0.00214381
0.00192348
0.00193057
0.00194518
0.00205594
0.00187179
0.00190812
0.00187914
0.00188401
0.00184506
0.0016648
0.00197489
0.00191689
0.00210931
0.00201225
0.00189205
0.0017933
0.00177467
0.00187016
0.00190312
0.00199263
0.00189394
0.00199552
0.0018725
0.00188599
0.00179103
0.00182188
0.00180327
0.00201824
0.00212624
0.0018817
0.00191739
0.00205412
0.0017577
0.00192701
0.0019813
0.00178425
0.00196263
0.00195086
0.00181752
0.00184762
0.00179083
0.00186154
0.00202608
0.00187949
0.00178919
0.00201604
0.00193119
0.00199169
0.00187445
0.00192821
0.00188096
0.00212864
0.00189979
0.00195897
0.00181012
0.00198082
0.00195298
0.00179574
0.00193641
0.00191186
0.00185387
0.00198269
0.00205614
0.00193557
0.00178929
0.0018875
0.00190122
0.00197211
0.00194324
0.00207954
0.00188147
0.00192235
0.00188302
0.00190757
0.00200655
0.00187331
0.00189051
0.00181476
0.00181441
0.00184126
0.00185205
0.00191114
0.00196724
0.00191321
0.00185912
0.00186513
0.00184327
0.0021089
0.00193676
0.00192219
0.00197288
0.00184936
0.00180211
0.00196695
0.00184791
0.0019716
0.00193109
0.001975
0.00207483
0.00190649
0.00174486
0.00190147
0.00189919
0.0017777
0.00201743
0.00190998
0.00182236
0.00192886
0.00185445
0.00199966
0.00197376
0.00187957
0.00198395
0.00192203
0.00197952
0.0019286
0.00187795
0.00201175
0.00194908
0.00189076
0.00190646
0.00202362
0.0017525
0.00196142
0.00187494
0.00197935
0.00188271
0.00185591
0.00195458
0.00195838
0.00189694
0.00170528
0.00204629
0.00179665
0.00179751
0.00198244
0.0018364
0.00182049
0.00193373
0.00179031
0.00189079
0.00196139
0.00186338
0.00200412
0.00180797
0.00190011
0.00184399
0.00202866
0.00182748
0.00177119
0.00181787
0.00189402
0.00167329
0.00184776
0.00189125
0.00178904
0.0018794
0.00192759
0.00186565
0.0020824
0.00178152
0.00198064
0.00175082
0.00191519
0.00181813
0.00191828
0.00182801
0.00170261
0.00187556
0.00189485
0.00192911
0.00187855
0.00190928
0.00192621
0.00192521
0.00188459
0.00175473
0.00204471
0.00192812
0.00204892
0.00182481
0.00176977
0.00192373
0.00179638
0.00193824
0.00175545
0.0020379
0.00184994
0.00198054
0.00196441
0.00178414
0.00189276
0.00196682
0.00194378
0.00184571
0.00100075
