0.2
0.00979833
0.0101106
0.00969336
0.0100507
0.00994823
0.0103897
0.0105737
0.00955613
0.0108074
0.0102739
0.00984131
0.0101709
0.00980018
0.00997989
0.00986813
0.0100495
0.01075
0.0108075
0.00978871
0.00974108
0.010193
0.0102364
0.00919384
0.0104131
0.0106405
0.0100973
0.00934468
0.00950395
0.0100152
0.010636
0.0096635
0.00989155
0.0101901
0.0100597
0.0103849
0.00982991
0.00980722
0.00994009
0.0100223
0.00946535
0.00954796
0.00990378
0.00986191
0.0106331
0.00975024
0.00957022
0.0106636
0.00916031
0.00976418
0.00996422
0.010648
0.00994381
0.0095144
0.00964303
0.0103
0.00976707
0.0097934
0.00983082
0.00985662
0.00956362
0.0105105
0.0096682
0.0107814
0.0103812
0.00990862
0.0100047
0.0100427
0.0103623
0.00989994
0.0103658
0.0101138
0.00984273
0.0105245
0.0105299
0.00956009
0.00935238
0.0104343
0.0100692
0.0101576
0.00997463
0.0101005
0.00955208
0.00972786
0.0106048
0.0101441
0.0102294
0.0100065
0.0106455
0.00988612
0.0102222
0.0103414
0.00931387
0.0100033
0.0100839
0.00991723
0.00922492
0.00987871
0.00979832
0.0105057
0.00812091
