0.7
0.00622927
0.00604387
0.00520279
0.00625507
0.00512906
0.00533473
0.00623491
0.00614902
0.00606874
0.00498389
0.00581036
0.00545631
0.00661209
0.00473116
0.00565536
0.00567338
0.00593917
0.0059752
0.00629995
0.00576832
0.00527507
0.00581517
0.00535454
0.00506088
0.00593632
0.00546769
0.00573684
0.00503209
0.00594655
0.00615837
0.00552576
0.00493424
0.00523356
0.0052573
0.00586005
0.00601158
0.00502581
0.00582961
0.00571022
0.00458861
0.00542394
0.00557746
0.00527991
0.00531424
0.00580188
0.00543029
0.00647673
0.00537779
0.00522577
0.00518799
0.00484261
0.00469321
0.00526833
0.00540185
0.00520328
0.00577215
0.0048721
0.00487722
0.00512981
0.00526239
0.00489714
0.00472452
0.00504686
0.00452278
0.00477413
0.0049454
0.00486304
0.0050778
0.00553825
0.00476663
0.00452379
0.00478832
0.00477663
0.00513702
0.00484364
0.00445061
0.00495995
0.00485186
0.00523947
0.00458705
0.00522409
0.00525444
0.00475441
0.00487722
0.0059696
0.00490026
0.00548286
0.00512844
0.00489464
0.00490423
0.00420728
0.00468892
0.00428302
0.0052709
0.00595837
0.00447348
0.00520143
0.00432177
0.00461243
0.00523293
0.00505947
0.004716
0.00537563
0.00487661
0.00470771
0.00521667
0.00540812
0.0050829
0.00469191
0.00412643
0.00516722
0.00457826
0.00404464
0.00402263
0.0050656
0.00530453
0.00507777
0.00450324
0.00565348
0.00488583
0.00504026
0.00495366
0.00439281
0.00494721
0.00503871
0.00399671
0.00487717
0.00495318
0.00409789
0.00482385
0.00434005
0.0045664
0.00458644
0.00452458
0.00443057
0.00557789
0.00477981
0.00521503
0.00486326
0.00482663
0.00415723
0.00446524
0.00474516
0.00476826
0.00379751
0.00455239
0.00430321
0.00521552
0.00500789
0.00429852
0.0045836
0.00442998
0.00562591
0.00457956
0.00504894
0.00458238
0.00501859
0.00456926
0.00473261
0.00603861
0.00527966
0.00566483
0.00497164
0.00475342
0.00530073
0.00466472
0.00465474
0.00496289
0.00457099
0.00395406
0.00500181
0.0046447
0.00528817
0.00496036
0.00441895
0.00497649
0.00430679
0.00492616
0.004837
0.00449609
0.00504678
0.00410331
0.00458145
0.00413521
0.00434294
0.00406026
0.00502958
0.00412097
0.00448346
0.00403698
0.00489871
0.00456683
0.004646
0.0048967
0.00509925
0.00441336
0.00394905
0.00418366
0.00498592
0.00218087
