0.4
0.00256947
0.00250212
0.00248931
0.00268262
0.00252552
0.0025403
0.00261177
0.0026751
0.00266819
0.00259267
0.00269726
0.00262924
0.00255757
0.00271606
0.00263773
0.00266963
0.00258038
0.00249036
0.00271099
0.00249941
0.0026705
0.00264555
0.00255499
0.00255051
0.00254372
0.00254689
0.00253327
0.00253158
0.00250921
0.00271026
0.00275595
0.00278155
0.00257712
0.00274272
0.00259997
0.00264319
0.00266119
0.00264779
0.00267644
0.00259672
0.00268146
0.00257294
0.0025995
0.00258171
0.00254251
0.00259473
0.00248523
0.00294009
0.00265282
0.00257093
0.00249366
0.00274347
0.00249876
0.00266553
0.00263398
0.00266005
0.00271986
0.00248972
0.00252059
0.00268877
0.00272368
0.00259113
0.00256374
0.00263561
0.00260238
0.00253399
0.00260278
0.00255337
0.00248626
0.00253431
0.0024973
0.00283585
0.00256244
0.00237413
0.00251925
0.00267753
0.00249602
0.00243081
0.00256119
0.00243732
0.00256455
0.00262759
0.00263101
0.00258694
0.00243249
0.00254461
0.0026949
0.00272065
0.00231644
0.00264302
0.00247621
0.00243213
0.00252378
0.0025173
0.00253215
0.00259932
0.00241098
0.00256161
0.00245771
0.00248468
0.0025501
0.00249852
0.00251485
0.00251981
0.00249415
0.00263145
0.00251531
0.00238351
0.00248459
0.0025945
0.00259701
0.00249881
0.00254305
0.00244098
0.00249309
0.00235848
0.00254404
0.00267991
0.00246667
0.00254611
0.0025774
0.00259317
0.00265052
0.00243039
0.00234531
0.00243586
0.00248267
0.00253908
0.00254599
0.00244941
0.00262726
0.00246524
0.00256439
0.00256719
0.00246938
0.00258823
0.0024973
0.00260098
0.00233651
0.00251687
0.00236674
0.00264368
0.00265905
0.00256481
0.00245088
0.00251893
0.00237411
0.00240539
0.00239041
0.00241318
0.00243599
0.0025669
0.00257053
0.00246699
0.00260565
0.00237766
0.00242628
0.00252817
0.00253333
0.00250491
0.0025979
0.00236343
0.00257141
0.00255595
0.00247117
0.00252851
0.00253331
0.00245415
0.00241175
0.0023367
0.0024351
0.00255689
0.00241226
0.00270378
0.00251448
0.00240081
0.00249994
0.00242761
0.00250286
0.00265818
0.00237079
0.00255164
0.00248446
0.00245881
0.0024394
0.00258578
0.00245783
0.00249821
0.00240231
0.002633
0.00255863
0.00266021
0.00234629
0.00256595
0.00247464
0.00250771
0.00236034
0.002418
0.0024784
0.00258977
0.00258429
0.00249119
0.00251549
0.00230782
0.00258639
0.00236555
0.00256027
0.00257105
0.00252112
0.00245086
0.00247016
0.00252262
0.0024309
0.00243118
0.00238092
0.00238513
0.00252423
0.00262153
0.00250933
0.00242126
0.00244548
0.00245729
0.00242029
0.00247371
0.00228781
0.00246784
0.0023947
0.00240736
0.00244473
0.00256039
0.00242774
0.00241044
0.0024504
0.00250421
0.00249885
0.00255832
0.00256255
0.0026565
0.00250789
0.00234505
0.00246841
0.00245144
0.00232796
0.00252759
0.00233967
0.00246319
0.0025083
0.00243619
0.00245459
0.00250052
0.0024884
0.00232729
0.00239229
0.00243644
0.00262269
0.00233187
0.00244532
0.00259606
0.00258638
0.00225181
0.00256403
0.00243123
0.00255056
0.0023729
0.00248564
0.00257996
0.00249399
0.00248739
0.00251068
0.00243905
0.00242485
0.00240044
0.00237947
0.00245566
0.00244164
0.00237684
0.00241688
0.00242731
0.00259269
0.00239803
0.00248025
0.0024782
0.00248861
0.00242659
0.00256686
0.00239826
0.00244054
0.00242113
0.00247767
0.00251088
0.00239051
0.00250896
0.00238175
0.00252807
0.00244711
0.0025517
0.00244856
0.00240886
0.00251196
0.00268812
0.00245063
0.00237951
0.00237039
0.0023503
0.00244511
0.00237733
0.00261445
0.00252858
0.00256465
0.00247661
0.00230569
0.00232108
0.00259138
0.00241667
0.00245229
0.0025448
0.00251432
0.00242549
0.00243816
0.00240108
0.00249761
0.00240126
0.00250839
0.00224161
0.00250613
0.00236787
0.00255823
0.0026262
0.00265901
0.00235749
0.00227258
0.00239151
0.00241044
0.00238859
0.0023777
0.00254426
0.00243244
0.00263894
0.00237289
0.00247734
0.00256256
0.00245356
0.00241397
0.00243242
0.00231694
0.002362
0.00244835
0.00248289
0.00255905
0.00237283
0.00264553
0.00247993
0.0024815
0.0022889
0.0023373
0.00230617
0.0022757
0.00252002
0.00241858
0.00248952
0.00238754
0.00262508
0.00244581
0.0024245
0.00249452
0.00250888
0.00256178
0.00248787
0.00243738
0.00245587
0.00248459
0.00251033
0.00247108
0.00238396
0.00241511
0.00239961
0.00241317
0.00252169
0.00244822
0.0023827
0.00241322
0.00243227
0.00252986
0.0024533
0.00249916
0.00243046
0.00245163
0.00245899
0.00243431
0.00243055
0.00244919
0.00236573
0.00246823
0.00248227
0.00247862
0.00251344
0.00251986
0.00249576
0.00244362
0.00161164
