0.1
0.00988135
0.0103373
0.010108
0.00986836
0.00983333
0.00982768
0.0100193
0.0101065
0.0100036
0.0101464
0.00995553
0.0101258
0.0103953
0.0100505
0.00999265
0.0105349
0.00959198
0.0101093
0.0101831
0.0099088
0.00988083
0.00977377
0.010465
0.00990497
0.00998304
0.00997935
0.0100632
0.00994544
0.00978423
0.00975536
0.0098477
0.0100614
0.00990885
0.0101697
0.00998158
0.00984572
0.0103
0.0101723
0.00995179
0.00974002
0.0101515
0.0101964
0.0102093
0.0101255
0.0100994
0.0099347
0.00986241
0.0101791
0.00990612
0.00979012
0.0101781
0.0101666
0.0103887
0.00996214
0.0101608
0.0100066
0.00972689
0.00998607
0.0101302
0.010095
0.00987236
0.00977201
0.0102751
0.00984364
0.00985264
0.0101387
0.00985777
0.00981733
0.00977003
0.0099791
0.0101104
0.0100545
0.00996316
0.00983264
0.00993752
0.0098101
0.00974269
0.0101935
0.0101274
0.0101501
0.0100947
0.00969911
0.00994851
0.0097501
0.0103559
0.0102011
0.0100257
0.00980007
0.0101459
0.0103338
0.0101677
0.00986477
0.00986678
0.00965503
0.010061
0.0101247
0.00990403
0.0103268
0.00978891
0.00903546
