0.3
0.00333588
0.003582
0.00361462
0.00355373
0.00339692
0.00330275
0.00346122
0.00345699
0.00351456
0.0032323
0.00341893
0.00352046
0.00336755
0.00336236
0.00354353
0.00338772
0.00340139
0.00327635
0.00340164
0.00349662
0.00338756
0.00347317
0.00349913
0.0033341
0.00341278
0.00368738
0.0032796
0.00357506
0.00314255
0.00335844
0.00313862
0.00352512
0.00326616
0.00338592
0.00337051
0.00347719
0.0031647
0.0033154
0.00330095
0.00328749
0.00344497
0.00336689
0.00344205
0.00345562
0.00335393
0.00327409
0.00327761
0.00338712
0.00343735
0.00339507
0.0034725
0.00320343
0.0035258
0.00357334
0.00344166
0.00343821
0.00330465
0.0034113
0.00334248
0.00345758
0.00326539
0.00344539
0.00325876
0.00338687
0.00330087
0.00309022
0.00336728
0.00340325
0.00337676
0.00327061
0.00340392
0.00325256
0.00343755
0.0032349
0.00328363
0.00344891
0.00337296
0.00344927
0.0032724
0.00320899
0.00341319
0.00327207
0.00322062
0.00323899
0.00345361
0.00335544
0.00351972
0.00350628
0.00337869
0.00347634
0.00355281
0.00333826
0.00344546
0.00333191
0.00336293
0.00338836
0.00338753
0.0032176
0.00338615
0.00341778
0.00344901
0.00322036
0.00336597
0.00349618
0.00343746
0.00329776
0.00341773
0.00336625
0.00327105
0.00329963
0.00325809
0.00354006
0.00342403
0.00326853
0.00350646
0.00354394
0.00344412
0.00340528
0.00318534
0.00342295
0.00326897
0.00339042
0.003386
0.0034771
0.00329356
0.00323071
0.00348863
0.00339551
0.00321147
0.00330758
0.00325605
0.00334944
0.00345976
0.0033382
0.00322184
0.00330346
0.00342098
0.00342832
0.00330876
0.00341826
0.00332541
0.00344463
0.00353584
0.00326959
0.00333481
0.00329623
0.00343115
0.00329853
0.00329174
0.00341942
0.0033033
0.00340124
0.00316927
0.00351499
0.00334219
0.00319852
0.00349612
0.00323175
0.00344418
0.00340016
0.00337114
0.0031342
0.00332223
0.00314858
0.00319404
0.00337614
0.00321433
0.0032419
0.00312239
0.00327375
0.00352541
0.0033822
0.00324731
0.00340322
0.00332532
0.00340073
0.00338047
0.00335531
0.00327652
0.0031598
0.00320505
0.00342803
0.00312603
0.00333087
0.00340938
0.00342243
0.00296161
0.0032852
0.00332543
0.00321543
0.0032465
0.00315636
0.00322894
0.00317968
0.00337536
0.0032921
0.00333873
0.00338969
0.00326927
0.00329516
0.0032439
0.00336388
0.00341741
0.00331001
0.00333077
0.00315457
0.00319531
0.00324372
0.00328338
0.00328773
0.00309813
0.00323572
0.00338126
0.00324689
0.0031497
0.00335267
0.00337599
0.00346496
0.00334208
0.00341643
0.00315582
0.00314935
0.00339472
0.00338382
0.003436
0.00330275
0.00335116
0.00326159
0.00339058
0.00327192
0.00332602
0.00315373
0.00315204
0.00336372
0.00318349
0.00345165
0.00347467
0.00327271
0.00335572
0.00327097
0.00319869
0.00309237
0.00326159
0.00320397
0.00333837
0.00321165
0.00336513
0.00345119
0.00337729
0.00326686
0.00335677
0.00322802
0.00318994
0.00330848
0.0032876
0.00348079
0.00335305
0.00331019
0.00330483
0.00337756
0.00342784
0.00337458
0.00318693
0.00347941
0.0032332
0.00334064
0.00315282
0.00345549
0.00316195
0.00327488
0.00316141
0.00319364
0.00327255
0.00318296
0.00329194
0.0033797
0.00320574
0.00319401
0.00337985
0.00324214
0.00317446
0.00329569
0.0034816
0.00325822
0.00327634
0.00359213
0.00326847
0.00322529
0.00318375
0.00342533
0.00320895
0.00312665
0.00338316
0.00335657
0.00332245
0.00331396
0.00320963
0.00340544
0.00325219
0.00241704
