1
0.0099271
0.00913492
0.0137784
0.0133203
0.00821719
0.00918701
0.00771487
0.0106904
0.00856266
0.014686
0.0103414
0.00947511
0.00785898
0.011806
0.0124924
0.0109318
0.0105549
0.00969896
0.0109337
0.0100288
0.010033
0.0118939
0.00988793
0.00600763
0.0131026
0.0123499
0.012422
0.0099403
0.010715
0.00605256
0.00919205
0.0108024
0.0101929
0.0112042
0.00789439
0.00742925
0.00771015
0.0129142
0.00810931
0.00890039
0.0081639
0.0080868
0.00924171
0.0124791
0.0125577
0.00758791
0.0111101
0.0128847
0.0122161
0.0126907
0.0138977
0.00855059
0.00859212
0.0105601
0.0055782
0.0123872
0.01214
0.00804559
0.0135261
0.00899382
0.00971167
0.00720938
0.0103919
0.0126659
0.01058
0.0139448
0.0122725
0.00902676
0.0112525
0.0103248
0.00821151
0.0109999
0.00986799
0.0115591
0.00495586
0.00495367
0.00737436
0.00742697
0.00932376
0.0108151
0.00883278
0.0097134
0.0139641
0.00905273
0.00943329
0.0105056
0.0106629
0.00847581
0.00925912
0.0103499
0.00703324
0.0133103
0.015122
0.00766399
0.00750534
0.0113968
0.0113372
0.0101228
0.00766517
0.000340074
