0.2
0.00196087
0.00197692
0.00205138
0.00207386
0.00198636
0.00199029
0.00206916
0.00200757
0.0019451
0.00203051
0.00204976
0.00199493
0.00204329
0.00203081
0.00198861
0.00201111
0.00199745
0.0020369
0.00201208
0.00205615
0.00198423
0.00199005
0.0020868
0.00198034
0.00197297
0.00208096
0.00195786
0.002022
0.00203093
0.00208145
0.00202593
0.00197476
0.00200876
0.00204553
0.00202938
0.00203618
0.00206219
0.00199206
0.00203574
0.00201416
0.00194983
0.00201466
0.00200984
0.00199676
0.00199875
0.00204589
0.00201613
0.00203518
0.00196717
0.00195898
0.00197634
0.00198282
0.00202125
0.00208675
0.00200304
0.00199565
0.00198549
0.00198605
0.00202971
0.00205488
0.00208499
0.0019903
0.00197771
0.00198608
0.00203879
0.00214744
0.00205334
0.00202268
0.00201219
0.00203458
0.00200222
0.00202945
0.00198341
0.00207199
0.00202429
0.00195838
0.00199979
0.00205041
0.00204685
0.00204246
0.0020027
0.0020068
0.00197729
0.00199956
0.00199211
0.00196783
0.00196315
0.00201698
0.00206509
0.00197699
0.00199427
0.0019667
0.0020471
0.00196176
0.00199774
0.00203514
0.00196989
0.00207303
0.00197705
0.00198775
0.00200666
0.00199764
0.00200749
0.00196925
0.00204594
0.00203259
0.00198982
0.00199722
0.00203086
0.00200087
0.00203803
0.00200634
0.00200936
0.00201467
0.00204236
0.00194414
0.00202308
0.00198707
0.0019573
0.00196952
0.00207351
0.00202443
0.0020003
0.0020204
0.00200286
0.00197182
0.00199244
0.0019292
0.00201527
0.00196761
0.00201937
0.00199477
0.00202359
0.0019223
0.00197515
0.00203017
0.00193005
0.00197057
0.0019922
0.00199453
0.00198663
0.00198032
0.00209718
0.00200191
0.00198068
0.00200327
0.00194319
0.00200299
0.0019617
0.00198816
0.0020013
0.00201421
0.00203098
0.00202458
0.00194497
0.00206182
0.00200517
0.00201773
0.00201601
0.00201019
0.00201281
0.00200198
0.00202915
0.00195561
0.00198554
0.00196761
0.00196638
0.00194951
0.00203287
0.00199681
0.00204209
0.00196832
0.00196832
0.00204226
0.00194722
0.00196617
0.00205239
0.00198391
0.00203442
0.00200079
0.00199212
0.00203057
0.00204722
0.00200777
0.0020014
0.00199694
0.00201694
0.00202473
0.00200322
0.00197619
0.00194427
0.00204091
0.00206697
0.00199159
0.00196306
0.00199088
0.00203708
0.00204115
0.00204963
0.00204743
0.00206875
0.00203682
0.00197154
0.00196833
0.00203835
0.00201504
0.00195572
0.00196226
0.00199602
0.00200235
0.00197572
0.00197478
0.00202785
0.00200791
0.00198515
0.00203117
0.00202329
0.00204208
0.0019541
0.00201834
0.00204513
0.00199738
0.00200561
0.00204573
0.00200242
0.00210015
0.00203052
0.00201519
0.00201016
0.00207784
0.00198244
0.0019299
0.00200148
0.00194526
0.00196178
0.00205814
0.0019779
0.00196737
0.00200405
0.00197532
0.00200273
0.00196155
0.00198574
0.00193882
0.00197606
0.00199965
0.00201243
0.00198337
0.00198004
0.00198634
0.00202432
0.00195711
0.00197055
0.0020013
0.0020088
0.00203453
0.00201586
0.00205294
0.00205088
0.00201817
0.00195365
0.00202187
0.00199926
0.00197129
0.00201031
0.00199614
0.00198606
0.0020436
0.00205458
0.00195469
0.00199158
0.00197786
0.00199937
0.0020471
0.00196985
0.00197978
0.00197869
0.00201116
0.00197469
0.00203218
0.00199723
0.00195183
0.00200894
0.00198324
0.00206603
0.00198136
0.00207973
0.00194101
0.00196794
0.00197388
0.00199958
0.00195726
0.00198552
0.00204213
0.00203974
0.00206238
0.00204851
0.00199747
0.00203637
0.0019723
0.00195552
0.00201229
0.00199735
0.00196078
0.00207545
0.00199029
0.00196014
0.00198408
0.00199525
0.00196075
0.00198639
0.00196997
0.00197076
0.00206158
0.00195744
0.00201711
0.00200365
0.00195115
0.00196332
0.00198259
0.00201283
0.00198124
0.00199325
0.00207142
0.0020205
0.00197965
0.0020117
0.00204332
0.00193541
0.00204204
0.00199951
0.00194622
0.00193565
0.00199077
0.00200776
0.00199697
0.00199059
0.00200405
0.00203718
0.00202993
0.00194318
0.00200817
0.00199983
0.0020124
0.00194116
0.00197003
0.00197627
0.00197079
0.00199807
0.0020303
0.00200849
0.00201586
0.00198921
0.00203015
0.0020158
0.00200132
0.00196394
0.00197859
0.00203824
0.00201125
0.00198756
0.00195035
0.00198462
0.00196458
0.00195202
0.0019568
0.00193788
0.00197953
0.00198854
0.00191403
0.00197739
0.0020601
0.00196583
0.00200713
0.00204249
0.0020152
0.00205724
0.00202153
0.00201188
0.00200023
0.00194607
0.00198017
0.0020007
0.00199511
0.00195933
0.00199796
0.00195677
0.00202093
0.001986
0.00202973
0.00202581
0.00197491
0.00198129
0.0019909
0.00202167
0.00199954
0.00202674
0.00200349
0.00197867
0.00203628
0.00200553
0.00196212
0.00202085
0.00204297
0.00203797
0.00195519
0.00196376
0.00195207
0.00199581
0.00198687
0.00202648
0.00196352
0.00195296
0.0020406
0.00197281
0.00200426
0.00200375
0.00203
0.00204361
0.00198888
0.00201434
0.00199504
0.00201742
0.00201565
0.00193915
0.00197691
0.00197967
0.00198362
0.00199976
0.00198656
0.00196382
0.00199738
0.00191445
0.00200938
0.00199334
0.00200995
0.00198565
0.00199986
0.00197439
0.00197188
0.00199288
0.00199075
0.0019731
0.00199569
0.00197776
0.00194476
0.00200638
0.00205704
0.00199701
0.00194883
0.00196085
0.00199644
0.00196145
0.00206146
0.00204077
0.00199352
0.00202805
0.00205836
0.00197709
0.00193176
0.00207282
0.00195557
0.00200127
0.00194571
0.00194828
0.00199491
0.00199367
0.00198584
0.00199585
0.00193646
0.00197455
0.00196576
0.00200231
0.0019574
0.00196767
0.00198552
0.00199415
0.00199059
0.00204223
0.00197432
0.00197209
0.00200953
0.00196351
0.00199454
0.00202525
0.00198073
0.00204259
0.00199972
0.00199594
0.00201895
0.00203651
0.00193934
0.00197484
0.00204349
0.0020546
0.00200481
0.00198607
0.00196333
0.00199745
0.00162217
