0.5
0.003555
0.0039668
0.00364179
0.00379567
0.00374358
0.00345607
0.00377835
0.00366587
0.00348807
0.00359968
0.00356777
0.00322411
0.00340726
0.00355656
0.00351489
0.00376012
0.00347628
0.00358646
0.00378172
0.00335846
0.00343335
0.00323939
0.003571
0.00342444
0.00329225
0.00339769
0.00343228
0.00340901
0.00350716
0.00334627
0.00341228
0.0033733
0.00380792
0.00349978
0.0036447
0.00352776
0.00367626
0.00349808
0.00348293
0.00346196
0.00373748
0.00341167
0.00341029
0.003325
0.00331177
0.00324026
0.00364727
0.00340777
0.00388937
0.0035569
0.00348691
0.00323518
0.003659
0.00332494
0.00355787
0.00334139
0.00318872
0.00362728
0.00365718
0.00328047
0.00365428
0.00342262
0.00377085
0.00393074
0.00340386
0.0032754
0.00359134
0.00343594
0.00351625
0.00351121
0.00331191
0.0037139
0.00344947
0.00303101
0.00318309
0.00339346
0.00339616
0.00358247
0.00318607
0.00353981
0.00311952
0.00293117
0.00332572
0.00320862
0.00360697
0.0034114
0.00335974
0.00346086
0.00353469
0.00332273
0.00352914
0.00323391
0.00340375
0.00336602
0.00363494
0.00353489
0.00355809
0.00333878
0.00350793
0.00310232
0.00277822
0.00342849
0.00316374
0.00375075
0.00328839
0.00335118
0.00332614
0.00315698
0.00345503
0.00329613
0.00311193
0.0037572
0.00327421
0.00298404
0.00335562
0.00335922
0.00340324
0.00342549
0.00354057
0.00317043
0.00353464
0.00319574
0.00331963
0.00326405
0.00323558
0.00321208
0.00334323
0.00343657
0.0033776
0.00349945
0.00332638
0.00354623
0.00344675
0.00341823
0.00336258
0.00329344
0.00305678
0.0035482
0.00323931
0.00310325
0.0035448
0.0034454
0.00369734
0.00307782
0.00299687
0.00341952
0.00310688
0.00335506
0.00318648
0.00319738
0.00323119
0.00334873
0.00348223
0.00322928
0.00334083
0.00342927
0.00340482
0.00306642
0.00337746
0.00305327
0.00282649
0.00333335
0.00293166
0.00317002
0.00337755
0.00342226
0.0032476
0.00306661
0.0036049
0.00338563
0.00344306
0.00328139
0.00326743
0.00333639
0.00348689
0.00334583
0.00342911
0.0032521
0.00299954
0.00341925
0.00291693
0.00357564
0.00322395
0.00369886
0.00306243
0.00328139
0.00323692
0.00328569
0.00329572
0.00364495
0.00330719
0.00338699
0.00322241
0.00349536
0.00311349
0.00323607
0.00345291
0.00291147
0.00349429
0.00341975
0.00325267
0.00354631
0.00334821
0.00332218
0.00304574
0.00311835
0.00288784
0.00301076
0.00321752
0.00331732
0.00309093
0.00329268
0.00326327
0.00310587
0.00331048
0.00341166
0.00323844
0.00328428
0.00293033
0.00346355
0.00319066
0.00314114
0.00343292
0.00321814
0.00293173
0.00325714
0.00310095
0.00326413
0.0028044
0.00339237
0.00334424
0.00329715
0.00340506
0.00321782
0.00343993
0.00345271
0.00317479
0.00321888
0.00300923
0.00324552
0.00318225
0.00299072
0.00291044
0.00309298
0.0033399
0.0030386
0.00342702
0.00309628
0.00321315
0.00317609
0.00341599
0.0031822
0.00331846
0.00318145
0.00331723
0.00314587
0.0033832
0.00320286
0.00329183
0.00303023
0.00330092
0.00308164
0.00331394
0.00333086
0.00296459
0.00314727
0.00326078
0.00321631
0.00309323
0.00345753
0.00295995
0.00324563
0.00330631
0.0032099
0.00353756
0.00335015
0.00309308
0.00311894
0.00350033
0.00316417
0.00328777
0.00316406
0.00316056
0.00314228
0.00332548
0.00355253
0.00321742
0.00322276
0.00351883
0.00351703
0.00333543
0.00313134
0.00327651
0.00322286
0.00336257
0.00324445
0.00291308
0.00311143
0.00333944
0.00189971
