0.1
0.00511407
0.00505969
0.00495824
0.00500418
0.00500835
0.00505753
0.00492468
0.00507254
0.0049651
0.00508613
0.00506275
0.00498668
0.00491944
0.00498671
0.00494974
0.00499698
0.00505254
0.00500522
0.00515566
0.00509036
0.00499071
0.00508764
0.00500106
0.00500352
0.00501585
0.00517656
0.00493784
0.00499217
0.00506662
0.00493289
0.0049631
0.00495085
0.00500789
0.00515289
0.00501841
0.00507088
0.005002
0.00493885
0.00498103
0.00512101
0.00495344
0.00503766
0.00499589
0.00508296
0.00498224
0.00492429
0.00495838
0.00494387
0.00508611
0.00491856
0.00501327
0.00497057
0.00495057
0.00508682
0.00495285
0.00512226
0.00509408
0.00484893
0.00505193
0.00511527
0.004927
0.00499097
0.00496251
0.00505807
0.00494277
0.0050027
0.00511141
0.00500007
0.00496173
0.00490255
0.00504802
0.00501658
0.00507384
0.00502451
0.00505824
0.00494579
0.00502268
0.00490327
0.00498415
0.00503645
0.00497519
0.00508047
0.00495795
0.00505819
0.0049719
0.00495637
0.00501416
0.00490929
0.00497565
0.00508239
0.00496179
0.00493724
0.00488797
0.00492867
0.0050027
0.0050363
0.00495224
0.00501539
0.00503642
0.00494275
0.00497593
0.0049546
0.00502011
0.00507804
0.00495587
0.00494881
0.00506266
0.00503176
0.00496422
0.0051609
0.00508707
0.00499171
0.00502612
0.00508012
0.0050225
0.0049408
0.00509231
0.00498785
0.00498158
0.00511184
0.00504489
0.0049598
0.00500173
0.00497806
0.00492663
0.00509884
0.00499584
0.00495025
0.00495812
0.00501781
0.00494699
0.00502709
0.00500202
0.00503212
0.00500377
0.00500908
0.00492871
0.00498745
0.00495716
0.0050259
0.00502924
0.00493237
0.00501874
0.00500108
0.00488796
0.00496918
0.00497988
0.00499828
0.00493042
0.00495109
0.00492442
0.00499857
0.00496796
0.00495508
0.00502356
0.00501073
0.00499185
0.00501913
0.00498138
0.00496702
0.00497174
0.00489799
0.00503245
0.00500047
0.00497935
0.00492615
0.00504305
0.00506616
0.00499964
0.00501392
0.00501998
0.00505989
0.00491156
0.00496837
0.00499905
0.00494048
0.00496581
0.00499841
0.00508466
0.0049751
0.00500774
0.00500732
0.00492509
0.00495549
0.00512476
0.00511676
0.0050912
0.00491544
0.00498897
0.0049683
0.00499509
0.00511122
0.00500404
0.00488969
0.0050722
0.00504589
0.00505242
0.00485731
0.00502158
0.00451564
