0.1
0.00337683
0.00333908
0.00338177
0.00331049
0.00335292
0.00332884
0.00334807
0.00331608
0.00330401
0.00334961
0.00338521
0.00335083
0.00335616
0.00336012
0.00333166
0.00325605
0.00333905
0.00332136
0.00333324
0.00336836
0.00329702
0.00322194
0.00337963
0.00330222
0.00330042
0.00337918
0.00331111
0.00331599
0.00335449
0.00325874
0.00332743
0.00337854
0.00329735
0.00336594
0.00332782
0.00338769
0.00336527
0.00337618
0.00334372
0.00334549
0.00336663
0.00336948
0.00334136
0.00331923
0.00336514
0.00331996
0.00334756
0.00339374
0.00324703
0.0033596
0.00330977
0.00336883
0.00335496
0.00328076
0.00331815
0.00330415
0.0033115
0.00332554
0.0033142
0.00335698
0.0032952
0.00333833
0.00335696
0.00327758
0.00331343
0.00341168
0.00332155
0.00330699
0.00330082
0.00336183
0.00324836
0.00331982
0.00333206
0.00332475
0.00339718
0.00336833
0.00341434
0.00334672
0.00339385
0.00327004
0.00332954
0.00337885
0.00340872
0.003399
0.00333685
0.0033911
0.00336428
0.00332914
0.00333214
0.00337076
0.0033236
0.00337503
0.00335461
0.00329017
0.00333229
0.00335881
0.00337303
0.00334201
0.00332509
0.0034087
0.00332869
0.00336915
0.00334257
0.00334859
0.00335273
0.00333909
0.00333406
0.00340748
0.00335676
0.00327731
0.00334441
0.00323589
0.0033242
0.00332171
0.00328635
0.00329451
0.00335632
0.00333756
0.00328292
0.00331754
0.00336821
0.00333005
0.003285
0.00331952
0.0033503
0.00331866
0.00336701
0.00337572
0.00339494
0.00329652
0.00334203
0.00331954
0.00339212
0.00329068
0.00331242
0.00340032
0.00335807
0.00329836
0.00338681
0.00339648
0.00324675
0.00331078
0.00330898
0.003293
0.00333662
0.00336295
0.0032712
0.00333909
0.0033783
0.00330366
0.00335335
0.0033403
0.00338104
0.0032864
0.00334792
0.00336743
0.00330753
0.00337675
0.00332928
0.00329994
0.00335154
0.00333705
0.00332873
0.0033354
0.00336609
0.00332475
0.00336386
0.0034037
0.00326029
0.00334552
0.00333239
0.00336531
0.00340099
0.00331294
0.00341296
0.00336777
0.00335586
0.00334505
0.00336215
0.00333838
0.00333808
0.00334709
0.0032604
0.00334459
0.00338792
0.00332419
0.00331389
0.00336487
0.00334641
0.00339017
0.00338016
0.00331148
0.00330191
0.0032931
0.0033033
0.00340899
0.00338845
0.00334428
0.00331677
0.0032834
0.00336155
0.00332779
0.00326373
0.00331329
0.0032471
0.00332006
0.00332486
0.00335069
0.00334994
0.00325761
0.00331671
0.0033126
0.0033071
0.00332681
0.00328826
0.00339579
0.00335016
0.00331558
0.00333065
0.00327365
0.00332061
0.00329908
0.00331191
0.00336782
0.00333309
0.0032842
0.00334191
0.00335393
0.00329848
0.00330846
0.00335844
0.00332121
0.00332711
0.00333595
0.00331369
0.00328967
0.00334491
0.00333207
0.00330024
0.0033474
0.00340035
0.00327181
0.003266
0.0033064
0.00329159
0.00328793
0.00334506
0.00334473
0.00330111
0.00336255
0.00329122
0.00329424
0.00337115
0.0033332
0.00333392
0.00327878
0.00332507
0.00333321
0.0033353
0.00338303
0.00329852
0.0033169
0.00335745
0.00331605
0.00329893
0.0033934
0.00335792
0.0032877
0.00335702
0.00335623
0.00333848
0.00337996
0.00327158
0.00328035
0.0033035
0.00328999
0.00335875
0.0032915
0.00331509
0.00334915
0.00332714
0.00332064
0.00343013
0.00329195
0.00333328
0.00335016
0.00332893
0.00334023
0.00337808
0.0033822
0.00333424
0.00332592
0.00333297
0.00336811
0.00332106
0.00332699
0.00333672
0.0033534
0.00330262
0.00300985
