0.4
0.011336
0.0103455
0.00988267
0.0116093
0.00970267
0.0105425
0.0115083
0.0129207
0.00997348
0.0110183
0.00930695
0.0100072
0.00987777
0.010459
0.00842687
0.00983858
0.010905
0.00968909
0.0108304
0.00903484
0.0100042
0.0109199
0.00907747
0.010552
0.00946019
0.010618
0.00947752
0.00986179
0.00984839
0.00990159
0.0101822
0.0106851
0.0106653
0.0108916
0.00963999
0.0113625
0.0109303
0.0114297
0.00977302
0.00977744
0.00966413
0.00924188
0.00890958
0.0100907
0.00952704
0.00909969
0.009537
0.0103087
0.00942328
0.00965003
0.00971325
0.0104853
0.0109657
0.00948461
0.00903312
0.00949017
0.0103983
0.0109695
0.00872226
0.00925174
0.00997094
0.00966903
0.0103061
0.0098367
0.00897958
0.0110829
0.00937607
0.0103706
0.00949476
0.00986419
0.00898686
0.00990414
0.00879267
0.00972971
0.0105371
0.00944721
0.00902038
0.00896177
0.00981949
0.0102632
0.00998223
0.00991886
0.0101145
0.0102418
0.0104381
0.00969538
0.00919645
0.0108464
0.0105818
0.00926274
0.0115574
0.00873256
0.0100277
0.0106408
0.010276
0.0101849
0.00943656
0.0116343
0.0101268
0.00645209
