0.3
0.00213107
0.00211022
0.00205796
0.00204784
0.00205683
0.00205305
0.00198716
0.00204476
0.00195998
0.00216319
0.00197756
0.0019527
0.00210751
0.00206432
0.00204847
0.00200792
0.00211726
0.00198769
0.0020868
0.00208257
0.00197587
0.00200126
0.00204353
0.00215315
0.00201114
0.0019386
0.00204314
0.00202754
0.00204862
0.0020064
0.00201287
0.00202047
0.00208248
0.00203061
0.00203543
0.00207952
0.00203829
0.00199799
0.00201947
0.00205201
0.00199424
0.00203168
0.00208186
0.00193748
0.00193138
0.00198745
0.00202606
0.00205758
0.00202545
0.00202807
0.00193207
0.00208461
0.00204917
0.00203925
0.00204559
0.00205669
0.00194972
0.00198938
0.00200347
0.00203561
0.00200586
0.00205964
0.00204248
0.00196541
0.00206019
0.00205683
0.00205802
0.0020605
0.0020056
0.00198849
0.00203864
0.00208532
0.00210785
0.00205875
0.00200903
0.00194969
0.00203779
0.00198599
0.00205212
0.00199572
0.00209395
0.001973
0.00203493
0.0019861
0.00203329
0.00199559
0.00207863
0.00203753
0.00199857
0.0020719
0.00207223
0.00215718
0.00197905
0.00197537
0.00203237
0.00207814
0.00204524
0.00190099
0.00200536
0.00211229
0.0020705
0.00199672
0.00213738
0.00197266
0.00203462
0.001945
0.00200848
0.00196288
0.00204352
0.00207408
0.00206035
0.00206672
0.00199765
0.00194444
0.00193094
0.00199684
0.00203292
0.00209598
0.00209124
0.00202841
0.00202852
0.0019693
0.00202474
0.0020228
0.00214345
0.0020343
0.0019186
0.00208243
0.00198145
0.0020622
0.00202129
0.00207597
0.00205834
0.00212302
0.00200093
0.00206621
0.00206652
0.00202025
0.00200055
0.00199298
0.00204241
0.00194349
0.00198121
0.00201795
0.00210347
0.00197488
0.00194067
0.00203319
0.00199809
0.00196938
0.00200812
0.00202335
0.0018795
0.00200262
0.00194709
0.00199659
0.00192035
0.00200851
0.00205154
0.00197704
0.00207959
0.00200252
0.00204227
0.00199266
0.0020591
0.00194915
0.00187705
0.00197397
0.00200064
0.00204002
0.00201522
0.00196923
0.00209074
0.0019848
0.00203946
0.00200657
0.00198359
0.00200273
0.00198522
0.00192381
0.00203639
0.0019324
0.00201935
0.00200188
0.00205858
0.00202716
0.0020123
0.00196837
0.00194145
0.00200033
0.00206904
0.00199054
0.0019691
0.00193059
0.00204978
0.00205537
0.00200199
0.00192958
0.00209233
0.00205368
0.00204668
0.00198534
0.00194793
0.00194293
0.002007
0.00198076
0.00202256
0.00207438
0.00198679
0.0019919
0.00200664
0.00213154
0.00195017
0.00197099
0.00200856
0.00199714
0.00201406
0.00201822
0.00209156
0.00200268
0.00201397
0.00209292
0.00198405
0.00205088
0.002048
0.00201023
0.00195796
0.00196447
0.00202603
0.00199568
0.0020408
0.00197274
0.00195071
0.00206008
0.00203764
0.00202308
0.00203271
0.00199945
0.00196274
0.00206619
0.00198447
0.00198776
0.00200114
0.00211817
0.00197608
0.0019747
0.0020223
0.00203567
0.00205532
0.00196155
0.00199252
0.00201018
0.00188575
0.00195037
0.00199657
0.00201181
0.00201986
0.00197497
0.00189951
0.00201068
0.00202635
0.00192562
0.0019907
0.00203489
0.00206018
0.00200259
0.0020471
0.00198367
0.0020613
0.00197159
0.00194813
0.00207649
0.00205215
0.00200929
0.001871
0.00194973
0.00201053
0.00197803
0.00194291
0.00196843
0.00196753
0.00199319
0.00196968
0.00199341
0.00201283
0.00196976
0.00198047
0.00198899
0.00199976
0.0019918
0.0019791
0.00204397
0.00193908
0.00199766
0.00200449
0.00199806
0.00200613
0.00197739
0.00196185
0.00200114
0.00203404
0.0019488
0.0019333
0.00212829
0.00186744
0.00214521
0.00201041
0.001979
0.0019975
0.00197413
0.00195028
0.00196323
0.00207573
0.00189046
0.00200319
0.00190754
0.00196564
0.00208039
0.00195333
0.00189094
0.00197033
0.00204282
0.00197986
0.0020279
0.00208888
0.00201151
0.00196841
0.0019511
0.0020291
0.00204409
0.00198514
0.00196501
0.00197575
0.00204429
0.00202814
0.00194036
0.00194406
0.00194605
0.00188861
0.00195532
0.00199445
0.00202195
0.00206055
0.00193979
0.0019754
0.0019243
0.00199515
0.00200048
0.00203902
0.00194268
0.00210288
0.00201971
0.00203678
0.00193971
0.00199345
0.0019323
0.00195534
0.00196935
0.00206095
0.00205211
0.00200392
0.00198442
0.00191107
0.00194519
0.00197208
0.00195982
0.0020195
0.00211201
0.00209027
0.00198106
0.00196344
0.00195526
0.00201241
0.00202326
0.00198471
0.00197208
0.00201067
0.00197337
0.00198712
0.00199482
0.00190604
0.00196535
0.00208467
0.00199335
0.00193883
0.00195006
0.00193364
0.00188787
0.00208594
0.00203528
0.00198012
0.00188603
0.00200158
0.00202968
0.00197231
0.00198529
0.00203331
0.00202654
0.00205385
0.00196252
0.00190737
0.00191666
0.00202086
0.00197478
0.00194363
0.00187452
0.00196468
0.00200147
0.00200743
0.00199332
0.00191133
0.00186656
0.00202266
0.00194721
0.00192002
0.00203056
0.00202614
0.0020121
0.00196362
0.00199819
0.00204295
0.00201663
0.00200902
0.00199526
0.00193665
0.00193906
0.00193634
0.00196403
0.00191491
0.00195672
0.00202387
0.00197305
0.00191598
0.00197753
0.00194257
0.00205787
0.00194365
0.00193922
0.0020197
0.00196212
0.00197047
0.00199994
0.00200726
0.00201432
0.00203593
0.00195613
0.00196667
0.00189073
0.00187548
0.00197621
0.00197996
0.00202074
0.00193876
0.00200515
0.00200665
0.00196888
0.00193142
0.00199925
0.00200562
0.00196233
0.00207044
0.00197208
0.00202449
0.00197268
0.00195497
0.00193489
0.00204081
0.00195699
0.00196299
0.00195509
0.00205117
0.00196413
0.0020626
0.00195089
0.00200958
0.00194875
0.00195744
0.00206463
0.00192563
0.00207034
0.00194489
0.00193952
0.00190174
0.00195076
0.00200805
0.00188715
0.00197919
0.00192731
0.00189832
0.00196498
0.00196478
0.00195924
0.0019335
0.00196846
0.00190077
0.00188519
0.00203703
0.00198774
0.00194482
0.00144978
