0.1
0.00200333
0.00199396
0.00200789
0.00200473
0.00200493
0.00197679
0.00199309
0.00199175
0.00197882
0.00201001
0.00200517
0.00201234
0.00199774
0.00198625
0.00199031
0.00200785
0.00200532
0.00198908
0.00201342
0.00200138
0.00200151
0.00202701
0.00201011
0.00200096
0.00199457
0.00199589
0.00200677
0.00201691
0.00200046
0.0019732
0.00201108
0.00198571
0.00201697
0.0019897
0.0020336
0.00198408
0.0020138
0.0019968
0.00199052
0.00200089
0.00200565
0.00198242
0.00200405
0.00199009
0.00199852
0.00198752
0.00199784
0.00198493
0.00199139
0.00200918
0.00198946
0.00198953
0.00199742
0.00199094
0.00199387
0.00196354
0.00198832
0.00200074
0.00200554
0.00196866
0.00197869
0.00199834
0.00202185
0.00202002
0.0020007
0.00203024
0.00200368
0.00201636
0.00199724
0.00200017
0.00202323
0.00198715
0.00201025
0.00201896
0.0020111
0.00196952
0.00201786
0.00199557
0.00201575
0.00200138
0.00203037
0.00198953
0.00201507
0.00201327
0.00198792
0.00199269
0.00203084
0.00201432
0.00200416
0.00198333
0.00199641
0.00200337
0.00198848
0.00199449
0.00200283
0.00199429
0.00201934
0.00198232
0.00200933
0.00199351
0.00200157
0.00198745
0.00199826
0.00198756
0.00199444
0.00199501
0.00200417
0.00200445
0.00199649
0.00200262
0.00198746
0.00200154
0.00198292
0.00199851
0.00200258
0.002003
0.00202464
0.00201559
0.00199126
0.00201301
0.00200445
0.00199472
0.00200728
0.00198879
0.00202351
0.00197576
0.00196971
0.00202376
0.00199225
0.00200003
0.00199627
0.00199194
0.00198245
0.00199444
0.00201363
0.00199814
0.00201392
0.0020034
0.00200231
0.00198042
0.00200154
0.00200625
0.00200418
0.00202897
0.00197749
0.00201172
0.00198446
0.00200448
0.00200083
0.00200012
0.00200592
0.00200768
0.0020036
0.00202697
0.00201407
0.00200816
0.0020202
0.00199917
0.00199053
0.00201127
0.00199731
0.00199319
0.00198457
0.00200686
0.00199079
0.00203146
0.00201667
0.00200051
0.0019945
0.00199473
0.00203036
0.00200421
0.00199087
0.00199161
0.00200015
0.0019956
0.00199762
0.00198606
0.00199084
0.00199202
0.00199313
0.00199529
0.00199711
0.0020017
0.00200857
0.0020008
0.00200805
0.00197948
0.00198225
0.00199964
0.00199073
0.00199549
0.00200285
0.00200981
0.00202223
0.00199798
0.0019914
0.00199008
0.00203609
0.00200873
0.00200784
0.00197179
0.00199885
0.0020085
0.00200846
0.00200433
0.00199348
0.00200383
0.00202137
0.00197676
0.00199586
0.00200878
0.00199643
0.00200474
0.00198689
0.00203494
0.00199282
0.00200559
0.00200849
0.00202225
0.00200121
0.00199913
0.00200444
0.00199497
0.00198065
0.00200609
0.00199557
0.00201439
0.00201237
0.00198793
0.00200418
0.00202743
0.00200105
0.00198165
0.00201384
0.00199297
0.0020168
0.00198643
0.001986
0.00199236
0.00198396
0.00200506
0.00203797
0.00197163
0.00200979
0.00200543
0.00200206
0.00199782
0.00202537
0.00199803
0.00197991
0.00200331
0.00200387
0.00199359
0.00201064
0.00199009
0.00199543
0.00197886
0.0020084
0.00198355
0.0019734
0.00200424
0.00200997
0.00200212
0.00201997
0.00199484
0.00199774
0.0019645
0.00199525
0.00201042
0.00200202
0.00200673
0.00202937
0.00197213
0.00200248
0.00199528
0.00201005
0.00199974
0.00198976
0.00199578
0.00200003
0.00201722
0.00200759
0.00199246
0.00199318
0.0020005
0.00202918
0.00201758
0.00202364
0.00198729
0.00201351
0.00197984
0.00199656
0.00199674
0.00200053
0.00200307
0.00199744
0.00201017
0.00198487
0.00196523
0.00203182
0.00198463
0.00197712
0.00200583
0.00201048
0.00199012
0.00198999
0.00201502
0.00201036
0.00202134
0.00201153
0.00199331
0.00199285
0.00199023
0.00201592
0.00200455
0.00198101
0.00198435
0.00200899
0.00200703
0.00200977
0.00201393
0.00198488
0.00200706
0.00200081
0.00199673
0.00199206
0.00200497
0.00201947
0.0020083
0.00200375
0.00198667
0.00201412
0.00201004
0.00198995
0.00199464
0.00202016
0.00200862
0.00201347
0.00199466
0.00198711
0.00199149
0.00201067
0.00200039
0.00200008
0.00202013
0.00199019
0.00199633
0.00201701
0.00198798
0.002023
0.00199362
0.001994
0.00198958
0.00199146
0.00200788
0.00199672
0.00197551
0.00198724
0.00200312
0.00200008
0.00200184
0.00201734
0.00200483
0.00201928
0.0020121
0.00200107
0.00200954
0.00203103
0.00200736
0.00198399
0.00198218
0.0019761
0.00201284
0.00199168
0.00201318
0.00200275
0.00200603
0.00202159
0.00198691
0.00199831
0.00198208
0.00200112
0.00200739
0.00199762
0.00199325
0.0019882
0.00200435
0.00200283
0.00200829
0.00201305
0.00200915
0.00201393
0.00199285
0.0019977
0.00200113
0.00199091
0.00197282
0.00199637
0.00199593
0.0020072
0.00198014
0.00200407
0.00197211
0.00199427
0.00201197
0.00200304
0.00201223
0.00198164
0.00201221
0.00200678
0.00197759
0.00199395
0.00200223
0.00200254
0.00199268
0.00200324
0.00198336
0.00200823
0.00198733
0.0019974
0.00200171
0.00199868
0.00198131
0.00200096
0.0020082
0.00199399
0.0019975
0.00201453
0.00199228
0.00198471
0.00200754
0.00202094
0.00202235
0.00202131
0.00199041
0.00200543
0.00199002
0.0019782
0.00198956
0.00199411
0.00199478
0.00200234
0.00199904
0.001974
0.00199943
0.00200778
0.0020051
0.00200065
0.00200843
0.00200821
0.00198796
0.00200081
0.00200759
0.00200166
0.00200741
0.00200544
0.00199632
0.00200213
0.00198991
0.00200951
0.00196137
0.00199295
0.00198941
0.00199376
0.00199695
0.00198462
0.00197595
0.0019832
0.00199766
0.00197777
0.00202226
0.00199527
0.00199614
0.00200717
0.00202127
0.00202477
0.0020077
0.00204151
0.00200387
0.00197815
0.00202165
0.00199714
0.00198268
0.00199639
0.00200091
0.00198888
0.00199899
0.00200125
0.00198874
0.00200499
0.00199247
0.00200604
0.00200585
0.0020074
0.00200042
0.00199288
0.00200872
0.00199204
0.00189577
