0.7
0.00211371
0.00227251
0.00217891
0.00228501
0.00218778
0.00228274
0.00199892
0.00219305
0.00236408
0.00213153
0.00235798
0.00195869
0.0024026
0.00234735
0.00225463
0.00203194
0.00221635
0.00217206
0.00207206
0.00210973
0.00197329
0.00208223
0.00207073
0.00203015
0.00229326
0.00223431
0.00226129
0.00214175
0.00200031
0.00221914
0.002156
0.00199378
0.00204958
0.00226478
0.00219223
0.00217644
0.00229759
0.00214606
0.00230575
0.00192401
0.00221233
0.00201425
0.00217814
0.00207204
0.00206756
0.0020786
0.00214426
0.00207683
0.00224614
0.00203821
0.00199964
0.00202414
0.00211108
0.00214597
0.00212822
0.00247561
0.00240118
0.00212319
0.00242188
0.00210043
0.00211401
0.00220106
0.00238151
0.00210458
0.00215331
0.0021697
0.0021109
0.00210998
0.00222475
0.0023644
0.00191012
0.00186879
0.00222135
0.00210375
0.00217626
0.00207481
0.00224075
0.00229067
0.00218227
0.00208856
0.00228195
0.00215365
0.00217966
0.00216093
0.00214879
0.00231682
0.00209834
0.0021836
0.00229228
0.00228787
0.00231912
0.00209363
0.00218154
0.00213687
0.00206053
0.00216719
0.00226134
0.00197856
0.00212943
0.00209836
0.00222557
0.00206365
0.00201583
0.0021508
0.00212506
0.00196503
0.00212316
0.0021151
0.00217784
0.00191249
0.00200752
0.00206337
0.00209838
0.00204501
0.00206085
0.00215364
0.0022209
0.00199505
0.00238352
0.00216413
0.00200527
0.00221284
0.00224012
0.00221601
0.00194779
0.0020506
0.00200337
0.0020781
0.00203529
0.00212487
0.00213477
0.00212635
0.00200667
0.00216947
0.00213743
0.001869
0.00222264
0.00227042
0.00187073
0.00229574
0.00195939
0.00196352
0.00204673
0.00205177
0.00206762
0.00200395
0.0021309
0.00192356
0.00214417
0.00210047
0.00193769
0.00222102
0.00189736
0.00225313
0.00202596
0.00227856
0.00212307
0.00208921
0.00209685
0.0019053
0.00204058
0.00230221
0.00222451
0.00193495
0.00218871
0.00212027
0.0020762
0.00215547
0.00182218
0.00191564
0.00199275
0.00206259
0.00201246
0.00203867
0.00209235
0.00204904
0.00205639
0.00200639
0.00230473
0.00215418
0.00201013
0.00194161
0.00189349
0.00193636
0.00195182
0.00210958
0.0020418
0.00199252
0.00205965
0.00215859
0.00213699
0.00207748
0.00187935
0.00186633
0.00213105
0.0018589
0.00218142
0.00204082
0.00214381
0.00203734
0.00190747
0.00198125
0.00196606
0.00201109
0.0022258
0.00193022
0.00196026
0.00194067
0.002055
0.00205077
0.00191769
0.00198488
0.00205281
0.00204173
0.00202069
0.00198251
0.00216106
0.0021454
0.00207562
0.00176725
0.00203043
0.00198594
0.00208177
0.0019235
0.00205996
0.0021118
0.00178595
0.00204116
0.00187311
0.00198907
0.00206836
0.00191804
0.00214091
0.00201334
0.00187878
0.00203851
0.00201582
0.00206471
0.00182645
0.00207859
0.00215735
0.00208914
0.00195605
0.00194714
0.00200391
0.00188929
0.00193717
0.00189106
0.00204138
0.00204563
0.00183834
0.00194367
0.00182857
0.00190419
0.00216405
0.00194516
0.00211493
0.00194572
0.00197465
0.00191552
0.00197559
0.00202454
0.00172899
0.00191502
0.00193464
0.00188912
0.00170662
0.0020378
0.00195389
0.00202675
0.00192453
0.00189201
0.00193123
0.00197893
0.00193
0.00170811
0.00187106
0.00179118
0.00206586
0.00188482
0.00201304
0.00197428
0.00194962
0.0020463
0.00180191
0.00186594
0.00197379
0.0020974
0.00194518
0.00187256
0.00203143
0.00198482
0.00194991
0.00196992
0.00200801
0.00203364
0.00211961
0.00196553
0.00195649
0.00204705
0.00179957
0.0021881
0.00208247
0.00202838
0.00186414
0.00200984
0.00191321
0.00213632
0.00205436
0.00210719
0.00201547
0.00195991
0.0020327
0.00198555
0.0018921
0.00194037
0.0018289
0.0021797
0.00198572
0.00197729
0.00188104
0.00201294
0.00190693
0.00208241
0.00192362
0.00186785
0.001781
0.00189557
0.0018334
0.00181907
0.00194673
0.00199757
0.00183365
0.00181588
0.00195509
0.00195017
0.0019583
0.00200206
0.00184302
0.0018878
0.00187196
0.00192303
0.00163238
0.00184926
0.00188261
0.00189476
0.00196136
0.00201886
0.00183738
0.00181499
0.00188795
0.00212637
0.0017551
0.00184941
0.00189608
0.00174626
0.00189118
0.00185095
0.00191384
0.00192135
0.00174905
0.00184316
0.00187712
0.00199699
0.00190202
0.00183777
0.00204017
0.00186509
0.00199647
0.001964
0.00196774
0.00186135
0.00180991
0.00196901
0.00209343
0.001971
0.00193428
0.0017445
0.00204827
0.0019593
0.00200706
0.0019952
0.00200237
0.0017876
0.00187587
0.00188422
0.00209379
0.00172213
0.00201748
0.00185151
0.00194436
0.00198485
0.00178443
0.00196359
0.00187488
0.00198112
0.00185673
0.00191055
0.00180589
0.00186545
0.001772
0.00203463
0.00196698
0.00200998
0.00186339
0.00184878
0.00175241
0.00204065
0.00179685
0.00198647
0.00171627
0.00191905
0.00199259
0.00185447
0.00176365
0.00176924
0.00189659
0.00203526
0.00184551
0.00177339
0.00181683
0.00185005
0.00180283
0.00192981
0.00192546
0.00194701
0.00189027
0.00172527
0.00186813
0.00182711
0.00183331
0.00195908
0.00212077
0.00177415
0.00185213
0.00195038
0.00181745
0.00178218
0.00173655
0.00180622
0.00176651
0.00194581
0.00209678
0.00194756
0.00204639
0.00183868
0.00201527
0.00191278
0.00176155
0.00187969
0.0017143
0.0018059
0.00178436
0.00164928
0.00189626
0.00181584
0.00170059
0.00175407
0.00181031
0.0018377
0.00183371
0.00183482
0.00191563
0.00192284
0.00184486
0.00178072
0.00165176
0.00192836
0.00187481
0.00197702
0.00191159
0.00176279
0.00162642
0.00188764
0.00192899
0.00203807
0.00189469
0.00195193
0.00197594
0.00186509
0.00191831
0.00194796
0.00198736
0.00179191
0.00199148
0.00180836
0.00200631
0.00197681
0.00174475
0.00196474
0.00183335
0.00193959
0.00183404
0.0018177
0.00179666
0.00200801
0.0018824
0.00213573
0.00201748
0.000872008
