0.3
0.00981875
0.0102949
0.00950729
0.0102358
0.0103231
0.00993587
0.00933171
0.0103971
0.00934574
0.011339
0.0101906
0.00982737
0.0104822
0.0110135
0.0105271
0.0110298
0.00934393
0.010638
0.00926965
0.0108893
0.0112193
0.0101357
0.0107214
0.00951224
0.010907
0.00974709
0.0112051
0.00894494
0.00922083
0.0106978
0.010753
0.00927963
0.009114
0.00982207
0.0105413
0.00958243
0.0102129
0.00984819
0.0100855
0.00988025
0.00940105
0.00897145
0.0098195
0.0097189
0.00944926
0.0105132
0.0103358
0.0102845
0.0105701
0.0106664
0.0093413
0.0103414
0.00925575
0.0101238
0.0102946
0.00931136
0.00919424
0.0104059
0.00935034
0.00991825
0.0101267
0.0114907
0.0100751
0.00990582
0.0100531
0.0100383
0.0100671
0.00960462
0.0103646
0.00995958
0.00979181
0.00975805
0.0105906
0.0102118
0.0103211
0.0106787
0.00903914
0.00974144
0.00915533
0.00896999
0.0102241
0.00940556
0.0105161
0.0106441
0.00922086
0.00927903
0.0102166
0.010327
0.00952398
0.0101454
0.0101484
0.00946112
0.00987477
0.0104225
0.0105444
0.010842
0.00933713
0.00978647
0.0104371
0.00726155
