0.2
0.00498108
0.00476668
0.00500204
0.00501282
0.00518802
0.00486214
0.00510449
0.00505259
0.00510509
0.00533919
0.00501796
0.00492504
0.00522989
0.00470843
0.00530397
0.00484117
0.00481903
0.00514564
0.00508269
0.00498034
0.00521774
0.00513347
0.0052372
0.005062
0.00495602
0.00493048
0.00508211
0.00503652
0.00482346
0.00481639
0.00485276
0.00550535
0.00518372
0.00479382
0.00486274
0.00481606
0.00509873
0.00516395
0.00503355
0.0049055
0.00502464
0.00520769
0.0048884
0.00501722
0.0051798
0.0051197
0.00517794
0.0047729
0.00521259
0.00523521
0.00505353
0.00515257
0.00483137
0.00515826
0.00506329
0.00481756
0.0049911
0.00507025
0.00476508
0.0051431
0.00519003
0.00516633
0.00509353
0.00499008
0.00503694
0.00494874
0.00495559
0.00504207
0.00517563
0.00506648
0.00487093
0.0048525
0.00505041
0.00495338
0.00516647
0.00481805
0.00494449
0.00507097
0.00497183
0.00519393
0.00497436
0.00493802
0.00496421
0.00499944
0.00505456
0.00488562
0.00494089
0.00498436
0.00525624
0.00502482
0.00536038
0.0048943
0.00508479
0.00486386
0.00486811
0.00490485
0.0050253
0.00483041
0.00503209
0.00487252
0.00495519
0.00492197
0.00503707
0.00506408
0.0049949
0.00496357
0.00512905
0.00475314
0.00505648
0.00518418
0.00530524
0.00498563
0.00483648
0.00501979
0.00510865
0.0049397
0.00480996
0.00492133
0.00511856
0.00496273
0.00499707
0.00507441
0.00503762
0.00493097
0.00502837
0.00491718
0.00506834
0.00494838
0.00504056
0.00509184
0.00487983
0.00513692
0.00490916
0.00492761
0.00480262
0.00479135
0.00493245
0.00493544
0.00526311
0.00478927
0.00499191
0.00485718
0.00484214
0.00508939
0.00486348
0.00502239
0.0050446
0.00488848
0.0049958
0.00470472
0.00501992
0.00516754
0.00515815
0.00510558
0.00489239
0.00493871
0.00503234
0.00480353
0.00498219
0.00492377
0.0047134
0.00505816
0.00529537
0.00492828
0.00521305
0.0051642
0.00485215
0.00483553
0.00490641
0.00523867
0.00511039
0.00471225
0.00486198
0.00496696
0.00492078
0.00486677
0.00510847
0.00510037
0.00485018
0.0050825
0.0049352
0.00532562
0.00496401
0.00501622
0.00482624
0.00515373
0.00488145
0.00488814
0.00492321
0.00516959
0.00498023
0.00497967
0.00504112
0.00485474
0.00495137
0.00528321
0.00506058
0.00469816
0.00515024
0.00405734
