0.8
0.0126391
0.00789119
0.0111401
0.00826084
0.0111178
0.0117718
0.0104061
0.00672152
0.0100197
0.00755512
0.00777003
0.0101286
0.00790543
0.0112676
0.00823102
0.0103895
0.00949016
0.0114032
0.00944632
0.00975221
0.0100062
0.0103802
0.0100417
0.011427
0.00801716
0.0114018
0.0111729
0.0088215
0.00993222
0.0100625
0.0124046
0.0105754
0.00880872
0.00920831
0.011478
0.0112696
0.0113268
0.0112828
0.0109304
0.0109462
0.00912202
0.0131932
0.010974
0.00917708
0.0121259
0.010555
0.00714499
0.0120126
0.00996482
0.00905046
0.0110733
0.00935797
0.013106
0.00723712
0.00980208
0.00949901
0.00758936
0.00797747
0.00969014
0.00834179
0.0152006
0.0088048
0.00749531
0.00983526
0.0110354
0.00888235
0.00705506
0.010666
0.0110356
0.00939308
0.0109297
0.0106885
0.00689351
0.0116757
0.0110224
0.0121364
0.0106923
0.0109403
0.0113127
0.00658287
0.0105652
0.00929636
0.0103408
0.00989546
0.0129739
0.0101197
0.00958885
0.00983024
0.00840925
0.0103078
0.0119968
0.0121631
0.00771748
0.0119671
0.00909791
0.0113929
0.0102284
0.0113971
0.00842579
0.0022123
