0.5
0.00209768
0.00227206
0.00221297
0.00213786
0.00212024
0.00193666
0.00216496
0.00228793
0.00203344
0.00213526
0.0020546
0.00207262
0.00216871
0.00201262
0.00213138
0.00191837
0.00230209
0.00213507
0.00214646
0.00208587
0.00217591
0.0020888
0.00212289
0.00210705
0.00210596
0.00200768
0.00237118
0.00205211
0.00219382
0.00214821
0.002099
0.00211733
0.00218345
0.00210051
0.00214328
0.00208262
0.00220323
0.0021061
0.00206202
0.00201043
0.00223073
0.00193426
0.00207993
0.00200453
0.00199203
0.00209112
0.00206065
0.00215375
0.00197415
0.00208163
0.00194394
0.00219185
0.00205364
0.00208763
0.00214348
0.00225609
0.00210495
0.00211681
0.00211599
0.00209766
0.00203374
0.0020372
0.00206946
0.00207502
0.00220498
0.00212791
0.0019827
0.00220795
0.00228544
0.00221518
0.00221737
0.00209445
0.00211295
0.00207652
0.00217708
0.00209467
0.00206229
0.00193063
0.00198362
0.00205536
0.00194797
0.0021479
0.00203409
0.00211227
0.00222359
0.00205803
0.00205875
0.00222121
0.0020808
0.00213268
0.00203896
0.00221102
0.00201094
0.00219577
0.00205508
0.00193133
0.00205084
0.00201877
0.00198691
0.0021465
0.00202133
0.00201338
0.00210741
0.00214781
0.00215247
0.00209644
0.00195157
0.00200252
0.00210959
0.00201713
0.00204885
0.00198446
0.00217449
0.00214349
0.00224812
0.00223791
0.0020374
0.00206083
0.00197583
0.00205114
0.00194124
0.00197003
0.00201012
0.00221475
0.00207409
0.00212272
0.00206524
0.00204495
0.00204361
0.00201269
0.00197072
0.00204888
0.00205748
0.00206666
0.00214409
0.00195845
0.00208737
0.00210434
0.00189369
0.00203045
0.00181996
0.00211493
0.00193535
0.0020349
0.00204765
0.00212235
0.00190726
0.00197569
0.00198419
0.0021478
0.00199586
0.00203225
0.00196377
0.00205364
0.00203957
0.00199649
0.00197219
0.00204957
0.00207105
0.00202751
0.00204637
0.00200186
0.00201239
0.00203831
0.00212185
0.00205454
0.00225767
0.00204451
0.0019771
0.00200357
0.00212012
0.0019077
0.00196597
0.00205828
0.00189145
0.00203496
0.00221565
0.0019973
0.00197928
0.0020648
0.00201365
0.00208438
0.00205714
0.00204409
0.00197332
0.00206971
0.00204651
0.00188493
0.00194424
0.00207342
0.00196179
0.00198344
0.00207133
0.00218526
0.00206752
0.00203601
0.00194938
0.00199742
0.00207294
0.00204325
0.00199601
0.00193982
0.00203519
0.00194484
0.00189558
0.00211408
0.00209843
0.00203295
0.00210899
0.0020603
0.00188882
0.00206302
0.00188376
0.00204697
0.00194362
0.00196027
0.00190701
0.00198206
0.0019852
0.00194923
0.00211092
0.00206912
0.00202128
0.00194587
0.00210885
0.00210591
0.00188037
0.00206526
0.00195439
0.00190042
0.00194401
0.00202928
0.00197501
0.00207162
0.00206178
0.00187628
0.00197719
0.00202911
0.00207661
0.00188103
0.00204035
0.00196804
0.00203992
0.00198299
0.00206281
0.00204149
0.00193547
0.0019978
0.0019736
0.00201578
0.00197599
0.00196238
0.00201182
0.00211466
0.00199327
0.00201268
0.00197324
0.00191644
0.00204772
0.00198899
0.0019269
0.00196222
0.00194813
0.00181799
0.00190769
0.00186324
0.00200556
0.00184559
0.0019185
0.00194894
0.00202605
0.00192948
0.00197574
0.00216978
0.00194101
0.00198746
0.00198732
0.00191021
0.00178182
0.00195196
0.00190015
0.00196956
0.00194107
0.00188678
0.00191669
0.0019528
0.00192445
0.00202287
0.00209382
0.00200873
0.00212224
0.00195432
0.00201137
0.00196496
0.00186792
0.0020335
0.00196075
0.00194456
0.00184904
0.00197876
0.00190878
0.00197394
0.00196135
0.0019782
0.00196901
0.00196734
0.00189976
0.0020637
0.00191037
0.00204065
0.00195349
0.00184614
0.00197108
0.00199635
0.00204347
0.00193931
0.00198705
0.00196886
0.00218182
0.00195129
0.00208714
0.00199407
0.00192434
0.00194405
0.0021361
0.00178435
0.00186826
0.00201186
0.00190042
0.00194311
0.00198233
0.00205931
0.0019377
0.00187335
0.00202474
0.00194418
0.00190626
0.00188403
0.00197439
0.00200604
0.00189272
0.00198715
0.00203168
0.00192661
0.00192081
0.0017777
0.00213204
0.00199982
0.00196828
0.00209123
0.00199288
0.00191688
0.00197673
0.00191831
0.0020207
0.0019594
0.00199564
0.00177961
0.00202503
0.00190875
0.00179355
0.00190841
0.00199665
0.00196957
0.00195481
0.00204306
0.00195191
0.0018542
0.00179064
0.00204087
0.00190107
0.00194727
0.00193261
0.00194877
0.00185765
0.00194162
0.00205367
0.00196665
0.00183026
0.00195677
0.00192917
0.00194542
0.00193363
0.00196335
0.00188804
0.00189389
0.00195612
0.00201072
0.00204075
0.00189455
0.00193549
0.00184406
0.00190579
0.0020221
0.00200934
0.00181891
0.002011
0.00187688
0.00193836
0.00182194
0.00180501
0.00191726
0.00192881
0.00195062
0.00193163
0.00190631
0.00197466
0.00193304
0.00182338
0.00193716
0.00198527
0.00209941
0.0019042
0.00202616
0.00186547
0.00183962
0.00194578
0.00202176
0.00198428
0.00197475
0.00197659
0.00190978
0.00184939
0.00186218
0.00193252
0.00204187
0.0019293
0.00183114
0.00190981
0.00184597
0.00215054
0.00195637
0.0020199
0.00190569
0.00179909
0.00190923
0.00185717
0.0020565
0.00202483
0.00187066
0.00196471
0.00190937
0.00182125
0.00170483
0.00197316
0.00205803
0.00187973
0.00186373
0.00188197
0.00188613
0.00199731
0.00188429
0.00186149
0.00195144
0.00191109
0.00188402
0.00206749
0.0019779
0.00196618
0.00177594
0.00197706
0.00198932
0.00179382
0.00207742
0.00199167
0.0017678
0.00188502
0.00191529
0.00186125
0.00191216
0.00195956
0.00192712
0.00203711
0.00194063
0.00198267
0.00185684
0.00199914
0.00187863
0.00199805
0.00191705
0.00203331
0.00211803
0.00191675
0.00192923
0.0018765
0.00190382
0.00195856
0.00198367
0.00188636
0.00190995
0.00197107
0.00197601
0.00213754
0.00189085
0.00187347
0.0018617
0.00193992
0.00182293
0.00188495
0.00113895
