0.4
0.00355437
0.00325891
0.00356491
0.00333168
0.00352601
0.00371598
0.00349675
0.00356389
0.00338243
0.00357639
0.0035554
0.00310984
0.00339991
0.0035092
0.00345552
0.00348659
0.0033984
0.00339449
0.00343969
0.00335321
0.00358015
0.00370622
0.00340453
0.00333732
0.00342567
0.00357494
0.00322484
0.00352556
0.00360668
0.00353513
0.00358995
0.00356754
0.00310579
0.00344304
0.0036117
0.00338228
0.00313241
0.00360714
0.0034009
0.00370405
0.00363015
0.00336216
0.00346293
0.00335657
0.00339717
0.00327219
0.00335934
0.00349827
0.00331888
0.0035019
0.0033146
0.00361308
0.00325526
0.00377048
0.00320889
0.00367514
0.00356892
0.0031328
0.00383024
0.00322534
0.0032641
0.0035089
0.00348826
0.0032294
0.00335011
0.00323895
0.00351447
0.00343452
0.00347746
0.00316048
0.00336515
0.00351806
0.00326201
0.00331922
0.00346038
0.00317708
0.00321911
0.00364046
0.00341416
0.00344366
0.00339311
0.00340289
0.00347629
0.00320067
0.00315573
0.00350986
0.00336452
0.00330491
0.00346196
0.00346269
0.00325554
0.00332767
0.00323124
0.00332913
0.00326716
0.00334936
0.00346249
0.00340781
0.00333979
0.00328042
0.00359484
0.00335264
0.00336414
0.00333211
0.00331375
0.00333952
0.0031391
0.00333709
0.00323247
0.00322294
0.00344145
0.00315164
0.00320342
0.00342667
0.00343448
0.0033603
0.00326352
0.00333523
0.00335371
0.00346384
0.00323561
0.00342548
0.00321093
0.00326734
0.00331163
0.00342914
0.00317053
0.00331658
0.00331294
0.00346275
0.00351757
0.00338561
0.00337866
0.00339564
0.00296419
0.003314
0.00326541
0.0033016
0.0036234
0.00318048
0.00347198
0.00312536
0.00337633
0.00347823
0.00336038
0.00326377
0.00335879
0.00327877
0.00346039
0.00318098
0.00337763
0.00346799
0.00339027
0.00327678
0.0034325
0.003247
0.00333875
0.00332217
0.00321018
0.00329054
0.00347458
0.00326083
0.00332241
0.00340775
0.00355812
0.00305484
0.0033399
0.00310986
0.00311201
0.00335324
0.00327414
0.0030637
0.0033106
0.00357174
0.00328957
0.00336286
0.00337918
0.00321272
0.00316244
0.00342595
0.00337991
0.00357203
0.0032289
0.00310664
0.00325215
0.00328722
0.00366197
0.00317817
0.00324918
0.00336849
0.0034487
0.00333651
0.00313834
0.00325236
0.00317597
0.00340769
0.00310633
0.00317305
0.00324215
0.00313574
0.00314573
0.00339961
0.00329978
0.00317101
0.00312744
0.00313861
0.00331825
0.00330877
0.0034461
0.00323071
0.00330499
0.00349103
0.0031101
0.00328749
0.00307433
0.00313023
0.00341523
0.00333865
0.00332393
0.0032383
0.0033152
0.00304719
0.00321562
0.00346702
0.00328017
0.00336163
0.00336807
0.00323884
0.00323832
0.00327733
0.00323278
0.00320899
0.00313423
0.00300728
0.00329191
0.00345847
0.00323868
0.00337355
0.00323345
0.00314525
0.00326936
0.00323149
0.00313894
0.00321777
0.00346802
0.00330928
0.00351097
0.00328265
0.00328728
0.00336706
0.00352034
0.00315851
0.0032856
0.00337113
0.00311258
0.00330567
0.00308522
0.00335328
0.00319069
0.00327212
0.00348782
0.0034413
0.00319917
0.00330353
0.00331444
0.00347492
0.00324265
0.00308765
0.00323791
0.00320059
0.00308134
0.00323759
0.00334548
0.00323241
0.00349642
0.00317029
0.00312674
0.00334222
0.00353232
0.00343342
0.00331662
0.00328945
0.00314622
0.00321311
0.00328749
0.00341893
0.00301863
0.00309097
0.00340747
0.00352855
0.00340406
0.00327408
0.00333676
0.00324146
0.00304104
0.00344219
0.00326125
0.00334092
0.00327997
0.00214848
