0.2
0.0033808
0.00330019
0.00343452
0.00325432
0.00333841
0.00335731
0.00353539
0.00349278
0.00344735
0.00338254
0.00335466
0.00331365
0.00348176
0.00332542
0.00322886
0.00330076
0.00328273
0.00338376
0.00329571
0.00337555
0.00330563
0.00332691
0.00336158
0.00338152
0.00325943
0.00350875
0.0034258
0.00325269
0.00342829
0.00332276
0.00336656
0.00332635
0.00334415
0.00327151
0.0034058
0.00331143
0.00330535
0.003313
0.00330435
0.00339945
0.0033314
0.00333468
0.00337031
0.00332268
0.00339477
0.0032848
0.00337016
0.0033042
0.00326758
0.00331703
0.00367004
0.00341242
0.00334734
0.00335451
0.0033475
0.00325781
0.00318732
0.00332934
0.00331011
0.00330617
0.00343252
0.00332901
0.00343021
0.003274
0.00329873
0.00343761
0.0034633
0.00332587
0.00327472
0.00331208
0.00337565
0.00328499
0.00344366
0.00342574
0.00338391
0.00335485
0.00336304
0.00334485
0.00341044
0.00319061
0.00334813
0.00342595
0.00335045
0.00329859
0.00339543
0.00328589
0.00330648
0.00341876
0.00322567
0.0032519
0.00337628
0.00325938
0.00333463
0.00336247
0.00341154
0.0033055
0.00320978
0.00343113
0.00346409
0.00333661
0.00341845
0.00332262
0.00341021
0.00338382
0.00327396
0.00332998
0.00333515
0.00339307
0.00326486
0.00337154
0.00338291
0.003346
0.00331882
0.00333417
0.00339442
0.00340948
0.00323734
0.00331049
0.00333832
0.00322783
0.00350612
0.00324782
0.00334158
0.0032589
0.00337513
0.00335023
0.00348012
0.00335794
0.0033238
0.0033047
0.003371
0.00339431
0.00342287
0.003386
0.00330686
0.00336996
0.00333965
0.00325596
0.00343364
0.00337837
0.00332226
0.00345499
0.00326178
0.00324136
0.00337977
0.00330239
0.00338033
0.00316693
0.00338791
0.00336059
0.00329326
0.00335765
0.00332895
0.00325221
0.00331447
0.00344637
0.00326763
0.00346187
0.003191
0.00324842
0.00323082
0.00324541
0.00334857
0.00338593
0.0033827
0.0033721
0.00317212
0.00339075
0.00336524
0.00331632
0.00329215
0.00337047
0.00335062
0.00327798
0.0032586
0.00334954
0.0032811
0.00328531
0.00332186
0.00340255
0.00329041
0.00329394
0.00333844
0.00333401
0.0033397
0.00328301
0.00339992
0.00323798
0.00330711
0.00329928
0.00329481
0.00327411
0.00329813
0.0034044
0.00324608
0.00338843
0.00336998
0.00322104
0.00341105
0.00331127
0.00331048
0.00335125
0.00331626
0.0033525
0.00328313
0.00343431
0.00335724
0.00337772
0.0033332
0.00330224
0.00340431
0.00330678
0.00336039
0.00326562
0.00328832
0.00323395
0.00321261
0.00322914
0.00331346
0.00340034
0.00312563
0.00326001
0.00333495
0.00344501
0.00328818
0.00316362
0.00350225
0.00338153
0.00346717
0.0032066
0.00328476
0.00325131
0.00332633
0.0034894
0.00339666
0.00340922
0.00317695
0.00326587
0.00337803
0.00335199
0.00336883
0.00334701
0.00322517
0.0032641
0.00330534
0.00327688
0.00340085
0.0032588
0.00330232
0.00338455
0.00339644
0.00330366
0.00333284
0.00329336
0.00327988
0.0034634
0.00326617
0.00329143
0.00333851
0.00330181
0.00339883
0.0032444
0.003322
0.0032875
0.00328685
0.00329386
0.00337238
0.00341212
0.00336319
0.00330961
0.00335797
0.00328793
0.00334915
0.00333626
0.00339015
0.00333402
0.00333682
0.00340147
0.00320129
0.00335173
0.00321694
0.0032431
0.00321712
0.00335093
0.00319436
0.00326435
0.00346607
0.00332543
0.00349317
0.00330571
0.00334496
0.00337651
0.0033031
0.00337064
0.00334261
0.00335217
0.00335106
0.00333719
0.0033286
0.00270419
