0.8
0.00249068
0.0027013
0.00221968
0.00238639
0.00254383
0.00226711
0.00239025
0.00227145
0.00255213
0.00242587
0.00224738
0.00219289
0.00248284
0.00237844
0.00243384
0.00224506
0.0022687
0.00228268
0.00214623
0.00226809
0.00258518
0.0021715
0.00228755
0.00232644
0.00233152
0.00204139
0.00225682
0.00278442
0.00218677
0.00234229
0.00218588
0.00247113
0.00204573
0.00232394
0.00227822
0.00234209
0.0021031
0.00224673
0.00226665
0.00247436
0.0023304
0.00238944
0.0023755
0.00239174
0.00207395
0.00223233
0.00212447
0.00222603
0.00245988
0.00234929
0.00200414
0.00220712
0.00210203
0.00226607
0.00230977
0.00244271
0.00226677
0.00208324
0.00227382
0.00228531
0.0024345
0.00226733
0.00196653
0.00235194
0.0021261
0.00211771
0.00232113
0.00229469
0.00216224
0.00229066
0.00198643
0.00224984
0.00215411
0.0023213
0.00217448
0.00211133
0.00221814
0.00220243
0.00227895
0.00197501
0.00248113
0.00203277
0.00229706
0.0020741
0.00213845
0.00222155
0.00218815
0.00219328
0.00241671
0.00206431
0.00202976
0.00217696
0.00198605
0.00217314
0.00209463
0.00195651
0.00222644
0.00191038
0.00196414
0.00201187
0.00203525
0.00215601
0.0021994
0.00217105
0.00225456
0.0019482
0.0021989
0.00197482
0.0022069
0.00229295
0.00212775
0.002038
0.00213213
0.00243948
0.00239763
0.00220127
0.00195007
0.00208712
0.00221525
0.00215764
0.00234665
0.00196644
0.00218317
0.00208391
0.00209072
0.00219934
0.00198152
0.00223967
0.00221963
0.00214596
0.00207933
0.00226515
0.00186328
0.00198909
0.00191502
0.00207265
0.00223741
0.00200445
0.00215643
0.00208583
0.00220559
0.00206967
0.0019634
0.00227714
0.00206014
0.00200331
0.00200069
0.00222277
0.00222658
0.00218729
0.00198413
0.00214384
0.00223327
0.00197399
0.00222978
0.00203615
0.00190864
0.0020865
0.00202624
0.00203449
0.00193106
0.00213729
0.00197152
0.00194221
0.002045
0.00220296
0.0020247
0.00202155
0.00209758
0.00235663
0.00210552
0.00209845
0.00191134
0.00195882
0.00195756
0.00204801
0.00214344
0.00209478
0.0019441
0.00201725
0.00195807
0.00222712
0.00204642
0.0022658
0.00219441
0.00195708
0.00208478
0.00201349
0.00218233
0.00208361
0.0022177
0.00222125
0.00192097
0.00202452
0.00194939
0.00198974
0.00189555
0.00179301
0.00198932
0.00186953
0.00198728
0.00198997
0.00195483
0.00205283
0.00211259
0.00179588
0.00220684
0.00202564
0.0019667
0.00191691
0.00207397
0.0022337
0.0020565
0.00189975
0.00213069
0.00185651
0.00198374
0.00188474
0.00187264
0.00188487
0.00219748
0.00198255
0.00214155
0.00199765
0.00201489
0.00212911
0.00185905
0.00193974
0.00189559
0.0022425
0.001957
0.00213683
0.00184499
0.00182277
0.00187516
0.00182353
0.0022019
0.00206504
0.00189211
0.00213685
0.00180013
0.00204131
0.00192983
0.00197374
0.00221318
0.00213687
0.00183804
0.00199365
0.00201557
0.00184541
0.00194623
0.00196209
0.00200638
0.0019182
0.00222215
0.00196627
0.00201735
0.00193144
0.00204287
0.00196487
0.00194069
0.00203669
0.00198673
0.00202641
0.00217806
0.00188934
0.00169073
0.00178816
0.0019271
0.00181922
0.00207266
0.00173122
0.00189058
0.0021671
0.0019166
0.00180354
0.00198999
0.00172492
0.00207453
0.00184085
0.00212934
0.00188081
0.00192922
0.00173679
0.00195095
0.00185193
0.00194194
0.00179605
0.00196057
0.00211575
0.00167637
0.00177266
0.00189861
0.00220219
0.00187582
0.00198744
0.00193802
0.0019429
0.00171912
0.00199064
0.00192663
0.00184006
0.00202263
0.00210536
0.00191118
0.00180042
0.00199237
0.00197012
0.00176915
0.00183471
0.00182234
0.00207304
0.00194529
0.00191742
0.00190494
0.00194245
0.00173626
0.00198626
0.00187044
0.00189442
0.00190555
0.00182218
0.00194755
0.00205238
0.00206042
0.00177323
0.00200602
0.00173796
0.00204432
0.0016656
0.00169111
0.00205531
0.00193386
0.00189735
0.00186686
0.00184071
0.00183071
0.00197732
0.00179672
0.00176753
0.00203804
0.00169573
0.00181718
0.00194874
0.0016989
0.00165632
0.00182094
0.0018659
0.00200575
0.00173949
0.00189038
0.00194921
0.00186216
0.00210895
0.00189677
0.00174554
0.00180566
0.00201762
0.00189825
0.00209485
0.00173853
0.00212499
0.00181597
0.00181052
0.00176109
0.00192716
0.00181045
0.00197051
0.0018251
0.00164442
0.0016447
0.00172127
0.00186601
0.0019204
0.00198688
0.00198011
0.00187514
0.00201712
0.00190778
0.00191396
0.00193505
0.00176819
0.00172387
0.0018834
0.00194636
0.00171497
0.00176453
0.00177267
0.00172621
0.00194956
0.00186902
0.00189773
0.00183108
0.00172391
0.00203268
0.00185665
0.0019571
0.00179202
0.0018121
0.00189145
0.00190739
0.00182871
0.00181027
0.00195969
0.00193805
0.00180623
0.00191124
0.00172806
0.00173633
0.00180763
0.00194004
0.0019427
0.00188293
0.00181887
0.00186254
0.0017744
0.00202496
0.00202739
0.00172027
0.00200063
0.00176221
0.00196322
0.00177503
0.0017892
0.00173497
0.00172787
0.00189903
0.00190759
0.00176884
0.00186372
0.00176903
0.00173406
0.00193383
0.00184427
0.00182632
0.00187788
0.00192325
0.00195166
0.00169651
0.00164459
0.00187663
0.00196264
0.00172355
0.00170264
0.00161556
0.00180733
0.00174018
0.00170658
0.0018262
0.00189945
0.00180762
0.00184811
0.00190737
0.00199778
0.00183174
0.00184043
0.00170722
0.0019807
0.0020015
0.00185489
0.00175556
0.00175794
0.00174676
0.00194992
0.00180019
0.00183825
0.00187675
0.00178936
0.00190916
0.00190091
0.00159575
0.00177574
0.00189274
0.00183059
0.00195291
0.00181766
0.00182629
0.00189523
0.00194698
0.00170144
0.00193296
0.00164849
0.00163629
0.00174174
0.00153875
0.00194561
0.0017865
0.00179039
0.00176135
0.00162166
0.00194813
0.00206006
0.00184912
0.00175477
0.00185392
0.00182541
0.00183876
0.00164644
0.00167688
0.000756785
