0.6
0.00902171
0.0115764
0.00850562
0.010157
0.0084527
0.00820785
0.0105961
0.00965375
0.0101899
0.00999407
0.00948909
0.00999344
0.00939419
0.0110306
0.00829008
0.0103354
0.010925
0.00835015
0.0101791
0.00880735
0.00986019
0.00890909
0.00893655
0.0101619
0.012265
0.00960638
0.010168
0.0103063
0.0103498
0.0103468
0.00914486
0.0106296
0.0102221
0.0107786
0.010803
0.00710298
0.0129835
0.0115611
0.00970795
0.0108669
0.0110218
0.00988693
0.00765096
0.0106335
0.00917667
0.0116316
0.0116997
0.0117127
0.0126205
0.0110645
0.0112358
0.00992513
0.00958014
0.0097481
0.0125074
0.010448
0.00888164
0.01023
0.0105021
0.0103752
0.00967162
0.00856577
0.00919649
0.00903007
0.00964773
0.0101707
0.0101393
0.00992295
0.0102693
0.0083755
0.0115867
0.0104528
0.0103658
0.0099948
0.0100115
0.0122555
0.0103363
0.0108018
0.010325
0.00745933
0.0124718
0.0099603
0.0106785
0.00933464
0.00949874
0.00771929
0.0070223
0.0110783
0.0119206
0.0106244
0.0109852
0.0101878
0.00928089
0.0102119
0.0088057
0.0100968
0.00850762
0.0109251
0.00924173
0.00447711
