0.5
0.0110716
0.0107612
0.0103782
0.0110119
0.00994308
0.0099674
0.0107152
0.00991562
0.0104065
0.00973036
0.0114852
0.0123954
0.00930421
0.0100633
0.0092361
0.00930278
0.0120414
0.0108373
0.0103334
0.0117467
0.00959064
0.00957789
0.0111143
0.00935219
0.0110142
0.00871542
0.00986822
0.00961248
0.00873375
0.00949688
0.01084
0.0116391
0.0108347
0.0109684
0.0083882
0.0098208
0.00994598
0.00889077
0.0100799
0.00950533
0.0106762
0.0104768
0.00997517
0.0106881
0.00907526
0.0103957
0.00833044
0.00897327
0.0105608
0.00969439
0.0104906
0.0109465
0.0104121
0.0103362
0.0110903
0.010666
0.00989182
0.0102597
0.0105475
0.00961269
0.00870272
0.00937876
0.00822139
0.0101759
0.0101038
0.00964333
0.0106965
0.00907466
0.00952023
0.00952793
0.00993623
0.00902793
0.00964035
0.0104929
0.0117207
0.0104496
0.0110879
0.0110151
0.00951043
0.00991628
0.0100516
0.00973057
0.0105514
0.00906887
0.010198
0.0102346
0.010669
0.00936165
0.00913093
0.00915312
0.0107369
0.0106713
0.00966195
0.00964395
0.0089283
0.00920609
0.00862104
0.00947648
0.00968396
0.00564197
