0.8
0.00387583
0.003396
0.00350697
0.00435048
0.00363539
0.00401554
0.00446553
0.0034563
0.00374618
0.00377759
0.00429788
0.00397746
0.00383261
0.00380194
0.00389531
0.00395313
0.00420338
0.00406688
0.00420784
0.0037959
0.00338933
0.00430145
0.00378116
0.00441566
0.00331716
0.0042986
0.00356081
0.00356279
0.00380323
0.00405394
0.00367282
0.00391939
0.00407026
0.00354008
0.00379176
0.00393121
0.00398418
0.00420156
0.00407619
0.00356039
0.00327043
0.00355941
0.00408116
0.00371843
0.0031336
0.00344452
0.00349973
0.00390384
0.00397829
0.00372004
0.0034646
0.00393498
0.00354761
0.00332378
0.00414345
0.00346842
0.00385871
0.00333569
0.00425931
0.00379351
0.00363957
0.00343777
0.00388942
0.00324718
0.00353293
0.00294227
0.00347603
0.00362133
0.00330823
0.00352448
0.00350952
0.0034742
0.00327336
0.00400597
0.00330204
0.00325469
0.00400157
0.00360711
0.00331999
0.00338391
0.00320545
0.00345665
0.003553
0.00352257
0.00351841
0.00356497
0.00328824
0.00376426
0.00327409
0.00354532
0.00328442
0.00324038
0.00371226
0.00342057
0.00326851
0.00376096
0.00349626
0.00333374
0.00390751
0.00344007
0.00383493
0.00339226
0.00375804
0.003578
0.00332328
0.00419292
0.00368028
0.00340191
0.00349099
0.00335967
0.00312483
0.00312785
0.00340187
0.00355307
0.00312814
0.00319143
0.00333726
0.00353218
0.00277863
0.00349982
0.0036948
0.002968
0.00410901
0.00349566
0.00328805
0.00355522
0.00342071
0.00380588
0.0032134
0.00393949
0.00309258
0.00340816
0.0033052
0.00274053
0.00372011
0.00285336
0.00337838
0.00363717
0.00302085
0.0032634
0.00284349
0.00366754
0.00316353
0.00306324
0.00343391
0.00327789
0.00386291
0.00323505
0.00309511
0.00284264
0.00315246
0.00306832
0.00312883
0.00293594
0.00291395
0.0032719
0.00322275
0.00327405
0.00303218
0.00307206
0.00330024
0.00285691
0.00327345
0.00325077
0.00351444
0.00297342
0.0026758
0.00287052
0.00327145
0.00318284
0.00307869
0.00268692
0.00337097
0.00292936
0.00312742
0.00305341
0.00358496
0.00320591
0.0027576
0.00306717
0.00319406
0.00323775
0.0037295
0.00288756
0.00324131
0.00332133
0.00312695
0.00309294
0.00321175
0.00310157
0.00351694
0.00310686
0.00323666
0.0034674
0.00318587
0.0031079
0.00320874
0.00291404
0.00375351
0.00309558
0.00345357
0.00349962
0.00306698
0.00306723
0.00303206
0.00244952
0.00333386
0.00339256
0.00274703
0.00358014
0.00298033
0.00329814
0.00301439
0.00319233
0.00303448
0.00351284
0.00331298
0.00315873
0.00281534
0.0029861
0.00363278
0.0032018
0.00273008
0.00295894
0.00306906
0.00329841
0.00340655
0.00284685
0.00351591
0.00257953
0.00279804
0.00309816
0.00320293
0.00301107
0.0028558
0.00323083
0.00283928
0.00283135
0.00329537
0.00299781
0.00297081
0.00334806
0.0031948
0.00343444
0.00299269
0.00287971
0.00363125
0.00350299
0.00317783
0.00300408
0.00336258
0.00286831
0.00320564
0.00304267
0.00238379
0.00292821
0.00253357
0.00333246
0.00292899
0.00288667
0.00280627
0.00304206
0.0031857
0.0028664
0.00273013
0.00271294
0.00263667
0.00309092
0.00326802
0.00325518
0.00276811
0.00292644
0.0031326
0.00316343
0.0032113
0.00322807
0.00268686
0.00281542
0.00309991
0.00302868
0.0030114
0.0027648
0.00306226
0.00346529
0.00287669
0.00319619
0.00333141
0.00320391
0.00274032
0.00309337
0.00320661
0.00329008
0.00257662
0.00283028
0.00274725
0.00319658
0.00346704
0.00295218
0.00296792
0.00126206
