0.7
0.00404727
0.00372065
0.00372265
0.00381967
0.00376738
0.00381999
0.00394188
0.0035274
0.00364953
0.00350352
0.0039773
0.00412783
0.00360633
0.00385968
0.00359775
0.00367964
0.00347302
0.00322136
0.00387924
0.00374983
0.00412879
0.00374454
0.00371976
0.0037808
0.00331861
0.00370994
0.00361072
0.00347847
0.00351821
0.00359455
0.00352919
0.00381084
0.00365335
0.0039467
0.0036099
0.00337605
0.00407042
0.00363922
0.00377967
0.00344906
0.00351633
0.00374144
0.00371534
0.0032577
0.00350081
0.00334699
0.00350626
0.00359099
0.00324605
0.00370158
0.00341556
0.00386222
0.00336144
0.00332302
0.0035138
0.00347027
0.00345431
0.00369868
0.0033313
0.00336678
0.00342599
0.00373251
0.00323588
0.00385391
0.00363768
0.00386331
0.00351837
0.00339548
0.00357935
0.00368198
0.00349419
0.0034182
0.00318405
0.00363792
0.00372055
0.00352427
0.00412052
0.00373726
0.00356859
0.00340992
0.00376011
0.00356303
0.00315324
0.00284922
0.00368821
0.00405628
0.00348861
0.00317497
0.00336624
0.00369437
0.00341544
0.00366971
0.00323864
0.00337239
0.00361185
0.00324733
0.00363129
0.00310755
0.00303429
0.00350079
0.00335109
0.00294471
0.00335041
0.00309412
0.00344664
0.00381083
0.00359691
0.00323743
0.00342438
0.0031977
0.00323405
0.00333569
0.00312546
0.00342713
0.00352282
0.00358564
0.00339325
0.00342204
0.00396731
0.00359369
0.00337897
0.00345208
0.0029735
0.00364693
0.0035505
0.0036043
0.00326782
0.00360481
0.003077
0.00383573
0.00343964
0.00344582
0.00335937
0.00302127
0.00337224
0.00319968
0.00375194
0.00338736
0.0030069
0.00353972
0.00342368
0.0031894
0.00329357
0.00335531
0.00304271
0.00352764
0.00318008
0.00337243
0.00334881
0.00302636
0.00303223
0.0032661
0.0030412
0.00310691
0.00335229
0.00332478
0.00324727
0.0031423
0.00373737
0.00306511
0.00342617
0.00297239
0.00318991
0.00317215
0.00361207
0.00341194
0.00317549
0.0032791
0.00324467
0.00308124
0.00320858
0.00336869
0.00303142
0.00321193
0.00327961
0.00347844
0.00342901
0.00308336
0.00347557
0.00316934
0.00271345
0.0029546
0.00341161
0.0033389
0.00305398
0.00327365
0.00318816
0.0031526
0.00341565
0.00297211
0.00294218
0.00283068
0.00285871
0.00286068
0.00300685
0.00331277
0.00319104
0.00343135
0.00326121
0.00279222
0.00329912
0.00373916
0.00300001
0.00329128
0.0033652
0.00334265
0.00330433
0.00338489
0.00332978
0.00296523
0.00287395
0.00293824
0.00350364
0.00292061
0.0033297
0.00275311
0.00319361
0.00312508
0.00258725
0.0031738
0.00364809
0.0035986
0.00291649
0.00287709
0.00307927
0.00304294
0.0029904
0.00350459
0.0026712
0.0030222
0.00337097
0.00323517
0.00331251
0.00300114
0.0030572
0.00272894
0.00297683
0.00344363
0.00287289
0.0027967
0.00305163
0.00276484
0.00325678
0.00340868
0.00344766
0.00312514
0.00326518
0.00287381
0.00293469
0.00304864
0.00317019
0.00323776
0.00329462
0.00316433
0.00317255
0.00310672
0.00318914
0.00351933
0.00323831
0.00373268
0.00316323
0.00315846
0.00337463
0.00301121
0.00307666
0.00332347
0.00336415
0.00310837
0.00292441
0.00305151
0.00311675
0.0033339
0.00310936
0.0032577
0.00331856
0.00331162
0.00340141
0.00307489
0.00322725
0.00310101
0.00336892
0.00272709
0.00292607
0.00267531
0.00287771
0.00305119
0.00334065
0.00320019
0.0028508
0.00322795
0.00314589
0.0033206
0.00316357
0.00312496
0.00300631
0.00346585
0.00323253
0.00311205
0.00258809
0.00145462
