0.3
0.00255148
0.00259308
0.00260162
0.00262192
0.00269031
0.00250239
0.00255788
0.00256449
0.00258644
0.00252088
0.00266437
0.0026174
0.00246634
0.00261672
0.00260753
0.00254482
0.00254727
0.00254586
0.00247785
0.00262472
0.0025573
0.00260341
0.00241911
0.0025566
0.00258118
0.00255132
0.0025747
0.00254929
0.00243424
0.00253189
0.00254676
0.0025902
0.00255178
0.00251885
0.0024325
0.00253576
0.00259462
0.00238502
0.00258786
0.00242834
0.00256299
0.00242428
0.00259215
0.00243973
0.00245665
0.00263082
0.00255052
0.00251239
0.00260166
0.00267071
0.00255397
0.00246177
0.00259169
0.00263914
0.00246166
0.00255174
0.00257381
0.00247292
0.00266554
0.00256613
0.00252351
0.00247066
0.00262857
0.00258906
0.00265035
0.00249391
0.00247587
0.00265173
0.00255935
0.00248401
0.00249549
0.00252135
0.00248091
0.00252984
0.00248621
0.00256933
0.00245943
0.00251627
0.00249473
0.00242049
0.00254131
0.00254885
0.00257873
0.00251337
0.00255926
0.00251721
0.00246047
0.00257235
0.00250889
0.00254944
0.00251393
0.00248423
0.00238919
0.00248071
0.00263202
0.00257536
0.0024523
0.00252637
0.00259226
0.00261673
0.00257862
0.00257711
0.00261212
0.00248579
0.00255047
0.00268513
0.00263565
0.00253531
0.00260288
0.00259223
0.002498
0.00255215
0.00252306
0.00248403
0.00254096
0.00260812
0.00254314
0.00239982
0.00249916
0.00254649
0.00256287
0.00263657
0.00248894
0.00232751
0.00239597
0.00261126
0.00244632
0.0024509
0.00239973
0.00238287
0.00259008
0.0025019
0.00247446
0.00250859
0.00241086
0.00255695
0.00242383
0.00256578
0.00240785
0.00236741
0.00248652
0.00250702
0.00249473
0.00240858
0.00259551
0.00238987
0.00250693
0.0024904
0.00246598
0.00238597
0.00251159
0.00249697
0.00247775
0.00244497
0.00258521
0.00253972
0.00257393
0.00247456
0.00249741
0.00259843
0.00255719
0.00257291
0.00249607
0.00252247
0.00253295
0.00258785
0.00250072
0.00251203
0.00247003
0.00241952
0.00251612
0.00249738
0.00252557
0.00234561
0.00258066
0.00244966
0.00246951
0.00255094
0.00257424
0.00261636
0.00250236
0.00240811
0.0025207
0.00255791
0.00255833
0.0024959
0.00247022
0.00246147
0.00252835
0.00247477
0.00260765
0.00239826
0.00242295
0.00243098
0.00249417
0.00246723
0.00251243
0.00242884
0.00262278
0.00240003
0.00250889
0.00254494
0.00242439
0.00254827
0.0024642
0.00235391
0.00246102
0.00245365
0.0024859
0.00257087
0.00237754
0.00236847
0.00253802
0.00260728
0.00249913
0.00259786
0.00245788
0.00252844
0.00262203
0.0025464
0.00240362
0.00252217
0.0025267
0.00249531
0.0024244
0.0024351
0.00243888
0.00248919
0.0025802
0.0024389
0.00256674
0.00257347
0.00252331
0.00239687
0.00251582
0.00246759
0.00245793
0.00252048
0.00255847
0.00265457
0.00239518
0.00255316
0.00241262
0.00234063
0.00246697
0.00253638
0.0025456
0.0023637
0.00242973
0.00255737
0.00246322
0.0023942
0.00255216
0.00247606
0.00237527
0.00251986
0.00237759
0.00245222
0.0025555
0.00251618
0.00252552
0.00248854
0.0024763
0.00247124
0.00240666
0.00245271
0.00248753
0.00257882
0.00257756
0.0025129
0.00232962
0.00244961
0.00242145
0.00253071
0.00242527
0.00244655
0.00251416
0.00240493
0.0024942
0.00249418
0.00251319
0.00246297
0.00245402
0.00242076
0.00255931
0.00245787
0.00259299
0.00256027
0.0026592
0.00242716
0.00247476
0.00252099
0.00244224
0.00249744
0.00245007
0.00235179
0.00252518
0.0026026
0.00245745
0.00266337
0.00256398
0.00252791
0.0024693
0.00235131
0.00244829
0.00250157
0.00242235
0.00243515
0.00235377
0.00257878
0.0025067
0.00249469
0.00258167
0.00248599
0.00238286
0.00247684
0.00238913
0.00251709
0.00243999
0.00248941
0.00242241
0.00241463
0.00249626
0.00254531
0.00249797
0.00257185
0.00253496
0.00251299
0.00261661
0.00241197
0.00239876
0.00250629
0.00250844
0.00251122
0.00259211
0.00240805
0.00250651
0.00256655
0.00244909
0.00243346
0.00242603
0.00249588
0.00246442
0.00256379
0.00240775
0.00245727
0.00259351
0.00247083
0.00239745
0.00255078
0.00245775
0.0025284
0.00243024
0.00238687
0.00250143
0.00252219
0.00243496
0.0024849
0.00249252
0.00245074
0.00238815
0.00246125
0.00249792
0.00241871
0.00240307
0.00259007
0.00239973
0.00248559
0.00243865
0.00232999
0.00242715
0.00252468
0.00242322
0.00254541
0.00239925
0.00247009
0.00250151
0.00245784
0.00247414
0.00249495
0.00262486
0.00255239
0.00243088
0.00241812
0.00234308
0.00251744
0.00247502
0.00241762
0.00241356
0.00242565
0.00240934
0.00239972
0.00237407
0.00254995
0.00242121
0.00256635
0.00252052
0.00243022
0.00242898
0.00181272
