0.9
0.0102827
0.011492
0.00893274
0.0127402
0.0113038
0.0105363
0.0139945
0.0117977
0.010724
0.0115798
0.00650091
0.00878562
0.0132254
0.0102103
0.011669
0.0113346
0.00929764
0.0111852
0.0125389
0.0103257
0.00789856
0.0102314
0.0102495
0.00800314
0.0115147
0.0089761
0.0112727
0.00963011
0.00672667
0.00746353
0.00867844
0.0114012
0.0112725
0.0072353
0.00647863
0.00874809
0.0109315
0.00949765
0.00908657
0.0104227
0.011271
0.00952902
0.0118363
0.0105558
0.0107355
0.0103284
0.0124544
0.00673575
0.0144372
0.0113407
0.011885
0.0105328
0.00766749
0.0087615
0.0121929
0.0071185
0.00800246
0.00758529
0.00760634
0.00703758
0.00993179
0.0125381
0.0100231
0.00800784
0.00625362
0.00979077
0.0112279
0.0123231
0.00891001
0.00944215
0.00901155
0.0106551
0.0101881
0.0101781
0.0111716
0.00880273
0.00939583
0.00804461
0.0107292
0.0116929
0.0168503
0.00943413
0.0107862
0.00965514
0.0113567
0.0116116
0.00929479
0.00938047
0.0149543
0.0103247
0.0105915
0.0116392
0.00975526
0.00731644
0.00945392
0.00822286
0.0102893
0.00805072
0.00965405
0.00127045
