1
0.0028421
0.00239809
0.00280957
0.00270481
0.00238248
0.00279776
0.00249381
0.00300213
0.00235514
0.00249803
0.00216126
0.00274666
0.00257175
0.00236921
0.00258594
0.00243332
0.00238993
0.00238709
0.00229365
0.00226369
0.00254687
0.00247631
0.00266261
0.00224871
0.00265851
0.0025359
0.00248435
0.00228618
0.00256046
0.00272706
0.00268588
0.00236218
0.00226203
0.0026832
0.00239181
0.00259707
0.00254071
0.00240117
0.00263604
0.00202821
0.00250759
0.00223843
0.00256055
0.00285394
0.00238825
0.0024869
0.00246541
0.00260598
0.00249806
0.00241261
0.00231775
0.00228164
0.00241013
0.0022802
0.00207522
0.00255279
0.00216025
0.0024926
0.00275822
0.00257638
0.00252003
0.00215749
0.0023514
0.00268786
0.00201142
0.00236798
0.00234081
0.00231326
0.00248762
0.00209222
0.00241449
0.00227708
0.00243236
0.00221678
0.00242253
0.0022149
0.00228047
0.00258
0.00239215
0.00245862
0.00225691
0.00208547
0.00230248
0.00241011
0.002555
0.00216666
0.00209193
0.00214384
0.00235763
0.00254056
0.00209068
0.00232768
0.00230264
0.00195783
0.0023634
0.00248899
0.00217126
0.0023685
0.00237637
0.00212219
0.00245678
0.00213619
0.00225682
0.00226975
0.00218037
0.00206198
0.00201741
0.00230446
0.00256557
0.00251532
0.00220114
0.00221494
0.00226772
0.00210617
0.00228234
0.00233428
0.00218362
0.00233273
0.00208441
0.00226851
0.00209596
0.00229838
0.00189459
0.00208552
0.00202195
0.00209688
0.00201579
0.00225627
0.00214709
0.00187489
0.00214777
0.00201106
0.00242715
0.00189798
0.00246093
0.00229662
0.00218921
0.00245657
0.00201058
0.00241965
0.00215458
0.00205703
0.00232819
0.00207662
0.00229975
0.00199267
0.00211116
0.00207524
0.00187109
0.00230262
0.00223952
0.00216815
0.00214136
0.0020557
0.00222958
0.00206405
0.00203631
0.00194961
0.0021476
0.00242306
0.00197674
0.00187347
0.00217288
0.00223931
0.00209339
0.00198718
0.00211564
0.00204921
0.00254265
0.00213812
0.00209322
0.00208121
0.00209338
0.00232958
0.00240965
0.00209484
0.00220017
0.00185121
0.00205734
0.00225599
0.00217826
0.00213176
0.00216454
0.00214573
0.00199955
0.00189891
0.00205728
0.0020085
0.00205594
0.00202808
0.00196477
0.00198689
0.00189751
0.0019293
0.00208299
0.00191646
0.00223156
0.00190977
0.00206529
0.00226054
0.00199001
0.00208345
0.00185401
0.00194805
0.00190221
0.00220671
0.00207334
0.00183232
0.00211528
0.00190466
0.00188129
0.00218756
0.00211699
0.00195514
0.00208254
0.00206268
0.00169421
0.00190658
0.00188911
0.00215424
0.00218531
0.00186601
0.00199173
0.00202782
0.00218681
0.00199238
0.00198219
0.00189789
0.00201641
0.00205651
0.00210846
0.00198976
0.00179036
0.00201691
0.00195788
0.002085
0.00192784
0.00204177
0.00173051
0.00169149
0.00196521
0.001737
0.00198754
0.00200843
0.00214654
0.00190143
0.00189457
0.0018588
0.00207188
0.00212873
0.00211989
0.00188652
0.00183457
0.00191113
0.00195183
0.00180278
0.00190062
0.00198725
0.00190718
0.00203354
0.00186295
0.00176246
0.00184043
0.00186971
0.00180232
0.00170699
0.0017773
0.00198339
0.00178701
0.00179871
0.0018672
0.00187147
0.00178141
0.00228352
0.00193011
0.00158424
0.00207084
0.00165118
0.00205373
0.00182729
0.00205275
0.00213664
0.00188706
0.00174668
0.00186504
0.00194778
0.00183835
0.00180022
0.001893
0.0017549
0.00177636
0.00174805
0.00194562
0.00187015
0.00180212
0.00168693
0.00197765
0.00199392
0.00208552
0.00177379
0.00180127
0.00178426
0.00186086
0.00173941
0.00202625
0.0018418
0.00209492
0.0018822
0.00192255
0.00175475
0.00202818
0.00194568
0.00184889
0.00175228
0.00173439
0.00200558
0.00193186
0.00217311
0.00169491
0.00187289
0.00183348
0.00176677
0.00166534
0.00174406
0.00197558
0.00186414
0.00202883
0.00198528
0.00160482
0.00175506
0.00194806
0.00183772
0.0017568
0.00191825
0.00178211
0.00164617
0.00194357
0.00157019
0.00195325
0.00146538
0.00194238
0.0019629
0.00170533
0.00167724
0.00183639
0.00192242
0.00152313
0.00188125
0.00186214
0.00169422
0.00154
0.00177358
0.00189221
0.00178196
0.00180601
0.00186781
0.00195619
0.00186725
0.00194588
0.0018014
0.00199172
0.001752
0.00184058
0.0018177
0.00201132
0.00157888
0.00159038
0.00193623
0.00164055
0.00180872
0.00189604
0.00200158
0.00170846
0.0017528
0.00199213
0.00176177
0.00164734
0.00201424
0.00168639
0.00170823
0.00161935
0.0018395
0.00186426
0.00197874
0.00168302
0.00181966
0.00141714
0.00196311
0.00159254
0.00163265
0.00173725
0.00174391
0.00159439
0.00169882
0.00161594
0.00200623
0.00175047
0.00176385
0.00176324
0.00163688
0.00151431
0.00183732
0.00166648
0.00201017
0.00158402
0.00143887
0.00188208
0.00171508
0.00163674
0.00179804
0.001788
0.00177137
0.00172128
0.00174926
0.00170168
0.00176613
0.0018986
0.00169434
0.00159143
0.00161394
0.00159174
0.00189754
0.00155754
0.00150195
0.0019179
0.0016872
0.00176791
0.00180722
0.00157384
0.00169127
0.00176695
0.00170861
0.00195554
0.00207924
0.00167172
0.00163235
0.00178903
0.00156424
0.00158462
0.00167948
0.00168002
0.00173784
0.00172596
0.00164616
0.00155028
0.0017654
0.00181301
0.00167346
0.00171846
0.00167336
0.00194278
0.00158774
0.00185702
0.00194825
0.00186048
0.00165697
0.00167285
0.00175407
0.00164163
0.00177372
0.00176484
0.00161775
0.00168966
0.00166761
0.00155189
0.00173052
0.00165836
0.00165254
0.00172966
0.00156332
0.0017823
0.001621
0.00163315
0.00175673
0.00159587
0.00153294
0.00187168
0.00166923
0.0016583
0.00148032
0.00181688
0.00179489
0.00171379
0.00181977
0.00166372
0.00176694
0.00176626
0.00181507
0.0017139
0.00158849
0.00172138
0.00171546
0.00154949
0.00168789
0.00163756
0.00169805
0.0016304
0.00173106
0.00182519
0.000557192
