0.8
0.0027795
0.00279223
0.00272889
0.0026942
0.00301228
0.00278972
0.00280405
0.00268143
0.00277212
0.00280041
0.00267897
0.00311374
0.00284985
0.00326338
0.00293596
0.00307735
0.00299339
0.00286913
0.00297409
0.00247823
0.00285619
0.00311237
0.00300547
0.0028259
0.00314351
0.00282225
0.00266619
0.00297913
0.00294116
0.00306787
0.00250461
0.00301056
0.00274968
0.00292056
0.00292016
0.00249998
0.00319008
0.00251631
0.00292059
0.0024581
0.00300105
0.00275192
0.00329951
0.00295575
0.00283743
0.00324899
0.00247126
0.00295273
0.00290827
0.00300958
0.00285025
0.0028506
0.00265202
0.0024009
0.00302301
0.00242079
0.00303082
0.00293738
0.00257482
0.00245808
0.00296284
0.0028549
0.0028131
0.00250759
0.00291152
0.00298517
0.00240206
0.0025771
0.00283676
0.0027069
0.00299596
0.00275483
0.00283705
0.00278883
0.00297891
0.00268227
0.00275777
0.00311638
0.00251764
0.00306662
0.00249901
0.00252312
0.002865
0.00292284
0.00282214
0.00310795
0.00278158
0.0026305
0.00264292
0.00259053
0.00272532
0.00257307
0.00262224
0.00267503
0.00293154
0.00294548
0.0027128
0.00266332
0.00249589
0.00227749
0.0022967
0.00271263
0.00278028
0.00284865
0.00279568
0.00277424
0.00288372
0.00234627
0.00264272
0.00295087
0.00281291
0.00278902
0.0026158
0.00258923
0.00268183
0.00280224
0.00212253
0.00292682
0.00236072
0.00259409
0.00243516
0.00269468
0.0026178
0.00235958
0.00265932
0.00266242
0.00238143
0.00263454
0.00243909
0.00238234
0.002662
0.00229526
0.00242277
0.00282794
0.00252009
0.00231757
0.00282221
0.00268293
0.00252882
0.00266956
0.00254062
0.00257056
0.0022276
0.00291025
0.00297786
0.00288597
0.00273053
0.00250268
0.00272187
0.00241518
0.00264822
0.00263991
0.00246304
0.00228071
0.00247608
0.00225529
0.00260863
0.00253984
0.00291793
0.00234846
0.00280869
0.00251914
0.00268007
0.00229743
0.00245894
0.00270356
0.00252975
0.00237716
0.00269772
0.00216841
0.00272293
0.00253999
0.0028656
0.00238089
0.00235005
0.00254646
0.00252463
0.00236392
0.00255433
0.00253317
0.00260535
0.00268912
0.00259075
0.00250551
0.00243347
0.00253609
0.0024976
0.00284782
0.00226131
0.00265413
0.00237595
0.0025712
0.002709
0.00273095
0.00223525
0.00254715
0.00258025
0.00259762
0.002496
0.00223964
0.00248526
0.00272084
0.00242952
0.00227567
0.00233922
0.00251413
0.00235674
0.00246317
0.00251094
0.00256791
0.00235967
0.00247633
0.00220506
0.00218892
0.00243796
0.00243422
0.0023063
0.00244909
0.00237059
0.00230928
0.00237663
0.00208418
0.00233693
0.00246014
0.00211742
0.00235311
0.00200001
0.0022616
0.00252766
0.00268726
0.00259499
0.00250637
0.0023991
0.00210781
0.00232349
0.00231757
0.00218236
0.00227415
0.0023707
0.0023883
0.00236057
0.00237162
0.00253661
0.00224759
0.00238974
0.00237411
0.00238054
0.0024953
0.00263423
0.0021983
0.00253964
0.00236327
0.00249025
0.0023323
0.00264705
0.00222249
0.00241015
0.00238825
0.00247917
0.00237378
0.00194365
0.00240625
0.00223983
0.0023923
0.00224804
0.00209213
0.00256989
0.00228216
0.00215223
0.00226418
0.00223673
0.00234879
0.00216497
0.0023492
0.00263484
0.00245805
0.00201957
0.00225861
0.0022719
0.00231544
0.00211845
0.00227599
0.00244879
0.00212456
0.00230756
0.00232719
0.00210583
0.00229388
0.00197019
0.00242667
0.00243342
0.00219793
0.00252749
0.0025529
0.00253378
0.00225336
0.00209703
0.00257179
0.00220292
0.00235929
0.00239453
0.00221215
0.00199078
0.00208043
0.00230893
0.00248793
0.00213327
0.00241632
0.00210738
0.00224462
0.00244544
0.00221101
0.00226393
0.00249
0.00215355
0.00201628
0.00242519
0.00227152
0.00236368
0.00214651
0.00238361
0.00252222
0.00216817
0.00233856
0.00214282
0.00200446
0.00231441
0.00214339
0.00224387
0.00214428
0.00264825
0.00256766
0.0024482
0.00233737
0.0025025
0.00245928
0.00228899
0.00237286
0.0021006
0.00223159
0.00204263
0.00233945
0.00218039
0.00211002
0.00244042
0.00242443
0.00245271
0.00220711
0.0023773
0.00229567
0.00253882
0.00230455
0.00232505
0.00239824
0.002361
0.00240613
0.00234652
0.00250109
0.00208634
0.00217049
0.00224622
0.00216374
0.00245616
0.00242001
0.00223716
0.00227413
0.00235209
0.00235027
0.00231671
0.00227753
0.00238872
0.00214568
0.00222275
0.00234907
0.00197114
0.00236187
0.00233944
0.002026
0.00204454
0.00213386
0.00219017
0.00225293
0.00207507
0.00236673
0.00224391
0.00212457
0.00247962
0.0022267
0.00248648
0.00215027
0.00207096
0.00224029
0.00267009
0.00215249
0.00200606
0.00222244
0.00241102
0.0021981
0.00246278
0.00094667
