0.4
0.00198906
0.00209736
0.00218217
0.00213142
0.00208458
0.00220907
0.00213108
0.0020374
0.00195087
0.00194202
0.00206641
0.00210788
0.00209153
0.00213031
0.00217184
0.00207349
0.00214756
0.00200549
0.00217349
0.00219726
0.00209803
0.00208826
0.00211903
0.00203839
0.00211595
0.00207602
0.00206577
0.00217111
0.00216771
0.00217111
0.00197259
0.00213532
0.00183776
0.00204887
0.00207107
0.00219521
0.00203769
0.00208111
0.00197894
0.00207955
0.00210697
0.00199222
0.00212078
0.00199907
0.00196383
0.00200543
0.00210311
0.00215109
0.00213516
0.00208284
0.00216121
0.00189277
0.00204136
0.00213714
0.00204061
0.00214604
0.00212164
0.00203102
0.00210732
0.00200943
0.00204286
0.00209188
0.00201844
0.00202982
0.0019787
0.00209457
0.00208574
0.00204619
0.00207252
0.00206501
0.00204875
0.00218525
0.00212819
0.00220806
0.00208332
0.00197889
0.00212811
0.0022132
0.00207165
0.00214632
0.00210032
0.00192441
0.00208509
0.00191811
0.00212843
0.00201823
0.00211051
0.00205403
0.0019428
0.00195755
0.0020507
0.00208929
0.00213315
0.00209297
0.00203117
0.00209181
0.00208363
0.00200945
0.00191548
0.00198005
0.00201304
0.00204513
0.00197939
0.00200819
0.00201217
0.00202623
0.00202192
0.00206536
0.00194014
0.00204913
0.00205776
0.00205255
0.00204507
0.00188004
0.00211757
0.00208857
0.0020178
0.00201946
0.00207874
0.00208268
0.0020271
0.00201901
0.00205763
0.00203385
0.00194851
0.00192766
0.00200037
0.00202301
0.00215725
0.00188343
0.00200491
0.00196124
0.00213037
0.0021336
0.00194751
0.00218648
0.00189705
0.00190227
0.00192596
0.00214433
0.00191633
0.0020052
0.00206763
0.00196569
0.00201223
0.00200742
0.00201205
0.00192453
0.00201876
0.00196951
0.00207156
0.00201152
0.00201144
0.00196485
0.0020435
0.00192367
0.00200718
0.00211238
0.00202468
0.0019209
0.0019658
0.00200733
0.00205084
0.00194159
0.0019947
0.00201981
0.00208026
0.00209741
0.00197839
0.00189778
0.00207314
0.00196311
0.00192986
0.00209304
0.00201746
0.00195107
0.00206519
0.00198301
0.00197824
0.00199773
0.00192084
0.00206748
0.00186626
0.001965
0.00196356
0.0020461
0.00190306
0.00196057
0.00197052
0.00210754
0.00206851
0.00202748
0.0020479
0.00210108
0.00193158
0.00189361
0.00196781
0.00215762
0.00199716
0.00185545
0.00196302
0.00211146
0.00206614
0.00200279
0.0019703
0.00195064
0.00208492
0.00190927
0.00186339
0.00193367
0.00204742
0.00207603
0.00193363
0.00202988
0.00196989
0.00202327
0.00189857
0.00192114
0.00205523
0.00205476
0.00194558
0.00209851
0.0019315
0.00200654
0.00194893
0.00199309
0.00206477
0.00199209
0.00196448
0.00200437
0.00195646
0.00196911
0.00210755
0.00198918
0.00213138
0.00203986
0.00196302
0.00200443
0.00201373
0.00210247
0.00216567
0.00207243
0.00191286
0.00200044
0.00196325
0.00213775
0.0019886
0.00203957
0.00195631
0.00197517
0.00196955
0.00205246
0.00189736
0.00201805
0.00207716
0.0019215
0.00206402
0.00196684
0.00200462
0.00207934
0.00198271
0.00194232
0.00203979
0.00194922
0.00198855
0.00195842
0.00187039
0.00214563
0.00179638
0.00206553
0.00202187
0.00201937
0.00211839
0.00194017
0.00198933
0.00191723
0.00191617
0.00194426
0.00195621
0.00199931
0.00204921
0.00199988
0.00192149
0.00208113
0.0020257
0.0021088
0.0020739
0.001952
0.00203935
0.00200623
0.0019303
0.00195391
0.00190183
0.00202774
0.00193658
0.00202164
0.00198747
0.00192119
0.00190237
0.00194517
0.00202714
0.00198123
0.00196513
0.00191487
0.0019617
0.00198097
0.00192255
0.00213511
0.0019972
0.00204076
0.00198378
0.00190401
0.00209829
0.00197913
0.00195302
0.00195082
0.00191751
0.00201081
0.00195213
0.00200268
0.00202544
0.00194183
0.00194666
0.00188832
0.00197369
0.00194924
0.00208601
0.00203795
0.00201311
0.00189096
0.00204317
0.00190398
0.00211827
0.00198445
0.00188266
0.00187608
0.00197463
0.0019035
0.00192194
0.00197303
0.00191774
0.00194264
0.00201444
0.00205875
0.00196149
0.00205838
0.00199906
0.0020716
0.00199995
0.00188394
0.00195511
0.0019894
0.0019217
0.00208314
0.00202243
0.00195134
0.00200134
0.00196836
0.00190449
0.00203849
0.00205532
0.00198809
0.00203652
0.00202233
0.00203468
0.00204456
0.00196842
0.0019641
0.00204113
0.00205506
0.00197645
0.00191007
0.00200281
0.00191886
0.00195422
0.00195032
0.00203598
0.00196687
0.00195192
0.00197024
0.00196978
0.00211665
0.00196983
0.00181587
0.00187255
0.00202997
0.00187916
0.00199537
0.00189165
0.00204354
0.00194259
0.00197912
0.00195122
0.00204381
0.00193937
0.00198973
0.00197484
0.00197385
0.00206787
0.00194984
0.00188707
0.0019869
0.00195341
0.00197578
0.00193148
0.00194433
0.00194617
0.00198709
0.00184834
0.00194072
0.00210854
0.0018833
0.0019396
0.0019243
0.00193001
0.00190856
0.00195656
0.00191258
0.00197052
0.00191768
0.00198793
0.00199057
0.00196097
0.00200188
0.00186423
0.0019969
0.0019648
0.00198347
0.00187196
0.0019534
0.00192375
0.00202415
0.00198443
0.00195082
0.00200156
0.00210681
0.00185145
0.00189834
0.00195449
0.00205135
0.00190245
0.00190823
0.00184937
0.00201275
0.00195229
0.00207961
0.00196348
0.00189837
0.00196305
0.00186713
0.00184667
0.00203998
0.00196778
0.00190577
0.00194274
0.00189931
0.0019206
0.0020078
0.00201928
0.00195422
0.00196514
0.00194786
0.00198649
0.00196695
0.00191376
0.00183435
0.00197046
0.00200388
0.00193584
0.0020276
0.00201905
0.00186029
0.002053
0.00189696
0.00200741
0.00200088
0.00182039
0.00198301
0.00184237
0.00195662
0.00192179
0.00207839
0.0018955
0.00175823
0.00189361
0.00196337
0.00195724
0.00194337
0.00203694
0.00189761
0.0019056
0.00192149
0.0020277
0.00193017
0.00206865
0.00188494
0.00197306
0.00188244
0.00193512
0.00128881
