0.1
0.00250412
0.00251384
0.00246531
0.00254084
0.00250394
0.00254136
0.00247704
0.00253055
0.0025051
0.00251259
0.00253459
0.00250792
0.00253163
0.00249985
0.0025453
0.002549
0.00248376
0.00248351
0.00247283
0.00248415
0.00248794
0.00251343
0.00250661
0.00255675
0.00255157
0.00249817
0.0024985
0.00247698
0.00252575
0.00252962
0.00247696
0.0025048
0.00249289
0.00248663
0.00256123
0.00252814
0.00247896
0.00252468
0.00251529
0.00247284
0.00249823
0.0025378
0.0025193
0.00246668
0.00251393
0.00252172
0.00249593
0.00250509
0.00246758
0.00252281
0.00247373
0.00253584
0.00247467
0.00251876
0.00251105
0.00247736
0.00248448
0.00247481
0.00247637
0.00249012
0.00252653
0.00255312
0.00247789
0.00248613
0.00253036
0.00251882
0.00249716
0.00246425
0.00247995
0.00253328
0.00247128
0.00249179
0.0024646
0.00250207
0.002486
0.00250153
0.00247849
0.00252775
0.00249159
0.00250589
0.00253721
0.00248032
0.00256414
0.00250944
0.00248878
0.00251338
0.00253599
0.00250208
0.00253501
0.00253726
0.00249274
0.00255293
0.00248467
0.00250542
0.00255307
0.00248533
0.00245399
0.00250704
0.00252727
0.00254482
0.00253979
0.00244753
0.0024933
0.0025192
0.00248854
0.00254585
0.00250643
0.00253742
0.00254267
0.00249956
0.00250358
0.00247736
0.00253827
0.00249009
0.00251936
0.00249787
0.00253024
0.00247152
0.00250507
0.00243151
0.00249741
0.00251975
0.00244072
0.00250928
0.00254009
0.00249901
0.0024871
0.00253324
0.00248154
0.00251261
0.00253157
0.00247373
0.00256315
0.00252264
0.00244002
0.00252889
0.00251099
0.00249439
0.00247639
0.00252815
0.00249356
0.00248134
0.0025077
0.00253297
0.00250431
0.00247117
0.00249739
0.0025375
0.0025049
0.00251339
0.00247202
0.00250734
0.00254818
0.00253163
0.00251451
0.00248801
0.00249007
0.00243451
0.00252263
0.00247732
0.00255772
0.00250922
0.00250743
0.00251321
0.00250085
0.00248595
0.00253976
0.0024747
0.00248565
0.00248542
0.00247546
0.00251404
0.00249045
0.00248951
0.00247779
0.00247908
0.002513
0.00248978
0.00248879
0.00246877
0.00249629
0.00247756
0.00248607
0.00248764
0.00250314
0.00252454
0.00249149
0.0025342
0.00250556
0.00253809
0.00245415
0.0024754
0.00248554
0.0025057
0.00248359
0.00251268
0.00248286
0.00249193
0.00251368
0.00248076
0.00248575
0.00250128
0.00251472
0.00251424
0.0024507
0.00248407
0.002464
0.00253486
0.00247901
0.00249479
0.00251548
0.00249401
0.00245215
0.00247999
0.00250869
0.00245476
0.00244967
0.00242906
0.00251023
0.00248635
0.00251534
0.00253506
0.00250163
0.00250643
0.00252754
0.00245761
0.00252842
0.00251301
0.00248081
0.00249364
0.00249819
0.00246954
0.0024661
0.0025282
0.0024805
0.00249239
0.00252794
0.00253613
0.00251671
0.0024994
0.00250023
0.0024858
0.00251419
0.0024844
0.00249589
0.00250629
0.00245987
0.00250806
0.00251886
0.00249617
0.00252792
0.00251318
0.00253364
0.00246854
0.00250904
0.00248863
0.00247833
0.00257166
0.00246336
0.00248883
0.00247534
0.00250702
0.00251346
0.00244523
0.00250536
0.00249894
0.00251104
0.00247531
0.00252494
0.00252202
0.00248018
0.00250506
0.00250497
0.00252415
0.0024821
0.00249437
0.00245727
0.00248208
0.00252464
0.00252381
0.00251086
0.00250771
0.00247761
0.00249126
0.0025051
0.00251114
0.00250099
0.00252624
0.00252244
0.00249467
0.00247634
0.00247814
0.00256012
0.00250303
0.00246871
0.00248675
0.00251025
0.00244146
0.00249615
0.00253811
0.00251248
0.00251911
0.00247857
0.00248447
0.0024954
0.0024894
0.00251242
0.00246354
0.00250487
0.00246717
0.00252332
0.00249023
0.00251083
0.00247787
0.00250418
0.00250471
0.00247175
0.00249683
0.00249043
0.00248557
0.00245018
0.00253825
0.00249491
0.00249546
0.00251138
0.00253006
0.00247696
0.00250353
0.00248699
0.00249242
0.00246448
0.00253063
0.00249427
0.00249702
0.00252536
0.00251243
0.00250412
0.00249014
0.00247025
0.00249061
0.00245937
0.0025114
0.00247285
0.00248651
0.00246794
0.00252015
0.00253514
0.00248159
0.00251677
0.00248062
0.00250417
0.00247245
0.00245535
0.0024793
0.00250107
0.002502
0.00243596
0.00252821
0.00250497
0.00248148
0.00251809
0.00247918
0.00251588
0.00247432
0.00249887
0.00253504
0.00249418
0.00252953
0.00245018
0.00250591
0.00250256
0.00249208
0.00247167
0.00247218
0.00247691
0.00252059
0.0025143
0.00248377
0.00249988
0.00246607
0.00249472
0.0025167
0.00254242
0.00251302
0.00248759
0.00257551
0.00249982
0.00252091
0.00248775
0.00252381
0.0024881
0.00250413
0.00250051
0.00253582
0.00252433
0.00248251
0.00251666
0.00249025
0.00251712
0.00225726
