0.5
0.00484146
0.00515366
0.00485972
0.00541488
0.00549208
0.00526868
0.0057881
0.00472242
0.00524668
0.00520579
0.00588046
0.00511678
0.00560265
0.00577523
0.00540992
0.00496249
0.00516679
0.00529983
0.00432198
0.00473038
0.00500055
0.00425524
0.00501237
0.00587824
0.00490808
0.00534686
0.00468008
0.00480654
0.00531341
0.00495062
0.00537595
0.00569429
0.00498057
0.00477144
0.0055118
0.00501952
0.00539905
0.0052913
0.00512796
0.00476096
0.00518275
0.00483593
0.00572898
0.00521054
0.0054154
0.0059262
0.00527537
0.00573238
0.00511119
0.00539129
0.00492819
0.00556418
0.00501488
0.00557956
0.00483398
0.00523856
0.00527954
0.00573721
0.00510326
0.00569952
0.005151
0.00517646
0.00596351
0.00516525
0.00442176
0.00543924
0.00517488
0.00525723
0.00521013
0.00489188
0.00497716
0.00561117
0.00517144
0.00524572
0.00465543
0.00470144
0.00525333
0.00480904
0.00531447
0.00531997
0.00468368
0.00581334
0.00458574
0.00490502
0.00513306
0.00553019
0.0055349
0.00481816
0.00466264
0.0052286
0.00499181
0.0053696
0.004717
0.00522714
0.00504341
0.00491163
0.00475273
0.00437655
0.00461118
0.00475978
0.00504451
0.00501278
0.00519504
0.00512732
0.00560533
0.0047878
0.00474842
0.00446776
0.00490231
0.00532273
0.00494365
0.00496957
0.00511511
0.00495579
0.00499299
0.00494244
0.0047755
0.00543191
0.00474348
0.00489924
0.00527681
0.00466473
0.00487316
0.00497712
0.00461768
0.0045899
0.00472067
0.00540712
0.0048608
0.00474341
0.00548741
0.00487931
0.00474934
0.00488374
0.00503667
0.00486615
0.00478394
0.00479037
0.00462541
0.00508701
0.00505573
0.00485019
0.00511309
0.00529855
0.00500617
0.00437172
0.00526604
0.00444802
0.0047016
0.00519316
0.00506128
0.00458911
0.00521935
0.00490898
0.0048974
0.00459986
0.00476839
0.00496728
0.00522634
0.00470814
0.0047741
0.00486367
0.00478903
0.00491948
0.00485532
0.00496862
0.0045873
0.00539364
0.00459119
0.00438881
0.00483145
0.0049438
0.00548868
0.00478574
0.00521216
0.00485241
0.00474636
0.00409458
0.00468145
0.00497369
0.00473307
0.00458468
0.00459971
0.00484018
0.00505002
0.00423483
0.00426399
0.00491742
0.00481945
0.00466111
0.00421097
0.00504291
0.00450244
0.0048025
0.00462795
0.00486484
0.00446245
0.00482859
0.00450527
0.00285086
