0.3
0.00519669
0.0050945
0.00471487
0.0050876
0.00471142
0.0050686
0.00475916
0.00512662
0.00560822
0.00509922
0.00506762
0.00530207
0.00507547
0.0047784
0.00508692
0.00511765
0.00499392
0.00491842
0.00516024
0.00562055
0.00494115
0.0050239
0.0052187
0.00517352
0.00500511
0.00508175
0.00495985
0.00524937
0.00482603
0.00448513
0.00518816
0.00509929
0.00492772
0.00533589
0.00494807
0.00529302
0.00509346
0.00508019
0.0050739
0.00478084
0.0049226
0.00497498
0.00477426
0.00508984
0.00476983
0.00487965
0.00484552
0.0048696
0.00484475
0.00537609
0.00525741
0.00492796
0.00495353
0.00487436
0.00524107
0.00525412
0.00490589
0.00525739
0.00484294
0.00469174
0.00449898
0.005104
0.0050432
0.0052197
0.00480668
0.00493363
0.00467886
0.00523841
0.0050734
0.00496368
0.00517842
0.00522234
0.00492141
0.00483905
0.00503292
0.00494664
0.00515173
0.00508073
0.0048669
0.00488209
0.00515645
0.00517814
0.00492868
0.00507266
0.00511668
0.00505838
0.00536262
0.00492665
0.00487938
0.00512932
0.00472645
0.00515316
0.0052143
0.00513236
0.00489284
0.00495651
0.00467394
0.00497893
0.00527335
0.00517198
0.0048287
0.00477669
0.00493437
0.00477813
0.00477436
0.0051509
0.00503534
0.00504715
0.00493163
0.00503187
0.00466029
0.00507771
0.00507853
0.00491217
0.00478277
0.00508378
0.00484911
0.00505681
0.00495249
0.00528737
0.00491208
0.00519637
0.00507366
0.00517493
0.00474246
0.00478019
0.00462077
0.00491996
0.00515215
0.00514339
0.00493914
0.00490167
0.00514822
0.00463194
0.00515231
0.00495331
0.00496186
0.00543324
0.0052942
0.0052506
0.00496606
0.00469773
0.00502493
0.00532064
0.00512616
0.00526304
0.00511296
0.00503939
0.0050693
0.00486789
0.00476657
0.00499913
0.00460191
0.0050316
0.00487657
0.00477544
0.00518815
0.00463829
0.00492734
0.00487157
0.0050024
0.00479261
0.00502413
0.00491973
0.00492231
0.00488494
0.00528539
0.00518016
0.00472773
0.0050704
0.00478952
0.00501167
0.00532509
0.00507332
0.00532981
0.00472251
0.00493438
0.0049647
0.005141
0.00499421
0.00502573
0.00526257
0.00536916
0.00514512
0.00478862
0.00507209
0.00509258
0.00484605
0.00466509
0.00481419
0.00499486
0.00536071
0.00495187
0.00496072
0.00494006
0.0046945
0.00492443
0.005015
0.00518533
0.00362566
