0.6
0.00280893
0.00278011
0.00281224
0.00303701
0.00262375
0.00280616
0.00265447
0.00278401
0.00259885
0.0027822
0.00278436
0.00276734
0.00280669
0.00272349
0.00284817
0.00285174
0.00281627
0.00239713
0.00286002
0.00289162
0.00262881
0.00311518
0.00251733
0.00284372
0.00266738
0.00287673
0.00274762
0.0029795
0.00267071
0.00275258
0.00301822
0.00272298
0.00271497
0.00285806
0.00256415
0.00264417
0.00286287
0.00268309
0.0026804
0.002477
0.00260398
0.00266043
0.00283561
0.00273006
0.00265221
0.00251614
0.00292561
0.00286133
0.00263639
0.00266448
0.00275889
0.00282536
0.00268769
0.00253183
0.00237765
0.00271033
0.002833
0.00236057
0.00261303
0.00236475
0.00257373
0.0025818
0.00270681
0.0026678
0.00257522
0.00252913
0.00283754
0.00260957
0.00237682
0.00277735
0.00247134
0.00272227
0.00263911
0.00277006
0.00249201
0.00249764
0.00274118
0.00268004
0.00275904
0.00253933
0.00274695
0.00241429
0.00243674
0.00274355
0.00257909
0.00240415
0.00239183
0.00267626
0.00268049
0.00260404
0.00238466
0.00259292
0.00251868
0.00268898
0.00262632
0.00247094
0.00245713
0.00260019
0.00249316
0.0024804
0.00276688
0.00285169
0.00266373
0.00248679
0.00249455
0.00265059
0.0025501
0.00261257
0.00264294
0.00265336
0.0024574
0.00258789
0.00283852
0.0026932
0.00251061
0.00275352
0.00239303
0.00263393
0.0025795
0.00261681
0.00250826
0.0025453
0.00272505
0.00267865
0.00261169
0.00270505
0.00285479
0.00263686
0.00279299
0.00250317
0.00247965
0.00239727
0.00234239
0.00257987
0.00246174
0.00248067
0.00240758
0.00246759
0.0025629
0.00255225
0.00233226
0.0025705
0.00247157
0.0023192
0.00258539
0.00229267
0.00256745
0.00238997
0.00248561
0.00231554
0.00239649
0.00263038
0.00251275
0.00240196
0.00247817
0.0026986
0.00239854
0.00266919
0.00262136
0.00251252
0.00243929
0.00244343
0.00252224
0.00250013
0.00249498
0.00253511
0.00247318
0.00280715
0.00256947
0.00238392
0.00245159
0.0024464
0.00269766
0.00239712
0.00251723
0.00247063
0.00257453
0.0025497
0.00249032
0.00251247
0.00244686
0.00273682
0.00243388
0.00243882
0.00268116
0.00249398
0.00265623
0.0025825
0.00233432
0.00263383
0.00257339
0.00216872
0.00261632
0.00256465
0.00259755
0.00251163
0.00241039
0.00256548
0.00256413
0.0025853
0.0025753
0.0024719
0.00256999
0.00249191
0.00238214
0.00232585
0.00264127
0.00259627
0.00239379
0.00236837
0.00232155
0.00252283
0.00262685
0.00235723
0.00240437
0.0025915
0.00247012
0.00246588
0.00249259
0.00249709
0.0024013
0.00253934
0.00249732
0.00247321
0.00224898
0.00235417
0.00276179
0.00226824
0.00266714
0.00250275
0.00246723
0.00244502
0.00270057
0.00244283
0.00242598
0.00210011
0.00225174
0.00244645
0.00246122
0.00252468
0.00245421
0.00228074
0.00233222
0.00242709
0.00242105
0.00232843
0.00251306
0.00230959
0.00234134
0.00255785
0.00244806
0.0024036
0.00231105
0.00249073
0.00248653
0.00223571
0.00263654
0.00265321
0.00226575
0.00255369
0.00232039
0.00248489
0.00243239
0.00241064
0.00248179
0.00266693
0.00258011
0.00226809
0.00246058
0.0023167
0.00254713
0.00239136
0.00260744
0.00228997
0.0024016
0.00233988
0.00246085
0.0020974
0.00239848
0.00252656
0.00249791
0.00249426
0.00231725
0.0023049
0.00234423
0.00234414
0.00241792
0.0022063
0.00230792
0.00232424
0.00267844
0.00248666
0.0023918
0.00228391
0.00247116
0.00253433
0.00233547
0.0023608
0.00241232
0.0024425
0.00226321
0.00231398
0.00230101
0.00237487
0.00251711
0.00238951
0.00233419
0.00228102
0.00237005
0.00224104
0.00242892
0.00253069
0.00237855
0.00234496
0.00255512
0.0024278
0.00254166
0.00239152
0.00238672
0.00235766
0.00225964
0.002262
0.00227609
0.0022598
0.0023226
0.0024062
0.00230363
0.00233344
0.00260814
0.00226964
0.00261298
0.00236673
0.002274
0.00232267
0.00236906
0.00222342
0.00221066
0.00232467
0.00257917
0.00233114
0.00232692
0.00227018
0.00263272
0.00215963
0.0023859
0.00239582
0.0024661
0.00258207
0.00226783
0.00248424
0.00252715
0.00243207
0.00235877
0.00232788
0.00224164
0.00240252
0.00237054
0.00248573
0.00230862
0.00236501
0.00241229
0.00227515
0.00221885
0.00236331
0.00216
0.0023879
0.00243312
0.00248198
0.00231534
0.00221995
0.00247776
0.00227463
0.00231749
0.00231884
0.00227367
0.00231948
0.00256397
0.00260704
0.00229597
0.00238177
0.00249361
0.00221391
0.00235694
0.00242143
0.00232137
0.00237416
0.00225146
0.0022254
0.00227908
0.00232198
0.00222575
0.00251164
0.00235868
0.00252932
0.0024017
0.00225506
0.00228995
0.00236542
0.00217727
0.00125185
