0.7
0.0131029
0.0105606
0.00968529
0.00976276
0.00858166
0.010985
0.0123277
0.00826975
0.011201
0.00953936
0.0078602
0.0100169
0.0109021
0.0112854
0.00926023
0.0080411
0.00889129
0.0118442
0.00947944
0.00958578
0.009808
0.00948714
0.00692358
0.0144842
0.00882961
0.00902072
0.00770218
0.0104709
0.00941527
0.00882977
0.0129338
0.0105473
0.0115128
0.00800189
0.011935
0.011906
0.0106326
0.0125237
0.012194
0.011595
0.0100107
0.0125847
0.0079618
0.00859521
0.0108373
0.0105473
0.0101274
0.0074904
0.00878178
0.0107585
0.0106511
0.00892021
0.00867512
0.00777587
0.0107432
0.0117755
0.010499
0.0099807
0.00847893
0.00855436
0.00894846
0.0104932
0.0136381
0.010576
0.0106159
0.009448
0.0111473
0.00930319
0.00945128
0.00832792
0.00885893
0.0102076
0.0113279
0.0101382
0.00909588
0.0117312
0.00865504
0.010353
0.0113174
0.00872935
0.0110452
0.010352
0.0095843
0.00822107
0.0123877
0.0108073
0.0104672
0.0111191
0.0079858
0.00861896
0.0110952
0.00848831
0.0135014
0.00762593
0.0110944
0.0107334
0.00983573
0.00805572
0.0096582
0.00327364
