0.9
0.00320821
0.0029067
0.00300911
0.00310764
0.00292081
0.0028599
0.003475
0.00242986
0.00291389
0.00285201
0.0031431
0.00322547
0.00322817
0.00362674
0.0034138
0.00282067
0.00331266
0.00284566
0.00307333
0.00299181
0.00279863
0.00308662
0.00332587
0.00284536
0.002105
0.00306142
0.00302324
0.00308995
0.0025855
0.00331312
0.00285078
0.00320063
0.00323524
0.0026936
0.00278682
0.00275498
0.00309624
0.00307562
0.00320041
0.00305756
0.00261733
0.00313053
0.00303352
0.0030268
0.0032976
0.00285254
0.00281297
0.00317493
0.0029839
0.00251531
0.0028585
0.00316409
0.00284552
0.00243417
0.00314724
0.00308283
0.00256892
0.00255205
0.00271327
0.00318983
0.0026747
0.00258629
0.00303298
0.00254613
0.00313294
0.00262594
0.00262249
0.00282495
0.00257594
0.00283269
0.0028069
0.00332489
0.00284755
0.00294236
0.00292609
0.00279567
0.0027483
0.00267995
0.00286874
0.00245832
0.00265277
0.00292041
0.00277965
0.00255568
0.00286401
0.00290208
0.0028277
0.00266474
0.00285054
0.00260233
0.00273091
0.00259617
0.0029012
0.00296058
0.00298028
0.00302938
0.00279128
0.0028445
0.00292319
0.00241925
0.00252589
0.00279661
0.003141
0.00243841
0.00266514
0.00261893
0.00287364
0.0029762
0.00232264
0.00279389
0.00249261
0.00255785
0.00257149
0.00274843
0.00278843
0.00275751
0.00249591
0.00309829
0.00262632
0.00234964
0.00220926
0.00271225
0.00272382
0.00237143
0.00287262
0.0025453
0.00257404
0.00252053
0.00237242
0.00248709
0.00280618
0.00241711
0.00213444
0.00293381
0.0024165
0.00214535
0.00257028
0.0025995
0.00226937
0.00251992
0.00265519
0.00216354
0.00264914
0.00271174
0.00236093
0.00200293
0.00263506
0.00256715
0.00257946
0.00286914
0.00249886
0.00328341
0.00234966
0.00262161
0.00239787
0.00265266
0.00251295
0.00274235
0.00254922
0.00260861
0.00268691
0.00248491
0.00240263
0.00235669
0.00269232
0.00234758
0.00256954
0.00239107
0.00272425
0.00255382
0.00265392
0.00282507
0.00258598
0.00222219
0.00238304
0.00243403
0.00251105
0.00250737
0.00266957
0.00238769
0.00264984
0.00211281
0.00247953
0.00248868
0.00236222
0.00267828
0.00274387
0.00262952
0.00268975
0.00220597
0.00228271
0.00258474
0.00246834
0.00257149
0.0024975
0.00259684
0.00276191
0.00267929
0.00257033
0.00250372
0.00221841
0.00237909
0.00208124
0.00237976
0.00257585
0.00274052
0.00227823
0.00253776
0.00226572
0.00257494
0.00210623
0.00241249
0.0023973
0.002416
0.00266823
0.00231396
0.00247201
0.00252165
0.00235129
0.00234742
0.00216948
0.00230098
0.00263004
0.00203433
0.00226785
0.0028219
0.00197061
0.0026005
0.00233256
0.00194375
0.00226646
0.00250423
0.00242266
0.00213295
0.00251843
0.00235211
0.00220406
0.00243611
0.00277338
0.00241569
0.00198242
0.00237212
0.00213419
0.00225763
0.00207276
0.00231906
0.00239091
0.00231293
0.00226513
0.00227841
0.00208462
0.00228604
0.00246869
0.00224681
0.00223131
0.00257985
0.00237003
0.00230637
0.0024547
0.0022757
0.00241749
0.00251039
0.00260712
0.00264772
0.00228715
0.00249425
0.00196898
0.0021875
0.0021466
0.00220709
0.00209495
0.00218825
0.00255675
0.00230683
0.00232697
0.00248944
0.00255031
0.00239244
0.00217571
0.00239297
0.00239064
0.00227619
0.00218008
0.00238175
0.00219875
0.00233497
0.00240027
0.00213321
0.00229107
0.00234014
0.00202383
0.00208805
0.0022648
0.00210715
0.002193
0.00220155
0.00242161
0.00218929
0.00208448
0.0022485
0.00224949
0.00204151
0.0024424
0.00203918
0.00228062
0.00232309
0.00197416
0.00247493
0.00242033
0.00222022
0.00189796
0.00207112
0.00209337
0.00200146
0.00263897
0.00235771
0.00218493
0.00265662
0.0019543
0.00225825
0.00233476
0.00253093
0.0023077
0.00212805
0.0019211
0.00222273
0.00230244
0.00235617
0.00234445
0.00225445
0.00231773
0.00212553
0.00230654
0.00222121
0.00202064
0.00222007
0.00228327
0.00233429
0.00250464
0.00234374
0.00225119
0.00226516
0.00232056
0.00215798
0.00221217
0.00227277
0.00239229
0.00208423
0.00219092
0.00235648
0.00247921
0.00204873
0.00209979
0.00212203
0.00210937
0.00221287
0.00208157
0.00247953
0.00217356
0.00222998
0.0023058
0.00192069
0.00209707
0.00202318
0.00205623
0.00235451
0.0023233
0.00212324
0.00209719
0.00194382
0.00223966
0.00237676
0.00235551
0.00219623
0.0022762
0.0024422
0.00229211
0.0022995
0.0021865
0.00227171
0.00208322
0.00234298
0.0020796
0.00198429
0.00235145
0.00229068
0.00208218
0.0023824
0.00196047
0.0022649
0.00252416
0.00189413
0.00240271
0.00213203
0.0022533
0.00221402
0.00219776
0.00197159
0.00216371
0.000815411
