0.4
0.00498433
0.00480079
0.00531867
0.00571069
0.00531914
0.00488623
0.00526025
0.00534283
0.00482023
0.00533827
0.00518813
0.00489815
0.00496584
0.0048333
0.00510905
0.0053458
0.00526275
0.00498769
0.00485244
0.00528559
0.00479143
0.00508426
0.00539301
0.004662
0.00498816
0.00522838
0.00542351
0.00531732
0.00514612
0.00566819
0.00476251
0.00476331
0.00465475
0.00548738
0.00560175
0.00485108
0.00516278
0.00493567
0.00516484
0.00521564
0.00490136
0.00504016
0.00519678
0.00489727
0.00524481
0.00559946
0.0046532
0.00527971
0.00517719
0.0046411
0.00522564
0.00505643
0.00543109
0.0051932
0.00520589
0.00525278
0.00499281
0.0052921
0.00523859
0.00524709
0.00524523
0.00503319
0.00511442
0.00489065
0.00484912
0.00556572
0.00567993
0.00497281
0.00500626
0.00481625
0.00513076
0.00531693
0.00510718
0.00525205
0.00513409
0.00504218
0.00512331
0.0049095
0.00500208
0.00553179
0.00489466
0.00515356
0.00499759
0.00481195
0.00489379
0.00523112
0.00494673
0.00518959
0.00515262
0.00572035
0.00493592
0.00496391
0.00509653
0.00472499
0.00530173
0.00510123
0.00529939
0.00482731
0.00482723
0.00494855
0.0053758
0.00541511
0.00506769
0.00568032
0.00547393
0.00508966
0.00520775
0.00535225
0.0050838
0.00477333
0.00492705
0.00510657
0.00475807
0.00483838
0.00484478
0.00517303
0.00487196
0.00499339
0.00547502
0.00473874
0.00530417
0.00449052
0.00462219
0.00477019
0.0050372
0.00497495
0.00515194
0.00459033
0.00524733
0.00418599
0.00501213
0.00528813
0.00435577
0.00483745
0.00466724
0.0048589
0.00510943
0.00482653
0.00456958
0.00484887
0.00480428
0.00486395
0.00475114
0.00427362
0.00501681
0.00482545
0.0048507
0.00553477
0.00466946
0.00509148
0.0048302
0.00478868
0.00490744
0.00484513
0.00491415
0.00523061
0.0048817
0.00463247
0.00466404
0.00505311
0.0046438
0.00479441
0.00483656
0.00486815
0.00462128
0.00484614
0.0048118
0.00501652
0.00454925
0.00522734
0.00517055
0.00429133
0.00477307
0.0044386
0.00451856
0.00427798
0.00510675
0.0047788
0.00436187
0.00514179
0.00497455
0.0055597
0.00497105
0.00504098
0.00513093
0.0047501
0.00485274
0.00496303
0.00469913
0.00490047
0.00500265
0.0049842
0.0049947
0.00454062
0.00532118
0.00481524
0.00457089
0.00491689
0.00496641
0.00322416
