1
0.00598396
0.00640504
0.00606119
0.00713016
0.00639133
0.00551892
0.00685345
0.00526063
0.00527852
0.00555384
0.00715779
0.0053648
0.00798063
0.00593622
0.00627207
0.00680424
0.00640165
0.00537164
0.00416694
0.0045068
0.00526763
0.00580199
0.00583583
0.00525793
0.006319
0.00651195
0.00623951
0.00580612
0.00526319
0.00660416
0.00703616
0.00743993
0.00546016
0.00650945
0.00597921
0.00592236
0.00582952
0.00530597
0.00465063
0.00480471
0.00506425
0.00585646
0.00545129
0.00588358
0.00490362
0.00586126
0.00587107
0.00652317
0.00674175
0.0067068
0.00498471
0.0051538
0.00484621
0.00499649
0.00580466
0.00534584
0.00539366
0.00567981
0.00615718
0.00711741
0.00529493
0.00543293
0.00451026
0.00435135
0.00485801
0.00585331
0.00464876
0.00539161
0.00515148
0.00498041
0.00479332
0.00485795
0.00524083
0.00513051
0.00574555
0.00574037
0.00556946
0.00459514
0.00500824
0.00428447
0.00496859
0.00510702
0.00548272
0.00516013
0.00519259
0.00505386
0.00363324
0.00539743
0.00530139
0.00414074
0.00502869
0.00632029
0.00524589
0.00548021
0.00531272
0.00487216
0.0049351
0.00425812
0.00457872
0.00368297
0.00487872
0.00571888
0.0045876
0.00536014
0.00502246
0.00487248
0.00535338
0.00464642
0.00386609
0.00320407
0.00566806
0.00514851
0.00493528
0.00483077
0.00534579
0.0051876
0.00580109
0.00563583
0.0038842
0.00426615
0.00422697
0.00453197
0.00454905
0.00387889
0.00437999
0.00409418
0.00405548
0.00406197
0.00401535
0.00406671
0.00392538
0.00447435
0.00490488
0.00367602
0.00384018
0.00441505
0.00480386
0.00438791
0.0045858
0.00520779
0.00442691
0.00402406
0.00460014
0.00417229
0.00482219
0.00444846
0.00381056
0.00379208
0.00472976
0.00535643
0.00560517
0.0033625
0.00444106
0.00389754
0.00542808
0.00604653
0.00447657
0.00570113
0.00318846
0.00493807
0.00427764
0.00443655
0.00357649
0.00430363
0.00452346
0.00400537
0.00486825
0.00393914
0.00434444
0.00543643
0.00470498
0.00474035
0.00380565
0.00395393
0.00375007
0.00365494
0.0046095
0.00472245
0.00583032
0.00389785
0.00388263
0.00427886
0.00448069
0.0043832
0.00410946
0.00467763
0.00326788
0.00462476
0.00428056
0.00447843
0.00441701
0.00372184
0.005069
0.00383222
0.00488913
0.0037418
0.0044993
0.00532281
0.00463064
0.0012877
