0.5
0.0025941
0.0028129
0.00264575
0.00266121
0.00279636
0.00258484
0.00265365
0.00253968
0.00260231
0.00266473
0.00253704
0.0028246
0.00249393
0.00233851
0.00268192
0.00252489
0.00264404
0.00268312
0.00250584
0.00251156
0.00270874
0.0025518
0.00281255
0.00266827
0.00275397
0.0025596
0.00256155
0.00291009
0.00277685
0.0025965
0.0026044
0.00263209
0.00270758
0.00244935
0.00267653
0.00271104
0.00259345
0.00272235
0.00285004
0.00245621
0.0027127
0.00268689
0.00251708
0.00254378
0.00286307
0.00269851
0.00294095
0.00253474
0.00268182
0.00272128
0.00267391
0.00242341
0.00272286
0.0026982
0.00268351
0.00263651
0.00245502
0.00253617
0.0025225
0.00259248
0.00273665
0.00265905
0.00242205
0.00281131
0.00244458
0.00259281
0.00256421
0.0027237
0.00259335
0.00258807
0.0026773
0.00263968
0.00245942
0.00228425
0.00279146
0.00262282
0.00254578
0.00263662
0.00245267
0.00256211
0.00250516
0.00265759
0.00268107
0.00270176
0.00276369
0.00252971
0.00266864
0.0027158
0.00244018
0.00242562
0.00254088
0.00260676
0.00249319
0.00267744
0.00239651
0.00264321
0.00244796
0.00258736
0.00254364
0.00256875
0.00265037
0.00269348
0.00252153
0.00233989
0.00257926
0.0027221
0.00275227
0.00253738
0.00256044
0.00235584
0.0024699
0.00246899
0.00233875
0.00251935
0.0026559
0.00261195
0.00250973
0.00238234
0.00256577
0.00262392
0.00259023
0.00246927
0.00261394
0.00259948
0.00267898
0.00273885
0.00259604
0.00275056
0.00240426
0.00257138
0.0025681
0.00251653
0.00237264
0.0023815
0.00251092
0.00249391
0.00260507
0.00243546
0.00241402
0.0026606
0.00254127
0.00251744
0.00250628
0.00264196
0.00251067
0.00229483
0.00255849
0.00240338
0.0024872
0.00234704
0.00238544
0.00245234
0.002555
0.00244166
0.00261637
0.00249982
0.00251197
0.00264055
0.00265084
0.00263348
0.00262693
0.00230558
0.00252953
0.00241182
0.00249425
0.00247651
0.00266826
0.00244351
0.00239445
0.00245197
0.00245659
0.00251242
0.00254068
0.00234569
0.00238203
0.00253049
0.00241664
0.00268528
0.00238371
0.00247465
0.00238497
0.00231891
0.00256396
0.00265285
0.00243245
0.00239319
0.00260357
0.00249462
0.00266015
0.00252751
0.00246853
0.00253095
0.00245585
0.00250282
0.0025485
0.00234345
0.00251331
0.0023857
0.00242407
0.00258636
0.00266188
0.00241247
0.00245132
0.00253909
0.00265575
0.00255406
0.00235995
0.00246978
0.00246276
0.00258751
0.0024308
0.00259574
0.00248313
0.00241889
0.00244626
0.00232764
0.00242328
0.00239615
0.00252235
0.00255806
0.0024459
0.00234156
0.00250912
0.00236068
0.00250716
0.00245663
0.00271981
0.00236106
0.00248212
0.00256925
0.00232637
0.00228724
0.00243365
0.002276
0.002551
0.00247017
0.00265274
0.00237614
0.00245312
0.00249524
0.00250519
0.00247248
0.00245052
0.00247296
0.00243045
0.00265664
0.00241731
0.00263126
0.0024282
0.00228584
0.00242835
0.00253463
0.00252925
0.00242369
0.00239651
0.00272506
0.0022693
0.00239837
0.00257876
0.00250369
0.0023373
0.002528
0.00247305
0.00244031
0.00246097
0.00254657
0.00245773
0.00237208
0.00258253
0.00256179
0.00255278
0.00233979
0.00234649
0.00251141
0.00272484
0.00260337
0.00225744
0.00263825
0.00230397
0.00260768
0.00247984
0.0024257
0.00258801
0.00270927
0.00223465
0.00243161
0.00233019
0.00232654
0.00226197
0.0024262
0.00250276
0.0021961
0.00244545
0.0025577
0.0023143
0.00248651
0.00235088
0.00246114
0.00262211
0.00235212
0.00236461
0.00231962
0.00242852
0.00235076
0.00228334
0.00248933
0.00253611
0.00223209
0.002269
0.00224513
0.002248
0.00229387
0.0024762
0.00247605
0.00229001
0.0022505
0.00251826
0.00254357
0.00240237
0.00249292
0.002536
0.00224887
0.00244782
0.00232726
0.00259701
0.00244656
0.00260135
0.0025346
0.0025838
0.00232978
0.00252205
0.00242655
0.00233713
0.00249273
0.00226668
0.00242743
0.00233129
0.00240093
0.00260771
0.00239633
0.00224211
0.00232005
0.00229497
0.00251685
0.00253718
0.0022781
0.00241533
0.00234061
0.00230712
0.00258108
0.00249761
0.00238611
0.00253215
0.00232522
0.00235147
0.00264624
0.00252797
0.00229643
0.00232923
0.00241249
0.00256854
0.00235653
0.00236603
0.00233294
0.00235912
0.002529
0.00240598
0.00244137
0.00241457
0.00232037
0.00235803
0.00229536
0.00236166
0.00251409
0.00228054
0.00250041
0.00240817
0.00248257
0.00225717
0.00243494
0.002415
0.00251248
0.00264962
0.00232389
0.0022883
0.00246469
0.00235291
0.00225354
0.00235402
0.00265292
0.00229099
0.0025229
0.00251847
0.00225528
0.00244578
0.00251574
0.00249795
0.00254819
0.00249375
0.00142439
