1
0.00312815
0.00350387
0.00325445
0.00335893
0.00368977
0.00307328
0.00298025
0.0034589
0.00336205
0.00336432
0.00316133
0.00264212
0.00305748
0.00278718
0.00325638
0.00384622
0.00305784
0.00320004
0.00327366
0.00335619
0.00314862
0.00246292
0.00308374
0.00309994
0.00299231
0.00290161
0.00348834
0.00269988
0.00317575
0.0025595
0.00328255
0.00309745
0.00298681
0.00265184
0.0032717
0.00301642
0.00266785
0.0032987
0.003118
0.00261308
0.00348313
0.00250315
0.00347091
0.00341804
0.00310913
0.00314442
0.00281832
0.00325504
0.00279128
0.00294808
0.00298635
0.00261666
0.00281063
0.00292354
0.00272776
0.00279896
0.00311032
0.00265117
0.00294917
0.00297253
0.00297906
0.00252573
0.00272539
0.00311757
0.0028288
0.00284927
0.00282827
0.00281903
0.00263546
0.00232716
0.00342856
0.00267964
0.00302576
0.00237372
0.00271575
0.00307499
0.00244718
0.0029482
0.0031654
0.00259566
0.00281001
0.00267295
0.00267302
0.00253128
0.00275966
0.0026219
0.00257815
0.00239713
0.00258758
0.00265428
0.00267724
0.00257977
0.00289469
0.00289423
0.00256347
0.00285469
0.00279216
0.0026333
0.00283202
0.00296015
0.00305837
0.00265347
0.00222349
0.00281195
0.0028716
0.00274239
0.00291045
0.00278429
0.00295785
0.00296609
0.0027186
0.00318089
0.00289252
0.00278177
0.00275964
0.0026187
0.00264732
0.0027293
0.00298936
0.00283369
0.00265743
0.00235832
0.00260294
0.00267904
0.00246542
0.00235113
0.00236723
0.00275834
0.00263999
0.00283139
0.0028264
0.00239149
0.00253456
0.00289306
0.00247968
0.00271682
0.00258332
0.00233804
0.00267827
0.00254691
0.00266079
0.00257902
0.00250059
0.00252013
0.00258753
0.00252634
0.00243133
0.00235293
0.00255993
0.002779
0.00268364
0.00268471
0.00237874
0.0023199
0.00262451
0.0024811
0.00270242
0.00233605
0.00301688
0.00265092
0.00260782
0.00256198
0.00248355
0.00281539
0.00254984
0.00272433
0.00246394
0.0024866
0.00244999
0.00274894
0.00230438
0.00244856
0.0028129
0.0025088
0.00211797
0.00232672
0.00237533
0.00259617
0.0027015
0.00228698
0.0022622
0.00274121
0.00231975
0.00220504
0.0028393
0.00274834
0.00283892
0.00238823
0.00266309
0.00253459
0.00263689
0.00233009
0.00239664
0.0023256
0.00262214
0.002109
0.00292723
0.00256524
0.00200467
0.00236788
0.00239519
0.0023858
0.00210702
0.00256537
0.00246919
0.00253514
0.00223315
0.00247226
0.00233213
0.00243518
0.00270097
0.00285631
0.00269687
0.00250911
0.0024334
0.00212745
0.0020998
0.00224176
0.00219482
0.00227132
0.00245112
0.00249318
0.00229443
0.00251059
0.00219849
0.0022883
0.00232239
0.00265101
0.00245182
0.00199063
0.00220069
0.00237381
0.00215957
0.00246488
0.00208746
0.00219534
0.00233544
0.00236599
0.00226004
0.00221146
0.00247859
0.00250801
0.00232935
0.00221581
0.00238409
0.00229971
0.00229925
0.00229987
0.00246591
0.00220494
0.0022244
0.00224969
0.0021778
0.00240887
0.00212034
0.00244479
0.00202181
0.00240334
0.002325
0.00219089
0.00199873
0.00214208
0.00249654
0.00229446
0.00226437
0.00214858
0.00234824
0.00238882
0.00222418
0.0022107
0.00206205
0.00226759
0.00267923
0.00207991
0.00232121
0.00260965
0.00230232
0.00218418
0.00223628
0.00258319
0.00238562
0.00202632
0.00225101
0.00221529
0.00217768
0.00240289
0.00205407
0.00221992
0.00201045
0.00200215
0.002193
0.00204132
0.00251124
0.00240949
0.00220916
0.0019139
0.00237489
0.00251633
0.00237472
0.00218447
0.00211882
0.00207076
0.0024053
0.00235335
0.00224109
0.00215872
0.00179197
0.00237764
0.0025094
0.0020138
0.00208584
0.00241527
0.00237176
0.00230533
0.00239085
0.00207862
0.00237386
0.00221385
0.00200799
0.00216454
0.00206247
0.00206734
0.00206615
0.0021245
0.00229493
0.00230479
0.00216221
0.002155
0.0019873
0.00253422
0.0021861
0.00249716
0.00206139
0.00208392
0.00230178
0.00224165
0.00202943
0.00239478
0.00209014
0.00185015
0.00232583
0.00210141
0.00205123
0.00199867
0.00215277
0.00207834
0.00215751
0.00251874
0.00214876
0.00255821
0.00216945
0.0020823
0.0020184
0.00220174
0.00208682
0.00214358
0.00213441
0.00225223
0.00197467
0.00206751
0.00235124
0.0020527
0.00221801
0.00188547
0.00222282
0.00208272
0.00217029
0.00237917
0.0019174
0.00205199
0.00195521
0.00199056
0.00189939
0.00229013
0.00172971
0.00234698
0.00222017
0.0023251
0.00204068
0.00201358
0.00200918
0.00219465
0.00250777
0.00191374
0.00235507
0.00195223
0.00249498
0.00243832
0.00205193
0.00231048
0.002342
0.00219166
0.00230967
0.00176876
0.00207395
0.00251798
0.00227634
0.00211954
0.00204455
0.00069752
