0.8
0.00627762
0.00528401
0.00602617
0.00518592
0.00599416
0.00521824
0.00455881
0.00495015
0.00578078
0.00555869
0.00590642
0.00545892
0.00717148
0.00553918
0.00615357
0.00531376
0.00523564
0.0057826
0.00554349
0.00552211
0.00590882
0.00540761
0.00588481
0.00544043
0.004759
0.00681629
0.00654274
0.00521977
0.00512781
0.00502344
0.00563902
0.00527317
0.00500387
0.00566563
0.00501546
0.00572353
0.00721975
0.00594877
0.00464815
0.00527215
0.00497688
0.00554333
0.00474728
0.00542873
0.00537597
0.00651738
0.00469095
0.00535689
0.0052957
0.00411964
0.00492193
0.00458066
0.00583846
0.00583278
0.00503183
0.00549287
0.00484102
0.00579564
0.00513043
0.00560397
0.0047296
0.00642922
0.00504941
0.00511825
0.00487159
0.00525585
0.0046857
0.0049863
0.00537423
0.0060112
0.00463204
0.00502366
0.00571622
0.00636167
0.00490901
0.00582795
0.00499271
0.0054981
0.00436242
0.00523715
0.00504719
0.00438375
0.00615545
0.00475699
0.00529802
0.00475619
0.00454576
0.00431965
0.00523601
0.00599394
0.00422167
0.00511496
0.00444743
0.00475715
0.00472002
0.00583153
0.00490155
0.00506115
0.00455202
0.00429545
0.00481354
0.00450352
0.00494335
0.00498729
0.00479045
0.00524184
0.00562011
0.00508606
0.00440467
0.00484599
0.00454789
0.00449432
0.00505347
0.00497606
0.00590753
0.00436679
0.00510629
0.00443405
0.00420793
0.00479482
0.00471478
0.00410442
0.00487759
0.00433103
0.00524521
0.00415008
0.00564056
0.00523149
0.00459228
0.00439252
0.00440796
0.00512059
0.00444396
0.00487095
0.00344921
0.00481004
0.0044409
0.00475242
0.00497345
0.00461941
0.0042809
0.00556832
0.00486711
0.00493764
0.00439398
0.00495592
0.00471421
0.00538997
0.00474455
0.00441632
0.00479597
0.00534804
0.00446766
0.00433133
0.00518251
0.0040794
0.00595111
0.00440459
0.00500164
0.00515736
0.00385183
0.00428347
0.00461332
0.00443532
0.00451189
0.00437074
0.00496096
0.00431553
0.00526388
0.00517171
0.0048406
0.00464724
0.00528475
0.00480427
0.00546484
0.00492379
0.00416334
0.00467873
0.00476001
0.00472489
0.00379727
0.00454882
0.00464574
0.0043116
0.00422921
0.00424686
0.00425589
0.00435265
0.00421098
0.00435949
0.00414056
0.00546587
0.00415167
0.00464709
0.00479906
0.00427019
0.00427686
0.00405239
0.00540403
0.00188686
