0.9
0.00229579
0.0026335
0.00235328
0.00199628
0.00241083
0.00233216
0.00229501
0.0022899
0.00220626
0.00222475
0.00246398
0.0023695
0.0022794
0.0025276
0.00246228
0.00225635
0.00226399
0.00244787
0.00241908
0.00250577
0.00237701
0.00232535
0.00219812
0.00269909
0.00266432
0.00253404
0.00258833
0.0025917
0.00229922
0.00236164
0.00266352
0.00253298
0.00249492
0.0021005
0.00227941
0.00225585
0.00237337
0.00227792
0.00221399
0.0023515
0.00231243
0.00232094
0.0025429
0.00237347
0.00236256
0.00228972
0.00244341
0.00238629
0.00206305
0.00221362
0.00222504
0.00230149
0.00211752
0.00228104
0.0020947
0.00224897
0.00229034
0.00271902
0.00253752
0.00211859
0.00246025
0.00220489
0.00241327
0.00226928
0.00237057
0.0023865
0.00211746
0.00193986
0.00223147
0.00208286
0.00256814
0.00209903
0.00211365
0.00232711
0.00220536
0.00197022
0.00233866
0.00223297
0.00237245
0.00246336
0.00236763
0.00249721
0.0019875
0.00238013
0.00249033
0.00205172
0.00255187
0.00225666
0.00208382
0.00218825
0.00214291
0.00227696
0.00236435
0.00235103
0.00210249
0.00225251
0.00208094
0.00255891
0.00254667
0.00233037
0.00209347
0.00215372
0.0023694
0.00205184
0.00201695
0.00198386
0.00219746
0.00203173
0.00211339
0.00212672
0.00228569
0.00200427
0.00217631
0.00206402
0.00183175
0.00234034
0.00220647
0.00190947
0.00231109
0.00202155
0.00225883
0.00231233
0.00212418
0.00194026
0.00183737
0.00205748
0.00223468
0.00215366
0.00226589
0.00218338
0.00204037
0.00227209
0.0018621
0.00213995
0.00219274
0.00220339
0.00223685
0.00229474
0.00205053
0.00222555
0.00211713
0.00203448
0.0020187
0.00226116
0.00208018
0.00230749
0.00250094
0.00196858
0.00196866
0.00192509
0.00192242
0.00228342
0.00211093
0.00209385
0.0020281
0.00205157
0.0022263
0.00241123
0.00202202
0.00199735
0.00192916
0.0018094
0.00196349
0.00209916
0.00220978
0.00194701
0.00199565
0.00209898
0.00207156
0.00222022
0.00210308
0.0022774
0.0023657
0.0021218
0.00212566
0.00184682
0.00187579
0.00216469
0.00207663
0.00207533
0.00174361
0.00193459
0.00213168
0.00215878
0.00216878
0.00200765
0.00214411
0.00208435
0.00200841
0.00218483
0.00196452
0.00193824
0.00211232
0.00200997
0.00206847
0.00209591
0.0019379
0.00209279
0.00201874
0.00215585
0.00227811
0.00211773
0.00188213
0.00186085
0.00199843
0.00204371
0.00218854
0.00199518
0.00197886
0.00190361
0.00191867
0.00186418
0.00196461
0.00189363
0.00210952
0.00168637
0.00203104
0.00208529
0.0021723
0.00187649
0.00199101
0.00199819
0.00182284
0.00187514
0.00211625
0.00207355
0.00200494
0.00202101
0.00206089
0.00197648
0.00218361
0.00183575
0.00203777
0.00231599
0.00181574
0.00185613
0.00189186
0.00196659
0.00220007
0.0020252
0.00193155
0.00213304
0.00202473
0.00201039
0.0019914
0.00208349
0.001941
0.00195716
0.00184944
0.00211006
0.00179822
0.00174632
0.00159093
0.00204241
0.00185557
0.00206361
0.00214374
0.00183249
0.00164215
0.00200246
0.00199761
0.00177726
0.00209647
0.00203391
0.0019195
0.00193451
0.00184549
0.00210514
0.00218748
0.00195215
0.00192737
0.00195501
0.00195603
0.00168074
0.00166923
0.00176355
0.0017739
0.00194221
0.00193019
0.00190732
0.00208766
0.0018361
0.00192568
0.00238061
0.00184589
0.00189434
0.00197255
0.00212347
0.00204962
0.00192833
0.0019383
0.0019029
0.00205318
0.00192413
0.00184092
0.00178987
0.00183245
0.00184266
0.00184985
0.00174305
0.00183816
0.00192602
0.00171652
0.00179138
0.00199732
0.00216175
0.00207947
0.00170447
0.00183175
0.00171356
0.00183353
0.00194288
0.00172498
0.00191027
0.00185051
0.00169389
0.0020454
0.00188045
0.00177135
0.00167398
0.00183922
0.00191154
0.00197741
0.00187998
0.00173734
0.0017955
0.00201826
0.00190169
0.00202082
0.00179482
0.00175808
0.00187955
0.00190793
0.001626
0.0016946
0.00169964
0.00193094
0.00182776
0.00172254
0.00205892
0.00177833
0.0019044
0.00192205
0.00213329
0.00183818
0.00180379
0.00190458
0.00199191
0.00175803
0.00184783
0.00198245
0.00185897
0.00178879
0.00194356
0.00192653
0.00169037
0.00187536
0.00197792
0.00199816
0.00176841
0.00211288
0.00169972
0.00185401
0.00209295
0.00184103
0.00209363
0.00181842
0.00204578
0.00171669
0.00178851
0.00174766
0.00177826
0.00192346
0.00195168
0.00178339
0.00209127
0.00174414
0.00193851
0.001779
0.00190144
0.00175843
0.00181585
0.00184703
0.00185509
0.00183371
0.00184443
0.00160337
0.00162589
0.00179947
0.00184584
0.00178251
0.00177254
0.00180896
0.00179079
0.00177765
0.00183994
0.0018993
0.00148809
0.00175526
0.00170872
0.00199649
0.00170579
0.00173013
0.00198198
0.00184575
0.00149682
0.00180796
0.0017135
0.00188662
0.0016915
0.00181791
0.00193868
0.00177611
0.00195865
0.00177225
0.002057
0.00189744
0.00203499
0.00162647
0.00187647
0.00163824
0.00168778
0.0019459
0.00166043
0.00188161
0.00167606
0.00177681
0.00167909
0.0018423
0.00193466
0.00189108
0.0017545
0.00164966
0.00184178
0.0017513
0.00166908
0.00170908
0.00162844
0.00175661
0.00192056
0.00176028
0.00179666
0.00173189
0.00176125
0.00171838
0.00169515
0.00177123
0.00189482
0.0017257
0.00165601
0.0018126
0.00174902
0.00172597
0.00171788
0.00180723
0.00174299
0.00188337
0.00165614
0.00182358
0.00168742
0.00180663
0.00174682
0.00176075
0.00186085
0.00179754
0.00174243
0.0016922
0.00178459
0.00173831
0.00181109
0.00191459
0.00160207
0.00162314
0.00173996
0.00176757
0.00163213
0.00187376
0.00184625
0.00167091
0.00179506
0.00187115
0.00191688
0.00173873
0.00177187
0.00195457
0.00193786
0.00186203
0.00167874
0.00170925
0.00177239
0.00172241
0.00202772
0.00175345
0.00176527
0.00162997
0.00167983
0.00174593
0.00180103
0.00174174
0.000651137
