0.6
0.00373454
0.00371389
0.00359467
0.0039804
0.00309384
0.00357754
0.00378434
0.00390714
0.0039129
0.00354711
0.0036133
0.00388616
0.00359737
0.0036329
0.00371224
0.00369887
0.0035622
0.00331413
0.00336654
0.0036474
0.00341285
0.00356762
0.00377716
0.00368765
0.00379764
0.00320631
0.00383216
0.00325834
0.003373
0.00383521
0.00370635
0.00337004
0.00348547
0.00405983
0.00374403
0.00341632
0.00347945
0.00325783
0.00364883
0.00370123
0.00339943
0.00341015
0.00339475
0.00368103
0.0038043
0.00391307
0.00333815
0.00324539
0.00327898
0.00338713
0.00356408
0.00332431
0.00350017
0.0032868
0.00359565
0.00339083
0.00378265
0.0036016
0.00385804
0.00374428
0.00347382
0.00307696
0.00340531
0.00345217
0.00321084
0.00307956
0.00368021
0.00349266
0.00381651
0.00323425
0.00344401
0.00353182
0.0035431
0.00346134
0.00327384
0.00344102
0.00352804
0.00340451
0.00355841
0.00333188
0.00348128
0.00395537
0.00301999
0.00335818
0.00370655
0.00347334
0.00329831
0.00379436
0.00360487
0.00343652
0.00307918
0.0032449
0.00324135
0.00317657
0.00349017
0.00347477
0.0032002
0.0034965
0.00348297
0.00329786
0.00318565
0.00356162
0.0035243
0.00380642
0.00332122
0.00323579
0.00344198
0.00330163
0.00355532
0.00383859
0.0029373
0.00347933
0.00331843
0.00347892
0.00320767
0.00327641
0.00343513
0.00329559
0.00344802
0.00312684
0.00355069
0.0037693
0.00332713
0.00354039
0.00297133
0.00307907
0.00315344
0.00334738
0.00375227
0.00296007
0.00303544
0.0033606
0.00352175
0.0041093
0.00356618
0.00337285
0.00322166
0.00344707
0.00307589
0.00328104
0.00349332
0.00322946
0.00327386
0.00333036
0.00344365
0.0035809
0.00323229
0.00300437
0.00306152
0.00358704
0.00338563
0.00321959
0.00299559
0.00338765
0.00319609
0.00308568
0.00301953
0.00333664
0.00308608
0.00316314
0.00307214
0.00313744
0.0035541
0.00343941
0.00328409
0.00294755
0.00336091
0.00317327
0.00325218
0.00304295
0.00317722
0.00327557
0.00359937
0.00348167
0.00333534
0.00322612
0.00326755
0.00340966
0.00338842
0.00343318
0.00354468
0.00347586
0.00335345
0.00347395
0.00322804
0.00307366
0.00334724
0.00325013
0.00335132
0.00322242
0.00334065
0.00317708
0.00315736
0.00327914
0.00293236
0.00333709
0.00360609
0.00333068
0.00319559
0.0031929
0.00314325
0.00312483
0.00348634
0.00334038
0.00319256
0.00301337
0.00342309
0.00295658
0.0034817
0.00318577
0.00332883
0.00285674
0.00307819
0.00361372
0.00313731
0.002991
0.00306578
0.00292808
0.00325751
0.00330957
0.00331957
0.00304724
0.00318861
0.00343474
0.00346273
0.00310136
0.00312329
0.00322376
0.00321569
0.00280524
0.00332993
0.00314005
0.00336986
0.00324829
0.00325612
0.00315664
0.003114
0.00300185
0.00321921
0.00336871
0.00332764
0.00320567
0.00290328
0.00331936
0.00283414
0.00327688
0.00305081
0.00287514
0.00306918
0.00326984
0.00377107
0.00346729
0.0028626
0.00329662
0.00343582
0.00310971
0.00332392
0.00337056
0.00313458
0.0030866
0.00300846
0.00314724
0.00308551
0.00307414
0.00327447
0.00305242
0.00335523
0.0030579
0.00330097
0.00314993
0.00360829
0.00334265
0.00279502
0.00324721
0.00320512
0.00309056
0.0034673
0.00320926
0.00299328
0.0029179
0.00292231
0.00314883
0.00298778
0.00322619
0.00320912
0.00290666
0.00279052
0.00340296
0.00323628
0.00322826
0.00303023
0.0032004
0.00283351
0.00290391
0.00285562
0.00318166
0.00289599
0.00353869
0.00360983
0.00166779
