0.9
0.00615249
0.00662973
0.00760642
0.00633565
0.00647404
0.00702149
0.00611261
0.00600147
0.00580635
0.00702713
0.00588131
0.00564621
0.00649845
0.00648028
0.00595482
0.00629883
0.00553398
0.00656636
0.00464296
0.005859
0.00533156
0.00543382
0.00562229
0.00513416
0.00558047
0.00497041
0.00542663
0.00584346
0.00488719
0.00650536
0.00618659
0.006242
0.0055195
0.00621591
0.00576238
0.00525201
0.00547294
0.00482837
0.00669167
0.00496833
0.00510274
0.00588796
0.00528503
0.00608618
0.00471941
0.00529159
0.00641223
0.00520983
0.00606465
0.00521575
0.00591727
0.00565752
0.00439644
0.0053449
0.00559027
0.00526104
0.00549822
0.00459648
0.00605012
0.00476737
0.00584639
0.00567299
0.0053042
0.00544283
0.00441901
0.00604251
0.00442391
0.00540735
0.0045144
0.00453492
0.00499957
0.00566819
0.00444484
0.00503898
0.00380047
0.00644285
0.00525451
0.00451363
0.00627691
0.00568495
0.00543066
0.00512134
0.00402908
0.00529083
0.00482736
0.00573626
0.00523685
0.00423766
0.00604831
0.00430871
0.00360456
0.0055783
0.00535616
0.00653435
0.00555698
0.00481983
0.00460441
0.00490528
0.00501782
0.00440806
0.00495305
0.00575716
0.00485104
0.00383737
0.00429331
0.00488754
0.0043505
0.00477705
0.00446465
0.00511773
0.00405067
0.00528439
0.00399334
0.00484174
0.00433803
0.00424992
0.00480362
0.00472749
0.00476111
0.00427545
0.00394928
0.00567326
0.00511279
0.00464791
0.00477836
0.00389508
0.00532161
0.00594779
0.00515952
0.00371085
0.00473653
0.00448428
0.00453968
0.00425135
0.00462083
0.00457572
0.00463718
0.00518279
0.00447991
0.00417687
0.00447874
0.00438616
0.00450761
0.00536092
0.00430141
0.00500001
0.00484533
0.00505234
0.00415937
0.00329465
0.00452316
0.00393765
0.00423321
0.00483075
0.00465801
0.0044336
0.00397135
0.0042667
0.00433097
0.00533384
0.00407581
0.00482194
0.00409894
0.00506473
0.00409035
0.00410385
0.00483757
0.00488918
0.00466056
0.00412691
0.00449981
0.00487884
0.00466873
0.00476224
0.0049944
0.00358744
0.0044774
0.00436137
0.00374316
0.00467117
0.00489896
0.00435372
0.00423202
0.00365592
0.00446143
0.00525434
0.00414705
0.00435989
0.00518714
0.00418438
0.00449542
0.00453739
0.00388105
0.00402239
0.00411751
0.00400842
0.00401556
0.00482461
0.00477168
0.0016284
