0.8
0.0111839
0.0100754
0.00974582
0.0101391
0.0110247
0.0102423
0.00990998
0.0103799
0.010243
0.0103745
0.0109904
0.0110797
0.0107958
0.00972905
0.0102932
0.0106671
0.0101326
0.0106812
0.0110341
0.011011
0.0114242
0.010119
0.0113825
0.010668
0.0104643
0.0104754
0.0100147
0.0104211
0.0102914
0.0102561
0.01083
0.00985063
0.0109881
0.0106619
0.00994566
0.0106753
0.0105271
0.0102584
0.00954939
0.0106013
0.0103349
0.0102506
0.00955067
0.0102601
0.00956861
0.0106653
0.0101643
0.0089212
0.0107109
0.0102884
0.010227
0.0108403
0.00943485
0.00968032
0.0097476
0.00994995
0.00989338
0.0100957
0.0103035
0.00992621
0.0100122
0.00963927
0.00976418
0.00978007
0.00969314
0.0101281
0.00985293
0.0105479
0.0100625
0.0100346
0.0104476
0.00891638
0.0105164
0.0101826
0.0107899
0.00999389
0.00958964
0.00882381
0.00890881
0.0104907
0.010176
0.00915029
0.00909242
0.00967985
0.00989525
0.00946314
0.00864344
0.00996076
0.00803559
0.00832784
0.0102461
0.0100669
0.00893621
0.00993679
0.00949624
0.0100989
0.0101481
0.00788466
0.00996826
0.00266767
