0.8
0.00275977
0.00275188
0.00260733
0.00276223
0.00274206
0.00272532
0.00278552
0.00264443
0.00267848
0.00269691
0.00274037
0.00280438
0.00274381
0.00270239
0.00273069
0.00274109
0.00277149
0.00272619
0.0027558
0.00267844
0.00268352
0.0027594
0.00261806
0.0026586
0.00266852
0.0028065
0.00264687
0.00261251
0.00273815
0.00266617
0.00271488
0.00266893
0.00274628
0.00272625
0.00270781
0.00268982
0.00267414
0.00269365
0.00271859
0.00276181
0.00263037
0.00271206
0.00271577
0.0026796
0.00270662
0.00273456
0.00268208
0.00268166
0.0027146
0.00276037
0.00267139
0.00275711
0.00265459
0.00269632
0.00272156
0.00261164
0.00276025
0.00266873
0.00273671
0.00266985
0.00268446
0.00267966
0.00271006
0.00269971
0.00275825
0.00269014
0.00275126
0.00268903
0.00258982
0.00260168
0.00267809
0.00263328
0.00264143
0.00267034
0.00263804
0.00256989
0.00262206
0.00271301
0.00270699
0.00266595
0.00267492
0.0026041
0.00261807
0.002702
0.00264073
0.00266313
0.00270215
0.00278507
0.00267182
0.00280572
0.00265277
0.00270615
0.00251725
0.00259518
0.00267734
0.00260509
0.00258633
0.00265691
0.00267657
0.0025435
0.00271529
0.00269057
0.00276991
0.00273846
0.00265441
0.00267626
0.00256708
0.00265673
0.00259923
0.00260439
0.0026323
0.00262892
0.00257306
0.00266179
0.00257763
0.00258465
0.00262689
0.00267671
0.00273346
0.00261845
0.00258591
0.00266919
0.00267153
0.002695
0.00263183
0.00264649
0.0025515
0.00260805
0.00261612
0.00259422
0.00267458
0.00261974
0.00259041
0.00279808
0.00268306
0.00259012
0.00251003
0.00253653
0.00259829
0.00266739
0.00251943
0.00265197
0.00254972
0.00270661
0.00265524
0.00256128
0.00259432
0.0025302
0.00267988
0.00255132
0.00266413
0.00255251
0.00261695
0.0026115
0.00268171
0.00252624
0.00263307
0.00264063
0.00269549
0.00261431
0.0025448
0.00257184
0.0025844
0.00254976
0.00260972
0.00262653
0.0025968
0.0025006
0.00246537
0.00251473
0.00258456
0.00262563
0.00246632
0.00257922
0.00257731
0.00258453
0.00255933
0.00263352
0.00262658
0.00249418
0.00260279
0.00264325
0.00256786
0.00261217
0.00250261
0.00265189
0.00260696
0.00267452
0.00256313
0.00248834
0.00253657
0.00256667
0.00252341
0.0025375
0.00253017
0.00255819
0.00260053
0.00261699
0.0024951
0.0025862
0.00254588
0.00250954
0.00250802
0.00259671
0.0026037
0.00250108
0.00257925
0.00259245
0.00258964
0.00260859
0.00256669
0.00249132
0.00261956
0.00253953
0.00247904
0.00256291
0.00254352
0.00260917
0.00244968
0.00262038
0.00249534
0.00258277
0.00248269
0.00248213
0.00262253
0.00255569
0.00257236
0.00242842
0.00248824
0.00253772
0.0025809
0.00252096
0.00249537
0.00248491
0.0025157
0.00249678
0.0025117
0.00242282
0.0025523
0.0025599
0.00243805
0.002446
0.00258681
0.00241181
0.00254158
0.00241631
0.00255035
0.00240409
0.00258084
0.00248947
0.00252386
0.00247086
0.00258395
0.00260956
0.00252202
0.00250015
0.00247038
0.00253033
0.00248783
0.00242425
0.00257513
0.0025448
0.00254161
0.00250534
0.00253665
0.00245771
0.00260457
0.00243811
0.00248046
0.00251129
0.00252645
0.00247662
0.00242197
0.00250245
0.00243033
0.0024318
0.00253439
0.00245986
0.00249396
0.00247652
0.00250332
0.00248897
0.00250157
0.0025395
0.00248273
0.00255559
0.00245109
0.00246208
0.00252472
0.00262773
0.0023467
0.00256779
0.00247366
0.00257754
0.00244464
0.00255481
0.00242043
0.00247932
0.00242982
0.00236747
0.00249343
0.00254731
0.00242133
0.0025523
0.00244749
0.00245122
0.00249202
0.00257011
0.00255103
0.00236953
0.0025472
0.00254814
0.00249372
0.00251466
0.00249401
0.00251232
0.00249121
0.00243769
0.00244701
0.00239667
0.00241548
0.00246883
0.00241864
0.0023221
0.00252694
0.0023813
0.00230192
0.00232194
0.00255223
0.00252307
0.00244808
0.00258097
0.00243871
0.002433
0.00250222
0.00249339
0.00240663
0.00245247
0.00253774
0.0024963
0.00239926
0.00247056
0.00252264
0.00229983
0.00246114
0.00254628
0.00262595
0.00234257
0.00244249
0.00232725
0.00246035
0.00246305
0.0024454
0.0026201
0.0024913
0.00238404
0.00255726
0.0024604
0.00238583
0.0024595
0.00238009
0.0025148
0.00255508
0.00249301
0.00250541
0.00242107
0.00244934
0.00245357
0.00243425
0.00246495
0.0023983
0.00234629
0.00237998
0.00246322
0.00241589
0.00246095
0.00241207
0.00233127
0.00246669
0.00238256
0.00250518
0.00243988
0.00246209
0.00240099
0.00245528
0.00239781
0.00252131
0.00234429
0.00238147
0.000679218
