0.8
0.00329715
0.00329785
0.00317669
0.00327221
0.00323885
0.00329354
0.00318305
0.00317247
0.00333072
0.00330319
0.00322729
0.00317393
0.0032541
0.0032017
0.00330489
0.00319244
0.00327353
0.00323644
0.00331038
0.0031718
0.00313522
0.00321749
0.00319095
0.00314699
0.00331449
0.00330898
0.0032578
0.0032203
0.00322132
0.00316789
0.00322067
0.00317114
0.0032455
0.00337718
0.00311707
0.00310897
0.00308384
0.00317903
0.00315752
0.00314698
0.00327004
0.00319698
0.00321503
0.00319775
0.00338654
0.00318366
0.00309152
0.00317902
0.00328746
0.00318324
0.00313265
0.00329716
0.00317386
0.00317584
0.00330745
0.00313021
0.0031405
0.00315186
0.00319696
0.00322739
0.00310997
0.00326345
0.00318977
0.0030526
0.00305222
0.00316194
0.00311503
0.00318508
0.00302779
0.0033055
0.00321948
0.00309467
0.00310734
0.00319272
0.00319874
0.00305432
0.00313055
0.00306411
0.00314523
0.00311307
0.00299204
0.0030354
0.00316417
0.0031865
0.00308387
0.00318047
0.00309376
0.0031932
0.00321926
0.00307511
0.00306284
0.00303729
0.00318805
0.00312428
0.00305981
0.00308607
0.00332643
0.00326286
0.0031797
0.0031159
0.00299362
0.00313017
0.00324586
0.00314882
0.0031349
0.00317874
0.00305741
0.0030425
0.00305333
0.00315083
0.00312182
0.00312871
0.00306644
0.00318713
0.00309209
0.00320131
0.00306468
0.00312797
0.00302113
0.00313348
0.00311753
0.00309563
0.00308897
0.00300932
0.00310185
0.00306768
0.00303583
0.00310653
0.00303658
0.0029948
0.00319288
0.00293624
0.00302595
0.00312422
0.00309724
0.00300529
0.00308531
0.00314596
0.00301036
0.00309556
0.00303969
0.00298008
0.00293811
0.0030375
0.00296543
0.00295583
0.00307111
0.00291115
0.00309227
0.00312446
0.00308055
0.00299202
0.00300205
0.00307185
0.00296586
0.00309319
0.00308218
0.0030675
0.00302857
0.00303909
0.00296515
0.00298066
0.00312065
0.00290874
0.00294996
0.00304777
0.00297383
0.00304361
0.00305793
0.00305575
0.0029873
0.00307526
0.00297913
0.00293419
0.00313314
0.00286128
0.00302782
0.0030246
0.00285079
0.00291426
0.00290089
0.00294861
0.00281086
0.00293549
0.0029621
0.00313007
0.00296671
0.00310289
0.00299526
0.00307966
0.00289702
0.00293448
0.00303576
0.0028687
0.00300389
0.00296984
0.00280939
0.00297096
0.00285424
0.00305422
0.00312102
0.00285664
0.00308254
0.00289871
0.00310641
0.00307497
0.00286669
0.00298206
0.00309374
0.00299145
0.00299354
0.00285963
0.002961
0.00289618
0.00298846
0.00290259
0.00292579
0.00281246
0.0029219
0.00297518
0.00306432
0.00292287
0.00303994
0.00297363
0.00280739
0.00294102
0.00313116
0.0029274
0.00313712
0.00287514
0.00307371
0.00269304
0.00290627
0.00297803
0.00275382
0.00313562
0.00289643
0.00282784
0.0030342
0.00297718
0.00293501
0.00298085
0.00287658
0.00300537
0.0029656
0.00315259
0.00291606
0.00294924
0.00300068
0.00284609
0.00301669
0.0027349
0.00303501
0.00286823
0.00293365
0.00293056
0.00293198
0.00291495
0.00296826
0.00298528
0.0030586
0.00291013
0.00295788
0.00304432
0.00288694
0.00292401
0.00294475
0.00288605
0.00277878
0.00291158
0.00295234
0.00292778
0.00282232
0.00285593
0.00285926
0.00290292
0.00278403
0.00298612
0.00288538
0.00289437
0.0027343
0.00287444
0.00289617
0.00296024
0.00278193
0.00295968
0.0028308
0.00285072
0.00282897
0.00297565
0.00293589
0.00285577
0.00275576
0.00300418
0.00299538
0.00283672
0.00281575
0.00288103
0.00300264
0.00313838
0.00282384
0.00298439
0.00295729
0.00286726
0.00286698
0.00296159
0.00299399
0.00280906
0.00295987
0.002811
0.00283924
0.0028422
0.0026848
0.00294374
0.00296205
0.00286557
0.00277352
0.00296616
0.00269739
0.00308385
0.00292467
0.00275005
0.00316902
0.00277848
0.00288154
0.00297833
0.00292748
0.00293467
0.00292248
0.000803636
