0.8
0.00403175
0.00398555
0.0040931
0.00390674
0.00382014
0.00387004
0.00395385
0.00375788
0.00389411
0.00398527
0.00397855
0.0039874
0.00404557
0.00378921
0.00396151
0.00404457
0.00397351
0.00396869
0.00388529
0.00396238
0.00397733
0.00401325
0.00403775
0.00401303
0.00388661
0.00380616
0.00399223
0.00398695
0.0038106
0.00410514
0.00383881
0.00398762
0.0039323
0.00381454
0.00379721
0.00390675
0.00394521
0.00396611
0.00399253
0.00387014
0.00393703
0.00397799
0.00388027
0.00392747
0.00395781
0.00411097
0.00407796
0.00373628
0.00401022
0.00382243
0.00369042
0.00380831
0.00372133
0.00377658
0.00373287
0.00390329
0.00378182
0.00388781
0.00399917
0.00383388
0.00389755
0.00392542
0.00380364
0.00388656
0.0038541
0.00365715
0.00385018
0.00388262
0.00383548
0.00374254
0.00403504
0.00374709
0.00383204
0.0040425
0.00364133
0.0039271
0.0038263
0.00373758
0.00378781
0.00367774
0.00383341
0.00379274
0.00367678
0.00381521
0.00380373
0.003809
0.00377157
0.00377969
0.00378168
0.00385682
0.00388454
0.00360555
0.00380773
0.00367808
0.00361623
0.003749
0.00381425
0.00392111
0.00367451
0.00362644
0.00378435
0.00385465
0.00387931
0.00367744
0.00364391
0.00369036
0.00371769
0.00390163
0.00353497
0.00405315
0.00360674
0.00382471
0.00369816
0.00367629
0.00390334
0.00385497
0.00375834
0.00381394
0.00370772
0.00374035
0.00377395
0.0038538
0.00382844
0.00385605
0.00385851
0.0037404
0.00374876
0.00396336
0.00376007
0.0037202
0.0036397
0.00385208
0.00374335
0.00386324
0.00370864
0.00365875
0.00365465
0.00347165
0.00372235
0.0036767
0.00349719
0.00375445
0.0036755
0.00371868
0.0036868
0.00380367
0.00361832
0.00361425
0.00378348
0.00360742
0.00362485
0.00366656
0.00375391
0.0035558
0.00368178
0.00362769
0.00345415
0.00369182
0.00382022
0.00377812
0.0034727
0.00344321
0.00351922
0.00375733
0.00348729
0.00357823
0.00369888
0.00369474
0.00338072
0.0036754
0.00382075
0.00366756
0.00380534
0.00348637
0.00375786
0.00342973
0.00356904
0.00353119
0.00360493
0.00357303
0.00366803
0.0035482
0.00378653
0.00383331
0.00383271
0.00364799
0.00367256
0.00348207
0.00361073
0.00375257
0.00366624
0.00356255
0.00361001
0.00341632
0.00355143
0.00346003
0.00360162
0.00370088
0.00353999
0.00345877
0.00334647
0.00369868
0.00369168
0.00355606
0.00378767
0.0034411
0.00329197
0.00348569
0.003676
0.00338158
0.00346221
0.00335763
0.00363809
0.0036347
0.00335552
0.00350155
0.00351658
0.00361577
0.00340251
0.00371196
0.00355945
0.00357558
0.00351404
0.00356603
0.00341795
0.00360393
0.00372818
0.00343401
0.00335115
0.00372779
0.00339185
0.00331088
0.00348988
0.00350853
0.00345658
0.00337467
0.00356222
0.0036838
0.00391652
0.00352288
0.00352888
0.00359051
0.00372943
0.00374959
0.00348461
0.00344164
0.0034341
0.00363792
0.00347167
0.00350966
0.0034784
0.00372725
0.00366126
0.00340709
0.00351932
0.0033672
0.00338358
0.0036328
0.00346216
0.00339524
0.00340553
0.00359375
0.00374932
0.00328816
0.00359894
0.00355836
0.00375141
0.00333885
0.0036448
0.00098471
