0.8
0.00217928
0.00222001
0.00216697
0.00221801
0.00220058
0.00214067
0.00221859
0.00214989
0.00211672
0.00211205
0.00217035
0.00220309
0.00211701
0.00211918
0.00214057
0.00215125
0.00225515
0.00218435
0.00215779
0.00220213
0.00219275
0.00217726
0.00219445
0.00217231
0.00213157
0.00216578
0.00214722
0.00217394
0.00216068
0.00214907
0.00216041
0.00222446
0.0021393
0.00214577
0.00212737
0.00218514
0.0020996
0.00219198
0.00224465
0.00210211
0.00213125
0.00209216
0.00218265
0.00217777
0.00212313
0.00208199
0.0022048
0.00213272
0.00221963
0.00214196
0.00214724
0.00222259
0.00215032
0.00215285
0.0021585
0.00216197
0.00212292
0.0021391
0.00213505
0.00210526
0.00216472
0.00213319
0.0021771
0.00211445
0.00215979
0.00208913
0.0021669
0.00218419
0.0021375
0.00205807
0.00208461
0.00208654
0.00213487
0.00210638
0.00219028
0.0021141
0.00211981
0.00218675
0.00210338
0.00206171
0.00214671
0.00213573
0.00210336
0.00208415
0.0021551
0.00211589
0.00210574
0.00209854
0.00213706
0.00208183
0.00211375
0.00217722
0.00215683
0.00212191
0.00214111
0.00213473
0.00214283
0.00214319
0.0021458
0.00209656
0.00206751
0.00207613
0.00207887
0.00211664
0.00218135
0.00222246
0.00211725
0.00210614
0.00212494
0.00205932
0.00212144
0.00213296
0.00210484
0.00205811
0.00205006
0.00208942
0.00206828
0.00210958
0.00222211
0.0020969
0.00211164
0.00215611
0.00216483
0.0020531
0.00219332
0.00213896
0.00207973
0.00212934
0.00208111
0.00211121
0.00212786
0.00214699
0.0021046
0.00210149
0.00214582
0.00209404
0.00206293
0.00211076
0.00211166
0.00205136
0.00205597
0.00200314
0.00211251
0.00213635
0.00205795
0.00212153
0.00212899
0.00212478
0.00213557
0.00206405
0.00200868
0.00214364
0.00206695
0.00209948
0.00214519
0.00216404
0.00206894
0.00203631
0.00212111
0.00199833
0.00209795
0.00211775
0.0020966
0.00207832
0.00213863
0.00211579
0.00206386
0.00207212
0.00206106
0.00211728
0.00203475
0.0020327
0.00211873
0.00207991
0.0021433
0.00205135
0.00202379
0.00204767
0.00206408
0.00206776
0.0020919
0.00209349
0.00210576
0.00200895
0.00215799
0.00218231
0.00205504
0.00198314
0.00210558
0.00205407
0.00205936
0.00206558
0.0020685
0.00213672
0.00199645
0.00215157
0.00208031
0.00209455
0.00212593
0.00199477
0.00208997
0.00201305
0.00208149
0.00208136
0.00206365
0.00205121
0.00208363
0.00210679
0.00202001
0.00206062
0.00197998
0.00198614
0.00200573
0.00210686
0.00210225
0.00213387
0.00204114
0.00211617
0.00203646
0.00199156
0.00207927
0.00201686
0.00211762
0.00203391
0.00198768
0.00203492
0.00198972
0.00203023
0.00210868
0.00210847
0.00204317
0.00203829
0.00205756
0.00209568
0.00195607
0.00211017
0.00202246
0.00203229
0.00211762
0.0020492
0.00202027
0.00206398
0.00203939
0.00210818
0.00202003
0.00206113
0.00199381
0.00205944
0.00202022
0.0020723
0.00199741
0.00202423
0.00208512
0.0019987
0.00208268
0.00200755
0.00202081
0.00213734
0.00204907
0.00193384
0.00208898
0.00201475
0.0019876
0.00205731
0.00202981
0.00212595
0.00203411
0.0020371
0.00203723
0.00196601
0.00200365
0.00204174
0.00194289
0.00200415
0.00200731
0.00201265
0.00202585
0.00201263
0.00203414
0.00207241
0.0019538
0.00200673
0.00202446
0.00206609
0.00198019
0.00197869
0.00196889
0.00204428
0.00195512
0.00195624
0.00204995
0.00203564
0.00199388
0.00211352
0.00197173
0.00190459
0.00199181
0.00202704
0.00192601
0.00201321
0.00201471
0.00209549
0.0019686
0.00204182
0.00207457
0.00197818
0.0019639
0.00201298
0.00195731
0.00199075
0.00200593
0.00202476
0.0020773
0.00197127
0.00192749
0.00203392
0.0019168
0.00202678
0.00204958
0.00213106
0.00189349
0.00211617
0.00200172
0.00198971
0.00201601
0.00201959
0.00198348
0.00194083
0.00198152
0.00192882
0.00195218
0.00213837
0.00197411
0.00194665
0.00203915
0.00193355
0.00195171
0.00192461
0.00199882
0.00204047
0.00192382
0.00197364
0.00203579
0.00204475
0.00198531
0.00199766
0.00198299
0.00194878
0.00199342
0.0019689
0.00205318
0.00203437
0.00193342
0.00196045
0.00197128
0.0019837
0.00187178
0.00200239
0.002003
0.00202111
0.00199183
0.0019779
0.00204428
0.00197272
0.00204931
0.00189644
0.00194982
0.00187115
0.0019594
0.00210025
0.00194067
0.00200229
0.00201531
0.00201971
0.00208709
0.0020846
0.00191863
0.00185583
0.00195204
0.00193543
0.00199091
0.0019376
0.00201568
0.00191052
0.00200368
0.00196084
0.00203352
0.00199407
0.00193006
0.0018942
0.0019229
0.00197974
0.00195411
0.00192301
0.00206205
0.00202698
0.00195167
0.00196726
0.00192933
0.00189328
0.00196513
0.00204458
0.00199166
0.00190542
0.00186506
0.00199309
0.00199344
0.00199679
0.00197141
0.002001
0.00197786
0.00190804
0.00200107
0.00193568
0.00190817
0.00197104
0.00199295
0.00196176
0.00199563
0.00191391
0.0018843
0.00188044
0.00195491
0.00194323
0.00189251
0.00194392
0.00190068
0.00193394
0.00193026
0.00190354
0.00192472
0.0020084
0.0020025
0.00196728
0.00198383
0.00196195
0.00194223
0.00196623
0.00187957
0.00198546
0.001923
0.00203035
0.00192622
0.00187723
0.00201596
0.00188174
0.00193341
0.00194848
0.00193421
0.00199102
0.00189402
0.00191718
0.00191638
0.00193546
0.00188584
0.00201895
0.00186638
0.00194031
0.00199789
0.00198973
0.00186842
0.0020458
0.00193971
0.00196
0.00187543
0.00189047
0.00186013
0.00197175
0.00200225
0.00197323
0.00185878
0.00185131
0.00198827
0.00202071
0.00183168
0.00195575
0.00186728
0.00197697
0.0019301
0.00188513
0.00198563
0.00188338
0.00187113
0.00200669
0.00195015
0.00205284
0.00194442
0.00193648
0.00194761
0.000540803
