0.8
0.00613417
0.0056471
0.0058026
0.00605569
0.00594219
0.00570809
0.00611826
0.00606063
0.00582694
0.00575685
0.00581555
0.00627763
0.00593322
0.00603557
0.00547351
0.00592804
0.00547805
0.00605943
0.00586533
0.00586974
0.00584405
0.00559745
0.0058861
0.00572898
0.00606083
0.0055646
0.00567358
0.00595056
0.00577688
0.00577011
0.00619921
0.00591851
0.00600009
0.00594402
0.00599163
0.00596085
0.00608147
0.00570206
0.0059419
0.00586948
0.00555155
0.00562613
0.00589603
0.00551104
0.00537843
0.00558969
0.00577586
0.00586167
0.00588303
0.00573946
0.00574533
0.00544847
0.00568254
0.00570503
0.00580357
0.00583461
0.00558233
0.00561735
0.00607318
0.00548091
0.00551461
0.00567955
0.00567123
0.00584269
0.00568274
0.0060044
0.00588503
0.00566709
0.00560797
0.00559071
0.00551559
0.00592428
0.00602101
0.00556277
0.00555412
0.0058376
0.0059492
0.00521578
0.00572679
0.00585412
0.00552637
0.00579673
0.00590419
0.00577557
0.00521318
0.00559623
0.0055241
0.00574789
0.00563676
0.00570601
0.00517997
0.00571371
0.00605128
0.00564128
0.00541912
0.00498462
0.00513078
0.00582238
0.00540129
0.00567708
0.00591441
0.00534493
0.00515494
0.00553306
0.00522931
0.00531599
0.00529017
0.005147
0.00516019
0.00521415
0.00541334
0.00520247
0.00540286
0.00515168
0.00543445
0.00593962
0.00532521
0.0054121
0.00565797
0.00507993
0.0056177
0.00539972
0.00529015
0.00539284
0.00504904
0.00541975
0.00568383
0.00515248
0.00570367
0.00508493
0.00543452
0.00575817
0.00543882
0.00532034
0.00574852
0.00562558
0.00546264
0.00507237
0.0051577
0.00564853
0.00547034
0.00556346
0.00513918
0.00549599
0.00482189
0.00515191
0.00474348
0.0053535
0.00514773
0.00581214
0.00553378
0.00529137
0.00543908
0.00556787
0.00578777
0.00535711
0.00524009
0.00513448
0.00529663
0.00558051
0.00479981
0.00538799
0.00520066
0.00515371
0.00492229
0.00524711
0.00530891
0.00542142
0.0056641
0.0053168
0.00559424
0.00495475
0.00543271
0.00525183
0.00538482
0.00579076
0.00554662
0.00525524
0.00538752
0.00147234
