0.8
0.0023476
0.00238947
0.00239914
0.00231865
0.00230436
0.00239649
0.00242283
0.00237133
0.00235555
0.00236156
0.00238565
0.00233956
0.0023436
0.00228927
0.00239649
0.00228639
0.00242405
0.0023408
0.00233853
0.00233522
0.00230785
0.00232792
0.00239828
0.00234881
0.00237095
0.00237288
0.00236523
0.00239809
0.00237264
0.00237773
0.00235764
0.0024295
0.00229537
0.00233163
0.00241212
0.00239078
0.00235415
0.00231139
0.00233641
0.0023139
0.00230184
0.00227698
0.00232762
0.00234001
0.00239892
0.00229318
0.00236434
0.00228767
0.00237555
0.00235489
0.00235018
0.00240153
0.00237124
0.00233977
0.00226442
0.00227966
0.00232147
0.00234557
0.00236738
0.00237584
0.00225516
0.00241013
0.00242606
0.00232915
0.00233046
0.0023092
0.0022316
0.00235459
0.00241578
0.00226966
0.00237305
0.0023094
0.00232543
0.00240136
0.00231026
0.0023912
0.00235283
0.00237698
0.00235644
0.00230204
0.00234522
0.0023983
0.0024299
0.00223287
0.00230698
0.00228643
0.00224515
0.00230235
0.00232764
0.00239559
0.0023487
0.00231092
0.00228032
0.00226479
0.00232723
0.00236919
0.00227173
0.00234709
0.00232562
0.00234257
0.00225207
0.00228376
0.00237559
0.00228608
0.0023631
0.00236297
0.0022496
0.00232161
0.00230354
0.00229291
0.00226155
0.00229494
0.00226454
0.00236902
0.00221005
0.00230914
0.00230823
0.00230278
0.00218436
0.00219401
0.00232716
0.00216208
0.00219762
0.0022333
0.00224812
0.00217474
0.00230117
0.00234082
0.00234581
0.00239325
0.00225395
0.0022427
0.00232336
0.00231867
0.00224802
0.0023358
0.00220345
0.00226889
0.00233157
0.00228522
0.00228067
0.00223884
0.00217775
0.00232547
0.00235113
0.00227479
0.00220327
0.00229463
0.00222419
0.00226242
0.00219109
0.00224662
0.00227528
0.00232061
0.0022943
0.00234481
0.00220817
0.00226756
0.00222774
0.0022697
0.00224157
0.00223153
0.00224165
0.00225772
0.0021827
0.00225186
0.00235687
0.00226094
0.00225694
0.0022588
0.00226319
0.00224912
0.00221506
0.00219493
0.00227585
0.00229091
0.00228635
0.00216179
0.00213553
0.00227158
0.00228669
0.00227101
0.00221164
0.00227246
0.00231187
0.00220236
0.00220282
0.00226568
0.00223283
0.00217048
0.00224196
0.00229126
0.00226468
0.00223563
0.00219105
0.00227527
0.00223849
0.00226826
0.00221009
0.00234388
0.00233133
0.00224086
0.002181
0.00216063
0.00222334
0.00232525
0.00236689
0.00229711
0.00216444
0.00219066
0.002331
0.00228945
0.00219931
0.00218205
0.00215454
0.00226054
0.00226396
0.00220954
0.00218175
0.0022579
0.00221623
0.00221538
0.00222771
0.00227599
0.00221758
0.00220468
0.00222407
0.00222376
0.00235494
0.0021922
0.00223462
0.00219785
0.00224966
0.00224425
0.00221869
0.00229647
0.00222401
0.00224849
0.0021968
0.00231669
0.00217569
0.002204
0.00218635
0.00218255
0.0021977
0.00208578
0.00213722
0.00224629
0.00215263
0.00224192
0.00223639
0.00217804
0.00228314
0.00222832
0.00224
0.00228676
0.00207325
0.00212616
0.0022094
0.00211074
0.00217298
0.00219719
0.0021922
0.002265
0.00217827
0.00210924
0.00216396
0.00217603
0.00219933
0.00217579
0.00223936
0.00223194
0.00217583
0.00217579
0.00211441
0.00218448
0.00214738
0.00212991
0.00223967
0.00217071
0.00218496
0.00220165
0.00215099
0.00224999
0.00200745
0.00216824
0.00223658
0.00215138
0.00224059
0.00222785
0.00225309
0.00224263
0.00218651
0.00227437
0.00215514
0.00225438
0.00224782
0.00218053
0.00218666
0.00216559
0.00208469
0.00216976
0.00203889
0.00224995
0.00215871
0.00208645
0.00218245
0.00210912
0.00220999
0.00219154
0.00221706
0.0022278
0.00207454
0.00217673
0.00204248
0.00225256
0.00221741
0.00217089
0.00216599
0.00207838
0.0021134
0.00221236
0.00210768
0.00207925
0.00225896
0.00215665
0.00226251
0.00204596
0.0021123
0.00206369
0.00207119
0.00210586
0.00215715
0.00213486
0.00202705
0.00214016
0.00208428
0.002111
0.00211591
0.00219114
0.00213033
0.00211329
0.00218191
0.00219659
0.00206145
0.00217897
0.00217082
0.00211663
0.00225784
0.00218326
0.00218729
0.0021075
0.00214048
0.00212648
0.00221491
0.00217252
0.00205065
0.00212509
0.00209251
0.00211604
0.00216085
0.00215302
0.00206024
0.00208719
0.00206988
0.00210065
0.00215958
0.0022009
0.00220868
0.00200486
0.002137
0.00208566
0.00221263
0.00217739
0.00227085
0.00208298
0.00218792
0.00217336
0.00221799
0.00211799
0.00211018
0.00210434
0.00214634
0.00213797
0.002099
0.00205178
0.00212869
0.0021561
0.00215165
0.00209474
0.00209087
0.00213044
0.00211145
0.00215281
0.00210487
0.0022435
0.00213814
0.00213528
0.00208809
0.00215019
0.00217894
0.00224158
0.00208176
0.00219165
0.00219305
0.00212734
0.00211818
0.00210776
0.00209588
0.00207725
0.00204862
0.002002
0.00206305
0.0021905
0.00205031
0.00208818
0.00210495
0.00209525
0.0020783
0.00219069
0.00214898
0.00211441
0.00204414
0.00211586
0.00198821
0.00221768
0.00197081
0.00207563
0.00217074
0.0022224
0.00205403
0.00208035
0.00211948
0.00214338
0.00209118
0.00215964
0.00200945
0.00211818
0.002142
0.00221258
0.00206534
0.00223503
0.0020484
0.00210686
0.00210876
0.00213702
0.00223123
0.00206769
0.00210376
0.000589267
