0.8
0.011871
0.0115996
0.0124591
0.0119889
0.0116732
0.011288
0.0113844
0.0117411
0.0117563
0.0113206
0.0115163
0.0108465
0.0117569
0.0121442
0.0110425
0.0118016
0.0111246
0.0111505
0.0117935
0.0123493
0.0112273
0.011096
0.0121268
0.012257
0.0111912
0.0111549
0.011743
0.0118217
0.0125022
0.0117827
0.0113538
0.0117385
0.0113109
0.0116503
0.0105747
0.0103052
0.0102003
0.0123217
0.011506
0.0109762
0.0122016
0.0116941
0.0104892
0.0103982
0.0119222
0.0114706
0.0109406
0.0097992
0.011675
0.0107972
0.0112099
0.0111812
0.0119077
0.011139
0.0102316
0.0117715
0.0115414
0.0119755
0.0111254
0.0101534
0.0111165
0.0116322
0.0110566
0.0104854
0.0103142
0.0113001
0.0111406
0.0107489
0.0115971
0.0104817
0.0103361
0.0102466
0.00926439
0.0103925
0.0118584
0.0109685
0.0107142
0.0112673
0.0111121
0.010567
0.0100704
0.0110459
0.0109489
0.0103154
0.00950035
0.009607
0.0111763
0.0116784
0.0110191
0.00296505
