0.8
0.00278718
0.00289297
0.0028495
0.00300653
0.00293976
0.00287711
0.00286374
0.00284494
0.00282115
0.00287577
0.0029005
0.00293022
0.00277915
0.0028406
0.00281971
0.00278486
0.00287089
0.00283238
0.00284735
0.00294902
0.00300673
0.0029303
0.0028859
0.00285267
0.00289347
0.00288812
0.00285058
0.00285859
0.00300656
0.00286866
0.00281457
0.00282692
0.00271374
0.0028983
0.00281421
0.00292816
0.00281235
0.00282968
0.00278785
0.00279115
0.00296307
0.00287465
0.00281361
0.00276345
0.00288397
0.00287887
0.00291479
0.00281015
0.00282362
0.00277173
0.00277623
0.00286531
0.00287673
0.00281402
0.0027881
0.0029461
0.00284073
0.00290085
0.00276416
0.00281972
0.00295311
0.00283086
0.00279712
0.00281082
0.00274029
0.00277633
0.00276153
0.00285596
0.00277737
0.00282779
0.00281084
0.00279023
0.00284672
0.00289569
0.00280321
0.00282211
0.00282347
0.00291168
0.00283603
0.00269883
0.00276806
0.00283147
0.00282743
0.00275105
0.00278447
0.00291304
0.00281075
0.00276401
0.00281636
0.0027491
0.00293824
0.00271735
0.00288999
0.00286637
0.00283707
0.00289301
0.00273693
0.00278212
0.00282167
0.00282298
0.00276544
0.00277919
0.00271982
0.00278936
0.00278205
0.00269318
0.00282073
0.00267671
0.00280259
0.00280387
0.00262377
0.00277083
0.00285504
0.00281569
0.00277132
0.00278788
0.00280675
0.00277535
0.00277763
0.00273347
0.00271311
0.00275234
0.00279049
0.0028762
0.00266868
0.0027188
0.00286363
0.00276542
0.00274296
0.00263635
0.00277644
0.00274436
0.00276997
0.00269943
0.00272403
0.00275009
0.0027972
0.00275093
0.00274347
0.00273697
0.00267189
0.0027703
0.00275564
0.00284999
0.00281477
0.00278894
0.00280321
0.00276993
0.00272214
0.002877
0.00272282
0.00268506
0.00275334
0.00271258
0.00278603
0.002676
0.00279277
0.00282811
0.00284354
0.00279428
0.00281253
0.00274778
0.00279482
0.00279156
0.00255672
0.00260617
0.00265372
0.00267453
0.00264004
0.00261497
0.0027311
0.00279441
0.00274929
0.00275001
0.00267015
0.0027228
0.00272802
0.00275874
0.0027222
0.00282049
0.00264115
0.00266221
0.0027715
0.0025871
0.00250774
0.00284696
0.00280309
0.00266527
0.0026254
0.00285674
0.00262629
0.00265565
0.00272516
0.00267196
0.00263612
0.00263441
0.00267803
0.002666
0.00262522
0.00267979
0.00261276
0.00267568
0.00269841
0.00276615
0.00274874
0.00264173
0.0025766
0.00273469
0.0028148
0.00271442
0.00260603
0.00285518
0.00251716
0.00258852
0.00262674
0.00276441
0.00257898
0.00262695
0.00277172
0.002753
0.00269176
0.00267771
0.00272352
0.00253912
0.00278175
0.0026062
0.00265833
0.00271573
0.00264407
0.00282497
0.00278471
0.00270009
0.00263082
0.00277594
0.00265893
0.00261376
0.00270091
0.00270951
0.00264799
0.00272379
0.00264618
0.00264281
0.00264935
0.00259307
0.00240663
0.00261728
0.00273801
0.00266259
0.0025038
0.00248792
0.00251857
0.00262049
0.00260199
0.00256036
0.00267768
0.00260715
0.00261719
0.00264628
0.00263618
0.002536
0.00266352
0.00253688
0.00274029
0.00250685
0.00253964
0.00257627
0.00264093
0.00264043
0.00261415
0.00260388
0.00261321
0.00256578
0.0026862
0.00263664
0.00265826
0.00268757
0.00261157
0.00258074
0.00247641
0.00261146
0.00261028
0.00252237
0.00266005
0.00271076
0.0025647
0.00249533
0.00265588
0.00251798
0.00261055
0.00263724
0.00265631
0.00264449
0.00267157
0.00258668
0.00258991
0.00259498
0.00245801
0.0026476
0.00259288
0.00276527
0.00246304
0.00266071
0.00260776
0.00252351
0.00274507
0.00267295
0.00268966
0.0027092
0.00270693
0.00246689
0.00258161
0.0024727
0.00252641
0.00255204
0.0026906
0.00253947
0.00272913
0.00260829
0.00256733
0.00266257
0.00266046
0.00250038
0.00242079
0.0026119
0.00251316
0.00266619
0.0024609
0.0025664
0.00246341
0.00260269
0.00260384
0.00264517
0.00248992
0.00262936
0.00248369
0.00268998
0.00255418
0.00253014
0.00259911
0.00270272
0.00245244
0.00258698
0.00267242
0.00250826
0.00255336
0.00261768
0.00261629
0.00255302
0.00259563
0.00266944
0.00253301
0.00251188
0.00243236
0.00256939
0.00255096
0.00254737
0.00251673
0.0025244
0.00257317
0.00245473
0.00262887
0.00263927
0.0025203
0.00250185
0.00243562
0.00251759
0.00243522
0.00263955
0.00267104
0.000716682
