0.8
0.0129027
0.0138562
0.0142323
0.0141655
0.0128106
0.0134692
0.0135836
0.0132964
0.0130311
0.0128133
0.0116535
0.0117588
0.0135965
0.0137815
0.0136089
0.0117033
0.0137631
0.0139054
0.0133154
0.0121899
0.0126086
0.0130535
0.0115706
0.0119573
0.0129496
0.0135815
0.012245
0.0128287
0.0123278
0.0136376
0.0120412
0.0134876
0.0129066
0.0135773
0.0122553
0.0132829
0.0139915
0.0120265
0.0128075
0.0128707
0.0130508
0.0120267
0.0128136
0.0126251
0.0128417
0.0126843
0.0120702
0.0122761
0.0121397
0.0129808
0.0120507
0.0108025
0.0124768
0.0134173
0.0122356
0.0127274
0.0119896
0.0132303
0.0122717
0.0128898
0.0119889
0.0114387
0.0128033
0.0124439
0.0112796
0.0109808
0.012418
0.0116183
0.0131847
0.0137867
0.0111924
0.0134526
0.0121191
0.0128742
0.0119436
0.0122341
0.0112404
0.0112237
0.00940568
0.00332546
