0.8
0.00467927
0.00464985
0.00472479
0.00465586
0.0047236
0.00444749
0.00459075
0.00457818
0.00483017
0.00455676
0.00486519
0.00464444
0.00460268
0.00461107
0.00478337
0.00439424
0.00458582
0.00431982
0.00466724
0.00444149
0.00449042
0.00452789
0.00452761
0.00465477
0.00474807
0.00464475
0.0045967
0.00452855
0.00471899
0.00465475
0.00469775
0.00434468
0.00456588
0.00469013
0.00458447
0.00462945
0.00478103
0.00457091
0.00467533
0.00460962
0.00447671
0.00438537
0.00455408
0.00463903
0.00456261
0.00443842
0.00448219
0.0043396
0.00431332
0.00441981
0.0045907
0.00439921
0.00465525
0.00439182
0.00448172
0.00449692
0.00423075
0.00443454
0.00408745
0.00461657
0.00435744
0.0043231
0.00447331
0.00444447
0.00453237
0.00450563
0.00430807
0.00437938
0.00445538
0.00447911
0.00434684
0.00429995
0.00438716
0.00466465
0.0043668
0.00441535
0.00451252
0.00452148
0.00463258
0.00426008
0.00450255
0.00434119
0.00436318
0.00443333
0.00433756
0.00413918
0.00441416
0.00426396
0.00442882
0.00439187
0.00439015
0.00438006
0.00467941
0.00441051
0.00452571
0.00447327
0.00448329
0.00435122
0.00427804
0.00401183
0.004382
0.00429773
0.00454794
0.00444474
0.00422221
0.00437369
0.00417939
0.00417396
0.0044063
0.0042221
0.00428598
0.00425273
0.00475568
0.00439715
0.00450352
0.00434048
0.00444769
0.00435481
0.00449281
0.00434549
0.00440993
0.00441998
0.00457579
0.00440298
0.00439964
0.00460932
0.00421659
0.00419929
0.00404712
0.00418187
0.00425665
0.0042746
0.0041133
0.00437981
0.00465884
0.00402864
0.00418161
0.00429125
0.00425652
0.00420159
0.00444675
0.00422365
0.00435918
0.00438706
0.00409289
0.00397252
0.00419859
0.00453731
0.00436943
0.00448411
0.00452219
0.00420816
0.00424388
0.00426972
0.00432297
0.00451636
0.00454021
0.00413784
0.00408678
0.00423504
0.00417949
0.00443458
0.00444613
0.00407393
0.00425717
0.0043973
0.00415426
0.00435622
0.00440416
0.00443742
0.00405702
0.00416006
0.00417508
0.00402933
0.00441854
0.0044478
0.00408798
0.00401996
0.00445289
0.00408404
0.00441527
0.00394675
0.00407893
0.00455359
0.00432307
0.00415886
0.0039082
0.00405947
0.00417852
0.00416407
0.00384183
0.0043058
0.00446232
0.00403919
0.0040802
0.00438622
0.00421688
0.00426689
0.00415828
0.00403874
0.00420349
0.00429668
0.0042395
0.00408787
0.00453095
0.00423504
0.00428964
0.00406994
0.00400945
0.00422412
0.00423282
0.00413081
0.00402054
0.0039866
0.00429714
0.00431917
0.00398097
0.00437991
0.00427102
0.0037978
0.00432911
0.00425267
0.00407549
0.00407454
0.00409992
0.00415452
0.00404632
0.0043553
0.00365706
0.00115396
