0.8
0.00802511
0.00788385
0.00746566
0.00734017
0.00757844
0.00737732
0.00706285
0.0077741
0.00792184
0.0077803
0.00773955
0.00719643
0.00765188
0.00711247
0.00754505
0.00785514
0.00740543
0.00728112
0.00760565
0.00746211
0.00770213
0.00784206
0.00747346
0.0079649
0.00749954
0.00774373
0.00703412
0.00712028
0.00719448
0.00795292
0.00770904
0.00691686
0.00794699
0.0069331
0.00743032
0.00766555
0.00704138
0.00798878
0.00740455
0.00741427
0.00754835
0.00706718
0.00702682
0.00692815
0.00717094
0.00691865
0.00731238
0.00750932
0.00754962
0.00769825
0.00710838
0.00706519
0.00752883
0.00704053
0.00704201
0.00670979
0.0075034
0.00693936
0.00702318
0.00717236
0.00736128
0.00722657
0.00753393
0.006876
0.00761305
0.00691133
0.00704024
0.00737554
0.00655145
0.00696084
0.00708985
0.00697135
0.00736889
0.00735118
0.00752221
0.00719889
0.00691827
0.0072285
0.00743271
0.00744268
0.00630617
0.0065631
0.00726345
0.00745059
0.00760638
0.00772414
0.0069465
0.0074282
0.00669657
0.00656164
0.00729293
0.00693897
0.00729804
0.00737114
0.00745384
0.00678385
0.00678794
0.0069637
0.007135
0.00711407
0.00659619
0.00593787
0.00694618
0.00670361
0.00747282
0.00708827
0.00619226
0.00744536
0.00665273
0.00741918
0.00642085
0.00724931
0.00697596
0.00687988
0.00752421
0.00690203
0.00669898
0.007269
0.00686866
0.00719133
0.00717205
0.00667624
0.0073687
0.00693996
0.00659416
0.00686026
0.00644215
0.00661246
0.0065096
0.00711184
0.00705715
0.00697812
0.00634995
0.0065606
0.00644912
0.0069561
0.00713766
0.00696646
0.00636031
0.00189581
