0.8
0.00296673
0.003058
0.00296193
0.00297607
0.00307662
0.00299418
0.00296051
0.00307187
0.00299321
0.00303632
0.00302754
0.00321033
0.00306259
0.0029899
0.0030678
0.00308852
0.00304133
0.0030605
0.00303937
0.00303398
0.00309359
0.00291596
0.00296798
0.00302182
0.00303351
0.00301421
0.00304686
0.0029532
0.00298949
0.00304033
0.00302962
0.00296278
0.00301988
0.00294036
0.00292851
0.00293286
0.0030072
0.0030421
0.00298677
0.00302842
0.00303033
0.0031178
0.00290972
0.0029868
0.0030249
0.00303272
0.00294538
0.003075
0.00295355
0.0030072
0.00305786
0.0030237
0.0029987
0.0029724
0.00311304
0.00301153
0.00292322
0.00302014
0.0030069
0.00304347
0.00294989
0.00290217
0.0029464
0.00307773
0.00293437
0.00292739
0.003053
0.0029275
0.00294062
0.0030138
0.0029563
0.00295535
0.00285426
0.00304402
0.00297125
0.00298775
0.00296131
0.00290534
0.00305102
0.00305189
0.00296848
0.00298139
0.0029648
0.00294217
0.00302869
0.00298379
0.00291171
0.00288375
0.00283924
0.00292844
0.00280907
0.00287496
0.00296884
0.00297965
0.00295782
0.00278342
0.00304186
0.00296442
0.00293267
0.0028869
0.00292751
0.00309781
0.00279532
0.00290949
0.0029566
0.00292363
0.00288092
0.00283939
0.00300369
0.00301512
0.00288195
0.00294524
0.00285868
0.00287641
0.00286934
0.0029601
0.00280619
0.00289154
0.00289784
0.00282512
0.00298876
0.00302221
0.00296723
0.00286769
0.00293829
0.00294555
0.00289183
0.0028627
0.00291335
0.00289778
0.00285337
0.00290582
0.00288697
0.00299426
0.00295013
0.00287215
0.00290213
0.00295105
0.00287516
0.00284907
0.00292953
0.00296227
0.00279692
0.00288231
0.00288124
0.00274971
0.00280499
0.00292631
0.00283337
0.00278699
0.00294014
0.00292743
0.00284447
0.00278451
0.00283331
0.00295436
0.00282846
0.00287007
0.00300405
0.00272605
0.00286241
0.00280882
0.00292054
0.00278698
0.00287699
0.00286486
0.00290005
0.00294799
0.00278872
0.00279872
0.00289448
0.00280946
0.00288537
0.00290323
0.00278282
0.00277274
0.00292701
0.00271243
0.00297027
0.00287056
0.00291839
0.00288629
0.00285604
0.00276148
0.00276306
0.0029181
0.00298616
0.0028788
0.00287161
0.00276766
0.00283812
0.00277324
0.00288124
0.00269499
0.00269479
0.0026954
0.00285183
0.00282756
0.0027571
0.00277601
0.00284991
0.0028502
0.00284534
0.00299922
0.00283123
0.00283758
0.00279271
0.00292329
0.00274555
0.0027063
0.00279087
0.0028671
0.00285582
0.00270845
0.0027411
0.00288406
0.00285733
0.00292427
0.0029003
0.00270788
0.00285227
0.00289773
0.00275838
0.00277608
0.00279869
0.00272587
0.00274825
0.0028372
0.00278001
0.00290589
0.00278338
0.00282181
0.00275126
0.00304524
0.00292325
0.00276857
0.00293798
0.0028249
0.00262732
0.00276618
0.00284947
0.00275032
0.00269164
0.00281329
0.00284215
0.00273971
0.00282855
0.00275866
0.0028823
0.00278752
0.00278089
0.00273966
0.00281286
0.00275513
0.00280177
0.00268651
0.00286331
0.00288723
0.00272995
0.00276073
0.00291917
0.00272333
0.00280216
0.00279105
0.00259953
0.00271031
0.0027938
0.00266617
0.00283451
0.00286683
0.00277198
0.00274507
0.00271474
0.00274053
0.00269667
0.0027656
0.00286161
0.00265265
0.00277791
0.0027238
0.00275899
0.00279629
0.0028797
0.00293994
0.00274737
0.0026946
0.00274493
0.00266081
0.00278899
0.00276668
0.00274144
0.00274671
0.00287171
0.00273555
0.00276987
0.00273391
0.0027896
0.00279209
0.00270948
0.00270308
0.0026922
0.00272626
0.00271874
0.00264506
0.00275252
0.00267739
0.00280308
0.00284023
0.00271344
0.00265027
0.0027568
0.00257634
0.00271933
0.0026436
0.00267967
0.00273343
0.00279806
0.00253838
0.00282644
0.00270202
0.00261746
0.00280564
0.00270735
0.00276192
0.00274151
0.00273205
0.00279158
0.00263978
0.00278112
0.00256368
0.00264996
0.00293994
0.00279847
0.00265541
0.00270419
0.00270059
0.00299541
0.00279787
0.00277307
0.0028205
0.00271583
0.00263488
0.00274658
0.00272165
0.00276625
0.00280575
0.00264097
0.00278725
0.00279615
0.000757623
