0.8
0.00372211
0.00388904
0.00389427
0.00385426
0.00383201
0.00377188
0.00389255
0.00379969
0.00382197
0.00383347
0.00385939
0.00390948
0.0037312
0.0038253
0.00391344
0.00388762
0.0037584
0.00372483
0.00384597
0.00376149
0.00380548
0.00373941
0.00378696
0.00381824
0.00382848
0.00375295
0.00394139
0.00377632
0.00382997
0.00369585
0.00380507
0.00376587
0.00372919
0.00369816
0.00374696
0.00377889
0.00380323
0.00372227
0.003747
0.00381917
0.00379388
0.00366961
0.00366451
0.0035036
0.00386159
0.00386771
0.00373747
0.00382839
0.00361502
0.0037629
0.00378032
0.00361648
0.00368632
0.0038676
0.00371948
0.00357944
0.0036927
0.00367132
0.00370297
0.00372813
0.00376858
0.00376262
0.00378302
0.00408309
0.00365676
0.00394529
0.00361876
0.00380559
0.00360353
0.00370245
0.00360922
0.00371714
0.0035762
0.00369284
0.0037582
0.0036976
0.00367833
0.00382928
0.0036039
0.00372536
0.00371178
0.00384611
0.00347197
0.00365422
0.003796
0.00366965
0.0036915
0.00351384
0.00364436
0.00363463
0.00363796
0.00364141
0.00357217
0.00359166
0.00356947
0.00375057
0.00362758
0.00388779
0.00365875
0.00369051
0.00356154
0.0034685
0.00375556
0.00362409
0.00363002
0.00347916
0.00356671
0.00345953
0.00351809
0.00363733
0.00362399
0.00344912
0.00357267
0.00364701
0.00360369
0.00362574
0.0036047
0.00364447
0.00366091
0.00367723
0.00363006
0.00363475
0.0033579
0.00358609
0.0036212
0.00363599
0.00346897
0.00364762
0.00334028
0.00370718
0.00349226
0.00353933
0.0034246
0.00352204
0.00351915
0.00363863
0.00346781
0.00367008
0.00357817
0.00361137
0.00360945
0.00350094
0.00346835
0.00351132
0.00357874
0.00366111
0.00334982
0.00373672
0.00349746
0.00333167
0.00366286
0.00359178
0.00367626
0.0036129
0.00353505
0.00368974
0.0035158
0.00357685
0.00356811
0.00336405
0.00344854
0.00345401
0.00339342
0.00354192
0.00358496
0.00353605
0.00350808
0.0035842
0.00345911
0.00321788
0.00336819
0.00340568
0.00346352
0.00338035
0.00327359
0.00333633
0.003476
0.00329904
0.003513
0.00368671
0.00333362
0.00342569
0.00357262
0.00368805
0.00333237
0.00348579
0.00355621
0.00349909
0.00348142
0.00365009
0.00352233
0.00355258
0.00373761
0.00360862
0.003305
0.00365317
0.00339501
0.00357198
0.003452
0.00336185
0.00343403
0.0036381
0.00346245
0.00351577
0.00340818
0.00370076
0.00346135
0.00362835
0.00338167
0.00353023
0.00376529
0.00344373
0.00343664
0.00347513
0.00338398
0.0033713
0.00341644
0.00340337
0.00347736
0.00342378
0.00330967
0.00341113
0.0033559
0.00332683
0.0034951
0.0033777
0.0034208
0.00320345
0.00363203
0.00347313
0.00346421
0.00352983
0.00351252
0.00339868
0.00332187
0.0032642
0.00334495
0.00342437
0.00334875
0.00383029
0.00354965
0.00352665
0.00325723
0.00355307
0.00333006
0.00343004
0.00338526
0.00351475
0.00323348
0.00351452
0.00351029
0.00358698
0.00340846
0.00351779
0.00347116
0.00341967
0.00319289
0.00332025
0.00355983
0.00318322
0.00322089
0.00339462
0.00341962
0.00349101
0.00374493
0.00354235
0.00346159
0.00342558
0.00336623
0.0035706
0.00324485
0.00331021
0.00344088
0.00344662
0.00330301
0.00324545
0.00334123
0.00349979
0.00350606
0.000949357
