0.8
0.006163
0.00661418
0.0072261
0.00703586
0.00666592
0.00630354
0.00641571
0.00712573
0.00642657
0.00651045
0.00689007
0.00671165
0.00636086
0.00679766
0.00685471
0.00677101
0.00664143
0.00659244
0.00643296
0.00670539
0.00630396
0.00682729
0.00673096
0.00693562
0.00629562
0.0066011
0.00661326
0.00650689
0.00669497
0.00645859
0.00651986
0.00623126
0.00647664
0.00665963
0.00604045
0.00663824
0.00638097
0.00665154
0.00633003
0.00626648
0.00631707
0.0064237
0.00642585
0.00684639
0.00680897
0.00647549
0.00617541
0.00656564
0.00640821
0.00648194
0.00672837
0.00627003
0.00635753
0.00632432
0.00627401
0.00620054
0.00641469
0.00652516
0.00658991
0.00667247
0.00627258
0.00634157
0.00672739
0.00630712
0.00631496
0.00676985
0.00614994
0.00634593
0.00585087
0.00573958
0.00605824
0.00667597
0.00599424
0.00628687
0.0062716
0.00613842
0.00610184
0.00568346
0.00575299
0.00643282
0.00605465
0.00638195
0.00620284
0.00679906
0.00626698
0.00631832
0.00624036
0.00597975
0.00654378
0.0064987
0.00593732
0.00602811
0.0061495
0.00636006
0.00572899
0.00628571
0.00600987
0.00616811
0.0062268
0.00609748
0.00576247
0.00618379
0.00594466
0.00603383
0.00591731
0.00634287
0.00605164
0.00606344
0.00585767
0.00651868
0.00633468
0.00612779
0.00601526
0.00654727
0.00658756
0.00625342
0.00572122
0.00587677
0.00648039
0.00612774
0.00612241
0.0066145
0.00649088
0.00661847
0.00621348
0.00609451
0.00576423
0.00634361
0.00621518
0.00627057
0.00641247
0.00608433
0.00542311
0.00573589
0.00581936
0.00550515
0.00607673
0.00651132
0.00555771
0.0053216
0.00609344
0.00531651
0.00631553
0.00570314
0.00636363
0.00609655
0.00582476
0.00650753
0.00620735
0.00580176
0.00587611
0.00590345
0.00585281
0.00550115
0.00605288
0.00606467
0.00567347
0.00636461
0.00568065
0.0016671
