0.8
0.0152944
0.0166597
0.0156527
0.0147675
0.014297
0.0147951
0.0137224
0.0162188
0.0145757
0.0138618
0.0140549
0.0157147
0.0139068
0.0149656
0.0151546
0.0143124
0.016234
0.0157604
0.0143316
0.0157094
0.0153496
0.014424
0.0150583
0.0165705
0.0155883
0.0157631
0.0139683
0.0149189
0.0138316
0.0138814
0.0132387
0.0142595
0.0144238
0.0157397
0.0147897
0.0155127
0.0117637
0.0132829
0.0130818
0.0130687
0.0123024
0.0143846
0.0135756
0.0148504
0.0141523
0.0143778
0.0133329
0.0154079
0.0140586
0.0149501
0.0149257
0.0149271
0.0140766
0.0134743
0.0163547
0.012914
0.0129939
0.0154033
0.0141114
0.0146148
0.0136898
0.0138525
0.0146806
0.0136581
0.0128425
0.0122827
0.0135046
0.0136542
0.0143402
0.00380175
