0.8
0.00218926
0.00228861
0.00221846
0.00218347
0.00217053
0.00225622
0.00219029
0.00223293
0.0022038
0.00220046
0.00222373
0.00224134
0.00223642
0.00214051
0.00220199
0.00219616
0.00224811
0.00219104
0.00218555
0.00234516
0.00221987
0.00216878
0.00220271
0.00224626
0.00218325
0.00218548
0.00225061
0.00219284
0.00223361
0.00227365
0.00223846
0.00224949
0.00215661
0.00223934
0.00217198
0.00218383
0.00221551
0.00220801
0.00226342
0.00216133
0.00220381
0.00223711
0.00216821
0.00217145
0.00220599
0.00220294
0.00227189
0.00216562
0.00219043
0.00218431
0.00221947
0.00221519
0.00230139
0.00220881
0.00221405
0.00218465
0.00221537
0.00223695
0.00223135
0.00215987
0.00220612
0.00218595
0.00215995
0.00223591
0.00218995
0.00226859
0.00213967
0.00223846
0.00216742
0.00215251
0.00218685
0.0021581
0.00220424
0.00217272
0.0022586
0.00218354
0.00219567
0.00219447
0.00215552
0.0021087
0.00209922
0.00224057
0.002168
0.00209925
0.00213021
0.00216356
0.00219602
0.00220858
0.00212991
0.00214931
0.00209975
0.00213616
0.0021261
0.00227186
0.00217162
0.00223851
0.00221082
0.00219217
0.00219863
0.00214895
0.00213978
0.00214402
0.00215206
0.00213084
0.00223716
0.00219188
0.0021536
0.0021746
0.00211631
0.00220654
0.00214223
0.00216663
0.00213467
0.00215478
0.00214722
0.00217931
0.00218058
0.00221475
0.00219985
0.0021609
0.00214132
0.00222255
0.00216328
0.00221802
0.00216025
0.00213386
0.00223436
0.00210466
0.00212869
0.00218052
0.00214587
0.0021977
0.00206412
0.00209401
0.00213524
0.00218832
0.00215002
0.00212217
0.00222439
0.00206212
0.00210607
0.00212529
0.0021515
0.00214722
0.00224756
0.00221128
0.00217527
0.00216872
0.00207949
0.00209187
0.0021029
0.00215116
0.00206993
0.00212212
0.00213785
0.00220002
0.00218404
0.00213356
0.00220711
0.0020534
0.00210611
0.00211155
0.00215003
0.00215971
0.0020917
0.00215846
0.00215961
0.0022208
0.00213566
0.00215915
0.00214645
0.00208805
0.0021978
0.00200397
0.00197493
0.00203793
0.00211893
0.00211109
0.00208686
0.0021051
0.00210948
0.00214744
0.00217568
0.00207589
0.00224011
0.00209183
0.00215207
0.00221121
0.00209026
0.00211351
0.00206145
0.00209891
0.00214089
0.00213779
0.00207938
0.00214195
0.00201279
0.00216031
0.00214768
0.00213912
0.00212277
0.00211438
0.00210016
0.00209136
0.00215212
0.00216939
0.00213628
0.00213743
0.00205843
0.00213161
0.00210416
0.00202407
0.0020864
0.00207872
0.00203469
0.00201126
0.00204268
0.00211307
0.00208379
0.00215081
0.00212576
0.00212232
0.00204717
0.00209068
0.00212945
0.00205053
0.0020646
0.00214004
0.00206891
0.00208446
0.00213126
0.00202693
0.00201146
0.00215387
0.0021125
0.0021121
0.00216227
0.00204809
0.00211596
0.00220509
0.00203375
0.00212019
0.00211298
0.00206463
0.00218286
0.00209488
0.00214368
0.00208359
0.00207091
0.00211654
0.00206136
0.002137
0.00214135
0.00206689
0.00209967
0.00209422
0.00200452
0.00214059
0.00210013
0.00199442
0.00200568
0.00207749
0.00202691
0.00205392
0.00202578
0.00203372
0.00198289
0.00205489
0.00202698
0.0020465
0.00201328
0.00209691
0.00208098
0.00198983
0.00214081
0.00208308
0.00205717
0.00204141
0.00209619
0.00207018
0.00206644
0.00210677
0.00211618
0.00203966
0.00205096
0.00218657
0.00204495
0.00202687
0.00208069
0.00202657
0.0020775
0.00202845
0.00207611
0.00205178
0.00210147
0.00207367
0.00209497
0.00208392
0.00198563
0.00197828
0.00207875
0.00186439
0.00210282
0.00208797
0.00201916
0.00205291
0.00205621
0.00197827
0.00205239
0.00209726
0.00191564
0.00192238
0.00204361
0.00196068
0.00207482
0.00206381
0.00211185
0.00196702
0.00204061
0.00199092
0.00201534
0.00195489
0.00203337
0.00200759
0.00202784
0.00202368
0.00198921
0.00210575
0.00192419
0.00215306
0.00203416
0.00206615
0.00193159
0.00198058
0.00210924
0.00210185
0.00196506
0.001998
0.00201219
0.0019202
0.00210636
0.0020003
0.00195314
0.00189307
0.00204867
0.00202289
0.00207988
0.00206721
0.00203196
0.00201473
0.00197013
0.00203778
0.0019542
0.00200728
0.00200689
0.00209577
0.00201975
0.00189386
0.00205055
0.00196312
0.00209156
0.00207732
0.0019816
0.00201225
0.00190505
0.00201755
0.00185453
0.00198206
0.00184772
0.00200898
0.00197161
0.0020783
0.00204895
0.00195555
0.00207788
0.00191887
0.0020208
0.0019564
0.00201011
0.00201875
0.00203315
0.00211297
0.00206024
0.00201923
0.00202532
0.00195146
0.00198458
0.00203515
0.00206194
0.00212882
0.00201627
0.00193598
0.00193321
0.00200575
0.00196969
0.00211176
0.00204159
0.00201205
0.00197394
0.0020087
0.00196686
0.00199256
0.00201531
0.00200271
0.00195546
0.00208903
0.00196941
0.00198067
0.00193845
0.00214588
0.001954
0.00205219
0.00197808
0.00207756
0.00196198
0.00190831
0.001991
0.00195373
0.00190569
0.00196427
0.00201514
0.00193136
0.0019928
0.0019946
0.00202345
0.00194237
0.00200369
0.0019805
0.00198672
0.00199979
0.00196676
0.00194382
0.00188615
0.0019119
0.00201185
0.00203089
0.00197993
0.00192758
0.00195148
0.00185462
0.00198143
0.00203424
0.0020962
0.00194701
0.00197031
0.00196217
0.00195232
0.00195829
0.00199016
0.00198418
0.00198209
0.00183809
0.00195518
0.00209739
0.00200244
0.00196052
0.00200859
0.00194096
0.00198576
0.00201467
0.00194143
0.00195464
0.00195878
0.0020188
0.00196538
0.00194327
0.00194098
0.00195509
0.00193325
0.00193816
0.001938
0.00191548
0.001899
0.00193414
0.00192135
0.00198841
0.00211112
0.00190522
0.00202223
0.000553718
