0.8
0.0188157
0.0185777
0.0179613
0.0198282
0.0191501
0.0168443
0.0179468
0.0190729
0.0165818
0.0181064
0.0167767
0.0179918
0.0166989
0.0170367
0.0172098
0.0164888
0.017122
0.0188416
0.0170785
0.0168621
0.0165144
0.0163174
0.0183657
0.0157242
0.017184
0.0177927
0.0166398
0.0179792
0.0186736
0.0161198
0.0176358
0.0174264
0.0168556
0.0175234
0.0187813
0.014051
0.0163383
0.016457
0.0170337
0.0159794
0.0162732
0.0156595
0.0155597
0.0170939
0.0129318
0.0161626
0.0163563
0.0163022
0.0162278
0.0167872
0.0167674
0.018558
0.0139437
0.0136281
0.0161773
0.0155543
0.0147709
0.0148905
0.0175162
0.00445504
