0.8
0.00627708
0.00653639
0.0061977
0.0062782
0.006261
0.00625798
0.00634139
0.00610359
0.006174
0.00612906
0.00622584
0.0061141
0.00635435
0.00599427
0.00619278
0.00642674
0.00616223
0.00631567
0.00638213
0.00598935
0.00643399
0.00611579
0.00660918
0.00603631
0.00621727
0.00592498
0.00593863
0.00623331
0.0062823
0.00617536
0.00606383
0.00589246
0.00619374
0.0057763
0.00635087
0.00624117
0.00631753
0.00681822
0.00611579
0.00579574
0.00583731
0.00617261
0.00623745
0.00599542
0.00563312
0.00628602
0.00661884
0.00586007
0.00625677
0.00605939
0.00591661
0.00624115
0.00623666
0.00598763
0.00624862
0.0061747
0.00616072
0.00627518
0.00577336
0.00624298
0.00603554
0.00594023
0.00626678
0.00610383
0.00593704
0.00561301
0.00594605
0.00632286
0.0059055
0.00611416
0.0063296
0.00578393
0.00573826
0.00598206
0.00585034
0.00615839
0.00593163
0.00598249
0.00562509
0.00544462
0.00601799
0.00605336
0.00535015
0.00598123
0.00603477
0.00591731
0.0057766
0.00619753
0.00613057
0.00595877
0.00575843
0.00539985
0.00602607
0.00620289
0.00568155
0.00608142
0.00582074
0.0057676
0.00553109
0.0059232
0.00574401
0.00584145
0.00574883
0.00592855
0.00535239
0.00580967
0.00578024
0.00570078
0.00582454
0.00594956
0.00552207
0.00587348
0.00590675
0.00569069
0.00566118
0.00584432
0.00524394
0.0058268
0.00583142
0.00586609
0.00576785
0.00576021
0.00577948
0.00593582
0.00636259
0.0054711
0.00551213
0.00589894
0.00540848
0.00545194
0.00538001
0.00572696
0.00582965
0.00530385
0.00564766
0.00519688
0.00526255
0.0051452
0.00552526
0.00639562
0.00528919
0.00579989
0.00577821
0.00629945
0.00577135
0.00588218
0.00552791
0.00599631
0.00587655
0.00555871
0.00594694
0.00578334
0.00543018
0.00528702
0.00526633
0.00554852
0.00524034
0.00592662
0.00552773
0.00527009
0.00593291
0.00557581
0.00518082
0.00518296
0.00556073
0.00576568
0.0059425
0.00536118
0.00613243
0.00156541
