0.8
0.00446573
0.00452398
0.00442077
0.00459196
0.00438095
0.0044093
0.00460549
0.0043157
0.00432626
0.0045164
0.00444332
0.0045071
0.00448204
0.00451145
0.00441494
0.00435963
0.00452903
0.00447819
0.00437779
0.00420057
0.00428756
0.00446153
0.00432478
0.00453046
0.00462582
0.00437874
0.00445962
0.0043763
0.0040725
0.00436286
0.00443557
0.00438132
0.00437262
0.00434437
0.00426477
0.00413688
0.00462166
0.0044971
0.00427394
0.00422302
0.00430023
0.00425415
0.00434301
0.00425848
0.00440512
0.00427398
0.00423527
0.00445334
0.0044004
0.00426564
0.00433912
0.00440574
0.0044224
0.00439043
0.00426498
0.00431411
0.00431836
0.00430122
0.00439809
0.00424222
0.00439089
0.00440956
0.00437698
0.0043377
0.00431645
0.00420492
0.00440373
0.00399152
0.00426343
0.00432377
0.00446618
0.00423147
0.00443536
0.00425066
0.00442884
0.00440227
0.00415619
0.00415576
0.00416679
0.00394244
0.00438631
0.00418153
0.00405102
0.00401668
0.00416864
0.00439161
0.00424568
0.00424794
0.00409843
0.00424632
0.00425658
0.00421995
0.00435847
0.00400025
0.00420496
0.0044385
0.00447432
0.00424565
0.00409686
0.00438903
0.00437752
0.00424974
0.00416023
0.0039701
0.0042468
0.00419156
0.00446839
0.00420788
0.00419722
0.00418149
0.00401113
0.00425689
0.00442681
0.00425273
0.0040447
0.00415781
0.00435412
0.0042997
0.00411077
0.00392131
0.00421065
0.0043421
0.00414576
0.00426616
0.00406444
0.00402839
0.0041948
0.00387356
0.00403824
0.00440396
0.00411567
0.0041862
0.00392886
0.00420814
0.00445992
0.00429344
0.00397685
0.00398561
0.00401256
0.00413399
0.00406292
0.00428508
0.00420053
0.00400467
0.00418213
0.004094
0.00400081
0.00437315
0.00438761
0.003906
0.003864
0.00401112
0.0041252
0.004121
0.00412402
0.00410101
0.00396257
0.00390162
0.00403911
0.00405139
0.0042696
0.00420323
0.00403283
0.00381673
0.00414925
0.00412237
0.00408425
0.00375167
0.0039666
0.00417231
0.00415484
0.00381056
0.0040956
0.00392179
0.00393447
0.00397049
0.00395284
0.00401238
0.00383788
0.00398598
0.00409883
0.0039824
0.00404468
0.00405325
0.00406302
0.00411167
0.00396595
0.00409149
0.00393777
0.00389422
0.0039641
0.00403176
0.0038613
0.00400802
0.00405731
0.00393873
0.00403955
0.0040175
0.00382564
0.00428586
0.00407444
0.00404848
0.00388769
0.00420093
0.00397461
0.00412075
0.00412604
0.00417457
0.00416627
0.00401565
0.00409832
0.00422698
0.00379733
0.0040699
0.0037655
0.00400274
0.003997
0.00395977
0.00399859
0.0041825
0.00410138
0.00396369
0.00378962
0.00395833
0.00403669
0.00417735
0.00379838
0.00390338
0.0039427
0.00416879
0.00419769
0.00379023
0.00385688
0.00381903
0.00382809
0.00394412
0.00427236
0.00395353
0.00397979
0.00110513
