0.8
0.00226834
0.00227333
0.00218049
0.00226374
0.00230026
0.00228906
0.00229137
0.00225512
0.00226479
0.00228196
0.00233672
0.00223725
0.00221972
0.00224202
0.00230776
0.00224923
0.00224735
0.00223024
0.00231681
0.0023156
0.00226013
0.00229308
0.00230175
0.00220905
0.00223723
0.00228554
0.00227108
0.00223533
0.00221397
0.00225865
0.00229627
0.00227138
0.00222096
0.00224721
0.00222205
0.0022394
0.00220513
0.00231285
0.00219598
0.00220821
0.00228658
0.00220361
0.00226533
0.00225151
0.00219173
0.00218332
0.00225504
0.00224006
0.00232308
0.00214854
0.00222719
0.00230227
0.00223439
0.00224464
0.00230683
0.00222118
0.00226355
0.00218603
0.0022728
0.00234094
0.00221653
0.00225137
0.00227276
0.00220205
0.00219273
0.00224056
0.00213621
0.00229543
0.00216517
0.00215745
0.0022317
0.00221554
0.00235934
0.00224454
0.00231265
0.0022393
0.00219674
0.00217868
0.0021937
0.00227162
0.00219184
0.00222725
0.00218711
0.00220071
0.00227886
0.00222785
0.00228886
0.00218845
0.00220275
0.00215153
0.00213727
0.00218166
0.00225198
0.00224296
0.00228987
0.00228035
0.00218585
0.00227382
0.00207723
0.00221405
0.00214462
0.00225628
0.0022209
0.00212729
0.00218305
0.00225489
0.0022112
0.00216493
0.00215894
0.00231822
0.00215146
0.00216785
0.00219743
0.00215305
0.00219034
0.00217093
0.00212736
0.00226535
0.00223
0.002233
0.00224934
0.00220448
0.00210351
0.00223991
0.0020867
0.00216207
0.00220497
0.00221235
0.00212146
0.00216473
0.00220233
0.00225769
0.00219318
0.00222018
0.00213942
0.00219982
0.00207894
0.00222297
0.00223177
0.00222372
0.00228711
0.00219839
0.0022171
0.00222032
0.00208094
0.00215256
0.00216048
0.00219936
0.00214011
0.0021446
0.00210772
0.00220585
0.00220671
0.00214233
0.00223601
0.00218672
0.0021614
0.00208399
0.00220653
0.00220939
0.00220187
0.00219165
0.0021038
0.00222468
0.00213018
0.00210024
0.00212378
0.00211517
0.00213787
0.00222473
0.00213585
0.00220187
0.00222696
0.00224132
0.00221851
0.00218287
0.00225354
0.0021571
0.00215246
0.00217663
0.00216517
0.00208666
0.00216094
0.00208019
0.00213209
0.00217928
0.0021566
0.00219371
0.00215674
0.00205193
0.00208529
0.00219202
0.0022281
0.00212322
0.00215156
0.0021666
0.00210153
0.00217406
0.00218324
0.00221714
0.0021046
0.00215395
0.0021209
0.00217319
0.00213237
0.00215009
0.0020455
0.00207446
0.00209251
0.00214802
0.00215787
0.00213556
0.00211596
0.00208764
0.00222187
0.00219157
0.00224601
0.00211883
0.00212482
0.0022407
0.00218051
0.00213836
0.00209764
0.00214351
0.00219808
0.00211826
0.00210799
0.0021109
0.00207156
0.0021729
0.00209327
0.00207072
0.00211835
0.00214265
0.00216924
0.00211776
0.00214819
0.00209932
0.00216157
0.0021165
0.00216851
0.00199049
0.0021383
0.00214112
0.00210442
0.00214319
0.00225784
0.002182
0.00209618
0.0021802
0.00204808
0.00216653
0.00206784
0.00220678
0.00206378
0.00209193
0.00215549
0.00210209
0.00204592
0.00203393
0.00212937
0.00213237
0.00205061
0.00201522
0.00211573
0.00213499
0.00218977
0.00214147
0.00208863
0.00213068
0.00210502
0.00211347
0.00203423
0.00212863
0.00212704
0.00206271
0.00207995
0.00210119
0.00201407
0.00209
0.00209731
0.00218856
0.00213858
0.00203652
0.00202478
0.00196691
0.00208512
0.00205447
0.00210064
0.00208774
0.00221992
0.0021056
0.00206056
0.00219679
0.00202531
0.00204287
0.0019606
0.00209096
0.00210619
0.0022179
0.00202101
0.00210064
0.00206413
0.00215589
0.00212757
0.00213781
0.00210451
0.00212567
0.00209442
0.00213846
0.00211289
0.00218106
0.0020965
0.00200731
0.00210706
0.00209388
0.00205225
0.00203576
0.00207253
0.00204415
0.0021443
0.0020759
0.00206355
0.00212639
0.0021348
0.00208516
0.00208934
0.00205231
0.00205512
0.00210027
0.00207845
0.00213827
0.00206815
0.00210222
0.00197273
0.00204181
0.00203981
0.00208924
0.00207053
0.00217286
0.00207933
0.00200928
0.00214387
0.00211627
0.00205199
0.00211788
0.00215794
0.00218887
0.00200485
0.00197085
0.00202371
0.00196022
0.00207762
0.00202747
0.00203524
0.00200704
0.0019919
0.00206611
0.00214968
0.00204455
0.002141
0.00205301
0.00194157
0.00205612
0.00200581
0.00213338
0.00208277
0.00197292
0.00195269
0.0020466
0.00206415
0.00202534
0.00212482
0.00202347
0.00205397
0.00199753
0.00192324
0.00214208
0.00202265
0.00204149
0.00209582
0.00203539
0.00212707
0.00201137
0.0019725
0.00204531
0.00205266
0.00205644
0.00204723
0.00200305
0.00202193
0.00205679
0.00199102
0.0020586
0.00202443
0.00194922
0.00200704
0.00205313
0.00202165
0.00205082
0.00197038
0.00200078
0.00202925
0.00208654
0.00200421
0.00211143
0.0021325
0.00204981
0.00206232
0.00194795
0.00195312
0.00202039
0.00191895
0.00197945
0.00210378
0.00195882
0.0020756
0.0020194
0.0021215
0.00203025
0.00209694
0.00196567
0.00200971
0.00216122
0.00197125
0.00201623
0.00209389
0.00195417
0.00208966
0.0020508
0.00201229
0.00201037
0.00209314
0.00203746
0.00200308
0.00202802
0.00199959
0.00198437
0.00203825
0.00207999
0.00211938
0.00198343
0.00201504
0.00198894
0.00194837
0.00216819
0.00195993
0.00206842
0.00204337
0.00196077
0.0019918
0.00194265
0.00193849
0.00205807
0.00200686
0.00198844
0.00209763
0.00201107
0.00199728
0.00200617
0.002014
0.00196432
0.00202547
0.0019739
0.00213958
0.00209708
0.00187839
0.0019848
0.00207487
0.000563771
