0.8
0.00278552
0.00283626
0.0028884
0.00280466
0.00282303
0.00281829
0.00277554
0.00281391
0.00282926
0.00277644
0.00278446
0.0027688
0.00279945
0.00283703
0.00280288
0.00278282
0.00279056
0.00278291
0.00281403
0.00276344
0.00275021
0.0027441
0.00277347
0.00280572
0.00272198
0.00278901
0.00286698
0.00288092
0.00283465
0.00279517
0.00288898
0.00277875
0.00286386
0.00277239
0.0027623
0.0027474
0.00285079
0.0028116
0.00270068
0.00282594
0.00274
0.00284976
0.00282105
0.00277008
0.0027657
0.00280815
0.00281816
0.00281938
0.00277101
0.00285948
0.00274115
0.00272052
0.00276111
0.00278836
0.00276302
0.00279231
0.00264649
0.00282871
0.00268863
0.00272558
0.002711
0.00280165
0.00266984
0.00279026
0.00280782
0.0027808
0.00270526
0.00280678
0.00279624
0.00263147
0.00279498
0.00271318
0.00274818
0.0028639
0.00279359
0.00270433
0.00275876
0.0028547
0.00270342
0.00268869
0.00282992
0.00278318
0.00274105
0.00270928
0.00270499
0.00259147
0.00267486
0.00274428
0.00262366
0.00273643
0.00275483
0.00271355
0.00279961
0.00267855
0.00263343
0.0027181
0.00262768
0.00284354
0.00270097
0.00261855
0.0027633
0.0026627
0.00260906
0.00268315
0.00267252
0.00276929
0.00281086
0.00276372
0.00269816
0.00266014
0.00266035
0.0026017
0.00272376
0.00264709
0.00261122
0.0024996
0.00262279
0.00282588
0.0027762
0.00273316
0.00275742
0.00268566
0.00272725
0.00270614
0.00263277
0.00264766
0.00271451
0.00269202
0.00266499
0.0026766
0.00265668
0.00268267
0.00268242
0.00261198
0.00256724
0.00268885
0.0027225
0.00267698
0.00277745
0.00276095
0.00265652
0.00258595
0.00273019
0.00273165
0.002617
0.00261789
0.00262471
0.00263049
0.0027022
0.00255791
0.00261882
0.00268182
0.00269227
0.00257012
0.00266775
0.00255915
0.00272813
0.00272241
0.00265158
0.00265253
0.00267206
0.00268273
0.00254265
0.00272681
0.00260359
0.00266196
0.00267416
0.00264694
0.00274426
0.00265706
0.00258986
0.00265296
0.00265633
0.0026207
0.00259813
0.00261115
0.00258138
0.00263225
0.00278485
0.00257113
0.00259688
0.0026821
0.00274449
0.00262205
0.00258536
0.00275525
0.00262934
0.00266275
0.00258766
0.00270826
0.00267266
0.0026634
0.00270983
0.00267127
0.00260399
0.00270636
0.00247555
0.00264714
0.00265409
0.00254623
0.00278103
0.0025597
0.00265961
0.00255726
0.00256249
0.00263682
0.00260781
0.00262943
0.00262787
0.00260148
0.00260399
0.00260654
0.00255272
0.00263158
0.00259053
0.00254083
0.00265896
0.00266214
0.00255987
0.00257979
0.00256345
0.0025803
0.00261958
0.00249615
0.00271257
0.00261464
0.00263415
0.0025404
0.00247839
0.00262312
0.00244218
0.00250023
0.00266892
0.00260209
0.00254652
0.00258932
0.00256763
0.00260456
0.00263185
0.00273613
0.00258727
0.00264256
0.00256108
0.00246248
0.0025583
0.00250841
0.00262889
0.00256056
0.00255273
0.00256573
0.0025268
0.00268093
0.0026917
0.00256795
0.00265587
0.00249776
0.00264896
0.00255021
0.00263908
0.00249835
0.00262458
0.00247138
0.00250509
0.00260645
0.00258487
0.00243552
0.00255949
0.00269455
0.00248321
0.00253022
0.00251624
0.00256874
0.00261791
0.00263165
0.00249729
0.00260217
0.00265042
0.0025938
0.00245858
0.00268775
0.00254928
0.00257178
0.00259487
0.00241144
0.00245141
0.00251782
0.00255666
0.00256527
0.00247594
0.00266479
0.0024225
0.00250653
0.00259486
0.00254238
0.00255214
0.0025569
0.00258715
0.00258577
0.00250835
0.00248632
0.00259192
0.00264114
0.00263074
0.00253044
0.00251995
0.00241602
0.00256111
0.00254506
0.00237539
0.00248585
0.00239963
0.00257254
0.00258766
0.00264993
0.00254605
0.00236689
0.00259378
0.00252404
0.00253861
0.00259812
0.00247907
0.00262268
0.00247878
0.00255838
0.00253467
0.00243586
0.00248026
0.00247742
0.00241868
0.0023965
0.00253375
0.0025522
0.00251896
0.00246502
0.00250126
0.00244859
0.00234718
0.00249608
0.00258482
0.0025175
0.00255786
0.0025142
0.00241918
0.00260919
0.00259139
0.00242019
0.00243472
0.00257654
0.00242137
0.0026037
0.00256386
0.00261822
0.00254665
0.00250644
0.00248607
0.00251097
0.00260291
0.00264285
0.00242859
0.00250263
0.00243069
0.00254565
0.00248045
0.00249346
0.00244761
0.00245304
0.00256267
0.00241396
0.00245484
0.00242456
0.00256978
0.00265763
0.00253249
0.00228065
0.00255975
0.00240916
0.00260184
0.00259017
0.00250614
0.000699053
