0.8
0.00736395
0.00700556
0.00718518
0.00718094
0.00711036
0.00726809
0.00639123
0.00705002
0.00694694
0.00702446
0.00686434
0.00707624
0.00690308
0.00727833
0.00740757
0.00678251
0.00700184
0.00745183
0.00690271
0.00716766
0.00714328
0.00699733
0.00692477
0.00717345
0.00694334
0.00659839
0.0069037
0.00720337
0.00716813
0.00738068
0.00711772
0.00685615
0.00654499
0.00656882
0.00740694
0.00725273
0.00679144
0.00699021
0.00671794
0.00705059
0.00713165
0.00696301
0.00684793
0.0067665
0.00690221
0.00641993
0.00706588
0.00735408
0.00695993
0.00690546
0.00669468
0.00668059
0.00712455
0.00683961
0.00679123
0.00658826
0.00712742
0.0070326
0.00649944
0.00695156
0.00687667
0.00651943
0.00660177
0.00661801
0.00638609
0.00718585
0.00682259
0.00693609
0.00649658
0.00688861
0.006586
0.006533
0.00674865
0.00678807
0.00659239
0.00683793
0.00634224
0.00681816
0.00673612
0.00702328
0.00669291
0.00710859
0.00633841
0.0065953
0.00622258
0.00625865
0.00600616
0.00618276
0.0071489
0.00658001
0.00605881
0.00661248
0.00679518
0.00651402
0.00636586
0.00589668
0.00657988
0.00625787
0.00691342
0.00678942
0.00644306
0.00609343
0.00614069
0.00682746
0.00631905
0.00596756
0.00665027
0.00690933
0.00693277
0.00660191
0.00612975
0.00630866
0.00613259
0.0071297
0.00652437
0.00689808
0.00664001
0.00598717
0.00632496
0.00607968
0.00676411
0.00670023
0.00635732
0.00704424
0.00649453
0.00668075
0.00659217
0.00636316
0.00600092
0.00637255
0.00703699
0.00645671
0.00620595
0.00630915
0.00625565
0.00636953
0.00641965
0.00604129
0.00633356
0.00560982
0.00620162
0.00631693
0.00628425
0.00652959
0.00638167
0.006388
0.00659711
0.00645618
0.00662403
0.001773
