0.8
0.00506231
0.00529469
0.0052267
0.00499024
0.00502368
0.00507179
0.00515795
0.0052756
0.00527148
0.0050357
0.00496465
0.00509549
0.00501972
0.00533835
0.00486097
0.00490711
0.00490873
0.00502219
0.00510204
0.00512261
0.00486125
0.00503124
0.00487645
0.00516672
0.00471293
0.00482226
0.0050191
0.0052148
0.0049195
0.00502803
0.00488072
0.00474345
0.00496365
0.00479323
0.00499098
0.00489424
0.00519037
0.00486639
0.0050421
0.00490695
0.00480087
0.00516118
0.00483268
0.00496418
0.0052224
0.00517059
0.00500856
0.00511948
0.00502781
0.00510724
0.00507967
0.00471946
0.00521377
0.00512626
0.00463721
0.00473804
0.00489381
0.00505696
0.00475706
0.00479294
0.00460173
0.00490484
0.00495401
0.00502666
0.00510302
0.00481865
0.00488801
0.00511305
0.00493602
0.00506319
0.00502061
0.00494769
0.00488234
0.00503153
0.00480603
0.00503003
0.00509371
0.00510648
0.00498897
0.00479378
0.00480519
0.00469641
0.00475823
0.00451381
0.00487686
0.00473558
0.00469586
0.0049074
0.00480559
0.00470574
0.00489461
0.00493274
0.00488116
0.00471352
0.00489197
0.0048226
0.00478176
0.00450904
0.00485403
0.00494085
0.0048878
0.00455108
0.00475193
0.00451813
0.00441158
0.00481366
0.0048532
0.00427635
0.00471007
0.00500028
0.00476399
0.00478635
0.00505719
0.00430802
0.00435897
0.00467268
0.00483966
0.00515822
0.00470272
0.00491191
0.00460229
0.0048696
0.00498882
0.00485061
0.0046396
0.0046386
0.00461079
0.00476816
0.00437814
0.00454667
0.00453421
0.00481339
0.00502662
0.0048344
0.0043428
0.00440309
0.00481913
0.00467944
0.00475202
0.00451357
0.00461373
0.00490368
0.00466565
0.00450426
0.00464917
0.00467455
0.00463287
0.00445771
0.00454519
0.00466458
0.00435344
0.00468434
0.00460497
0.00452533
0.00454106
0.00466142
0.00472988
0.00460002
0.00426141
0.00465749
0.00447401
0.00499429
0.00461677
0.00475399
0.0047325
0.00471914
0.00444882
0.00472158
0.00460531
0.00454504
0.00452657
0.00465812
0.00462644
0.00425008
0.00444581
0.00470463
0.00509538
0.00474291
0.00464524
0.00474579
0.0044816
0.00450655
0.00480737
0.00450576
0.00472493
0.00450754
0.00468224
0.00441587
0.00419787
0.0044271
0.00446064
0.00459921
0.00441485
0.00439685
0.00424677
0.00421718
0.00489114
0.00454719
0.00439095
0.00436514
0.0047052
0.00480012
0.0046234
0.00431121
0.00475532
0.00442294
0.00456452
0.00421671
0.00467608
0.00126906
