0.8
0.00801192
0.00791217
0.00835686
0.00869188
0.00820547
0.00795779
0.0084673
0.00803543
0.00854625
0.00834019
0.00812566
0.00839398
0.00823537
0.00763276
0.00793007
0.00826604
0.00832442
0.00779852
0.00758266
0.00803325
0.00765342
0.00733553
0.00826625
0.00835237
0.00808019
0.00772311
0.00829488
0.00844901
0.00800112
0.0078804
0.0083792
0.00838433
0.00823863
0.00769073
0.00843328
0.00791051
0.00843341
0.00789845
0.00777979
0.00813753
0.00790577
0.00793765
0.00796777
0.00822915
0.00816755
0.00795606
0.00810529
0.00773183
0.00785104
0.0084664
0.00784604
0.00777283
0.00767568
0.00791373
0.0078114
0.00806822
0.00789313
0.00795456
0.00783326
0.00808102
0.00764717
0.00776382
0.00752659
0.00675011
0.00810147
0.00802565
0.00757492
0.00756783
0.00794021
0.00778489
0.0075371
0.00707264
0.0075536
0.00806879
0.00790632
0.00733255
0.00727735
0.00801476
0.00711249
0.00739793
0.00674385
0.00739339
0.00709533
0.00706175
0.00744359
0.00842993
0.00811617
0.00731875
0.00728277
0.00730187
0.0070876
0.00736759
0.00802301
0.00769909
0.00744898
0.00741804
0.0070367
0.00734869
0.00728691
0.00816569
0.00713871
0.00663791
0.00838523
0.00796832
0.00713991
0.00793001
0.00770041
0.00787991
0.00683921
0.00747315
0.00744133
0.00682745
0.00723142
0.00717787
0.00709233
0.00756624
0.00789165
0.0074484
0.00753626
0.00766758
0.00750415
0.00657213
0.00671659
0.00724638
0.00765346
0.00682705
0.00686305
0.0075862
0.00763966
0.00205364
