0.8
0.00239521
0.00224511
0.00233443
0.00232888
0.00224422
0.0023218
0.00234156
0.00223387
0.00230166
0.00234185
0.00228479
0.00231879
0.00236406
0.00229281
0.00229662
0.0023502
0.00225198
0.00231011
0.00226826
0.00231283
0.00233498
0.0022963
0.00237938
0.00238572
0.00226003
0.00228814
0.00231099
0.00234578
0.0022158
0.00233833
0.00238053
0.00233945
0.00240337
0.00237441
0.00228678
0.0023521
0.00232258
0.00230185
0.0022649
0.00238478
0.00227988
0.00230005
0.00228197
0.00237447
0.00236799
0.00226565
0.00221166
0.00231313
0.00220536
0.00225904
0.00232461
0.00228043
0.00229651
0.0023306
0.00226124
0.00224387
0.00227547
0.00223247
0.00232549
0.00230358
0.00227898
0.00231239
0.00230806
0.00228895
0.00227853
0.00231303
0.00223895
0.00225636
0.00226229
0.00233922
0.00222769
0.00235825
0.00228659
0.00227905
0.0022813
0.00230345
0.00227747
0.00225516
0.00230018
0.00223125
0.00223163
0.002262
0.00229151
0.00220522
0.00222407
0.00225491
0.00228652
0.00225395
0.00231783
0.00220109
0.00230319
0.00225044
0.00225102
0.00228266
0.00229219
0.00225611
0.00223879
0.00232126
0.00226266
0.00226104
0.0022614
0.00228494
0.00222769
0.00223879
0.00224073
0.00225078
0.00224345
0.00230697
0.00224092
0.00226622
0.00226327
0.00230394
0.00223574
0.00228662
0.00224995
0.00221798
0.00229813
0.00222165
0.00226771
0.00220953
0.0022547
0.00231795
0.00225762
0.00232945
0.00220458
0.00224077
0.00224165
0.00219995
0.00224338
0.00223599
0.00223097
0.0022141
0.00226638
0.0021978
0.002239
0.00229139
0.00224874
0.00225438
0.00225434
0.00226375
0.00224945
0.0022088
0.00225125
0.00221105
0.00225942
0.0022994
0.00221181
0.00221228
0.00232484
0.00219468
0.00226287
0.00232696
0.00223668
0.00218077
0.00225484
0.00220472
0.00218476
0.00217892
0.00213881
0.00218648
0.00215129
0.00222266
0.00222352
0.00222822
0.00224058
0.00228912
0.00221704
0.00223872
0.00217971
0.00217974
0.00219748
0.00223255
0.00224143
0.00221214
0.00223036
0.00221741
0.00217509
0.00214044
0.00217047
0.00222633
0.00222575
0.00222977
0.00213812
0.00214503
0.00221612
0.00219641
0.00213081
0.00219232
0.00211763
0.00213721
0.00218406
0.00215826
0.0021755
0.0021725
0.00229141
0.00219585
0.00219757
0.00218323
0.00207731
0.00223602
0.00229016
0.00221846
0.00226087
0.00223679
0.00223094
0.00222666
0.00221158
0.00215201
0.00228118
0.00213029
0.00218144
0.00221489
0.00220946
0.00212774
0.00209452
0.0022198
0.00214695
0.00216357
0.00213407
0.00225133
0.00213567
0.00214706
0.0021608
0.00223902
0.00213265
0.00218967
0.00208786
0.00205967
0.00210979
0.00218324
0.00214709
0.00218832
0.00225524
0.00223195
0.00224414
0.00215118
0.00213926
0.00221839
0.00210248
0.00215011
0.0022271
0.00220597
0.00220831
0.00213251
0.00213281
0.00210756
0.00223109
0.00214243
0.00205667
0.00212608
0.00216586
0.00215114
0.0021137
0.00219703
0.00205862
0.00212939
0.00218248
0.00213346
0.00220106
0.00220834
0.00209514
0.0020673
0.00208906
0.00221982
0.00216627
0.00212224
0.00216151
0.0021856
0.00212544
0.0021076
0.00216282
0.0021467
0.0021686
0.00210294
0.0021399
0.00213327
0.00205204
0.00213036
0.00220435
0.00215488
0.00216913
0.00223104
0.00215681
0.00216756
0.00216044
0.00212052
0.00211099
0.00217365
0.00215382
0.00219225
0.00215928
0.00214984
0.0020941
0.00217957
0.00213387
0.00210393
0.00207683
0.00206782
0.00199957
0.00214749
0.00217135
0.00224438
0.00221719
0.00211639
0.00210922
0.00214739
0.00207099
0.00211057
0.00218101
0.00205502
0.00213483
0.00216073
0.00218298
0.002081
0.00208325
0.00210003
0.00217413
0.00207722
0.00205526
0.00212964
0.00214446
0.00208542
0.00211356
0.00214841
0.002178
0.00211651
0.00205087
0.00212379
0.00208654
0.00225108
0.00210217
0.00207214
0.00212371
0.0020919
0.00213788
0.00203773
0.00217039
0.00209402
0.00218093
0.00205877
0.00205485
0.00211307
0.00215052
0.00211209
0.00202778
0.00208695
0.0021297
0.00202286
0.00212325
0.00214108
0.00203255
0.00211381
0.00217227
0.00208812
0.00210889
0.00214374
0.00212265
0.00212816
0.00204764
0.00205867
0.00207298
0.00202276
0.00198605
0.00201212
0.00200908
0.00200419
0.00201482
0.00210086
0.00217806
0.00198055
0.0021286
0.00212973
0.00201303
0.00206875
0.00202989
0.00212614
0.00207168
0.00206322
0.00203972
0.00211138
0.00199322
0.00199929
0.00206785
0.00216305
0.00210248
0.00219603
0.00202005
0.0020354
0.00211051
0.00205742
0.00205773
0.00200643
0.00204525
0.00207899
0.00201023
0.00207986
0.00216466
0.00212833
0.00203885
0.00209262
0.00209205
0.00215468
0.00212284
0.00203204
0.0021308
0.00208634
0.00215961
0.00203794
0.00205059
0.00213548
0.00205267
0.00202769
0.00196325
0.00205421
0.00215257
0.00204435
0.00213536
0.00209389
0.00207665
0.00215646
0.00215154
0.0020985
0.00211303
0.00201626
0.0021844
0.00207825
0.0020868
0.00199268
0.00204285
0.0020165
0.00196299
0.00208122
0.00198971
0.00196364
0.0021586
0.00209205
0.00195351
0.00206145
0.0020923
0.0020886
0.00205268
0.00212482
0.00208864
0.00206063
0.00214012
0.00211325
0.00212604
0.00205044
0.00203829
0.00202825
0.00208275
0.00203213
0.00206263
0.00205114
0.0021198
0.00207758
0.00196589
0.00198625
0.001962
0.000577463
