0.8
0.00413183
0.00410542
0.00404981
0.00415868
0.00420954
0.00414843
0.00415062
0.00422898
0.00406523
0.0042122
0.0040467
0.00403708
0.00416985
0.00400232
0.00397061
0.00427264
0.00414704
0.00412953
0.00404019
0.00400334
0.00391231
0.00399882
0.0041043
0.0039936
0.00402693
0.00420325
0.00424375
0.00407134
0.00402736
0.00404622
0.0038416
0.00409454
0.00402568
0.00398479
0.00412908
0.0041263
0.00416205
0.00419851
0.00405576
0.00414142
0.00381664
0.00400075
0.00398275
0.00407237
0.0040147
0.00390192
0.00395629
0.00393664
0.00381971
0.00405334
0.00390352
0.00386921
0.00408265
0.00405577
0.00396117
0.00393739
0.0039951
0.00419271
0.00394202
0.0038368
0.00427206
0.00422066
0.00411744
0.00397718
0.00409397
0.00409834
0.00419799
0.00391025
0.00396127
0.00406472
0.00405892
0.00392799
0.00397002
0.00390684
0.00419631
0.00386689
0.0042818
0.00405847
0.00407676
0.00366447
0.00391627
0.00372824
0.0037461
0.00411208
0.00368943
0.00385942
0.00402126
0.00393211
0.00371304
0.00386478
0.00384675
0.00382085
0.0038921
0.00396652
0.00386749
0.00411285
0.0038015
0.00401282
0.00376324
0.00414243
0.00393947
0.00397764
0.00375508
0.00415898
0.00399649
0.00382339
0.00388965
0.00394001
0.00395014
0.00394713
0.00389171
0.0037722
0.00373083
0.00390374
0.00384606
0.00388357
0.00374974
0.00390819
0.00377687
0.00377977
0.00423391
0.00392795
0.00387663
0.0038535
0.00354841
0.00396621
0.00389276
0.00390106
0.00388335
0.00372931
0.00388242
0.00387299
0.00381051
0.00386567
0.00393402
0.00389138
0.00384458
0.0037068
0.00367981
0.00374685
0.00376802
0.00389589
0.00402109
0.00380224
0.00374215
0.00393704
0.00349465
0.00382179
0.0036519
0.00373592
0.00377715
0.00399661
0.0036944
0.00387442
0.00365974
0.00377153
0.0036595
0.00370603
0.00365704
0.00364304
0.00371594
0.00380685
0.00368057
0.00381087
0.00376794
0.00360956
0.0038305
0.0035196
0.00384571
0.00370531
0.00394039
0.00393116
0.0036576
0.00367576
0.00382438
0.003902
0.00359071
0.00375591
0.00394343
0.0038388
0.00395018
0.00380765
0.00389403
0.00331919
0.0037039
0.00377426
0.00366249
0.00379456
0.00374374
0.00380187
0.00370372
0.00372531
0.00378794
0.00368083
0.00374808
0.00368657
0.00370233
0.00368395
0.00380453
0.00388626
0.00377646
0.00372215
0.0040244
0.00375155
0.00377241
0.00396497
0.00389689
0.00381009
0.00361214
0.0035658
0.00375228
0.00362055
0.00361314
0.00382832
0.00384421
0.00366361
0.00370205
0.00361904
0.00359846
0.00349477
0.00360963
0.00378577
0.00354813
0.00369275
0.00353884
0.00354792
0.00353565
0.0036465
0.00388849
0.00372471
0.00370521
0.0038322
0.00364396
0.00398971
0.00372789
0.00370407
0.00358648
0.00365632
0.00360316
0.0036704
0.00353969
0.00343318
0.00369692
0.003717
0.00355024
0.00369147
0.00397131
0.00363323
0.00364828
0.00348211
0.00359038
0.00362778
0.00359104
0.00351673
0.00370645
0.00358492
0.00345226
0.00354187
0.00380475
0.00102525
