0.8
0.00258878
0.002535
0.00250043
0.00254088
0.00253381
0.00251899
0.00253985
0.00250085
0.00247215
0.00245
0.00245
0.00250175
0.00250629
0.00250147
0.00246924
0.00244575
0.00254352
0.00250113
0.00244983
0.00247776
0.00243865
0.00257242
0.002585
0.00256668
0.00255279
0.00250206
0.00249679
0.00247991
0.0024682
0.00249624
0.00256512
0.00247702
0.00251642
0.00245129
0.00249099
0.00252569
0.00263256
0.00261441
0.00258526
0.00251647
0.00249486
0.0024754
0.00252831
0.00246305
0.00253524
0.00247854
0.00246515
0.00250391
0.00256958
0.00243945
0.00250764
0.00253759
0.00247397
0.00238902
0.0024138
0.00253675
0.00245143
0.00249116
0.00253077
0.00250391
0.00250923
0.00252837
0.00257824
0.00253027
0.00236169
0.0024637
0.00254993
0.00240065
0.0024649
0.00244942
0.00245744
0.00245239
0.00252466
0.00244333
0.00247389
0.00245095
0.00247027
0.00247968
0.00250047
0.00244911
0.00243886
0.00254583
0.00245827
0.00257251
0.00249318
0.00253133
0.0025002
0.00253738
0.0025122
0.00247655
0.00245561
0.00245347
0.00254522
0.00254647
0.00247536
0.00249631
0.00242941
0.00243264
0.00239752
0.00248687
0.00239922
0.00244235
0.00246354
0.00242702
0.00251484
0.00250241
0.0025431
0.00248963
0.00250601
0.00244164
0.00251931
0.00244434
0.00253219
0.00250403
0.00241965
0.00249102
0.00247992
0.00248797
0.00246822
0.00242113
0.00249479
0.00249021
0.00243341
0.0025208
0.0024464
0.00248427
0.00239703
0.00242393
0.00250855
0.00253751
0.00225772
0.00249083
0.00238199
0.00242696
0.00249691
0.00244724
0.00244802
0.00249955
0.0024535
0.00248833
0.00240304
0.00242995
0.00235505
0.00240136
0.0024956
0.00241997
0.00235298
0.00236589
0.00253847
0.00231462
0.00246306
0.00238813
0.00247449
0.00237855
0.00238627
0.00236601
0.00244939
0.00236086
0.00241953
0.00242493
0.00244299
0.00236569
0.00253272
0.00242946
0.00244077
0.00238351
0.00246926
0.00240703
0.00243417
0.00244068
0.00242805
0.00240856
0.00240531
0.00248927
0.00243384
0.00236827
0.00247653
0.00233874
0.00248606
0.00241119
0.00233377
0.0024285
0.00238198
0.00235644
0.00248879
0.00250618
0.00232575
0.00246805
0.00231121
0.0024056
0.00237887
0.00246752
0.00246252
0.00243279
0.00241771
0.00242556
0.00239644
0.00229623
0.0023849
0.0024535
0.00237515
0.00243411
0.00239431
0.00234901
0.00239223
0.0023725
0.00236705
0.00233626
0.00242273
0.00220922
0.00244832
0.00234317
0.00240404
0.00229336
0.00229334
0.00244839
0.00240288
0.00228015
0.0021645
0.00237318
0.00250899
0.00230001
0.00235729
0.00241013
0.00237463
0.00236284
0.00227853
0.00232325
0.00240715
0.00233457
0.00228749
0.00228672
0.00232161
0.00243036
0.00223001
0.00235788
0.00241922
0.0024023
0.00227162
0.00238521
0.00237785
0.00233276
0.00232615
0.00246311
0.00243974
0.0023437
0.00228628
0.00225322
0.00227869
0.00236677
0.00230628
0.00242553
0.00225687
0.00232317
0.00237485
0.00242204
0.00230807
0.00224767
0.00233653
0.00235027
0.00236703
0.00221401
0.00236991
0.00239929
0.00235948
0.00241535
0.00227313
0.00243631
0.00225131
0.00233579
0.00236269
0.00234692
0.00233243
0.00241635
0.002196
0.00237137
0.00223974
0.00236428
0.0022643
0.00243595
0.00233285
0.00245233
0.00220671
0.00234892
0.00227893
0.00224129
0.00235366
0.0023609
0.00231324
0.00229071
0.00231467
0.00227312
0.00226966
0.00239015
0.00235555
0.0023578
0.00238395
0.00237619
0.00221169
0.0022916
0.00239047
0.00232545
0.00250719
0.00235258
0.00230364
0.00233835
0.00222175
0.00226365
0.00224967
0.00233179
0.00235184
0.00226289
0.00219159
0.00224206
0.00233096
0.00234781
0.00226532
0.00231255
0.00229037
0.0023668
0.00232038
0.00226112
0.00225468
0.00230544
0.00220136
0.00242048
0.00230437
0.00218956
0.00240388
0.00224552
0.00224302
0.00234523
0.00223851
0.00227136
0.00233742
0.0022691
0.00221689
0.00234347
0.00228694
0.00224145
0.00233493
0.00233088
0.00240956
0.00219171
0.00216626
0.00227227
0.00234036
0.00236625
0.00239664
0.00227836
0.0022643
0.0023446
0.00222025
0.00223531
0.00218937
0.0022799
0.00218545
0.00231439
0.00227232
0.0023488
0.00217878
0.00238008
0.00236971
0.00220489
0.00229965
0.00230375
0.00230934
0.00221621
0.00242736
0.00241036
0.00226362
0.00216305
0.00227164
0.00233875
0.00232536
0.00229618
0.00230076
0.00224678
0.00234764
0.00222772
0.00221388
0.00212164
0.00220211
0.00222751
0.00230036
0.00231575
0.00217257
0.00228866
0.00224813
0.00222299
0.00218028
0.00239686
0.00231507
0.00233005
0.00236431
0.00225222
0.00233851
0.00228764
0.00220343
0.00228522
0.00213294
0.00227352
0.00217667
0.00228671
0.00222637
0.00235523
0.00241487
0.00218767
0.00234762
0.00232297
0.00228952
0.00224748
0.00228898
0.00226799
0.00229906
0.00225802
0.00228773
0.00231613
0.00222085
0.000630384
