0.8
0.0205623
0.0218841
0.0187511
0.0204986
0.0218936
0.0212126
0.0209354
0.0175918
0.0221833
0.0201019
0.0208118
0.0192515
0.0221221
0.0203871
0.0225915
0.0207901
0.0224761
0.0213697
0.0180523
0.0198637
0.0208552
0.018218
0.0209653
0.0218012
0.0218124
0.0201882
0.0215429
0.0233707
0.0228862
0.0201642
0.0204284
0.0203638
0.0186955
0.019136
0.0194551
0.0186084
0.0208165
0.0199884
0.0190789
0.0204242
0.0162486
0.0187096
0.0208573
0.0192861
0.0189261
0.0218429
0.0187911
0.018887
0.0192125
0.00510857
