0.8
0.00578809
0.00546292
0.00582202
0.00573897
0.00569759
0.00539329
0.0057305
0.00570285
0.00584202
0.00561557
0.00542784
0.00529723
0.00568333
0.00555602
0.00573956
0.00555378
0.00577686
0.00572617
0.00537623
0.00567546
0.00580555
0.00517907
0.00516945
0.00562208
0.00544616
0.00558207
0.00531268
0.00586254
0.00537788
0.00571541
0.005552
0.00502979
0.0055465
0.0056582
0.0053417
0.0053421
0.00536203
0.00542838
0.00546798
0.00550315
0.00537521
0.00554035
0.00522551
0.00543831
0.00549591
0.00566689
0.00526835
0.00558824
0.00568366
0.00538674
0.00553443
0.00555688
0.00528698
0.00555821
0.00541758
0.00524618
0.00555452
0.00539789
0.00526854
0.00502632
0.00543512
0.00536453
0.00544693
0.00553787
0.00531608
0.00531511
0.00517781
0.00529116
0.00514596
0.0056016
0.00571877
0.00514995
0.00561832
0.00519483
0.005522
0.00538203
0.00560304
0.00536032
0.00544839
0.00531545
0.00534826
0.0053643
0.00585939
0.00534387
0.00519631
0.00512594
0.00514775
0.00534293
0.00526826
0.00544269
0.00536362
0.00533594
0.00493004
0.00540769
0.00524624
0.00485755
0.00543727
0.00547845
0.0052477
0.00530902
0.00537772
0.00489616
0.00524421
0.00541022
0.00530393
0.00494782
0.00528122
0.00544469
0.00524112
0.00515163
0.00539664
0.00528018
0.00543101
0.00533411
0.00556734
0.00473733
0.00535897
0.00491126
0.00501875
0.00525
0.00474306
0.0052925
0.00471755
0.0057269
0.00483537
0.00507792
0.00490744
0.00544215
0.00518953
0.00511388
0.00478447
0.00478732
0.00505827
0.00540164
0.00510863
0.00493126
0.00488551
0.00499256
0.00501294
0.00515928
0.00538218
0.0052305
0.00495963
0.00527269
0.00518466
0.00515279
0.00505603
0.00508349
0.00487018
0.00501967
0.00477702
0.00501643
0.00549134
0.0053142
0.0051931
0.00530708
0.0050115
0.00496163
0.00478975
0.00529476
0.00505061
0.00486348
0.00525565
0.00470444
0.00524173
0.00494594
0.00476164
0.0049568
0.00528947
0.00488132
0.00475604
0.00499876
0.00493222
0.00507054
0.00506902
0.00525256
0.00524039
0.00515688
0.00517631
0.00470662
0.00503883
0.00520551
0.00505264
0.00525549
0.00526906
0.00501182
0.00457861
0.0051911
0.0051416
0.0013976
