0.8
0.00249177
0.00248609
0.00243984
0.00251339
0.00247865
0.00252554
0.00255308
0.00246257
0.00246066
0.0025467
0.00242811
0.00240274
0.00245494
0.00246837
0.00245872
0.00242154
0.00247056
0.00244254
0.00243373
0.00244685
0.00245556
0.0024822
0.00242619
0.00249953
0.00248115
0.00243738
0.00250015
0.00252577
0.00249207
0.00240257
0.00246028
0.00243183
0.00237611
0.00238478
0.0024515
0.0024489
0.00244409
0.00243036
0.00243373
0.00245682
0.0023836
0.00241602
0.00246978
0.00245697
0.00242554
0.00239444
0.00241809
0.00241004
0.00249072
0.00235068
0.00244344
0.00250355
0.00250665
0.00249235
0.00241952
0.00247989
0.00249298
0.00245616
0.00242655
0.00237035
0.00237858
0.00237861
0.00241598
0.00238379
0.00247368
0.00247517
0.00238143
0.00244447
0.00236047
0.00246907
0.00239207
0.00245419
0.00247579
0.00247105
0.00242874
0.00237046
0.00254968
0.00238856
0.00248346
0.0024615
0.00240152
0.00242367
0.00245692
0.00239917
0.00235988
0.00240346
0.00235894
0.00241765
0.00246756
0.00247778
0.00239781
0.00242208
0.00234512
0.00242939
0.00237567
0.00238082
0.00250515
0.00246193
0.00242402
0.00244002
0.00235899
0.00242403
0.00237015
0.00238252
0.002401
0.00240504
0.00243248
0.00242852
0.00239471
0.00235977
0.00239991
0.00244494
0.00245919
0.00244167
0.00234517
0.00250373
0.00241736
0.00245108
0.00247497
0.00249899
0.00239914
0.00243201
0.00239306
0.00238489
0.00233131
0.00240244
0.00236408
0.00232949
0.0022998
0.00230612
0.00239357
0.002333
0.00237588
0.00252305
0.00236704
0.00238382
0.00235931
0.00231477
0.00234917
0.00244955
0.00239421
0.00232767
0.00229304
0.00245825
0.0023414
0.00241494
0.002398
0.00237931
0.00238293
0.00231885
0.00229813
0.00237449
0.00237139
0.00238724
0.00237981
0.00237599
0.00236227
0.00234174
0.00245276
0.0023313
0.00239844
0.00235309
0.00234896
0.00234491
0.00231341
0.0023673
0.00234306
0.00232262
0.00245426
0.00235566
0.00234119
0.00234434
0.00244564
0.00224718
0.00237991
0.00240703
0.00236387
0.00237892
0.00229226
0.0023753
0.00234456
0.00235521
0.00235923
0.00222765
0.0023734
0.00234603
0.00229226
0.00236834
0.00235048
0.00233329
0.00238291
0.0024098
0.00241232
0.00234388
0.00234235
0.00230149
0.00232288
0.00231779
0.0023967
0.00226868
0.00234609
0.00239079
0.0023224
0.00237044
0.00240342
0.00241206
0.00231917
0.00235955
0.00234632
0.00235744
0.00239838
0.00218382
0.00237049
0.00240881
0.0023208
0.00235859
0.00237108
0.00237496
0.00225989
0.00223221
0.00231676
0.00227177
0.00233152
0.00237274
0.0022574
0.00224243
0.00234204
0.0023064
0.00233588
0.00231357
0.00232795
0.00237963
0.00225398
0.00224194
0.00226645
0.0022386
0.00232633
0.00237393
0.00227623
0.0022228
0.00231895
0.00230495
0.00224144
0.00233862
0.00220367
0.00227595
0.00239522
0.00242222
0.00233265
0.00224987
0.00218544
0.00229984
0.00231433
0.00236711
0.00231408
0.0023426
0.00223787
0.00234751
0.00222562
0.00227139
0.00222614
0.0024072
0.00232677
0.00236545
0.00218059
0.00227519
0.00218733
0.00226386
0.0022561
0.00221756
0.0023311
0.00226475
0.00235105
0.00228425
0.00231454
0.00228573
0.00224782
0.00226439
0.00232741
0.00228113
0.00231955
0.00229314
0.00226079
0.00227293
0.00234037
0.0022616
0.00232496
0.00216268
0.002196
0.00220206
0.00223458
0.0023153
0.0023188
0.00233839
0.00219039
0.00234218
0.00219526
0.00228314
0.00226291
0.00230208
0.00231311
0.00233114
0.0021852
0.00222518
0.00222001
0.00215199
0.00224243
0.00220545
0.00224436
0.0022798
0.00235981
0.00226124
0.0022398
0.00228552
0.00224693
0.0022992
0.00232775
0.00226669
0.00230105
0.00220704
0.00210556
0.0022073
0.00224915
0.00225601
0.00224637
0.00226106
0.00222423
0.00223897
0.00225535
0.0022814
0.00226735
0.00218388
0.00211994
0.00219268
0.00229926
0.00227748
0.0021942
0.00209934
0.00222565
0.00228457
0.00227806
0.00225111
0.00218698
0.00219866
0.00230676
0.00226552
0.00227826
0.00224992
0.00229234
0.00225951
0.00223766
0.00217532
0.00219488
0.00216131
0.00234584
0.00227336
0.00228925
0.00226041
0.0022009
0.00216933
0.00229616
0.00217005
0.00231463
0.00218285
0.00215622
0.00229949
0.00220701
0.00227132
0.00231922
0.00203922
0.00219737
0.00228803
0.00225503
0.00223404
0.00213612
0.00219616
0.00224095
0.0021857
0.0021734
0.0022459
0.0022628
0.0023085
0.00234731
0.00228132
0.00217025
0.00217731
0.00217874
0.00233474
0.00220101
0.00217789
0.00226343
0.00209729
0.00224872
0.00230135
0.00225872
0.00230471
0.00208681
0.00223209
0.00210781
0.00226567
0.00229049
0.002215
0.00225818
0.00225306
0.00214452
0.00221089
0.00220733
0.00218864
0.00231252
0.00211111
0.00228203
0.00219836
0.00228316
0.00220969
0.00212652
0.00228346
0.00222571
0.00216112
0.00220014
0.00218371
0.00223998
0.00217966
0.00219364
0.00222742
0.00216444
0.00230896
0.00211854
0.00236172
0.00222401
0.000615847
