0.8
0.0029841
0.00296916
0.00294496
0.00286027
0.00295318
0.00306094
0.00294715
0.00294018
0.00305425
0.00294291
0.0029879
0.00295854
0.00283906
0.00294147
0.00285819
0.00298106
0.00287268
0.00291862
0.00295134
0.00287701
0.00303645
0.00291844
0.00295367
0.00296916
0.00303134
0.00300031
0.00296467
0.00295717
0.002979
0.00310376
0.00293108
0.00295034
0.00286474
0.00291237
0.00281523
0.00293303
0.00289754
0.00288836
0.00298921
0.00286653
0.0029667
0.00287417
0.00288757
0.00291021
0.0029369
0.00287759
0.00285166
0.00285116
0.00294744
0.002912
0.00287136
0.00295049
0.00281056
0.00283877
0.00291544
0.00288149
0.00294118
0.00277812
0.00296664
0.00293705
0.00289555
0.0028931
0.00296147
0.00288854
0.00306595
0.00292761
0.00289963
0.0029021
0.00301701
0.0028111
0.0028726
0.00284157
0.00298253
0.00278163
0.00287028
0.00298126
0.00288126
0.00283241
0.00289872
0.00302865
0.00280733
0.00302028
0.00282769
0.00287063
0.00288504
0.00288491
0.0029187
0.00284716
0.0029364
0.00288135
0.00294139
0.00277106
0.00288505
0.00294937
0.00288308
0.00278503
0.00288012
0.00285182
0.0029129
0.00280848
0.00288333
0.00304594
0.00289295
0.00290621
0.00283034
0.00272474
0.00293064
0.00274772
0.00287955
0.00278856
0.00285442
0.0030034
0.0028256
0.00280741
0.00295915
0.00294024
0.00287243
0.00289193
0.00288684
0.00272847
0.00284405
0.00271567
0.0027354
0.00285246
0.00281495
0.00280272
0.00287952
0.00293086
0.00280794
0.00282841
0.00284962
0.00279482
0.00269739
0.00283227
0.00281478
0.00275627
0.00271303
0.00270467
0.00281989
0.00292717
0.00278336
0.00274243
0.00285434
0.00275897
0.00273876
0.0029245
0.00292086
0.00273568
0.0028048
0.00290866
0.00291293
0.00286848
0.00289597
0.00279697
0.00291917
0.00279402
0.00285031
0.00272348
0.00288106
0.00272743
0.00284293
0.00290319
0.00281003
0.00286552
0.00276187
0.00274599
0.00270152
0.00273432
0.00285149
0.00273578
0.00287769
0.002715
0.00274264
0.00281413
0.00285029
0.00260802
0.0026562
0.00275216
0.00278072
0.00280779
0.00279074
0.0028839
0.00277953
0.00282362
0.00268675
0.00263788
0.00261806
0.00277811
0.00284877
0.00287114
0.00278305
0.00269528
0.00276275
0.00274102
0.00271278
0.00276064
0.00274787
0.00279131
0.0026255
0.00281925
0.00268585
0.00268052
0.00284611
0.00279681
0.00270001
0.0026441
0.0028611
0.0026818
0.00294245
0.00269015
0.0028934
0.00280067
0.00271514
0.00265492
0.00273627
0.00278756
0.00278226
0.00284869
0.00270735
0.00270196
0.00256895
0.00264279
0.00264414
0.00271066
0.0027656
0.00297291
0.00286856
0.00271364
0.00259221
0.00282192
0.00276273
0.00270871
0.00277801
0.0028291
0.0027237
0.00272456
0.00265819
0.00270752
0.00284074
0.0026999
0.00279073
0.00277513
0.00269645
0.00263988
0.00275488
0.00273379
0.00285219
0.00274271
0.00268762
0.00288314
0.00267699
0.00269277
0.00278573
0.00280286
0.00273125
0.00274335
0.00266653
0.00281317
0.00266532
0.00271597
0.00274345
0.00269021
0.00269652
0.0026714
0.00270666
0.00272702
0.00272101
0.00272639
0.00271696
0.00273503
0.00258141
0.00259238
0.00256395
0.00276852
0.00258175
0.00256493
0.00267678
0.00268033
0.00263337
0.00257959
0.00260989
0.00266648
0.00262819
0.00260691
0.00247895
0.00269077
0.00281525
0.00253706
0.00262073
0.00264614
0.00276575
0.00272072
0.00262045
0.00271185
0.00258972
0.00262379
0.00274348
0.00265861
0.00276012
0.00266748
0.00266119
0.00263051
0.0025822
0.00264724
0.00256821
0.0028396
0.00259522
0.00272307
0.00271766
0.00275996
0.00256403
0.0026846
0.00262719
0.00257665
0.00258626
0.00280616
0.00259708
0.00266902
0.00263771
0.00272484
0.00263536
0.00280524
0.00266982
0.00255217
0.00258351
0.00260248
0.00264309
0.00262012
0.00260567
0.00264636
0.0025696
0.00267784
0.00262307
0.00268958
0.00262207
0.00254536
0.00275317
0.00252976
0.00264202
0.00280839
0.00263213
0.00245754
0.00266757
0.00258113
0.00265871
0.00276005
0.00258315
0.00259794
0.0027874
0.00260615
0.00248008
0.00252435
0.00268357
0.00262998
0.00264611
0.00269792
0.0025728
0.00255983
0.00258041
0.000736095
