0.8
0.00528471
0.00525135
0.00538368
0.00532578
0.00553426
0.00515728
0.00542466
0.00526576
0.0054542
0.00517961
0.0052216
0.00564148
0.00534556
0.00524036
0.0053919
0.00523008
0.00515582
0.00528237
0.00522186
0.00540964
0.00489972
0.00549074
0.00522344
0.00529332
0.00547134
0.005264
0.00509291
0.0052424
0.00529612
0.00519478
0.00555292
0.0054386
0.00530314
0.00534782
0.00532588
0.00504155
0.00514514
0.00525306
0.00531252
0.00515074
0.00524287
0.00504939
0.00518456
0.00502073
0.00534753
0.00551953
0.00520054
0.00532538
0.00500354
0.00532321
0.00526947
0.0052477
0.00502215
0.00530594
0.00503391
0.0050271
0.00474218
0.00488945
0.00519495
0.00535639
0.00538036
0.00513998
0.00493722
0.00505757
0.00505995
0.0050909
0.00528503
0.00529053
0.00514004
0.00517889
0.00520212
0.00532757
0.00490084
0.00526497
0.00523884
0.00513251
0.00485124
0.00503827
0.00533088
0.00517639
0.00486491
0.00519298
0.00498061
0.00509357
0.00516901
0.00511298
0.00490886
0.00509622
0.00521023
0.00491841
0.00513368
0.00509299
0.00518623
0.00522942
0.00488926
0.00475952
0.00502586
0.00497955
0.0048263
0.00507466
0.00515207
0.00489649
0.0051626
0.00521189
0.00487296
0.00498734
0.00497019
0.00541707
0.00504635
0.00480397
0.00501099
0.00487897
0.00495412
0.00495318
0.00485094
0.00478569
0.00488046
0.00474296
0.0047032
0.00481459
0.00489433
0.00489502
0.00465346
0.00481589
0.00477796
0.00505375
0.00473061
0.00477613
0.00494982
0.00473425
0.00479121
0.00480335
0.00486013
0.00447354
0.00477393
0.00506652
0.00490158
0.0049139
0.0049762
0.00485856
0.00457921
0.0049303
0.0047949
0.00511693
0.00475994
0.00465808
0.00489828
0.00509478
0.00459547
0.00488715
0.00517635
0.00447169
0.00493041
0.00457277
0.00496486
0.00501113
0.00520614
0.00508622
0.00481391
0.00466109
0.00449673
0.00497499
0.00494608
0.00503871
0.00466698
0.00485957
0.00510938
0.00475527
0.00455834
0.00483598
0.00469572
0.00486367
0.00493766
0.00500659
0.00463349
0.00489111
0.00467614
0.00520921
0.00498031
0.00462846
0.00497476
0.00490369
0.00516742
0.00475833
0.00491246
0.00478696
0.00474877
0.00489103
0.00481644
0.00484307
0.00491421
0.0045677
0.00488268
0.00418811
0.00452961
0.00462964
0.00429882
0.00472385
0.00454012
0.00133408
