0.8
0.00347871
0.00360113
0.00358836
0.00354792
0.00350461
0.00348003
0.00363697
0.00348472
0.00368309
0.0034036
0.00348942
0.00367348
0.00360371
0.00354145
0.00336689
0.00355209
0.00340543
0.00348679
0.00342375
0.00358166
0.00349864
0.00350017
0.00340203
0.00356271
0.00352095
0.00342248
0.00352484
0.00353758
0.0034789
0.00359603
0.00368033
0.00346228
0.00342412
0.00337107
0.00364318
0.00338957
0.00360111
0.00355514
0.00345081
0.00357559
0.0033615
0.00350996
0.00355416
0.00362893
0.00347868
0.003518
0.00338716
0.00366177
0.00356572
0.00339026
0.00348191
0.00352683
0.00339936
0.00357008
0.00346011
0.00341328
0.00352303
0.00358926
0.0035142
0.00353709
0.00351131
0.00339033
0.00349439
0.0034742
0.00350112
0.00322749
0.00353739
0.00343224
0.00329573
0.00351894
0.00329776
0.00350201
0.00337171
0.00335593
0.00354605
0.00341472
0.00352597
0.00344196
0.00339535
0.00357598
0.0036132
0.00353482
0.00341468
0.00361546
0.00335425
0.00335749
0.00344083
0.00347221
0.00341667
0.00345131
0.00333654
0.00342006
0.00328743
0.00354978
0.00349523
0.00337345
0.00331208
0.00327938
0.00340483
0.00331802
0.00321003
0.00340263
0.00321782
0.0034037
0.00341064
0.00325205
0.00340728
0.00335569
0.00343538
0.00345731
0.00336438
0.00342883
0.00337428
0.00361886
0.00346322
0.00360621
0.003455
0.00337794
0.00341349
0.00334271
0.00340812
0.00333633
0.00330513
0.00343049
0.00335176
0.00330934
0.00330527
0.00337179
0.00347181
0.00345873
0.00330437
0.00335668
0.00343974
0.00340641
0.00342909
0.00339269
0.00340271
0.00329359
0.00351124
0.00345501
0.00316288
0.00325241
0.00321893
0.00333618
0.0034316
0.00324482
0.00325892
0.00331983
0.00322451
0.00323622
0.00342836
0.0032383
0.00337919
0.0031783
0.00332055
0.00314839
0.00343891
0.00330642
0.00321928
0.00346213
0.00329367
0.00331274
0.00341975
0.00318424
0.00334104
0.00329655
0.00320886
0.00329689
0.00343978
0.00341995
0.00342535
0.00337362
0.00330678
0.00338092
0.00334061
0.00334025
0.00314775
0.00337612
0.00324742
0.00338739
0.00330972
0.00324247
0.00317495
0.00350097
0.00337562
0.00327014
0.0032121
0.00308087
0.00323694
0.00329273
0.00322952
0.00329877
0.00335019
0.00310169
0.00318265
0.00329705
0.00318499
0.00337176
0.00336346
0.00335952
0.00344459
0.00318395
0.00314614
0.00322134
0.00318444
0.00311776
0.00312682
0.00334502
0.00325173
0.00336743
0.00339048
0.00325077
0.00319553
0.00326793
0.00312109
0.00316523
0.00333718
0.003336
0.00325129
0.00323146
0.00333922
0.00313431
0.00311503
0.00308628
0.00289741
0.00319841
0.00332231
0.00328971
0.00307486
0.00320025
0.00337049
0.00326046
0.00327963
0.00327418
0.00311523
0.00325918
0.00342583
0.00332643
0.00314138
0.00321509
0.00316802
0.00315502
0.00329348
0.00313503
0.0030534
0.00322072
0.00336034
0.0033009
0.00344036
0.00318847
0.00304445
0.00330325
0.00313748
0.00327825
0.0032993
0.00323681
0.00331487
0.00326377
0.00317781
0.00290883
0.00334699
0.00316709
0.00334497
0.00306461
0.00314102
0.0031679
0.00332552
0.00318006
0.00328881
0.0033895
0.00325895
0.00315445
0.00304037
0.00308918
0.00326218
0.00328635
0.00302343
0.00318888
0.00311579
0.00305709
0.00316343
0.00317266
0.00306529
0.00312628
0.00324985
0.00317967
0.00307425
0.00334821
0.0031202
0.00321442
0.00318423
0.00317007
0.00343845
0.00306521
0.00291124
0.00321414
0.00317165
0.00306239
0.00316891
0.000883279
