0.8
0.00873465
0.0089566
0.00896623
0.00897656
0.00878582
0.00894461
0.00885918
0.00932702
0.0088977
0.00844747
0.00835165
0.00865191
0.00929641
0.00906009
0.00862682
0.00929231
0.00879203
0.00827229
0.00834609
0.00871746
0.00887983
0.00925718
0.00841313
0.00884044
0.00869254
0.00847336
0.0085956
0.00897596
0.00938744
0.00903426
0.00831821
0.00838485
0.00856667
0.00875138
0.00888207
0.00823521
0.00890275
0.0087688
0.00843219
0.00897163
0.00896777
0.00854988
0.00845992
0.00830906
0.00864912
0.00810816
0.00835805
0.00861482
0.00847342
0.00876485
0.00840996
0.00817864
0.00803799
0.0081595
0.00825463
0.00828995
0.00836364
0.00843471
0.00872618
0.00799389
0.00830238
0.00777104
0.00754136
0.00802249
0.0079058
0.00830385
0.00848308
0.00864347
0.00898885
0.00799548
0.00761972
0.00829827
0.00847111
0.00778992
0.00850712
0.00818414
0.00907919
0.0078257
0.00815148
0.00827587
0.00791506
0.00803158
0.008469
0.00893671
0.00883516
0.00830543
0.00857134
0.00851444
0.00773437
0.0077867
0.00804355
0.00791247
0.00887832
0.007434
0.00808222
0.00856124
0.00704928
0.00767026
0.00830007
0.00823669
0.00854627
0.00783451
0.00790348
0.00835603
0.0076063
0.00839966
0.00839268
0.00799645
0.00822517
0.00774415
0.00749047
0.0074749
0.00744563
0.00800559
0.00778443
0.00855325
0.0081081
0.00797962
0.00733364
0.00222096
