0.8
0.00246543
0.00237702
0.00243607
0.00244611
0.00235855
0.00240097
0.00237045
0.00246168
0.00242368
0.00239083
0.00239512
0.00240775
0.00239478
0.00243874
0.00236128
0.00241179
0.00241004
0.00241449
0.00241695
0.00230697
0.00244585
0.00238368
0.00240138
0.00244198
0.00237154
0.00233922
0.00247641
0.00234595
0.00238271
0.00244286
0.00246456
0.00238553
0.0024987
0.0024051
0.00231938
0.00242594
0.00230047
0.00232641
0.00243625
0.00248672
0.00236153
0.00235207
0.0023714
0.00242287
0.00235326
0.00241496
0.00245581
0.00244721
0.00237255
0.00243763
0.0024743
0.00238394
0.00233719
0.00243966
0.00238067
0.00254418
0.00239949
0.0024095
0.00250957
0.00235385
0.00238276
0.00242011
0.00233627
0.00248303
0.00235604
0.00234671
0.00237672
0.0024267
0.00237272
0.00236721
0.00238864
0.00237354
0.00236767
0.00234222
0.00241183
0.00243982
0.00231882
0.0023097
0.00241976
0.00240432
0.00237903
0.00238759
0.00246506
0.00235019
0.00239169
0.002431
0.00236221
0.00234433
0.00242684
0.00238437
0.00242731
0.00244006
0.00234909
0.00238866
0.00240021
0.00229459
0.00230636
0.00235595
0.00231561
0.00234614
0.00225116
0.00236529
0.00229432
0.00234674
0.00243632
0.00238189
0.00239716
0.00238875
0.00233441
0.00238366
0.00228834
0.0023288
0.00236998
0.00237727
0.00229918
0.00232178
0.00236665
0.00235085
0.00242074
0.00240628
0.00243241
0.00230798
0.00243373
0.00227471
0.00225623
0.00237941
0.00237414
0.00237411
0.00227382
0.00229325
0.00240062
0.00231887
0.00237933
0.00218707
0.00226491
0.00232746
0.00223604
0.00226638
0.00238568
0.00234627
0.00240454
0.00229503
0.00234549
0.00231017
0.00232151
0.00230617
0.00243209
0.00234004
0.0023131
0.00227067
0.0024188
0.00227469
0.00226208
0.00234362
0.00238492
0.00226682
0.00243078
0.00226365
0.00223327
0.00229018
0.00227047
0.00232421
0.00227347
0.00233993
0.00237332
0.00220339
0.00232654
0.00229562
0.0021947
0.00228054
0.00223602
0.00231816
0.00225722
0.00227749
0.00237401
0.00226654
0.00223198
0.00235514
0.00223724
0.00214493
0.00229241
0.00221791
0.00232795
0.00230357
0.00236824
0.00229961
0.00219158
0.00224174
0.00222454
0.00236476
0.00225044
0.00212715
0.0023159
0.00224527
0.00227498
0.00235226
0.00223732
0.00224381
0.00226274
0.0022487
0.00228309
0.00224532
0.00222798
0.00228813
0.00238253
0.00227241
0.00236497
0.00220668
0.00220591
0.00229245
0.00222607
0.00227836
0.00224712
0.00236792
0.00231402
0.00221678
0.00231053
0.00216844
0.00228482
0.00236024
0.00231655
0.00229801
0.00216936
0.00228254
0.00225448
0.00221661
0.00218462
0.0022703
0.00232324
0.00241653
0.00225101
0.00232718
0.00217264
0.00226637
0.00219758
0.00220846
0.00233894
0.00233084
0.00231947
0.00232472
0.00223194
0.00226812
0.00230183
0.00228062
0.00225648
0.00221004
0.00223523
0.00227875
0.00215736
0.0022612
0.00231342
0.0023423
0.00223781
0.00228205
0.00220006
0.00224024
0.00223039
0.00232269
0.00230459
0.00232083
0.00227594
0.00217131
0.00218849
0.00219608
0.00223009
0.00221754
0.00223919
0.00229938
0.00221245
0.00219158
0.00222278
0.00214918
0.00219187
0.0022908
0.00236806
0.00213322
0.00216235
0.00219528
0.00216364
0.00216839
0.00219474
0.00224171
0.00221943
0.00216023
0.0021192
0.00226384
0.00223645
0.00226193
0.00228424
0.00222163
0.00233101
0.00225884
0.00227494
0.00222119
0.00224656
0.00219619
0.0021989
0.00221916
0.00221425
0.00221226
0.00215475
0.002246
0.00219255
0.00216271
0.00218742
0.00215622
0.00219448
0.00225028
0.00212848
0.00220558
0.00216682
0.00224963
0.00219594
0.00215996
0.00219864
0.00219605
0.00221349
0.00219651
0.00221009
0.0022286
0.0022406
0.00213077
0.00213563
0.00210705
0.00232063
0.00226183
0.00225323
0.00215163
0.00220923
0.00216957
0.0020703
0.00217053
0.0021257
0.00207163
0.00214202
0.00221662
0.0022157
0.00227939
0.00219064
0.00215089
0.00235434
0.00222676
0.00212378
0.00225948
0.00229947
0.00223645
0.00217687
0.0022755
0.00215312
0.00214305
0.0021139
0.00210639
0.00212235
0.002122
0.00226401
0.00209007
0.00217009
0.00228701
0.00226583
0.00212595
0.00218753
0.00217542
0.00225666
0.00227664
0.00217013
0.00216303
0.00218197
0.00204867
0.00221314
0.00221516
0.00217916
0.00229076
0.00223471
0.00209201
0.00218676
0.00221107
0.00204814
0.0021825
0.00213746
0.00213224
0.00219668
0.00227404
0.00220378
0.00227787
0.00216901
0.00224411
0.0021364
0.00227574
0.00228093
0.00219048
0.00205885
0.00234191
0.00223887
0.00216348
0.00216253
0.00224533
0.00217588
0.00225845
0.00211044
0.00214931
0.00204703
0.00215595
0.00225608
0.00223935
0.00214991
0.00208562
0.00221757
0.00210598
0.00218915
0.00221119
0.00203889
0.00215667
0.00212277
0.00209627
0.0022506
0.00214092
0.00225733
0.00224823
0.002101
0.00223725
0.00226488
0.00219513
0.00212189
0.00215457
0.00208363
0.00211218
0.00208351
0.00212965
0.00217221
0.00226783
0.00231149
0.00218295
0.0020799
0.00205988
0.00207071
0.00216112
0.00223598
0.0021454
0.00227902
0.000602119
