0.8
0.0101397
0.00956975
0.010429
0.00982413
0.00916766
0.00972438
0.00998614
0.009888
0.00979872
0.00982607
0.00942517
0.00976441
0.00953439
0.00896857
0.00964837
0.00986528
0.00968364
0.00867857
0.00918687
0.00910141
0.0089239
0.00906279
0.00969025
0.00925671
0.00902544
0.00973538
0.0097434
0.00977444
0.00916731
0.00917911
0.00935476
0.00935416
0.00946699
0.00955774
0.00909176
0.00910112
0.00928235
0.00958745
0.00994928
0.00932844
0.00902813
0.00976537
0.0089808
0.00932586
0.00850754
0.00946775
0.00976548
0.00893952
0.0101648
0.00827661
0.00867763
0.00973211
0.00948753
0.00841534
0.00888756
0.00881728
0.00911116
0.00801385
0.00942911
0.00831513
0.00956747
0.0092401
0.00828174
0.0101417
0.00958301
0.00929297
0.00880583
0.00924605
0.0094441
0.00928177
0.00837289
0.00878504
0.00856529
0.00876926
0.00894739
0.00869597
0.00827133
0.00832391
0.00907029
0.00878798
0.00790127
0.00872111
0.00933812
0.00919853
0.00920143
0.00906503
0.00870111
0.00853605
0.0096604
0.00800584
0.00820782
0.00935387
0.00913689
0.00851005
0.00894284
0.00891522
0.00919461
0.00918496
0.00847566
0.00936498
0.00870616
0.00869926
0.00830028
0.00897789
0.0095803
0.0086097
0.00858644
0.00895607
0.0091295
0.00241291
