0.8
0.00254731
0.00246424
0.00259269
0.00259208
0.00250765
0.00251972
0.00262686
0.00260171
0.00264382
0.00260726
0.00261308
0.00262773
0.00256547
0.00252158
0.00259248
0.00258777
0.00260029
0.00257479
0.00265504
0.00257123
0.00258871
0.00258856
0.00266978
0.00251587
0.00258252
0.00257896
0.00255414
0.00264354
0.00262245
0.00265273
0.00253668
0.00255401
0.00259503
0.00261744
0.00264583
0.00262556
0.00266526
0.00264245
0.00260799
0.00255921
0.00257529
0.00260375
0.00250891
0.00257274
0.00260052
0.00258185
0.00257669
0.00259912
0.00251933
0.00255196
0.00250992
0.00249429
0.00257316
0.00250681
0.00260571
0.00268559
0.00248913
0.00259444
0.00262055
0.00260698
0.00250052
0.0025555
0.00262641
0.00252239
0.00256211
0.00252713
0.00250519
0.00264343
0.00255246
0.00255938
0.00268119
0.00254678
0.0025475
0.00262946
0.00258247
0.00253976
0.00252865
0.00256129
0.00255148
0.00248228
0.00251618
0.00256281
0.00255008
0.00253486
0.00253405
0.0025873
0.0025504
0.00252508
0.00249409
0.00256144
0.00250273
0.00257563
0.00245533
0.0025238
0.0025258
0.00247851
0.00251872
0.00247646
0.0024037
0.00253907
0.00253958
0.00257786
0.00267469
0.0025298
0.00246554
0.00251342
0.00256939
0.00256836
0.00254063
0.00248418
0.00243992
0.0024371
0.00255418
0.00247691
0.00255451
0.00250395
0.0025271
0.00243349
0.00253798
0.00260904
0.00259362
0.00255241
0.00233921
0.00255261
0.00248011
0.00240346
0.002509
0.00254784
0.00248805
0.00254449
0.00246033
0.00241441
0.00246295
0.00254342
0.00252526
0.00253957
0.00253748
0.00256068
0.00242308
0.00244789
0.00247846
0.00252206
0.00238432
0.00248281
0.00249299
0.00254744
0.00262096
0.00243349
0.00245853
0.0024879
0.00254354
0.00251786
0.00244019
0.0023896
0.00255355
0.00240241
0.00250516
0.00246751
0.00246885
0.00250431
0.00242734
0.00249445
0.00243976
0.0024445
0.00256859
0.00253347
0.00246078
0.00252551
0.0024774
0.00252172
0.00253855
0.00250321
0.00252051
0.00256181
0.00243018
0.00245178
0.00250832
0.00244694
0.00247419
0.00244775
0.00239219
0.00247666
0.00247216
0.00248969
0.00246571
0.00254501
0.00247285
0.00238915
0.0023399
0.0024661
0.00248456
0.00254449
0.00247304
0.00227363
0.00246932
0.0025051
0.00233373
0.00249455
0.00239154
0.00241596
0.00248672
0.00245337
0.00241655
0.00245544
0.00243381
0.0025114
0.00236343
0.0024172
0.00251038
0.00244356
0.00243351
0.00241836
0.00230008
0.00235466
0.00245744
0.00253217
0.00238878
0.00239627
0.00243302
0.00240421
0.00246225
0.00239992
0.00246008
0.00245984
0.00241864
0.00248852
0.002385
0.00243302
0.00237647
0.00250041
0.00239807
0.00244864
0.00244603
0.00241871
0.00245617
0.00248126
0.00239352
0.0025143
0.00238117
0.00244281
0.00246777
0.00240092
0.00237253
0.00250728
0.00230605
0.0024004
0.0023701
0.00237397
0.00251041
0.00236664
0.00238249
0.00232469
0.0022838
0.00239466
0.00243843
0.00239565
0.00233509
0.00250507
0.00243769
0.00237271
0.00245816
0.0023769
0.00230478
0.00247068
0.00240276
0.00247887
0.00236475
0.00240218
0.0025139
0.00244478
0.00250557
0.00237699
0.00244143
0.00232362
0.00233379
0.00242785
0.00233935
0.00240198
0.00235818
0.00240521
0.00224525
0.00244197
0.00242951
0.00233903
0.00239082
0.00232219
0.00231434
0.00233856
0.00219095
0.00228585
0.002324
0.00226982
0.00232246
0.00236016
0.0022427
0.0023734
0.00239163
0.00241725
0.00232923
0.00239158
0.00230492
0.00233351
0.00234636
0.00237067
0.00234369
0.00235692
0.0024084
0.0022699
0.00228309
0.00239562
0.0023959
0.00231813
0.00239017
0.00237994
0.00236079
0.00227933
0.00237317
0.00234743
0.00235619
0.00226211
0.00227861
0.00250763
0.00238307
0.00236567
0.00230967
0.00230251
0.00230796
0.00230783
0.00237042
0.00237076
0.00240502
0.00222399
0.00225783
0.00243996
0.00236061
0.00226582
0.0023768
0.00242906
0.00229044
0.00231202
0.00239479
0.00224819
0.0024122
0.00228455
0.00232798
0.00234249
0.00245985
0.00227958
0.002214
0.00227222
0.00240612
0.00229367
0.00234914
0.00226856
0.00235085
0.00232721
0.00239249
0.00244307
0.00214414
0.00232049
0.00231706
0.00226157
0.00213423
0.00228482
0.00243966
0.00232251
0.00235209
0.0024387
0.00224649
0.00229231
0.0023111
0.00236995
0.00243499
0.00233749
0.00229355
0.00232924
0.0022903
0.00237315
0.00235972
0.00230069
0.00231923
0.00234583
0.0023185
0.00227257
0.00245626
0.00237579
0.002278
0.00220699
0.00231449
0.00235131
0.00237071
0.00231845
0.00231215
0.00230203
0.00222862
0.00226885
0.002315
0.00226428
0.00233954
0.00224231
0.00230692
0.00227928
0.00222982
0.00233685
0.00222496
0.00236889
0.00226299
0.00241742
0.00229192
0.000647612
