0.8
0.00315213
0.00316858
0.00318984
0.00308638
0.00311017
0.00316501
0.00323762
0.00305745
0.00304415
0.00317842
0.00315134
0.00314263
0.0031111
0.00313109
0.00314819
0.00317994
0.00310728
0.00317016
0.00307241
0.00317334
0.00325307
0.00307625
0.00308483
0.00308598
0.00309799
0.00310713
0.00315335
0.00307549
0.00319415
0.00314747
0.00302
0.00314671
0.00309193
0.00319121
0.00317021
0.00315147
0.00312975
0.00322257
0.00321548
0.00321792
0.00308777
0.00302837
0.00311715
0.00302289
0.00306935
0.00303907
0.0030889
0.00311238
0.00303947
0.00304141
0.00304617
0.00309617
0.00309923
0.00310841
0.00308394
0.00298381
0.00300003
0.00311296
0.00309661
0.00308155
0.00298623
0.00301383
0.00314029
0.00304377
0.00325781
0.00301057
0.00299624
0.00289715
0.0030452
0.00290721
0.00294558
0.00310946
0.0029265
0.00304046
0.00299227
0.00305535
0.00314214
0.00304862
0.00298165
0.00295943
0.00308577
0.003034
0.00326017
0.00309862
0.00310817
0.00301586
0.00301805
0.00310614
0.00305588
0.00297326
0.00303145
0.00297173
0.00296524
0.00303052
0.00308367
0.00296785
0.00299815
0.00301339
0.0030525
0.00301999
0.00291997
0.00288149
0.00306717
0.00295075
0.00293433
0.00302891
0.00309719
0.00312538
0.00300101
0.00302934
0.00309091
0.0028967
0.00292205
0.00307888
0.00297857
0.00306635
0.00313491
0.0029587
0.00290626
0.00311512
0.00295663
0.00299374
0.00309823
0.00293119
0.00295514
0.00295751
0.00299415
0.00293473
0.00294001
0.00294459
0.0029077
0.00293642
0.0029516
0.00290793
0.00300085
0.0028642
0.00295009
0.00296438
0.00302921
0.00280325
0.00300393
0.0029472
0.00281331
0.00312469
0.00303575
0.00290501
0.00304432
0.0030218
0.00287732
0.00307357
0.00287355
0.00311185
0.00288553
0.00295012
0.00292533
0.00308142
0.00274966
0.00302887
0.002981
0.00292155
0.00302954
0.00288685
0.00288533
0.00299513
0.0030715
0.00297132
0.00300365
0.00292031
0.00288273
0.00300003
0.00296189
0.0029895
0.00303233
0.00281728
0.00286167
0.00277164
0.0029545
0.00287247
0.0029345
0.00296001
0.00299887
0.00284066
0.00313616
0.0028728
0.00297049
0.00299034
0.00296431
0.00300147
0.00278893
0.00297136
0.00291199
0.00272414
0.0028356
0.00288824
0.00306936
0.00294805
0.00305244
0.00282929
0.00294541
0.00286954
0.00269802
0.00277729
0.00293276
0.00299041
0.00282526
0.00305463
0.00295193
0.00303619
0.00286788
0.00287136
0.00289928
0.00298026
0.00281076
0.00302825
0.00290494
0.00299248
0.00290199
0.00279255
0.00281621
0.00294405
0.00276473
0.00283788
0.00291313
0.00284337
0.0030021
0.00278179
0.00278241
0.00296212
0.00284378
0.0027298
0.00287527
0.0027292
0.00274759
0.00293706
0.00295704
0.0029054
0.002831
0.00288453
0.00295519
0.00261484
0.00293543
0.00286037
0.00279493
0.00284747
0.00286869
0.00291699
0.00281792
0.00296523
0.00278405
0.00280882
0.00298468
0.00281364
0.00307807
0.00262
0.0028692
0.00268421
0.00287872
0.0029183
0.00295898
0.0028794
0.00273139
0.0026814
0.00293
0.00290321
0.00260823
0.00280952
0.00287204
0.00298465
0.00291987
0.00271243
0.00279725
0.00281469
0.00286226
0.00288278
0.00284286
0.00292745
0.00297093
0.00266926
0.00303877
0.00285253
0.00278556
0.00259847
0.00291079
0.00281141
0.00283418
0.00278666
0.00285058
0.00278763
0.00282237
0.00273717
0.00291985
0.00291976
0.00272603
0.00293986
0.00285905
0.00288017
0.00285556
0.00277611
0.00285934
0.00281973
0.00300834
0.00270571
0.002612
0.00289383
0.0027357
0.002982
0.00297563
0.00274156
0.00285168
0.00283768
0.00265658
0.00272825
0.00294166
0.00284676
0.00291565
0.00288443
0.0028857
0.00274745
0.00275658
0.00280432
0.00279303
0.00258071
0.00278784
0.00271845
0.00272835
0.00283795
0.00276724
0.00279474
0.00288561
0.00278817
0.00276611
0.00278733
0.00274554
0.00271911
0.00272316
0.00289166
0.00277106
0.00281352
0.00292822
0.000780037
