0.8
0.00423006
0.00427508
0.00419216
0.00413391
0.00421461
0.00426105
0.00426393
0.0042513
0.00407302
0.00398714
0.0042054
0.00418471
0.00420119
0.00404876
0.00426327
0.00417628
0.00426086
0.00417783
0.00424463
0.0042786
0.00414645
0.00433469
0.00411924
0.00428868
0.0041932
0.00406689
0.00425791
0.0041566
0.00430974
0.00438862
0.00423529
0.00416194
0.00409681
0.00404062
0.00406718
0.0041565
0.00410826
0.00426332
0.00417901
0.00408872
0.00415658
0.00433021
0.00427514
0.0041141
0.00395616
0.0042557
0.00420395
0.00398711
0.00396644
0.00417351
0.00416825
0.00415397
0.0042639
0.00396864
0.00408733
0.00405656
0.00427089
0.00433361
0.00415769
0.00424153
0.00423452
0.00419977
0.00389317
0.00409889
0.00411502
0.0042369
0.00403433
0.00433858
0.00421482
0.00422561
0.00439051
0.00419231
0.00411082
0.0042845
0.0040263
0.00411046
0.00418524
0.00413114
0.00424876
0.00410734
0.00427285
0.00401007
0.00397482
0.00408855
0.00406366
0.00412836
0.00405742
0.00422995
0.00421501
0.00394798
0.00396493
0.00418525
0.00395502
0.00424194
0.00411903
0.00386707
0.00421564
0.00406573
0.00410398
0.00409448
0.00386435
0.00410757
0.00410165
0.00397463
0.00411588
0.00395888
0.00402054
0.00385554
0.00402356
0.00419015
0.00401758
0.00399404
0.00416225
0.00426316
0.00420547
0.00428028
0.0040467
0.00420118
0.00391824
0.0039938
0.0040302
0.00392689
0.00394819
0.00388868
0.00407375
0.00398432
0.00385067
0.00393013
0.00397823
0.0039104
0.0041549
0.0040702
0.00399495
0.00414408
0.00378229
0.00395562
0.00389444
0.00409895
0.00394916
0.00388975
0.00383681
0.00365845
0.00383975
0.00408967
0.00404812
0.00432437
0.00385594
0.00391054
0.00394408
0.00407154
0.0039655
0.00383712
0.00378547
0.003943
0.00375556
0.00392483
0.00402419
0.00402993
0.00393114
0.00394392
0.00407367
0.00386222
0.00385106
0.00374938
0.00402707
0.00394596
0.00404843
0.00419735
0.00426744
0.00392759
0.00359879
0.00383312
0.00403442
0.00413025
0.00390197
0.00380493
0.00379459
0.00382411
0.00392965
0.00403321
0.00402008
0.00371749
0.0038982
0.0037255
0.00375031
0.00407205
0.00344374
0.00372577
0.00390193
0.00395533
0.00390306
0.00397377
0.00378628
0.00375509
0.00379133
0.00423499
0.00364551
0.00390929
0.00390375
0.00386712
0.00355857
0.00390462
0.00383494
0.0038173
0.00381149
0.0039631
0.00384614
0.00386883
0.00407038
0.004015
0.00388216
0.00404642
0.00394059
0.00392998
0.00416392
0.00403457
0.0035963
0.00386614
0.00402543
0.00367326
0.00376334
0.0037987
0.00381841
0.00375692
0.00378995
0.0039092
0.00360613
0.00384367
0.00359316
0.0036355
0.00376098
0.00373354
0.00366878
0.00385281
0.00365098
0.00413832
0.0038762
0.00365696
0.00377615
0.00408767
0.00375505
0.00400677
0.00360992
0.00368013
0.00387526
0.00368985
0.00388655
0.00370213
0.00399537
0.00105998
