0.8
0.00483924
0.00449739
0.00479695
0.00476215
0.00477032
0.0049573
0.00524317
0.00493051
0.00489416
0.00496279
0.004834
0.00486488
0.00457661
0.00490752
0.00482348
0.00473465
0.00501128
0.00479583
0.00473439
0.00478949
0.00455835
0.00481847
0.00509727
0.00492603
0.00481945
0.00473574
0.00462151
0.00453837
0.00476327
0.00497062
0.00476806
0.00455913
0.00478446
0.00489989
0.00462274
0.00481015
0.004925
0.0048259
0.00475913
0.00471954
0.00462615
0.00474023
0.00467701
0.00474526
0.00472414
0.00478821
0.00476996
0.00478922
0.00463131
0.00452898
0.00458397
0.00492961
0.00450842
0.00462489
0.00459849
0.0046794
0.0048429
0.00442856
0.00450061
0.0047432
0.00455277
0.0046261
0.00475827
0.00488772
0.00510074
0.0047038
0.00457645
0.00464146
0.00455887
0.00455265
0.00478288
0.00448252
0.00455312
0.00461698
0.00494034
0.00454853
0.00461273
0.00450931
0.00484871
0.00456114
0.00461722
0.00452274
0.00475475
0.00486037
0.00475691
0.00459759
0.00463766
0.00463613
0.00469062
0.00463189
0.00464739
0.00452741
0.00447962
0.00439407
0.00494854
0.0048013
0.00447885
0.00477886
0.00473125
0.00463145
0.00455461
0.00462444
0.00444508
0.00464958
0.00489976
0.00478817
0.00451041
0.00452457
0.00470136
0.0045512
0.00431771
0.00431
0.0044252
0.0045509
0.0046777
0.00409976
0.00458793
0.00438747
0.00462069
0.00456254
0.00457906
0.00456319
0.00483155
0.00437279
0.00437458
0.00491814
0.00426874
0.00476351
0.00433908
0.00432715
0.00438216
0.00435942
0.00453454
0.00471452
0.00431214
0.00436152
0.00457969
0.00454304
0.00411534
0.0045579
0.00431236
0.00429977
0.00462686
0.00464354
0.00448565
0.00453339
0.00458366
0.00424345
0.00449435
0.00445665
0.00458899
0.00436482
0.00424417
0.00405034
0.00422061
0.00421679
0.00463357
0.0044861
0.00445945
0.00460212
0.00406646
0.00431986
0.00456475
0.00472713
0.00462796
0.00445589
0.00448261
0.00465491
0.00441535
0.00458345
0.00425142
0.00402522
0.0044279
0.0045617
0.0045387
0.00409835
0.00446982
0.00469371
0.00430177
0.00467187
0.00441244
0.00425033
0.00431807
0.0042564
0.0043261
0.00447452
0.00417736
0.00455365
0.00399884
0.00408398
0.00439254
0.00421008
0.00448367
0.00425255
0.00435966
0.00435817
0.00458119
0.00425999
0.00416256
0.00437394
0.0044701
0.00426371
0.00421177
0.00410305
0.00442058
0.00424418
0.00418694
0.00457523
0.00440104
0.0045917
0.00456665
0.00439387
0.00426253
0.00429803
0.00468877
0.00388103
0.00426365
0.00410123
0.00425956
0.00120834
