0.8
0.00331029
0.00340657
0.00334868
0.00335032
0.00339388
0.00331131
0.0032177
0.00338085
0.00319388
0.00339444
0.0033725
0.00331272
0.00330598
0.00336159
0.00338442
0.00324229
0.00341347
0.00333814
0.00318397
0.00321203
0.0033575
0.00319619
0.00339584
0.00332174
0.0033049
0.00322895
0.00346811
0.0033554
0.0033084
0.00343829
0.00335917
0.00344768
0.00327655
0.00338306
0.00329781
0.00333495
0.00337716
0.00332339
0.00328703
0.00324151
0.003193
0.00326149
0.00320513
0.00322882
0.00323707
0.00319162
0.00324372
0.00337687
0.00330474
0.00329366
0.00323717
0.00326661
0.00333689
0.00325799
0.00334122
0.00324982
0.00330837
0.00337287
0.00333285
0.00330204
0.00324982
0.00322751
0.00328193
0.00314936
0.0032158
0.0032346
0.00333476
0.00319308
0.00331511
0.0031009
0.0032841
0.00321321
0.00322186
0.00316383
0.00320449
0.00326203
0.0033255
0.00335144
0.00323688
0.00316077
0.00320785
0.00314701
0.00317525
0.00322235
0.00308866
0.00303418
0.00323748
0.00310294
0.00316226
0.00314493
0.00328493
0.00313019
0.00322128
0.00306734
0.00307305
0.00318738
0.00314363
0.00304522
0.00328041
0.00316741
0.00310172
0.00318389
0.00324515
0.003281
0.00324672
0.00337514
0.00315443
0.00322413
0.00333718
0.00325815
0.00315968
0.00303823
0.00324048
0.00311344
0.00335688
0.00308668
0.00336451
0.00318119
0.00309864
0.00304509
0.00319386
0.00317568
0.00312994
0.00330103
0.00316122
0.00320681
0.00329298
0.00314145
0.00310234
0.00316725
0.00318263
0.00315754
0.00306966
0.00302079
0.00304732
0.00316229
0.00318587
0.0031552
0.003123
0.00299119
0.00305508
0.00312799
0.00323449
0.00295341
0.00329016
0.00314395
0.00305024
0.00315725
0.00306016
0.00327524
0.00320573
0.00314949
0.00297559
0.00314836
0.00321664
0.00304403
0.00296576
0.00316001
0.00313559
0.00290225
0.00301576
0.00308822
0.00310199
0.00311901
0.0031535
0.00312987
0.00318512
0.00304865
0.00323053
0.00308992
0.00307639
0.00310505
0.00314422
0.00318324
0.00330017
0.003107
0.00308922
0.0030793
0.00289078
0.00325331
0.00305227
0.00301374
0.0031617
0.00325665
0.00307886
0.0031425
0.00312057
0.00321347
0.00303524
0.00307138
0.00310854
0.00301719
0.00304402
0.002776
0.00305938
0.00283747
0.00296358
0.00317629
0.0029354
0.00315444
0.00306882
0.00312794
0.00306695
0.00305011
0.00304355
0.00312723
0.00279963
0.00303731
0.00292011
0.00308471
0.0030799
0.00316728
0.00292431
0.00314328
0.00296277
0.00314107
0.0029664
0.00295791
0.00320958
0.00301854
0.00312132
0.00301737
0.00299548
0.00314019
0.00305498
0.00306822
0.00297034
0.00308984
0.00305085
0.00306573
0.00300554
0.00289421
0.00317494
0.00309426
0.00299117
0.00305153
0.00278068
0.00285123
0.0030564
0.00293537
0.00299504
0.00299142
0.00312793
0.00324576
0.00300674
0.00297033
0.00319985
0.00318936
0.00316536
0.00317604
0.00308853
0.00293133
0.00306528
0.00298847
0.00311097
0.00297149
0.00318375
0.00298419
0.00299838
0.00292681
0.0030384
0.00295236
0.00299808
0.00304035
0.00299013
0.00298922
0.003089
0.003109
0.00314855
0.00297877
0.0028186
0.00298184
0.00306461
0.00309913
0.00297673
0.0029083
0.00294125
0.00313394
0.00291554
0.00296044
0.00296603
0.00306897
0.00307213
0.00308662
0.0028273
0.00309664
0.00307106
0.00283017
0.00293871
0.00287497
0.00303585
0.00299024
0.00290952
0.00308655
0.00295229
0.00293681
0.00293347
0.00301112
0.00292263
0.00330852
0.00294225
0.00283212
0.00286413
0.00321539
0.00311308
0.0030873
0.0030384
0.00291682
0.00300605
0.0032291
0.00283736
0.00306969
0.00301032
0.00303371
0.00295078
0.00307652
0.00287347
0.00286602
0.00307748
0.000829025
