0.8
0.00374144
0.00368752
0.00376312
0.00371414
0.00373587
0.00370782
0.003744
0.00366169
0.00372485
0.00360502
0.00352462
0.00371752
0.00366958
0.00365083
0.00368771
0.00360347
0.00363784
0.00353899
0.00364839
0.0037012
0.00367538
0.00378436
0.00381976
0.00355459
0.00363247
0.00375353
0.00368168
0.00375886
0.00349029
0.00370695
0.00343109
0.00350056
0.00363854
0.00352486
0.00378507
0.00361509
0.00371535
0.00366496
0.00369334
0.00368739
0.00376964
0.00347864
0.00353478
0.00362476
0.00354154
0.00360651
0.00353577
0.00365416
0.00342529
0.00364082
0.00352687
0.0036525
0.00334052
0.0038055
0.0034659
0.00366711
0.0037197
0.00348915
0.00347229
0.00365313
0.0036113
0.00362306
0.00355065
0.00345697
0.00357527
0.00364692
0.00364303
0.00353353
0.00353342
0.00361348
0.00355532
0.0036796
0.00343111
0.00363753
0.00364472
0.00349582
0.00361366
0.00357857
0.00370725
0.0034942
0.00348305
0.00359945
0.00349726
0.00356903
0.00352051
0.00367591
0.00339051
0.00335895
0.00372349
0.00357953
0.00352709
0.00350825
0.00357013
0.00344052
0.00339728
0.00345126
0.00352841
0.00351299
0.00364649
0.00356023
0.00353563
0.00345934
0.00333332
0.00349869
0.00349432
0.00348084
0.00350111
0.00348912
0.003646
0.003413
0.00336896
0.00367877
0.00349948
0.00346829
0.00358017
0.00351995
0.00337883
0.00352644
0.00348492
0.00350088
0.0034236
0.00336369
0.00343639
0.00329417
0.00357814
0.00325925
0.00339316
0.00356367
0.0035095
0.00345137
0.00354151
0.00337159
0.00341586
0.00344716
0.00350645
0.00326374
0.00356573
0.00342371
0.00359047
0.00354519
0.00338065
0.00342345
0.00357813
0.00345493
0.0034932
0.00339459
0.00348439
0.00346613
0.00342254
0.003281
0.00341069
0.00340087
0.00359821
0.00336801
0.00336049
0.00353796
0.003362
0.00347273
0.00336014
0.00334699
0.00345316
0.00336462
0.00335073
0.00334773
0.00347604
0.00351814
0.00343217
0.00344811
0.00325192
0.00349352
0.00340611
0.00357592
0.00345127
0.003425
0.00323428
0.00339399
0.00352493
0.00354968
0.00332754
0.00337497
0.00356691
0.00346296
0.00355547
0.00346308
0.00346067
0.00323739
0.00346424
0.00342839
0.0033029
0.00321166
0.0032424
0.00325263
0.00347777
0.0033863
0.00343198
0.00350554
0.00334203
0.00332252
0.00327023
0.00329371
0.00347974
0.00344733
0.00333196
0.00314492
0.00340692
0.00328747
0.00342424
0.0033618
0.00334322
0.00350196
0.00336564
0.00341991
0.00334802
0.00335767
0.00343182
0.0035655
0.00331969
0.00314168
0.00325432
0.00320454
0.00356524
0.00340472
0.0033145
0.00342902
0.00344672
0.00355743
0.00335039
0.00321132
0.00335069
0.00343745
0.00342642
0.0031757
0.00329536
0.00340881
0.00340073
0.00319072
0.00352171
0.00324429
0.00326059
0.00337337
0.00346229
0.00327347
0.00328293
0.00319689
0.00325865
0.00338121
0.003395
0.00321238
0.00328074
0.00333366
0.00318894
0.00351498
0.00333538
0.0032408
0.00335502
0.00313526
0.00317117
0.00335129
0.00342674
0.00329468
0.00326873
0.00340853
0.00345955
0.00301395
0.00340914
0.00313816
0.00336832
0.00324989
0.00329591
0.00324622
0.00331592
0.00331827
0.00317561
0.00336644
0.00317404
0.00338693
0.00327693
0.00325396
0.0032943
0.0033452
0.00331892
0.00331089
0.00333757
0.00312021
0.00312427
0.00324528
0.00315324
0.00326923
0.00301671
0.000914504
