0.8
0.00265603
0.0025709
0.00263336
0.00263043
0.00268967
0.00267661
0.00264935
0.00268466
0.00272716
0.00254544
0.00255484
0.00266766
0.00262056
0.00264847
0.00264789
0.00264358
0.00271945
0.0026417
0.00272773
0.00258822
0.00264806
0.00271923
0.00251652
0.00270872
0.00269777
0.00253866
0.00267749
0.00269061
0.00251226
0.00255432
0.00268368
0.00250836
0.00258477
0.00261909
0.00253922
0.0026502
0.00255313
0.00265734
0.00267191
0.00265822
0.00262783
0.00264655
0.00257569
0.00261898
0.00262719
0.00266542
0.0025521
0.0026536
0.00265929
0.00269926
0.00270854
0.0025599
0.00266141
0.00260638
0.00263099
0.00262447
0.00263558
0.00252579
0.00258224
0.00255256
0.00268953
0.00263109
0.0026518
0.00261448
0.00262447
0.00258038
0.00262844
0.00266394
0.00249964
0.00260669
0.00265806
0.00261495
0.00263805
0.00264086
0.0025687
0.0026304
0.00257295
0.00264278
0.00254213
0.00265867
0.00256371
0.00265131
0.00252364
0.00262646
0.00261093
0.00267426
0.00261507
0.00263195
0.00257517
0.00258539
0.0026264
0.00257288
0.00262069
0.00268431
0.00252893
0.00258621
0.00256695
0.00257016
0.00251839
0.00256253
0.00259518
0.00263899
0.00265969
0.00255754
0.00261769
0.00260482
0.00252347
0.00250113
0.00258995
0.00268742
0.00257539
0.00252057
0.00248355
0.00263079
0.00267024
0.00247063
0.00256853
0.00259289
0.00249947
0.00261071
0.00254979
0.00262871
0.00258019
0.00262777
0.00266145
0.00251874
0.00256652
0.00256926
0.00256173
0.00262187
0.00260631
0.00261197
0.00242891
0.00246032
0.00255859
0.00259002
0.00253687
0.00246656
0.00264748
0.00255802
0.00264955
0.00259406
0.00250971
0.00255123
0.00262735
0.00251359
0.00255767
0.00251136
0.00247628
0.00255369
0.00251682
0.00253979
0.00256841
0.0025534
0.00259106
0.00259199
0.00250376
0.00248067
0.00244933
0.00262692
0.00250339
0.00245844
0.0024923
0.00241256
0.00243232
0.00250159
0.00242414
0.00251097
0.00249112
0.00259311
0.00239588
0.00242368
0.00259292
0.00252917
0.0025411
0.00254504
0.00254778
0.00257258
0.00251529
0.00250614
0.00243566
0.00252394
0.00252053
0.00248235
0.00241867
0.00255321
0.00252324
0.00248194
0.00252043
0.00252604
0.00242748
0.00240666
0.0025388
0.00259103
0.00250617
0.00255624
0.00247166
0.00246029
0.00258124
0.00257345
0.00248088
0.00249443
0.00239958
0.00244852
0.00250029
0.00243154
0.00245009
0.00253829
0.00253666
0.00240874
0.00254293
0.00251472
0.00243966
0.0024811
0.00249705
0.00248272
0.00247332
0.00245123
0.0024392
0.00250894
0.00235066
0.00255186
0.00255468
0.00245956
0.00252517
0.00245628
0.00250156
0.00247222
0.00246164
0.00250373
0.00239813
0.00247096
0.00246846
0.00250403
0.00240441
0.00259465
0.00251803
0.00238057
0.00242232
0.00251666
0.00244741
0.00247956
0.00251399
0.00236731
0.00247884
0.00244495
0.00242602
0.00264511
0.00246205
0.00247712
0.00233706
0.00242837
0.00253873
0.00247404
0.00240184
0.00232543
0.00247433
0.0024845
0.00244366
0.0024954
0.00233768
0.00253682
0.00238343
0.00256
0.0024474
0.00248514
0.00247365
0.0024107
0.00241605
0.0023975
0.00245884
0.00246971
0.00247009
0.0024575
0.00248636
0.00256625
0.00239407
0.00253002
0.00258737
0.00239625
0.0024876
0.00231242
0.00247963
0.00232032
0.00259277
0.00249536
0.00246942
0.00244494
0.00243923
0.00238903
0.00249818
0.00253491
0.00246722
0.00241675
0.00246293
0.00248772
0.00231221
0.00241548
0.00235438
0.00250348
0.0024902
0.00248798
0.00249993
0.00234968
0.00226611
0.00249057
0.00233608
0.00230942
0.00242864
0.00237709
0.00240744
0.00238839
0.00244471
0.00244781
0.00249985
0.00244232
0.00247105
0.00245623
0.00233954
0.00245587
0.00248116
0.0023294
0.00254053
0.00257282
0.00242068
0.00236606
0.00230957
0.00239555
0.00231229
0.00239945
0.00235634
0.00226671
0.00231717
0.00241727
0.00245994
0.00242896
0.00235821
0.00241502
0.00247925
0.00239978
0.00239984
0.0022543
0.00235371
0.00247237
0.00239743
0.00247542
0.00239341
0.00238173
0.00238405
0.00236079
0.00243634
0.00247855
0.00241044
0.00230426
0.00232029
0.00235448
0.00231023
0.00242648
0.00237577
0.00237547
0.00230319
0.00223738
0.00242752
0.0022915
0.00231587
0.00252798
0.00251284
0.00254025
0.00232763
0.00233515
0.00233669
0.00236222
0.00234868
0.00239304
0.0024334
0.00239024
0.00238714
0.00246347
0.00252367
0.0025095
0.00232753
0.00235354
0.00251904
0.00240662
0.00244349
0.00251522
0.00226557
0.00243155
0.00228532
0.00234478
0.00226794
0.00238885
0.00242921
0.00230108
0.00239156
0.00228636
0.00233947
0.00237838
0.00229916
0.000662247
