0.8
0.00347854
0.00341847
0.00331906
0.00349873
0.00350207
0.00342326
0.00343969
0.00348272
0.00331076
0.00347029
0.00345866
0.00356306
0.00340274
0.00362042
0.00337359
0.0034526
0.00348479
0.00342956
0.00343125
0.0034371
0.00339504
0.00343813
0.00347353
0.0035069
0.00344165
0.00343848
0.00325491
0.00357414
0.00346349
0.00346777
0.00319071
0.00342396
0.00343895
0.00344812
0.00341238
0.00343889
0.00347922
0.00346806
0.00342697
0.00352588
0.00346284
0.0034837
0.00341576
0.00330272
0.00349184
0.00346665
0.00340868
0.0034874
0.00324435
0.00349774
0.00334452
0.00342675
0.00341432
0.0034014
0.00351516
0.00339996
0.00331008
0.00323217
0.00342756
0.0035464
0.0034257
0.0033316
0.00339963
0.00342681
0.00347218
0.0034962
0.0033191
0.0034674
0.00328197
0.00324787
0.00335495
0.00343878
0.00331073
0.00333452
0.00339331
0.00338625
0.00311235
0.00338736
0.00331177
0.00317931
0.00329489
0.00333575
0.00327607
0.00326508
0.00318799
0.00324402
0.00324187
0.00327759
0.00331822
0.00341049
0.00349462
0.00329282
0.00330737
0.00335238
0.00331088
0.00318237
0.00331842
0.00347719
0.00332244
0.00314098
0.00321159
0.00331487
0.00324309
0.00337357
0.00334236
0.00338558
0.00334709
0.00306574
0.0032423
0.00324398
0.00324465
0.00319347
0.00333315
0.00320963
0.0031033
0.00325793
0.00330696
0.00321654
0.00317143
0.00333514
0.00329597
0.00321532
0.00321816
0.00328516
0.00330147
0.00332976
0.00315203
0.00327217
0.00327333
0.00335931
0.00334942
0.0032968
0.00323096
0.00327685
0.00314298
0.00326607
0.00337154
0.00305475
0.00317658
0.00320614
0.00308878
0.00311896
0.00330413
0.00315416
0.00316769
0.00313671
0.00335061
0.00305083
0.00311588
0.00321872
0.00330886
0.00315607
0.00301574
0.00322602
0.00324082
0.00325847
0.00317408
0.00312405
0.00326638
0.0032459
0.0031512
0.00310131
0.00335691
0.00319704
0.00304516
0.00318152
0.00332643
0.00326223
0.00312156
0.00323997
0.00325793
0.00329101
0.00319952
0.00331066
0.00307545
0.00317323
0.00307287
0.00318552
0.00315558
0.00337799
0.0032701
0.00307714
0.00319726
0.00326745
0.00327983
0.00305651
0.00320315
0.00320921
0.00324757
0.00309788
0.00316195
0.00319766
0.00312946
0.0030745
0.00307729
0.00322241
0.00308018
0.00313732
0.00328869
0.00315538
0.00331584
0.00318318
0.00316486
0.00300157
0.00314847
0.00319553
0.00315028
0.00341618
0.00317422
0.00308792
0.00317238
0.00332225
0.00310707
0.00319433
0.00312914
0.00335341
0.0032331
0.00305011
0.0031078
0.00312145
0.00319545
0.0032803
0.00295368
0.00305782
0.00317718
0.0032134
0.00319126
0.00304279
0.00308752
0.00314853
0.00298365
0.00305032
0.00309189
0.00304158
0.00318506
0.00310728
0.00310796
0.00311881
0.00303769
0.00311078
0.0031113
0.00333684
0.00318997
0.00327892
0.00305787
0.00318852
0.00311324
0.00336031
0.0030492
0.00314634
0.00313644
0.00299478
0.00325153
0.00328693
0.00302294
0.00291325
0.00318345
0.00309115
0.00297587
0.00302374
0.0029927
0.00310205
0.00300067
0.00300126
0.00337605
0.00305842
0.00311558
0.00321476
0.0032114
0.00322031
0.00298618
0.00305842
0.00300513
0.00292863
0.00304531
0.00301262
0.00289959
0.00312843
0.00303118
0.00318332
0.00305514
0.00308791
0.00309428
0.00309515
0.00301361
0.00306915
0.00310176
0.00299516
0.0030493
0.00290425
0.00314306
0.00298102
0.00316834
0.00309381
0.0031442
0.00294913
0.00312784
0.00312572
0.00307613
0.0030809
0.00301915
0.00292699
0.00297091
0.00299441
0.00297398
0.00310578
0.00303253
0.00304356
0.00305514
0.000857229
