0.8
0.0171928
0.0164726
0.0169446
0.016701
0.0169542
0.0169416
0.01692
0.0171928
0.0169215
0.0166813
0.0169177
0.0169213
0.0171928
0.0169482
0.0171928
0.0168936
0.0169438
0.016579
0.0168867
0.0159576
0.0171928
0.0171928
0.0171928
0.0171928
0.0165564
0.0171928
0.0168527
0.016658
0.01655
0.0168038
0.0168875
0.0167891
0.0167099
0.0171928
0.0169438
0.0171928
0.016851
0.0169438
0.0169085
0.0161213
0.0162041
0.0171928
0.0168645
0.0171928
0.0171928
0.0171928
0.0163926
0.0166466
0.0171928
0.0171928
0.0166546
0.016639
0.0169169
0.0171928
0.0171928
0.0171928
0.0162578
0.0167601
0.0171928
0.00345491
