0.8
0.00228289
0.00227872
0.0022745
0.00228289
0.00227449
0.00228289
0.00227447
0.00227442
0.00226596
0.00227863
0.00228289
0.00227436
0.00227437
0.00226577
0.00227865
0.00227001
0.00227858
0.00226999
0.00228289
0.00227429
0.00228289
0.00227856
0.00227855
0.00227854
0.00227855
0.00228289
0.00228289
0.00227851
0.00227411
0.00228289
0.00227848
0.00228289
0.00227845
0.00227845
0.00227404
0.00228289
0.00227846
0.00228289
0.00227842
0.00227843
0.00227838
0.00228289
0.00227837
0.00227837
0.00228289
0.00227835
0.00228289
0.00226966
0.00228289
0.00227384
0.00227831
0.00227828
0.00227829
0.00227827
0.00228289
0.00228289
0.00228289
0.00226897
0.00227356
0.00227394
0.00228289
0.00226005
0.00227819
0.00227818
0.00227816
0.00227816
0.00227338
0.00227816
0.00227813
0.00228289
0.00227331
0.00228289
0.00227811
0.00227326
0.00227807
0.00228289
0.00228289
0.00228289
0.00227318
0.00228289
0.00228289
0.002278
0.00228289
0.0022731
0.00227305
0.00227304
0.00227351
0.00228289
0.00228289
0.00227325
0.00227291
0.00227801
0.00227287
0.00227287
0.00227785
0.00228289
0.00227278
0.0022783
0.00228289
0.00227274
0.00227825
0.00227365
0.00228289
0.00228289
0.00228289
0.00227778
0.00228289
0.00227771
0.00228289
0.0022783
0.00227772
0.00228289
0.00227816
0.00228289
0.00227763
0.00228289
0.00228289
0.0022723
0.00227224
0.00227791
0.0022722
0.0022783
0.00228289
0.00227752
0.00226679
0.00228289
0.00227204
0.00227745
0.00228289
0.00227744
0.00227758
0.00227781
0.0022774
0.00227781
0.00227185
0.00227737
0.00227346
0.00228289
0.0022782
0.00227735
0.00228289
0.00228289
0.00227823
0.00227724
0.00228289
0.00227158
0.00228289
0.00227161
0.00228289
0.00227718
0.00228289
0.00227715
0.00228289
0.00227728
0.0022774
0.00228289
0.00227708
0.00228289
0.00227847
0.002277
0.0022618
0.00228289
0.00228289
0.00228289
0.00227712
0.00228289
0.00228289
0.0022719
0.00227688
0.00227085
0.00227686
0.00227681
0.00228289
0.00227678
0.00227872
0.0022768
0.00227691
0.00228289
0.00227744
0.00227178
0.00227668
0.00227127
0.00228289
0.00227691
0.00228289
0.00228289
0.00228289
0.00228289
0.00227018
0.00228289
0.00227653
0.00227016
0.00228289
0.00227646
0.00228289
0.00228289
0.00228289
0.00228289
0.00227637
0.00227782
0.00227632
0.00228289
0.00227861
0.00227717
0.00227627
0.00226615
0.00227832
0.00228289
0.00228289
0.00227618
0.00228289
0.00227732
0.00226724
0.00226627
0.00227605
0.00228289
0.00227037
0.00227837
0.00228289
0.00227599
0.00227381
0.0022782
0.00227093
0.0022781
0.00228289
0.00226427
0.00227753
0.00226938
0.00227207
0.00227855
0.00228289
0.00226934
0.00228289
0.00226652
0.00227567
0.00227804
0.00227563
0.00227043
0.00228289
0.00228289
0.00227552
0.00225787
0.00228289
0.00227861
0.00228289
0.0022756
0.00227176
0.00226773
0.00226004
0.00226766
0.00227782
0.00228289
0.00227658
0.0022777
0.00228289
0.00226761
0.00228289
0.00227507
0.00226957
0.00226991
0.0022671
0.00227704
0.00228289
0.00228289
0.00227557
0.00227769
0.00227851
0.00228289
0.00227472
0.00226787
0.00228289
0.00228289
0.00227466
0.00227578
0.0022782
0.00226981
0.00227457
0.00227458
0.00228289
0.00228289
0.0022786
0.00227812
0.0022702
0.00227796
0.00228289
0.00227802
0.00226988
0.00228289
0.00227413
0.00228289
0.00226493
0.00226679
0.00228289
0.00226497
0.00227782
0.00228289
0.00228289
0.00227381
0.00227538
0.00226876
0.00226211
0.00227365
0.00227697
0.00228289
0.00228289
0.0022735
0.00227551
0.00227638
0.00228289
0.00228289
0.00228289
0.00226363
0.00227798
0.00227788
0.00228289
0.00228289
0.00227557
0.00228289
0.00228289
0.00227277
0.00228289
0.00228289
0.00228289
0.00228289
0.00226555
0.00227697
0.00227864
0.00228289
0.0022714
0.00227182
0.00228289
0.00227845
0.00226613
0.00227043
0.00226806
0.00228289
0.00228289
0.00228289
0.00228289
0.00228289
0.00226384
0.00227816
0.00228289
0.00227828
0.00226875
0.00226277
0.00228289
0.00226893
0.00227128
0.00226436
0.00227137
0.00228289
0.00228289
0.00227705
0.00227196
0.00228289
0.00227749
0.00228289
0.00227503
0.00228289
0.00225822
0.00228289
0.00228289
0.00228289
0.00226919
0.00227862
0.00228289
0.00228289
0.00227156
0.00225955
0.00226746
0.00226585
0.00227182
0.00226119
0.00228289
0.00227766
0.00228289
0.00227439
0.00228289
0.00227665
0.00225902
0.00225231
0.00227279
0.00227683
0.00227614
0.00226916
0.00225398
0.00227294
0.00227642
0.00225148
0.00226848
0.00228289
0.00228289
0.00228289
0.00228289
0.00228289
0.00227288
0.0022759
0.00228289
0.00227457
0.00227801
0.00227435
0.00228289
0.0022502
0.0022696
0.00227843
0.00228289
0.00226972
0.00227175
0.00227551
0.00227161
0.00228289
0.00226303
0.00228289
0.00228289
0.0022466
0.00227862
0.00228289
0.00227798
0.00227414
0.00226363
0.00228289
0.00228289
0.00228289
0.00228289
0.00228289
0.00227631
0.00228289
0.00228289
0.00228289
0.00228289
0.00228289
0.00227572
0.00226811
0.00228289
0.00226449
0.00228289
0.00226584
0.00226373
0.000457261
