0.8
0.00386439
0.00387646
0.00387646
0.00386436
0.00387646
0.00387646
0.00387646
0.00385195
0.00385189
0.0038641
0.00387646
0.00386404
0.00381416
0.00387646
0.00387646
0.00386385
0.00386397
0.00386388
0.00385161
0.00386378
0.0038509
0.00387646
0.00385061
0.00387646
0.00387646
0.00386338
0.00386333
0.00383729
0.00385052
0.00386324
0.00385126
0.00386326
0.00386306
0.00386328
0.00385059
0.00386388
0.00387646
0.00387646
0.00386288
0.00387646
0.00387646
0.00387646
0.0038627
0.00386265
0.00387646
0.00387646
0.00382133
0.00384867
0.00387646
0.00387646
0.00386235
0.00384795
0.00387646
0.00387646
0.00384838
0.00386197
0.00384893
0.00387646
0.0038618
0.0038619
0.00387646
0.00386168
0.00384855
0.0038488
0.00386146
0.00387646
0.00387646
0.00387646
0.00387646
0.00383215
0.00384927
0.00384565
0.00386099
0.00386101
0.0038609
0.0038608
0.00386329
0.00387646
0.00386048
0.00386056
0.00386048
0.00384849
0.00386447
0.00387646
0.00387646
0.00386037
0.00387646
0.00384355
0.00387646
0.00385994
0.00386099
0.00385978
0.00387646
0.00385951
0.00387646
0.00386368
0.00387646
0.00385928
0.00385919
0.00384178
0.00384204
0.003864
0.00384131
0.00385889
0.00387646
0.00387646
0.00384561
0.00385858
0.00387646
0.00387646
0.00384028
0.0038581
0.0038398
0.00382099
0.00386191
0.00382675
0.00387646
0.00384485
0.00387646
0.00387646
0.00385743
0.00385823
0.00387646
0.00385702
0.00387646
0.00385705
0.0038409
0.00387646
0.00387646
0.00387646
0.00387646
0.00385665
0.00385618
0.0038618
0.00387646
0.00382406
0.00386105
0.00387646
0.00387646
0.00387646
0.00385526
0.00387646
0.00385511
0.00382138
0.00387646
0.00385824
0.00387646
0.00385449
0.00387646
0.00387646
0.00387646
0.00384103
0.00382342
0.00387646
0.00387646
0.00387646
0.00387646
0.00385929
0.00387646
0.00385929
0.00381559
0.00387646
0.00383959
0.00387646
0.00383919
0.00382629
0.00387646
0.00385159
0.00387646
0.00386116
0.00387646
0.00385864
0.003864
0.00384777
0.0038618
0.00386395
0.00386258
0.00385693
0.00382383
0.00385742
0.00387646
0.00385898
0.00387646
0.00387646
0.00382111
0.00385993
0.00386287
0.00380717
0.00381973
0.0038608
0.00387646
0.00385261
0.00387646
0.00386191
0.00385926
0.00381658
0.00383119
0.00387646
0.00387646
0.00384141
0.003802
0.00382808
0.00386342
0.0038508
0.00384417
0.00387646
0.00387646
0.00387646
0.00378599
0.00384269
0.00374707
0.00384352
0.00387646
0.0038293
0.00387646
0.00387646
0.00381475
0.00387646
0.00387646
0.00387646
0.00387646
0.00387646
0.00387646
0.00387646
0.00385007
0.00381229
0.00387646
0.00383722
0.00387646
0.00383934
0.00383911
0.00381912
0.00383544
0.00387646
0.00386223
0.00383755
0.00387646
0.00379102
0.00385055
0.00385823
0.00385292
0.00386066
0.00387646
0.00386277
0.00378318
0.00385929
0.00385229
0.00382846
0.00381673
0.00384732
0.00387646
0.00387646
0.00384899
0.00386123
0.00383768
0.00374763
0.00382743
0.00382226
0.00385928
0.000778152
