0.8
0.00312861
0.00312071
0.00313637
0.0031444
0.0031444
0.0031444
0.00311234
0.00313636
0.0031444
0.00313637
0.0031444
0.00311996
0.00313638
0.0031444
0.00311977
0.0031444
0.00312788
0.00313616
0.0031444
0.0031444
0.00313605
0.0031444
0.0031276
0.00312756
0.0031444
0.0031444
0.00312743
0.00311886
0.0031444
0.0031444
0.00312732
0.00313582
0.00313585
0.00313583
0.0031444
0.00312702
0.00312703
0.0031444
0.0031356
0.0031444
0.00311799
0.0031444
0.0031444
0.00311877
0.00313545
0.0031444
0.0031444
0.00312644
0.00313538
0.00312641
0.00313574
0.0031444
0.00312624
0.0031444
0.0031444
0.0031444
0.00313597
0.0031444
0.00313516
0.00313525
0.0031444
0.00312715
0.00313597
0.0031444
0.0031444
0.0031444
0.0031444
0.0031159
0.0031444
0.00313486
0.0031444
0.00313477
0.00313468
0.0031444
0.0031444
0.0031444
0.0031444
0.0031444
0.00313501
0.0031444
0.0031444
0.0031444
0.0031444
0.0031444
0.0031444
0.0031444
0.00313513
0.00312525
0.00313421
0.00312502
0.00313414
0.00313589
0.00312642
0.00313459
0.00313405
0.00311362
0.00310281
0.0031444
0.0031255
0.00313397
0.00312384
0.00313384
0.00313638
0.00313377
0.00313368
0.00312557
0.00313358
0.00313365
0.00313354
0.0031335
0.0031444
0.00313339
0.0031444
0.00313333
0.0031444
0.00312544
0.00313323
0.0031444
0.00311459
0.00313311
0.0031444
0.00313308
0.00311307
0.00311294
0.0031444
0.00312142
0.00313574
0.00311132
0.00313274
0.00312198
0.00312078
0.00312436
0.00312577
0.0031444
0.00312065
0.00312402
0.00313251
0.0031444
0.0031444
0.00313365
0.0031322
0.0031444
0.00313465
0.0031444
0.00313195
0.00313196
0.0031444
0.00312331
0.0031444
0.00312055
0.0031444
0.00313173
0.0031228
0.00311873
0.0031444
0.0031444
0.00313596
0.0031214
0.0031313
0.00313118
0.0031444
0.00313501
0.00311974
0.0031444
0.0031444
0.00313545
0.00313331
0.00312113
0.00311709
0.00313497
0.00313068
0.00311973
0.0031444
0.00313053
0.00313568
0.0031444
0.00310597
0.00310852
0.00313005
0.00312144
0.00313555
0.00313005
0.00310494
0.00313619
0.00313505
0.00312089
0.00311334
0.0031444
0.00311805
0.00313505
0.0031444
0.0031444
0.00313085
0.0031444
0.0031444
0.0031037
0.0031344
0.00311819
0.0031444
0.00310476
0.0031444
0.00312848
0.00310286
0.0031362
0.00311536
0.00311017
0.0031444
0.0031444
0.00311783
0.0031444
0.0031444
0.0031444
0.0031187
0.00311209
0.00312962
0.00313607
0.00313105
0.0031444
0.0031444
0.0031227
0.00310944
0.00312678
0.0031444
0.0031444
0.0031444
0.0031444
0.00312549
0.00313023
0.00312657
0.00312962
0.00311772
0.00312061
0.00312546
0.00312507
0.00312598
0.00313105
0.00310642
0.00313112
0.0031444
0.0031248
0.00313167
0.0031444
0.00312974
0.0031444
0.00311693
0.00313444
0.00311076
0.0031444
0.00311214
0.00313307
0.00313444
0.0031444
0.0031444
0.0031444
0.0031444
0.0031444
0.0031223
0.0031444
0.00312524
0.00313479
0.00312066
0.00313649
0.0031444
0.00312962
0.00311415
0.0031444
0.00309638
0.00312045
0.00312146
0.0031444
0.00312291
0.0031444
0.00313354
0.0031444
0.0031444
0.00311897
0.0031444
0.0031444
0.00312111
0.00313637
0.0031444
0.00313088
0.00313016
0.0031444
0.0031444
0.0031444
0.00313527
0.00311645
0.00313615
0.0031444
0.00312213
0.00313533
0.00311519
0.0031444
0.00311077
0.0031444
0.00311969
0.00313085
0.00312315
0.0031444
0.00312833
0.00313597
0.00307787
0.00310849
0.00313647
0.00311318
0.0031444
0.00313568
0.0031444
0.00310928
0.0031444
0.0031444
0.0031444
0.0031444
0.00310822
0.00312396
0.0031444
0.00313256
0.00313215
0.000630211
