0.8
0.00304898
0.00304898
0.00304898
0.00303408
0.00304898
0.00304143
0.00304142
0.00304148
0.0030414
0.0030414
0.00304898
0.00304898
0.00304145
0.00304898
0.00304135
0.00304145
0.00304127
0.00304126
0.00303346
0.00304122
0.00304118
0.00303328
0.00304128
0.00304116
0.00304116
0.00304898
0.00304898
0.00304102
0.00304104
0.00304096
0.003041
0.00304898
0.00304898
0.00303273
0.00304898
0.00303272
0.00303272
0.00304145
0.00304084
0.00304898
0.00304072
0.00304064
0.00302477
0.00304898
0.00303308
0.0030406
0.00304061
0.00304898
0.00304898
0.00304057
0.00301498
0.00304898
0.00304044
0.00304154
0.00304898
0.00302402
0.00304898
0.00304898
0.00304898
0.00304153
0.00304134
0.00304054
0.00304898
0.00304082
0.00304898
0.00304898
0.00304014
0.00303116
0.00304009
0.00304008
0.00303997
0.00304898
0.00304898
0.00304898
0.00303985
0.00304006
0.00304898
0.00304898
0.00303989
0.00303977
0.00303088
0.00303971
0.00302362
0.00303035
0.0030396
0.0030396
0.00304898
0.00304898
0.00304898
0.00302992
0.00303065
0.00303201
0.00304898
0.00304134
0.00303931
0.00301033
0.00302954
0.00303923
0.00304015
0.00303918
0.00304898
0.00302956
0.00303912
0.00303011
0.00304898
0.00303907
0.00304898
0.00303891
0.0030388
0.00303963
0.00304898
0.00303963
0.00301834
0.00302847
0.00304898
0.00302828
0.00303872
0.00303855
0.00304898
0.00304898
0.00304022
0.00303843
0.00303101
0.00304898
0.00302792
0.00303141
0.00304898
0.00304898
0.00303009
0.00303813
0.00304898
0.00302981
0.00303007
0.00303804
0.00303791
0.00304898
0.00302947
0.00302927
0.00303777
0.00301837
0.0030283
0.0030263
0.00303784
0.00303758
0.00303852
0.00301723
0.00304898
0.00304898
0.00304898
0.00304898
0.00303727
0.00304898
0.00304898
0.00302871
0.00304898
0.00303704
0.00302651
0.00304898
0.00302488
0.00303686
0.00303718
0.00304898
0.00304898
0.00300911
0.0030366
0.00303657
0.00304898
0.00304076
0.00303643
0.00304898
0.00304081
0.00304898
0.00304898
0.00303028
0.00304141
0.00304898
0.00303597
0.00302693
0.00304898
0.00303993
0.00301307
0.0030225
0.00304058
0.00299904
0.00304032
0.00303584
0.00301585
0.00304898
0.0030406
0.00303534
0.0030215
0.00303504
0.00304898
0.00303495
0.00303486
0.00304898
0.00304898
0.00304898
0.00304898
0.00303462
0.00301182
0.00301422
0.00303435
0.00304898
0.00299892
0.00302544
0.00304898
0.00303399
0.00303401
0.00304898
0.00304898
0.00304898
0.00303362
0.00304898
0.0030249
0.00304898
0.00304032
0.00303317
0.00304898
0.00304898
0.00304898
0.00304898
0.00304898
0.00304007
0.00301654
0.00304106
0.00304898
0.00303621
0.00304898
0.00302076
0.00303892
0.00301217
0.00302974
0.00304898
0.00303166
0.00304898
0.00304898
0.00303685
0.00303146
0.00304898
0.00304002
0.00301805
0.00303472
0.00302984
0.00304898
0.00303169
0.00303048
0.00304898
0.00304898
0.00303038
0.00302361
0.00302291
0.00304898
0.00303245
0.00304898
0.00304898
0.00304898
0.00304898
0.00303821
0.00304898
0.00303141
0.00304082
0.00304898
0.0030177
0.00301828
0.00304898
0.00301029
0.00302788
0.00301763
0.00304025
0.00304898
0.00304898
0.00304898
0.00304076
0.00301878
0.00303844
0.00302643
0.00303798
0.00304898
0.00303615
0.00302907
0.0030259
0.00304898
0.00300349
0.00304898
0.0030177
0.00301781
0.00300883
0.00304898
0.00303983
0.00303882
0.00303375
0.00300602
0.00300665
0.00304898
0.00300181
0.0029903
0.00300554
0.00304898
0.00303773
0.00304898
0.00304898
0.00304898
0.00303948
0.00304898
0.00304898
0.00304898
0.00301795
0.00302607
0.0030142
0.00304898
0.00299612
0.00304032
0.00304898
0.00304898
0.00303986
0.0030215
0.00303882
0.00303429
0.00304898
0.00304898
0.00299002
0.003041
0.00301341
0.00303184
0.00303852
0.00298048
0.00304898
0.00304898
0.000611425
