0.8
0.00675529
0.00671871
0.00675529
0.00675529
0.00671745
0.00675529
0.00675529
0.00671732
0.00671709
0.00671687
0.00675529
0.00671647
0.00667936
0.00671575
0.00675529
0.00671501
0.00663692
0.00667846
0.00667632
0.00675529
0.00671519
0.00671437
0.00675529
0.00667184
0.00671415
0.00667776
0.00671349
0.00671249
0.00671228
0.00675529
0.00675529
0.00666728
0.00667203
0.00675529
0.00675529
0.00666578
0.00666487
0.00675529
0.0067084
0.00671171
0.00671766
0.00675529
0.00667024
0.00671255
0.00666058
0.0067111
0.00675529
0.00670669
0.00670591
0.0067057
0.00667383
0.00675529
0.00665311
0.00666615
0.00675529
0.00675529
0.00665082
0.00675529
0.00675529
0.00671408
0.00675529
0.00670059
0.00648816
0.00661244
0.00670206
0.00669909
0.00664115
0.00675529
0.00664159
0.00669676
0.00669769
0.00675529
0.00671027
0.00669516
0.00665885
0.00675529
0.00657393
0.0067111
0.00665071
0.00675529
0.00675529
0.00675529
0.00662571
0.00675529
0.00666577
0.00675529
0.00663576
0.00669766
0.00670303
0.00668612
0.00675529
0.00675529
0.00670376
0.00661835
0.00675529
0.00675529
0.00652585
0.00667974
0.00663175
0.00663788
0.00671027
0.00662492
0.00667493
0.00675529
0.00661955
0.00661781
0.00675529
0.00675529
0.00664867
0.00675529
0.00669543
0.00675529
0.00668796
0.00671056
0.00653224
0.00671642
0.00675529
0.00665782
0.00675529
0.00656344
0.00671056
0.00668099
0.00670673
0.00675529
0.00675529
0.00675529
0.00670531
0.00675529
0.00675529
0.00675529
0.00664042
0.00675529
0.00665873
0.00671812
0.00675529
0.00670219
0.00663639
0.00675529
0.00675529
0.00675529
0.00668611
0.00663332
0.00671853
0.00675529
0.00654615
0.00664055
0.00675529
0.00671553
0.00653089
0.00135698
