0.8
0.0101971
0.0101131
0.0101124
0.0101971
0.0101118
0.0100208
0.0100235
0.0101068
0.0101971
0.0101971
0.0101055
0.0101047
0.0100131
0.0101065
0.0100086
0.0100082
0.0101971
0.00992057
0.0101064
0.0100002
0.00999838
0.0101971
0.0100943
0.0101971
0.00999148
0.0101031
0.0099
0.0101971
0.0100882
0.010088
0.0101971
0.0101971
0.010102
0.0100853
0.00996681
0.0100824
0.0101073
0.0100797
0.00996644
0.0101971
0.00995387
0.0100894
0.0101971
0.0101971
0.0101971
0.0100692
0.00968353
0.0100956
0.0101971
0.0100571
0.0101971
0.00997921
0.0101971
0.0101004
0.0101971
0.0100554
0.009744
0.0101971
0.0100823
0.010081
0.00992513
0.010111
0.0101971
0.0101971
0.0101971
0.00999634
0.0101971
0.00986341
0.0100894
0.0101971
0.0100189
0.0100606
0.0101971
0.0101971
0.0100936
0.0101971
0.0101128
0.00986681
0.0101971
0.0101971
0.00988092
0.010087
0.0101971
0.00958751
0.0101971
0.0101971
0.0100481
0.0100038
0.0101971
0.00999729
0.0101971
0.0099633
0.00979274
0.00983036
0.0101138
0.0099491
0.0101971
0.0101971
0.00995786
0.00204937
