0.8
0.00925462
0.00918426
0.00925462
0.00911564
0.00911384
0.00918335
0.00925462
0.00918165
0.00910874
0.00918108
0.00910585
0.00918608
0.00917944
0.00925462
0.00925462
0.00917892
0.00917602
0.00925462
0.00909655
0.00917582
0.00917337
0.00925462
0.0091735
0.00925462
0.00917264
0.00925462
0.00916969
0.00925462
0.00908447
0.00917741
0.00908903
0.00916465
0.00925462
0.00916492
0.00909513
0.00925462
0.00925462
0.00916107
0.00925462
0.00905996
0.00915831
0.00907933
0.00925462
0.00918108
0.00917678
0.00915391
0.00915307
0.00915801
0.00925462
0.00925462
0.00905357
0.00918152
0.00925462
0.0091703
0.00914069
0.00917613
0.00917814
0.00913886
0.00906112
0.00901679
0.00906177
0.00913335
0.0085765
0.00905696
0.00925462
0.00925462
0.00918152
0.00916454
0.0089786
0.00925462
0.00925462
0.00925462
0.00910867
0.00925462
0.00899941
0.00925462
0.0089516
0.00925462
0.00925462
0.00917537
0.00913997
0.00925462
0.00897017
0.00925462
0.0090938
0.00913997
0.00892569
0.00925462
0.00913423
0.0091853
0.00886713
0.00907684
0.00905179
0.00887703
0.00918287
0.00908823
0.00888892
0.00925462
0.0091703
0.00925462
0.00925462
0.00906989
0.00907812
0.00925462
0.00925462
0.00925462
0.00925462
0.00925462
0.00910406
0.00186099
