0.8
0.00239236
0.00239236
0.00238777
0.00238316
0.00238773
0.00238771
0.00239236
0.00239236
0.00238772
0.00238772
0.00239236
0.00238767
0.00238766
0.00238769
0.00239236
0.00239236
0.00239236
0.00238764
0.00239236
0.00239236
0.00238761
0.00238759
0.00239236
0.00239236
0.00238757
0.00239236
0.00238755
0.00239236
0.0023827
0.0023875
0.00238751
0.00238747
0.00239236
0.00238748
0.00238255
0.00238742
0.0023875
0.00238776
0.00237754
0.00239236
0.00239236
0.00237757
0.0023874
0.00239236
0.00239236
0.00239236
0.00238735
0.00238733
0.00238734
0.00239236
0.0023875
0.00239236
0.00238273
0.00238727
0.00238724
0.00239236
0.00239236
0.00238719
0.00238213
0.00237693
0.00238713
0.00239236
0.00238198
0.0023819
0.00239236
0.00238708
0.00238711
0.00239236
0.00238187
0.00238186
0.00238176
0.0023871
0.00237644
0.00238172
0.00238705
0.00239236
0.00238723
0.00237625
0.00238184
0.00239236
0.00239236
0.00239236
0.00238153
0.00239236
0.00238691
0.00239236
0.00239236
0.00238197
0.00238684
0.00236553
0.00239236
0.0023874
0.00239236
0.00237562
0.00239236
0.00238712
0.00238116
0.00238674
0.0023868
0.00238155
0.00239236
0.00238103
0.00239236
0.00239236
0.00239236
0.00237702
0.00239236
0.00238081
0.00239236
0.00238078
0.00239236
0.00239236
0.00238657
0.00238727
0.00239236
0.00238062
0.00238775
0.00238652
0.00239236
0.00238644
0.00239236
0.00238719
0.00238044
0.00239236
0.00238659
0.00238674
0.00238631
0.00239236
0.0023863
0.00239236
0.00239236
0.0023813
0.00239236
0.00239236
0.00238005
0.00239236
0.00238073
0.0023862
0.00239236
0.00239236
0.00238719
0.0023861
0.00236781
0.00238692
0.00238609
0.00238183
0.00239236
0.00239236
0.00239236
0.00238596
0.00239236
0.00238595
0.00239236
0.00238594
0.00239236
0.00239236
0.00237947
0.00238586
0.00239236
0.00238579
0.00238054
0.00237916
0.00238694
0.00238573
0.00239236
0.00237898
0.00238567
0.00238566
0.00238586
0.00238604
0.00239236
0.00238556
0.00237874
0.0023787
0.00238596
0.00239236
0.0023873
0.00239236
0.00238614
0.00239236
0.00239236
0.00238012
0.00237394
0.00238536
0.00238113
0.00239236
0.00238761
0.00239236
0.00238735
0.00239236
0.00239236
0.00239236
0.00237994
0.00239236
0.00239236
0.00238773
0.00237769
0.00237767
0.002385
0.00238757
0.00238573
0.00238493
0.00238493
0.00238045
0.00238486
0.00237871
0.00239236
0.00238599
0.00238474
0.00238531
0.00237706
0.00238729
0.00239236
0.00237173
0.00239236
0.00236919
0.0023877
0.00239236
0.002387
0.00238729
0.00237892
0.00237995
0.00237811
0.00238451
0.00237138
0.00239236
0.00238739
0.00238427
0.00239236
0.00239236
0.00239236
0.00238414
0.00238723
0.00238691
0.00239236
0.00237908
0.00238403
0.0023673
0.00237754
0.00238237
0.00239236
0.00238397
0.00238389
0.00238116
0.00238701
0.00239236
0.00237615
0.00239236
0.00238477
0.00238477
0.0023702
0.00238714
0.002378
0.00237694
0.00238018
0.00239236
0.00238342
0.00239236
0.00238604
0.00238327
0.00236855
0.00237771
0.00237425
0.00238319
0.00238452
0.00238318
0.00238397
0.0023876
0.00238299
0.00239236
0.00238358
0.00237788
0.00237329
0.00239236
0.00239236
0.00237695
0.00238651
0.00238273
0.00237979
0.00238261
0.00237863
0.00239236
0.00239236
0.00237627
0.00235906
0.00237492
0.00238226
0.00239236
0.00239236
0.00236042
0.00238538
0.00238206
0.00237512
0.00238773
0.00237424
0.00239236
0.00238183
0.002376
0.00237774
0.00239236
0.00239236
0.00237798
0.00239236
0.00239236
0.00239236
0.00237957
0.00238636
0.00236992
0.00238664
0.0023734
0.00237052
0.00237387
0.00238213
0.00238197
0.00239236
0.00239236
0.00238201
0.00239236
0.00238258
0.00239236
0.00236679
0.00238179
0.00238058
0.00239236
0.00237614
0.00239236
0.00239236
0.00239236
0.00238017
0.00238054
0.00239236
0.00239236
0.00238499
0.00237842
0.00239236
0.0023749
0.00237958
0.00236948
0.00239236
0.00237781
0.00239236
0.00236774
0.00238739
0.00239236
0.00239236
0.0023874
0.00239236
0.00238546
0.00236642
0.00237564
0.00239236
0.00239236
0.00236003
0.00238556
0.00238697
0.00236931
0.00238405
0.00238558
0.00239236
0.00239236
0.00239236
0.00237972
0.00238508
0.00239236
0.00239236
0.00239236
0.00237754
0.00239236
0.00237345
0.00239236
0.00238591
0.00237189
0.00239236
0.00238712
0.00239236
0.00238567
0.00238104
0.00238197
0.00237789
0.00238469
0.00238112
0.00235154
0.00238775
0.00238531
0.00239236
0.00239236
0.00239236
0.00239236
0.0023682
0.00237459
0.00239236
0.00239236
0.00237288
0.00238718
0.00237644
0.00238018
0.00238612
0.00239236
0.00236601
0.00238645
0.00239236
0.00238665
0.00238656
0.00236694
0.00238212
0.00237289
0.00239236
0.00239236
0.00239236
0.00239236
0.0023743
0.00238248
0.00238735
0.00237649
0.00239236
0.00239236
0.00239236
0.00239236
0.00238017
0.000479392
