0.8
0.0197186
0.0204029
0.0204233
0.0196777
0.0203811
0.0207701
0.0203855
0.0203937
0.0207701
0.0207701
0.0199506
0.0199275
0.0207701
0.0203403
0.0203193
0.0207701
0.0207701
0.0199356
0.0202913
0.0204182
0.0202634
0.0207701
0.0197218
0.0198187
0.0203926
0.0199436
0.0207701
0.0197625
0.0207701
0.0188656
0.0201223
0.0194804
0.0207701
0.0207701
0.0204178
0.0201933
0.0207701
0.0198488
0.0207701
0.0202385
0.0207701
0.0196121
0.0207701
0.0207701
0.0207701
0.0201318
0.0198104
0.0207701
0.0207701
0.00417872
