0.8
0.0084746
0.0084746
0.00841689
0.00841593
0.0084746
0.0084746
0.00823495
0.00835456
0.00841442
0.00835238
0.0084746
0.00835164
0.0084746
0.0084746
0.0084746
0.00841171
0.00835032
0.0084746
0.0084746
0.0084746
0.0084746
0.00840694
0.00841626
0.0084746
0.00840664
0.0084746
0.00833626
0.00833507
0.00840309
0.0084031
0.0084746
0.0084746
0.0084746
0.00840061
0.00839995
0.0084746
0.00832288
0.00841056
0.00839723
0.0084746
0.00833169
0.0084746
0.00839362
0.00832219
0.0082754
0.00839479
0.00830897
0.0082274
0.0084746
0.00841113
0.00833005
0.00823655
0.00833199
0.0084746
0.00830171
0.00834247
0.00838198
0.0084746
0.00840698
0.00835845
0.00839928
0.00828509
0.0084746
0.00832395
0.00837508
0.00821997
0.0084746
0.0084746
0.0084746
0.0084746
0.00840187
0.0084746
0.0083213
0.00840124
0.00833995
0.00830552
0.0084746
0.00820758
0.00817193
0.0084746
0.00841535
0.00835021
0.00814146
0.00836256
0.0084746
0.0084746
0.0084746
0.00840484
0.00838854
0.00839574
0.00841342
0.0084746
0.00840698
0.00841056
0.00834478
0.0084746
0.0084746
0.0084746
0.0084746
0.00834937
0.0084746
0.0084746
0.00810357
0.00841535
0.0083736
0.00809505
0.00818406
0.008305
0.00826523
0.00826581
0.0084746
0.0084746
0.00832181
0.00832505
0.0084746
0.00826645
0.0084746
0.00810799
0.0084746
0.00170613
