0.8
0.00724685
0.00720602
0.00724685
0.00724685
0.00711898
0.00724685
0.00724685
0.00720387
0.00715861
0.00715921
0.00720193
0.00724685
0.00724685
0.00720137
0.00720134
0.00720219
0.0071539
0.0071544
0.00719891
0.00720165
0.00719934
0.00724685
0.00724685
0.0072027
0.00724685
0.00715449
0.00719948
0.00714941
0.0071972
0.00724685
0.0071503
0.00719567
0.0071953
0.00724685
0.00714144
0.00719452
0.0071939
0.00714047
0.00713872
0.00724685
0.00714844
0.00713827
0.00724685
0.00720447
0.00724685
0.00718965
0.00724685
0.00724685
0.00712961
0.00718879
0.0072017
0.00718685
0.0071254
0.00718731
0.00724685
0.00712593
0.00724685
0.00724685
0.00724685
0.00719528
0.00724685
0.0071819
0.00712218
0.00724685
0.00712254
0.00720237
0.00724685
0.00724685
0.00719671
0.00719801
0.00706152
0.00724685
0.00719566
0.00724685
0.0071752
0.00724685
0.00710479
0.00724685
0.00719801
0.00724685
0.00716889
0.007118
0.00720237
0.00710984
0.00724685
0.00719417
0.00718533
0.00724685
0.00724685
0.00707507
0.00724685
0.0069899
0.00715724
0.00706732
0.00724685
0.00717272
0.00715263
0.00707569
0.00702617
0.00714439
0.00715203
0.00716134
0.0071938
0.00714681
0.00724685
0.00706959
0.00715094
0.00724685
0.00700262
0.00724685
0.00719807
0.00724685
0.00720237
0.00694301
0.00724685
0.00724685
0.0069325
0.00724685
0.00724685
0.00717901
0.00718734
0.00698229
0.00724685
0.00719494
0.00702815
0.00724685
0.00724685
0.00716195
0.0072027
0.00724685
0.00719989
0.00703283
0.00702131
0.00724685
0.00717902
0.00704216
0.00724685
0.00719965
0.00724685
0.0014576
