0.8
0.0029584
0.0029584
0.00295137
0.0029584
0.00295137
0.0029584
0.0029584
0.00294402
0.0029584
0.00295125
0.0029584
0.0029584
0.0029584
0.002944
0.0029584
0.00293663
0.00295121
0.0029584
0.0029437
0.0029584
0.00294391
0.00293638
0.00295104
0.0029436
0.00294358
0.002951
0.0029584
0.0029584
0.0029584
0.0029584
0.0029584
0.00295118
0.00294324
0.0029584
0.0029584
0.0029584
0.00293578
0.00295116
0.00294302
0.00295062
0.00295065
0.0029584
0.00295063
0.0029584
0.00293557
0.00295054
0.00295054
0.00294316
0.0029584
0.0029584
0.00295044
0.0029505
0.0029584
0.0029584
0.0029513
0.00294333
0.0029584
0.0029341
0.00295029
0.0029584
0.0029584
0.00294206
0.00295025
0.00294203
0.00295024
0.00294192
0.0029584
0.0029584
0.0029584
0.0029342
0.00294169
0.00295001
0.0029424
0.0029584
0.00294989
0.0029499
0.00293295
0.00294985
0.00294979
0.00294208
0.00294972
0.0029584
0.00294266
0.0029497
0.0029584
0.0029584
0.0029584
0.00294956
0.0029584
0.00294954
0.0029584
0.00294945
0.00294395
0.0029494
0.0029495
0.0029584
0.0029584
0.0029584
0.00294931
0.00294009
0.00295122
0.00292162
0.00295112
0.00295105
0.00294912
0.0029584
0.00293089
0.00294904
0.00293967
0.00295059
0.00293007
0.00294078
0.00294954
0.00293926
0.00294954
0.0029488
0.0029584
0.00294961
0.0029584
0.0029584
0.00294867
0.0029486
0.0029584
0.0029584
0.00294849
0.0029584
0.00292352
0.0029584
0.0029584
0.00294991
0.0029584
0.002931
0.00293947
0.0029584
0.00292766
0.00293907
0.00293779
0.00295118
0.00294969
0.0029584
0.00294044
0.0029584
0.0029408
0.00294786
0.00293892
0.0029584
0.00294771
0.00294767
0.00294064
0.0029584
0.00292155
0.00294797
0.0029584
0.00295069
0.0029584
0.0029584
0.0029584
0.00292832
0.00293967
0.00294726
0.00293704
0.0029584
0.00295
0.0029584
0.00294699
0.0029584
0.00294693
0.00294684
0.0029584
0.00294667
0.00292659
0.00294006
0.00294925
0.00295
0.00295061
0.00292916
0.00292982
0.0029584
0.0029584
0.0029584
0.00292817
0.00293521
0.00293816
0.00294616
0.00295092
0.00293786
0.00293884
0.00293782
0.0029584
0.00294572
0.00293315
0.00292458
0.00294561
0.0029584
0.00292295
0.00293248
0.00294544
0.00295006
0.0029584
0.0029584
0.00294513
0.00293826
0.00293736
0.0029584
0.00293637
0.00294903
0.00295113
0.00294655
0.0029584
0.00294627
0.0029584
0.0029584
0.0029584
0.00294707
0.0029584
0.00294417
0.00294109
0.0029442
0.00293454
0.0029584
0.00294599
0.00294375
0.00295048
0.00295037
0.00293734
0.00294172
0.00293542
0.00294336
0.00295015
0.00294323
0.00294634
0.00294304
0.00294932
0.00294945
0.0029584
0.00294267
0.00294932
0.00294258
0.0029584
0.00294247
0.00293214
0.00294391
0.00294843
0.00294964
0.0029584
0.0029584
0.0029584
0.0029439
0.00294156
0.00295063
0.00295067
0.00294826
0.00295054
0.00295067
0.0029584
0.0029584
0.00293708
0.0029584
0.0029584
0.0029329
0.0029584
0.00294994
0.00294969
0.00295118
0.00293998
0.0029584
0.00292676
0.00293205
0.00295027
0.0029584
0.00293163
0.00293916
0.0029584
0.00294246
0.00293866
0.0029584
0.00294793
0.0029584
0.0029267
0.00293769
0.0029584
0.00293782
0.00294432
0.00293513
0.00294786
0.0029584
0.00295
0.0029584
0.0029584
0.0029397
0.0029584
0.0029584
0.00293784
0.00293107
0.0029584
0.00295054
0.0029584
0.0029584
0.0029584
0.00294169
0.0029584
0.0029584
0.00293861
0.0029584
0.0029584
0.00294289
0.00294297
0.00293623
0.0029584
0.00293382
0.00292128
0.0029584
0.0029584
0.0029584
0.00293148
0.00294698
0.00291643
0.00294759
0.00294655
0.0029584
0.00293276
0.0029584
0.0029584
0.00292468
0.00292106
0.0029584
0.00294213
0.00295122
0.00295105
0.0029584
0.00293838
0.00292908
0.0029584
0.00289526
0.0029584
0.00294876
0.00292369
0.0029584
0.00293617
0.000592984
