0.8
0.0126651
0.0122715
0.0123999
0.0125258
0.0127963
0.0127963
0.0126619
0.0125116
0.0126559
0.0122184
0.0127963
0.0126482
0.0126472
0.0126448
0.0127963
0.0127963
0.0127963
0.0127963
0.0127963
0.0126333
0.0121536
0.0127963
0.0126268
0.0127963
0.0127963
0.0123203
0.0126189
0.0126559
0.0127963
0.0127963
0.0126559
0.0126168
0.0126145
0.0127963
0.0127963
0.0125945
0.0126658
0.0127963
0.012584
0.0125852
0.0127963
0.012198
0.0127963
0.0127963
0.0127963
0.0124854
0.0127963
0.0124372
0.0124385
0.0127963
0.0126395
0.0127963
0.0127963
0.0127963
0.0127963
0.0117735
0.0127963
0.0126269
0.0125956
0.0126269
0.0123096
0.012653
0.0125162
0.0127963
0.0123008
0.012643
0.0125461
0.0126559
0.012519
0.0127963
0.0126222
0.0127963
0.0125808
0.0125481
0.0122714
0.0126291
0.0125814
0.0127963
0.0123746
0.00256526
