0.8
0.00257718
0.00257718
0.00257718
0.00257181
0.00257179
0.00256117
0.00255027
0.00257182
0.00257183
0.00256633
0.00257177
0.00256633
0.00257175
0.00256623
0.00257718
0.00257718
0.00257168
0.00256074
0.00256621
0.00257163
0.00257718
0.00257162
0.00257718
0.00257164
0.00257718
0.00257159
0.00257155
0.00257718
0.00256589
0.00257152
0.00257155
0.00257718
0.00257147
0.00256614
0.00257148
0.00257718
0.00256575
0.00257143
0.00257718
0.00257137
0.00257718
0.00257718
0.00257137
0.00257135
0.00257718
0.00256549
0.002566
0.00256542
0.00257718
0.00257718
0.00257718
0.00257718
0.00257718
0.00257718
0.00257718
0.00257155
0.00256512
0.00257113
0.00256512
0.00255925
0.00256509
0.00257718
0.0025715
0.00257109
0.00257107
0.00257108
0.00257718
0.002571
0.00256527
0.00256493
0.00257718
0.00255262
0.00257718
0.00256527
0.00256467
0.00257089
0.00255829
0.00257718
0.00256469
0.00257084
0.0025708
0.00257718
0.0025524
0.00257117
0.00257718
0.00257718
0.00257718
0.00256421
0.00257718
0.00256419
0.00257069
0.00257062
0.00257718
0.00257718
0.0025585
0.00257718
0.00257718
0.00256494
0.00257718
0.00257718
0.00257718
0.00257718
0.00255703
0.00256492
0.00256363
0.00257718
0.00255741
0.00257718
0.00256355
0.00257131
0.00256351
0.00256415
0.00256336
0.00257022
0.00255638
0.00257718
0.00257103
0.00256352
0.00257015
0.00257718
0.00257012
0.00257718
0.00257175
0.00257718
0.00257718
0.00257718
0.00257718
0.00257718
0.00257718
0.00257067
0.00257718
0.00256415
0.00256258
0.00257137
0.00257103
0.00257718
0.00257004
0.0025698
0.00256973
0.00257718
0.00255509
0.00256285
0.00257718
0.00256235
0.00256031
0.00256961
0.00256956
0.00256957
0.00256954
0.00256202
0.00257718
0.00256948
0.00257034
0.00257718
0.00257718
0.00257718
0.00257034
0.00257718
0.00256432
0.00255352
0.00256925
0.00256929
0.00257718
0.00257718
0.00255318
0.00256913
0.0025696
0.00257718
0.00255593
0.0025609
0.00256898
0.00256898
0.00257104
0.00257092
0.00256889
0.00257049
0.0025701
0.0025714
0.00256879
0.0025604
0.00257718
0.00257718
0.00256872
0.00256449
0.00254599
0.00256039
0.00257069
0.00256035
0.00257718
0.00256462
0.00257105
0.00257718
0.00257718
0.00257131
0.00255948
0.00256293
0.00257718
0.0025708
0.00256821
0.00256171
0.00255979
0.00257718
0.00257057
0.00257718
0.00257718
0.00255881
0.00256167
0.00257132
0.00257718
0.00257718
0.00256399
0.00257718
0.00256777
0.00256775
0.00256954
0.00257718
0.00257097
0.00257718
0.00256977
0.00257718
0.00257718
0.00257012
0.00256001
0.00257128
0.00257718
0.00257718
0.00256885
0.00257718
0.00256714
0.00257045
0.00256713
0.00257718
0.00256882
0.00257718
0.00256696
0.00256689
0.00257718
0.00257171
0.00257067
0.00257718
0.00255619
0.00257718
0.00257718
0.00256894
0.00256653
0.00255583
0.00255866
0.00255558
0.00257718
0.00257045
0.00257718
0.00256881
0.00256192
0.00256731
0.00257718
0.00257718
0.00256894
0.0025568
0.00257718
0.00257718
0.00256951
0.00256634
0.00256237
0.00257718
0.00257718
0.00257718
0.00257101
0.00254291
0.00257718
0.00255603
0.00256522
0.00256537
0.00257718
0.00257105
0.00256339
0.00257718
0.00257175
0.00254392
0.00257718
0.0025698
0.00255902
0.00257074
0.00257718
0.00257718
0.00256881
0.00256738
0.00255136
0.00257718
0.00256598
0.00256694
0.00256408
0.00257718
0.00254578
0.00256694
0.00257718
0.00255936
0.00256949
0.00257183
0.00257718
0.00256476
0.00257718
0.00257125
0.00256276
0.00257718
0.00257718
0.00256129
0.00256288
0.00256978
0.00257718
0.00256757
0.00257718
0.00257159
0.00256823
0.00257045
0.00257088
0.00257718
0.00257718
0.0025641
0.00256188
0.00257718
0.00257718
0.00257718
0.00257718
0.00256971
0.00257718
0.00254057
0.00256715
0.00257718
0.00257718
0.00257718
0.00255622
0.00257131
0.00256951
0.00255474
0.00256246
0.00256894
0.00256584
0.00257718
0.00256247
0.00256585
0.00257718
0.00257127
0.00256996
0.00257718
0.00257718
0.00256885
0.00257031
0.0025527
0.00257021
0.00257718
0.00257718
0.00256783
0.00252184
0.0025681
0.00254996
0.00254127
0.00257718
0.00257718
0.0025397
0.00257718
0.0025388
0.00256137
0.00256363
0.00256259
0.00257718
0.00256663
0.00256971
0.00255302
0.00257718
0.00251734
0.00257718
0.00255349
0.00257718
0.00257018
0.00256488
0.00257718
0.00255926
0.0025704
0.00255059
0.00257166
0.00257718
0.00256142
0.00257184
0.00256783
0.00256339
0.00257718
0.00257718
0.00255772
0.00257131
0.000516359
