0.8
0.00209205
0.00208854
0.00208852
0.00208853
0.00209205
0.00208853
0.00208499
0.00209205
0.00209205
0.00208849
0.00208848
0.00209205
0.00209205
0.00207773
0.00209205
0.00207767
0.00209205
0.00209205
0.00209205
0.0020848
0.00208848
0.00209205
0.00209205
0.00209205
0.00208839
0.0020884
0.00208837
0.00209205
0.00208107
0.0020847
0.00209205
0.00208098
0.00208833
0.00209205
0.00208833
0.00208461
0.00209205
0.00208832
0.00208457
0.00208458
0.00209205
0.00208455
0.00208833
0.00208828
0.00208828
0.00208452
0.00208469
0.00207686
0.00209205
0.00208823
0.00208822
0.00208833
0.00209205
0.00209205
0.00209205
0.00208821
0.00209205
0.00208817
0.00209205
0.00208428
0.00208427
0.00209205
0.00208812
0.00208812
0.00208422
0.00208812
0.00209205
0.00209205
0.00208446
0.00208809
0.00208806
0.00208807
0.00208848
0.00209205
0.00208004
0.00208805
0.00208804
0.00208805
0.00208402
0.00208398
0.00209205
0.00209205
0.00209205
0.00208429
0.00209205
0.00208826
0.0020839
0.00209205
0.00208385
0.00208795
0.00209205
0.00208791
0.00209205
0.00208791
0.00208417
0.00207537
0.00209205
0.00208787
0.00209205
0.00208785
0.00208363
0.00208362
0.0020843
0.00208782
0.00207935
0.00209205
0.00208781
0.0020878
0.00208778
0.00209205
0.00208809
0.00209205
0.00208852
0.00208773
0.00208822
0.00208772
0.00208767
0.00208821
0.0020877
0.0020877
0.00209205
0.00209205
0.00208764
0.00208765
0.00209205
0.00208321
0.00208761
0.00209205
0.00209205
0.00209205
0.00208395
0.00209205
0.00208766
0.00208304
0.00209205
0.00208809
0.00209205
0.00208786
0.00209205
0.00209205
0.00209205
0.00208288
0.00208756
0.00208743
0.00208815
0.00209205
0.00208742
0.00209205
0.00209205
0.00208738
0.00208453
0.00209205
0.00209205
0.0020832
0.00209205
0.00208261
0.0020873
0.00208851
0.00209205
0.00208732
0.00208729
0.00208727
0.00208246
0.00208351
0.00209205
0.0020824
0.00209205
0.00208318
0.00208717
0.00208232
0.00209205
0.00208406
0.0020773
0.00209205
0.00208834
0.00208296
0.00208708
0.00209205
0.00209205
0.00208851
0.00209205
0.00208799
0.00208795
0.00208324
0.00208198
0.00208799
0.00209205
0.00209205
0.00209205
0.00209205
0.00209205
0.00208687
0.0020885
0.00208852
0.00209205
0.00208686
0.00207755
0.00208685
0.00209205
0.00209205
0.00209205
0.00209205
0.00209205
0.00209205
0.00208209
0.00209205
0.0020867
0.00208295
0.00209205
0.0020838
0.00207769
0.00209205
0.00209205
0.0020884
0.00209205
0.00208826
0.00209205
0.00209205
0.00209205
0.00209205
0.00208755
0.00209205
0.00209205
0.0020824
0.00209205
0.00209205
0.00209205
0.00208744
0.00207772
0.00208067
0.0020884
0.00208637
0.00209205
0.00209205
0.00208631
0.00209205
0.00208628
0.00208045
0.00208791
0.00209205
0.0020862
0.00208817
0.00208686
0.00209205
0.00209205
0.0020885
0.00208614
0.00208813
0.00208608
0.00208748
0.00209205
0.00208604
0.00209205
0.00208645
0.00207321
0.00209205
0.0020859
0.00209205
0.00208628
0.00208592
0.00208826
0.00208584
0.00208725
0.0020811
0.00208578
0.00208576
0.00208594
0.00208185
0.00207478
0.00208571
0.00207829
0.00208564
0.00208562
0.00208324
0.00208067
0.0020856
0.00209205
0.00208794
0.0020855
0.00209205
0.00209205
0.00208837
0.00208654
0.00209205
0.00208167
0.00208029
0.00208575
0.00208748
0.00209205
0.00209205
0.00208827
0.00207602
0.0020842
0.00208093
0.00208832
0.00208768
0.00209205
0.00209205
0.0020781
0.00208512
0.00208509
0.00208502
0.00208015
0.00209205
0.0020853
0.00208544
0.00209205
0.00209205
0.00208774
0.00208477
0.00208715
0.00209205
0.00207777
0.00209205
0.00207287
0.00209205
0.00208849
0.00209205
0.00208458
0.00208456
0.00207627
0.00208574
0.00209205
0.00209205
0.00209205
0.0020808
0.00208435
0.00207284
0.00209205
0.00209205
0.00208662
0.00208785
0.00209205
0.00209205
0.00206843
0.0020831
0.00208475
0.00208202
0.00209205
0.00208628
0.00208392
0.00207892
0.00208554
0.00209205
0.00207425
0.00207142
0.00209205
0.00209205
0.00209205
0.00208576
0.00209205
0.00209205
0.00209205
0.00207695
0.00206146
0.00207753
0.0020705
0.00208342
0.00209205
0.0020859
0.00208333
0.00209205
0.0020879
0.00209205
0.00209205
0.00206886
0.00206719
0.00208192
0.00209205
0.00208503
0.00208294
0.00208501
0.00207829
0.00209205
0.00208223
0.00208764
0.00208354
0.00206965
0.00208503
0.00207526
0.00208767
0.00208817
0.00207615
0.00208165
0.00208229
0.00208442
0.0020881
0.00208517
0.00208209
0.0020873
0.00207509
0.00209205
0.00208195
0.0020884
0.00208522
0.00208763
0.00208775
0.00208818
0.00208837
0.00209205
0.00207966
0.00209205
0.00209205
0.00209205
0.00209205
0.00208605
0.00208734
0.00209205
0.00208354
0.00207186
0.00208167
0.00209205
0.00209205
0.00209205
0.00209205
0.00209205
0.00206787
0.00207053
0.00209205
0.00208333
0.00206698
0.0020686
0.00208772
0.00209205
0.00207472
0.00208255
0.00208222
0.00208016
0.00208038
0.00207147
0.00209205
0.00208511
0.00208648
0.00209205
0.00208767
0.00208226
0.00207771
0.00207495
0.00207703
0.00209205
0.00209205
0.00208642
0.00208847
0.00208
0.00208562
0.00207255
0.00208815
0.00208751
0.00208815
0.00209205
0.00207528
0.00208763
0.00208715
0.00209205
0.00207768
0.00209205
0.00206967
0.00209205
0.00207745
0.00209205
0.00207961
0.00209205
0.00208124
0.00208438
0.00208814
0.00208764
0.00208126
0.00209205
0.00209205
0.00209205
0.0020839
0.00208736
0.00207805
0.00209205
0.0020881
0.00209205
0.00209205
0.00207604
0.00209205
0.000419122
