0.8
0.0033552
0.0033552
0.0033552
0.00334621
0.00332799
0.00332784
0.003346
0.00334599
0.00333685
0.0033552
0.00334594
0.00332745
0.00333653
0.00334616
0.00334578
0.0033552
0.0033364
0.00334575
0.0033552
0.0033552
0.00334615
0.00334562
0.0033552
0.00334566
0.00333613
0.00334597
0.0033552
0.0033552
0.0033552
0.0033552
0.0033552
0.00334538
0.0033552
0.0033552
0.0033552
0.00334526
0.0033552
0.00331541
0.0033552
0.00334517
0.00334511
0.00333585
0.0033552
0.0033552
0.0033552
0.003345
0.00332504
0.00332536
0.00334492
0.0033552
0.00333446
0.00334476
0.00333527
0.0033447
0.0033552
0.00334471
0.00334463
0.00334597
0.00334458
0.0033552
0.0033552
0.00333367
0.0033552
0.0033552
0.00332243
0.00332238
0.00334432
0.00334422
0.0033552
0.00334523
0.0033552
0.00331082
0.00333286
0.0033552
0.00334393
0.00333268
0.00333257
0.00332103
0.00334385
0.00333235
0.00334439
0.00333222
0.00330893
0.0033552
0.00334354
0.0033552
0.0033552
0.00334359
0.0033552
0.0033552
0.0033198
0.00334426
0.0033552
0.00334312
0.00332173
0.003344
0.00334316
0.00331865
0.00331879
0.00334299
0.00330808
0.00334285
0.00334483
0.00333314
0.00334282
0.00334268
0.00333579
0.00333001
0.00334268
0.0033552
0.00330584
0.00334571
0.00334303
0.00334546
0.0033421
0.00332921
0.00332901
0.00332916
0.0033552
0.00332877
0.00333137
0.00334187
0.0033552
0.0033552
0.0033552
0.00334224
0.00334168
0.00334155
0.0033552
0.00334143
0.0033552
0.0033552
0.00334594
0.00334121
0.0033552
0.00334321
0.00334559
0.00334559
0.00334144
0.00334096
0.0033552
0.00333271
0.00334066
0.0033552
0.00334316
0.00333677
0.0033552
0.00331395
0.00333397
0.0033552
0.0033552
0.00331434
0.00334325
0.00334333
0.00332477
0.0033552
0.0033243
0.00333976
0.0033552
0.0033552
0.00333948
0.00333937
0.00332895
0.0033394
0.0033552
0.00334529
0.00331649
0.0033552
0.0033552
0.0033552
0.00333886
0.003327
0.00334303
0.00333836
0.0033552
0.00332799
0.00333816
0.0033552
0.00333806
0.0033552
0.0033552
0.0033206
0.00333759
0.00333443
0.0033552
0.0033552
0.00333728
0.0033552
0.00334594
0.00333696
0.00333071
0.00333688
0.0033552
0.00334447
0.00333651
0.00333642
0.0033552
0.0033552
0.0033097
0.00332582
0.00334447
0.00331964
0.00333564
0.0033552
0.0033552
0.00334529
0.00332474
0.0033552
0.00332573
0.00333488
0.00334463
0.00333458
0.0033552
0.0033552
0.0033552
0.00334541
0.0033341
0.0033552
0.00333383
0.00331898
0.00333775
0.0033552
0.0033552
0.00334576
0.0033552
0.0033552
0.0033552
0.0033552
0.00331659
0.0033552
0.0033552
0.00332497
0.00333701
0.0033552
0.00334554
0.00332005
0.00332323
0.00330878
0.00334203
0.00334433
0.00333116
0.0033552
0.00331287
0.00332105
0.00334144
0.00333024
0.0033552
0.00333929
0.00333195
0.0033552
0.00334587
0.00333024
0.00334617
0.0033552
0.0033552
0.00332876
0.0033552
0.0033552
0.00333367
0.00331615
0.0033552
0.00332534
0.00329453
0.00333408
0.00334604
0.0033552
0.0033552
0.0033552
0.00334171
0.0033552
0.0033552
0.0033552
0.00334377
0.00333357
0.00333404
0.0033552
0.0033552
0.0033552
0.0033552
0.00331302
0.0033552
0.00331893
0.0033552
0.00334073
0.00334554
0.0033552
0.00330116
0.0033552
0.00333689
0.0033552
0.0033552
0.0033552
0.00333404
0.00334529
0.0033552
0.0033552
0.00329722
0.00330865
0.00333629
0.000672448
