0.8
0.00271716
0.00271716
0.00271127
0.00271122
0.00271117
0.00269922
0.00271118
0.00271716
0.00269914
0.00271716
0.00271113
0.00271114
0.00270505
0.00271113
0.00271107
0.00271716
0.00268653
0.002711
0.00271716
0.00271716
0.00271716
0.00271104
0.00271716
0.00271716
0.00271095
0.00271098
0.0027109
0.00270463
0.00271716
0.00271088
0.00271716
0.00271091
0.00271716
0.00271716
0.00271716
0.00271082
0.00271716
0.00271077
0.0027043
0.00271071
0.00271068
0.00271716
0.00271716
0.00270466
0.00271054
0.00271112
0.00271716
0.00270402
0.00271716
0.00271059
0.00271054
0.00270389
0.00270384
0.00271716
0.00270376
0.00270372
0.00270375
0.00271047
0.00271037
0.00271042
0.00269748
0.0027103
0.00271039
0.00271032
0.00269659
0.00270333
0.00271077
0.0027037
0.00270426
0.00271022
0.00271019
0.00271018
0.00271716
0.00271716
0.0027106
0.00271009
0.00271007
0.00271007
0.00271029
0.0027101
0.00269077
0.00271001
0.00271001
0.00271716
0.00270996
0.00270349
0.00271716
0.00270988
0.0027102
0.00268052
0.00271716
0.00270384
0.00270978
0.00270243
0.00270292
0.00270972
0.00271716
0.00271716
0.00271063
0.00270212
0.00271716
0.00271716
0.00270357
0.00271716
0.00271716
0.00270207
0.00269505
0.00270947
0.00269687
0.00271077
0.00271716
0.0027016
0.00269411
0.00270147
0.00271716
0.00271118
0.00271716
0.00270922
0.00271716
0.0027092
0.00270158
0.00270134
0.00268714
0.00268482
0.00271716
0.00270257
0.0027016
0.00270914
0.00270898
0.00271716
0.00270894
0.00270184
0.00270358
0.00271035
0.00270956
0.00271095
0.00271716
0.00270045
0.00270877
0.00270025
0.00270869
0.00271716
0.00270906
0.00268337
0.00270068
0.00270117
0.00271716
0.00271716
0.00271716
0.00269976
0.00270191
0.00271716
0.00271716
0.00271716
0.002682
0.00270829
0.00270167
0.00270824
0.00271716
0.00271716
0.00271716
0.00271093
0.00268308
0.00268985
0.00269878
0.00271716
0.00271126
0.00271716
0.00271092
0.00269846
0.00270792
0.00269836
0.00271716
0.00271716
0.00271716
0.00271716
0.00271716
0.00268961
0.00271039
0.00271716
0.00270748
0.00270843
0.0027074
0.00271022
0.00270739
0.00269746
0.00271716
0.00271716
0.00271716
0.00271716
0.00271716
0.0026907
0.00271005
0.00271716
0.00271716
0.00268839
0.00271716
0.00270691
0.00271716
0.00271716
0.00270673
0.00271716
0.00271716
0.00271112
0.00270277
0.00271716
0.00271716
0.00271716
0.00271716
0.00270663
0.00269242
0.00271716
0.00270828
0.00271716
0.00270621
0.00271716
0.00269853
0.00270598
0.00271716
0.00271716
0.00270586
0.00270594
0.00270004
0.00270307
0.00271716
0.00270577
0.0027056
0.00270552
0.00271113
0.00271716
0.00271716
0.00271716
0.00270531
0.00271716
0.00270518
0.00271716
0.00270906
0.00270514
0.00269285
0.00271716
0.00270477
0.00271023
0.00270476
0.00270754
0.00267362
0.00270677
0.00271716
0.00269632
0.00271716
0.00270627
0.00271716
0.00268445
0.00270874
0.00271716
0.00271716
0.00269853
0.00271716
0.00271716
0.00270378
0.00269824
0.00270637
0.00271716
0.00270383
0.00271716
0.00271716
0.00270363
0.00271716
0.0027098
0.00269614
0.0027087
0.00271716
0.00271716
0.00269687
0.00271716
0.00270894
0.00271716
0.00271716
0.00271716
0.00270894
0.00271716
0.00270748
0.00271716
0.00268754
0.00270938
0.00271716
0.00271716
0.00271716
0.0027016
0.00270148
0.0027083
0.00268555
0.00271716
0.00271716
0.00271716
0.00270468
0.00271106
0.0027045
0.00271716
0.00271716
0.00271716
0.00271716
0.00271111
0.00269387
0.00271716
0.00270381
0.00271022
0.00269254
0.00270931
0.00270329
0.00269188
0.00271716
0.00271716
0.00270236
0.00271716
0.00270744
0.00270156
0.00271055
0.00268971
0.00268338
0.00271013
0.0026991
0.00267244
0.00270557
0.00270876
0.00271716
0.00271716
0.00269092
0.00271716
0.00271055
0.00271716
0.00271716
0.00271716
0.00270532
0.00270849
0.00271716
0.00269759
0.00271014
0.00268598
0.00271716
0.00270026
0.00271009
0.00271023
0.00271716
0.00271716
0.00269604
0.00268253
0.00270532
0.00268888
0.00271716
0.00269293
0.0026963
0.00271716
0.00271716
0.00270754
0.00271716
0.00271716
0.00270744
0.00269564
0.00271716
0.00270026
0.00271716
0.00269845
0.00271716
0.00271716
0.00271716
0.00271716
0.00268918
0.0026478
0.00269676
0.000544466
