0.8
0.00359652
0.00359652
0.00359652
0.00358606
0.00358611
0.00358604
0.00358595
0.00357536
0.00358598
0.00357526
0.00359652
0.00359652
0.00358568
0.00357502
0.00359652
0.00357488
0.00359652
0.00358574
0.0035856
0.00359652
0.00357461
0.00359652
0.00357426
0.00359652
0.0035854
0.00358559
0.00358529
0.00358559
0.00359652
0.00357451
0.0035851
0.00359652
0.00358519
0.00359652
0.00359652
0.00359652
0.00358493
0.00358485
0.00359652
0.00359652
0.00359652
0.00356174
0.00359652
0.00359652
0.00353719
0.00358454
0.00359652
0.00358459
0.00359652
0.00358442
0.00359652
0.00359652
0.00359652
0.00359652
0.00359652
0.00359652
0.00358592
0.00359652
0.00359652
0.00359652
0.00359652
0.00359652
0.00357135
0.00358385
0.003571
0.00358383
0.00356072
0.00355815
0.00359652
0.00355778
0.00359652
0.00358359
0.00359652
0.00358567
0.00359652
0.00357028
0.00356993
0.00358317
0.00359652
0.00356978
0.00357235
0.00357436
0.00358297
0.00358295
0.00358438
0.00358282
0.00357416
0.00358274
0.00355967
0.00358273
0.00359652
0.00357227
0.00358511
0.00356206
0.00358233
0.00359652
0.003568
0.00359652
0.00359652
0.00358611
0.00358189
0.00356904
0.00359652
0.00358186
0.0035522
0.0035817
0.00359652
0.00358438
0.00358151
0.00358145
0.00358146
0.00359652
0.00359652
0.00359652
0.00359652
0.00358484
0.00358104
0.00358204
0.00358103
0.00358084
0.00356502
0.00357533
0.00358303
0.0035647
0.00357465
0.00359652
0.00358397
0.00359652
0.00359652
0.00356923
0.00356676
0.00359652
0.00356359
0.00357971
0.00356525
0.00359652
0.00356857
0.00359652
0.00356237
0.00356604
0.00355092
0.00359652
0.00359652
0.00357128
0.00359652
0.0035739
0.00359652
0.00357863
0.00359652
0.00359652
0.00359652
0.00356516
0.00359652
0.00351431
0.00352891
0.00359652
0.00357806
0.00358387
0.00357752
0.00359652
0.00358188
0.00355796
0.00358579
0.00357904
0.00358205
0.00357833
0.00359652
0.00354889
0.00357662
0.00359652
0.00356612
0.00357611
0.00359652
0.00359652
0.00357102
0.00359652
0.00357561
0.00359652
0.0035585
0.00359652
0.00352189
0.00359652
0.0035749
0.00355706
0.00358282
0.00358298
0.00356553
0.00353711
0.00357652
0.0035136
0.00359652
0.00359652
0.00357557
0.00359652
0.00359652
0.00356474
0.00356251
0.00359652
0.00358276
0.00359652
0.00355578
0.00357234
0.00359652
0.00358204
0.00359652
0.00358397
0.00355155
0.00357907
0.00353396
0.00357985
0.00357341
0.00356465
0.00359652
0.00355572
0.00356976
0.00359652
0.00359652
0.00358518
0.00359652
0.00359652
0.00357299
0.00358383
0.00356308
0.00358556
0.00355288
0.00356958
0.0035763
0.00359652
0.0035793
0.00358414
0.00358608
0.00359652
0.00359652
0.00355664
0.00358579
0.0035736
0.00359652
0.00356458
0.00359652
0.00359652
0.00359652
0.00355087
0.00359652
0.00355618
0.00358533
0.00357876
0.00358438
0.00359652
0.00358
0.00357876
0.00357186
0.00358507
0.0035554
0.00357466
0.00356716
0.00356105
0.00358488
0.00359652
0.00359652
0.00358575
0.00358119
0.00357887
0.00358157
0.00359652
0.00356344
0.00356512
0.00356598
0.00359652
0.00356891
0.00359652
0.00357454
0.00359652
0.00359652
0.00356185
0.00354078
0.00358282
0.00359652
0.00359652
0.00358337
0.000720889
