0.8
0.00399252
0.00401834
0.00401844
0.00403144
0.00401826
0.004005
0.00400483
0.0040182
0.00401809
0.00401794
0.00403144
0.00403144
0.00396382
0.0039913
0.00403144
0.00401777
0.00401767
0.00401766
0.00403144
0.00400382
0.00398994
0.00400375
0.00403144
0.00401754
0.00403144
0.00400314
0.00403144
0.00401804
0.00403144
0.00401714
0.00403144
0.00401681
0.00401763
0.00401702
0.00403144
0.00403144
0.00403144
0.00403144
0.00401649
0.00401643
0.00397292
0.00400141
0.00401634
0.00403144
0.00403144
0.0039864
0.00400101
0.00403144
0.00400061
0.00401599
0.00400041
0.00401587
0.00403144
0.00398459
0.00400057
0.00401698
0.00403144
0.00403144
0.00398736
0.00403144
0.00403144
0.00403144
0.00401518
0.00401523
0.00398583
0.00403144
0.00401485
0.00399826
0.00401777
0.00401477
0.00403144
0.00401574
0.00401628
0.00403144
0.0040145
0.00403144
0.00399677
0.00400062
0.00401413
0.00401391
0.00401598
0.00401443
0.00403144
0.00401827
0.00399603
0.00403144
0.00401738
0.00403144
0.00403144
0.00401581
0.00403144
0.00401427
0.00403144
0.00397598
0.00401525
0.00401319
0.00403144
0.00399358
0.00403144
0.00403144
0.00401247
0.00403144
0.00401789
0.00399235
0.00401621
0.00403144
0.00403144
0.00403144
0.00403144
0.00399129
0.00401789
0.00399494
0.0040112
0.00403144
0.00401756
0.00401634
0.00399775
0.00403144
0.00401054
0.00403144
0.00403144
0.00399113
0.00401035
0.00403144
0.004018
0.00401733
0.00403144
0.00403144
0.00399528
0.00400919
0.00403144
0.00399443
0.00403144
0.00400923
0.00400866
0.00399077
0.00399319
0.00400819
0.00403144
0.00403144
0.0039848
0.00403144
0.0039553
0.00401714
0.0040072
0.00403144
0.00400677
0.00400677
0.00403144
0.00401774
0.00401278
0.00403144
0.00400623
0.00399037
0.00403144
0.00403144
0.00403144
0.00401756
0.00400489
0.00400872
0.00403144
0.00398849
0.00396218
0.00401723
0.00392478
0.0040044
0.0040135
0.00398455
0.00397877
0.00397481
0.00403144
0.00398383
0.00403144
0.00403144
0.0039877
0.00403144
0.00403144
0.00399009
0.00403144
0.00399203
0.00403144
0.00403144
0.00398758
0.00403144
0.00401611
0.00398794
0.00403144
0.00397955
0.00403144
0.00401831
0.00399831
0.00401141
0.00400977
0.00399532
0.00403144
0.00403144
0.00398584
0.00400333
0.00401428
0.00399505
0.00399502
0.00399489
0.00403144
0.00403144
0.00401569
0.00399404
0.00403144
0.00400761
0.00401443
0.00401707
0.00403144
0.00403144
0.00401833
0.00399874
0.00399256
0.00403144
0.00397686
0.00393102
0.00403144
0.00396039
0.00399404
0.00403144
0.00403144
0.00403144
0.00401398
0.00401774
0.00398535
0.00398227
0.00400353
0.00399975
0.00403144
0.00401278
0.00401738
0.00403144
0.00399424
0.0040112
0.00403144
0.00400074
0.00399695
0.00400353
0.00391946
0.00403144
0.00397962
0.00403144
0.00403144
0.00403144
0.00403144
0.00401524
0.0040007
0.000808175
