0.8
0.00504884
0.00504884
0.00504884
0.00498704
0.00500737
0.00502811
0.00504884
0.00504884
0.00502776
0.0049852
0.00504884
0.0050062
0.0050276
0.00502731
0.00504884
0.00500565
0.00500534
0.00504884
0.00504884
0.00498307
0.00504884
0.00504884
0.00504884
0.00500402
0.00504884
0.00504884
0.00502582
0.00498221
0.00500284
0.00504884
0.00504884
0.00500222
0.00500189
0.00502505
0.00500317
0.00502509
0.00497739
0.0049772
0.00504884
0.00497646
0.00502451
0.00504884
0.00500197
0.00502436
0.00497728
0.00504884
0.00502472
0.00502539
0.00502381
0.00499835
0.00504884
0.00504884
0.00502289
0.00502276
0.00504884
0.00504884
0.00502251
0.00504884
0.00502255
0.00502222
0.00499457
0.00500003
0.00499477
0.0049958
0.00495117
0.00502655
0.00504884
0.00504884
0.00500118
0.0049364
0.00504884
0.00499949
0.0050201
0.00504884
0.00504884
0.00502222
0.00501956
0.00501926
0.0050196
0.00504884
0.00504884
0.00502665
0.00502845
0.0050252
0.00502208
0.00502794
0.00499674
0.00504884
0.00504884
0.00504884
0.00496031
0.00502613
0.00504884
0.00495637
0.00504884
0.00502662
0.00504884
0.00504884
0.00499041
0.00499706
0.00500718
0.00501497
0.00498544
0.00504884
0.00504884
0.00496001
0.00502711
0.00504884
0.00504884
0.005013
0.00497538
0.00504884
0.00504884
0.0049835
0.00501111
0.00504884
0.00504884
0.00502519
0.00497164
0.00500966
0.00504884
0.00502805
0.00498813
0.00500817
0.00504884
0.00500783
0.00489449
0.00502179
0.00500727
0.00499205
0.00502363
0.00504884
0.00499422
0.00504884
0.00499613
0.00501299
0.00501962
0.00495068
0.00504884
0.00493702
0.00504884
0.00500181
0.00504884
0.00501465
0.00502613
0.00504884
0.00504884
0.0050191
0.00502438
0.00500424
0.00501868
0.00504884
0.00504884
0.00504884
0.00501725
0.00504884
0.00496995
0.00504884
0.00499346
0.00502561
0.00504884
0.00499516
0.00499041
0.00499555
0.00496814
0.00504884
0.00504884
0.0049857
0.00499633
0.00504884
0.00504884
0.00501273
0.00500212
0.00501194
0.00500551
0.00493298
0.00502028
0.00504884
0.00504884
0.00504884
0.00504884
0.00501508
0.00504884
0.00504884
0.00502329
0.00504884
0.00498564
0.00504884
0.00504884
0.00504884
0.00504884
0.00490362
0.00504884
0.00500736
0.00504884
0.00497625
0.00504884
0.00494278
0.00498437
0.00101262
