0.8
0.00458672
0.00458672
0.00456993
0.00458672
0.00458672
0.00455248
0.00456957
0.00456982
0.00458672
0.00458672
0.004569
0.00458672
0.00458672
0.00458672
0.00456909
0.00458672
0.00458672
0.0045508
0.00458672
0.00455036
0.00456881
0.0045685
0.00456844
0.00456833
0.00454955
0.0045681
0.00453122
0.00454969
0.00458672
0.00456771
0.00456771
0.00454862
0.00452983
0.00456764
0.00456904
0.00454854
0.0045288
0.0045292
0.0045678
0.00458672
0.00456744
0.00458672
0.00456691
0.00456911
0.00456875
0.00458672
0.00458672
0.00456788
0.00458672
0.00458672
0.00458672
0.00458672
0.00458672
0.00456637
0.00456619
0.00456574
0.00458672
0.00456981
0.00456524
0.00452219
0.00454373
0.00456504
0.00454339
0.00456473
0.00458672
0.0045686
0.00458672
0.00454199
0.00458672
0.00454621
0.00456891
0.00458672
0.00458672
0.00458672
0.00456394
0.00456747
0.00456366
0.00456554
0.00458672
0.0045398
0.004563
0.00454528
0.00453872
0.00456267
0.00458672
0.0045134
0.00456236
0.00456296
0.00454224
0.00456787
0.00458672
0.00458672
0.00458672
0.00458672
0.0045436
0.00458672
0.00454077
0.00458672
0.00453562
0.00456611
0.00458672
0.00453789
0.00458672
0.00456834
0.00451169
0.00455937
0.00458672
0.00458672
0.00458672
0.00458672
0.00458672
0.00450942
0.00456618
0.00453595
0.004558
0.00458672
0.00455732
0.00458672
0.00453242
0.00455753
0.00455697
0.00458672
0.00453961
0.00453253
0.00452511
0.00458672
0.00453191
0.00456889
0.00456618
0.00453704
0.00458672
0.00458672
0.00454491
0.00453739
0.00451162
0.00455359
0.00453367
0.00458672
0.00455315
0.00458672
0.00456202
0.00458672
0.0045583
0.00458672
0.00453891
0.00455853
0.00458672
0.00456787
0.00458672
0.00456904
0.00458672
0.00458672
0.00458672
0.0045493
0.00452713
0.00458672
0.00458672
0.00458672
0.00458672
0.00448778
0.00456987
0.00458672
0.00446304
0.00456202
0.00458672
0.00454358
0.00456109
0.00456374
0.00454989
0.00458672
0.0043944
0.00454234
0.00458672
0.00456016
0.00458672
0.00450083
0.00456682
0.00446083
0.00458672
0.00458672
0.00456861
0.00456862
0.00453205
0.00453739
0.00458672
0.00448587
0.00458672
0.00454137
0.0045609
0.00453642
0.00456981
0.00456949
0.00456338
0.0045209
0.00455743
0.00458672
0.00458672
0.00458672
0.00458672
0.00456016
0.00458672
0.00446889
0.00458672
0.00452219
0.00454912
0.00458672
0.00452437
0.00458672
0.00458672
0.00453753
0.00453706
0.00454468
0.0044863
0.00449959
0.00458672
0.00458672
0.00451503
0.00455151
0.00454721
0.000920462
