0.8
0.00204242
0.0020357
0.00204581
0.00204577
0.0020458
0.00204916
0.00204237
0.00204575
0.00204916
0.00204916
0.00204574
0.00204916
0.0020423
0.00203889
0.00204916
0.00204573
0.0020457
0.0020457
0.00204916
0.00204224
0.00204916
0.00204566
0.00204916
0.00204916
0.00204916
0.00204574
0.0020351
0.00204563
0.00203511
0.00204211
0.00204916
0.00204916
0.00204916
0.00204916
0.0020456
0.00203512
0.00204916
0.00204916
0.00204916
0.00203479
0.00204555
0.00204916
0.00204916
0.00204555
0.00204552
0.00204189
0.00204916
0.0020456
0.00203823
0.00204916
0.00204551
0.00204195
0.00204549
0.00204916
0.00203811
0.00204179
0.00204916
0.00204916
0.00204545
0.00204916
0.00204547
0.00204542
0.00204916
0.00204916
0.00204916
0.00204539
0.00204916
0.00204916
0.00204184
0.00204537
0.00204535
0.00204156
0.00203797
0.00204916
0.00204916
0.00204916
0.00204532
0.0020453
0.00204532
0.00204916
0.00204916
0.00204916
0.00204166
0.00204528
0.00204916
0.00204525
0.00204916
0.00204525
0.00204128
0.00204521
0.0020418
0.00204521
0.00204124
0.00204519
0.00203723
0.00204519
0.00204161
0.00204124
0.00204916
0.00204519
0.00204916
0.00204195
0.00204515
0.00204523
0.00204916
0.0020451
0.00204509
0.00204916
0.00204916
0.00204507
0.00204098
0.00204504
0.00204503
0.00204092
0.0020414
0.00204118
0.00204501
0.00204148
0.00204499
0.00204547
0.00204916
0.00204916
0.00204916
0.00204076
0.00204134
0.00204495
0.00204916
0.00204916
0.00204491
0.00204916
0.00204581
0.00204488
0.00204916
0.0020363
0.00204054
0.00204484
0.00204483
0.00204485
0.00204507
0.00204916
0.00204489
0.00204916
0.00204916
0.00204916
0.00204916
0.00202398
0.00204916
0.00204028
0.00204916
0.00204916
0.00204471
0.00204029
0.00203571
0.00204916
0.00204566
0.00204466
0.00204016
0.00204916
0.00204464
0.00204459
0.00204003
0.00204916
0.00204916
0.00204456
0.00204916
0.00204916
0.00204916
0.00204916
0.00203157
0.00203598
0.00204453
0.00203981
0.00204449
0.00203978
0.00204446
0.00204446
0.00203041
0.00204916
0.00203619
0.00204916
0.00203963
0.00204916
0.00204439
0.00204172
0.00204916
0.00204486
0.00204916
0.00204432
0.00204429
0.00204916
0.00204428
0.00204916
0.00204428
0.00204916
0.00204916
0.0020397
0.00204916
0.00203974
0.00204916
0.00204916
0.00204916
0.00204417
0.00204575
0.00203408
0.00204566
0.00204916
0.00204916
0.00204027
0.00204407
0.00204497
0.00204916
0.00204482
0.00204916
0.00204036
0.00204916
0.00204397
0.00204916
0.00204916
0.00204916
0.00204916
0.00203995
0.00203959
0.00204389
0.00204051
0.00204916
0.00204386
0.00204428
0.00204916
0.00204916
0.00203485
0.00204503
0.00203983
0.00204195
0.00204916
0.00204916
0.00204916
0.00203832
0.00204458
0.00204366
0.00203815
0.0020418
0.00203928
0.00204916
0.00204181
0.00204463
0.00204013
0.00203998
0.00204356
0.0020435
0.00204916
0.00204347
0.00203988
0.00204421
0.00203202
0.00204341
0.00204342
0.00204339
0.00202762
0.00204336
0.00204916
0.00204354
0.00204916
0.00203381
0.00204551
0.00204489
0.00204421
0.0020432
0.00203962
0.00204318
0.00204916
0.00203283
0.00204916
0.00204916
0.00204916
0.00204371
0.00204916
0.00204303
0.00204449
0.0020451
0.00203676
0.00204916
0.00204916
0.00204388
0.00204916
0.00204916
0.00204523
0.00204432
0.00204308
0.00204916
0.00204916
0.0020428
0.00204571
0.00204916
0.00204455
0.00203042
0.00204916
0.00204916
0.00204263
0.00204916
0.00204916
0.00204537
0.00203594
0.00204916
0.00204916
0.00204916
0.00204916
0.00204345
0.00204239
0.0020424
0.00204235
0.00204299
0.0020426
0.00203392
0.00204229
0.00203891
0.00204223
0.00204264
0.00203265
0.00204916
0.00204224
0.00204916
0.00204916
0.00204916
0.00204203
0.00204541
0.00204916
0.0020453
0.00204916
0.00203882
0.0020451
0.00203792
0.00204181
0.00203811
0.00204421
0.00204916
0.00203791
0.00204031
0.0020417
0.00204916
0.00204423
0.00204462
0.00204916
0.00203709
0.00204371
0.00204357
0.00204409
0.00204141
0.00203969
0.00204473
0.00202823
0.00204322
0.00204555
0.00204916
0.00203919
0.00203977
0.00203604
0.00204916
0.00204916
0.00204916
0.00204916
0.00204916
0.00203572
0.00204417
0.00203871
0.00203629
0.0020337
0.00201944
0.00204916
0.00204916
0.00204523
0.00204916
0.00204365
0.00204916
0.00204551
0.00204394
0.00204916
0.00204916
0.00204916
0.00202818
0.00204444
0.00204916
0.00204916
0.00204916
0.00204916
0.00204395
0.00204052
0.00203486
0.00204916
0.00204495
0.00204916
0.00204475
0.00203985
0.00203631
0.00203978
0.00204916
0.0020452
0.00203532
0.00203796
0.00204916
0.00202466
0.00204552
0.00204916
0.00203465
0.00204038
0.00204164
0.00203926
0.00204916
0.0020362
0.00202894
0.00204559
0.00204015
0.00204916
0.00204916
0.00204193
0.00204916
0.0020388
0.00203536
0.00203862
0.00204916
0.00204916
0.0020396
0.00204916
0.0020453
0.00204324
0.00204083
0.00204916
0.00204392
0.00202794
0.00204916
0.00204142
0.00204367
0.00203437
0.00204916
0.00204916
0.00204916
0.00203431
0.00204301
0.00204916
0.00204916
0.00204042
0.00204201
0.00204916
0.00204916
0.00204916
0.00202779
0.00202753
0.00204533
0.00203169
0.00203629
0.00203984
0.00203583
0.00204562
0.00204547
0.00204916
0.00204348
0.00204916
0.00204916
0.00203926
0.00204483
0.00204047
0.00204916
0.00204916
0.00204916
0.00203771
0.00203318
0.00204011
0.00204916
0.00204916
0.00203645
0.00204916
0.00204492
0.00204916
0.00204916
0.00204107
0.00204916
0.0020341
0.00204329
0.00203861
0.00203959
0.00204916
0.00204025
0.00204916
0.00203292
0.00203383
0.00204258
0.00204055
0.00202706
0.00204916
0.002035
0.000410485
