0.8
0.00418725
0.00420156
0.00420156
0.00420156
0.00418718
0.00418719
0.00420156
0.00417255
0.0041726
0.00417264
0.00417233
0.00420156
0.00420156
0.00418679
0.00418682
0.00418677
0.00418657
0.00420156
0.00418659
0.00420156
0.00417129
0.00420156
0.00417092
0.0041863
0.00415621
0.00420156
0.00420156
0.00420156
0.00420156
0.00418602
0.00416992
0.00417023
0.00420156
0.00420156
0.00418724
0.00420156
0.00418549
0.00415301
0.00416924
0.00420156
0.00418527
0.00418532
0.00418662
0.00420156
0.00418695
0.00420156
0.00418508
0.00418501
0.00416788
0.00420156
0.00416765
0.00418451
0.00420156
0.00420156
0.00418425
0.0041674
0.00418423
0.00420156
0.00418417
0.00418423
0.00420156
0.00420156
0.00416615
0.0041837
0.00418363
0.0041843
0.00416531
0.00418331
0.00418697
0.0041464
0.00416813
0.00418293
0.00420156
0.00420156
0.00418286
0.00418268
0.00420156
0.00418734
0.00420156
0.00420156
0.00418241
0.00420156
0.00418423
0.00420156
0.00420156
0.00418457
0.00418635
0.00418162
0.00418608
0.00416446
0.00416091
0.00420156
0.00416466
0.00418095
0.00418095
0.00420156
0.00416488
0.00420156
0.00418042
0.00420156
0.00420156
0.00418504
0.00420156
0.0041801
0.00416568
0.00420156
0.00420156
0.00418591
0.00418356
0.00413523
0.00416414
0.00418548
0.00416114
0.00420156
0.00416405
0.00416292
0.00420156
0.00420156
0.00413734
0.00420156
0.00416198
0.00418646
0.00420156
0.00420156
0.00417737
0.00418667
0.00418225
0.00418662
0.00414353
0.00417677
0.004163
0.00420156
0.00418529
0.00413127
0.00417607
0.00418723
0.00412414
0.00420156
0.00416953
0.0041599
0.00409131
0.00418465
0.00416211
0.00420156
0.00420156
0.00420156
0.00414641
0.00420156
0.00420156
0.00420156
0.00416032
0.00420156
0.00420156
0.00409639
0.00418729
0.00411363
0.00417202
0.0041851
0.00417877
0.00420156
0.00412655
0.00414551
0.0041346
0.00418583
0.0041702
0.00417025
0.00413543
0.00417729
0.00415061
0.00418341
0.00420156
0.00416891
0.00416858
0.00420156
0.0041706
0.00417913
0.00418697
0.00418401
0.00411917
0.00420156
0.00420156
0.00420156
0.00420156
0.00420156
0.00418683
0.00420156
0.00420156
0.00418635
0.00417487
0.00414158
0.00420156
0.00420156
0.0041851
0.00420156
0.00420156
0.00418401
0.00413456
0.00420156
0.00416761
0.00420156
0.00420156
0.00420156
0.00410243
0.00416541
0.00414532
0.00417804
0.00416428
0.0041477
0.00413194
0.00417693
0.00420156
0.00416371
0.00415315
0.0041795
0.00418723
0.00415164
0.00417803
0.00418646
0.00420156
0.00418158
0.0041843
0.00420156
0.00420156
0.00417216
0.00420156
0.00417129
0.00416841
0.00415997
0.00413099
0.00414627
0.00416975
0.00420156
0.00417164
0.00415924
0.0041813
0.00415644
0.00417954
0.00416841
0.00417741
0.00084305
