0.8
0.00559052
0.00556492
0.00559045
0.00553967
0.00559033
0.00561576
0.00558937
0.0055897
0.00558953
0.00556364
0.00556335
0.00558953
0.00556225
0.00558862
0.00561576
0.00558869
0.00558867
0.00561576
0.00556069
0.00558845
0.00561576
0.00561576
0.00561576
0.00558774
0.00561576
0.00553357
0.00558719
0.00561576
0.00561576
0.00558688
0.0055868
0.00558667
0.00561576
0.00558592
0.00552896
0.00559064
0.00561576
0.00558566
0.00558657
0.00561576
0.00561576
0.005563
0.00558482
0.00558481
0.00561576
0.00555307
0.00555707
0.00558392
0.00561576
0.00552383
0.00555193
0.00561576
0.00558283
0.0055574
0.00558965
0.00561576
0.00554807
0.00558203
0.00561576
0.00551432
0.00558082
0.00561576
0.00558069
0.00558057
0.00561576
0.00556031
0.00561576
0.00561576
0.00557969
0.00561576
0.00558857
0.00561576
0.00554753
0.00557882
0.00555124
0.00552688
0.00557725
0.00561576
0.00561576
0.00561576
0.00561576
0.00557769
0.00561576
0.00550052
0.00557541
0.00557509
0.00561576
0.00555297
0.00558205
0.00557416
0.00555549
0.00550492
0.00558203
0.00561576
0.00551271
0.00561576
0.00554241
0.00561576
0.00555641
0.00561576
0.00561576
0.00557001
0.00561576
0.00561576
0.00561576
0.00554282
0.00555996
0.00556796
0.00561576
0.00561576
0.00541718
0.00556681
0.00561576
0.00561576
0.00557967
0.00555148
0.0055285
0.00556265
0.00561576
0.00557112
0.00552872
0.00561576
0.00554057
0.00561576
0.00561576
0.00556214
0.00556846
0.00561576
0.00557899
0.00561576
0.00557616
0.00546963
0.00550654
0.00553912
0.00558673
0.00561576
0.00561576
0.00547676
0.0055426
0.00558643
0.00561576
0.00555902
0.00547478
0.00561576
0.00558814
0.00555032
0.00561576
0.00558079
0.00544933
0.00561576
0.00561576
0.00558852
0.00561576
0.00557432
0.00550698
0.00550415
0.00561576
0.00558446
0.00561576
0.00561576
0.00558774
0.00561576
0.0055486
0.00558965
0.00561576
0.00561576
0.00554417
0.00555239
0.00561576
0.00557616
0.00561576
0.00551797
0.00557584
0.00561576
0.00558241
0.00561576
0.00553407
0.00553699
0.00553954
0.00112647
