0.8
0.00436953
0.00436947
0.00433852
0.0043693
0.0043694
0.00433787
0.0043694
0.00436923
0.00436927
0.00436903
0.00435301
0.0043689
0.00438492
0.00438492
0.00436873
0.00438492
0.0043687
0.00438492
0.00433569
0.00438492
0.00436837
0.00436816
0.00436826
0.00438492
0.0043346
0.00435134
0.0043679
0.00438492
0.00436816
0.00435058
0.00435066
0.00438492
0.00438492
0.0043677
0.00438492
0.00438492
0.00436746
0.00433206
0.00436909
0.00438492
0.00436709
0.00436704
0.00434969
0.00438492
0.00434856
0.00436649
0.00438492
0.00438492
0.00436641
0.00438492
0.0043492
0.00436723
0.00438492
0.00436614
0.00436604
0.00434683
0.00436605
0.00438492
0.00432973
0.00438492
0.00436738
0.00438492
0.0043134
0.00434569
0.00436499
0.00438492
0.00438492
0.00434849
0.00436454
0.00438492
0.00438492
0.0043441
0.00434385
0.00436419
0.00434768
0.00438492
0.00438492
0.00436384
0.00436517
0.00434227
0.00436353
0.00436343
0.0043478
0.00438492
0.00436432
0.00434118
0.00438492
0.00438492
0.00434034
0.00436272
0.00430366
0.00432647
0.00438492
0.00438492
0.00436207
0.00434459
0.00438492
0.00438492
0.00433238
0.00433796
0.00433745
0.00438492
0.00438492
0.00436173
0.00438492
0.00438492
0.00436056
0.0043421
0.00436843
0.00436003
0.00438492
0.00438492
0.0043596
0.00431882
0.00438492
0.00436435
0.00430034
0.00436649
0.00436161
0.0043686
0.00438492
0.00433223
0.00435815
0.00438492
0.00433787
0.00433041
0.00438492
0.00435718
0.00435692
0.00432894
0.00436649
0.00436765
0.00438492
0.0043686
0.00436263
0.00438492
0.00435601
0.00436952
0.00438492
0.00438492
0.00435822
0.00438492
0.00435503
0.0043693
0.00435481
0.00429879
0.00432251
0.0043421
0.00435313
0.00435263
0.00436836
0.00438492
0.00431925
0.00433312
0.00430627
0.00438492
0.00438492
0.00435087
0.00435324
0.00438492
0.00434998
0.00431484
0.0043468
0.00438492
0.00436481
0.00435503
0.00438492
0.00436487
0.00434829
0.00431184
0.00432155
0.00438492
0.00436289
0.00436435
0.00438492
0.00438492
0.00438492
0.00436322
0.00436461
0.00438492
0.00438492
0.00438492
0.00438492
0.00438492
0.00436374
0.00434175
0.00434107
0.00438492
0.00436425
0.00438492
0.00436888
0.00438492
0.00433928
0.00438492
0.00432073
0.00438492
0.00438492
0.00436888
0.00436942
0.00432713
0.00432507
0.00436453
0.00438492
0.0043378
0.00436641
0.00438492
0.00428812
0.00435919
0.00438492
0.00438492
0.00438492
0.00436952
0.00434355
0.00434268
0.00438492
0.0042571
0.00436888
0.00436745
0.00438492
0.00438492
0.00436351
0.00438492
0.00431673
0.00438492
0.00434122
0.00436267
0.00438492
0.0043351
0.00436649
0.000879302
