0.8
0.00213309
0.00213677
0.0021258
0.00213677
0.00212943
0.0021294
0.00213677
0.00212938
0.00213677
0.00213677
0.00212561
0.00213302
0.00213677
0.00213677
0.00213303
0.00213303
0.00212926
0.002133
0.00212174
0.00213677
0.00213297
0.00213677
0.00212551
0.00213677
0.00212534
0.00213295
0.00213295
0.00213294
0.00213677
0.00213294
0.0021329
0.00212904
0.00213677
0.00212904
0.00213288
0.00213677
0.00213311
0.00213677
0.00212506
0.00213283
0.00212918
0.00213677
0.00213677
0.00213282
0.00213283
0.00212506
0.00212092
0.00213279
0.00212484
0.00213278
0.00212885
0.00213677
0.00213276
0.00213274
0.00213273
0.00213272
0.00213271
0.00213677
0.00213677
0.00213677
0.0021246
0.00212481
0.00213677
0.00213268
0.00213267
0.00213307
0.00213265
0.00213265
0.00213677
0.00212852
0.00213262
0.00213677
0.0021326
0.00213677
0.00213258
0.00212857
0.00213677
0.00213677
0.00213256
0.00213256
0.00213252
0.00212868
0.00212403
0.00212829
0.00213677
0.00213677
0.00213247
0.0021325
0.00213677
0.00212877
0.00213245
0.00213677
0.00213245
0.00213677
0.00213677
0.00213241
0.00213274
0.00213237
0.00213237
0.00213677
0.00213234
0.00213677
0.00213234
0.00213677
0.00212792
0.00213677
0.00213234
0.00213229
0.00213677
0.00212376
0.00213677
0.00213677
0.00212819
0.00213677
0.00213677
0.00213222
0.00213677
0.00213677
0.00212381
0.0021326
0.00213677
0.00213677
0.00213677
0.00212779
0.00213677
0.00213677
0.00213677
0.00213212
0.00213215
0.00213677
0.00212737
0.00213208
0.00211522
0.00213677
0.00213677
0.00213201
0.00212806
0.00213677
0.00213275
0.00213677
0.00212719
0.00213677
0.00213263
0.00213677
0.00212225
0.00213194
0.00213677
0.00213677
0.00211791
0.00212304
0.00213677
0.00213677
0.0021326
0.00213677
0.00213677
0.00212681
0.00213677
0.00213677
0.0021324
0.00211802
0.00213174
0.00212706
0.00213677
0.00213274
0.00213275
0.00213677
0.002132
0.00213166
0.00212651
0.00213677
0.00213181
0.00213221
0.00213677
0.00213677
0.00213284
0.00213156
0.00213677
0.0021319
0.00212105
0.00212102
0.00213677
0.00213677
0.00212772
0.00213677
0.00213677
0.00213141
0.00213143
0.0021314
0.00213137
0.00213677
0.00212737
0.00212591
0.00213677
0.00213135
0.00212864
0.00213199
0.00213677
0.00213677
0.00212023
0.00213124
0.00213217
0.00213122
0.00212329
0.00213119
0.00213677
0.00213677
0.00213116
0.00213115
0.00213677
0.0021311
0.00212535
0.00213309
0.00212544
0.00211959
0.00213677
0.00213287
0.00213677
0.00213129
0.00213677
0.00213677
0.00213209
0.00213254
0.00213092
0.00213677
0.00213677
0.00213677
0.00213677
0.00212233
0.00212482
0.00213167
0.00213077
0.00213157
0.00213073
0.00213091
0.00212462
0.00212608
0.00213068
0.00213677
0.0021316
0.00212616
0.00213062
0.00212041
0.00213051
0.00213052
0.00212424
0.00213677
0.00213677
0.00213677
0.00213677
0.00213045
0.00212571
0.0021327
0.00212746
0.00212251
0.00213677
0.00213101
0.00213677
0.00213025
0.00213677
0.00213677
0.00213177
0.00212603
0.00213677
0.00212573
0.00212649
0.00213291
0.00213677
0.00213273
0.00212837
0.00213001
0.00211937
0.00213677
0.00213147
0.00212189
0.00213677
0.00212622
0.00212987
0.00212984
0.00213677
0.00212771
0.00213677
0.00212976
0.00212973
0.00213677
0.00213221
0.00213677
0.00213137
0.00213677
0.00213677
0.00213007
0.00212523
0.00212228
0.00213677
0.00213677
0.00212383
0.00213199
0.00213677
0.00212441
0.00213677
0.00213677
0.00213677
0.00213677
0.00213677
0.0021231
0.00212422
0.00213158
0.00213677
0.00212665
0.00212414
0.00213677
0.00212245
0.00213192
0.00213677
0.00213014
0.00213234
0.00213677
0.00213677
0.00212844
0.00213677
0.00213677
0.00213677
0.0021294
0.00212871
0.00213677
0.00213038
0.00212856
0.00212567
0.00212857
0.00213677
0.00213677
0.00213022
0.00212842
0.00213677
0.00213677
0.00212061
0.00213677
0.00213203
0.00213296
0.00211955
0.00213231
0.00213677
0.00213677
0.00213677
0.00213055
0.00212572
0.00213022
0.00212256
0.00213677
0.00213677
0.00212782
0.00212791
0.00211484
0.00213677
0.00213066
0.00212757
0.00213677
0.00212078
0.00213281
0.00213072
0.00213677
0.00213288
0.00211881
0.00211825
0.00213677
0.00213677
0.00211887
0.00213154
0.00213677
0.00213677
0.00212228
0.00212574
0.00212086
0.00213677
0.00213309
0.00212256
0.00212082
0.00213677
0.00213274
0.00212041
0.00212627
0.0021226
0.00213677
0.00213677
0.00212916
0.00213006
0.00212981
0.00213304
0.00212151
0.00213677
0.00213677
0.00211553
0.00213307
0.00213677
0.0021169
0.00212566
0.00213677
0.00213677
0.00211591
0.00211481
0.0021307
0.00212081
0.00212705
0.00212831
0.00212895
0.00213677
0.00213677
0.00212055
0.0021196
0.00213677
0.0021316
0.00212373
0.00213677
0.00211939
0.00212872
0.00212436
0.00213677
0.00213283
0.00213203
0.00213677
0.00212969
0.00213677
0.00212842
0.00212982
0.00212101
0.00212368
0.00213677
0.00212766
0.00212346
0.00213677
0.00211842
0.00213677
0.00213677
0.00213143
0.00213677
0.00212977
0.00213677
0.00213677
0.00211658
0.00211159
0.00212261
0.00213677
0.00212282
0.00212049
0.00212559
0.00212622
0.00213194
0.00212519
0.00213677
0.00213677
0.00213107
0.0021323
0.00213084
0.00213181
0.00211462
0.00212457
0.00213677
0.0021204
0.00213677
0.00212739
0.00213677
0.00213293
0.00212329
0.00212246
0.00212642
0.00211909
0.00212471
0.00212847
0.00213677
0.00213677
0.000428112
