0.8
0.0034524
0.00346204
0.00346202
0.00346199
0.00347168
0.00346191
0.00345211
0.00347168
0.00346175
0.00346182
0.0034419
0.00346178
0.00344176
0.00347168
0.00346171
0.00347168
0.00344146
0.00345139
0.00347168
0.00345175
0.0034619
0.00346156
0.0034306
0.00347168
0.00346139
0.00347168
0.00347168
0.00344039
0.00345096
0.00346128
0.00346122
0.00346109
0.00347168
0.00346131
0.00347168
0.00346096
0.00347168
0.00346098
0.00346089
0.00345009
0.00346076
0.00346076
0.00346077
0.00347168
0.00343897
0.00344969
0.00347168
0.00346064
0.00347168
0.00347168
0.00347168
0.00344927
0.00347168
0.00346035
0.00346046
0.00346036
0.00344885
0.00347168
0.00347168
0.00346023
0.00347168
0.00347168
0.00344851
0.00344912
0.00342503
0.00345994
0.00347168
0.00343611
0.00345985
0.00345979
0.00347168
0.00345967
0.00347168
0.00343528
0.00344757
0.00345952
0.00346097
0.00347168
0.00344816
0.00345929
0.00345929
0.00343447
0.0034469
0.00347168
0.00346129
0.00345902
0.00347168
0.00343786
0.00345903
0.00345874
0.00344967
0.00347168
0.00347168
0.00347168
0.00346116
0.00345866
0.00347168
0.00347168
0.00347168
0.00344956
0.00344508
0.00346048
0.00344849
0.00347168
0.00347168
0.00344836
0.00343072
0.00347168
0.00347168
0.00347168
0.00344732
0.00347168
0.00345761
0.00347168
0.00347168
0.00347168
0.00345736
0.00344318
0.00347168
0.00347168
0.00346131
0.00345717
0.00347168
0.00346156
0.00347168
0.00344901
0.00344652
0.0034568
0.00345697
0.00347168
0.00344799
0.00345653
0.00347168
0.0034564
0.00344497
0.00344423
0.00344172
0.00346181
0.00347168
0.00344376
0.00347168
0.00347168
0.00345571
0.00345565
0.00346069
0.00345555
0.00345548
0.00347168
0.00347168
0.00347168
0.00347168
0.00345509
0.00345497
0.00345505
0.00345728
0.00346069
0.00345647
0.00347168
0.00345942
0.00347168
0.00346146
0.00347168
0.00347168
0.00347168
0.00347168
0.00344088
0.00345942
0.00347168
0.00345381
0.00347168
0.00346058
0.00347168
0.00347168
0.00343504
0.00347168
0.00344817
0.00345308
0.00347168
0.00346084
0.00345044
0.00345915
0.00343301
0.00345222
0.00343397
0.00343232
0.00347168
0.00347168
0.00347168
0.00345692
0.00345143
0.00341867
0.00345134
0.00347168
0.00343032
0.00341998
0.00342979
0.00347168
0.00344581
0.00347168
0.00347168
0.00343472
0.00347168
0.00347168
0.00344535
0.00347168
0.00343972
0.00344956
0.00343662
0.00344134
0.00345403
0.00347168
0.00347168
0.00343544
0.00345933
0.00345612
0.00344013
0.00346181
0.00347168
0.00345572
0.00344062
0.00344698
0.00344718
0.00347168
0.00347168
0.00345723
0.00345818
0.00343821
0.003446
0.00347168
0.00343457
0.00343381
0.00347168
0.00347168
0.00345525
0.00346195
0.00347168
0.00347168
0.00346146
0.00347168
0.00344335
0.00347168
0.00345098
0.00347168
0.00344083
0.00347168
0.00342917
0.00347168
0.00345849
0.00343752
0.003454
0.00347168
0.00347168
0.00347168
0.00345584
0.00345701
0.00343942
0.00344151
0.0034543
0.00345163
0.00344749
0.00345847
0.0034246
0.00341435
0.00343828
0.00346186
0.00345031
0.0034394
0.00347168
0.00347168
0.00343069
0.00341556
0.00339078
0.00347168
0.00344528
0.00347168
0.00347168
0.00344007
0.00347168
0.00345671
0.00345534
0.00344918
0.00347168
0.00347168
0.00347168
0.00345305
0.00342308
0.00346131
0.00346147
0.00345222
0.000696007
