0.8
0.00592349
0.00592336
0.00583795
0.00592323
0.00586535
0.00592337
0.00592337
0.00589359
0.00589299
0.00589285
0.0059228
0.0059221
0.0059228
0.00595201
0.00592146
0.00592201
0.00595201
0.00595201
0.00588998
0.00585902
0.00595201
0.00588931
0.00592075
0.00595201
0.00595201
0.00595201
0.00592115
0.00595201
0.00591911
0.00592014
0.00595201
0.00585367
0.00595201
0.00595201
0.00595201
0.00585336
0.00595201
0.00595201
0.00595201
0.00595201
0.00595201
0.00592061
0.00595201
0.00591681
0.0058567
0.00595201
0.00595201
0.00588004
0.00591591
0.00587795
0.00587985
0.00595201
0.00588599
0.00595201
0.00595201
0.00595201
0.00595201
0.00591289
0.00595201
0.00595201
0.00595201
0.00591217
0.00591508
0.00588058
0.00588127
0.00591147
0.00586954
0.00595201
0.00588117
0.00590958
0.00592085
0.00595201
0.00588546
0.00588597
0.00590899
0.00592115
0.00595201
0.00595201
0.0058695
0.00595201
0.0057738
0.00591816
0.00595201
0.00595201
0.00592367
0.00590447
0.00577674
0.00590401
0.00586583
0.00587332
0.00591438
0.00595201
0.00588813
0.00585124
0.00595201
0.00585052
0.00575017
0.00590108
0.00584609
0.00583757
0.00595201
0.00595201
0.00591171
0.00595201
0.00591433
0.00585215
0.00588128
0.00590558
0.00590636
0.00595201
0.00595201
0.00588666
0.00595201
0.00580702
0.00591508
0.00595201
0.00595201
0.00595201
0.00595201
0.00595201
0.00595201
0.0059062
0.00595201
0.00588075
0.00592061
0.00583406
0.00589952
0.00578546
0.0058886
0.00595201
0.00587622
0.00588603
0.00595201
0.00591816
0.00595201
0.00595201
0.00595201
0.00591389
0.00595201
0.0059021
0.00595201
0.00586748
0.00592394
0.00595201
0.00595201
0.00592252
0.00590988
0.00595201
0.00588836
0.00585789
0.00589807
0.00577103
0.00595201
0.00584813
0.00591235
0.00595201
0.00583657
0.00590988
0.00588245
0.00588325
0.00583648
0.00587179
0.00586107
0.00573456
0.00591508
0.00589149
0.00595201
0.00595201
0.00584593
0.00119569
