0.8
0.00264524
0.00263408
0.00263399
0.00263961
0.00263397
0.00263957
0.00264524
0.00262249
0.00263951
0.00262239
0.00263952
0.00264524
0.00264524
0.00264524
0.00263946
0.00262782
0.00264524
0.00263943
0.0026336
0.00264524
0.00263938
0.00263943
0.00264524
0.00264524
0.00264524
0.0026334
0.00264524
0.00264524
0.00263343
0.00263928
0.00264524
0.00263931
0.00263323
0.00263924
0.00264524
0.00263919
0.00263918
0.00264524
0.00263913
0.00263914
0.00263913
0.00264524
0.00263913
0.00264524
0.00262671
0.00264524
0.00263903
0.00263281
0.00264524
0.00263902
0.00264524
0.002639
0.00264524
0.00263892
0.00262694
0.00263309
0.00263892
0.00264524
0.00264524
0.00262609
0.00264524
0.00263882
0.00263881
0.00264524
0.00263877
0.00263901
0.0026387
0.00264524
0.00262597
0.00263869
0.00263867
0.00264524
0.00262581
0.00262709
0.00263862
0.00263299
0.00264524
0.00263208
0.00264524
0.00264524
0.00264524
0.00263208
0.00264524
0.00264524
0.00263274
0.00263838
0.00264524
0.00264524
0.0026396
0.00263876
0.00262444
0.00264524
0.00264524
0.00263831
0.00264524
0.00263127
0.00264524
0.00262554
0.00261717
0.00263108
0.00264524
0.00263852
0.00263813
0.00262521
0.00263802
0.00263089
0.00263103
0.00264524
0.00262554
0.002631
0.00263086
0.00264524
0.00264524
0.00262367
0.00264524
0.00263043
0.00264524
0.00264524
0.00262471
0.00263083
0.00263774
0.00263019
0.00263769
0.00264524
0.00264524
0.00264524
0.00264524
0.00263159
0.00264524
0.0026375
0.0026375
0.00264524
0.00262002
0.00263745
0.00262391
0.00263746
0.00262957
0.00263738
0.00262269
0.00263733
0.00264524
0.00264524
0.00264524
0.00262977
0.00262991
0.00263945
0.00263938
0.00264524
0.00262897
0.00263121
0.00264524
0.00263063
0.00262918
0.00264524
0.00264524
0.00263749
0.00264524
0.00264524
0.00264524
0.00263091
0.00263236
0.00263962
0.00262825
0.00263756
0.0026367
0.00263665
0.00262801
0.00263659
0.00263656
0.00263655
0.00264524
0.00264524
0.0026365
0.00263876
0.00264524
0.00263891
0.00262984
0.00263627
0.00263634
0.00263778
0.00264524
0.00264524
0.00263061
0.00263743
0.00264524
0.00264524
0.00263602
0.00263806
0.00264524
0.00262727
0.00264524
0.00263277
0.00264524
0.00263582
0.00263575
0.00264524
0.0026357
0.00263662
0.00264524
0.00264524
0.00263778
0.00263677
0.00262568
0.00261934
0.00262564
0.00264524
0.0026354
0.00264524
0.00263534
0.00264524
0.00261823
0.00264524
0.00262497
0.00264524
0.00263893
0.00264524
0.00262582
0.0026349
0.00262649
0.00264524
0.00263483
0.00262754
0.00264524
0.00264524
0.00263582
0.00261313
0.00263453
0.00264524
0.00264524
0.00264524
0.00262762
0.00263435
0.00264524
0.00263702
0.00264524
0.00262506
0.00262529
0.00264524
0.00264524
0.00262679
0.00262265
0.00264524
0.00263378
0.00263373
0.00264524
0.00262753
0.00263886
0.00261694
0.00264524
0.00264524
0.00263515
0.00262065
0.00264524
0.00263465
0.00263318
0.00263329
0.00264524
0.00264524
0.00263962
0.00262039
0.00264524
0.00264524
0.00264524
0.00264524
0.00264524
0.00264524
0.00263714
0.00262381
0.00263774
0.00264524
0.00263226
0.00263843
0.00260868
0.00263227
0.00262106
0.00263534
0.00263425
0.00263179
0.00264524
0.00263963
0.00264524
0.00263909
0.00263142
0.0026314
0.00263756
0.00262222
0.00264524
0.00263069
0.00261257
0.0026326
0.0026395
0.00261995
0.00263935
0.00261265
0.00263702
0.00259749
0.00264524
0.00262406
0.00263829
0.00264524
0.00263743
0.00263627
0.00262896
0.00264524
0.00262004
0.00262859
0.00262943
0.00261341
0.00262556
0.00264524
0.00263342
0.00263032
0.00264524
0.00264524
0.0026231
0.00261779
0.00264524
0.00264524
0.00264524
0.00263921
0.00264524
0.00263831
0.00263953
0.00264524
0.00263855
0.00264524
0.00264524
0.00263515
0.00264524
0.00261985
0.00264524
0.00264524
0.0026347
0.002629
0.00264524
0.0026379
0.00264524
0.00264524
0.00262265
0.00263368
0.00264524
0.00264524
0.00264524
0.00264524
0.00263385
0.00264524
0.00264524
0.00263938
0.00264524
0.00264524
0.00264524
0.00264524
0.00263963
0.00264524
0.00264524
0.00262299
0.00263478
0.00261588
0.00263904
0.00261859
0.00263956
0.00264524
0.00264524
0.00262099
0.00262801
0.0026212
0.00262564
0.00264524
0.00264524
0.00263588
0.00263161
0.00263855
0.00262185
0.00264524
0.00263755
0.00264524
0.00263498
0.00264524
0.00262209
0.00052996
