0.8
0.00781112
0.0077626
0.00771263
0.00776229
0.00776106
0.00781112
0.00771011
0.00771054
0.00770955
0.00781112
0.00770733
0.00775893
0.00781112
0.00775938
0.00781112
0.00781112
0.00775737
0.00765416
0.00781112
0.00781112
0.00764982
0.00781112
0.00769828
0.00764292
0.00775413
0.00781112
0.00781112
0.00781112
0.00775259
0.0077515
0.00781112
0.00775071
0.0077496
0.00775014
0.00774914
0.00775281
0.00774861
0.00781112
0.00775485
0.00768457
0.00769266
0.00774553
0.00769335
0.00781112
0.00781112
0.00781112
0.00769416
0.00781112
0.00781112
0.00781112
0.00774064
0.00781112
0.00766741
0.00770914
0.00773637
0.00766209
0.0077549
0.00766572
0.00768611
0.00758336
0.00773319
0.00773341
0.00757151
0.00775281
0.00774656
0.00773137
0.00773607
0.00781112
0.00781112
0.00781112
0.0077392
0.00754968
0.00756233
0.00768631
0.00781112
0.00781112
0.00781112
0.00781112
0.0077171
0.0077575
0.00781112
0.00781112
0.00776231
0.00768782
0.00770833
0.00760053
0.00774964
0.00774656
0.00770246
0.00781112
0.00774022
0.00781112
0.00781112
0.00764482
0.00781112
0.00781112
0.00781112
0.00756904
0.00773078
0.00781112
0.00775366
0.00781112
0.00766617
0.00764835
0.00768218
0.00781112
0.00771959
0.00770135
0.00781112
0.00781112
0.00781112
0.0074799
0.00781112
0.00770504
0.00770551
0.00755036
0.00781112
0.00781112
0.00781112
0.00762615
0.00754721
0.00762477
0.00772535
0.00781112
0.00753313
0.00781112
0.00781112
0.00755806
0.00781112
0.00157062
