0.8
0.00529582
0.00529622
0.00531882
0.00527282
0.00527264
0.00527248
0.00524946
0.00531882
0.00531882
0.00527184
0.00529502
0.00531882
0.00531882
0.00529496
0.00529446
0.00531882
0.00529448
0.00529429
0.00529426
0.00529435
0.00531882
0.0052451
0.00526904
0.00531882
0.00531882
0.00529294
0.00531882
0.00529296
0.00524668
0.00526752
0.00531882
0.00531882
0.00529281
0.00529279
0.00531882
0.00523984
0.00531882
0.00531882
0.0052655
0.00531882
0.0052659
0.00529094
0.0052651
0.00531882
0.00529484
0.00529083
0.00531882
0.00531882
0.00529102
0.00529023
0.00526181
0.00528996
0.00528961
0.00529628
0.0052597
0.005231
0.00525948
0.00525901
0.005262
0.00531882
0.00528977
0.00531882
0.00526107
0.00525701
0.00523611
0.00520815
0.00528748
0.00525558
0.00526227
0.00528663
0.00531882
0.00531882
0.00531882
0.00526328
0.00531882
0.00531882
0.00525909
0.00531882
0.00528481
0.0052844
0.00531882
0.00528435
0.0052841
0.00531882
0.00528385
0.00528438
0.00525814
0.00525594
0.00528227
0.00531882
0.00525933
0.00531882
0.00525962
0.00529296
0.00531882
0.00531882
0.00524223
0.00531882
0.00529427
0.00527979
0.00531882
0.00531882
0.00527874
0.00531882
0.00524377
0.00529195
0.00531882
0.00531882
0.00531882
0.0052158
0.00531882
0.00527727
0.00531882
0.00531882
0.00531882
0.00525247
0.00527402
0.00525007
0.00531882
0.00524177
0.00525926
0.00531882
0.00531882
0.00528844
0.00531882
0.0052712
0.00531882
0.00527351
0.00515918
0.00531882
0.00531882
0.00529503
0.0052411
0.00531882
0.00521779
0.00528624
0.00522061
0.00529486
0.00528574
0.00531882
0.00527343
0.00528358
0.00531882
0.00520423
0.00531882
0.00531882
0.00531882
0.00525878
0.00531882
0.00529325
0.00526806
0.00529539
0.00526142
0.00519126
0.005254
0.00531882
0.00531882
0.00531882
0.00525845
0.00531882
0.00521375
0.00517758
0.00531882
0.00526839
0.00526081
0.00531882
0.00521889
0.00525623
0.00531882
0.00527111
0.00531882
0.00531882
0.00531882
0.00531882
0.00523937
0.00517255
0.00531882
0.00531882
0.00531882
0.0051797
0.00522972
0.00531882
0.00529347
0.00531882
0.00518488
0.00525324
0.00525688
0.00525323
0.00525644
0.00106789
