0.8
0.00286005
0.0028733
0.00286007
0.00286663
0.0028733
0.0028733
0.0028733
0.0028733
0.00286659
0.00286655
0.00285976
0.0028733
0.00285971
0.00286653
0.00286647
0.00285965
0.0028733
0.00285262
0.0028733
0.00285949
0.00286641
0.00286642
0.00286632
0.00285943
0.0028733
0.00286002
0.00286629
0.0028733
0.00285923
0.0028733
0.0028733
0.00286618
0.00286615
0.0028733
0.0028733
0.00285889
0.0028733
0.0028733
0.00285884
0.00286668
0.00286608
0.00286652
0.00285865
0.002866
0.0028733
0.00285867
0.00285874
0.00285846
0.0028584
0.002851
0.00286581
0.0028733
0.00286575
0.00285823
0.0028733
0.0028733
0.0028525
0.0028733
0.0028733
0.00286561
0.0028733
0.00285791
0.0028733
0.0028733
0.00286562
0.0028733
0.00286554
0.00286622
0.00286551
0.00286547
0.0028733
0.00286535
0.00286545
0.0028733
0.00285866
0.00286537
0.0028733
0.0028733
0.00286647
0.00286659
0.0028733
0.0028733
0.0028733
0.0028733
0.0028733
0.00286509
0.00286511
0.00285676
0.00286509
0.00286503
0.0028733
0.00285787
0.00286496
0.00285654
0.00285811
0.0028733
0.00285641
0.00285732
0.00286634
0.0028733
0.00285621
0.0028733
0.0028733
0.00286625
0.00285645
0.0028733
0.00285664
0.00286613
0.00286461
0.0028733
0.00285618
0.0028733
0.00284099
0.00286438
0.0028733
0.0028465
0.00286438
0.0028733
0.0028733
0.00285509
0.00286549
0.0028733
0.0028733
0.00286589
0.0028733
0.0028733
0.00286403
0.00286597
0.0028733
0.0028733
0.00286388
0.0028733
0.0028733
0.00284599
0.00285689
0.00282878
0.00283703
0.00286368
0.00285558
0.00285423
0.00285571
0.0028733
0.0028635
0.0028733
0.0028733
0.0028733
0.0028733
0.0028733
0.00286346
0.00284624
0.0028633
0.00286319
0.0028733
0.00286315
0.00286307
0.0028733
0.00286312
0.0028733
0.0028733
0.0028733
0.0028733
0.00285502
0.00286282
0.00286274
0.0028733
0.0028733
0.002856
0.00285194
0.00286254
0.00285177
0.002855
0.0028481
0.00286238
0.00286323
0.00286229
0.00286353
0.0028733
0.00285107
0.0028733
0.00284002
0.0028733
0.0028733
0.00286379
0.00285857
0.00286258
0.0028733
0.00285032
0.00285217
0.0028733
0.00285144
0.0028733
0.00286238
0.00286282
0.00286143
0.00285284
0.00285244
0.00284598
0.0028733
0.00284315
0.00286607
0.00285095
0.0028733
0.00283448
0.00285708
0.0028733
0.00286484
0.00286642
0.00286281
0.002854
0.0028733
0.0028733
0.00286613
0.0028733
0.00286044
0.0028733
0.00286634
0.0028733
0.00285328
0.0028733
0.00286312
0.00285811
0.00286642
0.00285985
0.00286551
0.00286385
0.0028492
0.00286443
0.00285175
0.00285949
0.00286164
0.00285883
0.00286564
0.00286432
0.00284984
0.0028733
0.002864
0.0028733
0.0028733
0.0028733
0.00285261
0.00284385
0.00285852
0.00283505
0.00286538
0.0028733
0.00285821
0.00286319
0.0028733
0.00285971
0.00284996
0.00286409
0.00284216
0.00285044
0.00286304
0.00285292
0.00285755
0.00286479
0.0028733
0.00286665
0.0028733
0.00286593
0.0028733
0.0028733
0.00286199
0.00284112
0.00284616
0.00285871
0.00286323
0.00286382
0.00284934
0.00286379
0.0028733
0.0028733
0.0028733
0.00286664
0.00285758
0.00286475
0.00284569
0.00286201
0.00286397
0.0028346
0.00286248
0.0028733
0.00286282
0.00284014
0.0028733
0.0028733
0.0028733
0.0028733
0.0028733
0.00286494
0.00285345
0.00286665
0.0028733
0.0028733
0.00285371
0.00286103
0.0028733
0.00283454
0.00285962
0.00286172
0.00284907
0.00284868
0.0028733
0.00285272
0.00285837
0.0028733
0.0028733
0.00283839
0.0028733
0.0028733
0.0028733
0.00286153
0.00285304
0.0028733
0.00284658
0.0028733
0.00286467
0.0028733
0.0028733
0.00286665
0.00286593
0.0028733
0.0028666
0.0028733
0.0028733
0.00285223
0.0028733
0.0028733
0.00286667
0.0028733
0.00286019
0.0028599
0.00284548
0.00284893
0.0028733
0.00285202
0.00284302
0.00286565
0.0028733
0.00283575
0.0028733
0.00284512
0.00285839
0.00281236
0.0028733
0.00284979
0.0028733
0.0028619
0.000575788
