0.8
0.00371962
0.00371964
0.00373075
0.00371947
0.00371954
0.00371943
0.00371946
0.00370809
0.00371934
0.00373075
0.00370792
0.00373075
0.00373075
0.00371912
0.00371939
0.00370758
0.00373075
0.00371898
0.00370713
0.00370713
0.00370698
0.00371893
0.00373075
0.00373075
0.00371876
0.00373075
0.00371868
0.00373075
0.00369437
0.00370636
0.00373075
0.00373075
0.00373075
0.00371845
0.00373075
0.00371836
0.00370588
0.00370587
0.00370553
0.00371815
0.00371815
0.0036939
0.00373075
0.00373075
0.00373075
0.00370504
0.00368007
0.00373075
0.00373075
0.00369164
0.00373075
0.00370451
0.00370463
0.00371747
0.00371743
0.00371862
0.00373075
0.00370584
0.00370388
0.00373075
0.00373075
0.00373075
0.00373075
0.00373075
0.00371699
0.0037181
0.00371699
0.00371696
0.00373075
0.00371696
0.00371663
0.00368866
0.00373075
0.00373075
0.00370544
0.00370213
0.00371642
0.00373075
0.00368735
0.00370425
0.00371607
0.00371704
0.00373075
0.00373075
0.0037159
0.00371572
0.00370382
0.00373075
0.00371572
0.00373075
0.00371563
0.00371541
0.00370001
0.00373075
0.00370219
0.00373075
0.00373075
0.00373075
0.0037152
0.00370203
0.00373075
0.0037149
0.00369059
0.00371553
0.00370065
0.00371467
0.00373075
0.00373075
0.0037192
0.00373075
0.00373075
0.00369753
0.00373075
0.00370341
0.00369789
0.00371784
0.00373075
0.00371901
0.00371775
0.00373075
0.00373075
0.00373075
0.00371752
0.00373075
0.00371901
0.00371322
0.00371864
0.00373075
0.00373075
0.00369456
0.00371263
0.00371248
0.00371233
0.00373075
0.00373075
0.00369394
0.00368563
0.00369766
0.00371187
0.00371223
0.00371828
0.00373075
0.00371844
0.00373075
0.00373075
0.00371863
0.00367797
0.00369657
0.00371847
0.00373075
0.00373075
0.00368236
0.00373075
0.00371029
0.00371601
0.00373075
0.00371001
0.00370984
0.00369734
0.00373075
0.00373075
0.00369765
0.00370934
0.00373075
0.00373075
0.00369824
0.00373075
0.00371641
0.00371624
0.00373075
0.00366857
0.00369922
0.00370805
0.0037192
0.00369986
0.00371221
0.00373075
0.00369015
0.00366432
0.00370694
0.00373075
0.00373075
0.00370959
0.00373075
0.00373075
0.0037154
0.00373075
0.0037137
0.00367861
0.00370532
0.00367975
0.00371097
0.00370785
0.00373075
0.00373075
0.00370825
0.00370469
0.00369679
0.00373075
0.00369121
0.00367657
0.00371635
0.00373075
0.00373075
0.00369682
0.00370237
0.00368585
0.00370239
0.00371774
0.00373075
0.00371559
0.00370996
0.00368656
0.00371488
0.00373075
0.00367849
0.0037121
0.00373075
0.0037109
0.00370515
0.00371733
0.00373075
0.0037183
0.00371668
0.00373075
0.00367122
0.00368423
0.00373075
0.00368254
0.00369636
0.00373075
0.00369527
0.00373075
0.00370131
0.00371802
0.00370628
0.00370179
0.00371641
0.00369365
0.00370743
0.00373075
0.00371668
0.00368879
0.00373075
0.00370506
0.00373075
0.00373075
0.00373075
0.00367335
0.00371223
0.00373075
0.00371891
0.00368521
0.00371097
0.00371635
0.00370825
0.00373075
0.00373075
0.00371097
0.00369519
0.00373075
0.00368151
0.00371612
0.00363408
0.00370381
0.00373075
0.00373075
0.00369678
0.00371333
0.000747997
