0.8
0.011251
0.0113579
0.0111479
0.0112519
0.0113579
0.0112512
0.0111347
0.0112464
0.0112479
0.0113579
0.0113579
0.0111266
0.0112442
0.0107875
0.0113579
0.0111205
0.0113579
0.0113579
0.0112487
0.0111138
0.011234
0.0113579
0.0112259
0.0112302
0.0110954
0.0107551
0.0109811
0.0111207
0.0113579
0.0113579
0.0112159
0.0112409
0.0110746
0.0113579
0.0113579
0.0113579
0.0112159
0.0113579
0.0112356
0.0110434
0.0110835
0.0112302
0.0110859
0.0111005
0.0113579
0.0113579
0.0113579
0.0113579
0.0109956
0.011184
0.0111697
0.0113579
0.0113579
0.0113579
0.0113579
0.0113579
0.0111529
0.0111257
0.0111599
0.0109287
0.0113579
0.0111309
0.0107664
0.0111456
0.0113579
0.0110413
0.0113579
0.0111075
0.0111666
0.0113579
0.0113579
0.0112258
0.0112258
0.0111956
0.0113579
0.011133
0.0113579
0.0107962
0.0107985
0.0113579
0.0112477
0.0113579
0.011207
0.0113579
0.011033
0.0111785
0.0110017
0.0113579
0.011085
0.00228677
