0.8
0.00478821
0.00475136
0.0047885
0.00478818
0.00476973
0.00478803
0.00473101
0.00473085
0.00480688
0.00476858
0.00478765
0.00480688
0.00478767
0.0047874
0.00480688
0.00480688
0.00478718
0.00480688
0.00478721
0.0047875
0.00476853
0.00480688
0.00480688
0.00478807
0.00480688
0.00478642
0.00478639
0.00480688
0.00478846
0.00478677
0.00480688
0.00478598
0.00480688
0.00478681
0.00474318
0.00478541
0.00476407
0.00480688
0.00478533
0.00476475
0.00476381
0.00476299
0.00476581
0.00478475
0.00476523
0.00478453
0.00472072
0.00478431
0.00480688
0.00476167
0.00480688
0.00480688
0.004765
0.00478668
0.00478368
0.00478462
0.00480688
0.00480688
0.00480688
0.00480688
0.00480688
0.00478631
0.00480688
0.00478273
0.00480688
0.00473308
0.00476292
0.00480688
0.00478199
0.00478172
0.00478144
0.00480688
0.00478119
0.00480688
0.00480688
0.00478082
0.00480688
0.00478079
0.00480688
0.00478048
0.00480688
0.0047803
0.00480688
0.00480688
0.00477959
0.00480688
0.00478196
0.00478006
0.00477896
0.00475906
0.00478631
0.00480688
0.00480688
0.00477823
0.00477821
0.00480688
0.00476505
0.00480688
0.00477741
0.00477762
0.00480688
0.00480688
0.00475496
0.00478236
0.00475649
0.00480688
0.00477815
0.0047209
0.00477524
0.00478309
0.00475528
0.0046704
0.00480688
0.00474219
0.00472189
0.00480688
0.00475454
0.00478532
0.00476012
0.00480688
0.00480688
0.00478779
0.0047874
0.00480688
0.00473696
0.00480688
0.00480688
0.00480688
0.00471529
0.00477139
0.00480688
0.00478551
0.00474449
0.00475373
0.00476885
0.00480688
0.00480688
0.00466201
0.00480688
0.00476554
0.00480688
0.00476668
0.00478598
0.00480688
0.00476836
0.00478036
0.00478578
0.00475957
0.00478836
0.00480688
0.00477845
0.00480688
0.00478551
0.00477251
0.00476201
0.00476432
0.00480688
0.00480688
0.00477875
0.00478578
0.00473716
0.00480688
0.00478261
0.00480688
0.00477213
0.00472782
0.00478036
0.00472544
0.00475515
0.00475515
0.00478681
0.00480688
0.00478261
0.00477525
0.00477974
0.00480688
0.00480688
0.00473753
0.00480688
0.00473935
0.00475495
0.00475962
0.00480688
0.00477941
0.00478726
0.00480688
0.00477682
0.00470168
0.00475977
0.00480688
0.00473875
0.00478807
0.00473777
0.00475495
0.00474385
0.00478006
0.00478399
0.00474832
0.00480688
0.00480688
0.00480688
0.00480688
0.00466741
0.00474547
0.00462129
0.00480688
0.00480688
0.00480688
0.00476508
0.000964455
