0.8
0.00277454
0.00279322
0.00279322
0.00279322
0.00279322
0.00278688
0.00278695
0.00278689
0.00278685
0.00278684
0.00279322
0.00278691
0.00279322
0.00279322
0.00278037
0.00278041
0.00278677
0.00279322
0.00278667
0.00278684
0.00278672
0.00278668
0.00279322
0.00279322
0.00279322
0.0027866
0.00278663
0.00279322
0.00278655
0.00279322
0.00279322
0.00277984
0.00279322
0.00279322
0.00277306
0.00277339
0.00279322
0.00279322
0.0027864
0.00278641
0.00278637
0.00278635
0.00278635
0.00279322
0.00278005
0.00279322
0.00278627
0.00275915
0.00278631
0.00279322
0.00279322
0.00277284
0.00278616
0.00279322
0.00279322
0.00279322
0.00278607
0.00277889
0.00277884
0.00279322
0.00278606
0.00279322
0.00277903
0.00276422
0.00277864
0.00278592
0.00278609
0.00277209
0.00278589
0.00279322
0.00279322
0.00278583
0.00279322
0.00278588
0.00279322
0.00279322
0.00278572
0.0027857
0.00279322
0.00279322
0.00277927
0.00279322
0.00278666
0.00278556
0.00277794
0.00279322
0.00279322
0.00278545
0.00279322
0.00277764
0.00277144
0.00278539
0.00279322
0.00279322
0.00279322
0.0027853
0.00277744
0.00279322
0.00278525
0.00279322
0.00279322
0.00278636
0.00278564
0.0027851
0.00277693
0.00279322
0.00279322
0.00277885
0.0027771
0.00278582
0.00278601
0.00277663
0.00279322
0.00279322
0.00277641
0.0027848
0.0027848
0.00279322
0.00279322
0.0027847
0.00279322
0.00279322
0.00278653
0.0027674
0.00279322
0.00278648
0.00277601
0.00278455
0.00279322
0.00278602
0.00278636
0.00277556
0.0027755
0.00276672
0.00279322
0.00279322
0.00278426
0.00278646
0.00278646
0.00278415
0.00279322
0.0027866
0.00279322
0.00277501
0.0027793
0.00277482
0.00279322
0.00279322
0.00279322
0.00278507
0.00277707
0.00277436
0.00279322
0.00277435
0.00279322
0.00277152
0.00279322
0.00278646
0.00276759
0.00278355
0.0027842
0.00279322
0.00278633
0.00278636
0.00278344
0.00277637
0.00279322
0.00279322
0.0027839
0.00279322
0.00279322
0.00279322
0.00278358
0.00279322
0.00279322
0.00278299
0.00279322
0.00279322
0.00279322
0.0027828
0.00278594
0.00279322
0.00279322
0.00277213
0.00278627
0.00275265
0.00279322
0.00277622
0.00278244
0.00278246
0.00278244
0.00278652
0.00278237
0.00279322
0.00276419
0.00279322
0.00279322
0.00278214
0.00279322
0.00278333
0.00277471
0.00278191
0.00278514
0.00279322
0.00279322
0.00278172
0.00279322
0.00278558
0.00277003
0.00278467
0.00279322
0.00279322
0.0027737
0.00276242
0.00277423
0.00276934
0.00279322
0.00278411
0.00279322
0.00279322
0.00278093
0.00279322
0.00279322
0.0027795
0.00277805
0.00279322
0.00278327
0.00278061
0.00275535
0.00278114
0.00278571
0.00279322
0.0027803
0.00278027
0.00278618
0.00279322
0.0027801
0.00279322
0.00278342
0.00277998
0.00277991
0.00279322
0.00279322
0.00277985
0.00277958
0.00279322
0.00278035
0.00279322
0.00277272
0.00275885
0.00279322
0.00279322
0.00279322
0.00278232
0.00277891
0.00276069
0.00277021
0.00279322
0.00277766
0.00277542
0.00276915
0.00278532
0.00276831
0.00277832
0.00278652
0.00279322
0.00277838
0.00279322
0.00274422
0.00278143
0.00277954
0.00277708
0.00277797
0.00279322
0.00278118
0.00278584
0.00277496
0.0027759
0.00278282
0.00279322
0.00278681
0.00278548
0.00278069
0.00279322
0.00276262
0.00277231
0.00277266
0.0027766
0.00277966
0.00278698
0.00279322
0.00279322
0.00278598
0.00279322
0.00278516
0.00277415
0.00277507
0.00278333
0.00276552
0.00277516
0.00273717
0.00278614
0.00277445
0.0027595
0.00279322
0.00279322
0.00277802
0.00276602
0.00275926
0.00279322
0.00279322
0.00278247
0.00279322
0.00279322
0.0027629
0.00277552
0.00277567
0.00279322
0.00278687
0.00275384
0.00279322
0.00279322
0.00279322
0.00279322
0.00279322
0.00278541
0.00277498
0.0027584
0.00276865
0.00279322
0.00277992
0.00277339
0.00275476
0.00278136
0.00274878
0.00277512
0.00279322
0.00275672
0.00277086
0.00279322
0.00277709
0.00277481
0.00278411
0.00279322
0.00279322
0.00276196
0.00277369
0.00279322
0.00278177
0.00279322
0.00279322
0.0027549
0.00279322
0.00277364
0.00278425
0.00278653
0.00276413
0.00279322
0.00278327
0.000559927
