0.8
0.00222805
0.00222804
0.00222805
0.00222803
0.00222
0.00222398
0.00223204
0.00222801
0.00222799
0.00223204
0.00222394
0.00221984
0.00221577
0.00223204
0.00223204
0.00221988
0.00222794
0.0022238
0.00222792
0.00222792
0.00223204
0.00223204
0.00222373
0.00222789
0.00223204
0.00222788
0.00222366
0.00223204
0.00223204
0.00222783
0.00223204
0.00222783
0.00223204
0.00221933
0.00222781
0.00223204
0.00223204
0.0022278
0.00222776
0.00222776
0.00223204
0.00222346
0.00223204
0.00223204
0.00223204
0.00223204
0.00222772
0.00222767
0.00222768
0.00223204
0.00222768
0.00222326
0.00222327
0.0022233
0.00223204
0.00223204
0.00223204
0.00222315
0.0022276
0.0022276
0.00222761
0.00222756
0.00223204
0.00222755
0.00223204
0.00222757
0.00223204
0.00222749
0.00222749
0.00223204
0.00222747
0.00223204
0.00221833
0.00223204
0.0022183
0.00223204
0.00223204
0.0022274
0.00221817
0.00223204
0.00222739
0.00221864
0.00222741
0.00222737
0.00223204
0.00222771
0.00223204
0.00223204
0.00222737
0.00221789
0.00223204
0.00222255
0.00222277
0.00222326
0.00222249
0.00223204
0.00222723
0.00223204
0.0022226
0.00222721
0.00221332
0.00222718
0.00223204
0.00222719
0.00222712
0.00223204
0.00223204
0.00221733
0.0022222
0.00222217
0.0022271
0.00221798
0.00222755
0.00223204
0.00222307
0.00222703
0.00223204
0.00223204
0.00223204
0.00222791
0.00223204
0.00222792
0.00223204
0.00222693
0.00222283
0.00223204
0.00223204
0.00222262
0.00222174
0.00222744
0.00222689
0.00222281
0.00222689
0.00223204
0.00222682
0.00222221
0.00221116
0.00223204
0.00222163
0.00223204
0.00222142
0.00222677
0.00222671
0.00223204
0.00223204
0.00222665
0.00222666
0.00222729
0.00222663
0.00222778
0.00222706
0.00222113
0.00222729
0.00222202
0.00222658
0.00223204
0.00222195
0.00222162
0.00223204
0.00223204
0.00223204
0.00222734
0.00223204
0.002228
0.00221581
0.00222076
0.00223204
0.00223204
0.00223204
0.00221638
0.00222179
0.00223204
0.00222629
0.00222631
0.00222775
0.00223204
0.00223204
0.00222168
0.00222041
0.00222618
0.00223204
0.00222194
0.00222721
0.00222095
0.00222777
0.00223204
0.00221508
0.00222248
0.00222604
0.00223204
0.00223204
0.00221541
0.00222603
0.00221513
0.00222593
0.00222594
0.00223204
0.00222644
0.00221353
0.00222664
0.00222592
0.00223204
0.00223204
0.00222163
0.00223204
0.00222035
0.00223204
0.00223204
0.00222165
0.00222573
0.00221985
0.00222002
0.00222562
0.00222104
0.0022256
0.00223204
0.00221909
0.00222049
0.00222569
0.00223204
0.00223204
0.00222653
0.00221393
0.0022189
0.00222042
0.002228
0.00222572
0.00222568
0.00223204
0.00223204
0.00223204
0.00222799
0.00223204
0.00222521
0.00223204
0.00222521
0.00223204
0.00223204
0.0022252
0.00222788
0.00223204
0.00222193
0.00221926
0.00223204
0.00221982
0.00223204
0.00222106
0.00223204
0.00221923
0.00222316
0.00222485
0.00222805
0.00223204
0.00221124
0.00223204
0.00222475
0.00222656
0.00221462
0.00222468
0.00222795
0.00223204
0.00223204
0.00222459
0.00223204
0.00221703
0.00222452
0.00222572
0.00223204
0.00223204
0.00223204
0.0022276
0.00223204
0.00223204
0.00222801
0.00222761
0.00221982
0.00220625
0.00222753
0.00223204
0.00223204
0.00223204
0.00223204
0.00223204
0.00221043
0.0022278
0.00223204
0.00223204
0.00222651
0.00223204
0.00222498
0.00220918
0.00222378
0.00223204
0.00222371
0.00223204
0.00223204
0.00223204
0.00223204
0.00221502
0.00223204
0.00221859
0.00221482
0.00221884
0.00223204
0.00222334
0.00221463
0.00223204
0.00223204
0.00223204
0.00223204
0.00222622
0.00223204
0.00223204
0.00221331
0.00223204
0.00223204
0.00222428
0.00222577
0.00222456
0.00223204
0.00223204
0.00222148
0.0022227
0.00223204
0.00223204
0.00221034
0.00222274
0.0022225
0.00222656
0.00223204
0.00221783
0.00221666
0.00222803
0.00223204
0.00221429
0.00222621
0.00223204
0.00223204
0.00223204
0.00222637
0.00222196
0.0022278
0.00222714
0.00222256
0.00221712
0.00223204
0.00222788
0.00222227
0.0022267
0.00222151
0.00222489
0.00223204
0.00222601
0.00222012
0.00223204
0.00223204
0.00221041
0.00222777
0.00222358
0.00223204
0.00222651
0.00220335
0.00222088
0.00223204
0.00222749
0.00220057
0.00221983
0.00222706
0.00223204
0.00223204
0.00221268
0.00223204
0.00222674
0.00221614
0.00222027
0.00221356
0.00222772
0.00221992
0.00222309
0.00223204
0.00222788
0.00222651
0.00222496
0.00223204
0.00223204
0.00221937
0.00221937
0.00223204
0.00220257
0.00222632
0.00221427
0.00223204
0.00223204
0.00221102
0.00222753
0.00223204
0.0022256
0.00222673
0.00221837
0.00221669
0.00223204
0.00223204
0.00222247
0.00222752
0.0022258
0.00223204
0.00223204
0.00221775
0.00221704
0.00223204
0.00222767
0.00223204
0.00222739
0.00222694
0.00223204
0.00220089
0.00220947
0.00221239
0.00222358
0.00223204
0.00221455
0.00223204
0.00222569
0.0022226
0.00223204
0.00219003
0.00223204
0.00223204
0.00223204
0.00223204
0.00222586
0.00223204
0.00223204
0.00222484
0.00220578
0.00221539
0.00223204
0.00222803
0.00223204
0.00222414
0.00222308
0.00222666
0.00223204
0.00222569
0.00223204
0.00222083
0.00221243
0.00223204
0.00222048
0.000447153
