0.8
0.0147095
0.0143567
0.0145297
0.0147095
0.0147095
0.01453
0.0145225
0.0143418
0.0147095
0.014515
0.0145075
0.0145116
0.014505
0.0141166
0.0142953
0.0147095
0.0142976
0.0144961
0.014487
0.0145026
0.0144829
0.0144831
0.0147095
0.0147095
0.0147095
0.0147095
0.0147095
0.0142888
0.0142223
0.0147095
0.0147095
0.0144648
0.0139928
0.0147095
0.0147095
0.0145225
0.0147095
0.0144466
0.0140918
0.0139122
0.0143946
0.0147095
0.0147095
0.0143658
0.0147095
0.0141517
0.0144278
0.0144936
0.0143291
0.0143332
0.0143341
0.0140985
0.0147095
0.0145318
0.0145318
0.0134703
0.0145385
0.0147095
0.0141302
0.0142487
0.0138944
0.0138835
0.0142842
0.0147095
0.0147095
0.0142963
0.0142764
0.0142645
0.0147095
0.00297969
