0.8
0.0023232
0.00233634
0.00233195
0.00232758
0.00233634
0.00232748
0.00233634
0.00233192
0.00233634
0.00233634
0.00233634
0.00233188
0.00232738
0.00232741
0.00233634
0.00233186
0.00232733
0.00233634
0.00233183
0.00233634
0.00232279
0.00232729
0.00233181
0.00233177
0.00233176
0.00232719
0.00233634
0.00233634
0.00233634
0.00233634
0.00232733
0.0023317
0.00233634
0.00233166
0.00233634
0.00233634
0.00232698
0.00233634
0.00233165
0.00233165
0.0023316
0.00232693
0.00233161
0.00232715
0.00233159
0.00233155
0.00233157
0.00233155
0.00233634
0.00232192
0.00233153
0.00233634
0.00233634
0.00233634
0.00233148
0.00233634
0.00233146
0.00232658
0.00232164
0.00233145
0.002332
0.00233143
0.00233634
0.0023314
0.00232148
0.00232642
0.00233634
0.00233634
0.00233634
0.00233132
0.00233634
0.00233132
0.00232664
0.0023313
0.00233634
0.00232624
0.00233124
0.00233634
0.00233121
0.00232166
0.00233123
0.00233187
0.00233634
0.00232599
0.00233116
0.00233634
0.00233116
0.00233634
0.00233192
0.00232721
0.00233634
0.00233111
0.00233634
0.00232093
0.00232627
0.00233634
0.00233105
0.00233099
0.00233634
0.00233634
0.00233634
0.00233634
0.00233634
0.00233634
0.00232545
0.00233098
0.00232642
0.00233093
0.00232607
0.00233634
0.00232095
0.00232547
0.00232624
0.00233136
0.00232596
0.00233139
0.00233634
0.00232581
0.00233634
0.00233084
0.00233132
0.00233634
0.00233066
0.00233129
0.00233634
0.00233634
0.00233634
0.00233059
0.00233634
0.00231912
0.00233053
0.00233056
0.00233634
0.00232514
0.00233052
0.00233051
0.00231994
0.00233046
0.00233634
0.00233045
0.00230787
0.00233043
0.00233041
0.00233041
0.00233634
0.00231978
0.00233634
0.00231953
0.00232421
0.00232546
0.00233119
0.00233634
0.00233026
0.00233634
0.00232412
0.00233122
0.00233634
0.00233013
0.00233634
0.00233063
0.00232393
0.00233634
0.00231913
0.00233139
0.00233634
0.00233634
0.00232498
0.00231978
0.00233001
0.00233634
0.00232999
0.00232995
0.00232994
0.00233634
0.00232351
0.00233634
0.00232982
0.00233634
0.00233634
0.00233634
0.00232979
0.00232681
0.00232975
0.00232318
0.00232971
0.00232968
0.00232985
0.00232967
0.0023296
0.00233181
0.00233634
0.0023236
0.00232621
0.00232418
0.00232953
0.00232944
0.00232945
0.00232944
0.00233167
0.00232421
0.00233187
0.00233634
0.00232239
0.00233634
0.00232956
0.00233097
0.00233634
0.00232927
0.00232924
0.00231941
0.00232427
0.00232915
0.00232195
0.00233189
0.00232409
0.00233634
0.00233634
0.00232898
0.00232369
0.00233634
0.00233634
0.00233634
0.00232888
0.00233634
0.00232134
0.00233634
0.00233634
0.00233634
0.00233634
0.00233634
0.00232867
0.00233146
0.00233098
0.00233634
0.00233634
0.00232587
0.00233634
0.00232853
0.0023188
0.00231631
0.00232311
0.00232048
0.00233032
0.00233038
0.00233634
0.00233634
0.00233634
0.00232283
0.00233634
0.0023227
0.00231996
0.00233634
0.00233057
0.00233634
0.00232216
0.00233634
0.00233634
0.00233634
0.00232795
0.0023305
0.002326
0.00233634
0.00233634
0.00233634
0.00232775
0.00232308
0.00232266
0.00232768
0.00233634
0.0023319
0.00233155
0.00233634
0.00233634
0.00232749
0.00233634
0.00233634
0.00232736
0.00232735
0.00232364
0.00232082
0.00232719
0.00233634
0.00232149
0.00232227
0.00233634
0.00231635
0.00233634
0.00233124
0.00233634
0.00233634
0.00233164
0.00232056
0.00233119
0.00231965
0.00233634
0.00231326
0.00233634
0.00232775
0.00232179
0.00232967
0.00232306
0.00232662
0.00233634
0.00233122
0.00233634
0.00233008
0.00232995
0.00232902
0.00232605
0.00232505
0.00232362
0.00232594
0.00233634
0.00232589
0.00232567
0.00233634
0.00232697
0.00231946
0.00233634
0.00233634
0.00233634
0.00233634
0.00232829
0.00233634
0.00233634
0.00231701
0.00233634
0.00231848
0.00232728
0.00232931
0.00231265
0.00232499
0.00233634
0.00231894
0.00232383
0.00233634
0.00233634
0.00233085
0.00233134
0.00233634
0.00233634
0.00233634
0.00232916
0.0023189
0.00231485
0.00233634
0.00232413
0.00233634
0.00233634
0.00232061
0.00233183
0.00233063
0.00232828
0.00233634
0.00233145
0.00232409
0.00232334
0.00229922
0.00231696
0.00233053
0.00231529
0.00232513
0.00233634
0.00230625
0.00233634
0.00233634
0.0023314
0.00232261
0.00232433
0.0023256
0.00233174
0.00232093
0.00233634
0.00232182
0.00233634
0.00233634
0.00232482
0.00233112
0.00231664
0.00233063
0.00233634
0.00233634
0.00233634
0.00233634
0.0023253
0.00233634
0.00232182
0.00232853
0.00232057
0.00233634
0.00230901
0.00232955
0.00233634
0.00233634
0.00232116
0.00230078
0.00228026
0.00231479
0.00233634
0.00233634
0.00233634
0.00231219
0.00233156
0.00233634
0.00233634
0.0023255
0.00233634
0.00231563
0.00232341
0.00233634
0.00232461
0.00232148
0.00233634
0.00232886
0.0023307
0.00233634
0.00232491
0.00232967
0.00231592
0.00233634
0.0022968
0.00233634
0.00233151
0.00233634
0.00232337
0.00233634
0.00233634
0.00233634
0.00233634
0.000468076
