0.8
0.00250756
0.00250755
0.0025126
0.0025126
0.00250244
0.00250755
0.0025126
0.0025126
0.00250749
0.0025075
0.00249711
0.00250745
0.0025126
0.0025126
0.00250743
0.00250741
0.00250737
0.0025021
0.0025126
0.00249682
0.00250735
0.00249157
0.00250731
0.00250728
0.00250201
0.00250731
0.00250196
0.0025126
0.00250726
0.0025126
0.00250721
0.00250721
0.0025126
0.00250212
0.00249677
0.0025126
0.0025126
0.0025126
0.00250715
0.0025126
0.00250711
0.00249611
0.0025126
0.0025126
0.00250706
0.00250704
0.00250754
0.00249029
0.00249581
0.0025074
0.00250695
0.00249568
0.00250699
0.0025126
0.0025126
0.0025126
0.00249554
0.0025069
0.0025126
0.00249622
0.0025126
0.00250109
0.00250679
0.00250102
0.00250159
0.00250682
0.00250678
0.0025126
0.00250166
0.00250086
0.00250674
0.0025126
0.0025067
0.00250668
0.0025126
0.00249483
0.00250065
0.0025126
0.00250661
0.0025072
0.0025126
0.00250726
0.00250655
0.00250656
0.0025126
0.00250041
0.0025126
0.00250648
0.00250033
0.00250745
0.0025126
0.0025126
0.0025126
0.0025126
0.00250638
0.00250015
0.0025126
0.00250633
0.0025126
0.00250633
0.00250623
0.0025126
0.00250625
0.0025126
0.00249985
0.0025009
0.00250745
0.0025126
0.00249973
0.00250113
0.0025061
0.00250142
0.00250613
0.00250612
0.00250723
0.0025126
0.00249988
0.00249273
0.00250598
0.00250597
0.0024993
0.00250651
0.00250029
0.0025126
0.002507
0.00250586
0.00248589
0.00250582
0.00250584
0.00250583
0.00250577
0.0025126
0.00250571
0.00250573
0.00250564
0.00249185
0.0025126
0.0025126
0.00249386
0.00250561
0.0025126
0.00250619
0.00250552
0.0025126
0.0025126
0.0025126
0.00250651
0.0025126
0.00250011
0.0025126
0.0025126
0.0025054
0.00250739
0.0025126
0.0025126
0.00250527
0.0025126
0.0024927
0.0025126
0.0025126
0.00249774
0.00250728
0.00250663
0.0024976
0.0025002
0.00249887
0.0025126
0.00250505
0.00250135
0.0025126
0.0025126
0.0025126
0.00250731
0.00250482
0.00249929
0.0024971
0.00250482
0.00250483
0.00250472
0.0025126
0.00250469
0.0025126
0.0025055
0.00250467
0.00249943
0.00250464
0.00250455
0.00250452
0.0025126
0.0025126
0.00250446
0.00249624
0.00250438
0.00249949
0.0025045
0.0025126
0.00250036
0.00249925
0.00250423
0.00248875
0.0025126
0.0025126
0.0025126
0.0025055
0.00250407
0.00249731
0.00248672
0.0025126
0.0025126
0.0025126
0.00249524
0.00249012
0.0025062
0.0025126
0.00249775
0.00250397
0.00249501
0.0025126
0.00250613
0.00250668
0.0025126
0.00248628
0.00249844
0.00250367
0.00250338
0.00250338
0.00250639
0.00250332
0.00250699
0.0025126
0.0025126
0.0025126
0.00250315
0.00250712
0.0025126
0.0025126
0.00248391
0.0025126
0.0025126
0.00249322
0.00249404
0.00250638
0.00250278
0.00250273
0.0025126
0.0025126
0.0025126
0.00248666
0.00249623
0.0025126
0.00250745
0.0025126
0.00248175
0.0025126
0.0025126
0.0025126
0.0025126
0.0025126
0.00249353
0.0025126
0.00250204
0.00250713
0.00249634
0.0025126
0.0025126
0.0025126
0.00250597
0.00249677
0.00250645
0.00249621
0.0025126
0.0025126
0.0025126
0.00249906
0.0025126
0.00250136
0.00250425
0.0025126
0.00250533
0.00250407
0.00250208
0.00248336
0.00250711
0.0025126
0.00249255
0.00250078
0.0025126
0.00250073
0.00250068
0.00250052
0.00249466
0.00250365
0.0025126
0.0025126
0.00250033
0.00249057
0.0025126
0.0024899
0.0025126
0.0025126
0.00250365
0.0025126
0.00249981
0.0025126
0.00250678
0.0025126
0.0025126
0.00249277
0.00250477
0.0025126
0.00247312
0.00250745
0.0025126
0.0025126
0.00250678
0.00248519
0.0025126
0.0025126
0.0025126
0.0025126
0.0025126
0.002489
0.00248426
0.00250414
0.00250707
0.00250297
0.00250653
0.0025126
0.00249041
0.00250484
0.00250582
0.00249605
0.00250376
0.0025126
0.00250449
0.0025126
0.00250409
0.0025126
0.0025126
0.00250484
0.00250491
0.0025126
0.00248407
0.0025126
0.0025126
0.0025049
0.0025126
0.00250731
0.0025126
0.00250045
0.0025126
0.00249469
0.00249319
0.0025126
0.00247575
0.0025126
0.0025126
0.00250711
0.00250709
0.0025126
0.0025126
0.0025126
0.00249379
0.00250182
0.00250692
0.00248732
0.00244805
0.0025126
0.0025126
0.00249743
0.0025126
0.0025126
0.00249259
0.0025126
0.00245498
0.0025126
0.00250533
0.00250373
0.0025126
0.0025126
0.00250017
0.00248909
0.00250202
0.00250027
0.00250575
0.0025126
0.00250613
0.00250741
0.00249269
0.0024793
0.00250623
0.0025126
0.0025045
0.00249414
0.00249305
0.0024505
0.00248817
0.00249107
0.0025126
0.000503563
