0.8
0.0021794
0.002168
0.00218322
0.00218322
0.00218322
0.00218322
0.00217553
0.00218322
0.00218322
0.00217935
0.00216382
0.00218322
0.00217545
0.0021793
0.00217931
0.0021793
0.00217148
0.00218322
0.00218322
0.00218322
0.00218322
0.00218322
0.00217925
0.00217528
0.00217525
0.00217527
0.00218322
0.00217521
0.00217521
0.00217921
0.0021792
0.00217917
0.00218322
0.00217921
0.00218322
0.00217104
0.00217915
0.00217916
0.00217914
0.00217505
0.00217911
0.00218322
0.00217912
0.00218322
0.0021791
0.00218322
0.00218322
0.00217905
0.00217072
0.00218322
0.0021749
0.00217485
0.00217484
0.00218322
0.00217901
0.00217901
0.00217479
0.00218322
0.00216643
0.00217471
0.0021748
0.00217898
0.002179
0.00217896
0.00217892
0.00217896
0.00218322
0.00218322
0.00218322
0.00217891
0.00217887
0.00216596
0.00217498
0.0021745
0.00217893
0.00217883
0.00217005
0.00218322
0.00217441
0.00218322
0.00217474
0.00217878
0.00217879
0.00218322
0.00217876
0.00217878
0.00218322
0.00217873
0.0021787
0.00217871
0.00218322
0.00217416
0.00217875
0.00217412
0.00218322
0.00218322
0.00217865
0.00217864
0.00218322
0.00217404
0.00217934
0.00217418
0.0021786
0.00217857
0.00218322
0.00217857
0.00217854
0.00217464
0.00218322
0.00217381
0.00218322
0.00217376
0.00217849
0.00217374
0.00217847
0.00217907
0.00218322
0.00218322
0.00217841
0.00218322
0.00217839
0.00217356
0.00217839
0.00216384
0.00217869
0.0021735
0.0021742
0.00218322
0.00217833
0.00217336
0.00218322
0.00217829
0.00217827
0.00217329
0.0021697
0.00217324
0.00217821
0.00217824
0.00217318
0.00218322
0.00218322
0.00217444
0.00217818
0.00218322
0.00217816
0.00218322
0.00217811
0.00217828
0.00218322
0.00218322
0.00217396
0.00218322
0.00217806
0.00217801
0.00217933
0.00217278
0.00217797
0.00218322
0.00218322
0.0021727
0.00218322
0.00218322
0.00218322
0.0021779
0.00218322
0.00217791
0.00217787
0.00217248
0.00218322
0.00217874
0.00218322
0.00218322
0.00217935
0.00218322
0.00217775
0.00217333
0.00218322
0.00217222
0.00218322
0.00217215
0.00218322
0.00218322
0.00217905
0.00217765
0.00217477
0.0021776
0.00218322
0.00217894
0.00218322
0.00217295
0.00217754
0.00217352
0.00218322
0.00218322
0.00217746
0.00217745
0.00217168
0.00218322
0.00217742
0.00218322
0.00217739
0.00218322
0.00216749
0.00217935
0.00217261
0.00217305
0.00218322
0.00216946
0.00216707
0.0021734
0.00217873
0.00217117
0.00218322
0.00217113
0.00218322
0.00216499
0.00217097
0.00218322
0.00217707
0.00217708
0.00216719
0.00217203
0.00218322
0.00217072
0.00218322
0.00217731
0.00217694
0.00217334
0.00217934
0.0021727
0.00217687
0.00218322
0.00218322
0.00218322
0.00217678
0.00218322
0.0021794
0.00217672
0.00217673
0.00217926
0.00217666
0.00217066
0.00217661
0.00218322
0.0021726
0.00216608
0.00218322
0.00216521
0.0021765
0.00218322
0.00217938
0.00217741
0.00217812
0.0021764
0.00218322
0.00216951
0.00216563
0.0021791
0.00217207
0.0021718
0.00218322
0.00218322
0.0021683
0.00218322
0.00217617
0.00218322
0.0021661
0.0021718
0.00216952
0.00218322
0.00217898
0.00216878
0.00217822
0.00217904
0.0021763
0.00218322
0.00218322
0.00217589
0.00217114
0.00217388
0.00218322
0.002179
0.00217572
0.00216823
0.00217425
0.00218322
0.00217065
0.00217562
0.00218322
0.00218322
0.0021788
0.00217902
0.00218322
0.00218322
0.0021754
0.00218322
0.0021599
0.00217529
0.00218322
0.00218322
0.00218322
0.00217843
0.00217345
0.0021778
0.00218322
0.00217918
0.00216895
0.00218322
0.002175
0.00217495
0.00217456
0.00217485
0.0021789
0.00217756
0.00217686
0.00218322
0.002179
0.00217502
0.00218322
0.00216392
0.00217707
0.00217167
0.00218322
0.00218322
0.00218322
0.00217444
0.00218322
0.00217604
0.00217322
0.00217676
0.00218322
0.00218322
0.00217098
0.00217459
0.00218322
0.00216923
0.00217728
0.00218322
0.00216519
0.0021739
0.00218322
0.00217811
0.00218322
0.00218322
0.00218322
0.00217039
0.00218322
0.00218322
0.0021789
0.00218322
0.00216692
0.00218322
0.00218322
0.00217217
0.0021791
0.00218322
0.00218322
0.00218322
0.00217776
0.00218322
0.00218322
0.00217791
0.0021571
0.00218322
0.00218322
0.0021477
0.00218322
0.00218322
0.00216627
0.00217908
0.00216129
0.00216917
0.00218322
0.00217807
0.00217612
0.00217802
0.00218322
0.00217467
0.00217611
0.00217757
0.00217321
0.00217196
0.00218322
0.00218322
0.00218322
0.00217894
0.00218322
0.00218322
0.00217181
0.00218322
0.00218322
0.00218322
0.00218322
0.00217874
0.00218322
0.00218322
0.00218322
0.00218322
0.00217838
0.00215949
0.00217033
0.0021688
0.00217056
0.00218322
0.00218322
0.00218322
0.00218322
0.00217445
0.00217907
0.00217224
0.00217542
0.00216901
0.00218322
0.00217173
0.00218322
0.00217114
0.0021746
0.00216579
0.00216917
0.00217879
0.00217905
0.00217909
0.00216121
0.0021788
0.00218322
0.00217195
0.00217268
0.00216848
0.00217686
0.00218322
0.00218322
0.00218322
0.00216623
0.00217394
0.00217026
0.00217335
0.00217908
0.00218322
0.00217898
0.00218322
0.00218322
0.00216801
0.00218322
0.00217905
0.00218322
0.00218322
0.00217482
0.00217852
0.00217399
0.00216764
0.0021535
0.00216693
0.00218322
0.00217714
0.00215947
0.00218322
0.00218322
0.00217765
0.00217604
0.000437254
