0.8
0.00324659
0.00324659
0.00323814
0.00323812
0.003221
0.00323805
0.00324659
0.003238
0.00323804
0.00323784
0.00323801
0.00324659
0.00324659
0.00323786
0.00324659
0.00322912
0.00324659
0.00323779
0.00324659
0.00321998
0.00324659
0.00324659
0.00324659
0.00324659
0.00324659
0.00321957
0.00322859
0.00322839
0.00322834
0.00324659
0.00324659
0.00324659
0.00323743
0.0032374
0.0032375
0.00322865
0.0032195
0.00324659
0.00323738
0.00322824
0.00323721
0.00324659
0.0032184
0.00324659
0.00322758
0.00323698
0.00324659
0.00323695
0.00324659
0.00319841
0.00324659
0.0032372
0.00324659
0.00322704
0.00324659
0.00320727
0.00324659
0.00323675
0.00322781
0.00323667
0.00324659
0.00323657
0.00322711
0.00324659
0.00324659
0.0032262
0.00324659
0.00324659
0.0032174
0.00322618
0.00322752
0.00323704
0.00324659
0.00324659
0.00324659
0.00324659
0.00323621
0.00323607
0.00323605
0.00324659
0.00323588
0.00324659
0.00323595
0.00323813
0.00324659
0.00324659
0.003238
0.00324659
0.00321388
0.00324659
0.00323571
0.00324659
0.00321452
0.00323536
0.00323544
0.0032354
0.00322414
0.00323798
0.00323517
0.00324659
0.00322513
0.00324659
0.00323512
0.00324659
0.00324659
0.00324659
0.00321639
0.00324659
0.00323609
0.00323488
0.00323481
0.00323781
0.0032366
0.00324659
0.00324659
0.00324659
0.00322256
0.00322559
0.00324659
0.00324659
0.00324659
0.00323448
0.00323425
0.00323412
0.00324659
0.00323416
0.00324659
0.00322567
0.00324659
0.00324659
0.0032339
0.00324659
0.00323388
0.00322363
0.00323362
0.003224
0.00324659
0.00323354
0.00323767
0.00324659
0.00322475
0.00322376
0.00322165
0.00323309
0.0032287
0.00323704
0.00322313
0.00324659
0.00322472
0.00323648
0.00324659
0.00322341
0.00323739
0.00324659
0.00323261
0.00324659
0.00323251
0.00324659
0.00320593
0.00324659
0.00322571
0.00323211
0.00321756
0.00321746
0.00324659
0.00323689
0.00322793
0.00321935
0.00324659
0.00322769
0.00324659
0.00323687
0.00323687
0.0032313
0.0032371
0.0032313
0.00321886
0.00323764
0.00323638
0.0032152
0.00324659
0.00324659
0.00322213
0.00323712
0.00320257
0.00321845
0.00323043
0.00324659
0.00320474
0.00323006
0.00324659
0.00323814
0.00323382
0.00323704
0.00321472
0.00324659
0.00321262
0.00322025
0.00324659
0.00322931
0.00321255
0.00324659
0.00324659
0.00324659
0.00323165
0.00321637
0.00321277
0.00324659
0.00324659
0.00321418
0.00323227
0.00324659
0.00324659
0.00323622
0.00324659
0.00319975
0.00323448
0.00324659
0.00323244
0.00323806
0.00323672
0.00323771
0.00324659
0.00323764
0.00322651
0.00318041
0.00324659
0.00322736
0.00319452
0.00323244
0.0032258
0.00321648
0.00323436
0.0032272
0.00322525
0.00323435
0.00323591
0.00323609
0.0032278
0.00323788
0.00323621
0.0032273
0.00324659
0.00321987
0.00321897
0.00324659
0.00324659
0.00324659
0.0031985
0.00324659
0.00324659
0.00323681
0.00319818
0.00322248
0.00320397
0.00324659
0.00321672
0.00324659
0.00322289
0.00323704
0.00323806
0.00323519
0.00324659
0.00320514
0.00324659
0.00323224
0.00318955
0.00324659
0.00324659
0.00323681
0.00324659
0.00323781
0.00320726
0.00324659
0.00323739
0.00321743
0.00321961
0.00324659
0.00324659
0.00318653
0.00324659
0.00321597
0.0031904
0.00322472
0.00323292
0.00324659
0.00324659
0.00320751
0.00324659
0.00322491
0.00321201
0.00322987
0.00321523
0.00324659
0.00322783
0.00324659
0.00323808
0.00322548
0.00321149
0.00324659
0.00324659
0.00322515
0.00323739
0.00324659
0.0032256
0.00324659
0.0032247
0.00321402
0.00324659
0.00065085
