0.8
0.00243639
0.00244604
0.00245084
0.00245084
0.00244599
0.00244115
0.00243624
0.0024411
0.00245084
0.00245084
0.00245084
0.00245084
0.00244591
0.00245084
0.00244589
0.00244096
0.00244587
0.00244591
0.00245084
0.00245084
0.00245084
0.00244586
0.00245084
0.0024458
0.00245084
0.00245084
0.00244581
0.00245084
0.00245084
0.00245084
0.00245084
0.00244057
0.00244059
0.0024408
0.00245084
0.00243535
0.00245084
0.00245084
0.00245084
0.00245084
0.00243536
0.00243522
0.00245084
0.00245084
0.00244558
0.00245084
0.00244043
0.00244555
0.00244027
0.00244556
0.00245084
0.00244025
0.00244018
0.00244011
0.00245084
0.00244543
0.00244008
0.00244004
0.00245084
0.00245084
0.00243995
0.00244048
0.00244539
0.00244535
0.00243443
0.00243991
0.00244531
0.00243978
0.00244528
0.00245084
0.00244526
0.00245084
0.00244524
0.00243957
0.00245084
0.00243986
0.00244522
0.00243463
0.00245084
0.00245084
0.00244519
0.00245084
0.00244512
0.00245084
0.00243953
0.00244508
0.00244574
0.00244505
0.00242762
0.00245084
0.00243917
0.00245084
0.00245084
0.00244498
0.00243312
0.00244495
0.00245084
0.00245084
0.00245084
0.00245084
0.00245084
0.00245084
0.00243888
0.00244481
0.0024448
0.00245084
0.00243399
0.00243867
0.00245084
0.00243929
0.00245084
0.00244469
0.00243958
0.00244467
0.00245084
0.00245084
0.00245084
0.00245084
0.00245084
0.00245084
0.002432
0.0024446
0.00245084
0.00244452
0.00244503
0.00241511
0.00244449
0.00244602
0.00245084
0.00245084
0.00243797
0.00243144
0.00245084
0.00245084
0.00244485
0.00243774
0.00244429
0.00243835
0.00245084
0.00245084
0.00244481
0.0024442
0.00243752
0.00243747
0.00244415
0.00245084
0.00244598
0.00244411
0.00245084
0.00245084
0.00244404
0.00243777
0.00244559
0.00245084
0.00244394
0.00244394
0.0024439
0.00243302
0.00245084
0.00244386
0.00244387
0.00244388
0.00244543
0.00245084
0.00244434
0.00245084
0.00245084
0.00245084
0.00243163
0.00244457
0.00245084
0.00244361
0.00243858
0.00244358
0.00245084
0.00244356
0.00244351
0.00243838
0.00244344
0.00245084
0.00243163
0.00245084
0.00243019
0.00244519
0.00243729
0.0024455
0.00245084
0.00244543
0.00245084
0.00245084
0.00244322
0.00243764
0.00245084
0.00245084
0.00243704
0.00243903
0.00243705
0.00244309
0.00243528
0.00244301
0.00242177
0.00243863
0.00243933
0.00242747
0.00245084
0.00243712
0.00244279
0.00244519
0.00244277
0.00245084
0.00245084
0.00244309
0.0024426
0.0024433
0.00244604
0.00244364
0.00244254
0.00245084
0.00243531
0.00243407
0.00243963
0.00243528
0.00243471
0.00244497
0.00245084
0.00245084
0.00245084
0.00245084
0.00245084
0.00244528
0.00244208
0.00245084
0.00245084
0.00243351
0.00243713
0.00244546
0.00245084
0.00243191
0.00244184
0.0024342
0.00243603
0.00245084
0.00245084
0.00244556
0.00244243
0.00245084
0.00244157
0.00244557
0.00245084
0.00245084
0.00244528
0.00244143
0.00243197
0.00245084
0.00245084
0.0024332
0.00245084
0.0024349
0.00245084
0.0024278
0.00244594
0.00243587
0.00243599
0.00243106
0.00244211
0.00241983
0.00244573
0.00244554
0.00245084
0.00245084
0.00243206
0.00245084
0.00245084
0.00242476
0.00244049
0.00243318
0.00245084
0.00245084
0.00245084
0.00243404
0.00244458
0.00244296
0.00245084
0.00245084
0.00243449
0.00243258
0.00244454
0.00244344
0.00243986
0.00244495
0.00244284
0.0024397
0.00242762
0.00245084
0.00244187
0.00244602
0.00243942
0.00245084
0.00245084
0.00243794
0.00244579
0.00244312
0.00245084
0.00242928
0.002439
0.00245084
0.00245084
0.00243531
0.00244368
0.00243079
0.00245084
0.00245084
0.00245084
0.00245084
0.00245084
0.00245084
0.00243833
0.00244573
0.00245084
0.00244603
0.00244251
0.00242998
0.00244457
0.00245084
0.00243774
0.00245084
0.00243805
0.00243566
0.00243754
0.00245084
0.00242842
0.00242814
0.00244033
0.00244503
0.00243558
0.0024327
0.00244328
0.00243839
0.00245084
0.00244457
0.0024316
0.00243228
0.00243872
0.00245084
0.00245084
0.00245084
0.00245084
0.00244284
0.00244194
0.00244353
0.00245084
0.00245084
0.00243279
0.00245084
0.00243597
0.00244265
0.00242993
0.00245084
0.00245084
0.00244034
0.0024361
0.00244543
0.00245084
0.00243251
0.00245084
0.00245084
0.00245084
0.00245084
0.00242682
0.00243232
0.00243461
0.00243478
0.00243005
0.00245084
0.00245084
0.00245084
0.00245084
0.00245084
0.00244373
0.00245084
0.00245084
0.00245084
0.00245084
0.00245084
0.0024205
0.00242143
0.00243904
0.00245084
0.00242511
0.00243069
0.00245084
0.00243052
0.00241842
0.00245084
0.00243662
0.00245084
0.00243643
0.00241747
0.00243708
0.00244566
0.00245084
0.00244574
0.00245084
0.00245084
0.00243442
0.00242918
0.00245084
0.00245084
0.00245084
0.000490997
