0.8
0.00632811
0.00632811
0.00629574
0.00632811
0.00632811
0.00626233
0.00629506
0.00629464
0.00632811
0.00632811
0.00632811
0.00629437
0.00619344
0.00632811
0.00632811
0.00618947
0.00625853
0.00632811
0.00629319
0.00629266
0.00632811
0.00618335
0.00632811
0.00625624
0.00629227
0.00632811
0.00626077
0.00632811
0.00625407
0.00629057
0.00629113
0.00629056
0.0062148
0.00632811
0.00625273
0.00628961
0.00621063
0.00632811
0.00628846
0.00624858
0.00628916
0.00628726
0.00632811
0.00628691
0.00628691
0.00624487
0.00632811
0.00632811
0.00632811
0.00620692
0.00628518
0.00628476
0.00620978
0.00632811
0.00632811
0.00632811
0.00632811
0.00632811
0.00629436
0.00625516
0.00632811
0.00632811
0.00628206
0.00628207
0.00623534
0.00632811
0.00628002
0.00632811
0.00628087
0.00632811
0.00632811
0.00617512
0.00619472
0.00632811
0.00623933
0.00632811
0.00628546
0.00628271
0.00627672
0.00632811
0.00628718
0.00629603
0.00629432
0.00627848
0.00626379
0.00627421
0.00627155
0.00629524
0.00628943
0.00632811
0.00632811
0.00628115
0.00632811
0.00632811
0.00623713
0.00632811
0.00626792
0.00624518
0.0060997
0.00628184
0.0062812
0.00632811
0.00632811
0.00632811
0.00632811
0.00619661
0.00632811
0.00625952
0.00625811
0.00619822
0.00628184
0.006224
0.00632811
0.00624653
0.00632811
0.00632811
0.00627565
0.00628469
0.00632811
0.0062834
0.00632811
0.00632811
0.00632811
0.00627848
0.00625655
0.00632811
0.00613532
0.00632811
0.00632811
0.00632811
0.00620738
0.00615807
0.00620848
0.00619057
0.00629541
0.00625139
0.00629591
0.00623782
0.00629071
0.00632811
0.00627382
0.00628744
0.00632811
0.0060849
0.00613622
0.00621089
0.00622404
0.00632811
0.00625663
0.00624123
0.00632811
0.00628179
0.00607931
0.00632811
0.00612896
0.00625462
0.00632811
0.00632811
0.00632811
0.00127128
