0.2
0.00384013
0.00384365
0.0038362
0.00385212
0.00382808
0.00384021
0.00385571
0.00385171
0.00384366
0.00385167
0.00383242
0.00385193
0.00383216
0.00383995
0.00384369
0.00383959
0.003844
0.00384401
0.00384756
0.00384384
0.00384766
0.0038477
0.00385937
0.00385545
0.00384787
0.00383984
0.00386356
0.00384012
0.00383595
0.00383587
0.00384
0.00385911
0.00384743
0.00385933
0.00385536
0.0038244
0.00383965
0.00384373
0.0038473
0.00383634
0.00384029
0.00385952
0.00383949
0.00383228
0.00385914
0.00383572
0.00386361
0.00385536
0.0038475
0.00385153
0.0038474
0.00384362
0.00386341
0.00385899
0.00383949
0.00384033
0.00384344
0.00384781
0.00384343
0.00384745
0.00383982
0.00385171
0.00384778
0.00386312
0.00385562
0.00384344
0.0038481
0.00385179
0.0038438
0.00383534
0.00385132
0.00384394
0.0038517
0.00383977
0.00385538
0.00384386
0.00383563
0.00383593
0.00385128
0.00385513
0.00383213
0.0038439
0.00385127
0.0038633
0.00383592
0.00385933
0.00384325
0.00386354
0.00384754
0.00384369
0.00384776
0.00385547
0.00385133
0.00384779
0.00384378
0.00384363
0.00385136
0.00385131
0.00382052
0.00384759
0.00384752
0.00383227
0.0038555
0.00384718
0.0038635
0.0038589
0.00384321
0.00385138
0.00385158
0.00384769
0.00384781
0.00384759
0.0038439
0.00383989
0.00384747
0.00385965
0.00385504
0.00383995
0.00383562
0.00384367
0.00384792
0.00382802
0.0038632
0.00383569
0.00385546
0.00383571
0.00385935
0.00385967
0.00382745
0.00384364
0.00384751
0.00385127
0.00384778
0.00384006
0.0038474
0.0038397
0.00385548
0.00384771
0.0038549
0.00384367
0.00385171
0.00385166
0.00385159
0.00385141
0.00383224
0.00384756
0.00383952
0.0038476
0.0038359
0.00382009
0.00385516
0.00385113
0.00383945
0.0038432
0.00385949
0.00385931
0.00384324
0.00382431
0.00385184
0.0038596
0.00385182
0.00385927
0.00385949
0.00385508
0.00383204
0.00385922
0.00383975
0.00387104
0.00385931
0.00385188
0.00384334
0.00384756
0.00382797
0.00383953
0.00383991
0.00385115
0.00384357
0.00385178
0.00383173
0.00384746
0.00385524
0.00385132
0.00385119
0.00383173
0.00385549
0.00383992
0.00384763
0.00383219
0.00381276
0.00385127
0.00384723
0.00383981
0.00386322
0.00383923
0.00384369
0.00385536
0.00384725
0.00384778
0.00384353
0.00386322
0.00383992
0.00384754
0.00385507
0.00386316
0.00384707
0.00385517
0.00386715
0.00383526
0.00383969
0.00382811
0.00384731
0.00385119
0.00385155
0.00384389
0.00385926
0.00384376
0.00384701
0.00381999
0.00382781
0.00385543
0.00384338
0.00385144
0.00385935
0.00383943
0.00384352
0.00386714
0.00385109
0.00384
0.0038435
0.00384776
0.00384365
0.00383981
0.00385933
0.00385932
0.00384333
0.0038356
0.00383909
0.00385899
0.00383927
0.00383601
0.00383527
0.00385113
0.00383975
0.00383604
0.00384781
0.00383573
0.00383563
0.00384736
0.00385933
0.00384751
0.00383944
0.00385527
0.00384739
0.00384321
0.00386674
0.00384354
0.00383547
0.00386329
0.00383151
0.00374625
