0.2
0.00994219
0.0100183
0.0101972
0.0101427
0.0101949
0.0100394
0.00994367
0.0102966
0.0102201
0.0100391
0.010167
0.00990307
0.0098248
0.01001
0.0102116
0.0100398
0.0101933
0.0102015
0.00998113
0.0101342
0.0101837
0.00992331
0.0100518
0.00999711
0.00999599
0.00983846
0.0100447
0.0100244
0.0100222
0.00989704
0.00999181
0.00996512
0.0101272
0.00993989
0.0100577
0.0100549
0.0100683
0.0100788
0.0099984
0.0101765
0.0101162
0.0100162
0.010175
0.0100083
0.00999392
0.00985078
0.00992313
0.00997775
0.0100431
0.0100177
0.0102201
0.0100394
0.00997221
0.00986844
0.00975928
0.0100531
0.00993425
0.010017
0.0100664
0.010171
0.00989951
0.0099718
0.00992055
0.0101383
0.00994922
0.0100045
0.00986878
0.00997802
0.0100548
0.00994562
0.0100012
0.0100085
0.0100378
0.0101588
0.00989783
0.00995573
0.00996051
0.0100821
0.00999975
0.00992269
0.0101192
0.00996031
0.00992639
0.0099982
0.0100818
0.0100562
0.00995088
0.00995924
0.00997254
0.0100028
0.00980611
0.00991471
0.00989945
0.0100126
0.010027
0.00982588
0.0100227
0.0101921
0.0101095
0.00804527
