0.2
0.00344885
0.00344868
0.00344893
0.00344888
0.00344882
0.00344875
0.0034487
0.00344888
0.00344874
0.00344872
0.00344886
0.00344865
0.00344911
0.00344584
0.00344886
0.00344584
0.00344881
0.0034488
0.00344897
0.00344882
0.00344881
0.00344885
0.00344584
0.00344877
0.00344893
0.0034489
0.0034488
0.00344897
0.0034487
0.00344584
0.00344882
0.00344874
0.00344871
0.0034487
0.00344879
0.0034488
0.00344876
0.00344886
0.00344886
0.00344864
0.00344584
0.00344868
0.00344877
0.00344888
0.00344869
0.00344869
0.00344889
0.00344584
0.00344879
0.00344879
0.00344874
0.00344866
0.00344886
0.00344871
0.00344584
0.00344877
0.0034488
0.00344584
0.00344879
0.00344875
0.00344889
0.0034487
0.00344584
0.00344889
0.00344874
0.00344885
0.00344584
0.00344876
0.00344584
0.0034487
0.00344882
0.00344888
0.00344895
0.00344866
0.00344868
0.0034488
0.00344889
0.00344869
0.0034488
0.00344869
0.00344876
0.00344584
0.00344584
0.00344872
0.00344584
0.00344892
0.00344882
0.00344886
0.00344881
0.00344862
0.00344893
0.00344584
0.00344881
0.00344871
0.00344888
0.00344875
0.0034488
0.00344895
0.00344584
0.00344584
0.0034488
0.00344881
0.00344584
0.00344889
0.00344584
0.00344877
0.00344872
0.00344871
0.00344889
0.00344875
0.0034488
0.00344892
0.00344877
0.0034488
0.00344879
0.0034489
0.00344882
0.00344889
0.00344897
0.00344875
0.00344879
0.00344899
0.0034487
0.00344886
0.00344584
0.00344584
0.00344882
0.00344888
0.00344584
0.00344884
0.00344881
0.00344881
0.00344869
0.0034489
0.00344885
0.00344889
0.0034489
0.00344584
0.00344892
0.00344888
0.00344888
0.0034488
0.00344874
0.00344862
0.00344877
0.00344899
0.00344892
0.00344882
0.00344893
0.00344584
0.00344882
0.00344896
0.00344879
0.00344584
0.00344884
0.00344874
0.00344882
0.00344874
0.00344865
0.00344584
0.00344895
0.00344895
0.00344885
0.00344866
0.0034489
0.00344882
0.00344584
0.00344876
0.00344889
0.00344584
0.00344584
0.00344584
0.00344885
0.00344896
0.00344584
0.00344884
0.00344877
0.00344584
0.0034488
0.00344885
0.00344584
0.00344876
0.00344884
0.00344882
0.00344884
0.0034488
0.00344876
0.00344882
0.00344882
0.00344885
0.00344884
0.00344876
0.00344882
0.00344876
0.00344882
0.00344584
0.00344889
0.00344893
0.00344584
0.00344881
0.0034488
0.00344892
0.00344885
0.00344903
0.00344859
0.00344872
0.00344889
0.00344584
0.00344905
0.00344584
0.00344886
0.00344584
0.00344895
0.00344886
0.00344875
0.00344584
0.00344871
0.00344893
0.0034489
0.0034488
0.00344892
0.0034489
0.00344893
0.00344889
0.00344896
0.00344886
0.00344584
0.00344893
0.00344584
0.00344892
0.00344876
0.00344874
0.00344886
0.0034488
0.00344876
0.0034489
0.00344889
0.0034487
0.00344881
0.00344584
0.00344871
0.00344895
0.00344584
0.00344888
0.00344874
0.0034489
0.00344893
0.00344874
0.00344584
0.00344886
0.00344897
0.00344881
0.00344874
0.00344886
0.00344861
0.00344584
0.00344879
0.00344881
0.00344874
0.00344584
0.00344584
0.0034488
0.00344888
0.00344877
0.00344881
0.0034489
0.00344895
0.00344903
0.00344886
0.0034488
0.00344881
0.00344892
0.00344884
0.00344879
0.00344584
0.00344584
0.00344895
0.00344876
0.00344881
0.00344584
0.00344872
0.00344868
0.00344885
0.0034489
0.00344888
0.00344584
0.00344875
0.00344584
0.00344886
0.00344584
