0.2
0.00586008
0.00582613
0.00586736
0.00593877
0.00596433
0.0058254
0.00593973
0.00592985
0.0059636
0.00591777
0.0058727
0.00588484
0.00586773
0.00595377
0.00596135
0.00593857
0.00582202
0.00581287
0.0059328
0.00588778
0.00587412
0.00587274
0.00585947
0.00582906
0.00594113
0.00589114
0.00585873
0.00585706
0.0058879
0.00589111
0.00594732
0.00589735
0.00588503
0.00590374
0.00593774
0.00594131
0.00581506
0.00587892
0.00585081
0.00598396
0.00585447
0.00597383
0.0058966
0.00593758
0.00588322
0.00588203
0.00581446
0.00587544
0.00590189
0.00588098
0.0059013
0.0058453
0.00594649
0.00590938
0.00592965
0.00587188
0.00581648
0.00590226
0.00591605
0.00590105
0.00588129
0.00586152
0.00597043
0.00592377
0.00596516
0.00586754
0.00584314
0.00583535
0.00585949
0.00586391
0.00592336
0.00593295
0.00587606
0.00584787
0.00593556
0.0058939
0.00592576
0.0059786
0.00588254
0.00584237
0.00590411
0.00591625
0.00598539
0.00593108
0.00590249
0.00593157
0.00582626
0.00589207
0.00591734
0.00594311
0.00587733
0.00580146
0.00589575
0.00584885
0.00577378
0.00585981
0.00593535
0.00583756
0.00580751
0.00590978
0.0058271
0.00586075
0.00581208
0.00587152
0.00588155
0.00590174
0.00585623
0.00593197
0.00596372
0.00594136
0.00594524
0.00589017
0.00576934
0.00589936
0.00599443
0.00587846
0.00598443
0.0058483
0.00582969
0.00583471
0.00581652
0.00591176
0.00589562
0.00590201
0.0058927
0.00590573
0.00597469
0.00574979
0.00595378
0.00592379
0.0059163
0.00592435
0.00579765
0.00586198
0.00587782
0.00591355
0.00582778
0.00590825
0.00591439
0.00589369
0.00592822
0.00593673
0.00581454
0.00595472
0.00593745
0.00589926
0.00584426
0.00586694
0.00589692
0.0058615
0.00584538
0.00588744
0.0058917
0.005848
0.00579869
0.00577996
0.00595622
0.00587457
0.00593797
0.00583022
0.00590772
0.00582397
0.00586037
0.00586391
0.00589844
0.00591556
0.00583952
0.00594445
0.00592405
0.00472804
