0.2
0.00720816
0.0070382
0.00716424
0.00723736
0.00722046
0.00719665
0.0072071
0.00718177
0.00714966
0.00707197
0.00712447
0.00713616
0.00711015
0.00714842
0.00707496
0.0072471
0.0072332
0.007127
0.0070982
0.00713173
0.00716535
0.00713801
0.00710013
0.00721615
0.00715132
0.00706592
0.00720959
0.00722433
0.00710986
0.00732112
0.00718379
0.00718155
0.00712139
0.00716819
0.00718697
0.00716046
0.00718427
0.0071223
0.00713136
0.00722573
0.00714715
0.00710098
0.00722206
0.00718081
0.00705513
0.00711473
0.00724964
0.00720939
0.00721153
0.00720322
0.0072612
0.00709575
0.00716459
0.00718996
0.00712665
0.00722868
0.0071486
0.00715471
0.00715367
0.00717042
0.00704188
0.00714999
0.0071684
0.00716185
0.00721698
0.00725475
0.00723197
0.00703643
0.00716491
0.00710646
0.00717847
0.00714693
0.00703669
0.00722835
0.0070856
0.00704498
0.00712451
0.00715642
0.00724561
0.00728867
0.00709028
0.00703941
0.00717548
0.00708795
0.00709315
0.0071519
0.00727852
0.00709698
0.0071866
0.00718487
0.00711638
0.00708495
0.00719209
0.00728093
0.00717106
0.00714234
0.00714335
0.00708477
0.0071322
0.0070058
0.00713626
0.00719115
0.0071472
0.00704447
0.00714115
0.007057
0.00715632
0.0072245
0.00705394
0.00723476
0.00709655
0.00714404
0.00715507
0.00710457
0.00721886
0.00716794
0.00714301
0.00714731
0.00714367
0.00707928
0.00721516
0.00705438
0.00709679
0.00718884
0.00714751
0.00714922
0.00718082
0.00707545
0.00710071
0.00699823
0.00720266
0.00712247
0.00719006
0.00714375
0.00721565
0.00719043
0.00707561
0.00720049
0.00724939
0.00574287
