0.2
0.00671471
0.00671646
0.00672617
0.00671774
0.00669407
0.00669176
0.0067242
0.00671293
0.00666804
0.0067246
0.00675956
0.00667944
0.00671157
0.00660524
0.00668527
0.00666473
0.00666212
0.0067449
0.00670223
0.00669737
0.00672853
0.00675196
0.00667417
0.0067569
0.00667676
0.00667236
0.00669948
0.00677889
0.00677671
0.00672652
0.0066628
0.00659035
0.00662595
0.00668789
0.00664849
0.0066791
0.00671159
0.00671574
0.00668445
0.00669403
0.00671619
0.00664373
0.00665527
0.0065872
0.00666858
0.00674785
0.00656086
0.00672914
0.00662526
0.0066901
0.00666732
0.00668185
0.00673669
0.00670169
0.00658231
0.00678297
0.00667008
0.00681873
0.00663613
0.00668564
0.00666034
0.00664595
0.00660425
0.00662418
0.00673431
0.00668303
0.00668808
0.00667686
0.00674609
0.00671076
0.00662179
0.0066411
0.00674483
0.00677043
0.00653692
0.00657649
0.00673552
0.00666977
0.00670771
0.00672586
0.00667087
0.00669664
0.00669271
0.00667063
0.00652799
0.00666691
0.00665622
0.00673286
0.0067597
0.00667007
0.00673987
0.00655913
0.00662164
0.00660323
0.00664953
0.00661749
0.00671355
0.00673943
0.00670412
0.0066182
0.00664832
0.00657532
0.00670175
0.00670271
0.0065979
0.00675177
0.00676538
0.00666866
0.00669929
0.00669935
0.00659233
0.00663094
0.00663869
0.00665402
0.00667389
0.00667189
0.00670454
0.00678182
0.00663
0.00672607
0.00670354
0.00662374
0.00668637
0.00673382
0.00662584
0.00658535
0.00663791
0.00657639
0.00664006
0.00665669
0.0066439
0.00659597
0.00669959
0.00661908
0.0067476
0.00662741
0.00665487
0.00676756
0.00659104
0.0066629
0.00660274
0.00658976
0.00664103
0.0066951
0.0065915
0.00668765
0.00661448
0.00670127
0.00657401
0.00535973
