0.2
0.00432536
0.00432924
0.0043432
0.0043386
0.00434119
0.00434456
0.00433853
0.00438541
0.00431486
0.00438111
0.00437523
0.00437194
0.00438977
0.00437609
0.00434176
0.00441018
0.00438534
0.00439925
0.00439054
0.00440237
0.00435556
0.00435994
0.00432097
0.00435362
0.0043895
0.0043574
0.00433808
0.00436889
0.00436884
0.00436852
0.00434362
0.00433879
0.00435311
0.0044214
0.00436685
0.00437297
0.00441144
0.00434212
0.00439207
0.00437112
0.00434133
0.00436633
0.0043424
0.004366
0.00434453
0.00432265
0.00444013
0.00435686
0.00437668
0.00437351
0.00439477
0.00436461
0.00433559
0.00439033
0.00439928
0.00438928
0.00432205
0.00430149
0.00431904
0.00431113
0.00432461
0.00434063
0.00436928
0.00434893
0.00441345
0.00437514
0.00432534
0.00440975
0.0043676
0.00432465
0.00433053
0.00434307
0.00441921
0.00433268
0.00435875
0.00437164
0.00429885
0.00436348
0.00432915
0.00437289
0.0044045
0.00434787
0.0043005
0.00434492
0.00437089
0.00439226
0.00438026
0.00435621
0.00439515
0.00428614
0.00434541
0.0043573
0.00435594
0.0043767
0.00440209
0.00438654
0.00433727
0.00435621
0.0043536
0.00438554
0.00434615
0.0043648
0.00427573
0.00431748
0.00435701
0.00434756
0.00435623
0.00437494
0.00435473
0.00434071
0.00433128
0.00433828
0.00432796
0.00436191
0.00434875
0.00436912
0.00441155
0.00435617
0.00432943
0.00435926
0.00430814
0.00435915
0.00437882
0.00437228
0.00438816
0.00432122
0.00434123
0.0043209
0.00434409
0.00438266
0.00429987
0.00431307
0.00434363
0.00432359
0.00438904
0.00435369
0.00433765
0.00429471
0.00434328
0.00434059
0.00434924
0.00439911
0.00433538
0.00431356
0.00427925
0.00439607
0.00436665
0.00434326
0.00437327
0.0042977
0.00433257
0.00434127
0.00427837
0.00436792
0.00431365
0.00433024
0.00429382
0.00435148
0.00438433
0.00434622
0.00436183
0.00432271
0.0043577
0.00432046
0.0043196
0.00432279
0.00436343
0.00430296
0.00438512
0.00432458
0.00431746
0.00433701
0.00432439
0.0043227
0.00432708
0.00437821
0.00438423
0.00434332
0.00435128
0.00434379
0.0043503
0.00431919
0.00431955
0.00441146
0.00436145
0.00437913
0.00436642
0.00434788
0.00434921
0.00431282
0.00432587
0.00438151
0.00433609
0.00438739
0.00435989
0.00435423
0.00435017
0.00437217
0.00432787
0.00436275
0.00433362
0.00433086
0.00435935
0.00437512
0.00435705
0.004363
0.00433816
0.00435821
0.00430772
0.00434048
0.00435204
0.0043318
0.0043588
0.00438379
0.00429564
0.00437096
0.00436097
0.00435963
0.00427778
0.00429501
0.00426198
0.00435075
0.00438129
0.00435508
0.00433881
0.00436896
0.00432414
0.00433437
0.00434444
0.00349377
