0.2
0.00285752
0.00285746
0.00285752
0.00285749
0.00285748
0.00285747
0.00285545
0.00285545
0.00285746
0.00285741
0.00285545
0.00285545
0.00285545
0.00285747
0.00285746
0.00285545
0.00285752
0.00285761
0.0028575
0.00285746
0.00285754
0.00285747
0.00285745
0.00285756
0.00285545
0.00285754
0.00285545
0.00285766
0.00285749
0.00285751
0.00285742
0.00285545
0.00285759
0.00285763
0.00285746
0.00285747
0.00285742
0.00285752
0.00285545
0.00285545
0.00285742
0.00285753
0.00285748
0.00285545
0.00285738
0.00285752
0.00285755
0.00285756
0.0028574
0.00285545
0.00285545
0.00285759
0.00285749
0.00285747
0.0028574
0.00285746
0.00285545
0.00285744
0.0028575
0.00285755
0.00285751
0.00285747
0.00285756
0.00285747
0.00285753
0.0028575
0.00285756
0.00285749
0.00285756
0.00285752
0.00285743
0.00285751
0.00285749
0.00285545
0.00285737
0.00285757
0.00285748
0.00285755
0.00285545
0.00285756
0.00285545
0.00285749
0.00285755
0.00285755
0.00285753
0.00285745
0.00285749
0.00285752
0.00285747
0.0028576
0.00285751
0.00285746
0.00285742
0.00285748
0.00285754
0.00285759
0.00285751
0.0028575
0.00285545
0.00285545
0.00285745
0.00285754
0.00285742
0.00285743
0.00285743
0.00285545
0.00285755
0.00285749
0.00285545
0.00285749
0.00285749
0.00285753
0.00285752
0.00285747
0.00285763
0.00285545
0.00285746
0.00285747
0.00285751
0.00285751
0.0028575
0.00285746
0.00285746
0.0028575
0.00285755
0.00285545
0.00285735
0.00285756
0.00285752
0.00285759
0.00285748
0.00285742
0.00285752
0.00285746
0.00285746
0.00285749
0.0028574
0.00285738
0.00285759
0.00285739
0.00285764
0.0028575
0.00285545
0.00285751
0.00285753
0.0028574
0.00285744
0.00285756
0.00285748
0.0028575
0.00285755
0.0028575
0.00285545
0.00285759
0.00285749
0.00285756
0.00285545
0.00285742
0.00285545
0.00285545
0.00285545
0.00285755
0.00285545
0.00285747
0.00285545
0.00285744
0.00285744
0.00285746
0.00285545
0.00285545
0.00285743
0.00285755
0.00285745
0.00285545
0.00285742
0.00285738
0.00285752
0.00285752
0.00285749
0.00285738
0.00285545
0.0028574
0.00285758
0.00285746
0.00285749
0.00285749
0.00285752
0.00285763
0.00285746
0.00285752
0.00285757
0.00285746
0.00285752
0.00285545
0.00285748
0.00285752
0.00285742
0.00285751
0.00285749
0.00285758
0.00285744
0.00285545
0.00285754
0.00285748
0.00285545
0.00285746
0.0028575
0.00285752
0.00285741
0.00285752
0.00285545
0.00285756
0.00285545
0.00285749
0.00285755
0.00285747
0.00285757
0.00285753
0.00285545
0.00285745
0.00285754
0.00285545
0.00285545
0.00285545
0.00285752
0.00285738
0.00285545
0.00285751
0.00285744
0.00285749
0.00285749
0.00285757
0.00285761
0.00285747
0.00285545
0.00285545
0.00285752
0.00285754
0.00285747
0.00285752
0.00285737
0.00285742
0.00285756
0.00285545
0.00285762
0.00285746
0.00285751
0.00285755
0.00285742
0.00285746
0.00285749
0.00285757
0.00285747
0.00285749
0.00285758
0.00285746
0.00285749
0.00285749
0.00285744
0.00285746
0.00285746
0.00285755
0.00285763
0.00285746
0.00285755
0.00285545
0.00285744
0.00285746
0.0028574
0.0028574
0.00285754
0.00285764
0.00285545
0.00285746
0.00285545
0.00285743
0.00285756
0.00285742
0.00285545
0.00285761
0.0028574
0.00285755
0.00285751
0.00285743
0.00285751
0.00285763
0.00285752
0.00285736
0.00285752
0.00285752
0.00285752
0.00285755
0.00285744
0.00285744
0.00285747
0.00285742
0.00285749
0.00285751
0.00285747
0.00285545
0.0028576
0.00285754
0.00285745
0.00285749
0.00285747
0.00285545
0.00285749
0.00285749
0.00285746
0.0028574
0.00285745
0.00285752
0.00285545
0.00285545
0.00285751
0.00285754
0.00285751
0.00285755
0.00285743
0.00285755
0.00285742
0.00285755
0.00285752
0.00285545
0.0028575
0.00285741
0.00285747
0.00285753
0.00285749
0.00285755
0.00285758
0.00285748
0.00285744
0.00285742
0.00285742
0.00285736
0.00285751
0.00285746
0.00285744
0.00285545
0.00285751
0.00285749
0.00285757
0.0028574
0.00285759
0.00285747
0.0028574
0.00285748
0.00285742
0.00285545
