0.2
0.00208249
0.00208249
0.00208249
0.00208249
0.00208363
0.00208357
0.00208359
0.00208354
0.00208362
0.00208358
0.00208354
0.00208358
0.00208249
0.00208359
0.00208358
0.00208354
0.00208361
0.00208357
0.00208249
0.00208249
0.00208357
0.00208357
0.00208357
0.00208249
0.00208357
0.00208353
0.00208356
0.00208357
0.00208249
0.00208358
0.00208249
0.00208353
0.00208355
0.00208355
0.00208356
0.00208357
0.00208249
0.00208354
0.00208357
0.00208356
0.00208249
0.00208359
0.00208359
0.00208357
0.00208249
0.00208354
0.00208359
0.00208355
0.0020836
0.00208364
0.00208354
0.00208364
0.00208359
0.00208359
0.00208249
0.00208361
0.00208249
0.0020836
0.00208356
0.00208249
0.00208249
0.00208356
0.00208357
0.0020836
0.00208351
0.00208355
0.00208354
0.00208357
0.00208249
0.00208356
0.00208356
0.00208353
0.00208249
0.00208359
0.00208352
0.00208356
0.0020836
0.00208353
0.00208249
0.00208356
0.0020836
0.00208356
0.00208356
0.00208249
0.00208249
0.00208356
0.00208358
0.00208356
0.00208358
0.00208249
0.00208358
0.0020836
0.00208353
0.00208249
0.00208357
0.00208352
0.00208249
0.00208357
0.00208357
0.00208249
0.00208359
0.00208356
0.00208358
0.00208355
0.00208362
0.00208356
0.00208355
0.00208353
0.0020836
0.00208249
0.00208356
0.00208361
0.00208249
0.00208249
0.00208354
0.00208249
0.0020836
0.00208361
0.00208249
0.0020836
0.00208362
0.00208358
0.00208356
0.00208356
0.00208357
0.00208357
0.00208361
0.00208359
0.00208358
0.00208356
0.00208359
0.00208357
0.00208359
0.00208359
0.00208356
0.00208249
0.00208357
0.00208359
0.00208249
0.00208249
0.00208249
0.00208356
0.00208359
0.00208357
0.00208357
0.00208359
0.00208356
0.00208359
0.00208361
0.00208249
0.00208249
0.00208357
0.00208359
0.00208362
0.00208357
0.00208357
0.00208355
0.00208359
0.00208357
0.00208359
0.00208249
0.00208249
0.00208359
0.00208357
0.00208357
0.00208249
0.00208359
0.00208249
0.00208357
0.00208356
0.00208249
0.00208249
0.00208249
0.00208357
0.00208356
0.00208356
0.00208359
0.00208249
0.00208354
0.00208359
0.00208357
0.00208359
0.00208361
0.00208357
0.00208356
0.00208354
0.00208357
0.00208363
0.00208249
0.00208361
0.00208249
0.00208357
0.00208249
0.00208354
0.00208356
0.00208359
0.00208361
0.00208353
0.00208355
0.00208249
0.00208357
0.00208356
0.00208359
0.00208249
0.00208249
0.00208356
0.00208363
0.00208359
0.00208356
0.00208249
0.00208249
0.00208361
0.0020836
0.00208359
0.00208249
0.00208356
0.00208249
0.00208249
0.00208249
0.00208355
0.00208249
0.00208353
0.0020836
0.00208356
0.00208363
0.00208355
0.00208249
0.00208358
0.00208249
0.00208359
0.00208355
0.0020836
0.00208363
0.00208359
0.00208358
0.00208354
0.00208357
0.00208249
0.00208249
0.00208361
0.00208358
0.00208354
0.00208359
0.00208357
0.00208354
0.00208353
0.00208356
0.00208357
0.00208249
0.00208361
0.0020836
0.00208357
0.00208354
0.0020836
0.00208358
0.00208357
0.00208249
0.00208359
0.00208249
0.00208363
0.00208355
0.00208355
0.00208354
0.00208363
0.00208356
0.00208353
0.00208356
0.00208352
0.00208352
0.00208356
0.00208249
0.00208354
0.00208357
0.00208358
0.00208358
0.00208363
0.00208249
0.00208356
0.00208362
0.00208359
0.00208357
0.0020836
0.00208354
0.00208356
0.00208356
0.0020836
0.0020836
0.00208354
0.00208249
0.00208357
0.00208356
0.00208359
0.00208356
0.00208356
0.00208354
0.00208358
0.00208357
0.00208356
0.00208354
0.00208249
0.00208359
0.00208361
0.0020836
0.00208353
0.00208356
0.00208359
0.00208358
0.00208355
0.0020836
0.00208249
0.00208354
0.00208358
0.00208358
0.00208355
0.00208355
0.00208359
0.00208354
0.0020836
0.00208355
0.00208249
0.00208249
0.00208356
0.00208355
0.00208249
0.00208249
0.00208357
0.00208249
0.0020836
0.00208354
0.00208357
0.00208358
0.00208355
0.00208362
0.00208356
0.00208356
0.0020836
0.00208249
0.00208356
0.00208357
0.00208357
0.00208357
0.00208355
0.00208357
0.00208249
0.00208249
0.0020836
0.00208359
0.00208362
0.00208354
0.00208354
0.00208355
0.00208249
0.00208356
0.00208249
0.0020836
0.00208355
0.00208357
0.00208249
0.00208356
0.00208355
0.0020836
0.00208354
0.00208249
0.00208249
0.00208358
0.00208354
0.00208355
0.00208362
0.0020836
0.00208355
0.00208361
0.00208249
0.00208358
0.0020836
0.00208359
0.00208359
0.00208361
0.00208359
0.00208353
0.00208358
0.00208356
0.00208249
0.00208362
0.00208356
0.00208363
0.00208249
0.00208249
0.0020836
0.00208357
0.00208249
0.00208249
0.00208357
0.00208354
0.00208359
0.00208354
0.00208357
0.00208363
0.00208357
0.00208356
0.00208249
0.00208352
0.00208355
0.00208356
0.00208357
0.00208354
0.00208364
0.00208354
0.00208358
0.00208358
0.00208359
0.00208249
0.00208355
0.00208357
0.00208356
0.00208354
0.00208353
0.00208356
0.00208356
0.00208359
0.00208355
0.00208358
0.00208356
0.0020836
0.00208249
0.0020836
0.00208355
0.00208359
0.00208354
0.00208355
0.00208361
0.00208359
0.00208359
0.00208358
0.00208357
0.00208249
0.0020836
0.00208356
0.00208356
0.00208249
0.00208249
0.00208357
0.00208361
0.00208355
0.00208358
0.00208249
0.00208357
0.00208249
0.00208351
0.00208249
0.00208249
0.00208354
0.00208249
0.00208357
0.00208361
0.00208357
0.00208359
0.0020836
0.00208355
0.00208359
0.00208249
0.00208359
0.00208249
0.00208359
0.00208249
0.00208361
0.00208357
0.00208359
0.00208355
0.00208363
0.00208355
0.00208357
0.00208357
0.00208249
0.00208356
0.00208358
0.00208249
0.00208358
0.00208353
0.00208358
0.00208249
