0.2
0.0167452
0.0162977
0.0167588
0.0164741
0.017018
0.0167146
0.0165972
0.0168188
0.0170192
0.0160811
0.0166821
0.0168638
0.0169524
0.016496
0.016824
0.0170887
0.0166654
0.016712
0.0166774
0.0167086
0.016683
0.0165432
0.0166991
0.0167002
0.0166815
0.0167714
0.0167615
0.0168434
0.0167114
0.0168348
0.0166891
0.0167707
0.0166029
0.0165583
0.0163581
0.0166209
0.0167855
0.0168485
0.0169229
0.0166685
0.0163824
0.0169904
0.0170052
0.0166965
0.0167394
0.0164579
0.0171406
0.0167683
0.0166483
0.0169137
0.016674
0.0160939
0.0167036
0.0167751
0.0170764
0.016823
0.0172792
0.0165444
0.0166153
0.0134223
