0.2
0.00780009
0.00776716
0.00770598
0.00781212
0.00771847
0.00766131
0.00762817
0.00774876
0.00774929
0.00773238
0.00785395
0.007747
0.00780543
0.00775342
0.00766875
0.0076799
0.00774521
0.00766057
0.0077334
0.0076977
0.00794877
0.00773374
0.00769709
0.00763612
0.00760345
0.00763125
0.00766118
0.00765051
0.00773054
0.00775623
0.00770915
0.00765862
0.00770423
0.00770783
0.00762635
0.0076421
0.00772087
0.00759788
0.00755668
0.00773895
0.00765098
0.0077394
0.00773993
0.00762132
0.00766293
0.0078655
0.00780611
0.00770526
0.00768027
0.00773191
0.00772568
0.0076695
0.00792463
0.00767166
0.0077361
0.00774389
0.00771037
0.00770416
0.00772276
0.00761563
0.00766799
0.00781087
0.0075916
0.00771552
0.00769521
0.00777513
0.00775204
0.00776349
0.00769565
0.00769633
0.00780791
0.00773334
0.00758198
0.00784236
0.00779329
0.00782366
0.00761344
0.00765404
0.00753922
0.0076945
0.0078084
0.0076496
0.0076098
0.00759307
0.00763051
0.00777617
0.00772777
0.00774046
0.00761365
0.00778736
0.00765282
0.00765067
0.00778593
0.00758183
0.00762439
0.00758107
0.00778065
0.0077596
0.00777618
0.00756615
0.00750337
0.00778729
0.0077088
0.00774553
0.0076718
0.0076604
0.00770256
0.0076748
0.00768929
0.00771747
0.00757399
0.0077086
0.00777025
0.00763289
0.00756223
0.00772684
0.00772449
0.00774376
0.00764483
0.00763034
0.00780659
0.00773541
0.00791702
0.00764392
0.00756725
0.00763709
0.00770116
0.00769049
0.00778418
0.00618507
