0.2
0.00277814
0.00277817
0.00277818
0.00277619
0.00277808
0.0027781
0.00277808
0.00277619
0.00277812
0.0027781
0.00277816
0.00277807
0.00277815
0.00277814
0.00277619
0.00277814
0.00277807
0.00277806
0.00277803
0.00277811
0.00277812
0.00277813
0.0027781
0.00277809
0.00277807
0.00277817
0.00277808
0.0027781
0.0027781
0.00277619
0.00277814
0.00277619
0.00277807
0.0027781
0.00277806
0.00277813
0.00277816
0.00277807
0.00277814
0.00277805
0.00277619
0.00277815
0.00277816
0.00277822
0.00277802
0.00277619
0.0027781
0.0027781
0.00277806
0.00277811
0.00277815
0.00277619
0.00277812
0.00277619
0.00277813
0.00277814
0.00277619
0.00277809
0.00277805
0.00277807
0.0027781
0.00277818
0.00277818
0.0027781
0.00277619
0.0027781
0.00277811
0.00277619
0.00277816
0.00277619
0.00277822
0.00277812
0.00277813
0.00277619
0.00277817
0.00277817
0.00277819
0.0027781
0.00277619
0.00277619
0.00277812
0.00277814
0.00277619
0.00277819
0.00277806
0.00277811
0.00277816
0.00277619
0.00277812
0.00277809
0.00277813
0.00277619
0.00277808
0.00277814
0.00277818
0.00277812
0.00277619
0.00277814
0.00277815
0.00277619
0.00277814
0.00277812
0.00277814
0.00277817
0.00277819
0.00277816
0.00277812
0.00277822
0.00277816
0.00277814
0.00277619
0.00277808
0.00277814
0.00277812
0.00277619
0.00277806
0.00277807
0.00277619
0.00277814
0.0027781
0.00277816
0.00277812
0.00277814
0.00277825
0.0027782
0.00277822
0.00277813
0.00277814
0.00277619
0.00277809
0.00277819
0.00277619
0.00277619
0.00277807
0.00277808
0.00277816
0.00277816
0.00277819
0.00277619
0.00277808
0.00277811
0.00277821
0.00277806
0.00277822
0.00277824
0.00277805
0.00277813
0.00277819
0.00277818
0.00277812
0.00277812
0.00277619
0.0027781
0.00277811
0.00277824
0.00277816
0.0027781
0.00277807
0.00277812
0.00277619
0.00277818
0.00277812
0.00277808
0.00277619
0.00277619
0.00277803
0.00277807
0.00277619
0.00277811
0.00277811
0.00277819
0.00277807
0.00277619
0.00277619
0.0027781
0.00277812
0.00277801
0.00277803
0.00277808
0.00277816
0.00277807
0.0027782
0.00277619
0.0027781
0.00277813
0.00277817
0.00277619
0.00277811
0.0027781
0.00277808
0.00277814
0.00277813
0.00277822
0.00277814
0.00277814
0.00277812
0.00277812
0.00277807
0.00277807
0.00277819
0.00277812
0.00277818
0.00277807
0.00277819
0.00277808
0.00277619
0.00277619
0.00277814
0.00277803
0.00277619
0.0027781
0.00277619
0.00277805
0.00277822
0.00277807
0.00277819
0.00277619
0.0027781
0.00277812
0.00277818
0.00277619
0.00277805
0.00277813
0.00277807
0.00277828
0.00277812
0.00277814
0.00277619
0.00277812
0.00277803
0.00277811
0.00277814
0.00277619
0.00277811
0.00277814
0.00277813
0.0027781
0.00277816
0.00277807
0.00277822
0.00277808
0.00277819
0.00277814
0.00277619
0.0027781
0.00277821
0.0027781
0.00277801
0.00277805
0.00277619
0.00277814
0.00277619
0.00277816
0.00277817
0.00277814
0.00277805
0.00277818
0.00277807
0.00277619
0.00277808
0.00277802
0.00277814
0.00277813
0.00277812
0.00277814
0.00277814
0.002778
0.00277806
0.00277806
0.00277824
0.00277619
0.00277619
0.00277809
0.0027781
0.00277819
0.0027781
0.00277819
0.00277812
0.00277619
0.00277813
0.00277824
0.00277813
0.00277833
0.00277819
0.00277818
0.00277809
0.00277805
0.00277819
0.00277619
0.0027782
0.00277807
0.00277812
0.00277812
0.0027782
0.00277817
0.00277821
0.00277619
0.00277815
0.0027781
0.00277619
0.00277813
0.00277824
0.0027781
0.00277813
0.00277813
0.00277805
0.00277825
0.00277816
0.00277807
0.00277819
0.00277812
0.00277812
0.00277619
0.00277815
0.00277619
0.00277817
0.00277808
0.00277812
0.00277813
0.00277808
0.0027781
0.00277808
0.00277809
0.00277818
0.00277619
0.00277814
0.00277811
0.00277812
0.00277816
0.00277808
0.00277811
0.00277619
0.00277817
0.00277814
0.00277619
0.00277814
0.0027781
0.00277816
0.00277806
0.00277812
0.00277619
0.00277814
0.00277812
0.00277619
0.0027781
0.00277619
0.00277819
0.0027781
0.00277814
0.00277816
0.00277812
0.00277807
0.00277807
0.00277812
0.00277818
0.00277815
0.00277619
0.00277812
0.00277814
0.00277619
