0.2
0.00227312
0.00227307
0.00227299
0.00227294
0.00227297
0.00227299
0.00227299
0.002273
0.0022717
0.00227296
0.0022717
0.0022717
0.0022717
0.00227297
0.00227297
0.0022717
0.00227294
0.00227302
0.00227301
0.00227305
0.00227301
0.0022717
0.00227295
0.00227292
0.00227303
0.0022717
0.00227299
0.00227297
0.00227297
0.00227297
0.00227298
0.00227303
0.002273
0.00227303
0.0022717
0.002273
0.00227301
0.0022717
0.00227295
0.0022717
0.00227295
0.0022717
0.00227293
0.00227298
0.00227304
0.00227294
0.0022717
0.0022717
0.00227298
0.00227297
0.00227303
0.00227295
0.00227303
0.0022717
0.00227294
0.00227304
0.00227296
0.00227304
0.00227299
0.00227294
0.00227301
0.00227302
0.0022717
0.0022717
0.00227299
0.00227296
0.0022717
0.002273
0.00227299
0.00227298
0.00227297
0.00227297
0.00227306
0.0022717
0.0022717
0.00227298
0.0022717
0.00227304
0.00227295
0.00227299
0.00227304
0.00227296
0.00227306
0.00227302
0.00227295
0.002273
0.00227301
0.00227299
0.00227303
0.00227304
0.002273
0.00227302
0.00227299
0.0022717
0.00227305
0.0022717
0.00227297
0.00227301
0.00227301
0.0022717
0.00227301
0.00227298
0.002273
0.00227298
0.00227295
0.00227298
0.00227301
0.0022717
0.00227296
0.00227301
0.00227297
0.00227295
0.00227296
0.00227296
0.00227296
0.00227301
0.00227296
0.00227298
0.002273
0.00227303
0.00227295
0.00227303
0.00227299
0.00227297
0.00227295
0.00227295
0.00227302
0.00227295
0.002273
0.00227305
0.00227301
0.00227302
0.0022717
0.00227295
0.00227297
0.00227299
0.002273
0.00227305
0.00227297
0.00227298
0.00227295
0.00227302
0.00227302
0.00227297
0.00227294
0.0022717
0.00227301
0.0022717
0.00227298
0.00227298
0.00227291
0.00227297
0.00227298
0.00227301
0.0022717
0.00227296
0.00227308
0.0022717
0.00227302
0.00227297
0.0022717
0.0022717
0.00227299
0.00227297
0.00227295
0.0022717
0.00227302
0.00227297
0.00227299
0.00227298
0.00227299
0.00227299
0.00227301
0.00227302
0.00227296
0.0022717
0.00227296
0.00227299
0.00227295
0.00227296
0.00227299
0.00227301
0.00227303
0.00227302
0.0022717
0.00227301
0.00227302
0.00227297
0.00227294
0.0022717
0.00227298
0.00227299
0.00227302
0.00227298
0.00227298
0.0022717
0.00227302
0.0022717
0.00227294
0.0022717
0.00227295
0.0022717
0.00227296
0.00227299
0.0022717
0.00227296
0.0022717
0.00227299
0.0022717
0.00227299
0.0022717
0.0022717
0.00227301
0.00227299
0.00227298
0.0022717
0.00227295
0.0022717
0.00227297
0.00227295
0.002273
0.0022717
0.00227305
0.002273
0.00227298
0.00227296
0.00227299
0.00227298
0.00227298
0.00227297
0.00227301
0.00227301
0.00227301
0.00227292
0.00227294
0.00227302
0.00227295
0.00227304
0.002273
0.00227298
0.00227296
0.0022717
0.0022717
0.00227299
0.00227298
0.0022717
0.00227297
0.00227298
0.00227297
0.00227298
0.00227297
0.00227297
0.00227301
0.00227302
0.0022717
0.0022717
0.00227297
0.00227295
0.00227302
0.002273
0.00227303
0.00227302
0.00227299
0.00227304
0.00227296
0.00227295
0.00227302
0.00227301
0.00227304
0.00227292
0.00227298
0.00227302
0.0022717
0.0022717
0.00227297
0.00227298
0.00227304
0.002273
0.00227301
0.00227299
0.0022717
0.0022717
0.0022717
0.00227298
0.00227307
0.00227299
0.00227305
0.00227298
0.0022729
0.00227298
0.00227297
0.0022717
0.00227296
0.002273
0.00227297
0.00227297
0.00227301
0.0022717
0.002273
0.0022717
0.00227298
0.00227293
0.00227297
0.0022717
0.00227299
0.0022717
0.00227294
0.00227301
0.00227303
0.00227299
0.0022717
0.0022717
0.00227301
0.00227296
0.00227301
0.00227302
0.00227299
0.00227297
0.00227296
0.00227297
0.00227297
0.00227305
0.00227304
0.00227299
0.00227297
0.00227301
0.002273
0.002273
0.0022717
0.0022717
0.00227301
0.00227293
0.00227302
0.0022717
0.00227301
0.00227298
0.0022717
0.00227301
0.0022717
0.00227301
0.00227299
0.00227303
0.0022717
0.00227301
0.0022717
0.00227301
0.00227298
0.00227302
0.00227297
0.0022717
0.00227293
0.00227301
0.00227298
0.00227301
0.0022717
0.00227295
0.00227302
0.00227299
0.00227294
0.00227297
0.00227296
0.00227299
0.00227299
0.00227297
0.0022717
0.00227301
0.0022717
0.00227298
0.00227299
0.00227296
0.00227303
0.00227302
0.0022717
0.00227296
0.00227299
0.002273
0.00227302
0.00227294
0.00227298
0.00227299
0.00227306
0.0022717
0.00227293
0.00227297
0.00227303
0.0022717
0.00227301
0.00227296
0.00227298
0.0022717
0.00227294
0.00227304
0.0022717
0.00227294
0.00227301
0.00227302
0.00227299
0.0022717
0.00227296
0.0022717
0.00227293
0.00227295
0.0022717
0.00227297
0.00227296
0.00227301
0.00227302
0.00227305
0.00227304
0.00227297
0.00227298
0.00227295
0.00227298
0.00227298
0.00227301
0.00227299
0.00227301
0.0022717
0.00227299
0.0022717
0.00227298
0.00227294
0.0022717
0.0022717
0.00227299
0.00227306
0.00227292
0.00227297
0.0022717
0.002273
0.00227294
0.002273
0.00227298
0.00227301
0.00227296
0.00227303
0.00227303
0.00227297
0.00227299
0.0022717
