0.2
0.0113545
0.0109956
0.0112737
0.0111962
0.011381
0.0110661
0.0113162
0.011069
0.0111192
0.0112852
0.0113161
0.01107
0.0109784
0.0114711
0.011246
0.0111538
0.0109223
0.0113729
0.0110935
0.0111024
0.0112083
0.0111279
0.0111128
0.0109175
0.011169
0.0111763
0.0110799
0.0110436
0.0114355
0.0111966
0.0112657
0.0110207
0.0111311
0.0112685
0.0110652
0.0112243
0.0110601
0.0112343
0.011288
0.0109868
0.0113293
0.0112178
0.0111215
0.0111191
0.0110953
0.0112407
0.0111449
0.0111282
0.0110612
0.0111539
0.011232
0.0112229
0.0112007
0.0111073
0.0108808
0.0109774
0.0111484
0.0109483
0.0110693
0.0111475
0.0110145
0.011282
0.0111053
0.0110506
0.0110106
0.0113132
0.0111824
0.0109734
0.0107945
0.0109701
0.0110869
0.0112275
0.0109804
0.0110543
0.0112086
0.0110621
0.0111286
0.0111551
0.0113151
0.0112539
0.0111512
0.0110431
0.0111611
0.0110505
0.0109021
0.0108139
0.0111915
0.0111193
0.0111165
0.00894039
