0.2
0.00312553
0.00312546
0.00312537
0.00312561
0.00312547
0.00312534
0.00312301
0.00312301
0.00312537
0.00312544
0.00312542
0.00312554
0.00312549
0.00312533
0.0031255
0.00312553
0.00312552
0.00312301
0.00312541
0.00312561
0.00312544
0.00312546
0.00312301
0.00312301
0.00312536
0.00312553
0.00312537
0.00312545
0.0031255
0.00312541
0.00312544
0.00312548
0.00312539
0.00312552
0.00312544
0.00312543
0.00312301
0.00312547
0.00312535
0.00312544
0.00312554
0.00312301
0.00312538
0.00312301
0.00312545
0.00312534
0.00312548
0.00312545
0.00312544
0.00312555
0.00312535
0.00312534
0.00312544
0.00312556
0.00312301
0.00312549
0.0031253
0.00312544
0.00312544
0.0031254
0.00312301
0.00312301
0.00312301
0.00312541
0.00312544
0.00312556
0.00312536
0.0031256
0.00312543
0.00312544
0.00312551
0.00312546
0.00312555
0.00312539
0.00312548
0.00312555
0.0031255
0.00312534
0.00312547
0.00312563
0.00312544
0.0031257
0.00312542
0.00312301
0.00312536
0.00312301
0.00312545
0.00312301
0.00312555
0.00312547
0.00312301
0.00312538
0.00312545
0.00312301
0.00312556
0.00312548
0.00312546
0.00312544
0.00312555
0.00312544
0.00312551
0.00312301
0.00312557
0.00312537
0.00312541
0.00312551
0.00312546
0.00312539
0.00312544
0.00312534
0.00312546
0.00312549
0.00312536
0.00312301
0.00312548
0.00312301
0.00312301
0.00312549
0.00312539
0.00312541
0.00312543
0.00312546
0.00312551
0.00312553
0.00312301
0.00312553
0.00312568
0.00312538
0.00312538
0.00312301
0.00312543
0.00312301
0.0031255
0.00312301
0.00312538
0.00312538
0.00312553
0.00312301
0.00312553
0.00312551
0.00312549
0.00312547
0.00312301
0.0031254
0.00312543
0.00312301
0.00312301
0.00312546
0.00312543
0.00312545
0.00312567
0.00312549
0.0031254
0.00312537
0.00312551
0.00312552
0.00312301
0.00312551
0.00312549
0.00312301
0.0031254
0.00312548
0.0031255
0.00312542
0.00312542
0.00312547
0.00312557
0.00312543
0.0031254
0.00312538
0.00312557
0.00312545
0.0031254
0.00312301
0.00312539
0.00312539
0.00312301
0.0031254
0.00312539
0.00312539
0.00312301
0.00312541
0.00312301
0.00312544
0.00312556
0.00312301
0.00312547
0.00312543
0.00312545
0.00312301
0.00312546
0.00312534
0.00312538
0.00312554
0.00312549
0.00312541
0.00312301
0.00312545
0.00312549
0.00312535
0.00312547
0.00312301
0.00312554
0.00312301
0.00312549
0.00312546
0.00312563
0.00312301
0.00312535
0.00312539
0.00312551
0.00312301
0.00312301
0.00312549
0.0031255
0.0031255
0.00312301
0.00312301
0.00312551
0.00312549
0.00312544
0.00312555
0.00312301
0.00312301
0.00312546
0.00312543
0.00312537
0.0031254
0.00312571
0.00312546
0.00312301
0.00312558
0.00312533
0.00312301
0.00312555
0.00312544
0.00312549
0.00312541
0.00312545
0.00312539
0.00312301
0.00312558
0.00312552
0.00312546
0.00312548
0.00312555
0.00312531
0.00312541
0.00312548
0.00312531
0.00312545
0.00312544
0.00312546
0.00312301
0.00312549
0.00312536
0.00312532
0.00312541
0.00312548
0.00312301
0.00312551
0.00312557
0.00312301
0.0031256
0.00312551
0.00312542
0.00312547
0.0031253
0.00312539
0.00312544
0.00312544
0.00312539
0.00312543
0.00312554
0.00312301
0.00312551
0.00312548
0.00312537
0.00312301
0.00312301
0.00312538
0.0031254
0.00312542
0.00312546
0.00312542
0.00312554
0.00312529
0.00312548
0.00312549
0.00312543
0.00312546
0.0031255
0.00312564
0.00312547
0.00312534
0.0031254
0.00312544
0.00312539
0.00312552
0.00312546
0.00312301
0.00312545
0.00312545
0.00312551
0.00312301
0.00312549
0.00312537
0.0031255
0.00312544
0.00312552
0.00312544
0.00312543
0.00312301
0.00312549
0.0031254
0.00312548
0.00312548
0.00312545
0.00312553
0.00312301
