0.2
0.00250025
0.00250034
0.00249873
0.00250027
0.0025003
0.00250031
0.00250029
0.00250028
0.00250032
0.00250026
0.00250027
0.00249873
0.00250024
0.00250024
0.0025003
0.00250031
0.00250028
0.00250024
0.00249873
0.00249873
0.00250028
0.00249873
0.00250041
0.00250027
0.00250026
0.00250027
0.00250029
0.00250031
0.00250029
0.00250027
0.00249873
0.00250029
0.00250026
0.00250031
0.00250032
0.0025003
0.00249873
0.00250027
0.00250033
0.00250032
0.00250028
0.00250024
0.00250028
0.00249873
0.00250032
0.0025003
0.00250029
0.0025003
0.00250027
0.00250031
0.00250036
0.00249873
0.00250033
0.00250034
0.00250033
0.00250046
0.00250025
0.00250026
0.00249873
0.00249873
0.00250033
0.00250035
0.00250027
0.00250032
0.00250026
0.00250033
0.00249873
0.00250035
0.00250027
0.00249873
0.00250029
0.00250029
0.00250028
0.00250028
0.00249873
0.00249873
0.00250032
0.0025003
0.00250023
0.00250024
0.00249873
0.00250026
0.00250034
0.00250023
0.00250027
0.0025003
0.00250025
0.00250027
0.00250037
0.00249873
0.0025003
0.00250028
0.00250028
0.00250029
0.00250031
0.00250033
0.00250026
0.00250026
0.00250029
0.00250028
0.00250037
0.0025003
0.00250034
0.00250033
0.00250031
0.00250038
0.00250034
0.00250022
0.00250039
0.00250029
0.00250022
0.00250028
0.00250029
0.0025003
0.00250026
0.00249873
0.00249873
0.00250039
0.0025003
0.0025003
0.00250032
0.00250029
0.00250026
0.00250036
0.00249873
0.00250025
0.00250027
0.00250027
0.00250037
0.00250029
0.00250029
0.00250031
0.00250025
0.00250036
0.00250024
0.00250026
0.00249873
0.00250022
0.00250027
0.00250032
0.00250031
0.00250027
0.0025003
0.00250027
0.00250033
0.00250024
0.00250034
0.00250029
0.00250034
0.0025004
0.00250033
0.00250031
0.00250038
0.00250029
0.00250028
0.00249873
0.00250032
0.00250027
0.0025003
0.00250025
0.0025003
0.00249873
0.00250034
0.00250034
0.00249873
0.00250033
0.00250031
0.00250025
0.00249873
0.00250022
0.00250031
0.00250028
0.00250027
0.0025003
0.00249873
0.00250022
0.00250026
0.00249873
0.00250039
0.00250032
0.00249873
0.00250029
0.00250025
0.00250027
0.00250032
0.00249873
0.00249873
0.0025003
0.00250025
0.00250034
0.00250036
0.00250029
0.00250027
0.00250029
0.00250027
0.00249873
0.0025003
0.00249873
0.00250025
0.00250028
0.00249873
0.00250033
0.00250031
0.00250034
0.00250033
0.00250032
0.00249873
0.00250024
0.00250027
0.0025003
0.00250032
0.00250022
0.00250031
0.00250024
0.00250033
0.00250038
0.00250028
0.00250032
0.0025003
0.0025003
0.00250029
0.00250028
0.00250033
0.00249873
0.00250029
0.00249873
0.00250029
0.00250034
0.00249873
0.00250023
0.00250027
0.0025003
0.00249873
0.00250024
0.00250022
0.00250033
0.00250023
0.00249873
0.00250026
0.00250032
0.00249873
0.00250033
0.00249873
0.00250032
0.00250028
0.00250028
0.00250038
0.00250032
0.00250033
0.00249873
0.00250027
0.00249873
0.00250036
0.00250032
0.00250031
0.00250033
0.00250026
0.00250036
0.00250027
0.00250034
0.0025003
0.00250028
0.00250027
0.00249873
0.00249873
0.00249873
0.00250022
0.00250026
0.00250035
0.00250027
0.00250036
0.00250028
0.0025003
0.00250028
0.00249873
0.00250031
0.0025003
0.00250037
0.00250032
0.00250023
0.00250028
0.00250031
0.00250028
0.00250026
0.00250028
0.00250034
0.00250031
0.00250034
0.0025003
0.00250032
0.00250025
0.00250022
0.00250029
0.00250029
0.00249873
0.00250025
0.00250026
0.00250033
0.00249873
0.00250026
0.00249873
0.00250026
0.00250037
0.00250032
0.00250028
0.00249873
0.00250029
0.00250022
0.00250028
0.00250023
0.00249873
0.00249873
0.00250039
0.00249873
0.0025003
0.00249873
0.00250029
0.00250024
0.00249873
0.00250029
0.00250028
0.00250032
0.00250032
0.00250033
0.00250027
0.00250036
0.00250027
0.0025003
0.00250028
0.00250033
0.00250027
0.00250036
0.0025003
0.00250032
0.00250032
0.00250034
0.00250024
0.00249873
0.00250032
0.00250026
0.0025003
0.00250023
0.00250028
0.0025003
0.00250036
0.00249873
0.00250024
0.00250027
0.00249873
0.00250031
0.00250035
0.0025003
0.00250034
0.00250031
0.00250027
0.00249873
0.00250034
0.00249873
0.00250036
0.00249873
0.00249873
0.00249873
0.0025003
0.00249873
0.00249873
0.00250039
0.00249873
0.00250029
0.00250029
0.00249873
0.00250022
0.00250031
0.00250035
0.00249873
0.00250031
0.00250026
0.00250021
0.00249873
0.00250029
0.00250025
0.00249873
0.00250022
0.00250032
0.00249873
0.00250025
0.00249873
0.00250024
0.00249873
0.00250031
0.00250034
0.00250034
0.00249873
0.0025003
0.00250027
0.00250027
0.00250025
0.00250029
0.00250037
0.00250039
0.00249873
