0.2
0.00456667
0.00450848
0.0045505
0.00455513
0.00458739
0.00458262
0.00454882
0.00454959
0.00457542
0.00460363
0.00449297
0.00459222
0.00451235
0.00454456
0.00456406
0.00458458
0.0045586
0.00455876
0.00454927
0.00456448
0.00456797
0.00454741
0.00453241
0.00448895
0.00456928
0.00453682
0.00454682
0.00455528
0.00457429
0.00452699
0.00454796
0.00456779
0.00457452
0.00460929
0.00460991
0.00451566
0.004594
0.00450834
0.00451058
0.00460164
0.00454317
0.00454919
0.00456028
0.00455398
0.00454987
0.00459835
0.00458555
0.0046026
0.00453246
0.00455477
0.0045427
0.00453212
0.00458241
0.00450023
0.0045801
0.00459014
0.00453741
0.00456249
0.00454673
0.00452022
0.00447915
0.00455358
0.00456862
0.0045283
0.00459057
0.00454541
0.00456143
0.00452252
0.00458961
0.00455139
0.00449667
0.00452119
0.00456768
0.00456902
0.00460343
0.00452615
0.00451091
0.00450268
0.00455462
0.00456818
0.00455504
0.00451293
0.00456672
0.00450148
0.00455799
0.004567
0.00454905
0.00457928
0.00453103
0.00459859
0.00461962
0.0045481
0.00454253
0.00459184
0.00448248
0.00451229
0.00461958
0.00456423
0.00456112
0.00453479
0.00453251
0.00454139
0.00453682
0.00448111
0.0045438
0.00453644
0.00455264
0.0045478
0.00454613
0.00455988
0.00452263
0.00452412
0.0045999
0.00461209
0.00455044
0.00452383
0.00456892
0.00456241
0.0045168
0.00452417
0.00451884
0.00456935
0.0045436
0.0045242
0.00453818
0.00452183
0.0045816
0.00452873
0.00452794
0.00453475
0.00449131
0.00456169
0.00456178
0.00456705
0.00453891
0.00453151
0.00454545
0.00455107
0.00457672
0.00457739
0.0045737
0.00453422
0.00453826
0.00451227
0.00452815
0.0045515
0.00453845
0.00455219
0.00457705
0.00451682
0.00453286
0.00452372
0.00456084
0.00453354
0.00454412
0.00460231
0.00449369
0.00453793
0.0044708
0.00448578
0.00453983
0.00459039
0.00447792
0.00457557
0.0045275
0.00453406
0.00457691
0.00458164
0.00457216
0.00456493
0.00450846
0.00455565
0.00455958
0.00455335
0.00461263
0.00449151
0.00458172
0.00456399
0.00452304
0.00453002
0.00456935
0.00454674
0.00458022
0.0045308
0.00456018
0.00453873
0.00455693
0.00457341
0.00451679
0.00453529
0.00456052
0.00457186
0.00455205
0.00455595
0.00457889
0.00456535
0.00454117
0.00452908
0.00460348
0.00449624
0.00455999
0.004521
0.00451586
0.00458698
0.00455718
0.00458803
0.0045402
0.00454741
0.00455624
0.0045303
0.00455087
0.00453678
0.00453855
0.0045828
0.00456412
0.0045291
0.00452432
0.00452687
0.00455521
0.00365264
