0.2
0.00526086
0.00528232
0.00537906
0.00530513
0.00528441
0.00527346
0.0052599
0.00529595
0.00530062
0.00521658
0.00528683
0.00527417
0.00523591
0.00529242
0.00526049
0.00530219
0.00530119
0.00525878
0.00530705
0.00531972
0.00525795
0.00528006
0.00523512
0.00531436
0.00536297
0.00530088
0.00519084
0.0052698
0.00524876
0.00524337
0.00526386
0.00528339
0.00529041
0.00531167
0.00530627
0.00532387
0.00525154
0.00527974
0.00529087
0.00529626
0.00528418
0.00528723
0.00526492
0.00527946
0.00527961
0.00526652
0.00528796
0.0052518
0.00530944
0.00529312
0.00531106
0.00527823
0.00526002
0.00534492
0.00524308
0.00529103
0.00531321
0.005254
0.00526931
0.00524707
0.00529759
0.00523099
0.00526746
0.00525038
0.00529994
0.00527858
0.00527819
0.00524077
0.00524526
0.00530246
0.00529512
0.00526183
0.00524157
0.0052503
0.0052797
0.00527675
0.00523198
0.00528246
0.00532189
0.00531537
0.00521464
0.00526108
0.00525966
0.00527797
0.00534388
0.00532136
0.00519265
0.00527213
0.00526789
0.00523648
0.00524241
0.00524144
0.00523005
0.0052582
0.00516326
0.0052812
0.00518266
0.00517586
0.00523191
0.00528017
0.00526407
0.00521767
0.00530946
0.00524867
0.0053378
0.00532352
0.00524076
0.00532083
0.00524055
0.00523833
0.00530873
0.00529422
0.00519181
0.00521482
0.00527597
0.00532281
0.00517141
0.00527407
0.00527982
0.00523516
0.00523188
0.0052461
0.00522989
0.00527869
0.00530465
0.00520989
0.00525379
0.00523944
0.00531148
0.00526401
0.00527568
0.00521504
0.00524665
0.00534028
0.00530042
0.00524028
0.005335
0.00529971
0.00524749
0.00517827
0.00522892
0.00525736
0.00526184
0.00530116
0.0052003
0.0052756
0.00525279
0.00526671
0.0053133
0.00526333
0.00521308
0.00522534
0.00531089
0.0052402
0.00522766
0.00526757
0.00535085
0.00522924
0.00526315
0.00527903
0.00527129
0.00525097
0.00524936
0.00533341
0.00529146
0.0053435
0.00522676
0.00524627
0.00522367
0.00521546
0.00521088
0.00530381
0.00533243
0.00518358
0.00525955
0.00523402
0.00527129
0.00527197
0.00527236
0.00528883
0.00524222
0.00518968
0.00524357
0.00532555
0.00520578
0.00523401
0.00529738
0.0052994
0.00536528
0.00423012
