0.2
0.00256278
0.00256278
0.00256449
0.00256447
0.00256446
0.00256439
0.00256278
0.00256442
0.00256448
0.00256434
0.00256444
0.00256442
0.00256436
0.00256444
0.00256445
0.00256443
0.00256447
0.00256278
0.00256437
0.00256444
0.00256278
0.00256455
0.00256442
0.00256446
0.00256278
0.00256439
0.00256445
0.00256443
0.00256436
0.00256278
0.00256278
0.00256278
0.00256442
0.0025644
0.00256445
0.00256449
0.00256442
0.00256447
0.00256441
0.00256436
0.00256447
0.00256444
0.00256447
0.00256443
0.00256441
0.00256442
0.00256443
0.00256444
0.00256443
0.00256437
0.00256443
0.00256278
0.00256278
0.00256445
0.0025645
0.00256449
0.00256445
0.00256447
0.00256447
0.00256278
0.00256447
0.00256278
0.00256443
0.00256443
0.00256448
0.00256443
0.00256442
0.00256441
0.00256441
0.00256441
0.00256447
0.0025644
0.00256445
0.00256444
0.00256445
0.00256441
0.00256443
0.00256438
0.00256443
0.00256441
0.00256443
0.00256438
0.00256441
0.00256445
0.00256445
0.00256447
0.00256438
0.00256438
0.00256444
0.00256449
0.00256442
0.00256441
0.00256444
0.0025644
0.00256278
0.0025645
0.0025644
0.00256448
0.00256278
0.00256278
0.00256445
0.00256449
0.00256444
0.00256449
0.00256436
0.00256442
0.00256443
0.00256439
0.00256278
0.00256448
0.00256441
0.00256446
0.00256439
0.00256278
0.00256444
0.00256445
0.00256445
0.00256444
0.0025644
0.00256443
0.00256441
0.00256445
0.00256439
0.00256278
0.00256441
0.00256444
0.00256436
0.00256278
0.00256454
0.00256447
0.00256444
0.00256435
0.00256444
0.00256433
0.00256446
0.00256443
0.00256444
0.00256436
0.0025644
0.00256442
0.00256439
0.00256278
0.00256448
0.00256278
0.00256442
0.00256444
0.00256443
0.00256435
0.00256278
0.0025644
0.00256447
0.00256439
0.00256278
0.00256439
0.00256447
0.00256278
0.00256449
0.00256278
0.00256278
0.0025645
0.00256445
0.00256443
0.00256442
0.00256437
0.00256443
0.00256447
0.00256443
0.00256438
0.00256447
0.00256444
0.00256278
0.00256278
0.00256443
0.00256448
0.00256439
0.00256447
0.00256438
0.00256437
0.00256442
0.00256444
0.00256444
0.00256278
0.00256278
0.0025644
0.0025644
0.00256447
0.00256433
0.00256443
0.00256278
0.00256278
0.0025644
0.00256433
0.00256451
0.00256436
0.00256443
0.00256446
0.0025644
0.00256445
0.00256442
0.00256448
0.00256442
0.00256278
0.00256451
0.00256448
0.00256445
0.00256444
0.0025644
0.00256443
0.00256435
0.0025644
0.00256278
0.00256278
0.00256278
0.00256438
0.00256436
0.00256278
0.00256448
0.00256278
0.00256448
0.00256443
0.00256438
0.00256443
0.0025644
0.00256443
0.00256454
0.00256444
0.00256278
0.00256278
0.00256438
0.00256438
0.00256444
0.00256278
0.0025644
0.00256448
0.00256438
0.00256441
0.00256451
0.00256444
0.00256441
0.00256447
0.00256448
0.0025645
0.00256444
0.00256434
0.00256438
0.00256439
0.00256278
0.0025644
0.00256442
0.00256278
0.00256445
0.00256443
0.0025644
0.00256278
0.00256447
0.00256452
0.00256447
0.00256439
0.00256438
0.00256448
0.00256437
0.00256278
0.00256447
0.00256441
0.00256445
0.00256278
0.00256444
0.00256278
0.00256441
0.00256443
0.00256278
0.00256436
0.00256442
0.00256442
0.00256446
0.00256278
0.00256439
0.00256439
0.00256436
0.00256278
0.00256438
0.00256438
0.00256439
0.0025644
0.0025644
0.00256443
0.00256278
0.00256278
0.00256278
0.00256278
0.00256439
0.00256278
0.00256278
0.00256435
0.00256278
0.00256437
0.0025644
0.00256446
0.00256437
0.00256442
0.00256444
0.00256433
0.00256443
0.00256437
0.00256278
0.00256448
0.00256439
0.00256278
0.00256442
0.00256443
0.0025645
0.00256278
0.00256437
0.00256448
0.00256449
0.00256444
0.00256452
0.00256447
0.00256278
0.00256444
0.00256444
0.00256447
0.00256445
0.00256444
0.00256278
0.00256439
0.0025645
0.00256447
0.00256439
0.00256278
0.00256447
0.00256439
0.00256436
0.00256442
0.00256447
0.00256443
0.00256439
0.00256447
0.00256451
0.00256278
0.00256278
0.00256453
0.0025644
0.00256278
0.00256438
0.00256435
0.00256442
0.00256441
0.0025644
0.00256436
0.00256278
0.0025644
0.00256445
0.00256448
0.00256441
0.00256278
0.00256448
0.00256447
0.0025644
0.00256444
0.00256438
0.00256439
0.00256444
0.00256445
0.0025644
0.00256447
0.00256442
0.00256445
0.00256452
0.00256278
0.00256437
0.00256447
0.00256445
0.00256443
0.00256447
0.00256278
0.00256441
0.00256445
0.00256444
0.00256444
0.00256446
0.00256441
0.00256278
0.00256278
0.00256437
0.00256278
0.00256442
0.00256278
0.00256278
0.00256278
