0.2
0.00821911
0.0083619
0.00840602
0.00831235
0.0083282
0.00834687
0.00841239
0.00849101
0.00843151
0.00829807
0.00834394
0.00836367
0.00830177
0.00829107
0.00847153
0.00840926
0.00837582
0.00840822
0.00835996
0.00840553
0.00835526
0.00838513
0.00825266
0.00833821
0.0083466
0.00839054
0.00821446
0.00829838
0.00833476
0.00824778
0.00830112
0.00837507
0.00832881
0.00831108
0.00831433
0.00829482
0.00830742
0.00822023
0.00845848
0.00831589
0.00840111
0.00833347
0.00825914
0.00832483
0.0083289
0.00833907
0.00826941
0.00828943
0.00834408
0.00829916
0.00838251
0.00847733
0.00843451
0.00838736
0.00833564
0.00840358
0.00850922
0.0083787
0.00826215
0.0083446
0.00837759
0.0084084
0.00837526
0.00835811
0.00828172
0.00852899
0.00837911
0.00835738
0.00833841
0.00831402
0.00825743
0.00828334
0.0084719
0.00840406
0.00832011
0.00831687
0.00837335
0.00840384
0.00831937
0.00839243
0.00830121
0.00833623
0.00837619
0.00820369
0.00838588
0.00842613
0.00844686
0.0084367
0.00838795
0.00818394
0.00846975
0.00835467
0.00832218
0.00843278
0.00820785
0.00828649
0.00837554
0.00837857
0.00834777
0.00827302
0.00831416
0.00831576
0.00826986
0.00828169
0.00828767
0.00828263
0.00830591
0.00840735
0.00827015
0.00827633
0.00835252
0.00834532
0.00844121
0.00831648
0.00841685
0.00827053
0.00835695
0.0083681
0.00839093
0.00670102
