0.2
0.00633309
0.0062227
0.00635986
0.00631001
0.00633191
0.00621161
0.0063229
0.00627824
0.00621507
0.00633097
0.0062203
0.00626501
0.00620444
0.00628774
0.00626165
0.00630709
0.00641086
0.00627646
0.00612452
0.00631009
0.00624233
0.00625744
0.0062374
0.00633615
0.0063283
0.00623772
0.00638791
0.00627539
0.00620821
0.00621428
0.00621338
0.00632433
0.0061949
0.00626422
0.00621267
0.00619294
0.00619944
0.00629159
0.00629113
0.0062793
0.00627855
0.00632567
0.00618038
0.00620209
0.00631969
0.00623418
0.00628342
0.0062855
0.00619693
0.00627281
0.0062778
0.00631966
0.00624114
0.00624668
0.00623031
0.00625297
0.00625652
0.00628585
0.00627868
0.00628827
0.00627687
0.00630565
0.00627587
0.00622433
0.0062113
0.00610034
0.00630854
0.00619683
0.00626263
0.00634616
0.00624351
0.00629999
0.00626894
0.00618858
0.00616263
0.00634609
0.00624584
0.00636827
0.00620336
0.00631374
0.00628079
0.00630213
0.00633696
0.00627441
0.00624159
0.00633017
0.00623553
0.00624166
0.0062936
0.00621902
0.00618513
0.00623329
0.00624268
0.00622808
0.00626755
0.00630675
0.00622167
0.00623261
0.00619419
0.00623857
0.0062516
0.00621036
0.0061945
0.00611619
0.00624179
0.00620183
0.00618093
0.00628851
0.00632714
0.00619041
0.00629092
0.0063138
0.00631496
0.00632091
0.00629939
0.00618919
0.00621869
0.00629627
0.00629136
0.00623638
0.00620581
0.00626396
0.00635558
0.00619003
0.00626724
0.00628732
0.00628903
0.00625584
0.00622248
0.00623554
0.006173
0.00632356
0.00620089
0.00622896
0.00628354
0.00622656
0.00629812
0.00622253
0.00626106
0.00620448
0.00624445
0.00621604
0.00625672
0.00620951
0.00624936
0.00632068
0.00620994
0.00625291
0.00624431
0.00612968
0.00629288
0.00625833
0.00626666
0.00634464
0.00625508
0.00623652
0.00622144
0.0062019
0.00630755
0.00502421
