0.2
0.00934131
0.00916112
0.00901925
0.00908143
0.00906511
0.00913486
0.00916162
0.00914641
0.00924647
0.00904189
0.00920718
0.00924943
0.00920453
0.00914335
0.00910066
0.00915029
0.0091693
0.00892613
0.00924565
0.0091003
0.00924486
0.00913943
0.0091125
0.0091614
0.00900532
0.00909492
0.0090782
0.0090624
0.00884169
0.00908729
0.00900192
0.00924946
0.00913319
0.00905656
0.00916685
0.00926365
0.00912642
0.00914573
0.00915379
0.0089799
0.00913836
0.00916056
0.00921184
0.00914662
0.00905575
0.00901484
0.00907934
0.00901421
0.00915278
0.00909831
0.00903852
0.00900293
0.00910905
0.00922839
0.00912101
0.00921764
0.00907139
0.00901142
0.00907679
0.00919208
0.00902531
0.0090951
0.00905019
0.00926867
0.00907106
0.00920618
0.00903752
0.00924959
0.00903562
0.00907445
0.00901685
0.00907284
0.0090396
0.00920507
0.0092068
0.00916251
0.00913134
0.0092669
0.00914488
0.00908792
0.00920996
0.0092103
0.00892435
0.00899815
0.00901426
0.00897507
0.00901586
0.00911362
0.00925732
0.00893518
0.00913827
0.009046
0.0090532
0.00892567
0.00905788
0.00898676
0.00913683
0.00930103
0.00917314
0.0089932
0.00913481
0.00887661
0.00909024
0.00909903
0.00920193
0.00909085
0.00905642
0.00898916
0.00909108
0.00731185
