0.2
0.00370732
0.00369982
0.0037036
0.00370734
0.00369985
0.00370732
0.0037
0.0037074
0.00369991
0.00370346
0.0037073
0.00369979
0.0037036
0.00370721
0.00370724
0.00370346
0.00370721
0.0037073
0.00370012
0.00370365
0.00370375
0.00369641
0.0037035
0.00370355
0.00370735
0.00370382
0.00370347
0.0037034
0.00370356
0.00370719
0.00370346
0.00370737
0.00369641
0.00370349
0.00370721
0.00369614
0.00370343
0.00370707
0.00370729
0.00370382
0.00370715
0.00370365
0.00369987
0.00370382
0.00370343
0.00370346
0.00370357
0.00370367
0.0037035
0.00369993
0.00369993
0.00370365
0.00370365
0.00370726
0.00370718
0.00370719
0.00370382
0.00370341
0.00370352
0.00370332
0.00369986
0.00369994
0.00370364
0.00370351
0.00370347
0.00370729
0.00370712
0.00370372
0.00370013
0.0037073
0.00369991
0.0037001
0.00369983
0.00370359
0.00370358
0.00370353
0.00370729
0.00370349
0.00370382
0.00370011
0.00370347
0.00370375
0.00370005
0.00369996
0.00370001
0.0036999
0.00370382
0.00370358
0.00370346
0.00370353
0.00370721
0.00370729
0.00369984
0.0037037
0.00370338
0.00370726
0.00370012
0.00370722
0.00370366
0.00370732
0.00370365
0.00370382
0.0037035
0.00370719
0.00370739
0.0037035
0.00369997
0.00369993
0.00370372
0.00370357
0.00369993
0.00370352
0.00370734
0.00370011
0.00370735
0.00370382
0.00370715
0.00370724
0.00370356
0.00370371
0.00370353
0.00370722
0.00370373
0.00370744
0.00370349
0.00370012
0.0036964
0.00370011
0.00370357
0.00370737
0.00369973
0.00370341
0.0036964
0.00370729
0.00370742
0.00370352
0.00370012
0.00370737
0.00370734
0.00370361
0.00370343
0.00370344
0.00369988
0.00369972
0.00370729
0.00370713
0.00370382
0.00370735
0.00370735
0.00370729
0.00370363
0.00370734
0.0037037
0.00370338
0.00370353
0.00370719
0.00370709
0.00370012
0.00370382
0.00370712
0.00370363
0.00370718
0.00370735
0.00370368
0.0037001
0.00370727
0.00369972
0.00370748
0.0037037
0.00370356
0.00370353
0.00370735
0.00370729
0.00370353
0.00369641
0.00370011
0.00370011
0.00370351
0.00370729
0.0037001
0.00370347
0.00369996
0.0037035
0.00370326
0.00370351
0.00370348
0.00370722
0.00370726
0.00370348
0.00370744
0.00370353
0.00370729
0.00370373
0.00370382
0.00370722
0.0037073
0.00370727
0.00370359
0.00370011
0.00370355
0.00370724
0.00369978
0.00369595
0.0036964
0.00370344
0.00369984
0.0037073
0.00370715
0.00370734
0.00370354
0.00370382
0.00370722
0.00370361
0.00370011
0.00369986
0.00370011
0.00370352
0.0036964
0.00370334
0.00370372
0.0037035
0.00370352
0.00370343
0.00370345
0.00370382
0.00370713
0.00370358
0.00370706
0.00370012
0.00370347
0.00370732
0.00370732
0.00370735
0.00370375
0.00370722
0.00370713
0.0037001
0.00370382
0.00369996
0.00370352
0.00370737
0.00370012
0.00370737
0.00370724
0.00370382
0.00370349
0.0037001
0.00370382
0.00370363
0.00369987
0.00370012
0.00370372
0.0036927
0.00370382
0.00370724
0.00370712
0.00370344
0.00370726
0.00370718
0.00370012
0.00370744
0.00369641
0.00370724
0.00370355
0.0037001
0.00370382
0.00370721
0.00370344
0.00370726
0.0036927
