0.2
0.00212783
0.00212784
0.00212671
0.00212783
0.00212787
0.00212787
0.00212786
0.0021278
0.00212787
0.00212785
0.00212786
0.00212789
0.00212786
0.00212671
0.00212783
0.00212671
0.00212671
0.00212785
0.00212785
0.00212783
0.00212785
0.00212781
0.00212776
0.00212786
0.00212783
0.00212781
0.00212781
0.00212786
0.00212784
0.00212671
0.00212786
0.00212782
0.00212788
0.00212671
0.00212782
0.00212785
0.00212782
0.00212786
0.0021278
0.00212785
0.00212785
0.00212785
0.00212783
0.00212783
0.00212782
0.00212783
0.00212788
0.00212786
0.00212671
0.0021278
0.00212788
0.00212779
0.00212781
0.00212787
0.00212789
0.00212782
0.00212782
0.00212786
0.00212784
0.00212671
0.00212786
0.0021278
0.00212671
0.00212786
0.00212671
0.00212784
0.00212785
0.00212787
0.00212787
0.00212781
0.00212785
0.00212784
0.00212789
0.00212787
0.00212788
0.00212788
0.00212671
0.00212785
0.00212783
0.00212788
0.00212784
0.00212782
0.00212782
0.00212786
0.00212786
0.00212785
0.00212782
0.00212671
0.00212782
0.00212786
0.00212788
0.00212789
0.00212783
0.00212779
0.00212784
0.0021278
0.00212785
0.00212788
0.00212785
0.00212784
0.00212671
0.00212671
0.00212783
0.00212784
0.00212671
0.00212671
0.00212786
0.00212788
0.00212789
0.00212671
0.00212788
0.00212788
0.00212671
0.00212784
0.00212671
0.00212783
0.00212782
0.00212782
0.00212783
0.00212671
0.00212785
0.00212784
0.00212671
0.00212787
0.00212783
0.00212781
0.00212671
0.00212785
0.00212785
0.00212785
0.00212784
0.00212671
0.00212671
0.00212787
0.00212781
0.00212671
0.00212783
0.00212785
0.00212787
0.00212784
0.00212782
0.00212788
0.00212671
0.00212783
0.00212787
0.00212779
0.0021278
0.00212783
0.00212784
0.00212787
0.00212788
0.00212671
0.00212783
0.00212783
0.00212787
0.00212789
0.0021278
0.00212784
0.00212788
0.00212781
0.00212789
0.00212785
0.00212785
0.00212671
0.00212786
0.00212786
0.0021279
0.00212783
0.00212786
0.00212786
0.00212781
0.00212785
0.00212671
0.00212783
0.00212782
0.00212786
0.00212782
0.00212783
0.00212786
0.00212784
0.00212783
0.00212782
0.00212787
0.00212786
0.00212788
0.00212783
0.00212784
0.00212785
0.00212783
0.00212784
0.0021278
0.00212783
0.00212784
0.00212784
0.00212787
0.00212784
0.00212784
0.00212786
0.00212783
0.00212782
0.00212784
0.00212783
0.00212781
0.00212782
0.00212785
0.00212786
0.00212788
0.00212671
0.00212785
0.00212786
0.00212788
0.00212782
0.00212784
0.00212789
0.00212783
0.00212783
0.00212785
0.00212788
0.00212785
0.00212671
0.00212778
0.00212782
0.00212785
0.00212671
0.00212783
0.00212788
0.00212671
0.0021279
0.0021278
0.00212785
0.00212671
0.0021278
0.00212779
0.00212785
0.00212671
0.00212781
0.00212782
0.00212783
0.00212788
0.00212783
0.00212784
0.00212788
0.00212783
0.00212782
0.00212791
0.00212671
0.00212787
0.00212671
0.00212671
0.00212786
0.00212781
0.00212785
0.00212782
0.00212783
0.00212783
0.00212671
0.00212787
0.00212781
0.00212779
0.00212782
0.00212783
0.00212789
0.00212783
0.00212788
0.00212788
0.00212671
0.00212671
0.00212786
0.0021278
0.00212785
0.00212671
0.00212788
0.00212784
0.00212671
0.00212782
0.00212784
0.00212788
0.00212782
0.00212671
0.00212783
0.00212781
0.00212783
0.00212787
0.00212785
0.00212671
0.00212671
0.00212786
0.00212781
0.00212671
0.00212786
0.00212671
0.00212785
0.00212789
0.00212785
0.00212671
0.00212781
0.00212784
0.00212782
0.00212782
0.00212781
0.00212786
0.0021278
0.00212786
0.00212786
0.00212785
0.00212788
0.00212785
0.00212788
0.00212781
0.0021279
0.00212671
0.00212789
0.00212786
0.00212784
0.00212786
0.00212782
0.00212789
0.00212671
0.00212785
0.00212671
0.00212783
0.00212784
0.00212784
0.00212781
0.00212783
0.00212671
0.00212783
0.00212786
0.00212781
0.00212786
0.00212781
0.00212782
0.00212782
0.00212784
0.00212671
0.00212787
0.00212786
0.00212781
0.00212788
0.00212781
0.00212783
0.00212786
0.00212786
0.00212787
0.00212784
0.00212785
0.00212784
0.00212787
0.00212671
0.00212671
0.00212783
0.00212671
0.00212785
0.00212784
0.00212783
0.00212785
0.00212785
0.00212779
0.00212785
0.00212786
0.00212788
0.00212783
0.00212778
0.00212784
0.00212785
0.00212788
0.00212786
0.00212784
0.00212783
0.00212783
0.00212784
0.00212671
0.00212671
0.00212785
0.00212788
0.00212785
0.00212782
0.00212787
0.00212783
0.00212783
0.00212781
0.00212671
0.00212784
0.00212785
0.00212778
0.00212784
0.00212671
0.00212785
0.00212783
0.0021278
0.00212784
0.00212786
0.00212781
0.00212786
0.0021278
0.00212781
0.00212781
0.0021278
0.00212782
0.00212788
0.00212783
0.00212671
0.00212785
0.00212781
0.00212783
0.00212785
0.00212784
0.00212786
0.00212671
0.00212671
0.00212786
0.00212784
0.00212783
0.00212782
0.00212785
0.00212786
0.00212786
0.00212671
0.00212787
0.00212785
0.00212785
0.00212782
0.00212782
0.00212782
0.00212789
0.00212781
0.00212784
0.00212671
0.00212782
0.00212784
0.00212783
0.00212783
0.00212671
0.00212671
0.00212784
0.00212787
0.00212671
0.00212784
0.00212786
0.00212671
0.0021279
0.00212787
0.00212783
0.00212671
0.00212786
0.00212671
0.00212671
0.00212788
0.00212783
0.00212784
0.00212786
0.00212783
0.00212786
0.00212785
0.00212783
0.00212781
0.00212788
0.00212785
0.00212783
0.00212786
0.00212784
0.00212671
0.00212783
0.00212781
0.00212783
0.00212671
0.00212784
0.00212781
0.00212782
0.00212671
