0.2
0.00222248
0.0022225
0.0022225
0.00222248
0.00222249
0.00222244
0.00222257
0.00222246
0.00222126
0.00222126
0.00222126
0.00222247
0.00222126
0.00222251
0.00222245
0.0022225
0.00222244
0.00222252
0.00222126
0.00222249
0.00222255
0.00222126
0.00222126
0.00222245
0.00222248
0.00222253
0.00222242
0.00222126
0.0022225
0.00222249
0.00222246
0.00222245
0.00222253
0.00222126
0.00222126
0.0022225
0.00222126
0.00222248
0.00222252
0.0022225
0.00222249
0.00222251
0.00222126
0.00222257
0.00222126
0.00222252
0.00222246
0.00222249
0.0022225
0.00222247
0.00222248
0.00222249
0.00222249
0.00222126
0.00222249
0.00222251
0.00222255
0.00222253
0.00222245
0.00222246
0.00222251
0.00222252
0.00222252
0.00222246
0.00222126
0.00222126
0.00222248
0.00222253
0.0022225
0.00222251
0.00222249
0.00222126
0.00222248
0.00222248
0.00222252
0.00222126
0.00222253
0.00222126
0.0022225
0.00222246
0.00222126
0.00222252
0.00222248
0.00222252
0.00222251
0.0022225
0.00222254
0.00222126
0.00222126
0.00222252
0.00222252
0.00222248
0.00222126
0.00222249
0.00222249
0.00222252
0.00222126
0.00222126
0.00222126
0.00222249
0.00222253
0.00222126
0.00222253
0.00222249
0.00222244
0.00222249
0.0022225
0.00222251
0.00222248
0.00222126
0.00222246
0.00222244
0.00222249
0.00222126
0.00222252
0.00222249
0.00222253
0.00222248
0.00222249
0.00222126
0.00222247
0.0022225
0.00222251
0.00222246
0.00222126
0.0022225
0.00222126
0.00222247
0.00222251
0.00222126
0.00222246
0.0022225
0.00222252
0.0022225
0.00222246
0.00222126
0.0022225
0.00222246
0.00222249
0.00222252
0.00222255
0.00222246
0.00222251
0.00222126
0.00222247
0.00222126
0.00222249
0.00222249
0.0022225
0.00222251
0.0022225
0.00222126
0.00222126
0.00222249
0.00222252
0.00222253
0.0022225
0.00222126
0.00222245
0.00222251
0.00222252
0.00222247
0.0022225
0.00222252
0.00222247
0.0022225
0.00222251
0.00222249
0.00222252
0.00222245
0.00222126
0.00222253
0.00222246
0.0022225
0.00222253
0.00222245
0.00222245
0.00222244
0.00222126
0.00222255
0.00222126
0.00222252
0.0022225
0.00222126
0.00222252
0.00222242
0.00222253
0.00222247
0.00222249
0.00222249
0.00222251
0.00222126
0.00222253
0.00222252
0.00222248
0.00222126
0.00222254
0.00222249
0.00222126
0.00222249
0.00222251
0.00222126
0.00222245
0.00222249
0.00222248
0.00222126
0.00222126
0.00222256
0.0022225
0.00222253
0.00222126
0.0022225
0.00222251
0.0022225
0.00222248
0.00222253
0.0022225
0.00222253
0.00222249
0.00222126
0.0022225
0.00222248
0.00222254
0.00222251
0.00222126
0.00222249
0.00222248
0.00222252
0.00222242
0.00222126
0.00222244
0.00222242
0.0022225
0.00222246
0.00222249
0.00222247
0.0022225
0.00222249
0.00222126
0.00222246
0.00222247
0.00222253
0.00222249
0.00222126
0.00222252
0.00222126
0.00222244
0.00222126
0.00222249
0.0022225
0.0022225
0.00222126
0.00222126
0.00222126
0.00222248
0.00222126
0.00222247
0.00222252
0.00222126
0.00222251
0.00222248
0.00222249
0.00222251
0.00222126
0.00222247
0.00222126
0.0022225
0.00222126
0.00222247
0.00222251
0.00222126
0.0022225
0.00222252
0.00222245
0.00222252
0.0022225
0.00222247
0.00222248
0.00222251
0.00222126
0.00222248
0.00222126
0.00222253
0.00222252
0.00222248
0.00222126
0.00222255
0.00222249
0.00222252
0.00222248
0.00222251
0.00222126
0.00222245
0.00222242
0.00222255
0.00222249
0.00222253
0.00222247
0.00222249
0.00222247
0.00222248
0.0022225
0.00222247
0.00222126
0.00222251
0.00222126
0.00222254
0.00222254
0.00222126
0.0022225
0.00222245
0.00222253
0.00222251
0.0022225
0.00222253
0.00222126
0.00222248
0.00222126
0.00222126
0.00222252
0.00222126
0.0022225
0.00222247
0.00222249
0.00222126
0.00222248
0.00222126
0.00222244
0.00222254
0.00222247
0.00222252
0.00222249
0.00222254
0.00222246
0.00222249
0.00222247
0.00222254
0.00222254
0.00222248
0.00222254
0.00222255
0.00222252
0.00222252
0.00222248
0.00222253
0.00222246
0.00222126
0.00222252
0.00222247
0.00222256
0.00222245
0.00222246
0.00222249
0.00222248
0.0022225
0.00222249
0.00222255
0.00222126
0.00222246
0.0022225
0.00222126
0.00222126
0.00222251
0.00222253
0.00222248
0.0022225
0.00222251
0.00222245
0.00222126
0.00222253
0.00222249
0.0022225
0.0022225
0.00222247
0.00222126
0.00222126
0.00222249
0.00222254
0.00222246
0.00222247
0.00222247
0.0022225
0.0022225
0.00222246
0.00222249
0.00222126
0.00222249
0.0022225
0.00222244
0.00222252
0.0022224
0.0022225
0.00222252
0.00222248
0.00222254
0.00222126
0.00222251
0.00222252
0.00222126
0.00222245
0.00222249
0.00222126
0.00222253
0.0022225
0.0022225
0.00222249
0.00222248
0.00222246
0.0022225
0.00222243
0.0022225
0.00222249
0.00222251
0.00222126
0.00222252
0.00222126
0.00222126
0.00222248
0.00222245
0.00222253
0.00222249
0.00222244
0.00222251
0.00222251
0.00222126
0.0022225
0.00222252
0.0022224
0.00222254
0.00222252
0.00222126
0.00222126
0.00222253
0.00222251
0.00222249
0.0022225
0.00222246
0.00222126
0.00222246
0.0022225
0.00222247
0.00222249
0.00222126
0.00222243
0.00222254
0.00222252
0.00222249
0.00222249
0.00222245
0.00222126
