0.2
0.0050234
0.00504312
0.00506235
0.00500262
0.00502369
0.0050782
0.00499796
0.00497813
0.00501469
0.00499562
0.00502519
0.00502154
0.00505532
0.00509156
0.00499786
0.00498505
0.00502168
0.00501955
0.00500926
0.00501959
0.00501789
0.00506984
0.0049557
0.00494831
0.00500854
0.00497976
0.00507555
0.00497602
0.00499347
0.00501256
0.00500235
0.00500649
0.00498051
0.00500403
0.00499485
0.00501308
0.00499798
0.00497971
0.00495968
0.00504219
0.00498689
0.00502256
0.00499171
0.00499613
0.00496453
0.00504222
0.00502259
0.00502203
0.00500342
0.00503085
0.00501104
0.00493732
0.00504546
0.00501288
0.00504889
0.00494541
0.00504203
0.00504272
0.00504574
0.00499781
0.00504417
0.00504575
0.0050254
0.00498711
0.00508042
0.00500984
0.00495843
0.00495938
0.00493627
0.00501192
0.00505597
0.00499286
0.00502545
0.00495261
0.00499991
0.00502271
0.00494653
0.00501332
0.00500053
0.00502059
0.0049413
0.00505606
0.00498918
0.00504318
0.00500562
0.00502534
0.00500261
0.0049773
0.00511593
0.00496481
0.00497768
0.00504038
0.0050157
0.00502059
0.00501917
0.00502154
0.00496431
0.00496651
0.00499446
0.00502281
0.00503327
0.00502887
0.00496225
0.00501731
0.0050241
0.00503965
0.00497686
0.00499378
0.00500636
0.00496428
0.00499001
0.0050087
0.00493305
0.00505971
0.00493393
0.00497452
0.00503325
0.00504761
0.00499584
0.00499939
0.00509321
0.00491924
0.00502509
0.00499301
0.00495237
0.00502892
0.00494618
0.00499909
0.00499884
0.00501804
0.00500015
0.0050335
0.00499156
0.00504929
0.00496387
0.00495523
0.00499066
0.0049732
0.00500993
0.00504458
0.0050321
0.00496009
0.00503446
0.00503607
0.00507205
0.00500316
0.00502967
0.00505886
0.00494335
0.00501217
0.0049926
0.00501413
0.00499093
0.00500409
0.00500997
0.00500513
0.00493229
0.00501686
0.00504626
0.0050204
0.00494829
0.00498533
0.00495384
0.00503063
0.00495736
0.00502905
0.0050055
0.00493967
0.00491073
0.0050382
0.00501114
0.00498449
0.00498001
0.00503662
0.0050366
0.00503659
0.00493555
0.00500715
0.00495515
0.00501619
0.00502394
0.00502118
0.00490115
0.00496973
0.00499684
0.00501841
0.00509079
0.00500153
0.00492938
0.00498147
0.00503043
0.00499732
0.00498071
0.00500159
0.00492906
0.00502055
0.00505876
0.00502002
0.00503661
0.00401837
