0.2
0.00243937
0.00243938
0.00243933
0.00243936
0.00243788
0.00243938
0.00243788
0.00243936
0.00243941
0.00243788
0.00243938
0.00243934
0.0024394
0.00243788
0.00243788
0.00243788
0.00243928
0.00243932
0.00243937
0.00243939
0.00243788
0.00243936
0.00243941
0.00243932
0.00243944
0.00243941
0.00243788
0.0024394
0.00243935
0.00243788
0.00243788
0.00243942
0.0024394
0.00243788
0.00243934
0.00243946
0.00243936
0.00243944
0.00243935
0.0024394
0.00243938
0.00243934
0.00243932
0.00243788
0.00243788
0.00243933
0.00243935
0.00243937
0.00243788
0.0024394
0.00243943
0.00243938
0.00243788
0.00243788
0.00243938
0.00243941
0.00243937
0.00243788
0.00243941
0.00243941
0.00243937
0.00243941
0.00243788
0.00243934
0.00243934
0.00243939
0.00243788
0.00243941
0.00243788
0.00243788
0.00243788
0.00243939
0.00243939
0.00243933
0.00243936
0.00243937
0.0024394
0.00243931
0.00243936
0.00243788
0.00243933
0.00243931
0.00243788
0.00243935
0.0024394
0.00243934
0.00243939
0.00243937
0.00243938
0.00243945
0.00243936
0.00243936
0.00243788
0.00243938
0.00243941
0.00243934
0.00243939
0.00243941
0.00243788
0.00243788
0.00243939
0.00243938
0.00243939
0.00243788
0.00243933
0.00243788
0.00243934
0.00243933
0.00243937
0.00243937
0.00243788
0.00243935
0.00243788
0.00243934
0.00243934
0.00243944
0.00243935
0.00243944
0.00243932
0.00243939
0.00243788
0.00243944
0.00243934
0.00243935
0.00243943
0.0024394
0.00243938
0.00243788
0.00243938
0.00243929
0.00243788
0.00243941
0.0024393
0.00243788
0.00243933
0.00243935
0.00243933
0.00243942
0.0024394
0.00243788
0.00243934
0.00243938
0.00243943
0.00243941
0.00243944
0.00243937
0.00243937
0.00243937
0.00243936
0.00243938
0.00243937
0.00243937
0.00243941
0.00243938
0.0024394
0.00243929
0.00243938
0.00243788
0.00243937
0.00243937
0.00243937
0.00243788
0.00243931
0.00243935
0.00243939
0.00243937
0.00243945
0.00243937
0.00243934
0.00243933
0.00243937
0.00243935
0.00243938
0.00243934
0.00243788
0.00243788
0.00243788
0.00243935
0.00243937
0.00243788
0.00243933
0.00243938
0.00243788
0.00243788
0.00243788
0.00243937
0.00243788
0.00243788
0.00243788
0.00243936
0.00243938
0.00243941
0.00243934
0.00243937
0.00243788
0.00243935
0.00243941
0.00243938
0.00243788
0.00243941
0.00243788
0.00243941
0.0024394
0.00243939
0.00243936
0.00243933
0.00243941
0.0024394
0.00243937
0.00243934
0.00243788
0.00243935
0.0024394
0.00243935
0.00243934
0.00243788
0.0024394
0.00243938
0.00243788
0.00243788
0.00243943
0.00243942
0.00243788
0.0024394
0.00243937
0.00243937
0.00243944
0.00243937
0.00243937
0.00243934
0.00243934
0.00243938
0.00243938
0.00243788
0.00243936
0.00243788
0.0024393
0.00243788
0.00243936
0.00243788
0.00243788
0.00243938
0.00243936
0.00243938
0.00243936
0.00243937
0.00243941
0.00243788
0.00243933
0.00243942
0.00243938
0.00243935
0.00243935
0.00243788
0.00243943
0.00243788
0.00243941
0.00243788
0.00243937
0.00243944
0.00243788
0.00243941
0.00243788
0.00243941
0.00243934
0.00243941
0.00243938
0.00243942
0.00243938
0.00243935
0.0024394
0.00243932
0.00243788
0.00243938
0.00243788
0.00243938
0.00243935
0.00243937
0.00243933
0.00243935
0.00243939
0.00243943
0.00243937
0.00243788
0.00243936
0.00243939
0.00243939
0.00243788
0.00243788
0.00243938
0.00243944
0.00243788
0.00243932
0.00243934
0.00243788
0.00243941
0.00243935
0.00243788
0.00243936
0.00243938
0.00243935
0.00243935
0.0024393
0.0024394
0.00243934
0.00243927
0.00243938
0.0024393
0.00243788
0.00243942
0.00243943
0.00243945
0.00243937
0.00243934
0.00243788
0.00243942
0.00243934
0.00243788
0.00243935
0.00243788
0.00243944
0.00243942
0.00243934
0.00243927
0.00243937
0.00243788
0.00243938
0.0024394
0.00243934
0.00243941
0.00243934
0.00243934
0.00243938
0.00243939
0.00243941
0.00243788
0.00243942
0.00243788
0.00243945
0.00243788
0.00243939
0.00243938
0.00243937
0.00243938
0.00243933
0.00243943
0.00243935
0.00243788
0.00243939
0.00243788
0.00243788
0.00243788
0.00243788
0.00243941
0.00243788
0.00243935
0.00243938
0.00243939
0.00243937
0.00243932
0.00243937
0.00243938
0.00243938
0.00243942
0.00243788
0.00243935
0.00243942
0.00243939
0.00243935
0.00243934
0.00243788
0.00243941
0.00243937
0.00243934
0.00243938
0.00243788
0.00243931
0.00243933
0.0024394
0.00243937
0.00243936
0.00243938
0.00243935
0.00243938
0.00243788
0.00243788
0.00243939
0.0024394
0.00243942
0.00243938
0.00243941
0.00243932
0.00243935
0.00243934
0.00243788
0.00243936
0.0024394
0.00243932
0.00243943
0.00243934
0.00243937
0.00243936
0.00243938
0.00243932
0.00243941
0.0024394
0.00243939
0.00243936
0.00243934
0.00243788
