0.2
0.00217417
0.00217295
0.00217416
0.00217295
0.00217413
0.00217417
0.00217414
0.00217295
0.00217419
0.00217416
0.00217295
0.00217295
0.00217416
0.00217413
0.00217295
0.00217295
0.00217413
0.00217421
0.00217415
0.00217414
0.00217417
0.00217407
0.00217412
0.00217415
0.00217295
0.00217412
0.00217412
0.00217413
0.0021741
0.00217415
0.00217413
0.00217414
0.00217414
0.00217414
0.00217411
0.00217418
0.00217415
0.00217419
0.00217414
0.0021741
0.00217414
0.00217414
0.00217418
0.00217295
0.00217414
0.0021741
0.00217413
0.00217413
0.00217414
0.00217295
0.00217411
0.00217415
0.00217295
0.00217295
0.00217416
0.00217415
0.00217295
0.00217415
0.00217411
0.00217412
0.0021742
0.00217414
0.00217416
0.00217411
0.00217415
0.00217415
0.00217416
0.00217409
0.00217417
0.00217417
0.00217414
0.00217419
0.00217419
0.00217409
0.00217415
0.00217413
0.00217415
0.00217411
0.00217412
0.00217413
0.00217411
0.00217416
0.00217413
0.00217417
0.00217412
0.00217415
0.00217412
0.0021741
0.00217415
0.00217414
0.00217413
0.00217416
0.0021741
0.00217415
0.00217417
0.00217413
0.00217414
0.00217413
0.00217416
0.00217295
0.00217411
0.00217415
0.00217413
0.00217295
0.00217413
0.00217415
0.00217413
0.00217414
0.00217413
0.00217415
0.00217415
0.00217417
0.00217412
0.00217412
0.00217295
0.00217419
0.00217415
0.00217412
0.00217295
0.00217295
0.00217413
0.00217416
0.00217421
0.00217415
0.00217414
0.00217412
0.00217409
0.00217295
0.00217413
0.00217295
0.00217412
0.0021741
0.00217295
0.00217415
0.00217419
0.00217416
0.00217411
0.00217411
0.00217411
0.00217417
0.00217413
0.00217416
0.00217295
0.00217419
0.00217418
0.0021741
0.00217412
0.00217418
0.00217413
0.00217295
0.00217295
0.00217418
0.00217415
0.00217412
0.00217411
0.00217413
0.00217411
0.00217412
0.00217416
0.00217415
0.00217421
0.00217413
0.0021741
0.00217415
0.00217413
0.00217412
0.00217415
0.00217411
0.00217412
0.00217415
0.0021741
0.00217295
0.00217417
0.00217411
0.00217408
0.00217411
0.00217295
0.00217411
0.0021742
0.00217412
0.00217295
0.00217416
0.00217295
0.00217416
0.00217411
0.00217412
0.00217295
0.00217295
0.00217414
0.00217414
0.00217417
0.0021741
0.00217415
0.00217413
0.00217295
0.00217415
0.00217413
0.00217413
0.0021741
0.00217406
0.0021741
0.00217409
0.00217415
0.0021741
0.00217414
0.0021741
0.00217295
0.00217417
0.0021742
0.00217295
0.00217418
0.00217415
0.00217413
0.00217415
0.00217295
0.00217417
0.00217413
0.00217415
0.00217413
0.00217415
0.00217295
0.0021741
0.00217414
0.00217413
0.00217413
0.00217414
0.00217418
0.00217295
0.00217413
0.00217413
0.00217416
0.00217295
0.00217411
0.00217414
0.00217415
0.00217412
0.00217295
0.00217413
0.00217417
0.00217295
0.00217414
0.00217409
0.00217414
0.00217412
0.00217408
0.00217412
0.00217295
0.00217295
0.00217415
0.00217414
0.00217414
0.00217409
0.00217411
0.00217415
0.00217408
0.00217415
0.00217295
0.00217415
0.00217415
0.00217416
0.00217411
0.00217416
0.00217417
0.0021741
0.00217413
0.00217295
0.00217418
0.00217295
0.00217415
0.00217409
0.00217295
0.00217413
0.00217412
0.00217415
0.00217415
0.00217409
0.00217412
0.00217414
0.00217418
0.00217413
0.00217415
0.00217409
0.00217295
0.00217413
0.00217414
0.00217412
0.0021741
0.0021741
0.00217295
0.00217295
0.00217413
0.00217411
0.00217295
0.0021742
0.00217411
0.00217413
0.00217419
0.0021741
0.00217295
0.00217409
0.0021741
0.00217411
0.00217419
0.00217411
0.00217295
0.00217415
0.00217295
0.00217414
0.00217418
0.0021741
0.00217411
0.00217409
0.00217295
0.00217295
0.00217417
0.00217413
0.00217416
0.00217295
0.00217295
0.00217413
0.0021741
0.0021741
0.00217295
0.00217411
0.00217417
0.00217411
0.00217415
0.00217412
0.00217412
0.00217413
0.00217414
0.00217415
0.00217417
0.0021741
0.00217295
0.00217414
0.00217409
0.00217411
0.00217412
0.00217413
0.00217415
0.00217295
0.00217411
0.00217412
0.00217295
0.00217295
0.00217414
0.00217408
0.00217295
0.00217419
0.00217413
0.00217295
0.00217414
0.00217417
0.00217413
0.00217416
0.00217415
0.00217415
0.00217417
0.00217418
0.00217415
0.0021741
0.00217418
0.00217295
0.00217295
0.00217409
0.00217412
0.00217419
0.00217411
0.00217416
0.00217413
0.00217295
0.00217412
0.00217408
0.00217412
0.00217416
0.00217415
0.00217295
0.00217416
0.00217414
0.00217295
0.00217415
0.00217295
0.00217415
0.00217413
0.0021741
0.00217295
0.00217295
0.00217415
0.00217295
0.00217416
0.00217417
0.00217411
0.00217415
0.00217415
0.00217413
0.00217412
0.00217295
0.00217409
0.00217417
0.00217415
0.00217413
0.00217413
0.00217295
0.00217414
0.00217411
0.00217414
0.00217295
0.00217412
0.00217295
0.00217415
0.00217295
0.00217295
0.00217295
0.00217414
0.00217419
0.00217415
0.0021741
0.00217295
0.00217415
0.0021741
0.00217414
0.00217295
0.00217411
0.00217415
0.0021741
0.00217417
0.00217415
0.00217415
0.00217411
0.00217421
0.00217412
0.00217418
0.00217415
0.00217295
0.00217411
0.00217417
0.00217295
0.00217295
0.00217413
0.00217411
0.00217407
0.00217415
0.00217414
0.00217412
0.00217416
0.00217414
0.00217419
0.00217411
0.00217416
0.00217421
0.00217295
0.00217414
0.00217295
0.0021742
0.00217413
0.00217416
0.00217415
0.00217408
0.00217295
