0.2
0.00204001
0.00204001
0.00204104
0.0020411
0.00204105
0.00204105
0.00204107
0.002041
0.00204107
0.00204103
0.00204106
0.00204103
0.00204105
0.00204001
0.00204105
0.00204101
0.00204105
0.00204001
0.00204109
0.00204001
0.00204001
0.00204104
0.00204106
0.00204001
0.00204104
0.00204105
0.00204001
0.00204102
0.00204104
0.00204104
0.00204106
0.00204106
0.00204107
0.00204001
0.00204103
0.00204106
0.00204001
0.00204103
0.00204001
0.00204105
0.00204109
0.00204105
0.00204108
0.00204103
0.00204107
0.00204104
0.00204104
0.00204107
0.00204105
0.00204104
0.00204001
0.00204104
0.00204001
0.00204001
0.00204105
0.00204104
0.00204104
0.00204103
0.00204107
0.00204106
0.00204001
0.00204001
0.00204104
0.00204107
0.00204104
0.00204106
0.00204106
0.00204107
0.00204105
0.00204104
0.00204104
0.00204001
0.00204106
0.00204001
0.00204001
0.00204001
0.00204102
0.00204001
0.00204001
0.00204001
0.00204105
0.00204105
0.00204105
0.00204107
0.00204105
0.00204106
0.00204104
0.00204104
0.00204105
0.00204106
0.00204001
0.00204107
0.00204106
0.00204102
0.00204001
0.00204108
0.00204109
0.00204001
0.00204108
0.00204106
0.00204109
0.00204102
0.00204104
0.00204102
0.00204105
0.00204001
0.00204109
0.00204103
0.00204108
0.00204108
0.00204104
0.00204104
0.00204105
0.00204104
0.00204107
0.00204104
0.00204105
0.00204108
0.00204105
0.00204107
0.00204107
0.00204106
0.00204107
0.00204104
0.00204107
0.00204108
0.00204108
0.0020411
0.00204109
0.00204106
0.00204108
0.00204104
0.00204107
0.00204108
0.00204105
0.00204104
0.00204001
0.00204103
0.00204105
0.00204101
0.00204001
0.00204105
0.00204105
0.00204001
0.00204001
0.00204104
0.00204103
0.00204101
0.00204103
0.00204108
0.00204107
0.00204105
0.00204108
0.00204106
0.00204001
0.00204106
0.00204104
0.00204102
0.00204102
0.00204001
0.00204106
0.00204001
0.00204101
0.00204107
0.00204104
0.00204102
0.00204107
0.00204106
0.00204001
0.00204106
0.00204105
0.00204001
0.00204104
0.002041
0.00204105
0.00204001
0.00204104
0.00204103
0.00204107
0.00204105
0.00204001
0.00204106
0.00204001
0.00204106
0.00204106
0.00204107
0.00204108
0.00204104
0.00204105
0.00204001
0.00204001
0.00204105
0.00204001
0.00204106
0.00204001
0.00204105
0.00204107
0.00204106
0.00204107
0.00204104
0.00204105
0.00204105
0.00204107
0.00204109
0.00204106
0.00204106
0.00204001
0.00204108
0.00204107
0.00204106
0.00204001
0.00204105
0.00204106
0.00204109
0.00204105
0.00204107
0.00204001
0.00204104
0.00204001
0.00204103
0.00204101
0.00204107
0.00204001
0.00204106
0.00204105
0.00204107
0.00204001
0.00204106
0.00204109
0.00204104
0.00204103
0.00204001
0.00204001
0.00204108
0.00204103
0.00204107
0.00204107
0.00204105
0.00204001
0.00204109
0.0020411
0.00204102
0.00204103
0.00204109
0.00204106
0.00204001
0.00204105
0.00204112
0.00204001
0.00204001
0.00204108
0.00204108
0.00204103
0.00204108
0.002041
0.00204106
0.00204001
0.00204106
0.00204001
0.00204106
0.00204105
0.00204103
0.00204107
0.00204001
0.00204108
0.00204108
0.00204001
0.00204104
0.00204001
0.00204001
0.00204001
0.00204001
0.002041
0.00204104
0.00204108
0.00204104
0.00204107
0.00204106
0.00204107
0.00204104
0.00204001
0.00204106
0.00204103
0.00204105
0.00204104
0.00204105
0.00204107
0.00204001
0.00204106
0.00204001
0.00204104
0.00204001
0.00204103
0.00204104
0.00204103
0.00204101
0.00204001
0.00204001
0.00204104
0.00204104
0.00204108
0.00204105
0.00204001
0.00204104
0.00204001
0.00204102
0.00204103
0.00204104
0.00204103
0.00204108
0.00204001
0.00204105
0.00204104
0.0020411
0.00204105
0.00204108
0.00204001
0.00204001
0.00204001
0.0020411
0.00204101
0.00204104
0.00204001
0.00204106
0.00204106
0.00204001
0.00204106
0.00204105
0.00204105
0.00204104
0.00204104
0.00204001
0.00204108
0.00204108
0.00204001
0.00204105
0.002041
0.00204104
0.00204101
0.00204101
0.00204102
0.00204001
0.00204102
0.00204107
0.00204104
0.00204105
0.00204106
0.00204104
0.00204101
0.00204107
0.00204001
0.00204001
0.00204109
0.00204106
0.00204001
0.00204106
0.00204104
0.00204108
0.00204001
0.00204109
0.00204105
0.00204105
0.00204106
0.00204105
0.00204105
0.00204107
0.00204108
0.00204104
0.00204104
0.00204108
0.00204104
0.00204001
0.00204107
0.00204001
0.00204105
0.00204001
0.00204106
0.00204102
0.00204106
0.00204107
0.00204001
0.00204106
0.00204109
0.00204106
0.00204108
0.00204001
0.00204107
0.00204102
0.00204107
0.00204103
0.00204001
0.00204104
0.00204105
0.00204106
0.00204001
0.00204107
0.00204106
0.00204102
0.00204107
0.00204104
0.00204105
0.00204105
0.00204108
0.00204108
0.00204105
0.00204106
0.00204106
0.00204001
0.00204102
0.00204105
0.00204102
0.00204103
0.00204109
0.00204104
0.00204001
0.00204001
0.00204104
0.00204104
0.00204105
0.00204001
0.00204107
0.00204107
0.00204107
0.00204105
0.00204001
0.00204103
0.00204001
0.00204109
0.00204103
0.00204001
0.00204001
0.00204101
0.00204107
0.00204103
0.00204001
0.00204107
0.00204105
0.00204001
0.00204108
0.00204001
0.00204001
0.00204102
0.00204108
0.00204001
0.00204104
0.00204105
0.00204105
0.00204108
0.00204102
0.00204106
0.00204103
0.00204104
0.00204106
0.00204107
0.00204001
0.00204103
0.00204001
0.00204104
0.00204104
0.00204107
0.00204102
0.00204109
0.00204108
0.00204108
0.00204104
0.00204107
0.00204001
0.00204001
0.00204106
0.00204107
0.00204106
0.00204001
0.00204001
0.00204108
0.0020411
0.00204104
0.00204107
0.00204104
0.00204105
0.00204108
0.00204104
0.00204099
0.00204102
0.00204105
0.00204107
0.00204103
0.00204105
0.00204105
0.00204104
0.00204001
