0.2
0.0123941
0.0127551
0.0125456
0.0125756
0.0124719
0.0125449
0.0126828
0.0123365
0.0126417
0.0122471
0.0123432
0.0126588
0.0125376
0.0124953
0.012904
0.0125869
0.0124117
0.0126994
0.012617
0.0124919
0.0123449
0.0124124
0.0127002
0.0124968
0.0124048
0.0126511
0.0127796
0.0124251
0.0124508
0.0126366
0.012427
0.0123432
0.012592
0.0127716
0.0126977
0.0124856
0.0126797
0.0122683
0.0123503
0.0127275
0.0124127
0.0124831
0.0124914
0.0128909
0.0124729
0.0126111
0.0126614
0.0125197
0.0124725
0.0126204
0.0125953
0.0126166
0.0124564
0.0128025
0.0126335
0.0121821
0.0124591
0.0123048
0.0126396
0.0123362
0.0127055
0.0128095
0.0125927
0.0123311
0.012288
0.0123525
0.0124415
0.0125354
0.0127346
0.0123723
0.0123862
0.012341
0.012406
0.0123869
0.0124258
0.0127212
0.0125717
0.0126223
0.0126667
0.0100601
