0.2
0.0143648
0.0142953
0.0144609
0.0142016
0.0144969
0.0143159
0.0141964
0.0144445
0.0140106
0.0143992
0.0144824
0.0142406
0.0146149
0.0144906
0.0143739
0.0144947
0.0143679
0.014452
0.0143175
0.0142653
0.0140015
0.0139025
0.0144063
0.013958
0.0142963
0.0145866
0.0142672
0.0140974
0.0143005
0.0141637
0.0142123
0.0143921
0.0145818
0.0144681
0.0142667
0.0143546
0.0146407
0.0144724
0.0141395
0.0143609
0.0143676
0.0144864
0.0140976
0.0143312
0.0143744
0.0141759
0.0141396
0.0143189
0.0144803
0.0144042
0.0144153
0.0144574
0.0144159
0.0140842
0.0143954
0.0142872
0.0145791
0.0145688
0.0145356
0.01407
0.014377
0.014525
0.0140473
0.0139061
0.0145742
0.0142595
0.0140303
0.0145135
0.0141273
0.0114997
