0.2
0.00422581
0.00417309
0.00418724
0.0041671
0.00415374
0.00411943
0.0041467
0.00416327
0.00419444
0.00417101
0.00418543
0.00418654
0.00421228
0.00416148
0.00419017
0.00418903
0.00421877
0.00419324
0.00417929
0.00415229
0.00421025
0.00418399
0.00419196
0.00416415
0.00416951
0.00417789
0.00417073
0.00412828
0.00424048
0.00413412
0.00419524
0.00416467
0.00418208
0.00423149
0.00420403
0.00414191
0.00415896
0.00419898
0.00416257
0.00416412
0.0041412
0.0041816
0.00417545
0.00419833
0.00416664
0.00414902
0.00416277
0.00415428
0.00418025
0.00416139
0.0041325
0.00418841
0.00415089
0.00418443
0.00416571
0.00422953
0.00415825
0.00420696
0.00416156
0.00415183
0.00419784
0.00413434
0.00423747
0.00411402
0.0041646
0.00414763
0.00417386
0.00418205
0.00418409
0.00415661
0.00421042
0.00418296
0.00417025
0.00417695
0.00415504
0.00418291
0.00422855
0.00425602
0.00410225
0.0041733
0.00417379
0.00420555
0.00419189
0.00418164
0.00414622
0.00416303
0.00419128
0.00417343
0.0042085
0.00413577
0.00414509
0.00419118
0.00417362
0.00414554
0.0041552
0.00415013
0.00416002
0.00420931
0.00420252
0.00416188
0.00416093
0.0041525
0.00416262
0.0041407
0.00419321
0.00417455
0.00417649
0.00419028
0.00416595
0.00422151
0.00420039
0.00418853
0.00416702
0.0042015
0.00419761
0.00418236
0.00415743
0.00416479
0.00416296
0.0041656
0.00412663
0.00416622
0.00419368
0.00419856
0.00417706
0.0041752
0.00417368
0.00416162
0.00415461
0.0041566
0.00418801
0.0041429
0.0042076
0.00420509
0.00412968
0.00422459
0.00417338
0.00415164
0.00413272
0.00413006
0.00418026
0.00418623
0.00413147
0.00409789
0.00412754
0.00411337
0.00411265
0.00420671
0.00420951
0.00420054
0.00417572
0.00416223
0.00418657
0.00413358
0.00419154
0.00412646
0.00420175
0.00418229
0.00415061
0.00414634
0.00415816
0.00411265
0.00414888
0.00414923
0.00419098
0.0041747
0.00411292
0.0041553
0.00415355
0.00415369
0.00419569
0.00419051
0.00414758
0.00415796
0.00416191
0.00412601
0.0042096
0.00415849
0.00418849
0.00415546
0.00423341
0.00412361
0.00416621
0.00413594
0.0041857
0.0041327
0.00418279
0.0042015
0.00420977
0.0042041
0.00414493
0.00418508
0.00415253
0.0041865
0.00412943
0.00413353
0.00418463
0.00413657
0.00413908
0.00416465
0.0041562
0.0041762
0.00415651
0.00413771
0.00413023
0.00422359
0.00416425
0.00416281
0.00422107
0.00416203
0.00411567
0.00415668
0.004165
0.00414806
0.00417797
0.00418477
0.00412845
0.00420655
0.0041908
0.00416454
0.00420904
0.00418315
0.0041518
0.00414471
0.00419214
0.00417505
0.00415765
0.00413766
0.00413909
0.00416054
0.00417372
0.00415439
0.00417063
0.00418455
0.00421304
0.00411419
0.00413397
0.00413563
0.00414065
0.00340171
