0.2
0.00357211
0.0035689
0.0035723
0.0035689
0.00357219
0.00357205
0.00357215
0.0035689
0.00357215
0.00357204
0.00357209
0.00357218
0.00357212
0.00357202
0.0035689
0.00357194
0.00357218
0.0035689
0.00357209
0.00357216
0.0035689
0.00357224
0.0035689
0.00357212
0.00357215
0.00357216
0.00357211
0.00357209
0.00357201
0.00357213
0.00357208
0.0035689
0.0035689
0.00357223
0.0035689
0.00357204
0.00357209
0.00357221
0.0035689
0.0035689
0.00357211
0.00357209
0.00357221
0.00357194
0.00357208
0.00357218
0.00357212
0.00357209
0.0035689
0.00357206
0.00357218
0.00357204
0.00357199
0.00357219
0.00357211
0.00357219
0.00357208
0.00357209
0.00357199
0.0035689
0.00357204
0.00357213
0.00357211
0.00357205
0.0035689
0.0035689
0.00357212
0.00357215
0.00357204
0.00357197
0.00357201
0.00357197
0.00357216
0.00357201
0.00357204
0.00357209
0.00357212
0.00357215
0.0035689
0.00357221
0.00357211
0.0035689
0.0035689
0.00357199
0.00357219
0.00357209
0.0035689
0.00357221
0.00357216
0.00357226
0.00357213
0.0035689
0.00357212
0.00357223
0.00357206
0.00357213
0.00357213
0.00357212
0.00357188
0.00357202
0.00357211
0.00357216
0.00357196
0.0035689
0.00357224
0.0035689
0.00357198
0.00357201
0.00357202
0.00357201
0.0035689
0.00357215
0.0035689
0.00357212
0.00357202
0.0035689
0.00357208
0.00357204
0.00357213
0.00357219
0.0035689
0.0035689
0.0035689
0.00357204
0.0035689
0.00357219
0.00357211
0.00357215
0.0035689
0.0035689
0.00357202
0.00357211
0.00357198
0.00357211
0.00357229
0.00357209
0.00357218
0.0035689
0.00357205
0.00357208
0.00357229
0.00357224
0.00357218
0.00357213
0.00357194
0.00357201
0.00357204
0.00357205
0.0035689
0.00357223
0.0035689
0.0035689
0.00357215
0.00357189
0.0035689
0.00357204
0.00357212
0.00357209
0.00357204
0.00357218
0.00357213
0.00357211
0.00357205
0.00357211
0.00357216
0.00357209
0.00357205
0.00357213
0.00357219
0.00357226
0.00357221
0.00357206
0.00357202
0.0035689
0.00357206
0.0035689
0.00357221
0.00357198
0.00357221
0.0035689
0.00357215
0.00357205
0.00357204
0.00357204
0.00357204
0.00357205
0.00357221
0.00357213
0.00357206
0.00357232
0.00357223
0.00357219
0.00357215
0.00357224
0.00357209
0.00357216
0.00357208
0.0035689
0.00357208
0.00357209
0.00357211
0.00357202
0.00357204
0.00357213
0.00357218
0.00357219
0.00357208
0.00357221
0.0035689
0.0035689
0.00357232
0.00357221
0.00357206
0.00357221
0.0035689
0.00357187
0.00357223
0.0035689
0.00357226
0.00357204
0.00357229
0.00357219
0.00357202
0.00357201
0.00357212
0.00357199
0.00357215
0.00357211
0.00357197
0.00357215
0.0035689
0.00357194
0.0035689
0.00357219
0.00357197
0.0035689
0.00357221
0.00357209
0.00357199
0.00357204
0.00357205
0.00357206
0.00357216
0.00357215
0.00357201
0.00357209
0.00357206
0.00357189
0.00357216
0.00357204
0.00357206
0.0035689
0.00357212
0.00357212
0.00357209
0.0035689
0.0035689
0.0035689
0.00357216
0.00357202
0.00357215
0.0035689
0.00357197
0.0035689
0.0035689
0.00357197
0.00357215
0.00357212
0.00357215
0.00357206
0.00357206
0.00357208
0.0035689
0.0035689
0.00357204
0.00357196
0.00357219
0.0035689
0.00357197
0.0035689
