0.2
0.00303075
0.00303077
0.00302848
0.00302848
0.00303074
0.00302848
0.00303076
0.00302848
0.00303073
0.00303086
0.00303089
0.00303088
0.00303073
0.00302848
0.00303075
0.00302848
0.00302848
0.00303088
0.00302848
0.00303081
0.00303081
0.00303083
0.00302848
0.0030307
0.00303081
0.00302848
0.00303075
0.00303072
0.00303077
0.00303078
0.0030307
0.00302848
0.00303071
0.00303076
0.00303075
0.0030307
0.00303072
0.00303094
0.00303082
0.0030309
0.00303078
0.0030308
0.00303072
0.00303077
0.00303087
0.00303072
0.00303074
0.00303076
0.00302848
0.00302848
0.00303079
0.00302848
0.00303086
0.00303066
0.00302848
0.00303074
0.00303076
0.0030308
0.00303094
0.00303078
0.00303085
0.00303075
0.00303075
0.00303078
0.00303084
0.00303077
0.00303081
0.0030308
0.00302848
0.0030307
0.00303076
0.00303076
0.00303072
0.00303076
0.00303077
0.0030308
0.00303079
0.00303081
0.00303079
0.00303074
0.00302848
0.00303078
0.00303075
0.00303079
0.00303092
0.00303083
0.00302848
0.00302848
0.00303078
0.00303088
0.00303075
0.00303082
0.00303089
0.00303075
0.00303088
0.0030307
0.00303076
0.00303082
0.00303069
0.00303078
0.00303087
0.00303072
0.00303084
0.00302848
0.00303074
0.00303077
0.00303084
0.00303066
0.00303086
0.00303077
0.00303075
0.00302848
0.0030308
0.0030308
0.00303077
0.00302848
0.00303082
0.00303084
0.00302848
0.00303073
0.00302848
0.00303078
0.00302848
0.00303075
0.0030308
0.00302848
0.0030307
0.00303085
0.0030308
0.00303082
0.00303086
0.00303072
0.00303074
0.00302848
0.00303078
0.00302848
0.00303075
0.00303085
0.00303088
0.00302848
0.00303075
0.00303075
0.00303097
0.00303087
0.00302848
0.00303083
0.00303083
0.00302848
0.00302848
0.00303082
0.00303075
0.0030308
0.00303078
0.00303075
0.00303082
0.00303068
0.00302848
0.00303085
0.00303074
0.00303067
0.00303091
0.00303083
0.00303074
0.00302848
0.00303071
0.00303087
0.00303072
0.00303071
0.00303084
0.00303078
0.00303083
0.00303073
0.00302848
0.00303065
0.00303075
0.00303088
0.0030307
0.00303082
0.00303085
0.00303082
0.00303076
0.00302848
0.00303081
0.00303081
0.00303086
0.00302848
0.0030307
0.00302848
0.00302848
0.00302848
0.00303073
0.00302848
0.00303078
0.00303085
0.00303075
0.00303078
0.00302848
0.00303069
0.00303077
0.00303081
0.00303073
0.00303083
0.00302848
0.00303073
0.00303072
0.00303075
0.0030308
0.00303074
0.00303082
0.00302848
0.00303075
0.00303079
0.00303082
0.0030308
0.00303082
0.0030308
0.00303074
0.00302848
0.00303087
0.00302848
0.00303095
0.00303068
0.00303085
0.00302848
0.00303082
0.0030308
0.00303094
0.00303077
0.00303091
0.00303073
0.0030307
0.00303081
0.00303078
0.00303072
0.00302848
0.00303087
0.00303072
0.00302848
0.00302848
0.00303102
0.00303079
0.00303075
0.00303079
0.00303074
0.00303075
0.00302848
0.00302848
0.00303065
0.00303073
0.00303071
0.00303072
0.00302848
0.00302848
0.00303075
0.00303078
0.00303076
0.00303086
0.00302848
0.00303086
0.00303074
0.00303087
0.00303083
0.00303069
0.00303073
0.0030307
0.00302848
0.00303069
0.0030308
0.00303073
0.00303079
0.00303068
0.0030309
0.00303075
0.00302848
0.00302848
0.00302848
0.0030307
0.00302848
0.0030308
0.00303075
0.00303076
0.0030307
0.00303076
0.00303073
0.00303071
0.0030307
0.00303074
0.00303082
0.00303075
0.00303078
0.0030309
0.00303083
0.00302848
0.00303074
0.00302848
0.00303079
0.0030308
0.00303082
0.00303071
0.00303082
0.00303073
0.00303079
0.00303077
0.0030307
0.00303082
0.00303081
0.00303084
0.00303074
0.00302848
0.00302848
0.00303079
0.00303083
0.00303074
0.00303086
0.0030307
0.00303076
0.00303084
0.00303081
0.00302848
0.00302848
0.00303087
0.00303072
0.00303086
0.00303076
0.00303078
0.00302848
0.00303097
0.00303078
0.00302848
0.00302848
