0.2
0.00322649
0.0032266
0.00322639
0.00322645
0.00322646
0.00322634
0.00322383
0.00322651
0.00322638
0.00322643
0.00322636
0.00322648
0.00322645
0.00322383
0.00322637
0.00322383
0.00322639
0.00322383
0.00322637
0.00322644
0.00322651
0.00322651
0.00322636
0.00322383
0.00322642
0.00322647
0.00322655
0.0032264
0.0032263
0.00322643
0.00322629
0.00322638
0.00322651
0.00322383
0.00322654
0.00322637
0.00322645
0.00322646
0.00322648
0.0032264
0.00322633
0.00322642
0.00322383
0.00322631
0.00322383
0.0032264
0.00322644
0.00322641
0.00322383
0.00322648
0.00322647
0.00322637
0.00322659
0.00322655
0.00322639
0.00322629
0.00322383
0.00322652
0.00322645
0.00322383
0.00322631
0.00322643
0.00322631
0.00322648
0.00322638
0.00322383
0.00322645
0.00322659
0.00322383
0.00322649
0.00322646
0.00322641
0.00322645
0.00322383
0.00322383
0.0032266
0.00322652
0.00322643
0.00322649
0.00322383
0.00322649
0.0032264
0.00322644
0.00322645
0.00322649
0.00322661
0.00322654
0.00322383
0.0032264
0.0032264
0.00322642
0.00322639
0.00322644
0.00322644
0.00322383
0.00322383
0.00322638
0.00322383
0.00322383
0.00322642
0.00322631
0.00322639
0.00322641
0.00322634
0.0032266
0.00322383
0.00322633
0.00322653
0.00322383
0.0032264
0.0032264
0.0032264
0.00322383
0.00322648
0.00322383
0.00322649
0.00322642
0.00322383
0.00322638
0.00322641
0.0032263
0.00322641
0.00322651
0.00322383
0.00322644
0.00322635
0.00322631
0.00322654
0.00322651
0.00322383
0.00322642
0.00322651
0.00322383
0.00322383
0.00322652
0.00322639
0.00322646
0.00322383
0.00322651
0.00322656
0.00322383
0.00322648
0.00322633
0.00322644
0.00322652
0.00322645
0.00322646
0.00322635
0.00322383
0.00322643
0.0032266
0.00322655
0.00322646
0.00322645
0.00322383
0.00322648
0.00322649
0.00322648
0.00322383
0.00322383
0.00322639
0.00322645
0.00322635
0.00322649
0.00322641
0.00322642
0.00322649
0.00322383
0.00322383
0.00322646
0.00322643
0.00322651
0.0032264
0.00322635
0.00322383
0.00322649
0.00322644
0.00322635
0.00322639
0.00322645
0.00322637
0.0032263
0.00322644
0.00322646
0.00322383
0.00322639
0.00322642
0.00322631
0.00322632
0.00322638
0.00322645
0.00322383
0.00322657
0.00322644
0.00322638
0.00322643
0.00322645
0.00322383
0.00322642
0.00322639
0.00322655
0.00322656
0.00322647
0.00322655
0.0032264
0.00322383
0.00322643
0.00322636
0.00322636
0.00322644
0.00322642
0.00322651
0.00322646
0.00322643
0.00322653
0.00322383
0.00322642
0.00322652
0.00322624
0.00322383
0.00322383
0.00322383
0.00322383
0.00322383
0.00322383
0.00322383
0.00322383
0.00322645
0.00322646
0.00322646
0.00322635
0.00322383
0.00322645
0.00322644
0.00322651
0.00322657
0.00322383
0.00322638
0.00322632
0.00322383
0.00322653
0.00322383
0.00322654
0.00322642
0.00322644
0.00322633
0.0032264
0.00322648
0.00322641
0.00322645
0.00322653
0.00322383
0.0032264
0.00322639
0.00322634
0.00322383
0.00322383
0.00322648
0.00322652
0.00322652
0.00322649
0.00322651
0.00322383
0.00322652
0.00322642
0.00322645
0.00322645
0.00322632
0.00322648
0.00322383
0.00322383
0.00322644
0.00322649
0.00322638
0.00322648
0.00322646
0.00322642
0.00322383
0.00322643
0.00322638
0.00322644
0.00322644
0.00322653
0.00322383
0.00322383
0.00322648
0.00322383
0.00322383
0.00322643
0.00322383
0.00322383
0.00322383
0.00322636
0.00322383
0.00322383
0.00322656
0.00322633
0.00322642
0.00322642
0.00322629
0.00322632
0.00322633
0.00322653
0.00322633
0.00322383
0.00322646
0.00322642
0.00322649
0.00322383
0.00322383
