0.2
0.00237986
0.00238127
0.00237986
0.00238123
0.00237986
0.00238129
0.00237986
0.00238122
0.00238133
0.00238128
0.00238127
0.00238127
0.00238133
0.00237986
0.00238127
0.00237986
0.00238129
0.00237986
0.00238128
0.00237986
0.00238125
0.00238126
0.00238129
0.0023813
0.0023813
0.00238135
0.00238126
0.0023813
0.00238131
0.00237986
0.00238129
0.00238132
0.00238129
0.00238128
0.00237986
0.00238134
0.00238132
0.00238129
0.00237986
0.00238125
0.00237986
0.00238127
0.00238135
0.00238126
0.00237986
0.00238123
0.00237986
0.00238132
0.00238135
0.00238127
0.00238123
0.0023813
0.00237986
0.00238132
0.00238126
0.00238128
0.00238126
0.00238129
0.0023813
0.00238134
0.00238129
0.00238128
0.00238125
0.00237986
0.00238122
0.00238126
0.00237986
0.00238126
0.00238128
0.0023813
0.00237986
0.00238124
0.00237986
0.00238125
0.00238129
0.00237986
0.00238131
0.00238135
0.00238124
0.00238128
0.00238132
0.00237986
0.00237986
0.00238128
0.00238125
0.00238135
0.00238129
0.00238139
0.00238129
0.00237986
0.00238129
0.0023812
0.00238129
0.00238133
0.00238132
0.00238124
0.00237986
0.00238132
0.00238124
0.00238131
0.00237986
0.00237986
0.00237986
0.00238131
0.00238131
0.00238127
0.00238126
0.00237986
0.00238129
0.00237986
0.00237986
0.00238129
0.00237986
0.00238124
0.0023813
0.00238128
0.0023813
0.00238126
0.00238129
0.00238129
0.00237986
0.00238123
0.00237986
0.00238129
0.00238124
0.00237986
0.00237986
0.00238129
0.00238131
0.00238131
0.00238126
0.00237986
0.00238122
0.00238128
0.00238125
0.00238129
0.00237986
0.00238124
0.00238131
0.00238123
0.0023813
0.00237986
0.00237986
0.00238134
0.00237986
0.00238127
0.00238127
0.0023813
0.00238131
0.00238131
0.00237986
0.00238127
0.0023812
0.00238126
0.00238129
0.00237986
0.00238121
0.00238123
0.00238122
0.00237986
0.00238129
0.00238125
0.00238123
0.00238129
0.00237986
0.00238126
0.00238126
0.00237986
0.0023813
0.00238131
0.00237986
0.0023813
0.00237986
0.00238134
0.00238125
0.00238128
0.00237986
0.00237986
0.00238133
0.0023813
0.00238132
0.00238129
0.00238128
0.00237986
0.00238136
0.00237986
0.00238126
0.00238131
0.00238129
0.00238129
0.00238132
0.00238122
0.00238129
0.00238132
0.00237986
0.00238124
0.00238126
0.0023813
0.00238125
0.00237986
0.00238131
0.00237986
0.00238124
0.0023813
0.00238125
0.00238126
0.00238126
0.00237986
0.00238132
0.00238128
0.00238129
0.00238121
0.00238134
0.00238128
0.00238128
0.00238129
0.00238126
0.00237986
0.00237986
0.00238132
0.00238129
0.00238126
0.0023813
0.00237986
0.00238131
0.00238129
0.00238124
0.00237986
0.00238123
0.00237986
0.00238126
0.00238133
0.00238126
0.00238123
0.00237986
0.00238128
0.00238134
0.00238127
0.00238123
0.00238132
0.00238132
0.00238137
0.00237986
0.00238127
0.00238128
0.00238128
0.00237986
0.00238127
0.00237986
0.00238129
0.00238128
0.0023813
0.00238132
0.00238131
0.0023813
0.00238126
0.00238123
0.00237986
0.00238129
0.00238129
0.00237986
0.00237986
0.0023813
0.00238133
0.00238125
0.00238132
0.00237986
0.00238127
0.00238131
0.00238132
0.00238126
0.00238129
0.00238132
0.00238126
0.00238136
0.0023812
0.00237986
0.00237986
0.00238127
0.00238134
0.00238132
0.0023813
0.00238125
0.00238125
0.00238126
0.00238127
0.00238128
0.00238129
0.00238127
0.00237986
0.00238125
0.00237986
0.00238127
0.00238127
0.00237986
0.00238131
0.00238134
0.00238132
0.0023813
0.00238127
0.00238127
0.00238125
0.00238131
0.00237986
0.00237986
0.00237986
0.00238127
0.00238127
0.00238127
0.00237986
0.00238129
0.00238126
0.00237986
0.00237986
0.00237986
0.00237986
0.00238126
0.00238128
0.00238133
0.00238129
0.00238132
0.00238131
0.0023813
0.00238132
0.00238126
0.00238126
0.00238131
0.00238129
0.00238129
0.00238131
0.00238129
0.00238132
0.00238132
0.00238129
0.00238127
0.00238132
0.00238136
0.00237986
0.00238137
0.00238126
0.00238123
0.00238137
0.00238124
0.00238128
0.00238132
0.00238128
0.00238129
0.00238129
0.00238129
0.00238127
0.00238124
0.00238125
0.00237986
0.00238132
0.00237986
0.00238132
0.00237986
0.00238128
0.00238132
0.00237986
0.00237986
0.0023813
0.00237986
0.00238123
0.00238132
0.0023813
0.00238132
0.00238127
0.00238131
0.00238131
0.00238125
0.00238128
0.00238129
0.00238132
0.00238129
0.00238126
0.0023813
0.00238133
0.00238125
0.00238129
0.00237986
0.00238125
0.00238126
0.00238133
0.00237986
0.00238119
0.00238123
0.00238127
0.00237986
0.00238126
0.00238124
0.00238126
0.00238131
0.00237986
0.00238125
0.00238131
0.0023813
0.00238126
0.00237986
0.00237986
0.00237986
0.00238121
0.00238126
0.00238128
0.00238129
0.00238127
0.00238134
0.00238129
0.00238126
0.00237986
0.00238122
0.00238129
0.00237986
0.00238129
0.00238126
0.00238136
0.00238129
0.0023813
0.00238123
0.00237986
