0.2
0.003334
0.0033337
0.00333386
0.00333109
0.00333109
0.00333109
0.0033339
0.0033339
0.00333394
0.00333394
0.00333378
0.00333378
0.00333396
0.00333109
0.00333381
0.00333376
0.00333383
0.00333386
0.0033338
0.00333388
0.00333399
0.00333381
0.00333392
0.00333382
0.00333109
0.00333404
0.00333373
0.00333404
0.00333109
0.00333379
0.00333392
0.00333408
0.00333388
0.00333109
0.00333385
0.00333109
0.00333398
0.00333383
0.00333382
0.0033338
0.00333401
0.00333387
0.00333395
0.00333109
0.00333109
0.00333377
0.00333398
0.00333399
0.00333386
0.00333109
0.00333109
0.00333109
0.00333386
0.00333392
0.00333382
0.00333378
0.00333409
0.00333396
0.00333389
0.00333382
0.00333387
0.00333377
0.00333382
0.00333387
0.00333393
0.00333109
0.00333109
0.00333109
0.00333392
0.0033339
0.00333404
0.00333401
0.00333109
0.00333369
0.00333109
0.00333109
0.00333392
0.0033339
0.00333404
0.00333377
0.00333385
0.00333109
0.00333379
0.00333382
0.00333373
0.003334
0.00333389
0.00333389
0.00333392
0.00333383
0.00333387
0.00333396
0.00333401
0.00333393
0.00333383
0.00333389
0.00333389
0.00333109
0.00333386
0.00333381
0.00333392
0.00333388
0.00333388
0.00333381
0.00333398
0.00333381
0.00333381
0.00333392
0.0033339
0.0033339
0.00333377
0.00333382
0.00333378
0.00333369
0.00333395
0.00333109
0.00333382
0.00333389
0.00333399
0.00333109
0.00333109
0.00333382
0.00333109
0.00333371
0.00333109
0.00333393
0.00333109
0.0033339
0.00333109
0.00333395
0.0033338
0.00333392
0.00333398
0.0033339
0.00333109
0.00333398
0.00333401
0.00333374
0.00333403
0.00333392
0.00333393
0.003334
0.00333389
0.00333381
0.00333385
0.00333381
0.00333382
0.00333385
0.00333401
0.00333392
0.00333379
0.00333389
0.00333379
0.00333392
0.00333389
0.00333109
0.00333382
0.00333388
0.00333109
0.00333109
0.00333109
0.00333109
0.00333381
0.00333382
0.00333109
0.00333109
0.00333109
0.00333386
0.00333375
0.00333386
0.00333394
0.00333376
0.00333109
0.00333388
0.00333385
0.00333378
0.00333382
0.00333392
0.00333378
0.00333386
0.0033338
0.00333109
0.00333393
0.00333109
0.00333109
0.00333388
0.00333389
0.00333389
0.00333381
0.0033339
0.00333109
0.00333382
0.00333381
0.00333389
0.00333405
0.00333385
0.0033339
0.00333109
0.00333374
0.00333109
0.00333386
0.00333392
0.00333385
0.00333379
0.00333392
0.00333392
0.00333392
0.00333379
0.00333388
0.00333387
0.00333382
0.00333109
0.00333109
0.00333109
0.00333109
0.00333392
0.00333393
0.00333393
0.00333376
0.00333394
0.0033339
0.00333385
0.00333396
0.00333109
0.00333392
0.00333386
0.00333387
0.00333395
0.00333389
0.00333398
0.00333378
0.0033339
0.00333109
0.00333379
0.00333109
0.00333387
0.00333109
0.0033338
0.00333394
0.00333408
0.00333389
0.00333398
0.00333411
0.0033339
0.003334
0.00333387
0.00333377
0.003334
0.00333394
0.00333395
0.00333393
0.00333404
0.00333386
0.00333383
0.00333396
0.00333386
0.00333109
0.00333405
0.00333389
0.00333395
0.00333396
0.00333379
0.00333387
0.00333387
0.00333381
0.00333394
0.00333393
0.00333109
0.00333377
0.00333401
0.00333413
0.00333383
0.00333385
0.00333378
0.00333385
0.00333381
0.00333109
0.00333378
0.00333401
0.00333392
0.003334
0.00333109
0.00333377
0.00333385
0.00333416
0.00333386
0.00333374
0.00333379
0.00333385
0.00333395
0.00333396
0.00333381
0.00333371
0.00333109
0.00333383
0.00333398
0.00333389
0.00333398
0.00333109
0.00333109
