0.2
0.00263012
0.00263187
0.00263179
0.00263185
0.00263185
0.00263181
0.00263177
0.00263184
0.00263187
0.00263184
0.00263186
0.00263183
0.00263178
0.00263012
0.00263184
0.00263012
0.0026319
0.00263187
0.00263012
0.00263188
0.0026318
0.00263185
0.00263189
0.00263191
0.00263191
0.00263183
0.0026319
0.0026319
0.00263185
0.00263191
0.00263181
0.00263183
0.00263184
0.00263189
0.00263012
0.00263182
0.00263188
0.00263186
0.00263179
0.00263185
0.00263178
0.00263186
0.00263179
0.00263181
0.00263194
0.0026318
0.00263178
0.00263184
0.00263187
0.00263189
0.00263185
0.00263183
0.00263191
0.00263012
0.00263189
0.00263188
0.00263012
0.00263012
0.00263012
0.00263194
0.00263012
0.00263195
0.00263192
0.00263193
0.00263188
0.00263012
0.00263184
0.00263012
0.0026318
0.00263012
0.00263012
0.00263188
0.00263181
0.00263189
0.00263012
0.002632
0.00263184
0.00263012
0.00263012
0.00263012
0.00263185
0.00263184
0.00263179
0.00263187
0.00263188
0.00263179
0.00263193
0.00263191
0.00263187
0.00263187
0.00263185
0.0026318
0.00263184
0.00263181
0.00263186
0.00263179
0.0026318
0.00263187
0.00263188
0.00263182
0.0026318
0.00263177
0.00263179
0.00263184
0.00263196
0.00263188
0.00263184
0.00263189
0.00263191
0.00263188
0.00263188
0.00263012
0.0026319
0.00263185
0.00263183
0.00263179
0.0026318
0.00263187
0.00263184
0.00263182
0.00263195
0.00263188
0.00263012
0.00263012
0.00263192
0.00263185
0.00263179
0.00263191
0.00263188
0.00263181
0.0026318
0.00263178
0.00263012
0.00263184
0.00263184
0.00263182
0.00263186
0.00263184
0.00263184
0.00263192
0.00263012
0.00263188
0.0026319
0.0026319
0.00263179
0.0026319
0.00263182
0.00263186
0.00263187
0.00263183
0.00263184
0.0026319
0.00263183
0.00263185
0.0026319
0.00263187
0.00263186
0.0026318
0.00263181
0.00263183
0.0026318
0.0026319
0.00263192
0.00263185
0.00263185
0.00263012
0.00263185
0.0026319
0.00263185
0.00263012
0.00263182
0.00263192
0.00263186
0.00263187
0.0026318
0.00263187
0.00263178
0.00263181
0.00263012
0.00263188
0.00263174
0.00263183
0.00263189
0.00263012
0.00263012
0.00263186
0.00263193
0.00263012
0.00263185
0.00263193
0.00263185
0.00263187
0.0026318
0.00263185
0.00263191
0.00263178
0.00263185
0.00263194
0.00263184
0.00263185
0.00263179
0.00263181
0.00263012
0.0026318
0.00263186
0.00263179
0.00263193
0.00263193
0.00263186
0.00263181
0.0026319
0.00263183
0.00263184
0.00263183
0.00263012
0.00263184
0.00263183
0.00263183
0.00263012
0.00263191
0.00263181
0.00263186
0.00263186
0.00263187
0.00263187
0.00263184
0.00263183
0.00263181
0.00263186
0.00263187
0.00263188
0.00263187
0.00263181
0.00263183
0.00263184
0.00263185
0.0026319
0.00263012
0.00263184
0.00263188
0.00263183
0.00263012
0.00263012
0.00263181
0.00263181
0.0026318
0.00263195
0.00263184
0.00263187
0.00263187
0.00263188
0.00263012
0.00263184
0.00263182
0.00263012
0.00263181
0.00263185
0.00263185
0.00263012
0.00263185
0.00263181
0.00263012
0.00263185
0.00263181
0.00263186
0.00263176
0.00263177
0.00263012
0.00263185
0.00263179
0.00263185
0.0026318
0.00263188
0.00263189
0.00263185
0.0026319
0.00263012
0.00263193
0.00263012
0.00263175
0.00263194
0.0026319
0.00263184
0.00263178
0.00263187
0.00263192
0.00263012
0.00263012
0.0026319
0.00263182
0.0026318
0.00263188
0.00263012
0.00263185
0.00263184
0.00263187
0.00263186
0.00263184
0.00263012
0.00263183
0.00263185
0.00263012
0.00263189
0.00263182
0.00263184
0.00263191
0.00263012
0.0026319
0.00263179
0.00263187
0.00263185
0.00263012
0.00263181
0.00263184
0.00263183
0.00263182
0.00263186
0.00263181
0.00263187
0.00263188
0.00263184
0.00263185
0.00263188
0.00263185
0.00263183
0.00263193
0.00263181
0.00263185
0.00263195
0.00263185
0.00263184
0.0026318
0.00263185
0.00263183
0.00263191
0.00263183
0.0026319
0.00263012
0.00263012
0.00263192
0.00263012
0.00263187
0.00263191
0.00263191
0.00263181
0.00263012
0.0026319
0.00263181
0.00263012
0.00263182
0.00263188
0.00263187
0.00263186
0.00263191
0.00263185
0.0026319
0.00263012
0.00263179
0.00263188
0.00263183
0.0026318
0.00263185
0.00263189
0.00263189
0.00263182
0.00263012
0.00263012
0.00263012
0.00263187
0.00263185
0.00263012
0.0026319
0.00263189
0.00263187
0.00263184
0.00263185
0.00263188
0.00263184
0.00263184
0.00263012
