0.2
0.00480768
0.00472597
0.00475849
0.00480545
0.00477236
0.00483534
0.00477097
0.00477145
0.00484601
0.00479552
0.00479953
0.00481722
0.00480566
0.00479418
0.0047606
0.00475471
0.00476526
0.00478608
0.00483921
0.00474829
0.00475834
0.00481795
0.00479255
0.00474646
0.00479947
0.00480932
0.00472401
0.00479111
0.00477424
0.00472803
0.00473524
0.00480912
0.00477521
0.0047609
0.00477738
0.00479486
0.0047333
0.00477981
0.00474333
0.0047846
0.00477652
0.0047749
0.00475603
0.00472132
0.00473726
0.00468464
0.00474369
0.00478914
0.00480255
0.0048168
0.00472174
0.00477717
0.00479245
0.0048012
0.00477549
0.00473607
0.00481055
0.00470296
0.0047931
0.00477608
0.00481627
0.00478041
0.00480054
0.00473685
0.00471139
0.00477916
0.00477813
0.00471878
0.0047178
0.00479722
0.00478903
0.00478982
0.0048129
0.00477861
0.00473155
0.004769
0.00476324
0.00476377
0.00478075
0.00476674
0.00474806
0.00476233
0.00475373
0.00474938
0.004792
0.0047673
0.00474021
0.00477229
0.00475381
0.00478748
0.00479597
0.0047894
0.00478348
0.00477149
0.00476262
0.00478561
0.00474363
0.00480554
0.00472571
0.00477565
0.0048403
0.00476919
0.00482668
0.00476336
0.00478811
0.00480645
0.00474565
0.0047812
0.00471858
0.00480347
0.00480241
0.00470323
0.00474961
0.00471688
0.00477359
0.00468801
0.00477525
0.00483405
0.0047326
0.00474689
0.00478731
0.00478073
0.00472497
0.0047453
0.00477782
0.00479432
0.00475859
0.00472426
0.00472151
0.00480594
0.00475359
0.00480388
0.00473762
0.00475309
0.00475254
0.00478921
0.00472359
0.00473714
0.00473731
0.00474266
0.00480272
0.00476195
0.0047537
0.0047975
0.0046975
0.0047584
0.00470412
0.00479361
0.00478072
0.00472045
0.00477302
0.00470087
0.00474469
0.00472778
0.00476336
0.00477486
0.00476486
0.00479458
0.00478941
0.00475053
0.00480616
0.00468894
0.00475349
0.00473058
0.00478865
0.00475719
0.00476014
0.00479145
0.00475058
0.00480797
0.00477795
0.00476711
0.00477032
0.00473561
0.00483874
0.004779
0.00471256
0.00473787
0.00476492
0.00465018
0.00472692
0.00470189
0.00478753
0.00473995
0.00477027
0.00479904
0.00476577
0.00476041
0.00477061
0.0048154
0.00469503
0.00477855
0.00472271
0.00473618
0.0047676
0.00475517
0.00472799
0.00473965
0.00475678
0.00479294
0.00472011
0.00473637
0.0047536
0.0047925
0.00478954
0.00482221
0.00483015
0.00474429
0.00480066
0.00382681
