0.2
0.0040135
0.00398097
0.003996
0.00398072
0.00401355
0.00396719
0.00399692
0.0040141
0.00401207
0.00400428
0.00401597
0.00400611
0.00399142
0.00400031
0.0040088
0.00401353
0.00400037
0.00401238
0.00398734
0.00398404
0.00397483
0.0040042
0.00401196
0.00400346
0.00402128
0.0040129
0.00397772
0.00399946
0.00400384
0.00403637
0.00401343
0.00398304
0.00400392
0.0040205
0.00400361
0.00401222
0.00401988
0.00402436
0.00402395
0.00404536
0.00400778
0.0039794
0.00399551
0.00401118
0.00398576
0.00401895
0.00400292
0.00400721
0.00401591
0.00401153
0.00398914
0.00400679
0.00402331
0.00399884
0.00402767
0.00400254
0.00401382
0.00397358
0.00400946
0.00397757
0.00401545
0.0040238
0.00403126
0.00401114
0.00397316
0.00399516
0.00400583
0.0040153
0.00399439
0.00399804
0.00404355
0.00401519
0.00401415
0.00399411
0.00398506
0.00399749
0.00402283
0.00401434
0.00405146
0.00402631
0.00400152
0.00401421
0.00399807
0.0040148
0.00400577
0.00398921
0.00398563
0.00395988
0.00402126
0.00401925
0.00397558
0.00401014
0.00400232
0.00398886
0.00400999
0.00398424
0.00396335
0.00399578
0.00401762
0.00400939
0.00399587
0.00398734
0.00393426
0.00398012
0.0040012
0.00398081
0.00402564
0.00397579
0.00398032
0.00398859
0.00399658
0.00398164
0.00401009
0.00404299
0.00399658
0.00400498
0.00401337
0.00396743
0.00398744
0.0039797
0.0039898
0.0040052
0.00402143
0.00401703
0.00400089
0.00398813
0.00398898
0.00399221
0.00401714
0.0040001
0.0039964
0.00400564
0.00399153
0.00400852
0.00397913
0.00399274
0.00397476
0.0039923
0.00400055
0.00399295
0.00398836
0.00398551
0.00403501
0.00396988
0.00400817
0.00399699
0.00399654
0.00398711
0.00397793
0.0039877
0.0040134
0.00400418
0.00398292
0.00400393
0.00400748
0.00399993
0.00400888
0.00395036
0.0039662
0.0039744
0.00398667
0.00396878
0.00397059
0.00400392
0.00399565
0.00400356
0.00399222
0.00402892
0.00400177
0.00399979
0.00400356
0.00403375
0.00400087
0.00400769
0.00402916
0.0040295
0.00401627
0.0039829
0.00402183
0.00402946
0.00398333
0.00400924
0.00399468
0.00399007
0.00402867
0.00400866
0.00399933
0.00396475
0.00398264
0.00401173
0.00401919
0.00397388
0.00400034
0.00400214
0.00401705
0.00403354
0.00400828
0.0040207
0.00401401
0.0039828
0.00399976
0.00401892
0.00403736
0.00402057
0.00400065
0.00399152
0.00401344
0.00401165
0.00398168
0.00403776
0.00400408
0.00402488
0.00398174
0.00399953
0.00397485
0.00402572
0.00402056
0.00401655
0.00402874
0.00399074
0.00399885
0.00403384
0.00399534
0.00394383
0.00400596
0.00401494
0.00399833
0.0039824
0.00397368
0.00396882
0.00402564
0.00402019
0.00397952
0.00397901
0.00398233
0.00397341
0.0040149
0.00401123
0.00402975
0.00399575
0.00399424
0.00401656
0.0039824
0.00400804
0.00399143
0.00404549
0.00397702
0.00403695
0.00404599
0.0035608
