0.2
0.00270312
0.00270309
0.0027032
0.0027031
0.00270315
0.00270318
0.00270327
0.00270133
0.00270322
0.0027032
0.00270316
0.00270315
0.00270133
0.00270313
0.00270315
0.00270312
0.00270133
0.00270133
0.00270133
0.00270316
0.0027032
0.00270324
0.0027031
0.00270133
0.00270317
0.00270314
0.0027032
0.00270133
0.00270133
0.00270315
0.0027031
0.00270133
0.0027031
0.00270312
0.00270317
0.00270133
0.00270315
0.00270312
0.00270316
0.00270318
0.00270311
0.00270306
0.00270315
0.00270313
0.00270314
0.0027032
0.00270133
0.00270323
0.00270319
0.00270309
0.00270308
0.00270133
0.00270316
0.0027032
0.00270133
0.00270133
0.00270314
0.00270311
0.0027032
0.00270133
0.00270133
0.00270322
0.0027031
0.00270306
0.00270316
0.00270317
0.00270133
0.00270322
0.00270324
0.00270315
0.00270312
0.00270315
0.00270314
0.0027032
0.00270133
0.00270324
0.00270133
0.00270316
0.00270316
0.00270133
0.00270326
0.00270307
0.00270133
0.00270316
0.00270309
0.00270313
0.00270133
0.00270314
0.00270133
0.00270308
0.00270313
0.00270313
0.0027031
0.00270316
0.00270312
0.00270318
0.00270312
0.00270324
0.00270322
0.00270318
0.00270314
0.00270318
0.00270133
0.00270318
0.00270317
0.00270315
0.00270311
0.00270316
0.00270313
0.00270316
0.00270319
0.00270324
0.00270316
0.00270314
0.00270133
0.00270315
0.00270312
0.00270312
0.00270133
0.00270313
0.0027032
0.00270307
0.00270311
0.00270133
0.00270315
0.00270318
0.00270316
0.00270319
0.00270306
0.00270133
0.00270312
0.00270315
0.00270319
0.00270133
0.00270323
0.00270322
0.00270308
0.00270133
0.00270313
0.00270133
0.0027031
0.00270133
0.00270313
0.0027031
0.00270318
0.00270315
0.0027032
0.00270316
0.00270133
0.0027031
0.00270312
0.00270331
0.00270312
0.00270133
0.00270133
0.00270133
0.00270314
0.00270319
0.00270313
0.00270312
0.0027031
0.00270315
0.00270315
0.00270133
0.00270312
0.0027032
0.00270314
0.00270312
0.00270321
0.00270323
0.00270316
0.00270325
0.00270314
0.00270318
0.0027031
0.0027031
0.00270324
0.00270319
0.00270317
0.00270324
0.00270319
0.00270317
0.00270322
0.00270133
0.00270312
0.00270321
0.0027031
0.00270322
0.00270317
0.00270133
0.00270315
0.00270307
0.00270133
0.00270133
0.00270312
0.0027031
0.00270314
0.00270133
0.00270316
0.00270316
0.00270322
0.00270319
0.00270317
0.00270316
0.00270133
0.00270315
0.00270133
0.00270309
0.0027032
0.00270313
0.0027031
0.0027031
0.00270316
0.00270319
0.00270133
0.00270133
0.00270328
0.0027032
0.00270324
0.00270318
0.00270313
0.00270312
0.00270322
0.00270133
0.00270312
0.00270313
0.00270322
0.00270133
0.00270329
0.00270321
0.00270313
0.00270133
0.00270133
0.00270312
0.00270133
0.00270133
0.00270133
0.00270133
0.00270313
0.00270318
0.00270317
0.0027031
0.0027032
0.00270318
0.00270312
0.00270309
0.00270313
0.00270322
0.00270315
0.00270133
0.00270315
0.0027031
0.00270133
0.00270318
0.00270133
0.00270133
0.00270133
0.00270312
0.00270327
0.00270322
0.00270312
0.0027031
0.00270133
0.00270303
0.0027031
0.00270314
0.00270133
0.00270133
0.00270318
0.00270133
0.00270318
0.00270133
0.00270323
0.00270314
0.00270133
0.00270133
0.0027032
0.00270324
0.00270133
0.0027032
0.0027031
0.00270312
0.0027031
0.00270316
0.00270311
0.00270319
0.00270133
0.00270319
0.00270133
0.00270133
0.00270313
0.00270316
0.00270314
0.00270323
0.00270313
0.00270315
0.00270316
0.00270133
0.00270315
0.00270311
0.00270316
0.00270133
0.00270133
0.00270133
0.00270133
0.00270133
0.0027032
0.00270316
0.00270321
0.00270324
0.00270318
0.00270314
0.00270311
0.00270309
0.00270319
0.00270133
0.00270326
0.00270313
0.00270322
0.00270321
0.0027032
0.00270312
0.00270308
0.00270133
0.00270312
0.00270133
0.00270133
0.00270133
0.00270311
0.00270133
0.00270325
0.00270318
0.00270318
0.00270133
0.00270133
0.00270311
0.00270313
0.00270324
0.00270319
0.00270315
0.00270316
0.00270318
0.00270314
0.00270316
0.00270318
0.00270311
0.00270309
0.00270318
0.00270316
0.00270313
0.00270316
0.00270133
0.00270133
0.00270133
0.00270133
0.00270307
0.00270313
0.0027032
0.00270322
0.00270321
0.00270133
0.00270318
0.00270319
0.00270133
0.00270318
0.00270319
0.00270313
0.00270322
0.00270133
0.00270133
