0.2
0.00565411
0.00561388
0.00555931
0.00559047
0.00552846
0.00563012
0.00561194
0.005584
0.00551833
0.00546242
0.0056078
0.00556236
0.00550155
0.00562804
0.00560418
0.00555806
0.0055892
0.00555624
0.00555817
0.00553973
0.00560309
0.00559449
0.00564199
0.00565089
0.0055036
0.00554408
0.00555011
0.00556145
0.00555393
0.00558643
0.00559306
0.0055443
0.00551052
0.00554273
0.00547656
0.00554999
0.00556102
0.00552239
0.00562577
0.0055409
0.00555111
0.00555058
0.00553022
0.00559859
0.00558093
0.00558292
0.00559188
0.00562991
0.00553242
0.00547577
0.00552339
0.00559849
0.00556531
0.00558042
0.00557273
0.0055996
0.00558683
0.00549852
0.00551987
0.00554576
0.00558785
0.00555327
0.00557992
0.00554516
0.00558016
0.00554452
0.00556301
0.00558043
0.00564228
0.00548864
0.00561057
0.00558936
0.0055735
0.00553621
0.00550163
0.00558366
0.0055645
0.0055816
0.0055085
0.00556564
0.00558623
0.00559162
0.0055611
0.0055101
0.0054605
0.00557521
0.00557355
0.00556177
0.00558312
0.00558223
0.00551103
0.00561461
0.00557033
0.00557248
0.00551535
0.00564722
0.00552618
0.00556207
0.00561011
0.00565584
0.00554503
0.00554282
0.00553652
0.00558261
0.00554367
0.00551377
0.00563654
0.00555533
0.00569952
0.00555257
0.00556663
0.0055396
0.00552668
0.00552022
0.00553978
0.00550934
0.00552131
0.00562593
0.00551352
0.00558972
0.00562023
0.00550567
0.00558539
0.00546085
0.00557664
0.0054761
0.00560539
0.00560286
0.00556301
0.00546679
0.00553775
0.0055294
0.00558621
0.00553907
0.00549968
0.0055684
0.00557858
0.00560596
0.00552863
0.00556512
0.00562032
0.00558162
0.00556309
0.00547813
0.00549461
0.00557633
0.0055839
0.00557878
0.00551639
0.00554512
0.00550778
0.00562499
0.00561382
0.00550087
0.00555441
0.00558178
0.00557795
0.00559087
0.00551457
0.00558534
0.00558525
0.00556017
0.00562746
0.00548167
0.00552694
0.00553607
0.00556255
0.00553124
0.005522
0.00560998
0.00553219
0.00560841
0.0055561
0.00555564
0.00557315
0.00553375
0.00557671
0.00555324
0.00556672
0.00446526
