0.2
0.0029395
0.00294163
0.00294167
0.00294155
0.0029417
0.0029395
0.0029416
0.00294164
0.0029395
0.00294163
0.0029416
0.00294167
0.00294159
0.00294163
0.0029395
0.0029416
0.00294155
0.0029395
0.00294163
0.0029395
0.00294167
0.00294166
0.0029417
0.00294174
0.00294168
0.00294162
0.0029395
0.00294167
0.0029395
0.00294151
0.0029416
0.0029395
0.00294171
0.00294167
0.00294164
0.00294163
0.00294171
0.00294162
0.0029395
0.0029417
0.00294175
0.00294167
0.0029395
0.0029395
0.00294167
0.00294175
0.00294168
0.00294151
0.0029395
0.00294159
0.00294172
0.00294167
0.00294172
0.0029395
0.00294171
0.0029395
0.00294153
0.0029395
0.00294168
0.0029395
0.00294169
0.00294173
0.00294164
0.00294173
0.00294167
0.00294157
0.00294163
0.0029395
0.00294159
0.0029395
0.00294165
0.0029395
0.0029395
0.00294161
0.00294168
0.0029395
0.00294162
0.00294176
0.0029395
0.00294168
0.00294177
0.0029395
0.0029416
0.00294173
0.00294167
0.00294164
0.00294162
0.00294171
0.0029395
0.00294165
0.00294172
0.00294172
0.00294159
0.00294167
0.00294178
0.00294164
0.0029395
0.00294163
0.00294167
0.00294187
0.00294179
0.00294171
0.0029395
0.00294163
0.00294169
0.00294161
0.00294165
0.00294169
0.00294166
0.00294173
0.00294177
0.00294167
0.0029395
0.0029395
0.00294173
0.00294168
0.00294153
0.00294171
0.00294164
0.00294173
0.00294167
0.00294171
0.00294167
0.00294166
0.00294165
0.00294162
0.00294163
0.00294169
0.00294162
0.00294165
0.00294167
0.0029416
0.0029418
0.0029395
0.00294174
0.0029395
0.00294173
0.0029417
0.00294171
0.00294166
0.0029395
0.00294177
0.00294171
0.00294185
0.00294159
0.0029416
0.0029395
0.0029395
0.00294171
0.00294167
0.00294167
0.0029395
0.0029395
0.00294168
0.00294174
0.0029416
0.00294169
0.00294163
0.00294167
0.0029395
0.0029395
0.0029417
0.00294169
0.00294171
0.00294169
0.0029395
0.00294172
0.00294172
0.0029395
0.00294171
0.0029395
0.0029395
0.00294173
0.00294164
0.0029395
0.00294171
0.0029416
0.00294166
0.00294172
0.00294167
0.00294171
0.00294163
0.00294163
0.00294168
0.00294163
0.00294167
0.00294171
0.00294163
0.00294171
0.00294165
0.00294166
0.00294158
0.00294169
0.0029417
0.00294167
0.00294171
0.00294163
0.0029395
0.0029395
0.0029416
0.00294159
0.00294168
0.00294163
0.00294167
0.00294165
0.00294171
0.00294175
0.0029395
0.0029395
0.0029395
0.00294168
0.00294164
0.00294169
0.0029395
0.00294165
0.00294158
0.00294167
0.00294167
0.00294168
0.00294174
0.0029417
0.0029395
0.0029417
0.00294166
0.00294161
0.00294175
0.0029416
0.00294165
0.0029395
0.00294177
0.0029395
0.00294176
0.0029395
0.00294163
0.00294167
0.0029417
0.0029395
0.00294169
0.00294167
0.00294166
0.0029417
0.00294162
0.00294158
0.00294171
0.0029418
0.00294168
0.00294163
0.00294173
0.0029395
0.0029417
0.00294178
0.00294173
0.00294163
0.0029395
0.0029417
0.00294168
0.0029395
0.00294169
0.00294176
0.00294177
0.0029395
0.0029395
0.00294162
0.0029395
0.00294164
0.00294177
0.0029416
0.00294162
0.00294174
0.00294173
0.00294168
0.00294163
0.0029395
0.00294182
0.0029395
0.00294166
0.00294176
0.00294168
0.00294173
0.00294174
0.00294176
0.00294157
0.0029395
0.00294166
0.00294182
0.00294175
0.0029395
0.00294172
0.00294163
0.00294168
0.00294166
0.00294175
0.0029416
0.00294167
0.0029417
0.00294175
0.00294162
0.00294167
0.00294172
0.0029395
0.0029395
0.00294173
0.00294158
0.00294171
0.00294172
0.00294167
0.0029418
0.00294185
0.00294176
0.0029395
0.0029395
0.0029395
0.0029395
0.00294173
0.0029395
0.0029395
0.00294159
0.00294166
0.00294163
0.0029395
0.00294163
0.00294171
0.0029395
0.00294167
0.0029395
0.00294163
0.00294171
0.00294168
0.0029395
0.00294164
0.00294165
0.00294174
0.00294163
0.00294166
0.00294161
0.00294172
0.00294152
0.0029395
0.00294164
0.0029395
