0.2
0.00232591
0.00232583
0.00232587
0.00232451
0.00232584
0.00232591
0.00232587
0.00232583
0.0023259
0.00232451
0.00232585
0.00232583
0.00232451
0.00232451
0.00232587
0.00232582
0.00232588
0.00232587
0.00232583
0.00232451
0.00232587
0.00232585
0.00232586
0.00232586
0.00232451
0.00232592
0.00232591
0.00232585
0.00232451
0.00232451
0.00232586
0.00232589
0.00232451
0.00232589
0.00232591
0.00232585
0.00232584
0.00232589
0.00232585
0.00232587
0.00232589
0.00232586
0.00232589
0.00232588
0.00232587
0.00232451
0.00232451
0.00232451
0.00232586
0.00232587
0.00232584
0.00232585
0.00232587
0.00232585
0.00232451
0.00232451
0.00232584
0.00232583
0.00232583
0.00232589
0.00232589
0.00232451
0.00232589
0.00232451
0.00232589
0.00232586
0.00232583
0.00232585
0.00232451
0.00232584
0.0023259
0.00232593
0.00232592
0.00232451
0.00232586
0.00232585
0.00232591
0.00232587
0.00232588
0.00232583
0.00232451
0.0023258
0.00232587
0.00232451
0.00232586
0.00232592
0.00232591
0.00232588
0.0023258
0.00232451
0.00232584
0.00232589
0.00232585
0.00232451
0.00232584
0.00232589
0.00232451
0.00232585
0.00232451
0.00232584
0.00232584
0.00232451
0.00232587
0.00232593
0.00232593
0.00232451
0.00232451
0.00232587
0.00232451
0.00232588
0.00232451
0.00232583
0.00232584
0.00232581
0.00232588
0.00232451
0.00232585
0.00232589
0.00232588
0.00232585
0.00232451
0.00232587
0.00232588
0.00232583
0.00232586
0.00232582
0.00232591
0.0023259
0.00232451
0.00232594
0.00232586
0.00232451
0.00232585
0.00232451
0.00232591
0.00232451
0.00232587
0.00232588
0.00232588
0.00232451
0.00232591
0.00232588
0.00232451
0.00232583
0.00232591
0.00232451
0.00232586
0.00232451
0.00232451
0.00232451
0.00232586
0.00232451
0.00232451
0.00232589
0.00232596
0.00232578
0.00232586
0.00232585
0.0023259
0.00232589
0.00232584
0.00232587
0.00232587
0.00232451
0.00232451
0.0023259
0.00232586
0.00232584
0.00232587
0.00232585
0.00232585
0.00232587
0.00232451
0.00232451
0.00232588
0.0023258
0.00232586
0.00232587
0.00232581
0.00232583
0.0023259
0.00232451
0.00232451
0.00232451
0.0023259
0.00232451
0.00232593
0.0023259
0.00232451
0.00232451
0.00232589
0.00232584
0.00232451
0.00232583
0.00232585
0.00232584
0.00232583
0.00232451
0.00232589
0.00232586
0.00232586
0.00232587
0.00232451
0.00232593
0.00232585
0.00232451
0.00232587
0.00232594
0.00232586
0.00232585
0.00232585
0.00232588
0.00232589
0.00232581
0.0023258
0.00232583
0.00232589
0.00232451
0.00232587
0.00232451
0.00232451
0.00232581
0.00232451
0.00232451
0.00232451
0.00232584
0.00232591
0.00232585
0.00232583
0.00232589
0.00232588
0.00232589
0.00232587
0.00232589
0.00232451
0.00232587
0.00232582
0.00232591
0.00232585
0.00232589
0.00232578
0.00232586
0.00232588
0.00232587
0.00232585
0.00232589
0.00232583
0.0023259
0.00232589
0.00232583
0.00232582
0.00232451
0.00232451
0.0023259
0.00232587
0.00232587
0.00232584
0.00232581
0.00232583
0.00232451
0.00232585
0.00232451
0.00232583
0.00232588
0.00232586
0.00232587
0.00232451
0.00232589
0.00232587
0.00232585
0.00232593
0.00232591
0.00232584
0.00232588
0.00232581
0.00232587
0.00232586
0.00232584
0.00232583
0.00232584
0.00232451
0.00232587
0.00232585
0.00232591
0.00232585
0.0023259
0.00232451
0.00232583
0.00232585
0.00232587
0.00232594
0.00232585
0.00232591
0.00232589
0.00232588
0.00232587
0.00232586
0.00232586
0.00232588
0.00232587
0.00232584
0.00232451
0.00232585
0.00232587
0.00232451
0.00232585
0.00232589
0.00232587
0.00232582
0.00232585
0.00232582
0.0023259
0.00232587
0.00232587
0.00232451
0.00232578
0.00232583
0.00232589
0.00232585
0.00232451
0.00232586
0.00232586
0.00232585
0.00232583
0.0023258
0.0023259
0.00232588
0.00232451
0.00232585
0.00232583
0.00232585
0.00232583
0.00232588
0.00232586
0.00232585
0.00232593
0.00232585
0.00232587
0.00232585
0.00232451
0.00232589
0.00232586
0.00232451
0.00232451
0.00232586
0.00232582
0.00232585
0.00232582
0.00232451
0.00232588
0.0023259
0.00232591
0.00232587
0.00232584
0.00232593
0.00232589
0.00232586
0.00232451
0.00232585
0.00232583
0.00232585
0.00232586
0.00232583
0.00232587
0.00232598
0.00232586
0.0023259
0.00232587
0.00232587
0.00232592
0.00232451
0.00232589
0.00232589
0.00232587
0.00232585
0.00232583
0.00232588
0.00232587
0.00232588
0.00232584
0.00232591
0.00232591
0.00232592
0.00232451
0.00232585
0.00232451
0.0023259
0.00232583
0.00232586
0.00232586
0.00232585
0.00232584
0.00232584
0.00232586
0.00232587
0.00232451
0.00232588
0.00232451
0.00232592
0.00232585
0.00232591
0.00232583
0.00232582
0.00232582
0.00232585
0.00232584
0.00232587
0.00232585
0.00232587
0.00232587
0.00232588
0.00232583
0.00232585
0.00232594
0.00232585
0.00232451
0.00232587
0.0023259
0.00232588
0.00232584
0.00232587
0.00232587
0.00232588
0.0023259
0.00232451
0.0023258
0.00232587
0.00232451
0.00232587
0.00232451
