0.2
0.0192731
0.0206063
0.0207443
0.0197996
0.0198429
0.0204901
0.0191994
0.0207255
0.0199218
0.0199386
0.0205355
0.0201634
0.0191573
0.0195358
0.0222834
0.0215599
0.0201027
0.0195066
0.0194139
0.0201682
0.0206618
0.0205308
0.0207367
0.0198592
0.0211484
0.0200183
0.0190103
0.0211215
0.020559
0.0193907
0.0193248
0.0199175
0.0204612
0.0193815
0.0200469
0.0213297
0.0202564
0.019755
0.0192122
0.0196732
0.0205269
0.0201144
0.0194803
0.0200498
0.0191363
0.0212755
0.0195834
0.0191229
0.0191189
0.0162281
