0.2
0.0198322
0.0197296
0.0205408
0.0199405
0.0204378
0.0199229
0.0201516
0.0194863
0.020316
0.0204392
0.0200093
0.0205295
0.0200219
0.0203362
0.0197142
0.0200505
0.0197638
0.0200505
0.0201661
0.0201173
0.0204404
0.0205059
0.020542
0.0199633
0.0193175
0.0199886
0.0200794
0.0200304
0.0202473
0.0197026
0.0192432
0.0209937
0.0203929
0.019661
0.0197992
0.0208545
0.0205089
0.0203288
0.0204259
0.0206336
0.0192473
0.0200704
0.0200264
0.0198964
0.0203618
0.0197539
0.0198641
0.020025
0.0193921
0.0161472
