0.8
0.00224647
0.00216439
0.00223306
0.00216235
0.00230199
0.0021718
0.00224948
0.00232436
0.00213731
0.00212964
0.00227598
0.00227465
0.0020485
0.00231662
0.00215619
0.0021979
0.00216363
0.00214466
0.00230599
0.00227626
0.00220595
0.00229606
0.00218391
0.00223207
0.00228029
0.00215081
0.00229619
0.00225313
0.00222185
0.00224499
0.00222541
0.00238641
0.00228619
0.00216515
0.00220091
0.00218416
0.00221055
0.00227375
0.00217061
0.00210765
0.00224411
0.00225383
0.00217716
0.00221603
0.00223453
0.00217378
0.00219245
0.00208503
0.00209818
0.002171
0.00222855
0.00226341
0.00224872
0.00232622
0.00224023
0.00223812
0.00225369
0.00213939
0.0021207
0.00210011
0.00213263
0.00213758
0.00220181
0.00220158
0.0023001
0.00220864
0.00220868
0.0021993
0.0021825
0.00213086
0.00238933
0.00210991
0.00217141
0.00219619
0.0021435
0.00224107
0.00209598
0.00222939
0.00222344
0.00207921
0.00219381
0.00205177
0.0022652
0.00224847
0.00210659
0.00215384
0.00223484
0.00221289
0.00208009
0.00215634
0.00216452
0.00216632
0.00207901
0.00213724
0.00216242
0.00218169
0.00219535
0.00212853
0.00222307
0.00203512
0.00206115
0.00219216
0.00215523
0.0023285
0.00212261
0.00217402
0.00199199
0.00200424
0.00218122
0.00208869
0.00205876
0.00219445
0.00206007
0.00197957
0.00234621
0.00223117
0.00213213
0.00209874
0.00219892
0.00217817
0.00212599
0.00224105
0.00213027
0.0021104
0.00208886
0.00197363
0.0020815
0.00198277
0.00213894
0.00215516
0.00213895
0.00214534
0.00218071
0.00203976
0.00203953
0.00217149
0.00217906
0.00212612
0.00212689
0.00200446
0.00226438
0.00212975
0.00195715
0.00210891
0.00197816
0.00218543
0.00214808
0.00206563
0.00199092
0.00212336
0.00212543
0.00207238
0.00202288
0.00202229
0.00200133
0.00207763
0.00207901
0.0020869
0.00201638
0.00220059
0.00201919
0.00213686
0.00214139
0.00211952
0.00199764
0.0021445
0.00210325
0.00213891
0.00205377
0.0020624
0.0021943
0.00211087
0.00214257
0.00203491
0.00211507
0.00210943
0.00205766
0.00206832
0.00204993
0.00213084
0.00193637
0.00205307
0.00195318
0.00197012
0.00199694
0.00205581
0.00205232
0.00193463
0.0019185
0.00204863
0.00208518
0.00205319
0.00206528
0.00200251
0.00187026
0.00198373
0.00207375
0.00208528
0.00203631
0.00212484
0.00186876
0.00203754
0.0019766
0.00196208
0.0020286
0.00187988
0.00202409
0.00202324
0.00201136
0.00203547
0.00197237
0.00197748
0.002092
0.00202068
0.00201023
0.00208731
0.00190246
0.00191219
0.00207889
0.00194764
0.00199018
0.00207807
0.0019897
0.00189714
0.00200528
0.0019608
0.00200578
0.0020123
0.00202594
0.00200901
0.00201681
0.00204063
0.00202006
0.00200245
0.00199697
0.00190024
0.00202284
0.00188265
0.00188537
0.00209488
0.00197615
0.00190332
0.00196783
0.00203063
0.00203923
0.00205845
0.00195338
0.00197392
0.00196604
0.00207083
0.0019531
0.0019691
0.0019853
0.00194328
0.00185368
0.00207132
0.00204128
0.00206017
0.00193918
0.00193269
0.00201294
0.00191872
0.00204599
0.0019654
0.0020382
0.00183665
0.00208249
0.00190133
0.00191146
0.00199575
0.00196248
0.00197805
0.00194299
0.00196007
0.0019763
0.00191533
0.00198417
0.00197048
0.00205271
0.00191523
0.00208003
0.00197005
0.0020491
0.00215234
0.00201954
0.00203699
0.002008
0.00204104
0.00198941
0.00183334
0.00203929
0.00189154
0.00198302
0.00181676
0.00197791
0.00200632
0.00178976
0.00195548
0.00193501
0.00197767
0.00197739
0.00192934
0.00195376
0.00197612
0.00200608
0.00194544
0.00200622
0.00196408
0.00196484
0.00200605
0.0019157
0.00197948
0.00184389
0.00211105
0.00202466
0.00186933
0.00188862
0.00196883
0.00189171
0.00186856
0.00188227
0.00188888
0.00194107
0.00180058
0.0019364
0.00183264
0.00192793
0.00182626
0.00189332
0.0020149
0.00178317
0.00183387
0.00202451
0.00188108
0.00194982
0.00193696
0.00189999
0.00178474
0.00180088
0.00185065
0.0018346
0.00199493
0.00180619
0.00195877
0.00187138
0.00196915
0.00193693
0.00185471
0.00181018
0.00184977
0.00174273
0.00185425
0.00193663
0.00181715
0.00191175
0.00189007
0.00186039
0.00188783
0.00189809
0.00186837
0.00190173
0.00186664
0.00174315
0.00190512
0.00186603
0.00191425
0.0018827
0.00181844
0.00185139
0.00178453
0.00188588
0.00181546
0.0017413
0.00194087
0.00187579
0.00189017
0.00184199
0.00192211
0.00190526
0.00182739
0.00191007
0.00199094
0.00178256
0.00189229
0.00175648
0.00196343
0.00182005
0.00203058
0.00187242
0.00193665
0.00197227
0.00184688
0.00193599
0.00196363
0.00186309
0.00192134
0.00184179
0.00183729
0.0018422
0.00187254
0.00203106
0.00187854
0.00192021
0.00177151
0.00182574
0.00182367
0.00184379
0.00188321
0.00183972
0.00184225
0.00203241
0.00194257
0.00182377
0.00187776
0.00194094
0.00181737
0.00175848
0.00191748
0.0018173
0.00186381
0.00197787
0.00186668
0.00180362
0.00179562
0.00187061
0.00178135
0.0017786
0.0017751
0.00184248
0.00184683
0.00172331
0.00175386
0.00189342
0.00187382
0.00187733
0.00181903
0.0018849
0.00183108
0.00186782
0.0019225
0.00179831
0.00180783
0.00201218
0.00191998
0.00186481
0.00183673
0.00184085
0.00192605
0.00190442
0.00178078
0.00188156
0.00182324
0.00183568
0.00174507
0.00189324
0.00170201
0.00181703
0.00177837
0.00174939
0.00197905
0.00179617
0.00188306
0.00190847
0.00194102
0.00180501
0.00179806
0.00175263
0.00181933
0.00191379
0.00184762
0.00179543
0.0018351
0.0018948
0.00188937
0.00189776
0.00183205
0.00181705
0.00178958
0.00187831
0.00173346
0.00182055
0.00186452
0.00183294
0.00186884
0.00178835
0.001794
0.00175192
0.00176872
0.00194096
0.00193441
0.00193603
0.00184723
0.00175952
0.001891
0.0018889
0.0018535
0.00186074
0.00180414
0.00183932
0.000661139
