0.8
0.00222547
0.00236736
0.00213809
0.00223259
0.00230141
0.00224439
0.00226748
0.00223258
0.00213267
0.0022161
0.00222806
0.00210272
0.00231207
0.00228467
0.00222064
0.0022303
0.00222341
0.0022248
0.00228004
0.00219296
0.00224767
0.00227055
0.00220103
0.00213428
0.00225124
0.00222147
0.00210049
0.00226981
0.0021316
0.002217
0.00221202
0.00217141
0.00219709
0.00204882
0.00217193
0.00225955
0.0022416
0.00229452
0.00217647
0.00213632
0.00222308
0.00211235
0.00209518
0.00213621
0.00215237
0.0021613
0.00217465
0.0022092
0.00219943
0.00219301
0.00215994
0.00220831
0.00218983
0.00211762
0.0021786
0.0021793
0.00209801
0.00209837
0.00224207
0.00213651
0.00220963
0.00210234
0.00222214
0.0022086
0.00215277
0.0021925
0.00223753
0.00205807
0.00220807
0.00219764
0.00223549
0.00210714
0.00209949
0.00206551
0.00214236
0.0021006
0.00220546
0.00220703
0.00212649
0.00220634
0.00223988
0.0022195
0.00222834
0.00203335
0.00215188
0.00220634
0.00205038
0.00215734
0.00210764
0.00216422
0.0020371
0.00210915
0.00211673
0.00215885
0.00215058
0.00197146
0.00204885
0.00212949
0.00201223
0.00210875
0.00212913
0.00208292
0.00215537
0.00211331
0.00202349
0.00223368
0.00205603
0.00207913
0.00204555
0.00219297
0.00203114
0.00216589
0.00207505
0.00217397
0.00209197
0.00211216
0.00213189
0.00205481
0.00217523
0.00213507
0.00201015
0.00214995
0.00209807
0.00211621
0.00209008
0.00219392
0.00209291
0.00216274
0.0020419
0.0021729
0.0021492
0.00219906
0.00216424
0.00208448
0.00204992
0.00216953
0.00209924
0.00204339
0.00224026
0.00210732
0.00200787
0.00205541
0.00205948
0.00214177
0.00200617
0.00208786
0.00207587
0.00210308
0.00202119
0.00202988
0.00205252
0.00213493
0.00206073
0.00204934
0.00209815
0.00208481
0.00206675
0.00194983
0.00200883
0.00208067
0.00198575
0.00203506
0.0020189
0.00206558
0.00203679
0.00215765
0.00215956
0.00204868
0.00206475
0.00199335
0.00206877
0.00209206
0.00203118
0.00193711
0.00202196
0.00207351
0.00193409
0.00194566
0.00202863
0.00208091
0.00199331
0.00205571
0.00203272
0.00198097
0.00203203
0.0021328
0.00210574
0.00206923
0.00206664
0.00196176
0.00205639
0.00202279
0.00220182
0.00200739
0.00216226
0.00191343
0.00209003
0.00201435
0.00192816
0.00194751
0.00198961
0.00193688
0.0020682
0.00205574
0.00212991
0.00197248
0.00196701
0.0019894
0.00208073
0.00197282
0.0019986
0.00196376
0.0019939
0.00203774
0.00200954
0.00201736
0.00196488
0.00197649
0.00214391
0.00203013
0.00197278
0.00193386
0.001959
0.00187438
0.00193172
0.00200915
0.00203752
0.00203782
0.00204519
0.00204489
0.00188313
0.00207458
0.00203189
0.0019959
0.00196883
0.00197045
0.00212668
0.00203946
0.00194211
0.00207513
0.00199696
0.00201555
0.00193522
0.00190224
0.00202382
0.00187197
0.00209604
0.00197935
0.002058
0.00194223
0.00185456
0.00191001
0.00196713
0.00197987
0.00204456
0.00197635
0.00195581
0.00192309
0.0018966
0.00201746
0.00205299
0.00195093
0.00191967
0.00203598
0.00193478
0.00194363
0.00190403
0.00188983
0.00191067
0.00207357
0.00199335
0.00203096
0.00197896
0.00204373
0.00193602
0.00197684
0.00201141
0.00195506
0.00197548
0.00184589
0.00188187
0.00198813
0.00203901
0.00194234
0.00201154
0.00188632
0.00181759
0.00193995
0.00192419
0.00181323
0.00201226
0.00191769
0.00194307
0.00199381
0.00180572
0.00206247
0.00191905
0.00182061
0.00200163
0.0018274
0.00186007
0.00196475
0.0019533
0.0019592
0.00199125
0.00200157
0.00191867
0.00195277
0.00185736
0.00189317
0.00187975
0.00193341
0.00199246
0.00185211
0.00197864
0.00193701
0.00191464
0.00188011
0.00200873
0.00197179
0.00202488
0.00192259
0.00184658
0.00195291
0.00185069
0.00197323
0.00197763
0.00198225
0.00187107
0.00201466
0.00198779
0.0019534
0.00196624
0.0019174
0.00183653
0.00194541
0.00193414
0.00196033
0.00198581
0.00194487
0.00194791
0.00194037
0.00195445
0.00201264
0.00180893
0.00199552
0.00187502
0.00194159
0.00181795
0.00201425
0.00187942
0.00192503
0.0018882
0.00194425
0.00189988
0.00180489
0.00181548
0.00194752
0.00192135
0.00197699
0.00201061
0.00181083
0.00184341
0.00190144
0.00196151
0.00180046
0.00192499
0.00198055
0.00193262
0.00188575
0.00193274
0.00190942
0.00180266
0.00199943
0.00179631
0.00185719
0.00190419
0.00188232
0.00188937
0.00180792
0.00197189
0.00193372
0.00199245
0.00183529
0.00197435
0.00182951
0.00189945
0.0018664
0.00185643
0.0019169
0.00192916
0.00194221
0.00188007
0.00190646
0.0018695
0.00182331
0.00186572
0.00192779
0.00190744
0.00183201
0.00185673
0.00195107
0.00203101
0.00175313
0.00189255
0.00191083
0.00181789
0.00186006
0.00185516
0.00182349
0.00194081
0.0018237
0.0019639
0.00178655
0.00194248
0.00172346
0.00181893
0.0018593
0.00194151
0.00191121
0.0018738
0.00205724
0.0019223
0.00182897
0.00186712
0.00178021
0.00183079
0.0020041
0.00197976
0.00181639
0.00184229
0.00184663
0.00184192
0.00177059
0.00183498
0.00181963
0.0018565
0.00179878
0.00188499
0.00184555
0.00187847
0.00194257
0.00184719
0.00191721
0.00197965
0.00176795
0.00185297
0.0019255
0.0018684
0.00198253
0.00176536
0.00180003
0.00184003
0.00184966
0.00186458
0.00195529
0.0019202
0.0019458
0.00206215
0.00180078
0.00183275
0.00193288
0.0019045
0.00180211
0.00197518
0.00191209
0.00189882
0.00186029
0.00189939
0.00185646
0.0018348
0.00195662
0.00178473
0.00189623
0.00188442
0.0017896
0.00189011
0.00194205
0.00179989
0.00183538
0.00179077
0.00186654
0.00179878
0.00180101
0.00176907
0.00189763
0.00183101
0.00192549
0.00184206
0.0018359
0.00187423
0.00175799
0.00178142
0.00190266
0.00188343
0.001855
0.00200448
0.001869
0.0019141
0.000622297
