0.8
0.0021694
0.00212373
0.00208394
0.00210833
0.00210555
0.00214504
0.00219438
0.00207813
0.00215471
0.00212221
0.00216223
0.00206062
0.00208087
0.00214942
0.002133
0.00212803
0.00218371
0.00211811
0.00214534
0.00211983
0.00208738
0.00214769
0.00212565
0.00211632
0.00206665
0.00209432
0.00213978
0.002073
0.00211944
0.00208025
0.00215991
0.00211639
0.002106
0.00210733
0.0020949
0.00211626
0.00211587
0.0021085
0.00209014
0.00212263
0.00212333
0.00207927
0.00210236
0.00215546
0.00217168
0.00206278
0.00215645
0.00208943
0.00216264
0.00215006
0.00202133
0.00210407
0.00211446
0.00212113
0.00210656
0.00204814
0.00209098
0.00210744
0.0020457
0.00204107
0.0021247
0.00212929
0.00205793
0.00209413
0.00212258
0.00209705
0.00204858
0.00211979
0.00211086
0.00208455
0.0020684
0.0020676
0.00207095
0.00211717
0.00207892
0.00207942
0.00213518
0.00212004
0.00202044
0.00209139
0.00207158
0.0021308
0.00214295
0.00208002
0.00211304
0.00204627
0.00207396
0.00214315
0.00212081
0.00214946
0.00208589
0.00212247
0.00205973
0.00209102
0.00209373
0.00204893
0.00202119
0.00203029
0.00205638
0.0020776
0.00207776
0.00208655
0.0021461
0.00206496
0.00202263
0.00203785
0.00207203
0.00216649
0.00211424
0.0020197
0.00210609
0.0020947
0.0021028
0.00202241
0.00208032
0.00205242
0.00213272
0.00212781
0.0020878
0.00202241
0.0020468
0.00208042
0.00207081
0.00206294
0.00203884
0.00212111
0.00203556
0.00206666
0.00203086
0.00199188
0.00205346
0.00208294
0.00199902
0.00200536
0.00212377
0.00210138
0.00208723
0.00204274
0.0020228
0.00206053
0.00212737
0.00200209
0.0020453
0.00209179
0.00201521
0.00195478
0.00202415
0.00205477
0.00205125
0.00207174
0.00207752
0.00203377
0.00198683
0.00208359
0.00214376
0.00204926
0.00208982
0.00204003
0.0019927
0.00199513
0.00202764
0.0020934
0.00208288
0.0020505
0.00210912
0.00205087
0.00203748
0.00205823
0.00203879
0.00204543
0.00198802
0.00211304
0.00206027
0.00202711
0.00200708
0.00205108
0.00208437
0.00212558
0.00201268
0.00199551
0.00205472
0.00211375
0.00195527
0.00204022
0.00204037
0.00198601
0.00197049
0.00206276
0.00203468
0.00206558
0.00196906
0.00200368
0.00197861
0.0020722
0.00199567
0.00197841
0.00205487
0.0020217
0.002053
0.00207935
0.00208086
0.0020545
0.00197578
0.00206426
0.00208594
0.00198314
0.00201468
0.00206288
0.00199056
0.00201275
0.0020025
0.00207194
0.00200121
0.00195794
0.00203461
0.00205723
0.00201066
0.0019387
0.00202508
0.00206761
0.00202981
0.00199211
0.00197583
0.00201131
0.00201215
0.00204472
0.0020201
0.00201214
0.00203541
0.00203992
0.00198028
0.00200813
0.00201548
0.00200994
0.00201138
0.00200917
0.00201014
0.00201678
0.00206775
0.00197391
0.00198381
0.00202099
0.00196714
0.00200205
0.00205761
0.0020859
0.00204805
0.00200905
0.00203763
0.00199014
0.0018983
0.00199871
0.00198328
0.00197253
0.00207768
0.00191941
0.00192522
0.00204236
0.00197746
0.00198073
0.00200546
0.00207691
0.00193259
0.00202689
0.00198739
0.00200737
0.0021145
0.00206774
0.00200205
0.00201301
0.00207307
0.00199141
0.00195373
0.00203429
0.00203673
0.00203113
0.00195258
0.00199402
0.00196529
0.00204143
0.00196526
0.00204282
0.00188225
0.00193371
0.00196582
0.00195344
0.00191444
0.00201829
0.00202032
0.00209567
0.00194395
0.00199221
0.0020246
0.00199522
0.0019302
0.00206963
0.00194072
0.00203598
0.00195166
0.00197649
0.00195217
0.00195557
0.00197322
0.00198499
0.0019703
0.00196067
0.0019108
0.00198845
0.0019832
0.00198507
0.00193701
0.00192913
0.00208968
0.0019249
0.00213305
0.00196889
0.00196125
0.00197974
0.00195963
0.00190362
0.00193462
0.00192862
0.0019928
0.00194228
0.00189392
0.00196887
0.00191909
0.00190851
0.00184146
0.00189985
0.00195836
0.00190245
0.00190072
0.00197861
0.00196026
0.00198307
0.00197993
0.00197383
0.00196763
0.00200582
0.00186322
0.00187763
0.00190238
0.00183828
0.00193257
0.00191202
0.00202683
0.00193465
0.00186131
0.00190846
0.00193908
0.00196396
0.00194693
0.00197631
0.00190523
0.00188885
0.00188157
0.00193864
0.00189767
0.00192262
0.00198903
0.00198646
0.00185725
0.00199639
0.00186873
0.00194011
0.00195307
0.00188997
0.00187939
0.00190132
0.00205073
0.00191439
0.00205805
0.00184645
0.00187127
0.0018698
0.00194843
0.00198302
0.0019946
0.00185259
0.00193097
0.00199173
0.00197424
0.00194892
0.00183623
0.00189499
0.0019761
0.00202625
0.00195272
0.00198266
0.00186209
0.00194278
0.0019782
0.00192573
0.00184732
0.00190515
0.00193735
0.00190284
0.00202513
0.00194895
0.00189452
0.00191507
0.00206944
0.00188102
0.00187853
0.00194158
0.00192302
0.00191581
0.00197399
0.00185335
0.00196543
0.00188904
0.00185454
0.0019697
0.00186799
0.00198733
0.00192084
0.00186737
0.00200545
0.00197242
0.00185272
0.00194303
0.00182476
0.00197159
0.00189919
0.00192245
0.00196537
0.00184451
0.00195403
0.00188803
0.00184922
0.00188969
0.00198423
0.00185402
0.00185903
0.0019433
0.001867
0.00184867
0.00188612
0.00197607
0.0019541
0.00193476
0.00188697
0.00190204
0.00184926
0.0018786
0.00193791
0.00193158
0.0018933
0.00194527
0.00196362
0.00199811
0.00195744
0.00184811
0.00194328
0.00186528
0.00189477
0.00190312
0.00182073
0.00180862
0.00191235
0.00186149
0.00193289
0.00183113
0.00196927
0.0018194
0.00194709
0.00188651
0.00192594
0.00195808
0.00185212
0.00196533
0.00190337
0.00197278
0.0018872
0.00193203
0.00190649
0.00188876
0.00187917
0.00190749
0.00191789
0.00185958
0.00196121
0.00199087
0.00197771
0.00193693
0.00190806
0.00194048
0.00184811
0.00190341
0.00189628
0.00186725
0.00192784
0.00185215
0.00196831
0.00186413
0.00186101
0.00181634
0.00189763
0.00052944
