0.8
0.00238194
0.00225434
0.00229564
0.00220721
0.00226212
0.00215554
0.00207494
0.00223159
0.00231205
0.00227492
0.00235584
0.00226607
0.00228847
0.00213788
0.00225181
0.00239229
0.00223233
0.00225806
0.00231824
0.00224696
0.00238663
0.00233067
0.00230159
0.00222249
0.00217756
0.00224385
0.00219579
0.0021108
0.00234365
0.00225058
0.00216504
0.0024012
0.00216998
0.00244767
0.00234412
0.00225532
0.00210483
0.0022276
0.00235517
0.00221804
0.00223496
0.00235491
0.00229615
0.00210076
0.00232372
0.0021512
0.00219467
0.00215611
0.00209582
0.00222143
0.00228484
0.00219897
0.00229206
0.00224134
0.00217587
0.00205132
0.00201069
0.00218723
0.00224157
0.00228982
0.00216647
0.00209107
0.00217322
0.00214408
0.00224413
0.00220188
0.0022807
0.00217855
0.00218104
0.00215788
0.00207362
0.00233475
0.00221489
0.00225523
0.00202423
0.00217139
0.00220307
0.00215611
0.00221357
0.00212744
0.0021938
0.00217798
0.00229514
0.00215635
0.00204823
0.0020354
0.00228122
0.00204177
0.0023317
0.00213724
0.00214055
0.00217089
0.00219541
0.00226278
0.00212432
0.00214626
0.00233563
0.00218746
0.00222902
0.00207917
0.00200452
0.0022822
0.00221175
0.00221664
0.00210276
0.00218907
0.00216747
0.00213956
0.00207816
0.00201167
0.00211401
0.00215371
0.00219506
0.0020285
0.00205685
0.00202542
0.0020785
0.00227086
0.00222729
0.00211515
0.00216618
0.00217949
0.00212085
0.00206411
0.00223543
0.00220935
0.00221664
0.00212964
0.00214372
0.00218959
0.00210209
0.00208999
0.0022152
0.00209689
0.00211537
0.0020922
0.00198428
0.00224085
0.00215114
0.00204396
0.00208033
0.00211599
0.00210714
0.00209688
0.0021082
0.0022133
0.00206789
0.00192933
0.00218897
0.0021255
0.00196636
0.00207265
0.00200322
0.00215474
0.00208379
0.00198221
0.00220273
0.00203116
0.00218686
0.00203267
0.00217442
0.00211902
0.00213929
0.00180525
0.00185218
0.00215173
0.00204702
0.00216933
0.00201649
0.00209239
0.00210861
0.00204087
0.00179387
0.00199279
0.00197117
0.00223136
0.00193476
0.00204818
0.00198049
0.00202819
0.00208254
0.002128
0.0019939
0.00201461
0.00200888
0.00220391
0.00214617
0.00208216
0.00189955
0.00203803
0.00205256
0.00197335
0.00211903
0.00182724
0.00214527
0.00209503
0.0020466
0.00196388
0.00198407
0.00203304
0.00197407
0.00211353
0.00207469
0.0018858
0.00190575
0.0020353
0.00209692
0.0019691
0.00221617
0.00210069
0.00208305
0.00216085
0.00197026
0.00204028
0.00206506
0.00207921
0.00189746
0.00210879
0.00194973
0.00200181
0.0019775
0.00217735
0.00196104
0.00191648
0.00201942
0.00205661
0.00191832
0.00217624
0.00188419
0.00204182
0.00200901
0.00208529
0.00196457
0.00198212
0.00200866
0.0019001
0.00191088
0.00197567
0.00198724
0.00190625
0.00204974
0.00195962
0.00207988
0.00195307
0.0019661
0.00191465
0.00192209
0.00210915
0.00203516
0.00201853
0.00186978
0.00175314
0.00189697
0.00185817
0.00198289
0.00202433
0.00200691
0.00184599
0.00197307
0.00186365
0.00201883
0.00183446
0.00189896
0.00199602
0.00206245
0.00215819
0.00178408
0.00200148
0.00206717
0.00195449
0.00200471
0.00205015
0.00204807
0.00202231
0.00191788
0.00202818
0.00195321
0.00194385
0.00195745
0.00186492
0.00189186
0.00193458
0.00187976
0.00187335
0.00196087
0.00190161
0.00191437
0.00191119
0.00204046
0.00199921
0.00203318
0.0021689
0.00177962
0.00196841
0.00194156
0.00197884
0.0018258
0.00193685
0.00175194
0.00196536
0.00188558
0.00193239
0.00173559
0.00196392
0.00202016
0.00193754
0.00195742
0.00204648
0.00181965
0.00189115
0.00195142
0.00195549
0.00190545
0.00202319
0.00185882
0.00200644
0.00174962
0.0019627
0.00183486
0.00203726
0.00194621
0.00194343
0.00190487
0.00179715
0.00183986
0.00197272
0.00190116
0.00198042
0.00203111
0.0019397
0.00188433
0.00190863
0.00188218
0.00182423
0.00190108
0.00184927
0.00195663
0.00178836
0.00202821
0.00196994
0.00200004
0.00194147
0.0018669
0.00208162
0.00187088
0.00180718
0.0017487
0.00180805
0.00191337
0.00205097
0.00193971
0.00183948
0.00172267
0.00183108
0.00185918
0.00190014
0.0019352
0.00183879
0.00191344
0.00182999
0.00179874
0.00201703
0.00181329
0.00178375
0.00194493
0.00191912
0.00193037
0.00184947
0.00177637
0.00182337
0.00170308
0.00186052
0.00195983
0.00180874
0.00194242
0.00185333
0.00180125
0.00177114
0.00185429
0.00182389
0.00202887
0.00180877
0.0017801
0.00181621
0.00184935
0.00197679
0.00174832
0.00174458
0.00181726
0.00200657
0.00184785
0.0017467
0.00181306
0.00187032
0.00186973
0.00173899
0.00183923
0.00168205
0.00193085
0.0019409
0.00187657
0.00180087
0.00181102
0.00182874
0.00177496
0.00192233
0.00174926
0.00170156
0.00186808
0.00179061
0.00196103
0.00183214
0.00197152
0.00185456
0.00192476
0.00176424
0.00177979
0.0018664
0.00180455
0.00202058
0.00182121
0.00182046
0.00187878
0.00193859
0.00185852
0.00181076
0.00176555
0.00199066
0.00182302
0.00189846
0.00194719
0.00176045
0.00185043
0.00179403
0.00182614
0.00183133
0.00179865
0.00180573
0.00179506
0.00188285
0.00184799
0.00186817
0.00181251
0.00182822
0.00199375
0.00182317
0.00184424
0.0018574
0.00198174
0.00183192
0.00174282
0.00198379
0.00175398
0.0017888
0.00183577
0.00186274
0.00172793
0.00189027
0.00188465
0.00177749
0.00187021
0.00181648
0.00204187
0.00167283
0.00177253
0.00180851
0.00196034
0.00171794
0.00176969
0.00169986
0.00187343
0.00185893
0.00192788
0.00187235
0.00187088
0.00175876
0.00195852
0.00177587
0.00169126
0.0019149
0.00196048
0.00190015
0.00190146
0.00180218
0.0018114
0.0017424
0.00171657
0.00180949
0.00188087
0.00177671
0.00192748
0.00186344
0.00184121
0.00202837
0.00198972
0.00187329
0.00185043
0.00182488
0.00176324
0.00069559
