0.8
0.00228914
0.00237213
0.00217987
0.00211963
0.00209787
0.00233274
0.00231858
0.00230216
0.00230101
0.00242493
0.00226689
0.00222028
0.00239762
0.00244365
0.00226794
0.00223665
0.00227697
0.00239082
0.00216626
0.00218637
0.00219593
0.00218353
0.00233097
0.00235937
0.00235997
0.00241388
0.00236702
0.0022789
0.00223309
0.00219495
0.00220028
0.00236219
0.00206953
0.00208868
0.00230375
0.00239154
0.00216447
0.00220657
0.00241733
0.0023033
0.00219146
0.00219208
0.00205456
0.00218328
0.00239709
0.00254068
0.00229492
0.00211513
0.00216137
0.00219131
0.00222222
0.00227383
0.0022329
0.002188
0.00230003
0.00234519
0.00226789
0.00206872
0.00209522
0.00229167
0.00215171
0.00227354
0.00224293
0.00215978
0.00220859
0.00227911
0.00209513
0.00211498
0.00219043
0.00222352
0.00235548
0.00219222
0.00218344
0.00224763
0.00220698
0.00212108
0.00213108
0.00209516
0.00207223
0.00225396
0.0022511
0.00223559
0.00232274
0.00217205
0.0022552
0.00222361
0.00199919
0.00218891
0.00202041
0.00244378
0.00210587
0.00217249
0.00208751
0.00232427
0.0022339
0.00218347
0.0022543
0.00221108
0.00213287
0.00220478
0.00221234
0.00229691
0.00213087
0.00205256
0.00223828
0.00225874
0.00217076
0.00199205
0.00209679
0.0020623
0.00206975
0.00220405
0.00215527
0.00206529
0.00197231
0.00225031
0.00212717
0.00205486
0.002129
0.00206929
0.00199378
0.00204789
0.00205813
0.0022516
0.00214543
0.00207761
0.00203738
0.00213964
0.00208288
0.00204468
0.00221527
0.00213535
0.0021327
0.0022218
0.00220502
0.0021925
0.00197979
0.00208578
0.00203154
0.00206378
0.00212331
0.00195199
0.00210819
0.00209171
0.00202261
0.00231614
0.00196859
0.00224635
0.00211232
0.00207003
0.00202053
0.00213118
0.0019878
0.00197684
0.00202307
0.00211596
0.0020875
0.00213364
0.00204641
0.00207063
0.002161
0.00206765
0.00193033
0.00215079
0.00205921
0.00202489
0.00206663
0.00199155
0.00200436
0.00203955
0.0022336
0.00200292
0.00206546
0.00211145
0.0019487
0.00206456
0.00196015
0.0020893
0.00205894
0.00206387
0.00236966
0.00182447
0.00187607
0.00209794
0.00205583
0.00201582
0.00213953
0.00200479
0.00200062
0.00207548
0.00209032
0.00203369
0.0020577
0.0022399
0.00201231
0.002118
0.00203043
0.00201295
0.00208784
0.00196455
0.00222429
0.00197522
0.00200201
0.00202144
0.00190593
0.00205685
0.00212118
0.00217092
0.00202974
0.00196321
0.0018913
0.00209623
0.00207122
0.00195162
0.00198033
0.00185914
0.00210814
0.00184853
0.00194569
0.00190333
0.00187552
0.00192848
0.00214881
0.0019547
0.00195594
0.00190574
0.00209937
0.00217345
0.00208674
0.00205782
0.00205769
0.00209653
0.00216731
0.00183733
0.00190248
0.00197527
0.00174501
0.00198776
0.00200363
0.00193948
0.00194332
0.00190743
0.00210282
0.00189718
0.00192089
0.00198301
0.00203465
0.00197729
0.00200272
0.00198551
0.00193848
0.0019558
0.00192193
0.00214178
0.00194724
0.0021055
0.00198063
0.0020058
0.00202647
0.00188605
0.0020089
0.00211271
0.00185704
0.00185438
0.00188276
0.00189234
0.00197074
0.00200977
0.00172875
0.00185913
0.00193678
0.00195814
0.00193224
0.00177351
0.00191697
0.00193348
0.00195822
0.00203942
0.00193777
0.00209153
0.00173785
0.00192836
0.00191327
0.00206564
0.0019768
0.00189285
0.00197429
0.00196715
0.00188833
0.00193513
0.00185962
0.00191443
0.00189034
0.0017816
0.00207263
0.00190967
0.00190954
0.00189628
0.00184789
0.00201493
0.00193593
0.00192021
0.00189042
0.00180272
0.00206774
0.00192288
0.00194899
0.00194783
0.00185478
0.00180687
0.00203968
0.00198936
0.00193501
0.00193623
0.00191882
0.00190459
0.00186549
0.00179349
0.00197102
0.00177958
0.00191301
0.00205955
0.00178593
0.0019132
0.0019798
0.00195657
0.00194759
0.00203947
0.00191224
0.00171433
0.0018267
0.00192731
0.00181153
0.00193122
0.00180079
0.00191529
0.00194147
0.00185685
0.00187196
0.0019024
0.0016926
0.00166698
0.00193818
0.00171127
0.00193681
0.00190089
0.00177051
0.00212841
0.00180706
0.00178973
0.00187284
0.00194577
0.00176883
0.00176756
0.00187594
0.00197271
0.00201912
0.00189416
0.001774
0.00191971
0.00199949
0.00190663
0.00207081
0.00169046
0.00188807
0.00175863
0.00199378
0.00189052
0.00206139
0.00200486
0.00199638
0.00178069
0.0018108
0.00187497
0.00191995
0.00187826
0.00173735
0.00185246
0.00204107
0.00182777
0.00182282
0.00188499
0.00190915
0.00194324
0.00163907
0.00184036
0.00184819
0.00191525
0.00178607
0.0018469
0.00180187
0.00179822
0.00187715
0.00175062
0.00169158
0.00181189
0.00179639
0.001951
0.00180559
0.00193899
0.00195431
0.0017888
0.00185547
0.00189276
0.00175391
0.00184014
0.00196339
0.00183417
0.00194911
0.00201367
0.00176144
0.0018399
0.00197011
0.00190417
0.00195292
0.00186666
0.00168424
0.00178562
0.00166859
0.00179524
0.0019553
0.00182882
0.00197603
0.00190918
0.00190211
0.00187402
0.00177937
0.00177918
0.00197712
0.00187741
0.00190802
0.00194763
0.0018054
0.00191899
0.00182374
0.00181385
0.00185601
0.00173456
0.00163751
0.00191087
0.00196068
0.00187868
0.00181897
0.0018849
0.00174594
0.00179705
0.00177456
0.00172848
0.00173067
0.00169808
0.0017472
0.00190293
0.0018215
0.00179195
0.00178209
0.00186904
0.00182473
0.0019163
0.00170267
0.00180283
0.00189776
0.00191152
0.00194846
0.00176409
0.0019158
0.00192747
0.00192624
0.0018955
0.00181376
0.00168731
0.00191863
0.00193165
0.00178912
0.00181373
0.00190522
0.00178137
0.00189031
0.00189306
0.00174154
0.00175916
0.00200693
0.00178095
0.00185192
0.00195191
0.00184311
0.00173044
0.00194537
0.00185195
0.00175682
0.00183604
0.00184488
0.00186273
0.00193807
0.00187144
0.00182555
0.00177804
0.00166761
0.00190035
0.00168548
0.000727587
