0.8
0.00206971
0.0020925
0.00208322
0.00201344
0.00205862
0.00210055
0.00206823
0.00206634
0.00207227
0.00205152
0.00203427
0.00203797
0.00208063
0.0020993
0.00208464
0.00207274
0.00210964
0.00207393
0.00209733
0.0020533
0.00208322
0.00206021
0.00207316
0.00203864
0.00204167
0.00205849
0.00208083
0.00209551
0.0020699
0.00209687
0.00206935
0.00206795
0.00208839
0.00206769
0.00205229
0.00206912
0.00206768
0.00206125
0.0020516
0.00206443
0.00206926
0.00205614
0.00207501
0.00206157
0.00207773
0.00207688
0.00205455
0.00204407
0.00204719
0.00210196
0.00207396
0.00201991
0.00207242
0.00208368
0.00207465
0.00205837
0.00205287
0.00204652
0.00205433
0.00210526
0.00209245
0.00206517
0.00207427
0.0021061
0.00208388
0.002078
0.002048
0.00204615
0.00209394
0.00206561
0.00205872
0.00208878
0.00201935
0.00203831
0.00209429
0.00205668
0.00204812
0.00205908
0.002054
0.00203153
0.00206011
0.00207424
0.00205595
0.00208307
0.00201281
0.00203327
0.00201026
0.00207864
0.00203991
0.00202573
0.00203475
0.00205894
0.00204327
0.0020592
0.00208877
0.00204675
0.00207242
0.00206121
0.00205157
0.00204545
0.00206756
0.00203512
0.00202852
0.00199574
0.00199638
0.00202651
0.00210479
0.00204795
0.00210203
0.00202215
0.00202299
0.002006
0.00205195
0.0020409
0.00203655
0.00204164
0.00205473
0.00207761
0.00208456
0.00202663
0.00200364
0.00206541
0.00206386
0.00204689
0.00208345
0.00205085
0.00201759
0.00207738
0.0020156
0.00201327
0.00201895
0.00204307
0.00201632
0.00196826
0.00201458
0.00201054
0.00200213
0.00204479
0.00206841
0.00203242
0.00206835
0.00205452
0.00203716
0.00204917
0.00205659
0.00203097
0.00204842
0.00203587
0.00200436
0.00202971
0.00199524
0.00203279
0.00197342
0.00200616
0.00203251
0.0020194
0.00199237
0.00199721
0.00202403
0.00206612
0.00202329
0.00204022
0.00199486
0.00205034
0.00203009
0.00207319
0.00199548
0.00199969
0.00200888
0.00201807
0.00205371
0.00199574
0.00203759
0.0020082
0.00205882
0.0020556
0.00200922
0.00201254
0.00205566
0.00205572
0.00205607
0.00205339
0.002072
0.00201792
0.00203136
0.00203455
0.00200394
0.00195609
0.00204275
0.0020551
0.00201746
0.00202327
0.00201779
0.00198979
0.00199149
0.00202527
0.00199078
0.00207965
0.00199077
0.00203487
0.00201196
0.00197368
0.00200717
0.00201626
0.00201897
0.00201912
0.00204278
0.00202841
0.00201355
0.00200137
0.00207757
0.00203654
0.00200185
0.00194675
0.0019965
0.00198755
0.00193458
0.00207032
0.00197383
0.00198886
0.00200767
0.00198749
0.00205145
0.0020317
0.00194787
0.00200862
0.00202754
0.00201014
0.00198409
0.00204758
0.00200555
0.00200246
0.00197265
0.00201796
0.00197834
0.00202402
0.0019865
0.00199241
0.00191383
0.00206147
0.00193611
0.00196679
0.00195332
0.00198801
0.00200402
0.00199405
0.00202313
0.00197104
0.00208187
0.00198269
0.00199849
0.00199471
0.00201114
0.00206587
0.00196445
0.00199154
0.00204291
0.00199716
0.00201324
0.00199577
0.00201247
0.00197205
0.00199466
0.00203292
0.00201826
0.00198084
0.00200119
0.00199845
0.00192795
0.00202783
0.00203775
0.00203922
0.00196757
0.00199038
0.00200201
0.00197371
0.00200116
0.0019626
0.00197512
0.0019692
0.00205727
0.00199255
0.00198563
0.00201761
0.00196863
0.00201415
0.0019942
0.00198469
0.00193771
0.00197491
0.00199646
0.00193087
0.00197946
0.0020462
0.00202698
0.00198055
0.002044
0.00201652
0.00196184
0.00197062
0.00198472
0.00203434
0.00203037
0.00199421
0.00196924
0.00198279
0.0019923
0.001918
0.00194163
0.00194715
0.0019817
0.00196777
0.00198161
0.00200931
0.00196805
0.00197007
0.00193245
0.00194057
0.00195076
0.00193485
0.00197072
0.0019743
0.00201461
0.00193897
0.00198022
0.0020316
0.00202114
0.0019343
0.00201357
0.00192058
0.00200415
0.00199935
0.00196706
0.00200751
0.00197729
0.00194095
0.00201134
0.00195585
0.00197632
0.00196107
0.00197042
0.0020372
0.00201014
0.00196007
0.00201781
0.00200168
0.00193611
0.00194302
0.00196747
0.00196219
0.00200078
0.0019734
0.00201236
0.00197906
0.001976
0.00198926
0.00202059
0.00199219
0.00196656
0.00203686
0.00201664
0.00193532
0.00188507
0.00194524
0.00197288
0.00197148
0.00195917
0.00201853
0.00188714
0.00197044
0.001919
0.00191253
0.00199032
0.00200803
0.00200519
0.00193482
0.00195347
0.00199684
0.00198503
0.00199015
0.00188688
0.00194402
0.00197486
0.00203444
0.00199138
0.00198791
0.00193186
0.00197419
0.00201531
0.00194487
0.0020407
0.00189152
0.00201936
0.00196958
0.00204396
0.00190414
0.00192921
0.00197745
0.0019974
0.00192924
0.00191931
0.00187099
0.00192155
0.00205874
0.00189289
0.00200775
0.00192844
0.0019923
0.00195183
0.00197441
0.00199308
0.00196051
0.00197745
0.00200204
0.0019587
0.00193299
0.00196645
0.00198257
0.00196881
0.0019845
0.00194123
0.00198492
0.00189393
0.00196292
0.00198546
0.00198896
0.00195597
0.0019605
0.00198944
0.00199591
0.00197065
0.00197634
0.00194598
0.00193961
0.00191604
0.00196649
0.00192037
0.00196892
0.00191842
0.00193771
0.00197464
0.00192062
0.00191577
0.00181674
0.00198067
0.00200513
0.00185398
0.00196358
0.00188909
0.00194006
0.00194873
0.00190854
0.00188366
0.00183873
0.00195525
0.0018538
0.00194143
0.0019486
0.00199608
0.00187918
0.00200291
0.00200865
0.00196662
0.00201659
0.00189935
0.0019042
0.00191702
0.00199975
0.00188438
0.00196123
0.00199329
0.00186507
0.00204366
0.00194042
0.00194345
0.00196974
0.00191654
0.00196497
0.00195002
0.00191853
0.00196354
0.0019179
0.00190795
0.00191717
0.00190219
0.00193854
0.00197012
0.00195268
0.00192404
0.00185653
0.00196643
0.00204677
0.00189241
0.00191123
0.00191864
0.00198238
0.00190881
0.00191914
0.00193858
0.000471457
