0.8
0.00227333
0.00269958
0.00233196
0.00222141
0.00244734
0.00235977
0.00224284
0.0021354
0.00237507
0.00217275
0.00228778
0.00223592
0.00265895
0.00244184
0.00221701
0.00220505
0.002358
0.00212274
0.00200078
0.00212464
0.00203581
0.00256548
0.00267597
0.00226978
0.00226844
0.00202303
0.0025571
0.00239905
0.00228927
0.00214126
0.00247778
0.0026157
0.00223085
0.00210377
0.00225046
0.0026495
0.00218819
0.00208254
0.00252221
0.00278236
0.00206203
0.00247362
0.00232178
0.00205922
0.00222783
0.00215998
0.00195356
0.00211003
0.00221325
0.00193871
0.00231428
0.00257287
0.00219932
0.0023667
0.00204631
0.00253518
0.00256245
0.00206944
0.00209676
0.00216011
0.00239688
0.00236384
0.00200945
0.00228418
0.0024009
0.00196232
0.00256931
0.00213048
0.00196832
0.00225701
0.00233883
0.00235445
0.00244084
0.00204895
0.00224999
0.0024941
0.00211337
0.00217428
0.00244311
0.00207768
0.00237739
0.00235097
0.00198434
0.00209834
0.00238076
0.00228855
0.00199055
0.00194468
0.00188671
0.00236971
0.00228775
0.001739
0.00219752
0.00223233
0.00213923
0.00210832
0.0020191
0.00211979
0.00180853
0.00226646
0.00270133
0.00207617
0.00219828
0.00204698
0.00219074
0.00209743
0.00220239
0.00230177
0.00214059
0.00246116
0.00206585
0.0019354
0.00185869
0.00210208
0.00212697
0.00201038
0.0023514
0.00222027
0.00214379
0.00195936
0.00228364
0.00213744
0.00274074
0.00227092
0.00195023
0.00194992
0.00185483
0.00201134
0.00192937
0.00208309
0.00218605
0.00195143
0.0021029
0.00215533
0.00231021
0.00189856
0.00235796
0.0022658
0.00180633
0.00227187
0.00213156
0.00220514
0.00207586
0.00210958
0.00238882
0.00187727
0.00215149
0.00192021
0.001886
0.00211357
0.00215649
0.00212782
0.00166867
0.00203089
0.00186609
0.00204073
0.00213401
0.0021316
0.00202467
0.00226409
0.00202844
0.00192048
0.00182787
0.00225127
0.00233992
0.00197178
0.00197853
0.00223457
0.00169273
0.00204216
0.0022314
0.00192253
0.00201379
0.00221456
0.00193019
0.00189004
0.001946
0.00215779
0.00204337
0.00226915
0.00241302
0.0015052
0.00212336
0.00201133
0.00190882
0.00192233
0.00207394
0.00234518
0.00191363
0.00214928
0.00189553
0.0021408
0.00207347
0.00200047
0.00197159
0.00228214
0.00187014
0.00185675
0.0019008
0.00189432
0.00190344
0.00189878
0.00180785
0.00180851
0.00182577
0.00192935
0.00202294
0.00218267
0.00184648
0.00201532
0.00217273
0.00175419
0.00208397
0.00206487
0.00195567
0.00207213
0.00207037
0.00195835
0.00208402
0.00224569
0.00212829
0.00183831
0.00202048
0.00220007
0.00180403
0.00202845
0.00183431
0.00215191
0.00204727
0.00192292
0.00190695
0.00190902
0.00196154
0.00188569
0.00204081
0.00197522
0.00186868
0.00183446
0.00180691
0.00180733
0.00207049
0.00196054
0.00179812
0.00186373
0.00177822
0.00234833
0.00224266
0.00201694
0.00187405
0.00173624
0.00173705
0.00227039
0.00217577
0.00229959
0.00201812
0.00201492
0.00203455
0.00197169
0.00239042
0.00203976
0.00203298
0.00177054
0.00196032
0.00227669
0.00211135
0.00190294
0.00209
0.00185769
0.00210502
0.00186871
0.00202054
0.00203406
0.00219316
0.00198847
0.00203027
0.0021499
0.00189999
0.00207363
0.00178258
0.00233773
0.00193654
0.00197788
0.00193115
0.00201929
0.00162098
0.00192715
0.00201027
0.00207366
0.00182968
0.0021725
0.00180664
0.00193718
0.00212672
0.00189922
0.00198027
0.00198883
0.00212452
0.00211241
0.0017792
0.00211882
0.00201787
0.00191671
0.00207601
0.00176398
0.0022675
0.00207387
0.00178702
0.00179728
0.00191852
0.00188537
0.00173332
0.00195615
0.0014979
0.00209114
0.00191286
0.0020732
0.00182154
0.00174804
0.00195325
0.00189495
0.00213061
0.00166559
0.00188897
0.00171875
0.00188929
0.00179165
0.00172814
0.00192026
0.00209862
0.00176217
0.00201246
0.00171343
0.00202381
0.00202538
0.00179787
0.00158058
0.00178328
0.00186896
0.00186245
0.00193282
0.00178723
0.00167715
0.00203817
0.00213564
0.00216326
0.00182449
0.0017404
0.00201913
0.00183264
0.00190009
0.00190876
0.00202784
0.00234965
0.00170722
0.00179467
0.00200076
0.00171453
0.001768
0.00187967
0.00204281
0.00195609
0.00216723
0.00180863
0.00153842
0.0018665
0.00161961
0.00198994
0.00173187
0.00193879
0.00179359
0.00199557
0.00182732
0.00191862
0.00190888
0.0016389
0.00174273
0.00158498
0.00176937
0.00201056
0.00210717
0.00192647
0.00203759
0.00152684
0.00162122
0.00179227
0.00194607
0.0015535
0.00205866
0.00219866
0.00183824
0.00190966
0.0016901
0.00167942
0.00187947
0.00204454
0.00166854
0.00179843
0.0019433
0.00210936
0.00175832
0.0017865
0.00177235
0.00186363
0.00162659
0.00168528
0.00157777
0.00167307
0.00172163
0.00190896
0.00182227
0.0017622
0.00161914
0.00193515
0.00178123
0.00174588
0.00189181
0.00171245
0.00174387
0.00183747
0.0019157
0.00184911
0.00174439
0.00206243
0.0018638
0.00181612
0.00169733
0.00185646
0.00198188
0.00138
0.00188053
0.00207582
0.00155714
0.00193604
0.001985
0.00161001
0.00174489
0.00184457
0.00195111
0.00186523
0.00196726
0.00177214
0.00189548
0.00183537
0.00169575
0.00170316
0.0018709
0.00200329
0.00155651
0.00200156
0.00175024
0.00188095
0.0016549
0.00168957
0.00166797
0.00171656
0.001995
0.00222409
0.00181787
0.00179556
0.00198529
0.00189758
0.00166877
0.0016909
0.00182463
0.00154949
0.00187196
0.00178813
0.00185178
0.00197309
0.00190462
0.00189394
0.00174735
0.00166748
0.00156295
0.0019555
0.00181977
0.0020025
0.00191842
0.00178506
0.00182808
0.00168945
0.00178499
0.00169073
0.00180256
0.0017722
0.00167368
0.00179408
0.00209775
0.0016551
0.0015243
0.00187559
0.0017
0.00180366
0.00177105
0.00183225
0.0020077
0.00193492
0.00194809
0.00200197
0.000783126
