0.8
0.00240711
0.00226475
0.00207182
0.00242016
0.00247825
0.00251967
0.00241711
0.00232345
0.00239964
0.00234637
0.00227925
0.00226525
0.00235482
0.00228782
0.00264955
0.00215931
0.00248706
0.00225184
0.00235125
0.00235127
0.00230928
0.00227594
0.00228077
0.00214532
0.00250261
0.00211206
0.00226663
0.00220565
0.00241596
0.0022121
0.00248458
0.0023105
0.00264327
0.00216316
0.00226143
0.00228731
0.0025653
0.00218174
0.00226829
0.00237741
0.00201153
0.0022331
0.00208384
0.00217701
0.00224114
0.00220646
0.00238805
0.002318
0.00230756
0.00240545
0.00224049
0.00244065
0.00245851
0.00231306
0.00227779
0.00233439
0.00200143
0.00237172
0.00209337
0.00230745
0.00242258
0.00231307
0.00238366
0.00226019
0.00206734
0.00213802
0.00189533
0.00241595
0.00239283
0.00208042
0.00223061
0.00229273
0.00231208
0.00244871
0.00183171
0.00232143
0.00237024
0.00204854
0.00217528
0.0019044
0.00238523
0.00222418
0.00198942
0.00218796
0.00214141
0.00234763
0.00223195
0.00213438
0.00193155
0.00241377
0.00238061
0.00213146
0.0021496
0.00224763
0.00218268
0.00217355
0.00241653
0.00228509
0.00198759
0.00195168
0.00217124
0.00216515
0.00188631
0.00210872
0.00215068
0.00209076
0.00215609
0.00207579
0.00238104
0.00207863
0.00203548
0.00205804
0.00204146
0.00211816
0.00204946
0.00203527
0.00232376
0.00231211
0.00216096
0.00216399
0.00221559
0.00223545
0.00178091
0.00226594
0.00222442
0.00229664
0.00229768
0.00192999
0.00215577
0.00213052
0.00226669
0.00197356
0.00199116
0.00214268
0.00200107
0.00209984
0.00200257
0.00200955
0.0020154
0.00224003
0.00211422
0.00203946
0.00219752
0.00193119
0.00201366
0.00209385
0.00208956
0.00207022
0.00219811
0.00200703
0.00218213
0.00222827
0.00232022
0.00207915
0.00248546
0.00214795
0.00189668
0.00204645
0.0018935
0.0017613
0.00232596
0.00203425
0.00198379
0.00221697
0.00221323
0.00216643
0.00201866
0.0022117
0.00217398
0.00205326
0.00195275
0.00184403
0.00199264
0.00191752
0.00203682
0.00218579
0.00178984
0.00189695
0.00205743
0.00201784
0.00236113
0.00224464
0.00185133
0.00197381
0.00200835
0.00231256
0.00207223
0.00223551
0.00216818
0.0022781
0.00206363
0.00209204
0.00214397
0.00190758
0.00202705
0.00192266
0.00193827
0.00192527
0.00193496
0.00193327
0.00184585
0.00205703
0.00177505
0.00196177
0.00211214
0.00205219
0.00202891
0.00201377
0.00230596
0.00195869
0.00166022
0.00172009
0.00184416
0.00188786
0.00208216
0.00214588
0.00210969
0.00188874
0.0019789
0.00190019
0.00206228
0.00204084
0.00210325
0.0020484
0.00180732
0.00226262
0.00187076
0.00202805
0.00183939
0.00220512
0.00207541
0.00179542
0.00206749
0.00197037
0.00206233
0.00186824
0.00177195
0.00206933
0.00194152
0.00239264
0.00179146
0.00196371
0.00184774
0.00214994
0.00196137
0.00195448
0.0018371
0.00203421
0.00194816
0.00192365
0.00184991
0.00188084
0.00206759
0.00196833
0.00194372
0.0019749
0.00205489
0.00193173
0.00206426
0.0021308
0.00178541
0.0016514
0.00201225
0.001834
0.00184242
0.0021681
0.00203358
0.00191168
0.00204466
0.00220956
0.00197552
0.00186043
0.00172656
0.00190705
0.00192084
0.00200699
0.00193191
0.00189791
0.00207571
0.00196592
0.00181507
0.00195285
0.00200693
0.00216737
0.00188824
0.00191037
0.00197282
0.00186981
0.00181925
0.00208757
0.00199399
0.00171364
0.00176445
0.00184206
0.00181458
0.00191548
0.00184565
0.0019783
0.00188105
0.00206961
0.00191271
0.00200895
0.00192411
0.00208866
0.0018172
0.00192496
0.00178966
0.00206993
0.00213526
0.00195394
0.00198676
0.00198249
0.00193567
0.00192183
0.00188543
0.00182161
0.00183609
0.00192178
0.00183587
0.00187908
0.00191666
0.00199683
0.00199733
0.00193563
0.00192433
0.00186989
0.00212359
0.00196371
0.0018747
0.00192491
0.00196897
0.00201428
0.00173717
0.00178233
0.00188851
0.00184439
0.00198081
0.00201899
0.00193862
0.00203934
0.00189621
0.00171244
0.00186137
0.0017783
0.00198036
0.00202717
0.00188329
0.00184385
0.00182321
0.00187132
0.00180174
0.00174064
0.00179603
0.00194239
0.00173002
0.00181443
0.00176607
0.00191198
0.00190616
0.00177829
0.00181067
0.0017327
0.0019241
0.00183085
0.00184346
0.00187796
0.00181825
0.00197296
0.00189097
0.00199147
0.00182586
0.00163762
0.00174241
0.00189277
0.00211837
0.00176444
0.00189999
0.00188762
0.00179096
0.00183678
0.00173673
0.00191147
0.00199294
0.00195893
0.00185384
0.00179076
0.00184482
0.00170088
0.0019348
0.00181585
0.00175538
0.00181698
0.00166791
0.00186205
0.00180641
0.0018091
0.00194915
0.00177044
0.00199413
0.0019261
0.00172974
0.00215124
0.00176656
0.00180816
0.00187049
0.00192954
0.00169839
0.00179524
0.0016439
0.00182918
0.00196827
0.00203131
0.00182846
0.00175851
0.00163474
0.0019234
0.00201624
0.00182891
0.00187003
0.00192045
0.00169196
0.00171959
0.00162764
0.00187002
0.00179422
0.00182664
0.00201789
0.0017036
0.0017572
0.00198809
0.0019053
0.00193697
0.00178413
0.00170844
0.00167365
0.00180765
0.00163852
0.0017427
0.00188766
0.00170858
0.00189144
0.00173314
0.00171732
0.00166295
0.00195949
0.00169516
0.00188067
0.00173934
0.00201023
0.00182837
0.00176134
0.00174939
0.00187915
0.00190839
0.00174293
0.00167221
0.00172622
0.0017761
0.00164445
0.00186755
0.00176963
0.00188938
0.00181971
0.00180023
0.00191966
0.00181263
0.00171335
0.00183302
0.00171964
0.00166675
0.00173518
0.0018589
0.00177398
0.00165482
0.00191048
0.00169711
0.00194649
0.00198694
0.00174374
0.00173961
0.00182717
0.00188088
0.00185815
0.00178632
0.00178454
0.0016815
0.0018243
0.00186186
0.0018205
0.0020365
0.00180165
0.00166459
0.00175814
0.00175567
0.00178134
0.00177463
0.00194055
0.00182732
0.00187329
0.00075788
