0.8
0.00213969
0.00209761
0.00212364
0.00209836
0.0021317
0.00218056
0.00213851
0.00224291
0.00214672
0.00213019
0.00219112
0.00221296
0.00220169
0.00218686
0.00214173
0.00223684
0.00217501
0.00219112
0.00221648
0.00217358
0.00220178
0.00215945
0.00217265
0.00228974
0.00217252
0.00226229
0.00219159
0.00222709
0.00219765
0.00211798
0.00217542
0.00210468
0.0021319
0.00219996
0.00221019
0.00217624
0.00219153
0.00218541
0.00222372
0.00221137
0.0020893
0.00212784
0.00211925
0.00220229
0.00220406
0.0021211
0.00217962
0.00210305
0.0020271
0.00222329
0.00209257
0.00205758
0.00225804
0.0021621
0.00217055
0.00210449
0.00210543
0.00217402
0.00218247
0.00216846
0.00205793
0.00214124
0.00212681
0.00208531
0.00216505
0.00213232
0.00218002
0.00215044
0.00215939
0.00206814
0.00203837
0.00213974
0.00215876
0.00209422
0.00205747
0.00206616
0.00212944
0.00200346
0.00213333
0.00209411
0.00211257
0.00209476
0.00210903
0.00214387
0.0021024
0.00206059
0.00218466
0.00203666
0.00206919
0.00208336
0.0021492
0.00216369
0.00207032
0.00214629
0.00212682
0.00210661
0.00215544
0.00213007
0.00204754
0.00216246
0.00209093
0.00210462
0.00207923
0.00210514
0.00217612
0.00208954
0.00206867
0.00211389
0.00213663
0.0020706
0.00202469
0.00207175
0.00205976
0.00209099
0.00221222
0.00214196
0.0020614
0.00202199
0.00215134
0.00212789
0.00209082
0.00213736
0.0020946
0.00206792
0.00206049
0.0020858
0.00205352
0.00206808
0.00212169
0.00201402
0.00201092
0.00205335
0.00198804
0.0020497
0.00213684
0.00208115
0.00209593
0.00212919
0.00201905
0.00201144
0.00199637
0.00215484
0.00203508
0.00202678
0.00199895
0.00211102
0.00208875
0.00212476
0.0020682
0.00218314
0.00205584
0.00198366
0.00203479
0.00204794
0.00207316
0.00212854
0.0021309
0.00216564
0.0020274
0.00212643
0.00201677
0.00201114
0.00207139
0.00210091
0.00211399
0.00203188
0.00209589
0.00203599
0.00204853
0.0020599
0.00201879
0.00206819
0.00199696
0.0020205
0.00203415
0.00202408
0.00201072
0.0020501
0.00197307
0.0020616
0.00204335
0.00208991
0.00212132
0.00202543
0.00208286
0.00207698
0.00201465
0.0020099
0.00196753
0.0019604
0.00201358
0.00200406
0.00206225
0.00195858
0.00197882
0.00210885
0.00201493
0.00203848
0.00204374
0.00210983
0.00204764
0.00202315
0.00196113
0.00210666
0.00197495
0.00206661
0.00209866
0.00203404
0.0021469
0.00206491
0.00202638
0.00204639
0.00199228
0.00203055
0.00204641
0.0019649
0.00198659
0.00211934
0.00195138
0.00194485
0.00194653
0.00203771
0.00195931
0.00193973
0.00205264
0.00197247
0.00201161
0.00190171
0.00211054
0.00203769
0.00198823
0.00197389
0.00204449
0.00199186
0.00193133
0.00205188
0.00211329
0.00192874
0.0020117
0.00201834
0.00202636
0.00184903
0.00197121
0.00202248
0.0020212
0.00198109
0.00198719
0.00203907
0.00187938
0.00206441
0.00200825
0.00203444
0.0021176
0.00199609
0.00192762
0.00183297
0.00206464
0.00201727
0.00202837
0.00196034
0.00194745
0.00208798
0.00199879
0.00187721
0.00202333
0.00184027
0.00207934
0.00201985
0.00209211
0.00194306
0.00204283
0.00197835
0.00181592
0.00200223
0.00194321
0.00196681
0.00186184
0.00189427
0.00192829
0.00191465
0.00203529
0.00202316
0.00198921
0.00188762
0.00196382
0.00204592
0.00198717
0.00198353
0.00201183
0.00203112
0.00202716
0.00187461
0.00202591
0.0019842
0.00187022
0.00191468
0.0019812
0.00201865
0.00186799
0.00199858
0.0018802
0.00199894
0.00201209
0.00194852
0.00186495
0.0019408
0.00191367
0.00203975
0.00195941
0.00187304
0.00200117
0.00196705
0.00196548
0.00195009
0.00188431
0.00197956
0.00201674
0.00198835
0.00195299
0.00188531
0.00192713
0.00190713
0.00201751
0.00190005
0.00193005
0.00193919
0.001985
0.00198935
0.00196982
0.00190774
0.00187259
0.00192839
0.00191907
0.00199527
0.00192822
0.00186527
0.0019398
0.00190939
0.0019098
0.00190157
0.00199513
0.00199156
0.00199835
0.00194832
0.00193333
0.00191837
0.00194393
0.00180754
0.00190303
0.00193404
0.00190244
0.00195938
0.00186645
0.00188842
0.00191963
0.00196943
0.00194168
0.001885
0.00186022
0.001974
0.00201878
0.00178567
0.00198751
0.00197315
0.00200222
0.00193667
0.0019098
0.00182592
0.00197341
0.00199424
0.00197417
0.00176783
0.00190967
0.00188362
0.00185436
0.00178598
0.00185823
0.00181274
0.00196616
0.0018917
0.00195758
0.0019076
0.00199482
0.00185013
0.0019308
0.00177449
0.00202023
0.00200408
0.00185353
0.00197924
0.00186682
0.00191098
0.00185731
0.00194856
0.00192631
0.00205727
0.00195381
0.00187145
0.00192645
0.00193236
0.00193697
0.00194489
0.00201952
0.00192109
0.00190749
0.00196744
0.00191847
0.00192687
0.0019887
0.00189548
0.00178671
0.00185741
0.0017951
0.00180789
0.00180528
0.00189057
0.00190149
0.00187755
0.0019381
0.00185517
0.00192171
0.00183
0.00193095
0.00183438
0.00187981
0.00186318
0.00190729
0.00192432
0.00181761
0.00181571
0.00183743
0.00179106
0.00188889
0.00191818
0.0018272
0.00184129
0.00189113
0.00184086
0.0018069
0.0018442
0.00194145
0.00197282
0.0019379
0.00182392
0.00189017
0.00185804
0.00185997
0.00187959
0.00182982
0.00190405
0.00196846
0.00190327
0.00186164
0.00198383
0.00186806
0.00200322
0.00198564
0.00197499
0.00186159
0.00193953
0.00190276
0.00192516
0.00187786
0.00180189
0.00180892
0.00173302
0.00191157
0.00185858
0.00183543
0.0019085
0.0018712
0.0019052
0.00187548
0.00187339
0.00183698
0.00187221
0.00191662
0.00190668
0.00186329
0.0019143
0.00187622
0.00185488
0.00203147
0.0018291
0.00181824
0.00183387
0.00182491
0.00185453
0.00188586
0.00191603
0.00190904
0.00174973
0.00191217
0.00189423
0.00194325
0.00192702
0.00177495
0.00187054
0.00183522
0.000579015
