0.2
0.00700861
0.00645295
0.00663343
0.00685139
0.00679345
0.00695043
0.00649047
0.00670154
0.00680977
0.00687861
0.00667045
0.00659734
0.00656773
0.00686732
0.0070905
0.00686019
0.00706796
0.00644077
0.00703383
0.00674611
0.0066559
0.00677127
0.00659619
0.00671884
0.00666274
0.00677326
0.00679409
0.00691181
0.00673563
0.00637378
0.00649665
0.0068824
0.00647388
0.00723887
0.00636874
0.00694253
0.00717378
0.00652615
0.00637759
0.00662007
0.00676313
0.0065588
0.00669033
0.00654008
0.00650297
0.00663466
0.0065278
0.00648961
0.00635533
0.00687472
0.00663556
0.00634017
0.00649124
0.0069378
0.00641898
0.00680319
0.00692045
0.00684339
0.00718108
0.0065769
0.00644288
0.00688225
0.00680771
0.00668335
0.00632614
0.00670797
0.00687371
0.0070165
0.00685906
0.00625538
0.00712582
0.00647149
0.00674596
0.00661671
0.0068361
0.00664989
0.00660295
0.00662096
0.00687665
0.00698538
0.00652395
0.00687526
0.00672958
0.00692135
0.00684648
0.00664066
0.00667293
0.00660721
0.0067733
0.00714142
0.00676139
0.00696469
0.00662184
0.00662045
0.00632454
0.00651243
0.00665651
0.00699827
0.00695411
0.00653951
0.00675429
0.00646905
0.00667038
0.00685128
0.00632824
0.00631428
0.00695868
0.0063917
0.00676252
0.00679479
0.00664335
0.00635084
0.00623962
0.00663007
0.00695795
0.00671453
0.00678073
0.00650799
0.00652251
0.00652085
0.00645952
0.0065445
0.00651371
0.00639177
0.00632059
0.00640048
0.00681666
0.00645554
0.00652686
0.00642042
0.00645284
0.00648884
0.00684229
0.00678927
0.00658985
0.00652168
0.00659834
0.00624783
0.00673181
0.00677613
0.0068471
0.00659911
0.00661729
0.0067637
0.00682081
0.00631865
0.00669089
0.00659754
0.00651392
0.00541246
