0.2
0.00692894
0.00692463
0.00658492
0.00671417
0.00695712
0.00707722
0.00670777
0.00696483
0.00675226
0.00660473
0.00662918
0.00688341
0.0066143
0.00674542
0.00656735
0.00676136
0.00690894
0.00649426
0.00668667
0.006711
0.00648115
0.00672588
0.0067949
0.00680387
0.00667357
0.00687002
0.00652297
0.00669122
0.0065603
0.00670363
0.00680193
0.00665447
0.00671571
0.00663921
0.00659509
0.00667413
0.0067487
0.00648797
0.00664099
0.00674944
0.00675408
0.00666884
0.0069203
0.00653859
0.00670577
0.00651701
0.00663369
0.0066687
0.00654253
0.00681028
0.0064771
0.00668096
0.00696246
0.00644466
0.00658723
0.00694823
0.00683462
0.00695609
0.00638132
0.00683878
0.00687877
0.00669084
0.0067764
0.00636128
0.00670686
0.00654925
0.00659659
0.00672489
0.0067174
0.00670181
0.00635425
0.00668849
0.00669859
0.00683616
0.00671245
0.00674314
0.00675664
0.00651832
0.0068401
0.006533
0.00668988
0.00665183
0.00659994
0.00647554
0.00673968
0.00661979
0.00664614
0.00690232
0.00673016
0.00651386
0.00678679
0.00672796
0.00652451
0.00654587
0.00668924
0.00683708
0.00668827
0.00660227
0.00659083
0.00670879
0.00674006
0.00665855
0.00682658
0.00660658
0.00679072
0.00663599
0.00649769
0.00684401
0.00654952
0.00630165
0.00671681
0.00640554
0.00648179
0.00684108
0.00659012
0.00656679
0.00665575
0.0065528
0.0066233
0.00671326
0.00664661
0.00662375
0.00676439
0.0066038
0.00671309
0.00659769
0.00645236
0.00674554
0.00678803
0.00647119
0.00665807
0.00649597
0.00655356
0.00690288
0.00688411
0.00665464
0.00672504
0.00655943
0.00650671
0.00681055
0.0064503
0.00660706
0.00657922
0.00683215
0.00645179
0.00666036
0.00670985
0.00665077
0.00662601
0.00539565
