0.2
0.00691837
0.00689452
0.006636
0.00661734
0.00715655
0.00674814
0.00668775
0.00680198
0.00679595
0.0067565
0.00680895
0.00678456
0.00692922
0.00680555
0.00666153
0.00650478
0.00656505
0.00705164
0.00678207
0.0066393
0.00659563
0.00667318
0.00682984
0.00666031
0.00658356
0.00714593
0.00690861
0.00655424
0.00710262
0.00670625
0.00670355
0.0070502
0.00648945
0.00665247
0.00656206
0.00653145
0.00678619
0.0067364
0.00688865
0.00684852
0.00650523
0.00687957
0.00654453
0.00660973
0.00675355
0.00663075
0.00699334
0.0066605
0.00656165
0.00676867
0.00682073
0.00693298
0.00658406
0.00682394
0.00698216
0.00654784
0.00645779
0.00652365
0.00674818
0.0066294
0.00663413
0.00672872
0.006817
0.00655488
0.00657074
0.0065174
0.00655064
0.00654307
0.0067136
0.00684705
0.00677624
0.00644443
0.00664659
0.0067962
0.00661434
0.00644377
0.00636427
0.00655628
0.00643132
0.00695481
0.00644527
0.00665793
0.00645391
0.00650978
0.00653064
0.00697375
0.00666213
0.00656578
0.00647064
0.00650447
0.00676115
0.00649474
0.00688903
0.00682569
0.00671489
0.00679773
0.00668019
0.00668559
0.00663246
0.00683974
0.00683655
0.0066885
0.00642338
0.0066654
0.00659553
0.00677517
0.00669687
0.00622175
0.00654391
0.00653285
0.00654842
0.00651714
0.0066712
0.00691311
0.00670148
0.0067663
0.0065153
0.00645038
0.00664254
0.00651484
0.00632539
0.00645468
0.0064753
0.00678301
0.00668173
0.00657524
0.00676847
0.00675137
0.00679481
0.0069595
0.00657052
0.00654059
0.00667208
0.00670142
0.00664582
0.00675748
0.00666953
0.00659369
0.00679572
0.0065998
0.00657662
0.00676816
0.00663294
0.00652278
0.00634794
0.00653415
0.00672872
0.00659046
0.0064429
0.00540449
