0.2
0.0066214
0.00667543
0.00656834
0.00665937
0.00675085
0.00668275
0.00666255
0.00658881
0.00684667
0.00683916
0.00654641
0.00662274
0.00683705
0.00663696
0.00679748
0.0065257
0.00665795
0.00676354
0.00661228
0.00670982
0.00650018
0.00652
0.00686931
0.00662078
0.00668459
0.00673298
0.00682774
0.00679296
0.00688992
0.00654105
0.00653604
0.00681528
0.00678248
0.00653262
0.00648028
0.0066456
0.00701341
0.00655423
0.00676375
0.00688552
0.00661934
0.00658546
0.00657399
0.00673224
0.00675666
0.00652928
0.00683773
0.0065448
0.00668753
0.00660211
0.00667947
0.00676309
0.00665071
0.00656936
0.0069433
0.00668523
0.00673934
0.00657933
0.006915
0.00678466
0.00682807
0.00679117
0.00688878
0.00665721
0.00672609
0.00666113
0.00671912
0.00645912
0.00657495
0.0067475
0.00676722
0.0066218
0.0067274
0.00681647
0.00643423
0.0066837
0.00679869
0.00672057
0.0068214
0.00670426
0.00653734
0.00681318
0.00666145
0.00648023
0.00662612
0.00658712
0.00678708
0.00654351
0.00654573
0.0067668
0.00687604
0.00671689
0.00692173
0.00673554
0.0066389
0.00669321
0.00667438
0.00650839
0.00668332
0.0066772
0.00665428
0.00669836
0.00673665
0.00649023
0.00663749
0.00662863
0.00681172
0.0067417
0.00653543
0.00644695
0.00667072
0.00645483
0.00669283
0.00686115
0.00670105
0.00661084
0.00662444
0.00656259
0.00666113
0.00665192
0.00661406
0.00650039
0.00676501
0.00658928
0.00671644
0.00659624
0.00668214
0.00673148
0.00661685
0.0067359
0.00686852
0.00661164
0.00666529
0.00672153
0.00660081
0.00676413
0.00671432
0.00665133
0.00674812
0.00664437
0.00646804
0.00638099
0.00664274
0.00647411
0.00677444
0.00665479
0.00656495
0.00660897
0.00663864
0.0053859
