0.2
0.00668089
0.0067192
0.00683164
0.00689563
0.00667792
0.00668436
0.00658266
0.00663673
0.0065855
0.00664556
0.00673184
0.00665954
0.00676726
0.0066685
0.00669503
0.00657911
0.00678598
0.00685657
0.00674132
0.00655324
0.00663845
0.00681225
0.00642429
0.00670521
0.00661488
0.0066856
0.00682911
0.00668661
0.00676403
0.00673104
0.00670598
0.00675243
0.00675707
0.00673073
0.00671779
0.00675625
0.00661186
0.00687969
0.00657231
0.00666092
0.00666025
0.00684937
0.0066495
0.00680549
0.0066663
0.00651162
0.00675951
0.00673413
0.00655507
0.00680922
0.00666271
0.0066745
0.00660772
0.00658628
0.00671906
0.00669357
0.00677396
0.00655544
0.00652045
0.00671636
0.00659055
0.0067578
0.00668943
0.00641658
0.00659729
0.00684365
0.00677675
0.00666219
0.00664263
0.00666021
0.00671259
0.00674654
0.00677694
0.00661033
0.00666939
0.00657967
0.00660899
0.00668048
0.00665605
0.00677131
0.00664816
0.00667403
0.00663168
0.00684921
0.00672228
0.00669188
0.00664843
0.00668169
0.00673209
0.00668737
0.00675385
0.00670281
0.00657548
0.00671364
0.00685296
0.00661928
0.00670376
0.00666971
0.00658077
0.00663463
0.00671185
0.00672796
0.00681082
0.00670518
0.00662771
0.00661869
0.00660306
0.00638123
0.0065644
0.00662546
0.00677607
0.00677533
0.00665371
0.00672167
0.00685135
0.00676181
0.00676852
0.006598
0.00665327
0.00652694
0.00656534
0.00670833
0.00668587
0.00655163
0.00656745
0.00675714
0.00660367
0.00659695
0.00665853
0.00669277
0.00660091
0.00655021
0.00664817
0.00660757
0.00649164
0.00671379
0.00660557
0.00674643
0.00668152
0.00660178
0.00652629
0.00661229
0.00667578
0.00670162
0.00661785
0.00670084
0.00668178
0.0066593
0.00659964
0.00537772
