0.2
0.00667386
0.00674833
0.00668689
0.0065447
0.0067485
0.00669423
0.00670888
0.00667146
0.00668468
0.00673391
0.00662922
0.00675099
0.00660268
0.00662314
0.00675706
0.00676152
0.00677201
0.00672608
0.00672682
0.00675602
0.00670714
0.00670039
0.00676175
0.00675491
0.00675161
0.00667233
0.00676572
0.00675307
0.00680739
0.00670929
0.00671631
0.00678013
0.00654527
0.00668299
0.00676378
0.00658254
0.00669808
0.00666811
0.00670597
0.00685356
0.0066395
0.0067704
0.00674482
0.00671553
0.00664279
0.00681694
0.00660301
0.00677887
0.00671793
0.00669445
0.00674252
0.0066552
0.00677736
0.00668803
0.00664021
0.00667271
0.00659557
0.00670276
0.00680084
0.00654888
0.0065561
0.00676458
0.00662028
0.00673357
0.00667029
0.00681644
0.00674568
0.0068017
0.0066862
0.00671485
0.00685229
0.00657332
0.0065738
0.006624
0.00674687
0.00656165
0.00663642
0.00667283
0.00661851
0.00660859
0.00673621
0.00654332
0.00657914
0.00664444
0.00666979
0.00663798
0.00657393
0.00659728
0.00656726
0.00662442
0.00652218
0.00651637
0.00657019
0.00669447
0.00668025
0.00671867
0.00661478
0.00667449
0.00668892
0.00663228
0.00666182
0.00666447
0.00653448
0.00658238
0.00667385
0.0066195
0.00674967
0.00653407
0.00657168
0.00664925
0.00667699
0.00670098
0.00671016
0.00661254
0.00664151
0.00670073
0.00674969
0.0067831
0.00662291
0.00665208
0.00656462
0.00669102
0.00660755
0.00666352
0.00665881
0.00662045
0.00668188
0.00666772
0.00672354
0.0066893
0.00660299
0.00672797
0.00666447
0.00668276
0.00660369
0.00660913
0.00664643
0.00645884
0.00658674
0.00663313
0.00662279
0.00652213
0.00674602
0.00678475
0.00667064
0.00681363
0.00673662
0.00669312
0.00677065
0.00536928
