0.2
0.00699498
0.00626131
0.00716429
0.00620064
0.00658394
0.0067969
0.0066603
0.0064715
0.00679739
0.0069945
0.00629637
0.00662807
0.00643654
0.00617933
0.00663985
0.00680366
0.00664275
0.00716128
0.00699518
0.00620391
0.00633381
0.00723439
0.00632797
0.00711709
0.00674573
0.00674115
0.00625296
0.00676222
0.00680323
0.00653169
0.00649336
0.00719773
0.00737098
0.00730859
0.00669739
0.00623668
0.00686981
0.00679679
0.00643999
0.00660659
0.00603074
0.00656882
0.00662553
0.00712033
0.00716007
0.00630155
0.00662327
0.00614997
0.00701509
0.00672912
0.00671663
0.00680404
0.00682256
0.00687721
0.00665015
0.00652823
0.00655864
0.00629358
0.00638026
0.00679837
0.00745393
0.00657383
0.00658721
0.00706653
0.00643631
0.00755881
0.00628472
0.00672144
0.00680609
0.00699716
0.00675654
0.00688609
0.00683114
0.00654001
0.0065158
0.00685943
0.0062593
0.00659243
0.00720569
0.00704534
0.00650475
0.0060519
0.00704456
0.00611971
0.00654812
0.00691198
0.0063368
0.00637798
0.0067092
0.00709495
0.00673965
0.00680162
0.00671611
0.00654434
0.00657411
0.00655907
0.00662181
0.00679292
0.00638472
0.00778687
0.0068301
0.00691421
0.00666189
0.00615071
0.0069129
0.00672607
0.00642086
0.00649059
0.00673203
0.00648891
0.00681156
0.00647831
0.00646923
0.0060401
0.00671231
0.00683117
0.00697495
0.00664664
0.006688
0.00696623
0.00662216
0.00627233
0.00691645
0.0060121
0.00687077
0.00737198
0.00615962
0.0067584
0.00674597
0.00689712
0.00655404
0.00593285
0.00638725
0.00644087
0.00659864
0.00658859
0.00683696
0.00659053
0.00672793
0.00699411
0.0067715
0.00712108
0.00653881
0.00671047
0.006685
0.00657349
0.00671833
0.00614073
0.00636194
0.00541925
