0.2
0.00667615
0.00667552
0.00669571
0.00670335
0.00663177
0.00665202
0.00664292
0.00667359
0.00663436
0.00675399
0.0066923
0.00669337
0.0066828
0.00666227
0.00668266
0.00673261
0.00666358
0.00669264
0.00666045
0.00664889
0.00669277
0.00668026
0.00674247
0.0067126
0.00663041
0.00666985
0.00666989
0.00675177
0.00670243
0.00665603
0.00665858
0.00667112
0.00672212
0.00668823
0.00671113
0.00668945
0.00667797
0.00667965
0.00666683
0.00671805
0.00667819
0.00664641
0.00667909
0.00666858
0.0066464
0.00664591
0.00666919
0.00667658
0.00668944
0.00664524
0.00663395
0.00668607
0.00664445
0.00664455
0.00665287
0.00670892
0.00670572
0.00668665
0.00666376
0.0067072
0.00668663
0.00666527
0.00665401
0.0066528
0.00670681
0.00667536
0.00667425
0.00671584
0.00673775
0.00662394
0.00665224
0.00660893
0.00670434
0.00665585
0.00668193
0.00666141
0.00667952
0.00663373
0.00667066
0.00671514
0.00664198
0.00670071
0.00670249
0.00665048
0.00666078
0.00666005
0.00666407
0.00670497
0.00667362
0.00667375
0.00669466
0.00667133
0.00662646
0.00667138
0.0066287
0.00667783
0.00666104
0.00663739
0.00664797
0.00670487
0.0066423
0.00666472
0.00667659
0.00666301
0.00668112
0.00671389
0.00671492
0.00675535
0.0066701
0.00671788
0.00673569
0.00672696
0.00663213
0.00669103
0.00657871
0.00665083
0.00663623
0.00662927
0.00673746
0.00666365
0.00668246
0.00666937
0.00671214
0.00666691
0.00661651
0.00668232
0.00666222
0.00669213
0.00666586
0.00669316
0.00663455
0.00661164
0.00665674
0.00667508
0.0066142
0.00663839
0.00671123
0.00673773
0.00666917
0.00667397
0.00671404
0.00670231
0.00672426
0.00672155
0.0066222
0.00671569
0.00665992
0.00669267
0.00661691
0.00535013
