0.2
0.00664466
0.00661025
0.00671345
0.00666455
0.00672393
0.00667619
0.00651676
0.00668039
0.00678086
0.00669193
0.00687312
0.00666745
0.00660708
0.00672274
0.00667517
0.00674098
0.0066744
0.00677901
0.00671013
0.00670583
0.00660411
0.00670757
0.00667652
0.0066601
0.00676473
0.00667379
0.00664961
0.00661655
0.00656748
0.0066946
0.00665498
0.00667432
0.00673456
0.00668055
0.0066567
0.00673158
0.00658422
0.00669479
0.00664489
0.00665592
0.00669302
0.00671604
0.00659781
0.00672468
0.00671246
0.00667584
0.00670012
0.00668823
0.00676935
0.0066398
0.00666371
0.0065847
0.00675314
0.0066617
0.00679537
0.00662725
0.00668699
0.00675633
0.00667127
0.00678281
0.00677192
0.006584
0.00656403
0.0067267
0.0066393
0.00662582
0.00668621
0.0066291
0.00669861
0.00663097
0.00683746
0.00667493
0.00669528
0.00682799
0.00661419
0.00659035
0.00671612
0.00661867
0.00667923
0.0066631
0.00666134
0.00662793
0.00670648
0.00664135
0.00667909
0.00660664
0.00664413
0.00671766
0.00675924
0.00677504
0.00662649
0.00671649
0.00667303
0.00672528
0.00677816
0.00664468
0.00668588
0.0066176
0.00658163
0.00660464
0.00664055
0.00676024
0.00660985
0.00673826
0.0066183
0.00661693
0.00656977
0.00671178
0.00668546
0.00664611
0.00660231
0.00671739
0.00668664
0.00664917
0.00662712
0.0066384
0.00674897
0.00675339
0.00663053
0.00661726
0.00670845
0.00672036
0.00670738
0.00662236
0.00658491
0.00668893
0.00660514
0.0066635
0.00672142
0.006778
0.00666528
0.00669362
0.00659621
0.00667377
0.00668522
0.00662666
0.00666117
0.00665762
0.00666059
0.00673973
0.00672248
0.00660154
0.00664231
0.00659031
0.00659684
0.00667336
0.00668368
0.00670021
0.00666734
0.00535935
