0.2
0.00742392
0.00715198
0.00740836
0.00696954
0.00735507
0.00718352
0.00713738
0.00740035
0.0076131
0.00700332
0.00736372
0.0072099
0.00668197
0.00734415
0.00713454
0.00738961
0.00724547
0.00715487
0.00743511
0.00727604
0.00718106
0.00736632
0.00748087
0.00707195
0.00715896
0.00717067
0.00704144
0.00723621
0.00687405
0.00724436
0.00729391
0.00723668
0.00706638
0.00722731
0.00709231
0.00725549
0.00705155
0.00721653
0.00714787
0.00722358
0.00687993
0.00721517
0.00720884
0.00724605
0.00716497
0.00679468
0.00720564
0.00716767
0.00757892
0.00726328
0.00710303
0.00718494
0.00734567
0.00701792
0.00686411
0.00724613
0.00694958
0.00702787
0.00693143
0.00715809
0.00707976
0.0073006
0.00725701
0.00708899
0.00704142
0.00763991
0.00726999
0.00687326
0.00709271
0.00693895
0.00693259
0.00721476
0.00723374
0.00712424
0.00722577
0.00704725
0.00726486
0.00693715
0.00727198
0.00695031
0.00738811
0.00733999
0.00693203
0.00694902
0.0072439
0.0071167
0.00720391
0.00732931
0.0070886
0.00701041
0.00684699
0.00716506
0.00715385
0.00721985
0.00698897
0.00718635
0.00717071
0.00704065
0.00702503
0.0072357
0.00716531
0.00694098
0.00723615
0.00718055
0.00706534
0.00695711
0.00676585
0.00677731
0.00705752
0.00708102
0.00723726
0.00712951
0.0073991
0.00713595
0.00702292
0.00709663
0.00720245
0.00696314
0.00719011
0.0071276
0.00720527
0.00736694
0.00719052
0.00712878
0.0070374
0.00720575
0.00719026
0.00707935
0.00716371
0.00710611
0.00711788
0.00707181
0.00707761
0.00700436
0.00696947
0.0075115
0.00710324
0.00716365
0.00730001
0.00578079
