0.2
0.00894938
0.0088313
0.00934931
0.00933009
0.00917434
0.00922514
0.00914613
0.009233
0.00940985
0.00876027
0.00951827
0.00886491
0.00887294
0.00915079
0.00880746
0.00907576
0.00904839
0.00945091
0.0094638
0.00901569
0.00945986
0.0091704
0.00929788
0.00916031
0.00956271
0.00886109
0.00922649
0.00875531
0.00925295
0.00910561
0.00922172
0.00886171
0.00877694
0.00896611
0.009016
0.00910498
0.00942359
0.00935986
0.00916097
0.00874596
0.0088489
0.0091219
0.00905313
0.00870847
0.00884275
0.00920882
0.00917672
0.00884566
0.00898746
0.00913806
0.00925576
0.00901535
0.00925617
0.00926191
0.00905017
0.00898353
0.00904513
0.00924667
0.00923714
0.00923465
0.00921172
0.00877767
0.00901036
0.00889926
0.00894623
0.0087957
0.00894266
0.00936079
0.00887636
0.0091434
0.00859693
0.00890708
0.00901516
0.00910764
0.00940018
0.00905804
0.00916725
0.00915748
0.00888168
0.00953191
0.00914751
0.00917315
0.00873097
0.00942405
0.00911889
0.00884885
0.00915056
0.00876197
0.00927543
0.00888021
0.0090555
0.00935761
0.00923514
0.00926239
0.00901276
0.00918646
0.00967885
0.00905422
0.009238
0.00920481
0.0091937
0.00913998
0.0089405
0.00900855
0.00933263
0.00912003
0.00905834
0.00913749
0.00943837
0.00735897
