0.2
0.0030508
0.00313789
0.00309317
0.00305895
0.00310732
0.00303543
0.00308366
0.00303705
0.00303248
0.00307242
0.00297817
0.00307744
0.0031447
0.00310759
0.00307132
0.00304617
0.0029599
0.00311612
0.00303133
0.00306684
0.00304717
0.00308593
0.00306139
0.00304674
0.00311136
0.0030315
0.00308491
0.00304609
0.00312753
0.00305989
0.00306789
0.00311214
0.00308455
0.00302702
0.00302731
0.00309499
0.00305906
0.00306474
0.00310715
0.00301021
0.00306792
0.00306343
0.00312243
0.00300031
0.00312569
0.00307194
0.00300183
0.00299271
0.00305316
0.0030684
0.00302996
0.00299864
0.00304331
0.00305291
0.00304749
0.00310628
0.0030152
0.00303189
0.00305186
0.00305486
0.00312296
0.00306702
0.00305351
0.00303744
0.00301256
0.00303146
0.00302469
0.00311446
0.00305207
0.0030954
0.00304222
0.00304491
0.00298773
0.00308472
0.00300566
0.00300601
0.00302695
0.00303548
0.00307015
0.00303065
0.00308119
0.003023
0.00300101
0.00309117
0.00304632
0.00302132
0.00304653
0.00308223
0.00300428
0.00296653
0.00303368
0.00302568
0.0030162
0.00302932
0.00299517
0.00300841
0.00293421
0.00300798
0.00305851
0.00295476
0.00295425
0.00299369
0.00299282
0.00300418
0.00309686
0.00309257
0.00303906
0.00302652
0.00299172
0.00301834
0.00308628
0.00300287
0.00303694
0.00301193
0.00304023
0.0030097
0.00298127
0.00297328
0.00300206
0.00301806
0.00297221
0.00302546
0.00296412
0.00307388
0.00304256
0.00293822
0.00297437
0.00296612
0.00309814
0.00303113
0.00305105
0.00306486
0.00303099
0.00306971
0.00303832
0.00301986
0.00301403
0.00293323
0.00302684
0.00298077
0.00315288
0.00310726
0.00299049
0.00299432
0.00300298
0.00303562
0.0030005
0.00307075
0.00305935
0.00304993
0.00304201
0.00296306
0.00296004
0.00294236
0.00302301
0.00298525
0.00308609
0.00304215
0.00303587
0.0029834
0.00303285
0.0030647
0.00298528
0.00305455
0.00297268
0.00309789
0.0029358
0.00304311
0.00297507
0.00303728
0.00302278
0.00303211
0.00303193
0.00298021
0.00300908
0.00302718
0.003007
0.00306625
0.00299351
0.00306273
0.0030739
0.0030253
0.00306253
0.00303305
0.00307957
0.00304734
0.0030483
0.00303164
0.0029753
0.00297465
0.00304895
0.00302705
0.00303096
0.00295664
0.00303161
0.00304646
0.0029963
0.00300315
0.00306045
0.00301793
0.00301048
0.00308923
0.0030501
0.00308475
0.00299954
0.00298558
0.00302251
0.00295881
0.00302813
0.00302956
0.00305157
0.00307456
0.00299458
0.00304181
0.00307424
0.00305939
0.00299217
0.00310465
0.00304271
0.00302985
0.00301234
0.0030313
0.00299316
0.00305325
0.00308604
0.00297964
0.00298389
0.00305688
0.00302309
0.00302306
0.00300378
0.00305005
0.00303996
0.00303457
0.00306323
0.00309641
0.00296416
0.00298903
0.00302742
0.00302162
0.0030017
0.00304043
0.00301948
0.0030167
0.00303361
0.00309338
0.0029479
0.00303613
0.00297018
0.00295829
0.00310189
0.00301877
0.00295294
0.00301354
0.00300292
0.00297176
0.00300954
0.00299239
0.00296967
0.00298984
0.00305848
0.00297344
0.00310344
0.00304952
0.00296958
0.00294016
0.00299395
0.00297949
0.00296308
0.00297906
0.00302339
0.00304927
0.00303595
0.0031053
0.00301259
0.00301383
0.00302442
0.00299667
0.00307965
0.00304238
0.0029894
0.00307178
0.00302208
0.00303301
0.00305063
0.00296654
0.0030454
0.00302795
0.00302506
0.00300562
0.00308455
0.00308004
0.00301314
0.00307009
0.00298365
0.00303285
0.00305521
0.00308454
0.00308685
0.00306063
0.00296626
0.00299753
0.00303631
0.00300314
0.00299941
0.00312104
0.00297711
0.00298344
0.00301069
0.00305869
0.00307707
0.00309552
0.00306231
0.00303238
0.00301406
0.00309952
0.00303328
0.00298571
0.00301911
0.00298232
0.00299677
0.00296113
0.00304203
0.00301244
0.00300433
0.00302357
0.00309815
0.00300904
0.00300715
0.00245071
