0.2
0.00372821
0.00378736
0.00381731
0.00368865
0.00369486
0.00369928
0.0038715
0.00373512
0.00380862
0.00376676
0.00366088
0.00373839
0.00372221
0.00368588
0.00369196
0.00370576
0.00372827
0.00373335
0.00372725
0.00373855
0.00361994
0.00368736
0.00369552
0.0037835
0.00364556
0.00367912
0.00382521
0.00365434
0.00383355
0.00372308
0.00367988
0.00377443
0.00371151
0.00373988
0.0037624
0.00383266
0.00376027
0.00369152
0.00376999
0.00364274
0.00363209
0.00378965
0.0036663
0.00371591
0.003826
0.0037242
0.00363425
0.00372639
0.00369918
0.00371569
0.0037411
0.00373721
0.00370453
0.00366067
0.00379868
0.00355374
0.00368801
0.00367416
0.00372258
0.00380521
0.00362722
0.00369617
0.0037074
0.00363082
0.00378024
0.00367535
0.00372778
0.00383804
0.00372366
0.00379984
0.00363764
0.00372533
0.00368023
0.00370404
0.00370373
0.00370517
0.00373719
0.00382221
0.00371804
0.00382242
0.00373184
0.00375606
0.00366217
0.00376257
0.00376943
0.0036571
0.0037695
0.00366944
0.00369873
0.0036726
0.00373871
0.0037364
0.00372367
0.00360114
0.00373719
0.00371539
0.00375204
0.00383151
0.00370178
0.00366105
0.00372946
0.00369713
0.00379584
0.00366281
0.00363357
0.00374823
0.00376337
0.00360042
0.0036146
0.00370555
0.00363988
0.00372076
0.00370322
0.00371528
0.00368132
0.0037226
0.00366053
0.00359687
0.00363081
0.00379135
0.00370747
0.00380114
0.00371199
0.00363297
0.00354187
0.00367606
0.00364398
0.00370721
0.00373401
0.00368115
0.00368269
0.00374584
0.00377484
0.0037816
0.00371635
0.00365146
0.00380264
0.00368718
0.00374916
0.00364414
0.00364223
0.00371368
0.0036972
0.0037705
0.00375518
0.00368803
0.00374948
0.00363448
0.0036587
0.00354128
0.00368244
0.00375601
0.00370442
0.00376562
0.00364669
0.00377814
0.00377018
0.00365052
0.00365994
0.00360932
0.0036571
0.00362216
0.00375573
0.00372153
0.00363139
0.00370136
0.00362786
0.00368988
0.00368295
0.00366215
0.00363762
0.00367517
0.00371652
0.00371333
0.00358183
0.00368101
0.00370227
0.00361782
0.00373393
0.00374091
0.00376772
0.00371661
0.00368386
0.00372457
0.00369924
0.00367595
0.00369705
0.00373657
0.00369433
0.00372659
0.00369034
0.00371308
0.00366578
0.00376886
0.00366225
0.00360483
0.00367454
0.00374047
0.0037476
0.00370578
0.00369059
0.00371202
0.00356929
0.00365165
0.00376857
0.00362259
0.00368006
0.00368161
0.00372034
0.00363426
0.00356159
0.00372277
0.00376378
0.00383267
0.00370389
0.00373662
0.00371199
0.00374406
0.00362447
0.00370375
0.00378434
0.00373401
0.00376845
0.00369959
0.00369525
0.00370198
0.00363339
0.00365865
0.00369414
0.0037178
0.00364667
0.00368376
0.00368295
0.00365075
0.00362803
0.00364413
0.00368495
0.00369979
0.00374269
0.00365228
0.00377576
0.0037168
0.00374759
0.00370922
0.00365475
0.00376284
0.00367445
0.0037283
0.00369947
0.00367129
0.0037651
0.003755
0.00365404
0.00373347
0.00373085
0.0036797
0.00372847
0.0037514
0.00364239
0.0036832
0.00366667
0.0037131
0.00368697
0.00374479
0.00373429
0.00369838
0.00364959
0.00373968
0.0037878
0.00299553
