0.2
0.0127801
0.0121809
0.0123534
0.0128145
0.0129025
0.0123838
0.0131256
0.012558
0.0124078
0.0133357
0.0125821
0.0124415
0.0127236
0.0127053
0.012241
0.0121528
0.0123693
0.0121247
0.0115421
0.0123634
0.0125836
0.0127104
0.0124418
0.012852
0.0128468
0.0123875
0.0130574
0.0133015
0.0123333
0.0129792
0.0129981
0.0125297
0.0128488
0.0124019
0.0125313
0.012536
0.0122948
0.0127913
0.0124111
0.0125105
0.0126109
0.0128751
0.0120462
0.0120711
0.0126487
0.0126161
0.0130077
0.0123594
0.0120882
0.0120026
0.0126648
0.0131028
0.012235
0.0121737
0.0120373
0.012776
0.0133442
0.0126283
0.0119741
0.0120959
0.0126073
0.0122026
0.0120149
0.0127207
0.0125378
0.0128796
0.0126172
0.0119333
0.012139
0.0120026
0.0124009
0.0123561
0.0126848
0.0126158
0.012718
0.0123458
0.0128662
0.0131534
0.0122871
0.0101236
