0.2
0.00239447
0.00237773
0.00239208
0.00244782
0.00239856
0.0023382
0.00238226
0.00240062
0.0023922
0.00237601
0.00241106
0.00240845
0.0023895
0.00236368
0.00242876
0.00239549
0.00238039
0.00241536
0.00235414
0.00236691
0.00239647
0.0024062
0.00236785
0.00234551
0.00238893
0.00243896
0.00243286
0.00239231
0.00236998
0.00237032
0.00237752
0.00242233
0.00239152
0.00237714
0.00238293
0.00240902
0.00244457
0.00242474
0.00237193
0.00238645
0.00247646
0.00239729
0.00239394
0.0023489
0.00233009
0.00237407
0.00242558
0.00238153
0.00238279
0.00242918
0.00236396
0.00237916
0.00238486
0.00240108
0.00236031
0.00241592
0.00244772
0.00241856
0.00237814
0.00239646
0.00237536
0.00239244
0.00240251
0.00241983
0.00240273
0.00237786
0.00239692
0.00242989
0.00233215
0.00238868
0.00244828
0.00242371
0.00233466
0.0023718
0.00240139
0.00240976
0.0024024
0.00241908
0.0024171
0.00242073
0.00234027
0.00238673
0.00238661
0.00239907
0.00244074
0.0023606
0.00241048
0.00240953
0.00239665
0.00244816
0.00237443
0.00238333
0.00244935
0.00239461
0.00235034
0.00238254
0.0024085
0.00238006
0.00241759
0.00235735
0.00235265
0.00241916
0.00236441
0.00237854
0.00241741
0.00238136
0.00238628
0.00238504
0.00241558
0.00239535
0.00235191
0.00242819
0.00235779
0.00240925
0.00233845
0.00241844
0.00240045
0.00239379
0.0024265
0.00232187
0.00240277
0.00235698
0.00238185
0.00238295
0.00236174
0.0023901
0.00236665
0.00240613
0.00242629
0.00239855
0.00240176
0.00239663
0.0024056
0.00241439
0.00239388
0.00240282
0.00234782
0.00237141
0.00236903
0.0023434
0.00236168
0.00238644
0.00241137
0.002396
0.00243887
0.00239304
0.00242219
0.00237668
0.00234766
0.00240345
0.00238643
0.0024349
0.0023472
0.00237012
0.00242169
0.00234487
0.00236917
0.00242808
0.00236348
0.00237677
0.0023563
0.00236084
0.00235839
0.00243013
0.00238346
0.00236152
0.00239529
0.00238261
0.00243928
0.00241597
0.00236406
0.00238533
0.00235656
0.00239174
0.00242712
0.00239639
0.00239862
0.00236011
0.00233367
0.00235685
0.00240826
0.00232973
0.00239164
0.0023793
0.00238016
0.0023653
0.00233049
0.00237899
0.0024391
0.00242522
0.00238717
0.00243008
0.00237751
0.00238358
0.00238034
0.00234981
0.00240681
0.00243929
0.00241097
0.00245801
0.00238823
0.00234867
0.00243123
0.00239779
0.00234118
0.00233669
0.00238117
0.00239834
0.00236356
0.00239393
0.00238424
0.00238264
0.00242593
0.00243315
0.00239994
0.0023762
0.00235518
0.00233163
0.00241485
0.00234916
0.00238532
0.00235924
0.00233128
0.00238437
0.00238199
0.00236564
0.0023527
0.00241478
0.00239076
0.00240734
0.00234288
0.00237758
0.00240065
0.00238408
0.00237678
0.00240723
0.00236769
0.00241047
0.00237919
0.0024495
0.00231308
0.00239095
0.00237438
0.00240848
0.0023962
0.00230739
0.00237486
0.00239665
0.00239409
0.00237402
0.00239096
0.00237301
0.00236315
0.00238799
0.00231773
0.00238357
0.00237351
0.00243074
0.00240192
0.00236545
0.00244193
0.00235543
0.00236799
0.00241131
0.00235605
0.00236485
0.00234333
0.00237495
0.00232105
0.00236035
0.00238257
0.00236463
0.0023514
0.00244836
0.00239923
0.00234018
0.00234816
0.00235893
0.0023218
0.00238677
0.00236125
0.00237765
0.00238931
0.00236393
0.00238705
0.00234709
0.00239437
0.00237598
0.00241427
0.00236507
0.00237085
0.00240045
0.00238144
0.00235178
0.00241406
0.00236595
0.00240087
0.00237254
0.00232088
0.00236025
0.00236804
0.00240634
0.0023563
0.00234407
0.00235079
0.00235381
0.00235629
0.00234152
0.00238855
0.00231918
0.00237653
0.00232679
0.0024366
0.00234424
0.00241475
0.00232029
0.00237921
0.00237863
0.00237873
0.00238261
0.00240102
0.00239199
0.00233342
0.00240966
0.00235824
0.00239447
0.00241156
0.00236412
0.00235055
0.00236391
0.00240654
0.00235985
0.00237294
0.00236368
0.00233623
0.00237734
0.00237307
0.0023604
0.00241279
0.00238773
0.0023886
0.00240507
0.00238758
0.00235609
0.00238361
0.00243563
0.00240272
0.0024081
0.0023693
0.00241191
0.00238069
0.00235476
0.00235351
0.00238588
0.00231503
0.00235993
0.00239789
0.00231523
0.00237481
0.00235592
0.00234503
0.00239076
0.00237244
0.00238938
0.00237114
0.00235956
0.00233936
0.00240769
0.00241608
0.00233475
0.0024297
0.00236276
0.00240362
0.00240924
0.00239173
0.00238648
0.00238927
0.00235053
0.00235106
0.0023416
0.00238027
0.00237526
0.00236059
0.00239649
0.00237787
0.00231687
0.00240773
0.00239265
0.00237523
0.0023632
0.00234182
0.0023255
0.00235655
0.00238246
0.0023874
0.0023803
0.00236438
0.00235629
0.00234007
0.00239592
0.002313
0.00236103
0.00235321
0.00237318
0.00235658
0.00240076
0.00239288
0.00232538
0.00233531
0.00240414
0.00235369
0.00237783
0.00240706
0.00237338
0.00231546
0.00230984
0.0023516
0.00233339
0.00239654
0.00192533
