0.2
0.00606517
0.00580009
0.00594389
0.00612376
0.00577516
0.00585824
0.00604783
0.00583815
0.00618217
0.00585436
0.00598507
0.00582033
0.00591927
0.00588064
0.00600716
0.00600925
0.00582485
0.00595017
0.00593562
0.00591585
0.00582717
0.0058623
0.00592702
0.00584728
0.00605307
0.00582425
0.00580531
0.00595588
0.00605433
0.00598652
0.00585553
0.00588142
0.00572211
0.00591241
0.00586209
0.00580597
0.00591063
0.00588162
0.00605507
0.0059071
0.00585523
0.00601859
0.00580222
0.00582119
0.00602806
0.00597625
0.00578657
0.00593989
0.00589873
0.00591459
0.00572549
0.0057808
0.00587461
0.0058742
0.00593863
0.00599261
0.00581791
0.00588105
0.00593415
0.00558797
0.00577739
0.00598294
0.00593567
0.00609748
0.00590525
0.0058584
0.00586799
0.00576385
0.00586111
0.00609898
0.00592589
0.00589296
0.00580385
0.00576258
0.00588261
0.00589149
0.00582072
0.00586392
0.00602603
0.00597501
0.00606729
0.00579884
0.00595771
0.0059818
0.00592533
0.00598437
0.00600501
0.00603255
0.00599719
0.00588892
0.00567982
0.00599895
0.00588504
0.00606071
0.00587218
0.00599991
0.00578571
0.00596449
0.00575604
0.00591291
0.00592334
0.00594503
0.00570251
0.005977
0.00577599
0.00588813
0.00593196
0.00584521
0.0059481
0.00592647
0.00573687
0.00590434
0.00594619
0.00583522
0.00593524
0.00615554
0.00611243
0.00594475
0.00593306
0.00564486
0.00577859
0.00605907
0.00575363
0.00572298
0.00586556
0.00583039
0.00588797
0.00566219
0.0057767
0.00575195
0.005689
0.0057366
0.00600922
0.00589947
0.00604265
0.00586646
0.00592692
0.00565497
0.00594178
0.00603037
0.00587655
0.00592741
0.00546907
0.00590858
0.00580637
0.00580364
0.00592671
0.00613716
0.00574115
0.00584677
0.0057676
0.00582904
0.00588648
0.00575868
0.0057484
0.00616427
0.00573229
0.00563979
0.00579223
0.00592652
0.00582067
0.00595121
0.0059273
0.00568373
0.00585242
0.00589004
0.00574285
0.00615964
0.00595374
0.00475933
