0.2
0.00390941
0.00413705
0.00395326
0.00411241
0.00405424
0.00393685
0.00406823
0.00409136
0.00398494
0.0039245
0.0040744
0.00402175
0.0040036
0.00401318
0.00399902
0.00397051
0.00401919
0.00403319
0.00407071
0.00401373
0.00398244
0.00410128
0.00408175
0.00399672
0.00399846
0.00404397
0.00393627
0.00395326
0.00401912
0.00415064
0.00414124
0.00396012
0.00402918
0.00400001
0.00393686
0.00406546
0.00404178
0.00404172
0.00405088
0.00405912
0.00388158
0.00411366
0.00403699
0.00403669
0.00409353
0.00412623
0.00406974
0.00404283
0.00407934
0.00412814
0.0040878
0.00408851
0.00407236
0.00399462
0.00394864
0.00400596
0.00398984
0.00406374
0.00408504
0.00403285
0.00401077
0.00407131
0.00409649
0.0039857
0.00400313
0.00402452
0.00411708
0.0041144
0.00399243
0.00407181
0.00407944
0.00403593
0.00405016
0.0039396
0.00407946
0.00403773
0.00407631
0.00397136
0.00400359
0.00387301
0.00396222
0.00383684
0.003989
0.00398017
0.00411703
0.00409774
0.00405201
0.00395445
0.00403886
0.00409758
0.00395468
0.00414807
0.0040227
0.00400906
0.00397104
0.0040499
0.0039556
0.00391727
0.00396401
0.0039274
0.00395528
0.00397344
0.00402323
0.00391052
0.00404376
0.00403829
0.00394316
0.00401008
0.0041043
0.00411791
0.00404552
0.00397368
0.00407398
0.00403835
0.00399073
0.0039774
0.00391624
0.00392839
0.00400248
0.00399603
0.00405237
0.00408751
0.00395903
0.00394699
0.00398339
0.00396352
0.00398142
0.00393134
0.00396001
0.00393653
0.00403041
0.00400707
0.00400601
0.00403112
0.00391565
0.0039265
0.0040022
0.00397825
0.00390592
0.00395616
0.00401534
0.00399117
0.0040005
0.00398216
0.00397525
0.00400046
0.00395837
0.00390175
0.00396626
0.00393624
0.00401594
0.00402418
0.00404074
0.00393837
0.00395661
0.00402489
0.00400374
0.00403897
0.00401078
0.003933
0.00392948
0.00398482
0.00401415
0.00403665
0.00394251
0.00400414
0.00401469
0.00396227
0.00421409
0.00408734
0.0039089
0.00392711
0.00390199
0.00396084
0.00399179
0.00397358
0.00392349
0.00399867
0.0041365
0.00405055
0.00397278
0.003896
0.00394856
0.00403081
0.00400618
0.00401436
0.00390463
0.00399495
0.00391888
0.00402017
0.00390964
0.00401548
0.00394248
0.00395671
0.00396672
0.00392429
0.00402226
0.00387831
0.00389217
0.00395679
0.00404916
0.00401983
0.0039646
0.00403289
0.00396401
0.00392732
0.00399386
0.00399877
0.00396744
0.00398652
0.00394604
0.0039118
0.00391598
0.00400352
0.00397354
0.00400009
0.00402853
0.00391192
0.00393646
0.00403129
0.00404309
0.00394854
0.00395545
0.00400165
0.00398834
0.00405047
0.00396644
0.00401088
0.00392616
0.00407247
0.00395794
0.00398076
0.00398384
0.00396799
0.00398212
0.00390912
0.00397502
0.00406932
0.00397752
0.00399217
0.00407307
0.00405209
0.00402166
0.00410214
0.00400931
0.00403458
0.00399633
0.00399095
0.00404704
0.00323558
