0.2
0.0151122
0.0136834
0.0141543
0.0143346
0.014244
0.0143687
0.0139734
0.0144395
0.0143342
0.0152089
0.0150961
0.0153929
0.0144688
0.0140359
0.014128
0.0142075
0.0148721
0.0144016
0.0142945
0.0141816
0.0139515
0.0141414
0.0142289
0.0139609
0.0141709
0.0145661
0.0145912
0.0146954
0.0144713
0.0143235
0.0143259
0.0141062
0.0143254
0.0149283
0.0145024
0.0141335
0.0143992
0.0145442
0.0137703
0.0141787
0.0140367
0.0144016
0.0136245
0.0146246
0.0142684
0.0149435
0.0141956
0.0135978
0.0145392
0.0146354
0.0151199
0.0141583
0.0144871
0.0149603
0.0136802
0.0147955
0.014865
0.0135139
0.0141283
0.0141891
0.014447
0.0138652
0.0139767
0.0148867
0.0133519
0.013863
0.0141388
0.0140296
0.0138532
0.0115757
