0.2
0.00363704
0.00351483
0.00366442
0.0035707
0.00360822
0.00354101
0.0035332
0.00361607
0.00359559
0.00367824
0.00361341
0.00367796
0.00360097
0.0036034
0.00357397
0.00367486
0.00360775
0.00362913
0.00359593
0.0036148
0.00357281
0.00367828
0.00374834
0.00352033
0.00358223
0.00353751
0.00359076
0.00369176
0.00354591
0.00362743
0.0035922
0.00356889
0.00360683
0.00365565
0.00364508
0.00357671
0.00370404
0.0036583
0.00357727
0.00363323
0.00367152
0.00345052
0.00364082
0.00358698
0.00354227
0.00354892
0.00356909
0.00362362
0.00357073
0.0036376
0.00359859
0.00357079
0.00363239
0.00358543
0.00352819
0.0036368
0.00373555
0.0035719
0.00356109
0.00359697
0.00354757
0.00357137
0.00362161
0.00354314
0.00363368
0.00359599
0.00358581
0.00357657
0.00356057
0.00356007
0.00363601
0.00362271
0.00353579
0.00354362
0.0036345
0.00363827
0.00348336
0.00358459
0.00360478
0.00356397
0.00358617
0.00360567
0.0035824
0.00372755
0.00353422
0.00364565
0.00351718
0.00347208
0.00365774
0.00364375
0.00362003
0.00362172
0.00357708
0.00357034
0.00352038
0.00351478
0.00352118
0.00356537
0.00356022
0.00356248
0.00363474
0.00348518
0.00356267
0.00360721
0.00354764
0.00353997
0.0036535
0.00360134
0.00350616
0.00359111
0.00354313
0.00351113
0.00345542
0.00353017
0.00354452
0.00356266
0.00359319
0.00355072
0.00355459
0.00351062
0.00362256
0.00350256
0.00362493
0.00357928
0.00364586
0.00364478
0.00363116
0.003609
0.00355738
0.00368159
0.00350051
0.00352715
0.00355729
0.00354617
0.00347277
0.0036193
0.00363835
0.00353348
0.00356461
0.00354145
0.00357015
0.00349354
0.00356427
0.0035568
0.00368242
0.00361067
0.00360187
0.00356091
0.00363412
0.00348336
0.00348202
0.00354472
0.00359559
0.00358155
0.00349322
0.00362495
0.00353573
0.00354952
0.00359234
0.0036945
0.00361207
0.00358083
0.00357415
0.00351252
0.00351996
0.00362821
0.00349368
0.00346762
0.00364026
0.0035702
0.00356168
0.00354168
0.00359686
0.00359002
0.00356975
0.00349416
0.00360219
0.00351444
0.00350873
0.00348559
0.00356382
0.00363051
0.00357976
0.00343416
0.00362526
0.00353719
0.00357292
0.00346649
0.00360406
0.00339907
0.00342237
0.00358694
0.00352464
0.00351718
0.0036033
0.00352021
0.00345262
0.00360963
0.00357569
0.00357332
0.00352707
0.00358297
0.00361691
0.00369096
0.00340647
0.00356653
0.00362971
0.00359483
0.00364526
0.00349002
0.00363218
0.00348719
0.0035379
0.00357825
0.00354781
0.0035654
0.00350024
0.00353641
0.00357967
0.00358409
0.00352174
0.00358987
0.00355669
0.00363193
0.00347375
0.00353922
0.0036107
0.00357073
0.00355149
0.00356234
0.00356628
0.00360574
0.00363043
0.00353808
0.00360743
0.0035061
0.00352735
0.00355045
0.00354956
0.00358993
0.00349267
0.00354802
0.003526
0.00356392
0.00347444
0.00357694
0.00359468
0.00357225
0.00355935
0.00364209
0.00356397
0.00352924
0.00358468
0.00361047
0.00358441
0.00353728
0.00348921
0.0035686
0.00354984
0.00353907
0.00364627
0.00362482
0.0036574
0.00355794
0.0035021
0.00355857
0.00365503
0.00355628
0.00350228
0.00344752
0.00352852
0.00368759
0.00347284
0.00349793
0.00354722
0.00368609
0.00365988
0.00357474
0.00348477
0.00288872
