0.2
0.002662
0.00263481
0.00262907
0.00267996
0.00265347
0.0026083
0.00262282
0.00263023
0.00267691
0.00264403
0.00267546
0.00264975
0.00268792
0.00268008
0.00265695
0.00266186
0.00264529
0.00268357
0.00267662
0.0026132
0.00266228
0.00260336
0.00263391
0.00270653
0.00270108
0.00265146
0.002631
0.00261963
0.00262321
0.00265117
0.00263593
0.00262252
0.0026645
0.00266757
0.00267118
0.00267664
0.00263777
0.00269647
0.00267277
0.00267615
0.00267947
0.00264831
0.00264454
0.00266797
0.00265518
0.00263287
0.00261643
0.00264676
0.00261423
0.00265107
0.00262117
0.00261633
0.00273032
0.00262152
0.00265997
0.00263231
0.00267755
0.00265767
0.00269749
0.00259671
0.00256421
0.00262927
0.0026377
0.00267511
0.00266612
0.00265905
0.00264296
0.00262933
0.00266615
0.00260174
0.00266999
0.0026215
0.00267872
0.0026331
0.0026372
0.0026374
0.00263694
0.00263941
0.00264868
0.00258492
0.00262032
0.00262787
0.00263085
0.00264532
0.00265709
0.00263411
0.00262044
0.00270665
0.00262629
0.0026237
0.00262291
0.00262046
0.00261093
0.00263095
0.00265183
0.00263155
0.00262427
0.00264468
0.00264355
0.00262742
0.00267934
0.00260754
0.00262166
0.00267983
0.00267106
0.00264297
0.00264001
0.00269318
0.00265974
0.00266561
0.0025738
0.00265817
0.00262224
0.00261422
0.00262944
0.00268034
0.00261325
0.00265198
0.00257922
0.00266534
0.00260778
0.00262463
0.00270261
0.00265816
0.00265364
0.00261921
0.00262067
0.00259549
0.00268297
0.00262773
0.00256195
0.00256703
0.00260732
0.00261241
0.00264938
0.00260538
0.00261611
0.00263503
0.00265615
0.00266453
0.00266801
0.00265886
0.00268447
0.00256126
0.00262967
0.00265183
0.00263849
0.00271617
0.00267682
0.00267751
0.00264354
0.00269736
0.00264724
0.00269676
0.00261377
0.00263744
0.00263803
0.00262903
0.00265563
0.0026464
0.00262454
0.00266087
0.00263501
0.00263941
0.00263529
0.00266239
0.00267812
0.00261465
0.00267832
0.00260259
0.00257996
0.00266195
0.00266824
0.00263375
0.00264395
0.00256758
0.00261455
0.00261878
0.00267595
0.00267784
0.00263339
0.00257458
0.00265633
0.00263811
0.00265591
0.00259048
0.00263986
0.0025802
0.00265919
0.00263978
0.00264365
0.00259889
0.00257633
0.00258676
0.00260081
0.00267465
0.00260085
0.00259223
0.00264932
0.00263971
0.00263316
0.00260477
0.00259256
0.00265995
0.00261248
0.00257767
0.00266711
0.00259551
0.00261946
0.00264617
0.00265476
0.00264148
0.002622
0.00263053
0.0026446
0.00261754
0.00259731
0.00259743
0.00260176
0.00268885
0.0025692
0.00263878
0.00266477
0.00257211
0.00260981
0.0026302
0.00263467
0.00262549
0.00261893
0.00263257
0.00264769
0.00264481
0.0026127
0.00263514
0.00255732
0.00264417
0.00260094
0.00270413
0.0026965
0.00259665
0.00261474
0.00260562
0.00260408
0.00262
0.00262678
0.00264976
0.00258998
0.0026716
0.00262929
0.00261534
0.00264794
0.00260114
0.00262641
0.00259781
0.00263811
0.00267642
0.00265862
0.00260409
0.00269596
0.00264016
0.00266158
0.00261013
0.00263813
0.00268823
0.00263595
0.0026137
0.00258515
0.00262446
0.00257869
0.00262612
0.00264781
0.00259511
0.00265588
0.00258496
0.00262195
0.00267866
0.00258283
0.00263545
0.00262023
0.00258424
0.00260297
0.00258367
0.00261286
0.00260062
0.0026227
0.00261969
0.00257984
0.00262656
0.00258824
0.00267152
0.00256239
0.00261578
0.00254526
0.00264472
0.00261618
0.00267005
0.00264143
0.00264863
0.00262536
0.00257968
0.00263595
0.00257442
0.00261239
0.00266644
0.00262818
0.00263657
0.00265231
0.00267114
0.00260975
0.00262664
0.00265911
0.00264357
0.00259865
0.00258993
0.00265308
0.00266114
0.0026234
0.00259365
0.00260615
0.00264012
0.00266243
0.0026568
0.0026359
0.00258678
0.00266667
0.00259391
0.00263659
0.0026843
0.00265733
0.00262182
0.00265384
0.0026418
0.00260807
0.00264702
0.00266401
0.00255412
0.00260611
0.00258026
0.00263355
0.00258513
0.00257614
0.00264993
0.00262207
0.0026121
0.00258623
0.00258413
0.00261746
0.00259225
0.00267513
0.00261896
0.00262652
0.00269306
0.00262303
0.0026156
0.00254885
0.00258807
0.00262373
0.00264367
0.00263848
0.00264903
0.00259724
0.00257456
0.0026339
0.00265511
0.00264197
0.00264996
0.00261761
0.00255429
0.00258383
0.00263882
0.0026299
0.00261319
0.00259381
0.0026151
0.00259763
0.00264017
0.00261026
0.00259128
0.0026106
0.00212812
