0.2
0.00284015
0.00279286
0.00275485
0.002813
0.00275855
0.00277231
0.00285758
0.00286551
0.00273106
0.00280303
0.00282299
0.0027584
0.00281759
0.00278216
0.00281752
0.00278939
0.0027805
0.00286783
0.0028071
0.00280235
0.00282713
0.00274333
0.00274815
0.00285112
0.00281276
0.00278539
0.00280811
0.00281834
0.00285795
0.00283501
0.00280034
0.00275952
0.00282664
0.002784
0.00283595
0.00277122
0.00279517
0.00274398
0.00280141
0.00276394
0.00282034
0.00281819
0.00282835
0.00282664
0.00280368
0.0027597
0.00277155
0.00281464
0.00281411
0.00278054
0.00279369
0.00280862
0.00280861
0.00270272
0.00283337
0.00280236
0.00277092
0.00282754
0.00279762
0.00283064
0.00280566
0.00275778
0.00277944
0.00276149
0.00278823
0.00276325
0.00277676
0.00282738
0.00289041
0.00274379
0.00278248
0.00275609
0.00278316
0.00284591
0.00279654
0.0027824
0.00283747
0.0027321
0.00279125
0.002814
0.00282854
0.00281319
0.00279549
0.00278259
0.00285243
0.00282503
0.00278673
0.00280319
0.00278149
0.0027536
0.00278299
0.00277545
0.00272267
0.00277742
0.00273941
0.00273832
0.00281218
0.00277567
0.00282561
0.00282896
0.0028108
0.00283043
0.0027838
0.00276539
0.00279016
0.00274336
0.00277104
0.00273849
0.00278431
0.00280789
0.00280111
0.0027454
0.00277463
0.00273849
0.00276646
0.00275158
0.00281772
0.00277419
0.00283504
0.00277951
0.00275336
0.00274003
0.00276661
0.00282362
0.00273956
0.00280891
0.00271316
0.00279599
0.00272973
0.0027849
0.00278177
0.00278084
0.00276171
0.00279563
0.00279533
0.0027808
0.00280331
0.00277514
0.00276694
0.00275876
0.00277989
0.00277731
0.00283313
0.00283727
0.00281171
0.00280247
0.00273468
0.00280091
0.00278555
0.00273027
0.00275075
0.0027522
0.00273839
0.00273351
0.00281189
0.00279254
0.00278732
0.00276056
0.00277639
0.00278562
0.00278475
0.0027789
0.00280525
0.00281666
0.00277324
0.00278329
0.00274133
0.00275909
0.00282563
0.002802
0.00273962
0.00282906
0.00279988
0.00275214
0.00275812
0.00278215
0.00282665
0.00276175
0.00279936
0.0028065
0.00278387
0.00278515
0.00279683
0.00272528
0.00282518
0.00271912
0.00277575
0.00275721
0.00277308
0.00273313
0.00282858
0.00282627
0.00278327
0.00280489
0.00275774
0.00279991
0.00275153
0.00275834
0.00273359
0.00276221
0.00273556
0.00271056
0.00278513
0.00280537
0.00274788
0.00277072
0.00275711
0.00278358
0.00273492
0.00276863
0.00277802
0.00276782
0.00278613
0.0027897
0.00274296
0.00275717
0.00273226
0.00274606
0.00276461
0.00278275
0.00275643
0.00277077
0.00275003
0.00279001
0.00274981
0.00276833
0.00277601
0.0027377
0.00284031
0.00276388
0.00281889
0.00287915
0.00278421
0.00278523
0.00279216
0.00280591
0.00278628
0.00276837
0.00281247
0.00272079
0.00277434
0.00277075
0.00273221
0.00276878
0.00281415
0.00272083
0.00270218
0.00273204
0.00272841
0.00274662
0.00278903
0.0028294
0.0027422
0.00274901
0.00275246
0.00277944
0.00278101
0.00277014
0.00282611
0.00280026
0.00273097
0.00277833
0.00274424
0.00274059
0.00277406
0.00274761
0.00275513
0.00280101
0.00270746
0.00283066
0.00287313
0.00278884
0.00282053
0.00276227
0.00281783
0.00279823
0.00274186
0.00277318
0.0026972
0.00274121
0.00273396
0.00279085
0.00279273
0.00276548
0.00276638
0.00272345
0.00280321
0.00278077
0.0027309
0.00277776
0.00278054
0.0028026
0.00277415
0.00278909
0.00274499
0.00280161
0.00274995
0.00274697
0.00276924
0.00283135
0.00273269
0.0027599
0.00270371
0.00277736
0.00275108
0.00272428
0.00274256
0.00277628
0.00283951
0.00277737
0.00282888
0.00275153
0.00276688
0.00277462
0.00282611
0.00276356
0.00271828
0.00278005
0.0027807
0.00279494
0.00273121
0.00271052
0.00279549
0.00271903
0.00273117
0.00284674
0.00275498
0.00269672
0.00272348
0.00270711
0.0027928
0.00272426
0.00280824
0.00282889
0.00276005
0.00282221
0.00279341
0.00278289
0.00278105
0.0027418
0.00278515
0.00273568
0.00279684
0.0027345
0.00273478
0.00274698
0.00280223
0.00280761
0.00281223
0.00276121
0.00271801
0.00275182
0.002743
0.00276081
0.00277919
0.00273303
0.00278888
0.00277725
0.00277958
0.00224641
