0.2
0.00488306
0.00478685
0.00488889
0.00480981
0.00467134
0.00477169
0.00468229
0.00473525
0.00483531
0.00469367
0.00484102
0.00482123
0.00471988
0.00470756
0.00473547
0.00462408
0.0048032
0.00464378
0.00484701
0.00472668
0.00470189
0.00484212
0.00470263
0.0046837
0.00483224
0.00474266
0.00475552
0.00481716
0.00460616
0.00480688
0.00471751
0.00492765
0.00471061
0.00478958
0.00485616
0.00475193
0.00482612
0.00480342
0.00482269
0.00470072
0.00479836
0.00479899
0.00487236
0.00483338
0.0048275
0.00467859
0.00464425
0.00474345
0.00476623
0.0048132
0.00483119
0.00479964
0.00475731
0.0047798
0.00478362
0.00485695
0.00482818
0.00472842
0.00476348
0.00488544
0.00462913
0.00482585
0.00477029
0.00481592
0.00478742
0.00486678
0.00466706
0.00483452
0.00500233
0.00477367
0.00491072
0.00480236
0.00470102
0.00487872
0.00484688
0.00482776
0.00486307
0.00478529
0.00486434
0.00472961
0.00471717
0.00484563
0.0047151
0.00486314
0.00487571
0.00479324
0.00492702
0.00492136
0.00485214
0.00482919
0.00475682
0.00464893
0.00471307
0.00487738
0.00473883
0.00476626
0.00477655
0.00482522
0.00481471
0.00485071
0.00464659
0.00474068
0.00469718
0.00480212
0.00483381
0.0049271
0.00468545
0.00474619
0.00470941
0.00485774
0.00471942
0.00486336
0.00466599
0.00488831
0.00472425
0.0047743
0.00484959
0.00475306
0.00472175
0.00475126
0.00486859
0.00483541
0.004698
0.00474653
0.0047225
0.00475209
0.00463411
0.00475362
0.00467336
0.00473145
0.00459705
0.00484049
0.00476504
0.004745
0.00464387
0.00485947
0.00455234
0.00460152
0.00473801
0.00459013
0.00481617
0.00485505
0.00488059
0.00474068
0.00474519
0.00479213
0.00462378
0.00462334
0.00474092
0.00484444
0.00467379
0.00462765
0.0047434
0.00470723
0.00477439
0.00458569
0.00478405
0.00473787
0.00484851
0.00473981
0.00472106
0.00483384
0.00472809
0.0047796
0.00481147
0.00477552
0.00486691
0.00468265
0.00473805
0.00478305
0.00486746
0.00468599
0.00478583
0.00485176
0.00476415
0.00472253
0.00472871
0.00468915
0.00460894
0.00462945
0.00477954
0.00481026
0.0047225
0.00476564
0.00476975
0.0046345
0.00474199
0.00478433
0.00461934
0.00484856
0.00477017
0.00471348
0.00461136
0.00483164
0.00464492
0.00471856
0.00472613
0.00462744
0.00465171
0.00475926
0.00492858
0.00498462
0.00458199
0.00473154
0.00485444
0.00475863
0.00473103
0.00489318
0.00480111
0.0038521
