0.2
0.00243747
0.00248047
0.00245322
0.00252057
0.00243367
0.00243933
0.0024369
0.00245967
0.0024394
0.00250975
0.00245123
0.00242745
0.00251922
0.00244725
0.00244099
0.00245302
0.00247432
0.00244118
0.00243352
0.00249775
0.00240972
0.00243068
0.00241839
0.00250142
0.00245354
0.00244569
0.00244088
0.00246377
0.00250943
0.00246359
0.00244151
0.00241685
0.00246991
0.00243135
0.00244109
0.00247528
0.00242256
0.00241494
0.00246666
0.00245411
0.00244019
0.00248035
0.00244891
0.00243952
0.00247752
0.00243133
0.00238844
0.00242418
0.00247841
0.00240609
0.00242348
0.00249287
0.00243394
0.00244119
0.00241628
0.00245887
0.00247308
0.00243531
0.002443
0.00243602
0.00248017
0.00244972
0.00244417
0.00246221
0.00248325
0.00248553
0.00239735
0.00240276
0.00247582
0.0024692
0.00246134
0.0024304
0.00244589
0.00244394
0.00247385
0.00248461
0.00247879
0.0024565
0.00243689
0.00245014
0.00242457
0.00240487
0.00244985
0.00244091
0.0024308
0.00247363
0.00241989
0.00246003
0.00246946
0.00249537
0.00244679
0.00246305
0.00243176
0.00243968
0.00245771
0.00243204
0.00242784
0.00237916
0.0024886
0.00243786
0.00244934
0.00245984
0.00242009
0.00239287
0.00243267
0.00249309
0.00242818
0.00246504
0.00242073
0.00242014
0.00245181
0.00251335
0.0024755
0.00242509
0.00245356
0.00250592
0.00245177
0.00246374
0.00247187
0.00246549
0.00244125
0.00242675
0.00247622
0.00245263
0.00241805
0.00242281
0.00241055
0.00246124
0.00246608
0.00246249
0.00247958
0.00243593
0.00241192
0.00245492
0.00249844
0.00243327
0.00247765
0.00243872
0.00243549
0.00248027
0.00246979
0.00248248
0.00244715
0.00242208
0.00242569
0.00243953
0.00242825
0.00240653
0.00245043
0.00241409
0.00244183
0.00245613
0.00243755
0.00238694
0.00241944
0.00243852
0.00244293
0.0024266
0.00245658
0.00237382
0.00249736
0.00245321
0.0024476
0.00247529
0.0024567
0.00243988
0.00243553
0.00250547
0.0024143
0.00243186
0.00244654
0.00241583
0.00245676
0.00246008
0.0024087
0.00243637
0.00247377
0.00247034
0.00237977
0.00249872
0.00247076
0.00244421
0.00241629
0.00247009
0.00238035
0.00242347
0.00247722
0.0024417
0.00241883
0.00244967
0.00241201
0.00242151
0.00239199
0.00242853
0.0024688
0.00243227
0.00244114
0.00246801
0.00241496
0.0024218
0.00243126
0.00243708
0.00246176
0.00242687
0.00239547
0.0024412
0.0025006
0.00242095
0.00244824
0.00239412
0.00246855
0.00246371
0.00241867
0.00245278
0.00242963
0.00241699
0.00239383
0.00246872
0.00243054
0.00246105
0.00244968
0.00245876
0.00241025
0.00246521
0.00238464
0.00240781
0.00250433
0.00245333
0.00239411
0.00240481
0.00244902
0.00245957
0.00248881
0.00244488
0.00242381
0.00243606
0.00244747
0.00241392
0.00242123
0.00248687
0.00238832
0.00240528
0.0024592
0.00247279
0.00244664
0.00245837
0.00244788
0.00240702
0.00248065
0.00239877
0.00248673
0.002454
0.00246609
0.00241235
0.00241986
0.00246501
0.00242486
0.00242758
0.00247426
0.00244717
0.00240083
0.00241453
0.00239339
0.00239707
0.00245769
0.00243082
0.00243472
0.00239518
0.00242815
0.00241953
0.0024221
0.00237415
0.00250904
0.00242972
0.00235859
0.00238189
0.00241355
0.00246204
0.00241218
0.00240347
0.00248055
0.00244282
0.00243946
0.00242614
0.00245111
0.00243563
0.0024092
0.00241068
0.00246371
0.00247105
0.00245111
0.0024003
0.00242088
0.00244362
0.00243443
0.00244086
0.00248351
0.00244192
0.00242952
0.0024304
0.00242986
0.00242791
0.00244333
0.00242316
0.00240519
0.00243709
0.00248581
0.00248343
0.00245592
0.0024448
0.00246736
0.00240181
0.0024126
0.00238338
0.00241681
0.00242618
0.00243493
0.00236368
0.00245199
0.00244029
0.00244048
0.00241208
0.00243289
0.0024303
0.00246588
0.00241053
0.00241835
0.00240967
0.00239218
0.00248557
0.00242416
0.0024632
0.00242258
0.00239539
0.00246481
0.00238729
0.00242411
0.00242954
0.00250447
0.00244421
0.00246354
0.00239224
0.00240619
0.00238841
0.00248064
0.00237524
0.00242648
0.00245136
0.00242885
0.00243125
0.00244451
0.0024164
0.00241313
0.00239419
0.00250753
0.00244636
0.00250697
0.00243395
0.00242247
0.00242059
0.00241917
0.00238842
0.00243932
0.00240099
0.00244343
0.00245427
0.00243016
0.00242417
0.00239341
0.00240126
0.00245046
0.00237981
0.00246771
0.00242331
0.00239741
0.00243602
0.00249587
0.00245122
0.00239495
0.00237832
0.00245569
0.00240847
0.00237716
0.00244148
0.002436
0.00243828
0.00240191
0.00244255
0.00244643
0.00244985
0.00243732
0.00248613
0.00243398
0.00243988
0.00241092
0.00244285
0.00238949
0.00243222
0.00240442
0.00238783
0.00251524
0.00241932
0.00243608
0.00247789
0.00243631
0.00244833
0.0024156
0.00244673
0.00246958
0.00197232
