0.2
0.00619635
0.00633752
0.00614537
0.00630587
0.00639846
0.00614165
0.00615752
0.00611409
0.00634743
0.00628746
0.00631327
0.00639068
0.00623329
0.00629101
0.0061917
0.00624114
0.00619474
0.00616608
0.00628877
0.00625775
0.00608337
0.006488
0.00627502
0.00630228
0.00631156
0.00637356
0.00621936
0.00622948
0.00641293
0.00644246
0.00631312
0.00624469
0.00627131
0.00639168
0.00639676
0.00636179
0.00629429
0.00647015
0.0062481
0.00627843
0.00610607
0.00631514
0.00612775
0.00619615
0.00626138
0.00624186
0.00626987
0.00649526
0.00617504
0.00617124
0.00644986
0.00632491
0.00622102
0.00616424
0.00630577
0.00610776
0.00620071
0.00635745
0.00597749
0.00621772
0.006122
0.00630676
0.00632811
0.00630489
0.00637467
0.00633056
0.00619853
0.00616191
0.00630248
0.00637202
0.00609616
0.00631877
0.00635908
0.00617913
0.00625546
0.00605202
0.00621874
0.0064125
0.00610184
0.00616875
0.00630832
0.00618206
0.00619455
0.00621233
0.00625642
0.00627836
0.00637
0.00617115
0.00624709
0.00629531
0.00628942
0.00624152
0.00652217
0.00612206
0.00613627
0.00646417
0.00617071
0.00603372
0.00631445
0.00633338
0.00634129
0.00619053
0.00625894
0.00629853
0.0062698
0.00605395
0.00622572
0.00621654
0.00643481
0.00624176
0.0064454
0.00632094
0.00609014
0.00614097
0.00628171
0.00633777
0.00643736
0.00624775
0.00628409
0.00612869
0.00603381
0.00612222
0.00624905
0.00633081
0.00611138
0.00629231
0.00620211
0.00625273
0.00614869
0.00634139
0.00630575
0.00613999
0.00621446
0.00644813
0.00628562
0.00644105
0.00634548
0.00623853
0.00605346
0.00614217
0.00634914
0.00608454
0.00638367
0.00630055
0.00622703
0.00632876
0.00645699
0.00621635
0.00616811
0.00622221
0.0060153
0.00634721
0.00629182
0.00635988
0.00626574
0.00626306
0.00622009
0.00630136
0.0059923
0.005057
