0.2
0.004706
0.00455619
0.00442959
0.0047384
0.00461398
0.00475427
0.00452984
0.00456538
0.00450062
0.00457853
0.00461501
0.00461399
0.00455772
0.00454673
0.00458163
0.0044928
0.00470604
0.0045542
0.00453931
0.00445147
0.00464254
0.0045129
0.00449727
0.00444356
0.00455004
0.00446636
0.00459195
0.00449887
0.00449478
0.00447738
0.00451355
0.00450673
0.00459091
0.00452576
0.00458423
0.00438904
0.00461918
0.00462291
0.00446595
0.00455823
0.00445103
0.00453249
0.00455519
0.00451918
0.00461499
0.00466682
0.00454897
0.00463171
0.00442355
0.00456014
0.00453047
0.00458795
0.00460095
0.00448171
0.00461372
0.00452505
0.00445844
0.00446944
0.00456988
0.00465788
0.0046178
0.00460769
0.00458202
0.0046764
0.00464255
0.00452962
0.0045715
0.00448463
0.00445888
0.00453492
0.00461375
0.00441531
0.00439368
0.00463672
0.00455852
0.00445952
0.00460679
0.00467423
0.00450907
0.0045951
0.00455999
0.00465222
0.00469578
0.00454055
0.00449228
0.00460112
0.00445508
0.00461301
0.00462094
0.00470238
0.00453241
0.00459864
0.00458566
0.00458732
0.00443497
0.00457495
0.0045656
0.00456642
0.00457345
0.00453175
0.00468834
0.00458056
0.0046971
0.00445208
0.00447869
0.00449812
0.00440121
0.00456066
0.00447877
0.00455036
0.0045914
0.00454555
0.00454271
0.00463459
0.00455412
0.00452193
0.00449765
0.00449336
0.00449215
0.00462558
0.00456399
0.00461314
0.00460925
0.00461815
0.00455928
0.00471721
0.00450022
0.00451887
0.00449272
0.00444037
0.00456165
0.00456222
0.00441373
0.00448224
0.00456667
0.0046419
0.00443686
0.00443639
0.00453895
0.004574
0.00443449
0.00463076
0.00449452
0.00452794
0.00459222
0.00441208
0.00454377
0.00447047
0.00440419
0.0045286
0.00460607
0.00448986
0.00450362
0.00454635
0.00463927
0.00451483
0.00461533
0.00451686
0.00456458
0.00452315
0.00442629
0.00439574
0.00458183
0.00467137
0.00452092
0.00441122
0.00460138
0.00440214
0.00452852
0.00442415
0.00455274
0.00451403
0.00465613
0.00460869
0.00461109
0.0046583
0.0045001
0.0046476
0.00453069
0.00466674
0.00445432
0.00458252
0.00443627
0.00454943
0.00453777
0.00454598
0.00463251
0.0045667
0.00447431
0.004588
0.00450907
0.00447525
0.00450108
0.00449503
0.00462081
0.00461647
0.0044575
0.00453656
0.0045174
0.00453538
0.00457887
0.00453269
0.0046124
0.00467788
0.00466548
0.00456966
0.00459194
0.00444071
0.00461489
0.00461447
0.00448932
0.00445716
0.00436399
0.00457397
0.0045787
0.00465638
0.00459023
0.00447135
0.00457284
0.00367672
