0.2
0.00316219
0.00316635
0.00319638
0.00316703
0.00317612
0.0031018
0.00314483
0.00312363
0.00319
0.00325123
0.00316966
0.00318928
0.00312197
0.00317331
0.00307609
0.00312926
0.00313181
0.00322169
0.00320901
0.00316021
0.0030616
0.00311225
0.00314367
0.00314975
0.00312387
0.00314503
0.00309712
0.00310228
0.00318329
0.00314829
0.00317398
0.00314918
0.00311865
0.00320901
0.00308247
0.00311095
0.00316066
0.00310859
0.00324368
0.00312525
0.0030885
0.00316809
0.00313811
0.00309292
0.00310823
0.00314609
0.00315223
0.00307861
0.00309893
0.00312251
0.00307732
0.00312194
0.00307522
0.00319028
0.00313412
0.00311117
0.00319327
0.00307297
0.00307454
0.00309237
0.00313228
0.00317726
0.00319014
0.00315595
0.00315545
0.0030835
0.00309443
0.00302652
0.00315683
0.00315042
0.00305973
0.00313072
0.00313778
0.00312138
0.00310775
0.0031528
0.00310037
0.00309758
0.00313644
0.00316174
0.00314363
0.00312101
0.00321823
0.0031142
0.00309883
0.00309011
0.00324267
0.00326281
0.00312568
0.00321535
0.00314786
0.00317107
0.00309413
0.00310539
0.00318614
0.00317552
0.00319693
0.00312883
0.00302818
0.00319412
0.00316941
0.00306329
0.00313555
0.00310355
0.00314857
0.00314453
0.00312528
0.00311098
0.00313967
0.00311169
0.00307705
0.00316484
0.00311686
0.0031403
0.00316297
0.00314235
0.00313851
0.00304916
0.00316788
0.00310408
0.00311863
0.00314264
0.00315138
0.00315118
0.00312825
0.00309247
0.00311138
0.00317988
0.00314633
0.00314492
0.00309791
0.0030782
0.00311767
0.00308918
0.00316236
0.00316254
0.00313639
0.00304882
0.00309624
0.00306039
0.00313956
0.00311234
0.00312175
0.00314695
0.00308427
0.00311439
0.00312835
0.00315546
0.00312794
0.00310806
0.00310749
0.00310107
0.00314201
0.00305281
0.00307104
0.00311335
0.00309379
0.00311815
0.00316663
0.00314339
0.00313656
0.00311376
0.00315534
0.00303694
0.00310055
0.00318337
0.00309376
0.00313113
0.00312636
0.00317462
0.00313089
0.00311934
0.00319362
0.0031717
0.00310679
0.0031542
0.00315538
0.00307415
0.003074
0.00313301
0.00310939
0.00307327
0.00315529
0.00318554
0.00315067
0.00313311
0.00314282
0.00310129
0.00319288
0.00308316
0.00317022
0.00319172
0.00306903
0.00311251
0.00312109
0.00316834
0.0031714
0.0030967
0.00315321
0.00324526
0.00316169
0.00311089
0.00308181
0.00309619
0.00319075
0.00319701
0.00306593
0.00316677
0.00312642
0.00308652
0.00311105
0.00311028
0.00302158
0.00312041
0.00312289
0.00309378
0.00311275
0.00308106
0.00317339
0.0031264
0.00307779
0.00309818
0.00316451
0.00305076
0.00310574
0.0031285
0.00304158
0.00314123
0.00309922
0.00317374
0.00315216
0.00307819
0.00303944
0.0031091
0.00312652
0.00309436
0.00313753
0.00308266
0.00316555
0.00311023
0.00314846
0.0031198
0.00315107
0.00320705
0.00311112
0.00316655
0.00315575
0.00312042
0.00314966
0.00311342
0.0030887
0.0031987
0.003096
0.00312034
0.00308983
0.003122
0.00303501
0.00312743
0.00312152
0.00317317
0.00303505
0.00307507
0.00309181
0.00312508
0.0031211
0.00314211
0.00308152
0.0031055
0.00308264
0.00314631
0.00314474
0.00316015
0.00312212
0.00306631
0.00320274
0.00318551
0.0030829
0.0030958
0.00311307
0.00307647
0.00317545
0.00313551
0.00310039
0.00305478
0.0031286
0.00312665
0.00313451
0.0031482
0.00301587
0.00312208
0.00304663
0.00305542
0.00308272
0.00307691
0.00314044
0.00320506
0.00317356
0.00313492
0.00309015
0.00306359
0.00309225
0.00314772
0.00312899
0.00310048
0.00302788
0.00310502
0.00316774
0.00309069
0.00311677
0.00313536
0.00311014
0.00313529
0.00317578
0.00312188
0.00308259
0.00309867
0.00313456
0.00313951
0.00313034
0.00252731
