0.2
0.0104138
0.00986904
0.00974291
0.00953895
0.0103017
0.0102591
0.0101419
0.0103836
0.010426
0.0103387
0.0097745
0.00998812
0.00954998
0.00998692
0.0105926
0.00998368
0.00962847
0.0101614
0.0104496
0.0103096
0.0104571
0.00990557
0.0100463
0.00996831
0.00995039
0.00975765
0.00992345
0.00985544
0.009796
0.010488
0.0102239
0.0100613
0.0105245
0.0094679
0.0095138
0.0100683
0.0102848
0.00996491
0.010098
0.00998443
0.0099921
0.0100883
0.00943133
0.00979707
0.00952624
0.0096274
0.00963741
0.00996412
0.010373
0.0101609
0.0101453
0.00958596
0.010292
0.00994557
0.010091
0.00969629
0.010306
0.010098
0.0103983
0.0100716
0.00979825
0.00984906
0.0098892
0.0101126
0.0101878
0.0101153
0.00985507
0.0101264
0.00981628
0.00994678
0.0103833
0.0104056
0.0101063
0.0101437
0.0100557
0.0103578
0.00988246
0.0100514
0.00970138
0.00996505
0.00972151
0.00977757
0.0103298
0.00972952
0.00972037
0.00969836
0.0101729
0.00956971
0.0104327
0.00997057
0.0100925
0.00977077
0.0104508
0.0104416
0.0100302
0.0100779
0.0101477
0.00968581
0.00992508
0.00809656
