0.2
0.00391793
0.00382663
0.00389772
0.00378523
0.00392708
0.00384478
0.00405049
0.00393256
0.00394988
0.00382099
0.00388668
0.00393133
0.00387037
0.00391684
0.00387712
0.00385544
0.00393234
0.00389539
0.00392169
0.00372195
0.00394348
0.00391699
0.00391115
0.00392336
0.00389254
0.00389235
0.00383887
0.00384133
0.00385326
0.00377655
0.0038407
0.00376775
0.00383013
0.00383245
0.00380902
0.00391252
0.00387944
0.00386608
0.0039388
0.00381487
0.00394106
0.00387922
0.00379054
0.00392661
0.00390312
0.00383065
0.00386176
0.00385989
0.00385017
0.00398487
0.00378118
0.00386939
0.00379904
0.00385664
0.00386578
0.0039592
0.00397329
0.00388495
0.00383552
0.00392591
0.00393706
0.00381938
0.00385133
0.00391228
0.00390529
0.00389208
0.00372996
0.0038339
0.00388428
0.00378952
0.00381992
0.00387422
0.00379877
0.00377991
0.00394578
0.00394581
0.00394932
0.00385781
0.00383555
0.003906
0.00390029
0.00386642
0.00386688
0.00381496
0.00382073
0.00385334
0.00379628
0.00382399
0.00383224
0.00391892
0.00387882
0.00389897
0.00386647
0.00392419
0.0038698
0.00388149
0.00385468
0.00384297
0.00385016
0.00385508
0.00386673
0.00379236
0.00395593
0.00390996
0.00382198
0.00387366
0.00380559
0.00385955
0.00387283
0.00384678
0.00388192
0.00380342
0.00384697
0.00384319
0.0039083
0.00387293
0.00381134
0.00382493
0.00385994
0.00386952
0.00383491
0.00384746
0.00390064
0.00391042
0.00386678
0.00388898
0.00378024
0.00381591
0.00370229
0.00385158
0.00384329
0.00382363
0.00394083
0.00389628
0.00379726
0.0037902
0.00381975
0.00384789
0.00378034
0.00382837
0.00381381
0.00383182
0.00374867
0.00381353
0.00384941
0.00396943
0.00394516
0.00390607
0.00375364
0.00368316
0.00385595
0.00380593
0.0038718
0.00385192
0.00391422
0.00383827
0.00381751
0.00391697
0.0038145
0.00377453
0.00389477
0.00399551
0.00379389
0.00381745
0.00379107
0.00380927
0.0038587
0.00385214
0.00385645
0.00381605
0.00385507
0.00384561
0.00393892
0.00385103
0.0037483
0.00391459
0.00383966
0.00383125
0.0037732
0.00394485
0.00387943
0.0038237
0.00385701
0.00390661
0.00386137
0.00386305
0.00376844
0.00395629
0.00374766
0.00372092
0.00377015
0.00382356
0.00377003
0.00377597
0.0039057
0.00378051
0.00377217
0.00381079
0.00382068
0.00377402
0.00377477
0.00380008
0.0038536
0.00381262
0.00388776
0.00386211
0.00383778
0.00382985
0.0038498
0.00389799
0.0038604
0.00372329
0.00376321
0.00397269
0.00378818
0.00370198
0.00380737
0.00381753
0.00381873
0.00388395
0.00375752
0.00379222
0.00381878
0.00393242
0.00389173
0.00381196
0.00389514
0.00384694
0.00378555
0.00386208
0.00399503
0.00384736
0.00381345
0.00383697
0.0039222
0.00369793
0.00379476
0.00387115
0.00381268
0.00386408
0.00390164
0.00376479
0.00375119
0.00377745
0.00385656
0.00376762
0.00382444
0.00375624
0.00381227
0.00377852
0.00381499
0.0036786
0.00377336
0.00383818
0.00378309
0.00382587
0.00386515
0.00387658
0.00385399
0.00311107
