0.2
0.0025265
0.00251098
0.0024843
0.00254173
0.00249782
0.00255234
0.00250002
0.0025229
0.00254733
0.00249082
0.00255964
0.00258599
0.0025257
0.00254613
0.00252414
0.00256132
0.00250601
0.00250619
0.00253943
0.00247072
0.00252882
0.00249077
0.00246899
0.00246665
0.00252072
0.00250607
0.0025326
0.00253816
0.00247033
0.00250388
0.00249272
0.00252102
0.00248907
0.0024637
0.00250221
0.00250867
0.00248116
0.00250816
0.00254953
0.00250266
0.00257316
0.00245845
0.00247338
0.00254429
0.00253512
0.00253134
0.00256992
0.00252781
0.00251888
0.0024855
0.00252198
0.00252445
0.00251952
0.00247476
0.00256581
0.00249857
0.00254503
0.00248973
0.00253184
0.00253906
0.00251919
0.00251492
0.00251283
0.0025068
0.0025224
0.00252877
0.00252638
0.00256195
0.00243401
0.00247879
0.00248261
0.00258586
0.00256838
0.00252812
0.00253943
0.00249472
0.0025208
0.00254809
0.00252694
0.00256275
0.00251519
0.00252389
0.00247755
0.00246584
0.00247529
0.00249532
0.00248998
0.00248032
0.00249571
0.00254935
0.0024858
0.00251088
0.00252579
0.00251672
0.00250105
0.00252516
0.00250496
0.00252667
0.00249369
0.002483
0.00249322
0.00249828
0.00240844
0.0025511
0.00250266
0.00245458
0.00249192
0.0025261
0.0024982
0.00253262
0.00254893
0.00252074
0.00251085
0.00249245
0.00243052
0.0024938
0.0025229
0.00248445
0.00254842
0.00252783
0.00247534
0.0024712
0.00251768
0.00247732
0.00252226
0.00255895
0.00245197
0.00252783
0.00244772
0.00245058
0.00252361
0.00250635
0.00247429
0.00249154
0.00247728
0.00247758
0.00256399
0.00252639
0.00251457
0.00248889
0.00245501
0.00252773
0.00250805
0.0024859
0.00249664
0.00250737
0.00249615
0.00250759
0.0025124
0.00249549
0.00250343
0.00241944
0.00258618
0.00251134
0.00251938
0.00254262
0.00255605
0.00247232
0.00250849
0.00246592
0.00247406
0.00250999
0.00257451
0.00246738
0.00247242
0.00248834
0.00257269
0.00253221
0.00245732
0.00253816
0.00245678
0.00251422
0.00254046
0.00254544
0.00250376
0.0024922
0.00249233
0.00248639
0.00245336
0.0024389
0.0024673
0.00249806
0.00253403
0.00247698
0.00253653
0.00248194
0.00247913
0.00249961
0.00248496
0.00247213
0.00248918
0.00247696
0.00247861
0.00252383
0.00245345
0.00257192
0.0025475
0.00256165
0.00250033
0.00252182
0.00249793
0.00246255
0.00246401
0.00252264
0.00250928
0.00247784
0.00250333
0.00251969
0.00246504
0.00247665
0.00243172
0.00254056
0.00253901
0.00253039
0.00250916
0.00251177
0.00249123
0.00252492
0.00254639
0.00250296
0.00251584
0.00249533
0.00250012
0.00243755
0.00253161
0.00253006
0.00249131
0.00248338
0.00245487
0.00250818
0.00249196
0.00250868
0.00247202
0.00248046
0.00249058
0.0025164
0.00248964
0.00251568
0.00251328
0.00249694
0.00246754
0.00250565
0.00255876
0.0024566
0.00246641
0.00246746
0.00252076
0.00244833
0.0024911
0.00252784
0.0025125
0.00249479
0.00249554
0.00245897
0.00249994
0.00252647
0.00248639
0.00247865
0.00246941
0.00251343
0.00247044
0.00248651
0.00252918
0.00248117
0.00250685
0.00248429
0.0025049
0.002446
0.00250596
0.00253163
0.00250883
0.00249396
0.00255077
0.00253012
0.00251512
0.00247433
0.00244721
0.00251656
0.00247653
0.00248913
0.00247628
0.00251488
0.00250445
0.00253276
0.002436
0.00247626
0.00250047
0.00250792
0.00252489
0.00245135
0.00246184
0.00251014
0.00251539
0.00248399
0.00248079
0.00251637
0.00246859
0.00257707
0.00249114
0.00251764
0.00248043
0.00246191
0.00251267
0.00249869
0.00250829
0.00249019
0.00250313
0.00244895
0.00249346
0.00244268
0.0024524
0.00248274
0.00247714
0.00250868
0.00249815
0.00253074
0.00247039
0.00249722
0.00251505
0.00244042
0.00242393
0.00243915
0.00255057
0.0024864
0.00248519
0.00244807
0.00255472
0.00255864
0.00246339
0.00248252
0.00243367
0.0024981
0.00244133
0.00249736
0.00252591
0.00249596
0.00250544
0.00248234
0.00251156
0.00252228
0.00250381
0.00250505
0.00246305
0.00245277
0.00256783
0.00244661
0.0025068
0.00250922
0.00251001
0.00246527
0.0024631
0.00250236
0.00251305
0.0024217
0.00247414
0.00247808
0.00246165
0.00247733
0.0025353
0.00251144
0.00248988
0.00247925
0.00251337
0.00249165
0.00245644
0.00248456
0.00249807
0.00254386
0.00245358
0.00250866
0.00253572
0.00245682
0.0025185
0.00248221
0.00256735
0.00253537
0.00251345
0.00248284
0.0024639
0.00254439
0.00249102
0.00253378
0.00247682
0.00253709
0.00245424
0.00249113
0.00251018
0.00248143
0.00247302
0.00244444
0.00250444
0.00253128
0.00253563
0.0024946
0.00242704
0.0025187
0.00245506
0.00254472
0.00246214
0.00202167
