0.2
0.00207351
0.00209178
0.00213419
0.00208984
0.00207595
0.00210747
0.0021075
0.002075
0.00207679
0.00213397
0.00206393
0.00207111
0.00207256
0.00209142
0.00209446
0.00209714
0.00212834
0.00208241
0.00209244
0.00204368
0.00208634
0.00207129
0.00210716
0.00209316
0.00205329
0.00212786
0.00208253
0.00211976
0.00210941
0.00208367
0.00213193
0.00209786
0.00209742
0.00206392
0.00209799
0.00214952
0.00206368
0.002102
0.00206691
0.00207593
0.0021102
0.00207417
0.00209363
0.00206091
0.00207787
0.0021156
0.00207447
0.00206153
0.00211844
0.00213046
0.00209336
0.00209437
0.00208857
0.00208888
0.00208786
0.00208602
0.00208138
0.00204251
0.00205887
0.00206884
0.00210827
0.00211973
0.00208945
0.00212012
0.00208048
0.00210932
0.00210786
0.00209423
0.00211977
0.00211135
0.00209404
0.0020837
0.00207961
0.00208147
0.00207634
0.00211625
0.00207451
0.00209071
0.00208288
0.00208683
0.00206369
0.00210531
0.00207636
0.00207514
0.0020982
0.00209823
0.00206946
0.00207326
0.00209437
0.00210278
0.0020538
0.00204879
0.00210431
0.00209739
0.00205435
0.00208225
0.00212408
0.00210075
0.00212697
0.00210533
0.002109
0.00208768
0.00211233
0.00207139
0.00205699
0.00210988
0.00208737
0.00208454
0.00209555
0.00209787
0.00209917
0.00212575
0.00208251
0.00207555
0.00205991
0.00211826
0.0020569
0.00210403
0.00210004
0.00205712
0.00206576
0.00210026
0.00212614
0.00209755
0.00212587
0.002091
0.00204893
0.00207473
0.00209774
0.00206119
0.00209708
0.00211837
0.00208472
0.00212519
0.00207027
0.00208858
0.00206569
0.00206088
0.00208931
0.00210858
0.00208705
0.00204788
0.00209146
0.00205602
0.00212802
0.00208805
0.00211663
0.00206857
0.00209109
0.00212096
0.00211335
0.00208281
0.00209134
0.00207604
0.00209277
0.00209026
0.00208205
0.00209339
0.00209107
0.00210527
0.00208803
0.00207079
0.00207978
0.00209526
0.00208426
0.00209293
0.0020861
0.0020514
0.00214477
0.00210996
0.00202338
0.00206764
0.00209771
0.00211787
0.00209065
0.00210394
0.00206919
0.00210191
0.00209299
0.00212592
0.00207025
0.00206878
0.00203609
0.00207456
0.00209554
0.00210719
0.00206491
0.00207417
0.0020575
0.00207396
0.00210049
0.00207421
0.00208929
0.00208419
0.00210185
0.00210199
0.00205354
0.00206686
0.00210039
0.00211046
0.0020622
0.00209818
0.00210527
0.00208236
0.00208087
0.00209895
0.00210169
0.00206157
0.00209305
0.00205987
0.00207224
0.0021038
0.00206613
0.00210635
0.00204657
0.00212396
0.00208699
0.00206884
0.00209449
0.00209169
0.00209522
0.00206265
0.00206172
0.00207621
0.00207119
0.00211593
0.00205368
0.00210011
0.00206791
0.00210352
0.00209448
0.00207986
0.00210099
0.00210029
0.00213682
0.0020464
0.0020635
0.00209004
0.00207716
0.002061
0.00208223
0.00206031
0.00209465
0.00211512
0.00209964
0.00206074
0.00207656
0.00210104
0.00208881
0.0020968
0.00207615
0.00206499
0.00203938
0.00206352
0.00207875
0.00205252
0.00204162
0.00210199
0.00209928
0.00210782
0.00204538
0.00209885
0.00204218
0.00208855
0.00206975
0.00208398
0.00208293
0.00203906
0.00206647
0.00211048
0.00212647
0.00209238
0.00206551
0.00207377
0.00208099
0.00207812
0.00209781
0.00208287
0.00209097
0.00208318
0.00206412
0.00209175
0.00209068
0.00208534
0.00206096
0.00209504
0.00207657
0.0020908
0.00204938
0.00208425
0.00208336
0.00209557
0.00210417
0.00206122
0.002129
0.00203987
0.00209688
0.00208247
0.00211983
0.00208365
0.00210668
0.0021012
0.00209467
0.00208055
0.00207713
0.00207504
0.00206385
0.00210318
0.00212459
0.00203753
0.00209552
0.00208075
0.00208503
0.0020767
0.00205252
0.00207499
0.0020957
0.00209033
0.00209162
0.00206951
0.00205116
0.00211194
0.00211484
0.00207248
0.00207751
0.00206078
0.0020947
0.00208275
0.00210962
0.00209343
0.00206205
0.00209768
0.00209723
0.0020976
0.00208988
0.00208881
0.00206967
0.00206967
0.00207431
0.0020433
0.00204291
0.00206201
0.00209179
0.0020893
0.00208109
0.0020754
0.00208625
0.00206957
0.00208474
0.00209619
0.0020563
0.00210507
0.00206511
0.00205656
0.00206826
0.00211335
0.00208276
0.00211928
0.00206855
0.00208019
0.00205197
0.00209465
0.00209662
0.0020457
0.00209845
0.00207587
0.00206242
0.00204785
0.00208632
0.00209851
0.00205
0.00207028
0.00209755
0.00209584
0.00207849
0.00203851
0.00207151
0.00209835
0.00207725
0.00205514
0.00208872
0.00206454
0.00207072
0.00210971
0.00206032
0.00210179
0.00207642
0.00213793
0.00208016
0.00210703
0.00206829
0.00211958
0.00207449
0.00210039
0.00208182
0.0020886
0.00208729
0.00207576
0.00205078
0.00209558
0.00207772
0.00206589
0.00206991
0.00206975
0.00207465
0.00210109
0.00209938
0.00206105
0.00207386
0.00212696
0.0021149
0.00206557
0.00209317
0.00207057
0.00206502
0.00207146
0.00204769
0.00208881
0.00208476
0.0020392
0.00206595
0.00207443
0.00210937
0.002089
0.00206138
0.00205821
0.00203743
0.00208775
0.00207965
0.00205193
0.00210698
0.00210175
0.00205826
0.00209887
0.0021089
0.00206546
0.00206676
0.00209257
0.00203861
0.00207143
0.00206402
0.00208352
0.00208716
0.00205421
0.00208082
0.00206261
0.00208548
0.00206984
0.0020318
0.002063
0.00208164
0.00209387
0.00205568
0.00210345
0.00208071
0.00206917
0.00205984
0.00209162
0.00209003
0.00208365
0.00206035
0.00204845
0.00203507
0.00208942
0.00205199
0.00207559
0.00205782
0.00206663
0.00208648
0.00207639
0.0020561
0.00210275
0.00208167
0.0020933
0.00205924
0.0020781
0.00211986
0.00205584
0.00207165
0.00176312
