0.2
0.00772289
0.00775929
0.00779451
0.00759252
0.00762168
0.00754956
0.00790365
0.00776213
0.00756171
0.0077957
0.00779142
0.00760938
0.00785621
0.00769253
0.0074425
0.00809255
0.00784456
0.00786363
0.00760385
0.00790654
0.00800212
0.00774589
0.00805987
0.00789757
0.00770384
0.00792907
0.00768139
0.0076132
0.00762848
0.00750302
0.007725
0.00755087
0.00795119
0.00775589
0.00783307
0.0078338
0.00771398
0.00787875
0.007864
0.00779681
0.00789205
0.00770528
0.00764911
0.00754762
0.00790829
0.00788544
0.00763232
0.00767012
0.00754953
0.00770314
0.00745043
0.00766867
0.00772458
0.0076952
0.00763797
0.00791452
0.00779027
0.00736988
0.00746127
0.00761785
0.00779522
0.00767234
0.00778652
0.00760172
0.00785016
0.00782271
0.00779904
0.00731181
0.00763352
0.00798333
0.00769548
0.0076425
0.00751458
0.00776378
0.00776763
0.00787819
0.00743916
0.00753405
0.00752981
0.00798304
0.00786482
0.00766073
0.00752489
0.00768159
0.0077175
0.00771404
0.00758686
0.00777393
0.0075392
0.00765414
0.0075533
0.00758709
0.00791843
0.00757139
0.00771071
0.00776493
0.00781838
0.00742199
0.0076092
0.00767879
0.00765326
0.00751409
0.00757647
0.00771282
0.00799219
0.00775445
0.00771578
0.00757328
0.00774523
0.00752231
0.00759565
0.00782454
0.00778318
0.00742197
0.0076578
0.00752521
0.00735099
0.00763908
0.007749
0.00752228
0.00783889
0.00801343
0.00783178
0.0074941
0.00754657
0.00800326
0.00767815
0.00771915
0.00755438
0.00622604
