0.2
0.00218321
0.00220393
0.00221781
0.00215265
0.00218661
0.00218686
0.00218738
0.00220815
0.00221396
0.00221282
0.00214065
0.00222775
0.00217457
0.00223279
0.00222268
0.00212986
0.00221717
0.00218731
0.0022002
0.00215731
0.00221696
0.00217194
0.00220343
0.00218747
0.00217015
0.00215984
0.00218988
0.00216343
0.00220011
0.00215398
0.00218403
0.0021974
0.00219396
0.00219508
0.00217236
0.00219448
0.00224794
0.00218207
0.00219916
0.00218928
0.0021465
0.00220259
0.00217934
0.0021907
0.00220752
0.00221187
0.00216296
0.00222605
0.00218274
0.00221228
0.00222757
0.00214645
0.00219916
0.00215731
0.00220627
0.00221506
0.00216131
0.00219128
0.00216936
0.00215004
0.00218128
0.00219567
0.00223342
0.00219219
0.00219596
0.00218477
0.00220053
0.00214481
0.0021347
0.00220733
0.00216444
0.00220789
0.00217798
0.00219869
0.0021348
0.00216946
0.00215227
0.00215687
0.0021695
0.00217352
0.00218018
0.00219289
0.00218035
0.00219099
0.00215444
0.00214087
0.00219502
0.00220338
0.00217354
0.00220099
0.00215929
0.00219356
0.00216644
0.00215415
0.00215054
0.00215559
0.00218835
0.00215755
0.00221092
0.00219051
0.00217007
0.00215454
0.00222372
0.00211647
0.00215265
0.0021693
0.00222319
0.00220475
0.00211968
0.00214734
0.00215763
0.00217868
0.0021979
0.0021784
0.00215974
0.00220795
0.00214611
0.00218553
0.00222101
0.00217985
0.00223452
0.00215516
0.00217472
0.00214894
0.00221933
0.00215208
0.00220549
0.00217627
0.00216767
0.00219282
0.00217771
0.00218318
0.00217929
0.00217423
0.00221874
0.00216476
0.00216914
0.00218776
0.00214563
0.00218135
0.00219342
0.00216722
0.00221599
0.0021914
0.00217604
0.00219317
0.00220321
0.00215767
0.00214607
0.00220403
0.00217905
0.00217238
0.0021899
0.00214612
0.00219289
0.00219744
0.00213768
0.00218519
0.00219513
0.00219586
0.00216237
0.00211772
0.00215801
0.00223161
0.00216597
0.00216754
0.00219054
0.00218404
0.00220548
0.00216424
0.00223049
0.00217781
0.00215726
0.00218931
0.00212665
0.0021777
0.00214979
0.00216957
0.00215152
0.0021906
0.00215061
0.00221205
0.00218673
0.0021957
0.00218213
0.0021678
0.00212117
0.00218999
0.00217728
0.00216825
0.00214634
0.00217295
0.00216852
0.00219084
0.00219918
0.00215888
0.00218273
0.00216337
0.00219247
0.00219249
0.00216298
0.00218368
0.0021553
0.00220524
0.00219026
0.00217766
0.00217983
0.00218417
0.00219321
0.00221168
0.00217631
0.00217104
0.00216724
0.00216351
0.00215693
0.00215771
0.00219096
0.00219703
0.00218177
0.0021518
0.00218487
0.00212631
0.00218043
0.00217509
0.00216339
0.00218536
0.00216986
0.00215887
0.0021969
0.00217358
0.00217939
0.0021707
0.00214054
0.00220562
0.00215588
0.00214661
0.00216592
0.00213957
0.00214584
0.00215066
0.00219166
0.00219584
0.0021374
0.00219838
0.00219657
0.00219973
0.00218959
0.00219458
0.00217794
0.0022106
0.00216922
0.00217541
0.0021425
0.00215315
0.00218322
0.00216966
0.00217925
0.00218074
0.00219087
0.00217854
0.00220492
0.00219548
0.00217592
0.00215935
0.00214635
0.00216938
0.0021873
0.00220019
0.00214356
0.00219302
0.00221084
0.00217007
0.00217465
0.00219992
0.00216316
0.00215551
0.0021642
0.00221632
0.00216505
0.00214598
0.00216524
0.0021655
0.00213765
0.00218325
0.00220026
0.00218167
0.00216678
0.00219201
0.00218912
0.00218594
0.00220853
0.00215122
0.00215097
0.00215583
0.00216318
0.00215911
0.00211827
0.00214684
0.00219396
0.00213423
0.00218419
0.00218909
0.00217042
0.00214952
0.00213913
0.0021561
0.00215527
0.00220094
0.00217814
0.0021825
0.002222
0.00216141
0.00219181
0.0021471
0.00213765
0.00218676
0.00217768
0.00217024
0.00215931
0.00215258
0.00217483
0.00222055
0.00216958
0.00220805
0.00217357
0.00215794
0.00217813
0.00216265
0.00214476
0.00214325
0.00214653
0.00219136
0.00213842
0.00218882
0.00214963
0.00212768
0.00212246
0.0021606
0.00217321
0.00215764
0.00218376
0.00212611
0.00219133
0.00216918
0.0022215
0.00218667
0.00217432
0.00218933
0.00218294
0.00220771
0.00214517
0.00215949
0.00218211
0.00220182
0.00220415
0.00216604
0.00218459
0.00214207
0.002164
0.00219987
0.00214219
0.00215921
0.00214224
0.00215593
0.0021307
0.00215645
0.00214707
0.00217233
0.00217973
0.00218908
0.00214936
0.00215048
0.00213706
0.00218046
0.00214746
0.00215267
0.00218509
0.00216038
0.00218869
0.0021864
0.00220727
0.00220069
0.00210151
0.00216926
0.00216101
0.00213839
0.00211908
0.0021718
0.00215919
0.00216435
0.00216639
0.00212006
0.00215398
0.00215731
0.00221043
0.00218631
0.00214923
0.00215304
0.00214589
0.00220491
0.00217808
0.00217908
0.00220059
0.00219735
0.00221328
0.00218563
0.00216453
0.00217078
0.00215225
0.00215852
0.00214909
0.00216983
0.00214893
0.00214544
0.00219197
0.00219931
0.00216997
0.00214205
0.00218353
0.00216432
0.00215223
0.00213388
0.00217913
0.00216993
0.00215938
0.00213391
0.00219522
0.0021403
0.00214731
0.00216898
0.00216022
0.00221004
0.00215803
0.00214694
0.00217712
0.00215583
0.00218236
0.00214629
0.00213236
0.00215707
0.00218229
0.00216753
0.00219403
0.00218244
0.00211788
0.00213256
0.0021702
0.00210384
0.00218717
0.00215272
0.0021819
0.00217289
0.00217313
0.00219161
0.00220539
0.00217349
0.00217838
0.00217572
0.00218066
0.00177958
