0.2
0.0169432
0.0172786
0.0173652
0.0160042
0.0167692
0.0166521
0.017055
0.0169612
0.0161221
0.0162611
0.015879
0.016106
0.0168661
0.0173885
0.0166269
0.0167303
0.0168428
0.016884
0.0182518
0.0165419
0.0162039
0.0171688
0.0165758
0.0166751
0.0169345
0.0171251
0.0178915
0.0170427
0.0154924
0.0167238
0.0169876
0.0173246
0.0163968
0.0166739
0.016904
0.0166179
0.0163973
0.0166576
0.0160926
0.016917
0.0176888
0.0167015
0.016518
0.0167334
0.0165899
0.016824
0.0166049
0.0166355
0.016428
0.0162849
0.0161251
0.0159204
0.0163502
0.0172657
0.0169831
0.0161229
0.0167586
0.0169109
0.0167115
0.0135112
