0.2
0.00271361
0.00279398
0.00269232
0.00274526
0.00274483
0.00272375
0.00270987
0.00276476
0.00275337
0.00271593
0.00267974
0.00273278
0.00267209
0.00270236
0.0026785
0.00275505
0.00271436
0.0027543
0.00271619
0.00266531
0.00268211
0.00269673
0.00266615
0.00266266
0.00266089
0.00266488
0.00271765
0.00267258
0.00277363
0.00270187
0.00276431
0.00266771
0.00275705
0.00269709
0.0027052
0.00270252
0.0027063
0.00274812
0.00281033
0.00270331
0.00278162
0.00276398
0.00269577
0.0027699
0.00276103
0.00273487
0.00272219
0.0027204
0.00274617
0.00273345
0.00271471
0.00273746
0.0026996
0.00275102
0.00270517
0.00274473
0.00274833
0.00270183
0.00274006
0.00271217
0.00269855
0.00273346
0.00277573
0.00271191
0.00271984
0.00273827
0.00266178
0.00268844
0.00272102
0.00273863
0.00270853
0.00270258
0.00272329
0.00274059
0.00268748
0.00268681
0.00275745
0.00274729
0.00267213
0.00266616
0.00268628
0.00273649
0.00276312
0.00274161
0.00263678
0.00273803
0.00273823
0.00272585
0.00271248
0.00274529
0.0027439
0.00276172
0.00271411
0.00268482
0.00268312
0.00267581
0.00270659
0.00276133
0.00278603
0.00271161
0.00275978
0.00273946
0.00272638
0.00269166
0.00264801
0.00267844
0.0027243
0.00263761
0.00272129
0.00269893
0.00265166
0.00274082
0.0027132
0.00270509
0.0027003
0.00271459
0.00270848
0.0026631
0.00267691
0.00270059
0.00270733
0.00278479
0.00268335
0.00272419
0.00264322
0.00271079
0.00269582
0.00268883
0.00269144
0.00279342
0.00267651
0.00272413
0.00266704
0.00269709
0.00266738
0.00269627
0.00273114
0.00269165
0.00268179
0.00267978
0.00268129
0.0026694
0.0027403
0.00262729
0.00270833
0.002711
0.00270085
0.00272474
0.002701
0.00271877
0.00274362
0.0028003
0.00267709
0.00264444
0.00267158
0.00271295
0.00268485
0.00271908
0.0026988
0.00273856
0.00265041
0.00265854
0.00276039
0.00276206
0.00272506
0.00268317
0.00272564
0.00276794
0.00269679
0.00271527
0.0027311
0.00270633
0.00271715
0.0027285
0.00268919
0.00265874
0.00268324
0.00266268
0.00268565
0.00269722
0.00265882
0.00264911
0.00271512
0.00265155
0.0026665
0.00262017
0.00269253
0.00269574
0.00267553
0.00265236
0.00271489
0.00270497
0.00273134
0.00267282
0.00276183
0.00273365
0.00271584
0.00262249
0.00266808
0.0027028
0.00273252
0.00274478
0.00254965
0.00269189
0.00270393
0.00270075
0.0027075
0.00273183
0.00268613
0.00266786
0.00266694
0.00268095
0.00270192
0.00268781
0.00268331
0.00271715
0.00270104
0.00271123
0.00271194
0.00268141
0.00270385
0.00271795
0.00269209
0.002686
0.00273064
0.0027016
0.00267905
0.00271119
0.00279002
0.00272222
0.00269573
0.00267985
0.0026721
0.00278062
0.00265119
0.00266292
0.00273168
0.00263434
0.00269777
0.00271332
0.00270021
0.00273696
0.00264958
0.00270355
0.00265322
0.00274787
0.00262831
0.00272104
0.0027186
0.00266265
0.00262642
0.00271024
0.0027268
0.00266449
0.00264718
0.0026772
0.00271062
0.00268206
0.00275694
0.0027561
0.00273644
0.00268218
0.00267535
0.00264285
0.00269814
0.00268698
0.00270446
0.0026922
0.00271727
0.00268214
0.00272038
0.00268751
0.00267907
0.00270737
0.00268786
0.00274622
0.00258635
0.00274776
0.00271533
0.00274357
0.00272593
0.0026919
0.00272412
0.00270277
0.00266819
0.00268992
0.00266517
0.00265738
0.00272953
0.00273306
0.00269465
0.00272126
0.00272684
0.00266295
0.00270506
0.00273977
0.00268
0.00271818
0.00266569
0.00271982
0.00268062
0.00263943
0.00262862
0.00271262
0.00267062
0.00269582
0.00271712
0.00264885
0.00273135
0.0027145
0.00270336
0.00271182
0.00265072
0.00267966
0.00265956
0.00267011
0.00269021
0.00267872
0.00266764
0.00265863
0.00271063
0.00269807
0.00265558
0.00268141
0.00272321
0.00273773
0.0027272
0.0027043
0.00268896
0.00261651
0.00274811
0.00267422
0.00267126
0.00267729
0.00271413
0.00270289
0.00268842
0.00269912
0.00275936
0.00266082
0.00272107
0.00274716
0.00266991
0.00269851
0.00279249
0.0027196
0.00270158
0.00272172
0.00272375
0.0027419
0.00270058
0.00267535
0.00269236
0.00273594
0.00266514
0.00273983
0.00269416
0.00269526
0.00270125
0.0026986
0.0027117
0.00270684
0.00267859
0.0027251
0.00271269
0.00269219
0.00267703
0.00274031
0.0026992
0.00218559
