0.2
0.00411894
0.00414032
0.00432369
0.00413384
0.00425138
0.00426063
0.0041221
0.00424885
0.00407126
0.00419505
0.00427324
0.00420835
0.00410401
0.00417165
0.00416795
0.00418259
0.00417141
0.00420229
0.00418637
0.00418536
0.00416819
0.00408812
0.00428277
0.00435485
0.00425917
0.00426674
0.00424906
0.0041702
0.00422582
0.00424889
0.00425473
0.00415857
0.00416781
0.00414964
0.00418488
0.00413767
0.00417401
0.00426706
0.00431313
0.00413536
0.00424287
0.00413935
0.004231
0.00419607
0.00418528
0.00414733
0.00416859
0.00411379
0.00416148
0.00409768
0.00424164
0.00408744
0.00429263
0.0041074
0.00413653
0.00420746
0.00415214
0.00420752
0.00410192
0.00418572
0.0041722
0.0041593
0.00417203
0.00427615
0.00427229
0.00426532
0.00419738
0.00410492
0.00421338
0.00424005
0.00411362
0.00415457
0.0041713
0.00416991
0.00422911
0.00407017
0.00413112
0.00420762
0.00409624
0.0040077
0.00415556
0.00415777
0.00426358
0.00416548
0.00419017
0.00418269
0.00417698
0.00412876
0.00422263
0.00431006
0.00408972
0.0041272
0.00406363
0.00409458
0.00412462
0.0041082
0.00413788
0.00418932
0.00415442
0.00411375
0.00411648
0.00414661
0.00423033
0.00415128
0.00428122
0.00433945
0.0041783
0.00417582
0.00422964
0.00415263
0.00407
0.00421482
0.00411284
0.0042283
0.00435725
0.00423774
0.00416662
0.00407172
0.00418298
0.00408517
0.00406355
0.00415306
0.0040583
0.00415348
0.00428064
0.0041461
0.00415405
0.00415836
0.00421057
0.00416222
0.00412161
0.00411064
0.00412154
0.00422206
0.00425226
0.00425666
0.00431261
0.00421561
0.00416632
0.00416754
0.00418395
0.00417967
0.0040943
0.00408409
0.00416994
0.00422351
0.00414916
0.00413069
0.00420964
0.00417667
0.00414112
0.00409538
0.00418667
0.00423413
0.00421196
0.0040748
0.00417154
0.00412101
0.0041008
0.00427859
0.00413459
0.00411047
0.00423863
0.00413346
0.00416548
0.00414842
0.00413431
0.0041322
0.00416401
0.00414852
0.00407711
0.00413867
0.00412407
0.0041525
0.00414124
0.00427334
0.00409686
0.00411866
0.00411001
0.00404641
0.00415778
0.00413152
0.00410964
0.00404084
0.00412911
0.00406441
0.00423984
0.00412432
0.00415515
0.00410488
0.00415435
0.0041221
0.0041638
0.00412572
0.00421796
0.00405552
0.00409418
0.00414205
0.00407818
0.00420413
0.00413444
0.00418214
0.00408028
0.00420873
0.00422866
0.00425216
0.0042575
0.00416279
0.00407209
0.00417169
0.00411058
0.00424929
0.00407844
0.00409721
0.00409596
0.0041916
0.00423491
0.0042785
0.00413031
0.00404952
0.00424578
0.00420207
0.00414177
0.00423299
0.00418494
0.00416778
0.00412847
0.00405195
0.00406512
0.00417031
0.0043042
0.00419013
0.00416663
0.00430633
0.00426441
0.00425165
0.00428191
0.00409701
0.00410978
0.00337038
