0.2
0.00678857
0.00663703
0.00668824
0.00680977
0.00668253
0.00677221
0.00664495
0.00657068
0.00664545
0.00672932
0.00655694
0.0066828
0.00681535
0.00685579
0.00682762
0.0067964
0.00658863
0.00655495
0.00668602
0.00670397
0.00666352
0.00665635
0.00693307
0.00699853
0.00666449
0.00683494
0.00662785
0.00662361
0.00648789
0.00666683
0.00649692
0.00675074
0.00680042
0.00677813
0.00667429
0.00657221
0.00667275
0.00669988
0.00644996
0.00648298
0.00666296
0.00673558
0.0065846
0.00673358
0.0065715
0.00647298
0.00670669
0.00674385
0.00678784
0.00676874
0.00644331
0.00668787
0.00668354
0.00657963
0.00675542
0.00694698
0.00655546
0.00662721
0.00693726
0.00680078
0.00657827
0.00664741
0.00701474
0.00684683
0.00674755
0.0066615
0.00687106
0.00668044
0.00674325
0.00666421
0.00688737
0.0067541
0.00655941
0.00657835
0.00660349
0.00684474
0.00666174
0.00670842
0.0067766
0.00673014
0.00680941
0.00674558
0.00667475
0.00663087
0.00647445
0.00668837
0.0064896
0.00672636
0.00670399
0.00673946
0.00672748
0.0066552
0.00673281
0.00663525
0.00655742
0.00666608
0.00679233
0.00664327
0.00657003
0.00665621
0.00659813
0.00662272
0.00633924
0.00668001
0.00665079
0.006523
0.0066659
0.00663589
0.00674456
0.00649579
0.00681703
0.00639148
0.00636791
0.00684898
0.0067013
0.00676107
0.00674246
0.00659828
0.00668578
0.00658732
0.00664248
0.0065174
0.00653466
0.00661694
0.00655442
0.00687747
0.00675759
0.00642068
0.00661201
0.00632398
0.0067519
0.00684939
0.00671617
0.0067974
0.00681712
0.00664116
0.00655298
0.00660207
0.00668932
0.00667669
0.0066416
0.00674768
0.00662219
0.00671319
0.00673615
0.00665383
0.00651485
0.0066117
0.00671758
0.00539481
