0.2
0.0043264
0.00444647
0.00444909
0.00446797
0.00439864
0.00446988
0.00437071
0.00436248
0.00440926
0.00433038
0.00424157
0.00437327
0.00445546
0.00428456
0.00441086
0.00441409
0.00434994
0.00432208
0.00438781
0.00436519
0.00437227
0.0044243
0.00429077
0.00431244
0.00431263
0.0043652
0.00434182
0.00433506
0.00443411
0.00440325
0.00440519
0.00436521
0.00434093
0.00422465
0.00433678
0.00422395
0.00437191
0.00441202
0.00437725
0.00434075
0.00440843
0.00431099
0.00436276
0.00444926
0.00437796
0.00429478
0.00421447
0.00438049
0.00447168
0.00417863
0.0043986
0.00439389
0.00426811
0.00441209
0.00448725
0.00440165
0.00444643
0.00444692
0.00435681
0.0045311
0.00446793
0.00445957
0.00439719
0.00437368
0.00433779
0.00437112
0.00424626
0.00431899
0.00428396
0.00437334
0.00439201
0.00443963
0.00440892
0.00436834
0.00436719
0.00438239
0.00440415
0.00438889
0.00433029
0.00424694
0.00443071
0.00440438
0.00439165
0.0042214
0.00432329
0.00417804
0.00430839
0.0043628
0.00447333
0.00433495
0.00435186
0.00434576
0.00427781
0.00434054
0.00436665
0.00420954
0.00436349
0.00429342
0.00446493
0.0044594
0.00443168
0.00434221
0.00431106
0.00426993
0.004428
0.00439211
0.00427581
0.00438474
0.00432447
0.0043085
0.00430881
0.00422214
0.0043402
0.00430619
0.00438198
0.00438548
0.0044002
0.00445472
0.00441271
0.00437914
0.00426447
0.0042367
0.00438944
0.00431901
0.00434003
0.00436575
0.00432463
0.0043348
0.00431204
0.00434733
0.00432613
0.0043739
0.00413122
0.00434608
0.00435169
0.00441368
0.00433802
0.00436746
0.00441624
0.00438938
0.00434664
0.00431328
0.00428145
0.00433492
0.00428513
0.00444965
0.00439723
0.00432078
0.00428461
0.00446941
0.00425519
0.00427211
0.00430284
0.00437963
0.00432333
0.00429999
0.00440755
0.00427847
0.00442648
0.00432704
0.00427471
0.00434708
0.00432655
0.00435558
0.00429258
0.00438617
0.00430617
0.00441548
0.00430118
0.0042786
0.00424877
0.00443808
0.00439832
0.00429436
0.00443954
0.00444117
0.00434931
0.00423012
0.00437177
0.00436507
0.00438357
0.00430043
0.00440408
0.00433442
0.00431137
0.00430643
0.00435079
0.00438841
0.00435465
0.00430631
0.00424429
0.00435041
0.00421594
0.00443929
0.00435177
0.00432908
0.00433115
0.00440501
0.00446427
0.0042688
0.00438751
0.00436091
0.00431791
0.00427718
0.00427886
0.00437467
0.00435186
0.00431184
0.00436117
0.00421903
0.00424379
0.00437576
0.00444385
0.00427615
0.00427607
0.00435266
0.00421615
0.00420384
0.00429459
0.00439308
0.00440089
0.00438322
0.00445406
0.00441579
0.00439131
0.00429922
0.00441609
0.00423501
0.00448592
0.00351695
