0.2
0.00502386
0.00509724
0.00517544
0.00501104
0.00504453
0.00504085
0.00493477
0.00499675
0.00515814
0.00493894
0.00519189
0.00516907
0.00503214
0.00499792
0.00514994
0.00514044
0.00506613
0.00499227
0.00504152
0.00508088
0.00504762
0.00491814
0.00486468
0.00510376
0.0048903
0.0049248
0.00504176
0.00505833
0.00493387
0.0050012
0.00489865
0.00506022
0.00493132
0.00492364
0.00507836
0.0050232
0.00491481
0.00480899
0.00500163
0.00502749
0.00510364
0.00512942
0.00504937
0.00505764
0.00492246
0.00507216
0.00498633
0.00494542
0.00491391
0.00485015
0.00519959
0.00497834
0.00506028
0.00497583
0.00487774
0.00485348
0.00521285
0.00507426
0.00506728
0.00501914
0.0049489
0.00491388
0.00494941
0.00511553
0.00505555
0.00506053
0.00504463
0.00507187
0.00501522
0.00498529
0.00498102
0.00503195
0.00511959
0.00494692
0.00508146
0.0050861
0.00505437
0.00511973
0.00490848
0.0050147
0.00508603
0.00497491
0.00501325
0.0049323
0.0049841
0.00492148
0.00509125
0.00502272
0.0049723
0.00495433
0.00492298
0.00495714
0.00509572
0.00496491
0.00496026
0.00491159
0.00492725
0.00505432
0.00507505
0.00486088
0.00498027
0.00489443
0.00510912
0.00517317
0.00507774
0.00498863
0.00496655
0.00493535
0.00500674
0.00501709
0.00513235
0.00495578
0.0048552
0.00493938
0.00488032
0.00501684
0.00493636
0.00496994
0.00499008
0.00500003
0.00475516
0.00508512
0.0049312
0.00511161
0.00497631
0.00497367
0.00492616
0.00499034
0.00514228
0.00491164
0.00505794
0.00504721
0.00496376
0.00493801
0.0050089
0.00486714
0.00494297
0.00506596
0.00502012
0.00501187
0.00518467
0.00500382
0.00490354
0.00492348
0.00487749
0.00498061
0.00490372
0.00513468
0.0050194
0.0048886
0.00486499
0.00510038
0.00485655
0.00488176
0.00497461
0.00505752
0.00499312
0.00493472
0.00504105
0.0050058
0.00508136
0.00502381
0.00497199
0.00503215
0.00513331
0.00493412
0.00519752
0.00502184
0.00489597
0.00490905
0.00518216
0.00499533
0.0050591
0.00495509
0.00505461
0.00501355
0.00493531
0.00498232
0.0050067
0.00490681
0.00495413
0.00506015
0.00495802
0.00494362
0.00511693
0.00505514
0.0050498
0.00511791
0.00496497
0.00484263
0.00505899
0.00494575
0.00501907
0.00511534
0.00504911
0.00495199
0.00513278
0.00504017
0.00492988
0.00404456
