0.2
0.0020698
0.00206219
0.00204288
0.0020579
0.00205116
0.00204143
0.00206659
0.00205217
0.00205758
0.0020623
0.00204694
0.00205525
0.00207178
0.00205618
0.0020601
0.00204581
0.00201257
0.00206707
0.00205474
0.00204979
0.00206861
0.00207193
0.00206793
0.00204769
0.00206935
0.00201515
0.00203609
0.00205502
0.00204925
0.00202461
0.00207575
0.00205899
0.0020797
0.00203526
0.00204536
0.00206785
0.00203275
0.00203167
0.00207988
0.00205086
0.00204584
0.00204875
0.00206363
0.0020468
0.00208543
0.00202609
0.00201352
0.0020015
0.00202837
0.00201762
0.0020579
0.00202521
0.00205121
0.00205133
0.00207298
0.00200495
0.0020151
0.00206432
0.0020457
0.0020583
0.00203286
0.00206591
0.00202182
0.00202642
0.00202689
0.00205735
0.00205226
0.00202787
0.00203548
0.00201339
0.00203057
0.00203972
0.00207171
0.00205045
0.0020043
0.00205123
0.00203712
0.00201289
0.00206824
0.00204702
0.00206409
0.00205908
0.00203179
0.00202477
0.00203882
0.0020381
0.00206374
0.00205269
0.00204831
0.0020459
0.00203852
0.00202819
0.00205213
0.0020345
0.00203803
0.00209359
0.0020369
0.00204521
0.00205256
0.00204145
0.00206129
0.00206163
0.00204047
0.00203243
0.0020552
0.00204991
0.00202256
0.00204218
0.002029
0.00205962
0.00205713
0.00203495
0.00203461
0.0020503
0.00203988
0.00202204
0.00206266
0.00205268
0.00206767
0.00203795
0.00203796
0.00204107
0.002044
0.00202515
0.00206946
0.00204242
0.00203924
0.00203463
0.00201155
0.00202804
0.00204284
0.00205056
0.0020711
0.0020592
0.00205119
0.00205009
0.0020463
0.00203225
0.00202732
0.00201798
0.0020527
0.00202374
0.00203159
0.00204881
0.0020277
0.00203318
0.00204581
0.0020188
0.00205677
0.00207742
0.00205194
0.00201339
0.00206866
0.00202871
0.00205354
0.00207084
0.00205403
0.00206183
0.00204229
0.0020499
0.00201841
0.00204426
0.00203047
0.00203047
0.00205112
0.00201438
0.00205164
0.00202523
0.00203163
0.00204955
0.00203345
0.00204002
0.00203165
0.00204464
0.00206497
0.00203261
0.00202161
0.00207569
0.00205458
0.00206557
0.00204966
0.00202639
0.00203885
0.00205706
0.002065
0.00203366
0.00201606
0.00206382
0.0020233
0.00204914
0.00200104
0.0020613
0.00203237
0.00203722
0.00206909
0.00207764
0.00204422
0.00205783
0.00207032
0.00204782
0.00200989
0.00205496
0.00203585
0.00204138
0.0020365
0.00204553
0.00201951
0.00201372
0.00205739
0.00204175
0.0020425
0.00204117
0.00202068
0.002082
0.00203357
0.00204478
0.00202605
0.00202724
0.00204604
0.00204703
0.0020446
0.00205618
0.00204453
0.00202996
0.00205216
0.00203834
0.0020418
0.00201833
0.00204488
0.00201433
0.00203454
0.00201825
0.00203409
0.00204446
0.00202378
0.00204044
0.00201714
0.0020343
0.00199934
0.00203342
0.00203938
0.00206571
0.00205074
0.00203522
0.0020618
0.00204322
0.00204955
0.00201711
0.00202825
0.00204877
0.00203305
0.00202846
0.00203045
0.002043
0.00203105
0.0020398
0.0020104
0.00204414
0.00203884
0.00202847
0.00205709
0.00202037
0.00206855
0.00204427
0.00200889
0.0020349
0.00204431
0.00204818
0.0020254
0.00201782
0.002033
0.00202847
0.00204078
0.00205876
0.00209836
0.00206575
0.00203075
0.00206771
0.00207133
0.00203172
0.00201669
0.00201913
0.00203032
0.00205397
0.00206206
0.00204383
0.00204787
0.00203581
0.00204011
0.00204682
0.00206298
0.00203291
0.00201235
0.00204148
0.00202388
0.0020711
0.00204506
0.00205749
0.00205106
0.00204379
0.0020524
0.00204829
0.0020589
0.00205459
0.00204085
0.00204115
0.00202686
0.0020538
0.00207178
0.00204555
0.0020323
0.00202017
0.0020255
0.00206575
0.00201241
0.00204203
0.00200871
0.00203755
0.00206089
0.00202529
0.00203046
0.00202478
0.00202319
0.00201699
0.00204776
0.00203257
0.00203119
0.00206952
0.0020261
0.00207567
0.0019868
0.00206148
0.00205954
0.00203227
0.00207839
0.00205451
0.00205992
0.00205535
0.00206405
0.00203961
0.00204937
0.00201195
0.00202136
0.00203702
0.00201783
0.00205935
0.00204506
0.0020346
0.00201258
0.00201586
0.0020467
0.00199827
0.00205604
0.00207264
0.00202408
0.00202302
0.00203381
0.00203887
0.00203581
0.00203962
0.00200594
0.00201281
0.0020716
0.0020274
0.00201852
0.00204134
0.00204367
0.00203427
0.00205089
0.00202689
0.00202676
0.00204273
0.00204946
0.00202816
0.00202861
0.00207096
0.00205987
0.00201655
0.00201239
0.00204658
0.0020227
0.00205575
0.00205432
0.0020406
0.00201353
0.00200848
0.00203147
0.00203944
0.00203706
0.0020128
0.00205881
0.00206612
0.00203096
0.0020316
0.0020796
0.00204083
0.00207354
0.00202602
0.00204395
0.00203889
0.00203769
0.00203279
0.00203455
0.00198799
0.00203987
0.00205269
0.00205539
0.00202415
0.00206708
0.00203407
0.00202906
0.00204895
0.0020478
0.00203185
0.00199655
0.00204243
0.00202347
0.00202693
0.00202693
0.00204798
0.00205131
0.00204699
0.00204685
0.00204737
0.00207734
0.0020313
0.00203581
0.00206454
0.00207676
0.00202392
0.00204963
0.00203911
0.00203679
0.00202742
0.00205376
0.00206894
0.00203301
0.00200957
0.00204974
0.00201615
0.00206082
0.00203887
0.00200638
0.00203804
0.00203019
0.00201347
0.00201082
0.00205218
0.00200874
0.0020369
0.00201251
0.00201305
0.00201849
0.00201762
0.00205613
0.00204846
0.00204754
0.00204919
0.00202511
0.00201193
0.00203073
0.00205117
0.00204658
0.00205875
0.00204467
0.0020094
0.00205006
0.00205461
0.00208538
0.00201444
0.00202999
0.00204765
0.00202558
0.00201832
0.00201755
0.00204152
0.00207018
0.00202896
0.00202953
0.00203899
0.00203308
0.00204117
0.00205235
0.00202657
0.0020216
0.00202835
0.00204812
0.0020569
0.00206355
0.00178138
