0.2
0.00299351
0.00302085
0.00297589
0.00297864
0.00305124
0.00297842
0.00297594
0.00294378
0.00292462
0.00288189
0.00293157
0.00294969
0.00306247
0.00294579
0.00297085
0.00297509
0.00299374
0.0029382
0.00287795
0.00299046
0.00294505
0.00296602
0.00295179
0.00294977
0.0029535
0.00293906
0.00296724
0.00300443
0.00295934
0.00293105
0.00293988
0.00307238
0.00293263
0.00298847
0.00294707
0.00298063
0.00296465
0.00290593
0.00297149
0.00290715
0.00291974
0.0029066
0.00289758
0.00295066
0.00294848
0.00306084
0.00296817
0.00292036
0.00298133
0.00301435
0.00293108
0.00297379
0.00300051
0.00298585
0.00298824
0.00301087
0.00295419
0.00294447
0.00295045
0.00301093
0.00293804
0.00300033
0.00293387
0.00294474
0.00292963
0.00299849
0.00291404
0.00294207
0.0029657
0.00298188
0.0029662
0.00294288
0.00295988
0.00298638
0.00292103
0.00301727
0.00297909
0.0029284
0.00287569
0.00296559
0.00295142
0.00293321
0.0029772
0.00299571
0.00294881
0.00295614
0.00292941
0.00288912
0.00298412
0.00293078
0.00297307
0.00293441
0.00295463
0.00295603
0.00300283
0.00298173
0.00292089
0.00296704
0.00298642
0.00287327
0.00301997
0.00294294
0.00302677
0.0030014
0.00287988
0.0029518
0.00287937
0.00295923
0.00290031
0.00298285
0.00298665
0.00303624
0.00296653
0.0029339
0.00293416
0.00295614
0.00298453
0.00293271
0.00292678
0.00294629
0.00294942
0.00295221
0.00293931
0.00292487
0.00291834
0.0029344
0.00294458
0.00294991
0.00296417
0.00294203
0.00293795
0.00296841
0.00297743
0.00295101
0.00290591
0.00294429
0.00297658
0.0029072
0.0029039
0.00288581
0.00289564
0.00293944
0.00291202
0.00288979
0.00292014
0.00291757
0.00296116
0.00290986
0.00291838
0.00291592
0.00298555
0.00302233
0.00294564
0.0029556
0.00293052
0.00291056
0.00297964
0.00297222
0.00300378
0.00293933
0.0029831
0.0029354
0.00294208
0.00292627
0.00291884
0.00295148
0.0029549
0.00294307
0.00293045
0.00290576
0.00291282
0.00295269
0.00293127
0.00291678
0.00296468
0.0029714
0.00293576
0.00298473
0.00292145
0.0030127
0.00295847
0.00293969
0.00292823
0.00288399
0.00293765
0.00293532
0.00286903
0.00293455
0.00298547
0.00292774
0.00296909
0.00297018
0.00292943
0.00292459
0.00290552
0.00292982
0.00292254
0.00298308
0.00294084
0.0028992
0.00294493
0.00295168
0.00290464
0.00295228
0.00292319
0.00297735
0.00289795
0.00294534
0.00294604
0.00289795
0.00295778
0.00300341
0.00292279
0.00288905
0.00288209
0.00293148
0.00297944
0.00300144
0.00293691
0.002949
0.00297364
0.00293405
0.00296129
0.00286346
0.00291493
0.00293379
0.00285561
0.0028862
0.00301551
0.00289076
0.00292932
0.00293794
0.00287855
0.00292813
0.00293649
0.00296319
0.00290817
0.00296829
0.00295947
0.00294201
0.00294855
0.00292822
0.00290566
0.00296076
0.00288319
0.00289075
0.00296478
0.00284138
0.00293672
0.00293103
0.00287916
0.00296878
0.00290642
0.00296716
0.00291387
0.00301171
0.00292591
0.00295932
0.00294812
0.00288989
0.00294776
0.00294682
0.00293624
0.00297037
0.00300083
0.00292285
0.00285524
0.00294235
0.00296556
0.00290711
0.00298033
0.00300773
0.00292991
0.00290411
0.00300483
0.00292493
0.00291185
0.00289764
0.00289712
0.00291389
0.00284272
0.00295999
0.00293191
0.00299102
0.00291772
0.00296381
0.00289358
0.0029101
0.00293776
0.00301049
0.00292736
0.00290156
0.00294914
0.0028565
0.00288701
0.00295564
0.00289776
0.00290751
0.0029405
0.00292806
0.00297708
0.00290544
0.00290465
0.00295022
0.00292252
0.0029507
0.00289292
0.0029139
0.00290912
0.0029515
0.0029395
0.00295792
0.00288021
0.00290247
0.00292039
0.00294205
0.00293705
0.00292299
0.00294545
0.00292592
0.00288525
0.00295975
0.0028929
0.00294147
0.00293294
0.00292183
0.00294207
0.00297849
0.00295306
0.00289693
0.00297998
0.00287121
0.00288568
0.00288216
0.00286869
0.00290663
0.0028655
0.00300117
0.00297369
0.00237866
