0.2
0.00210672
0.00214396
0.00214962
0.00216249
0.00213504
0.00218397
0.00208445
0.00218388
0.00211169
0.00215052
0.00211741
0.00215659
0.00217488
0.00216658
0.00213763
0.00215597
0.00216822
0.00212399
0.0021628
0.00210882
0.00215656
0.00211998
0.00214038
0.00210924
0.00212042
0.00210997
0.00215811
0.00216411
0.00212732
0.00210821
0.00213124
0.00212129
0.00215186
0.00214859
0.00215198
0.00213202
0.00215657
0.00216028
0.00209439
0.00212702
0.00214377
0.00212823
0.00213751
0.002129
0.00215656
0.00213297
0.00215039
0.00214053
0.00216752
0.00214842
0.00214335
0.00212226
0.00211889
0.00213609
0.00213511
0.00213569
0.00213436
0.00215123
0.00215431
0.00213401
0.0021307
0.00215702
0.00211896
0.00215231
0.00213895
0.0021367
0.00213728
0.00217615
0.00215374
0.0021562
0.00217949
0.00211425
0.00213383
0.00206961
0.00207858
0.002132
0.00214563
0.00208969
0.0021299
0.00212826
0.00210041
0.0021278
0.00217069
0.00214385
0.00212074
0.00216379
0.00212977
0.00213445
0.00216438
0.00215071
0.00217646
0.00214299
0.00214163
0.0021468
0.0021201
0.0021188
0.0021276
0.00216306
0.002106
0.00210471
0.00214162
0.00211318
0.00214526
0.00211199
0.00216529
0.00213458
0.00215025
0.00217403
0.00217111
0.00211961
0.00213535
0.00211914
0.00209547
0.00212301
0.00212359
0.00210532
0.00211919
0.00215083
0.00215353
0.00214211
0.00210635
0.00211384
0.00214323
0.00212025
0.00209979
0.00217037
0.00212757
0.00207779
0.00211756
0.00213201
0.00213741
0.00211043
0.00207609
0.00215309
0.00211682
0.00211811
0.00218618
0.00212625
0.00216388
0.00212016
0.00209496
0.00211876
0.0021141
0.00216259
0.00215933
0.00213163
0.00215438
0.00210276
0.00213531
0.00212503
0.00213459
0.00213498
0.00214465
0.00216008
0.00214062
0.00214765
0.00214733
0.00215238
0.00213296
0.0021026
0.00211529
0.00215481
0.00214576
0.00211903
0.00214778
0.00218737
0.00213842
0.0021563
0.00210262
0.00208838
0.00214632
0.00213399
0.00211027
0.00212952
0.00212761
0.00213304
0.00210361
0.00213326
0.00213664
0.0021453
0.00209338
0.00214335
0.00210222
0.00212529
0.0021446
0.00215022
0.00217108
0.00212364
0.00214861
0.00212771
0.00212222
0.00214936
0.00211376
0.00213991
0.00214058
0.00208844
0.00212277
0.00209159
0.00211319
0.00214789
0.00215995
0.00211959
0.00212916
0.00214151
0.00209605
0.00210918
0.0021215
0.00214492
0.00213908
0.00212946
0.00212005
0.00215027
0.00214639
0.00212231
0.00219511
0.00214039
0.00216392
0.00212744
0.00212818
0.00208397
0.00215427
0.00212669
0.00214201
0.00213936
0.00209371
0.00211401
0.00212775
0.00214533
0.00211122
0.00212484
0.00213644
0.00211963
0.0020993
0.00209989
0.00211754
0.00212842
0.00211776
0.002142
0.00210249
0.00215983
0.00211416
0.00213236
0.00211048
0.00209117
0.0021347
0.00211235
0.00215493
0.00213473
0.00213649
0.00212215
0.00211823
0.00211103
0.00211963
0.00210798
0.00212467
0.00214405
0.0021533
0.00216451
0.00210913
0.00210092
0.00212572
0.00211555
0.00210905
0.00212832
0.00212348
0.00214177
0.00212724
0.00210569
0.00212331
0.00207893
0.00211547
0.00213729
0.00214973
0.00210675
0.00210095
0.00211538
0.0021434
0.0021447
0.00211106
0.00213647
0.00212848
0.0021442
0.00214387
0.00207506
0.00212925
0.00216617
0.00210265
0.00214359
0.00213594
0.0020731
0.00212968
0.00214287
0.0021189
0.002072
0.00217449
0.0021493
0.00210775
0.00213129
0.00212765
0.00213354
0.00213724
0.00211687
0.00214226
0.00213328
0.00210729
0.00215756
0.00209879
0.00212534
0.00210274
0.00219388
0.00216655
0.00205469
0.00212399
0.00212302
0.00212359
0.00208878
0.00212101
0.00207812
0.00208266
0.00211605
0.0021442
0.00211809
0.00216595
0.00215857
0.00212721
0.00214048
0.00213479
0.0021697
0.00211842
0.00210342
0.00214833
0.00213781
0.00214592
0.00213593
0.00211654
0.00212026
0.0021356
0.00215405
0.00212369
0.00212773
0.00216423
0.00211136
0.0021051
0.00207549
0.00212957
0.00210013
0.00212487
0.00212883
0.00212146
0.00211825
0.00210939
0.00214351
0.0020815
0.00211603
0.00215269
0.0021356
0.00211107
0.00210711
0.00212452
0.00212761
0.00212859
0.002115
0.00213404
0.00213229
0.00214805
0.00215379
0.00206882
0.0021029
0.00211412
0.00211647
0.00213321
0.00207758
0.00213009
0.00211246
0.00211666
0.00217227
0.00209292
0.00210416
0.00215215
0.00214385
0.00211895
0.00210175
0.00213596
0.00211796
0.00215554
0.00215591
0.00213854
0.00210448
0.00211072
0.00213775
0.00210264
0.00211681
0.00212979
0.00214841
0.00213713
0.00212024
0.00209705
0.00214999
0.00212984
0.00212421
0.00212337
0.00214452
0.00209378
0.00209854
0.00214253
0.00211467
0.00217828
0.00217442
0.00218441
0.002127
0.00214615
0.00210728
0.00209779
0.00212969
0.00209502
0.002092
0.00213024
0.0021075
0.00210457
0.00209525
0.00215283
0.00207677
0.00213276
0.00214506
0.00210147
0.0021288
0.00213576
0.00210424
0.00214356
0.00211646
0.00214048
0.00211536
0.0020972
0.00214304
0.002086
0.00211313
0.00209843
0.00209407
0.00213372
0.00211605
0.00213186
0.00209858
0.00211828
0.00210295
0.00212417
0.00206947
0.00211131
0.00212441
0.00214276
0.00211987
0.00209149
0.00211513
0.00208661
0.00207867
0.00215222
0.00213055
0.00211042
0.00211399
0.00211874
0.00211793
0.00211441
0.00209506
0.00213273
0.00212668
0.00211334
0.00213219
0.00209097
0.0021386
0.00212507
0.00176713
