0.2
0.00234173
0.00238009
0.002424
0.00234843
0.00235262
0.00231915
0.00234932
0.00233167
0.00234802
0.0023511
0.00235445
0.00236867
0.00234711
0.00236205
0.00236045
0.00232137
0.00230982
0.00234383
0.00232193
0.00231197
0.00232827
0.00237189
0.00239887
0.00235078
0.00234975
0.0023206
0.00233285
0.00234519
0.00232435
0.00233086
0.00234717
0.00236353
0.00235169
0.00235932
0.002291
0.00232956
0.00235657
0.00230564
0.00235038
0.00234204
0.00233354
0.00236748
0.00233144
0.0023832
0.00237912
0.00228981
0.00236181
0.002291
0.00236741
0.00235468
0.00236216
0.00233033
0.00237564
0.0023118
0.00233903
0.0023672
0.0023839
0.00229211
0.0023342
0.00231746
0.00230923
0.00235061
0.0023454
0.00234289
0.00235079
0.00236396
0.00236984
0.00236589
0.00236781
0.00231449
0.00232922
0.00236977
0.00231676
0.00233114
0.00235587
0.00234078
0.00233327
0.00232113
0.00230057
0.00230753
0.00234178
0.00232654
0.00233842
0.0023646
0.0023294
0.00229758
0.00234021
0.00230332
0.00227767
0.00232333
0.00235418
0.00230743
0.00231082
0.00228307
0.00230095
0.00233175
0.00233367
0.0023224
0.00232037
0.00230708
0.00232743
0.00232288
0.00233124
0.00230077
0.00229074
0.00236863
0.00231009
0.00238747
0.00237883
0.00232323
0.00229244
0.0023252
0.00231688
0.0023213
0.00235006
0.00229853
0.00234131
0.0023136
0.00231395
0.0023441
0.00237008
0.00234168
0.00236186
0.0023784
0.00231721
0.00234515
0.00238971
0.00231648
0.00233458
0.00238796
0.00232426
0.00237617
0.00231794
0.00238335
0.0023057
0.00237028
0.00234586
0.00234955
0.00233273
0.00241864
0.00231015
0.00228299
0.00229473
0.00233525
0.00231874
0.00231361
0.00235235
0.00233514
0.00231251
0.00231238
0.00229842
0.00236119
0.00231638
0.00238994
0.00234906
0.00232357
0.00234246
0.00233507
0.00230619
0.00238376
0.00236444
0.00230745
0.00233609
0.00233384
0.00230541
0.00229947
0.00228575
0.00234146
0.00238309
0.00232638
0.00232362
0.00229093
0.002351
0.00231617
0.00235109
0.00234139
0.00232967
0.00232093
0.00236174
0.00234542
0.00231112
0.00231068
0.0023427
0.00232911
0.00226533
0.0022909
0.00230577
0.00228724
0.00228539
0.0023463
0.00232486
0.00234837
0.00231724
0.00227556
0.00226409
0.0022917
0.00233966
0.00232993
0.00228269
0.00230001
0.00233532
0.00231515
0.00232938
0.00235396
0.00227804
0.00228255
0.00231651
0.00232475
0.00235111
0.0023157
0.00236667
0.00229779
0.00233977
0.00233116
0.0023272
0.00233693
0.00229676
0.00232119
0.0023128
0.00233397
0.00235025
0.00233959
0.00231005
0.00231797
0.00231204
0.00234722
0.00229533
0.00229777
0.00233441
0.00233657
0.00226354
0.00235764
0.00232322
0.00236826
0.00233354
0.0022692
0.00232163
0.00228318
0.00233947
0.00229291
0.00231844
0.00231017
0.00229639
0.00237404
0.0022989
0.00229289
0.00228887
0.00233378
0.0023394
0.00236687
0.00228321
0.00229164
0.00225745
0.00234304
0.0023144
0.00233762
0.00230454
0.00231945
0.00235161
0.0023654
0.00237693
0.00231729
0.00233191
0.00231295
0.00230965
0.00229866
0.00232138
0.00228757
0.00234828
0.00234407
0.00235394
0.00230448
0.00232042
0.00232889
0.00232794
0.00235725
0.00236351
0.00231245
0.00229604
0.00231333
0.00229524
0.00230044
0.00232159
0.0022992
0.00236928
0.0023326
0.00231308
0.00233136
0.00228842
0.00232851
0.00235881
0.00234774
0.00232214
0.00231934
0.00230675
0.00234256
0.0023877
0.00228619
0.00236357
0.00233563
0.0022703
0.00235041
0.00232687
0.00228251
0.00231633
0.00232555
0.00234084
0.00230786
0.00236333
0.00229657
0.00228225
0.00229122
0.00232981
0.00230595
0.00231424
0.002292
0.00233636
0.00230109
0.00238249
0.00231705
0.00229831
0.00232327
0.00232383
0.00230361
0.00229725
0.00234215
0.00231799
0.00237941
0.00228647
0.0023024
0.00232237
0.00233803
0.00233368
0.00230609
0.00229292
0.00230919
0.00233736
0.0023495
0.00228012
0.00233424
0.00230099
0.00232633
0.00231669
0.00233145
0.00232439
0.00229257
0.00236815
0.00227852
0.00229571
0.00230384
0.00234952
0.00230541
0.00233056
0.00231904
0.00232246
0.00236063
0.00230436
0.00234337
0.00234859
0.00229782
0.00231787
0.00234717
0.00231546
0.00234264
0.00237521
0.00225487
0.00232951
0.00232677
0.00227368
0.0023307
0.00236818
0.00228966
0.00233606
0.0023109
0.00227231
0.00233207
0.00231429
0.0022739
0.00229423
0.00231583
0.00231134
0.00231478
0.00230263
0.00231409
0.00228155
0.00234352
0.00226612
0.00228182
0.00231845
0.00233437
0.00227215
0.00230877
0.00234415
0.00230681
0.00232014
0.00235994
0.00231897
0.0023168
0.00230019
0.00226032
0.0023293
0.00234893
0.00236624
0.00227951
0.00228316
0.0023302
0.00228508
0.00235508
0.00232368
0.00231225
0.00232891
0.00235296
0.00231251
0.00231583
0.00231215
0.00226575
0.00232704
0.00231005
0.00234946
0.00229584
0.00232905
0.0023048
0.00232597
0.00232511
0.00234504
0.00234406
0.00232942
0.00231115
0.0023263
0.00188257
