0.2
0.0022907
0.00226962
0.00227794
0.00227505
0.00234631
0.00226686
0.00232728
0.00232
0.00229965
0.00224508
0.00229919
0.00227459
0.00227098
0.00231232
0.00235118
0.0023517
0.00227229
0.00234335
0.00230966
0.00226467
0.00227739
0.00225784
0.00231675
0.00227844
0.00231178
0.00227179
0.00229277
0.00227265
0.00228441
0.00229203
0.00233386
0.0023038
0.00229718
0.00227676
0.00223518
0.00226259
0.00230761
0.00225436
0.00226711
0.00233806
0.00227723
0.0023066
0.00229978
0.00229906
0.00231121
0.0022901
0.00226527
0.00230163
0.00228324
0.00231526
0.00226659
0.00226993
0.00232148
0.00228139
0.00229204
0.00229998
0.00226847
0.00230371
0.00230292
0.00229238
0.00227216
0.00227782
0.00228983
0.00226717
0.00225533
0.00225589
0.0022848
0.00232796
0.00231397
0.00231428
0.00229617
0.00227455
0.00226415
0.00230564
0.00224881
0.00229864
0.00228283
0.00229107
0.002286
0.00225266
0.00228657
0.00229482
0.00230341
0.002277
0.00228494
0.00231196
0.00227387
0.00221641
0.00228949
0.00229499
0.00228125
0.00228989
0.00230351
0.00230021
0.00225576
0.0022628
0.00230824
0.0022544
0.00226261
0.00225773
0.00229154
0.00224779
0.00230803
0.00234907
0.00227801
0.00226083
0.00226954
0.00228675
0.00225599
0.0022707
0.00224559
0.00228466
0.00230437
0.00227104
0.00230538
0.00230556
0.00227924
0.00228516
0.00227932
0.0023316
0.00226198
0.00226777
0.00225164
0.0022735
0.00228094
0.00232536
0.0022388
0.00224597
0.00224893
0.00226193
0.0022573
0.00224231
0.00221902
0.00227874
0.00226056
0.00227458
0.00229239
0.00230893
0.00232752
0.00231324
0.00232287
0.00222847
0.00227863
0.00228481
0.00222102
0.00228189
0.00227849
0.00229652
0.0022879
0.00228261
0.00232693
0.00225506
0.0022596
0.00229374
0.00230499
0.00220245
0.00227702
0.00222431
0.00227247
0.00225678
0.00229228
0.00229131
0.00230832
0.00231259
0.00229004
0.00231005
0.0022691
0.00225067
0.00224811
0.00226465
0.00227272
0.00228267
0.0022773
0.00229403
0.00231553
0.00229506
0.00230251
0.00227288
0.00226841
0.00229874
0.00226993
0.00222601
0.00225058
0.00224129
0.00230206
0.00228608
0.0022998
0.00227292
0.00228095
0.00227624
0.00229418
0.00232323
0.00228216
0.00229386
0.00226518
0.00230039
0.00225575
0.00226599
0.00226237
0.00227414
0.002268
0.00224118
0.00230931
0.00227681
0.00225096
0.0022387
0.00230022
0.00225524
0.00228566
0.0022688
0.00228591
0.00226057
0.00230985
0.0022674
0.00226656
0.00221382
0.00224766
0.00228373
0.00225588
0.00228387
0.00224812
0.00224792
0.00226129
0.00227281
0.00230312
0.00232272
0.00226772
0.00229477
0.00225389
0.00228767
0.00229635
0.0022561
0.00229803
0.00228158
0.00223492
0.00230132
0.00222996
0.00223094
0.00224054
0.00229246
0.00228019
0.0022733
0.0022713
0.00227817
0.00227397
0.00227642
0.00228158
0.00224828
0.00226694
0.00222662
0.00226178
0.00222252
0.00225466
0.00226584
0.00222823
0.00226617
0.00226812
0.00226418
0.00223621
0.00226737
0.00223748
0.00230272
0.0022579
0.00223376
0.00227535
0.0022796
0.0022457
0.00221336
0.00227062
0.00221651
0.00224768
0.00226053
0.00228848
0.00221466
0.00224892
0.00231432
0.00223406
0.00226606
0.00229998
0.00226685
0.00228426
0.00226288
0.00228426
0.00232734
0.00224512
0.00226706
0.00224804
0.00224281
0.00225992
0.0022973
0.00227475
0.00225754
0.00227664
0.0022877
0.00224159
0.00229156
0.00231421
0.00227982
0.0022727
0.00223085
0.0022246
0.00226289
0.0022226
0.00226751
0.00226799
0.0022902
0.00230298
0.00225417
0.00224987
0.00228062
0.00229379
0.00226093
0.0022695
0.00230884
0.00226746
0.00228378
0.00225366
0.00228747
0.0022814
0.00223636
0.00220178
0.00229046
0.00226281
0.00229322
0.00229307
0.0022651
0.00219979
0.00224963
0.00226337
0.00222377
0.00225842
0.00230359
0.00226187
0.00222428
0.0022858
0.00228901
0.00228835
0.00226556
0.00224866
0.00225331
0.00226373
0.00225476
0.00228124
0.0022406
0.00227339
0.00223528
0.00227399
0.00227829
0.00230095
0.00226383
0.00226375
0.00226149
0.00228935
0.00229437
0.00226838
0.00233368
0.00228516
0.00228177
0.00231636
0.002238
0.00224607
0.00229147
0.00225812
0.00226832
0.00225002
0.00227704
0.00223706
0.00224335
0.00228749
0.00223995
0.00230239
0.00228194
0.00225307
0.00228454
0.00225623
0.00221632
0.00223607
0.00224953
0.00228603
0.00229906
0.00224445
0.00224595
0.00228616
0.00225904
0.00224315
0.00226653
0.0022429
0.00227985
0.00221009
0.00225104
0.00224852
0.00224798
0.00223997
0.00225606
0.00226698
0.00230623
0.00232115
0.00230487
0.00226003
0.00223693
0.00227539
0.00230864
0.00222036
0.00227335
0.00224889
0.0022907
0.00223539
0.00229031
0.00233457
0.00224891
0.00230535
0.00223227
0.00228346
0.00231926
0.00226242
0.00223858
0.00224133
0.00225336
0.00224873
0.00228527
0.00224953
0.00229014
0.00225953
0.00224371
0.00223271
0.00227065
0.0022542
0.00226423
0.00226644
0.00225821
0.00228162
0.00230481
0.0022182
0.00225959
0.00226072
0.00222711
0.00228101
0.00226045
0.00224637
0.0018436
