0.2
0.0026072
0.00261958
0.0026309
0.00260652
0.00258081
0.00260903
0.00257328
0.00261016
0.00255585
0.00256283
0.00253432
0.00257229
0.00260873
0.0025952
0.00260039
0.00255287
0.00259493
0.00257441
0.0025525
0.00262418
0.00258872
0.00254656
0.00256702
0.00254314
0.00260345
0.00261688
0.0025999
0.00262236
0.00257942
0.00262024
0.00254845
0.00260493
0.00259998
0.00255154
0.0025237
0.00259446
0.00255554
0.00257051
0.00258138
0.00262389
0.00259094
0.00258463
0.00258079
0.00262969
0.00251282
0.00255739
0.00259527
0.00253987
0.00253482
0.00260186
0.00257202
0.00260406
0.00258896
0.00256411
0.0026221
0.00257184
0.00259699
0.00256583
0.00259471
0.0025852
0.00259898
0.00251254
0.0025921
0.00253575
0.00262829
0.00259063
0.00260289
0.00259129
0.00254967
0.00254673
0.00258736
0.00257866
0.00258777
0.00258265
0.00255117
0.00256571
0.00260639
0.00254735
0.00256887
0.00255936
0.00260461
0.00260722
0.00257198
0.00250924
0.00257969
0.00261341
0.00260945
0.00259569
0.00263159
0.00256158
0.00254229
0.00259298
0.00259996
0.00261485
0.00256823
0.00256611
0.00261869
0.00252984
0.0026154
0.00257854
0.00253385
0.00260737
0.00258404
0.00256268
0.00261003
0.0025648
0.00259266
0.0025443
0.00256954
0.00261027
0.00257601
0.00254231
0.0025756
0.00257562
0.00263867
0.00259553
0.00259411
0.0025845
0.00259866
0.00253025
0.00257584
0.00256003
0.0026066
0.0025709
0.00256719
0.00254958
0.00254988
0.0026071
0.00261125
0.00253919
0.00259041
0.00251882
0.00253406
0.00254058
0.00258017
0.00260456
0.0025993
0.00251606
0.00260199
0.00255999
0.00264249
0.00249114
0.00256783
0.0025358
0.00254879
0.00254508
0.00255371
0.00256086
0.00255754
0.00261887
0.00257571
0.00256627
0.00261418
0.00253765
0.00252989
0.00257485
0.00257647
0.00254128
0.0025827
0.00261883
0.00256962
0.00254694
0.00256831
0.00253281
0.00250357
0.00262614
0.00257633
0.00259051
0.00255065
0.0025938
0.00260814
0.00256699
0.00255828
0.00256734
0.00251524
0.00254988
0.00253867
0.00252521
0.00260542
0.00261449
0.00249668
0.00258769
0.00258274
0.00255637
0.00256455
0.00257513
0.0026152
0.00254625
0.00256883
0.00248999
0.00256316
0.00253563
0.0025733
0.0025832
0.002578
0.00253555
0.00255147
0.0025761
0.00258991
0.00248484
0.00258772
0.00256313
0.00256794
0.00255917
0.00257325
0.00254534
0.00258503
0.00257102
0.00257089
0.00255666
0.00257966
0.00255538
0.00256098
0.0026148
0.00253027
0.00251324
0.0025293
0.00261192
0.00251516
0.00255093
0.00255371
0.00254472
0.00263726
0.00262905
0.00255751
0.00257349
0.00255302
0.00258736
0.00257354
0.00254862
0.00259096
0.00258027
0.00252663
0.00255562
0.00252324
0.00254708
0.00257039
0.00259622
0.00256476
0.00255699
0.00256911
0.00255848
0.00253876
0.00251211
0.00255585
0.00256725
0.0025648
0.00255979
0.00255849
0.00247776
0.00251469
0.00252559
0.00255995
0.00256388
0.00254523
0.00249708
0.00253328
0.00253814
0.00255088
0.00258118
0.00251879
0.00256334
0.00261194
0.00254328
0.00252194
0.00258174
0.00256592
0.00262329
0.00254718
0.00255656
0.00254696
0.00253333
0.00251779
0.00257035
0.00254517
0.00252742
0.00256002
0.00255437
0.00252477
0.00254224
0.0024995
0.00257765
0.00254581
0.00256652
0.00254966
0.00257926
0.0025852
0.00253976
0.00257194
0.00259144
0.00254917
0.00261071
0.00257316
0.00253315
0.00258275
0.00255186
0.0025418
0.00253798
0.00255397
0.00254877
0.00254584
0.00259382
0.00254324
0.0024725
0.0025528
0.00258769
0.00250758
0.00251425
0.00255945
0.00258338
0.00254973
0.00256437
0.00257476
0.0025266
0.00254274
0.00252541
0.00259001
0.00259736
0.00250834
0.00259542
0.0025315
0.00254698
0.00257661
0.00260209
0.00251773
0.00257761
0.00259808
0.0025418
0.00251611
0.00256756
0.00253116
0.00255621
0.00260625
0.00254376
0.00250357
0.0025309
0.00254028
0.00260998
0.00252893
0.00248016
0.00252297
0.00254893
0.00258483
0.00251794
0.00253528
0.00255055
0.00254772
0.00255783
0.00259334
0.00251408
0.00256532
0.00253781
0.00257204
0.00256929
0.0025194
0.00260318
0.00255776
0.00253452
0.00257722
0.00256768
0.00253761
0.00257566
0.0025917
0.00259888
0.00249387
0.00254955
0.00252953
0.00256554
0.0025472
0.00254237
0.00255946
0.00254081
0.00252832
0.00253226
0.00250037
0.00251684
0.00261595
0.00251819
0.00261641
0.00255793
0.00262144
0.00258156
0.00254672
0.00253526
0.00254443
0.00255102
0.00252796
0.00258855
0.00258518
0.00207362
