0.2
0.00540328
0.00529327
0.00539379
0.0052977
0.0052013
0.00527223
0.00523418
0.00529634
0.00523105
0.00539701
0.0052426
0.00526977
0.00531919
0.00524231
0.0052163
0.00523695
0.00534266
0.00538067
0.00539254
0.00528132
0.00525764
0.00537329
0.00520914
0.00542473
0.00522231
0.00530819
0.00545568
0.00541326
0.00525155
0.00542759
0.00537111
0.00512816
0.00545938
0.00526732
0.00530176
0.00526129
0.00536232
0.00538634
0.00533387
0.00536985
0.00520802
0.00541045
0.00537237
0.00536954
0.00514463
0.00507853
0.00541995
0.00524779
0.00525541
0.00528597
0.00528846
0.00511733
0.00532877
0.00535775
0.00531175
0.00525268
0.0053387
0.00520839
0.00522483
0.00521825
0.00523177
0.00511422
0.00525414
0.00532554
0.00528982
0.00530274
0.00514925
0.00530282
0.00531762
0.00528618
0.0052362
0.00538976
0.00513069
0.00523562
0.00531346
0.00528816
0.00526205
0.0052518
0.00529087
0.00521109
0.00523254
0.0053783
0.00514907
0.00527089
0.00518399
0.0053482
0.00534048
0.00528576
0.00520621
0.00523345
0.00554367
0.00521146
0.00516645
0.00533418
0.00520597
0.00538697
0.00516572
0.00534579
0.00521083
0.00529415
0.00514921
0.00517588
0.00517319
0.0052412
0.00515809
0.00537584
0.00522859
0.00531655
0.00519353
0.00525244
0.00517478
0.00520943
0.0052005
0.00539225
0.00511005
0.00544848
0.00515012
0.00526222
0.00539313
0.00535301
0.005161
0.00524386
0.00521256
0.00545232
0.00518571
0.00514062
0.00538663
0.00526255
0.00511215
0.00529335
0.0053623
0.00535866
0.00527041
0.00534071
0.00520542
0.00519485
0.00526709
0.00529315
0.00537176
0.00524264
0.00515772
0.0050909
0.0052151
0.0051912
0.0052007
0.00533197
0.0053067
0.00535723
0.00531574
0.00525301
0.00526088
0.00532687
0.00521198
0.00519202
0.00516909
0.00517611
0.00519214
0.00546111
0.00519334
0.00537566
0.00498797
0.00538563
0.00516094
0.00532027
0.00530552
0.00533894
0.00517514
0.00537435
0.00519181
0.00508031
0.00513039
0.00518678
0.00518059
0.00519042
0.00525167
0.005458
0.00525763
0.00514747
0.00512681
0.00532823
0.00538145
0.00530717
0.00521954
0.00513681
0.00532085
0.00517321
0.00523099
0.00508599
0.00536429
0.00425846
