0.2
0.00332307
0.00335857
0.00330288
0.00329095
0.00332386
0.00336712
0.00345917
0.00338213
0.00343821
0.00338141
0.00333301
0.00334574
0.00343506
0.00342332
0.0033792
0.0033948
0.0034108
0.00344231
0.0033021
0.00340767
0.00330631
0.00337391
0.00332578
0.00344849
0.00333857
0.00332179
0.00337999
0.00338847
0.0034554
0.00335764
0.00333757
0.00335161
0.00330954
0.00339036
0.00333711
0.00329668
0.00337444
0.00338592
0.00340831
0.00328374
0.00332597
0.00337786
0.00331272
0.00329622
0.00338822
0.00331089
0.00338141
0.0032841
0.00335059
0.0033342
0.00334638
0.00339502
0.00333917
0.00332241
0.00334617
0.00340607
0.003384
0.00332925
0.00340967
0.0034676
0.0033516
0.00325764
0.00339236
0.00333502
0.00329565
0.0033814
0.00336323
0.00340687
0.00340298
0.00331452
0.00334184
0.00330659
0.00338047
0.00328839
0.00341442
0.00331732
0.00338252
0.00338151
0.00345008
0.00334862
0.00330571
0.0033255
0.0033828
0.00335983
0.0033728
0.00330548
0.00334842
0.003342
0.00344334
0.00325263
0.00336941
0.00329612
0.00337874
0.00340154
0.00333118
0.00336793
0.00324607
0.00336531
0.00334657
0.00332947
0.00341209
0.00334895
0.0033844
0.00334374
0.00331681
0.00341091
0.00337567
0.00330184
0.00335446
0.00331743
0.00333321
0.00333802
0.00335657
0.00334461
0.00324804
0.00335584
0.00335232
0.00334039
0.00335655
0.0033687
0.00336171
0.00327847
0.00333575
0.00334824
0.00330761
0.00326506
0.00336991
0.00332451
0.00339824
0.00328021
0.00335894
0.00334936
0.00329312
0.00328778
0.00325861
0.00333725
0.003291
0.00332827
0.00330171
0.00326888
0.00325709
0.00337855
0.00337051
0.00328837
0.00330448
0.00330046
0.00334503
0.00328775
0.00341919
0.00334243
0.00330439
0.00327332
0.00335494
0.0033007
0.00334771
0.00338054
0.00337988
0.00324522
0.00323122
0.00331469
0.00333264
0.00336358
0.00336719
0.00342585
0.0033218
0.00331128
0.00336268
0.00337239
0.0033779
0.00328328
0.00341473
0.00332286
0.00336202
0.00339091
0.00334697
0.00331139
0.0032761
0.00334393
0.0033811
0.003274
0.00328283
0.00329978
0.00327994
0.00336791
0.00328309
0.00334556
0.00330153
0.00333411
0.00333344
0.00326363
0.00327029
0.00329622
0.00328132
0.00323455
0.00332084
0.0033398
0.00331222
0.00328537
0.00334498
0.00331052
0.00338657
0.00335621
0.00331217
0.00341233
0.00331052
0.00329065
0.00331781
0.00327454
0.00335861
0.00329144
0.00338171
0.00328558
0.00333692
0.00335091
0.00331461
0.00333514
0.00332651
0.00339449
0.00336827
0.00334158
0.00329611
0.00334175
0.00333714
0.00334322
0.00328954
0.00326028
0.00334044
0.00336448
0.00330088
0.0032819
0.00335348
0.00324361
0.0032807
0.00324141
0.00331576
0.00337831
0.00330744
0.00331798
0.00327325
0.00330466
0.00330331
0.00334029
0.00329615
0.00330983
0.0033457
0.00329239
0.00334207
0.00334417
0.00330675
0.00333987
0.00332979
0.00324927
0.00330703
0.00328657
0.0032977
0.00334543
0.00336223
0.00341568
0.00337006
0.00330129
0.00325852
0.00325097
0.00346032
0.00334656
0.00331069
0.00332358
0.00332212
0.00331602
0.0033354
0.00330666
0.0034057
0.00325956
0.0032611
0.00330071
0.0032944
0.00336981
0.00322961
0.00335755
0.00329759
0.00338479
0.00325955
0.00330985
0.00329611
0.00327298
0.0032952
0.00337221
0.00325503
0.0033579
0.00334185
0.00330344
0.00334689
0.00327793
0.00328784
0.00327882
0.00331269
0.00331955
0.00339624
0.00331956
0.0033771
0.00269612
