0.2
0.00831303
0.00895705
0.00873447
0.00814351
0.00877263
0.00848588
0.0086746
0.00848244
0.00810496
0.00844397
0.00843132
0.00845938
0.00834462
0.00854457
0.00820901
0.00839222
0.0082459
0.00833809
0.00817193
0.00874999
0.00846422
0.00833133
0.00837441
0.00845955
0.00823722
0.00853098
0.00829847
0.00802602
0.00860202
0.00838659
0.00823341
0.00816842
0.00837095
0.00816858
0.00849261
0.00809215
0.00826354
0.00834294
0.00846431
0.00844329
0.00841979
0.00868068
0.00866664
0.00851896
0.00832019
0.00831996
0.00858751
0.00810523
0.00822221
0.00833278
0.00850642
0.00813079
0.00808565
0.00836915
0.00828314
0.00843726
0.00833192
0.00824776
0.00833403
0.00817861
0.00844851
0.00860988
0.00849757
0.00852344
0.00806317
0.00809293
0.00814979
0.00808095
0.00823443
0.00842498
0.00817622
0.00821097
0.00834601
0.00826389
0.00844848
0.00843505
0.00824348
0.00830006
0.00826656
0.00828252
0.00847122
0.00831029
0.0086247
0.00833881
0.00833329
0.00833277
0.00842886
0.00817886
0.00870035
0.00828403
0.00803526
0.00837309
0.0084686
0.00837254
0.00786549
0.00834568
0.00839027
0.00836588
0.00814771
0.00812486
0.00850469
0.00846874
0.00829792
0.00843636
0.00820843
0.00816059
0.00808171
0.0083104
0.00817242
0.00825999
0.00838519
0.0082822
0.00833762
0.00815088
0.00831855
0.00842321
0.00829193
0.00839956
0.00834224
0.00674659
