0.2
0.011028
0.011082
0.0114397
0.0115286
0.0113206
0.0110398
0.0113125
0.0113888
0.0110665
0.0110955
0.0110475
0.0111499
0.011006
0.0109914
0.0112653
0.0118226
0.0110164
0.0115744
0.0116821
0.0108191
0.0110097
0.0107778
0.0108015
0.0109214
0.0113186
0.0114054
0.0104883
0.0105043
0.0115019
0.0114583
0.0114352
0.0111635
0.0113185
0.0107492
0.0113531
0.0109592
0.0110454
0.0115494
0.0111508
0.0111498
0.0112269
0.0106998
0.0114937
0.0116383
0.0111052
0.0109654
0.0104793
0.0109026
0.012147
0.0112193
0.010848
0.0118561
0.0108468
0.0106112
0.0107222
0.0110069
0.0116022
0.0114703
0.0114853
0.0110844
0.0113972
0.0106946
0.0109933
0.0108712
0.0111638
0.011023
0.0106682
0.011154
0.0109847
0.0111099
0.0109953
0.0109168
0.0119358
0.0116095
0.0110291
0.011393
0.011396
0.0107459
0.010922
0.011144
0.0109811
0.0112035
0.010896
0.0108153
0.0109018
0.0111063
0.0110583
0.0105186
0.0112259
0.00899718
