0.2
0.0057146
0.00568144
0.00555799
0.00571638
0.00581103
0.00567902
0.00551031
0.0055803
0.00575106
0.00549372
0.0054289
0.00568465
0.00552744
0.00567077
0.00576884
0.00568118
0.00547991
0.00555844
0.0055668
0.00569376
0.00567496
0.00562117
0.00568391
0.00554342
0.00547036
0.00562112
0.00555018
0.00571252
0.00569728
0.00561808
0.00561298
0.00559922
0.0054414
0.00553208
0.00537945
0.00540842
0.00547345
0.00556723
0.0056513
0.00549017
0.00536694
0.00550303
0.00556756
0.00561045
0.00576825
0.00572573
0.00549915
0.00562806
0.00558504
0.00566275
0.00566239
0.00562273
0.00558007
0.00557928
0.00546227
0.00570116
0.00566691
0.00557846
0.00563022
0.00568616
0.00560422
0.00561319
0.00539339
0.00540953
0.00542889
0.00550162
0.00537124
0.00570085
0.00561043
0.00546688
0.00552709
0.00549761
0.0055121
0.00559856
0.00573395
0.00540903
0.00562269
0.00560297
0.00542601
0.00553758
0.00563613
0.00570808
0.00559918
0.0054772
0.00541355
0.00564107
0.0057215
0.00558351
0.00566887
0.00540781
0.00540696
0.00540099
0.00549387
0.00564054
0.00557734
0.00543467
0.00557155
0.00565351
0.00560696
0.00555363
0.005592
0.00559744
0.00562728
0.00565051
0.00557285
0.00554486
0.00549225
0.00564207
0.00551529
0.00551286
0.00554778
0.00542919
0.00568416
0.00565916
0.00554426
0.00555227
0.00573172
0.00560013
0.00543052
0.00560457
0.00556756
0.00547631
0.00568391
0.00569079
0.00558088
0.00554996
0.0056184
0.00557399
0.00558679
0.00551967
0.00548453
0.00562494
0.00549381
0.00548462
0.00551295
0.00536457
0.00565454
0.00560461
0.0055161
0.00533524
0.00557696
0.00529472
0.00550148
0.00555671
0.00546163
0.0054267
0.00556978
0.00568751
0.00554934
0.00547234
0.00558
0.00547394
0.00552371
0.00568878
0.00540261
0.00558747
0.00556886
0.00540292
0.00545885
0.00544302
0.00557551
0.00561083
0.0052262
0.00557865
0.00570255
0.00536348
0.00558655
0.00545649
0.00551408
0.00549068
0.00543931
0.00544241
0.00554674
0.00553604
0.00543399
0.00571384
0.00562009
0.00560041
0.00562798
0.00449495
