0.2
0.00289729
0.00289385
0.00296862
0.00291493
0.00285598
0.00293784
0.00289743
0.00279144
0.00282729
0.00292803
0.0029099
0.00285183
0.00286587
0.00292125
0.00289061
0.00290569
0.00287071
0.00290974
0.00288519
0.0027959
0.00290324
0.00285526
0.00285699
0.00283506
0.00289955
0.0029164
0.00286469
0.00291136
0.00292579
0.00283772
0.00290869
0.00287576
0.0028928
0.00283273
0.00292223
0.00290034
0.00288594
0.00282826
0.00292296
0.00284498
0.00288758
0.00287395
0.00285204
0.00287669
0.00282127
0.0028561
0.00290362
0.00288279
0.00290441
0.00283547
0.00288526
0.00289217
0.00291486
0.00284172
0.002868
0.00287678
0.00281467
0.00283082
0.00282272
0.00280815
0.00280132
0.00283376
0.00294697
0.00286558
0.00286211
0.00281329
0.00288196
0.0027921
0.00286817
0.00288597
0.00290051
0.00289243
0.00291949
0.00291268
0.00288859
0.00285507
0.00284673
0.00275763
0.00284743
0.00292241
0.00282762
0.00282982
0.00285685
0.00289474
0.00291307
0.00283419
0.00289111
0.00284262
0.00279708
0.00284236
0.00289544
0.00278732
0.00280725
0.00282437
0.00289815
0.00290317
0.00281831
0.00289834
0.00285916
0.00290949
0.00278958
0.00285165
0.00282557
0.00286336
0.00287862
0.00288381
0.00292444
0.00288758
0.00283089
0.00286323
0.00286481
0.00287426
0.00288891
0.00291471
0.00281074
0.00288217
0.00285535
0.00277989
0.0029053
0.00289316
0.00282327
0.00291031
0.00285706
0.00286537
0.00284949
0.00286162
0.00287329
0.00288289
0.00283059
0.00287298
0.0029055
0.00290961
0.00284115
0.00287284
0.0028932
0.00291644
0.00283879
0.00279135
0.0029207
0.00285817
0.00297415
0.00289188
0.002864
0.00285063
0.0027928
0.0028388
0.00288048
0.00282508
0.00280482
0.00289543
0.00284654
0.00289442
0.00279278
0.00288515
0.0029004
0.00284226
0.00286472
0.00286934
0.0028855
0.00286522
0.00286395
0.00291131
0.00287734
0.00283073
0.0028459
0.00293644
0.00287388
0.00290429
0.0029112
0.00284636
0.00288335
0.00278471
0.0028455
0.00285307
0.00282749
0.00286112
0.00280991
0.00281884
0.00285588
0.00292093
0.00283626
0.00285681
0.00288372
0.00287793
0.00285719
0.00280435
0.00278646
0.0027875
0.00288871
0.00281287
0.00289346
0.00285533
0.00280006
0.00285103
0.0028814
0.00287884
0.00279327
0.00288797
0.00286854
0.00285228
0.00287534
0.00282455
0.00283599
0.00292364
0.00284736
0.00282471
0.00284244
0.00282338
0.00289323
0.00288799
0.00280772
0.00280222
0.00282554
0.0028189
0.00286764
0.00282281
0.00282356
0.00287796
0.00280197
0.00282943
0.00291123
0.00286029
0.00283907
0.00281342
0.00281817
0.00286019
0.00280938
0.00288303
0.00285679
0.00278879
0.00283632
0.00291211
0.00278612
0.00288875
0.00283998
0.00288101
0.00289201
0.00284024
0.00286437
0.00286712
0.00288507
0.002882
0.00283855
0.00292896
0.00288944
0.00291993
0.00278561
0.00284358
0.00287788
0.00286581
0.00289667
0.00282032
0.00284873
0.00292124
0.00288899
0.00291491
0.0028573
0.00284945
0.00279818
0.00277179
0.00283088
0.00285577
0.00286363
0.00290829
0.0028142
0.00280289
0.00285428
0.00281
0.00282214
0.00286201
0.00278926
0.00292136
0.00279205
0.00280997
0.00288187
0.00286241
0.00290375
0.00285321
0.00284567
0.00285957
0.00289723
0.00277514
0.00282782
0.0029339
0.00282982
0.00282377
0.00283153
0.00288086
0.0029122
0.00281927
0.0028112
0.00282109
0.00280619
0.00284482
0.00279487
0.0028242
0.00285786
0.00282832
0.00284079
0.00278432
0.00284115
0.0029061
0.00280595
0.00283279
0.00280637
0.0028445
0.00289559
0.0028135
0.00282319
0.00280904
0.00282852
0.00287972
0.00285393
0.00286466
0.00280712
0.00289272
0.00283906
0.00282348
0.0028488
0.00285457
0.0028483
0.00283677
0.0027975
0.00283643
0.00283368
0.00285028
0.00284026
0.00285411
0.0028778
0.00283261
0.0029151
0.00290914
0.0028128
0.00287744
0.00289514
0.00285005
0.00282211
0.00285043
0.00285203
0.00289328
0.00282727
0.00285288
0.00284256
0.00287735
0.00284992
0.00287216
0.00289157
0.00285006
0.00285508
0.00231051
