0.2
0.00225314
0.00222562
0.00220056
0.00226542
0.00222737
0.00224309
0.00223702
0.00223264
0.00223246
0.00225697
0.00217928
0.00223306
0.00225982
0.00221888
0.00221785
0.00227433
0.00224958
0.00217939
0.00225253
0.00217457
0.00221882
0.00220167
0.00223676
0.00220749
0.00222424
0.0022601
0.00228728
0.00222103
0.0022621
0.00226176
0.00227411
0.00219121
0.00219813
0.00225732
0.00219396
0.0022811
0.00219582
0.00227698
0.00227797
0.00224448
0.00222396
0.00219639
0.00218951
0.00228216
0.00224773
0.00219279
0.00225873
0.00220968
0.00223306
0.00223596
0.00224427
0.00223598
0.00223273
0.00222085
0.00222189
0.00224034
0.00221418
0.00220517
0.00224381
0.00225746
0.00221746
0.00229282
0.00222738
0.0022519
0.00227327
0.00224118
0.00224691
0.00222303
0.00227623
0.00225211
0.00226444
0.00227488
0.0022213
0.00219332
0.00227562
0.00226683
0.0022743
0.00219433
0.00224779
0.00227641
0.00221249
0.00223108
0.00222663
0.00223833
0.00222845
0.00221451
0.00222852
0.00228275
0.0021935
0.00217318
0.00222009
0.00224527
0.00219825
0.00226578
0.00223509
0.00227537
0.00223698
0.0022546
0.00223792
0.00225598
0.00224043
0.0022308
0.00221863
0.0022291
0.0022395
0.00217011
0.00220084
0.00222657
0.00220924
0.00221726
0.00221631
0.00218942
0.00224604
0.00222923
0.00222521
0.00228223
0.0022473
0.00227885
0.00221174
0.00227436
0.00226382
0.00221261
0.00221323
0.00222773
0.00221973
0.0022907
0.00221004
0.0022745
0.00225923
0.00225523
0.00223472
0.0022427
0.00227133
0.00221691
0.00227348
0.0022274
0.00224001
0.00220656
0.00219436
0.00224501
0.00222177
0.00217765
0.00227064
0.00220686
0.0022355
0.00219814
0.00221404
0.00221785
0.00222001
0.00225426
0.00221027
0.00222031
0.00226437
0.00221892
0.0022178
0.00222306
0.00229509
0.00223593
0.00219552
0.00223685
0.00218371
0.00224581
0.00227594
0.00225588
0.00221429
0.00217433
0.00226008
0.00222212
0.00220807
0.00217859
0.00218966
0.0022164
0.00223571
0.00224039
0.00223055
0.00225109
0.00222834
0.00222672
0.0021818
0.00221481
0.00221687
0.0022107
0.00223508
0.00228856
0.00221599
0.00222073
0.00225654
0.00224843
0.00219961
0.0022397
0.00218496
0.00216752
0.00222692
0.00220829
0.00223346
0.00223377
0.00219745
0.00220476
0.00220978
0.00225857
0.00224252
0.00218542
0.00222564
0.00225836
0.00224718
0.0022711
0.00219828
0.00219188
0.0022428
0.00227388
0.00223083
0.00220081
0.00219201
0.00224308
0.00223649
0.0022376
0.00225602
0.00221833
0.00220346
0.00222848
0.00216693
0.00222409
0.00223284
0.00225741
0.00219978
0.00221088
0.00221618
0.00225979
0.00217696
0.00221629
0.00224486
0.00221862
0.00223826
0.00220198
0.00220142
0.00219451
0.00217317
0.00219653
0.00224064
0.00222672
0.00225047
0.00221286
0.0022425
0.00220193
0.00219866
0.00223354
0.00219793
0.00222824
0.00218826
0.0022272
0.00218874
0.00220428
0.00222079
0.00219929
0.00225424
0.00222195
0.00219777
0.00225847
0.00219085
0.00220064
0.00222256
0.00218737
0.00226838
0.00216029
0.00218518
0.00220541
0.00220972
0.00227827
0.00218189
0.00223679
0.0022025
0.00218799
0.00219492
0.00220509
0.00220233
0.00226893
0.00221098
0.00221225
0.00219118
0.00224145
0.00221975
0.00218175
0.00220676
0.00223689
0.00227425
0.00221386
0.00221305
0.00220482
0.00224114
0.00220208
0.00220945
0.00222388
0.00222875
0.00217888
0.00222595
0.00225518
0.00220814
0.00224257
0.00217565
0.00217342
0.00221618
0.00220388
0.0022466
0.00222306
0.00217848
0.00225362
0.00222117
0.00225522
0.00218563
0.00226095
0.00223364
0.00221898
0.00223344
0.00221416
0.00221937
0.00220606
0.00222243
0.00222333
0.00219919
0.00224115
0.00221708
0.00222734
0.00222211
0.00221525
0.00220361
0.00222383
0.0022298
0.00215961
0.00226328
0.00219115
0.00222165
0.00221557
0.00224128
0.00224823
0.00226809
0.00226212
0.00222785
0.00220042
0.00219981
0.00221797
0.00224422
0.00218545
0.00224737
0.00225879
0.00218385
0.00217568
0.00220849
0.00221695
0.00223524
0.00219578
0.00221203
0.0022736
0.00217855
0.00214516
0.00221057
0.0021901
0.00220565
0.00217785
0.00222132
0.00213611
0.00221253
0.00224462
0.00224644
0.00224038
0.00219976
0.00225929
0.0022064
0.00220534
0.00224654
0.00219669
0.00221725
0.00221177
0.00220476
0.00223935
0.00219879
0.00220774
0.00225745
0.00219457
0.00219404
0.00221086
0.00222139
0.00220161
0.0021722
0.00219352
0.00220245
0.00220097
0.00222352
0.00222005
0.00221757
0.00220356
0.00218688
0.00226291
0.0021895
0.00221176
0.00220139
0.00220734
0.00219176
0.0021961
0.00219008
0.00221797
0.00222604
0.00219699
0.00222669
0.00219063
0.00223999
0.00217979
0.00217555
0.00221431
0.00226247
0.00221329
0.00223173
0.00226851
0.00223345
0.00221933
0.00219005
0.00223472
0.0022336
0.00221971
0.00222131
0.00222366
0.00220114
0.00217976
0.00225798
0.00224752
0.00219693
0.002222
0.00222368
0.00218217
0.00220148
0.00218428
0.00221551
0.00221153
0.00217721
0.00222319
0.00220092
0.00222095
0.00222485
0.0022311
0.00219707
0.00222198
0.00223927
0.00221647
0.00220666
0.00220275
0.0022432
0.00219233
0.00217373
0.00218432
0.00221032
0.00180698
