0.2
0.00343488
0.00349623
0.00352417
0.00349568
0.00355613
0.0034877
0.00343211
0.00352536
0.00343885
0.00346707
0.00348757
0.00346643
0.00348179
0.00349208
0.00350508
0.00351969
0.00351234
0.00351969
0.00340654
0.00348468
0.00347811
0.00350256
0.00348876
0.00349639
0.00351862
0.00349014
0.00353075
0.00352492
0.00345617
0.00352794
0.00350928
0.00343938
0.0034613
0.00343727
0.00341833
0.00353735
0.00352942
0.00339767
0.00344053
0.00348902
0.00349069
0.00336125
0.00342547
0.00347675
0.00343646
0.0035806
0.0034824
0.00347775
0.00339257
0.00354566
0.00351782
0.00336667
0.00350984
0.00346561
0.00342197
0.00342239
0.00339123
0.00351931
0.00343106
0.00344303
0.00351942
0.00348981
0.0033797
0.0033347
0.00347319
0.00343451
0.00345019
0.0034552
0.00334193
0.00345967
0.00343305
0.00345146
0.00346565
0.00339044
0.00351565
0.00345192
0.00351837
0.00352425
0.00346733
0.00343855
0.00351717
0.00343371
0.00343703
0.0034631
0.00337561
0.00357158
0.00343931
0.00343468
0.00343404
0.00346384
0.00346679
0.00342842
0.00341985
0.00345434
0.00352826
0.00345336
0.00357459
0.00351356
0.00347793
0.00355683
0.00352493
0.00343367
0.00343027
0.00343321
0.00347117
0.00340602
0.00347546
0.00349806
0.003481
0.00344177
0.0033516
0.00343054
0.00351733
0.00342
0.00350707
0.00347794
0.00343541
0.00342308
0.00342876
0.00341968
0.00341444
0.00342149
0.0035264
0.00338965
0.00346036
0.00342399
0.00347445
0.00342418
0.00345072
0.00345782
0.00344041
0.00336269
0.00343322
0.0034858
0.00339159
0.00342077
0.00349022
0.00348848
0.00349479
0.00350132
0.00335433
0.00338515
0.00344083
0.00352383
0.00348271
0.00342092
0.00343729
0.00341779
0.00340669
0.0034005
0.00341625
0.00347153
0.00345489
0.00342573
0.00338205
0.0035245
0.00341854
0.00352542
0.00341119
0.00353564
0.00341011
0.00345821
0.00343991
0.00338889
0.00345133
0.0033672
0.00346324
0.00346894
0.00344786
0.00343223
0.00343571
0.00338021
0.0033775
0.00343642
0.00348677
0.00349518
0.00341283
0.00343908
0.00337121
0.00343688
0.00342006
0.00346225
0.00343695
0.00350968
0.00346655
0.00339103
0.00343803
0.00340376
0.00347573
0.00340814
0.00358224
0.00342219
0.00349379
0.00341317
0.00341089
0.00350137
0.00346344
0.00341949
0.00340341
0.00347427
0.00349174
0.00341828
0.00337482
0.00347572
0.00349145
0.00353647
0.00341092
0.0035294
0.00342401
0.00347916
0.00340121
0.00341571
0.00345
0.00346643
0.00340576
0.0034663
0.00345324
0.00342522
0.00337827
0.00338993
0.00347086
0.00345814
0.00349407
0.00350011
0.00352088
0.00342738
0.00347443
0.00342104
0.00346649
0.0034807
0.00345021
0.00336227
0.00352234
0.00351531
0.00341622
0.00336429
0.0034285
0.00346659
0.00334341
0.00343598
0.00341084
0.00336337
0.00347946
0.00336512
0.00344864
0.00342277
0.00346133
0.0034822
0.00340699
0.00333744
0.00345071
0.0034053
0.00336784
0.00342897
0.00353408
0.00337251
0.00339149
0.00347772
0.00350138
0.00346898
0.00343943
0.00340942
0.00341378
0.00345388
0.00343248
0.00339014
0.00345897
0.00341763
0.00346174
0.00346113
0.00342743
0.00339193
0.0034557
0.00349612
0.00339123
0.00337065
0.00346443
0.00331729
0.0033844
0.00340384
0.00339031
0.00340579
0.00340678
0.00340536
0.00346984
0.00344986
0.00344645
0.0034751
0.00344214
0.00278916
