0.2
0.00329259
0.00323375
0.00322571
0.00324635
0.00321296
0.00322888
0.00320886
0.00334607
0.00322285
0.00324227
0.00327691
0.00327059
0.00326638
0.00330897
0.00329746
0.00327667
0.0032654
0.00316098
0.00324641
0.00327243
0.00327714
0.00318287
0.00320561
0.00330962
0.00317276
0.00328218
0.00325797
0.00336633
0.0032765
0.00321422
0.00321871
0.00325478
0.00313551
0.00320176
0.00328594
0.00327291
0.00319822
0.00323673
0.00332538
0.00322039
0.0033084
0.00324892
0.00324759
0.00327178
0.00322693
0.00322815
0.00326263
0.00326089
0.00322938
0.00327881
0.00328703
0.00323921
0.00320993
0.00327467
0.00317752
0.00327377
0.00323097
0.00322948
0.00325324
0.00328746
0.00325705
0.00315959
0.00317838
0.00330814
0.00322384
0.00318689
0.00321455
0.00324445
0.00325928
0.00320471
0.00326276
0.00329887
0.0032747
0.00321914
0.00326826
0.00324098
0.00327797
0.00325562
0.00334382
0.00324761
0.00326052
0.00328272
0.00321889
0.00320319
0.00318766
0.00321086
0.00319459
0.00317228
0.00325777
0.00323421
0.00325331
0.00317857
0.00324075
0.00325055
0.00324541
0.00309797
0.00325076
0.00329412
0.00325868
0.00328183
0.0032684
0.00326606
0.00320845
0.00315502
0.00319318
0.00332197
0.00319602
0.00316964
0.00319859
0.00330335
0.00323713
0.00318611
0.00326844
0.00324546
0.00319248
0.00326269
0.0031691
0.00323613
0.00330724
0.00325055
0.00328355
0.00324573
0.00325825
0.00329215
0.00322581
0.00321014
0.0032664
0.00321338
0.00322135
0.00317992
0.0032204
0.00331661
0.00324181
0.00322991
0.00320807
0.0032324
0.00321896
0.00326906
0.0031631
0.00333193
0.00317063
0.00317331
0.00329237
0.00318531
0.0031577
0.00326759
0.00324537
0.00313542
0.00317408
0.00317541
0.00320494
0.00326131
0.00321479
0.00323669
0.00325843
0.0032196
0.00320866
0.00314826
0.00313893
0.00321514
0.0031804
0.00326643
0.00324331
0.0032374
0.00320202
0.00327046
0.00321338
0.00321265
0.00319824
0.0031314
0.00321898
0.00315319
0.00322781
0.00325061
0.00324081
0.0031842
0.00323243
0.00321629
0.0032531
0.00323613
0.00321323
0.00319092
0.00323473
0.00322531
0.00323531
0.00315823
0.00327243
0.00322229
0.00317468
0.00320204
0.00321379
0.00320205
0.00325075
0.00323995
0.00321879
0.00325711
0.00319634
0.00321245
0.00321858
0.00325511
0.00321752
0.00321259
0.0031427
0.00323642
0.00325224
0.00322914
0.00324052
0.00316
0.00317333
0.00320286
0.00323202
0.00323193
0.003217
0.00320971
0.00318273
0.00318459
0.00324155
0.00315065
0.0031132
0.0031975
0.00320762
0.0033144
0.00317374
0.00320753
0.00318926
0.00319221
0.00323817
0.00324097
0.00319422
0.00321905
0.0032703
0.00325428
0.00317286
0.00317181
0.00325669
0.00328584
0.00318301
0.00329588
0.00320139
0.00318476
0.00323132
0.00323587
0.00313666
0.00326846
0.00315409
0.00328465
0.00325319
0.00322643
0.00322639
0.00323484
0.003286
0.00325089
0.00322834
0.00318349
0.00320505
0.00318453
0.00326743
0.00320291
0.00318851
0.00327344
0.00322254
0.00317957
0.00317869
0.00320578
0.00308053
0.00318178
0.00328496
0.00321229
0.00327582
0.0031984
0.00334873
0.00320371
0.0032315
0.00316973
0.00315456
0.0031531
0.00322361
0.0031935
0.00316624
0.00329199
0.00315554
0.00327444
0.00318365
0.00321021
0.0032218
0.0032573
0.00325834
0.00316416
0.00320394
0.0032281
0.00327183
0.00313733
0.00320845
0.00331455
0.00323482
0.00317896
0.00316422
0.00322203
0.00322453
0.0032105
0.0032513
0.00313257
0.00321044
0.00328231
0.0032413
0.003213
0.00329922
0.00324157
0.00319475
0.00260889
